# zsim stats
===
root: # Stats
 contention: # Contention simulation stats
  domain-0: # Domain stats
   time: 50350220 # Weave simulation time
 time: # Simulator time breakdown
  init: 799290520
  bound: 43518092651
  weave: 58045863
  ff: 1137555157
 trigger: 20000 # Reason for this stats dump
 phase: 857 # Simulated phases
 l: # Logic unit stats
  l-0: # Logic unit stats
   cycles: 8547589 # Simulated unhalted cycles
   cCycles: 3738884 # Cycles due to contention stalls
   ops: 282880 # Simulated operations
   compOps: 256 # Simulated compute operations
  l-1: # Logic unit stats
   cycles: 8560271 # Simulated unhalted cycles
   cCycles: 3751535 # Cycles due to contention stalls
   ops: 282880 # Simulated operations
   compOps: 256 # Simulated compute operations
  l-2: # Logic unit stats
   cycles: 8561063 # Simulated unhalted cycles
   cCycles: 3752327 # Cycles due to contention stalls
   ops: 282880 # Simulated operations
   compOps: 256 # Simulated compute operations
  l-3: # Logic unit stats
   cycles: 8542745 # Simulated unhalted cycles
   cCycles: 3734040 # Cycles due to contention stalls
   ops: 282880 # Simulated operations
   compOps: 256 # Simulated compute operations
 c: # Core stats
  c-0: # Core stats
   cycles: 0 # Simulated cycles
   instrs: 0 # Simulated instructions
 rdbuf: # Cache stats
  rdbuf-0: # Filter cache stats
   fhGETS: 0 # Filtered GETS hits
   fhGETX: 0 # Filtered GETX hits
   hGETS: 0 # GETS hits
   hGETX: 0 # GETX hits
   mGETS: 276480 # GETS misses
   mGETXIM: 0 # GETX I->M misses
   mGETXSM: 0 # GETX S->M misses (upgrade misses)
   PUTS: 0 # Clean evictions (from lower level)
   PUTX: 0 # Dirty evictions (from lower level)
   INV: 2 # Invalidates (from upper level)
   INVX: 334 # Downgrades (from upper level)
   FWD: 0 # Forwards (from upper level)
   latGETnl: 1444095 # GET request latency on next level
   latGETnet: 0 # GET request latency on network to next level
  rdbuf-1: # Filter cache stats
   fhGETS: 0 # Filtered GETS hits
   fhGETX: 0 # Filtered GETX hits
   hGETS: 0 # GETS hits
   hGETX: 0 # GETX hits
   mGETS: 280576 # GETS misses
   mGETXIM: 0 # GETX I->M misses
   mGETXSM: 0 # GETX S->M misses (upgrade misses)
   PUTS: 0 # Clean evictions (from lower level)
   PUTX: 0 # Dirty evictions (from lower level)
   INV: 2 # Invalidates (from upper level)
   INVX: 185 # Downgrades (from upper level)
   FWD: 0 # Forwards (from upper level)
   latGETnl: 1049345 # GET request latency on next level
   latGETnet: 0 # GET request latency on network to next level
  rdbuf-2: # Filter cache stats
   fhGETS: 0 # Filtered GETS hits
   fhGETX: 0 # Filtered GETX hits
   hGETS: 0 # GETS hits
   hGETX: 0 # GETX hits
   mGETS: 276480 # GETS misses
   mGETXIM: 0 # GETX I->M misses
   mGETXSM: 0 # GETX S->M misses (upgrade misses)
   PUTS: 0 # Clean evictions (from lower level)
   PUTX: 0 # Dirty evictions (from lower level)
   INV: 2 # Invalidates (from upper level)
   INVX: 153 # Downgrades (from upper level)
   FWD: 0 # Forwards (from upper level)
   latGETnl: 911887 # GET request latency on next level
   latGETnet: 0 # GET request latency on network to next level
  rdbuf-3: # Filter cache stats
   fhGETS: 0 # Filtered GETS hits
   fhGETX: 0 # Filtered GETX hits
   hGETS: 0 # GETS hits
   hGETX: 0 # GETX hits
   mGETS: 279552 # GETS misses
   mGETXIM: 0 # GETX I->M misses
   mGETXSM: 0 # GETX S->M misses (upgrade misses)
   PUTS: 0 # Clean evictions (from lower level)
   PUTX: 0 # Dirty evictions (from lower level)
   INV: 2 # Invalidates (from upper level)
   INVX: 135 # Downgrades (from upper level)
   FWD: 0 # Forwards (from upper level)
   latGETnl: 1580529 # GET request latency on next level
   latGETnet: 0 # GET request latency on network to next level
 wrbuf: # Cache stats
  wrbuf-0: # Filter cache stats
   fhGETS: 0 # Filtered GETS hits
   fhGETX: 0 # Filtered GETX hits
   hGETS: 0 # GETS hits
   hGETX: 0 # GETX hits
   mGETS: 0 # GETS misses
   mGETXIM: 57344 # GETX I->M misses
   mGETXSM: 0 # GETX S->M misses (upgrade misses)
   PUTS: 0 # Clean evictions (from lower level)
   PUTX: 0 # Dirty evictions (from lower level)
   INV: 44 # Invalidates (from upper level)
   INVX: 0 # Downgrades (from upper level)
   FWD: 0 # Forwards (from upper level)
   latGETnl: 1822825 # GET request latency on next level
   latGETnet: 0 # GET request latency on network to next level
  wrbuf-1: # Filter cache stats
   fhGETS: 0 # Filtered GETS hits
   fhGETX: 0 # Filtered GETX hits
   hGETS: 0 # GETS hits
   hGETX: 0 # GETX hits
   mGETS: 0 # GETS misses
   mGETXIM: 73728 # GETX I->M misses
   mGETXSM: 0 # GETX S->M misses (upgrade misses)
   PUTS: 0 # Clean evictions (from lower level)
   PUTX: 0 # Dirty evictions (from lower level)
   INV: 16 # Invalidates (from upper level)
   INVX: 0 # Downgrades (from upper level)
   FWD: 0 # Forwards (from upper level)
   latGETnl: 1860103 # GET request latency on next level
   latGETnet: 0 # GET request latency on network to next level
  wrbuf-2: # Filter cache stats
   fhGETS: 0 # Filtered GETS hits
   fhGETX: 0 # Filtered GETX hits
   hGETS: 0 # GETS hits
   hGETX: 0 # GETX hits
   mGETS: 0 # GETS misses
   mGETXIM: 57344 # GETX I->M misses
   mGETXSM: 0 # GETX S->M misses (upgrade misses)
   PUTS: 0 # Clean evictions (from lower level)
   PUTX: 0 # Dirty evictions (from lower level)
   INV: 11 # Invalidates (from upper level)
   INVX: 0 # Downgrades (from upper level)
   FWD: 0 # Forwards (from upper level)
   latGETnl: 1572593 # GET request latency on next level
   latGETnet: 0 # GET request latency on network to next level
  wrbuf-3: # Filter cache stats
   fhGETS: 0 # Filtered GETS hits
   fhGETX: 0 # Filtered GETX hits
   hGETS: 0 # GETS hits
   hGETX: 0 # GETX hits
   mGETS: 0 # GETS misses
   mGETXIM: 69632 # GETX I->M misses
   mGETXSM: 0 # GETX S->M misses (upgrade misses)
   PUTS: 0 # Clean evictions (from lower level)
   PUTX: 0 # Dirty evictions (from lower level)
   INV: 6 # Invalidates (from upper level)
   INVX: 0 # Downgrades (from upper level)
   FWD: 0 # Forwards (from upper level)
   latGETnl: 2106239 # GET request latency on next level
   latGETnet: 0 # GET request latency on network to next level
 gbuf: # Cache stats
  gbuf-0b0: # Cache stats
   hGETS: 121728 # GETS hits
   hGETX: 3616 # GETX hits
   mGETS: 17408 # GETS misses
   mGETXIM: 28640 # GETX I->M misses
   mGETXSM: 0 # GETX S->M misses (upgrade misses)
   PUTS: 139134 # Clean evictions (from lower level)
   PUTX: 32250 # Dirty evictions (from lower level)
   INV: 0 # Invalidates (from upper level)
   INVX: 0 # Downgrades (from upper level)
   FWD: 0 # Forwards (from upper level)
   latGETnl: 1427488 # GET request latency on next level
   latGETnet: 0 # GET request latency on network to next level
  gbuf-0b1: # Cache stats
   hGETS: 123776 # GETS hits
   hGETX: 3608 # GETX hits
   mGETS: 15360 # GETS misses
   mGETXIM: 28647 # GETX I->M misses
   mGETXSM: 0 # GETX S->M misses (upgrade misses)
   PUTS: 139135 # Clean evictions (from lower level)
   PUTX: 32245 # Dirty evictions (from lower level)
   INV: 0 # Invalidates (from upper level)
   INVX: 0 # Downgrades (from upper level)
   FWD: 0 # Forwards (from upper level)
   latGETnl: 1364217 # GET request latency on next level
   latGETnet: 0 # GET request latency on network to next level
  gbuf-0b2: # Cache stats
   hGETS: 123776 # GETS hits
   hGETX: 3615 # GETX hits
   mGETS: 15360 # GETS misses
   mGETXIM: 28641 # GETX I->M misses
   mGETXSM: 0 # GETX S->M misses (upgrade misses)
   PUTS: 139134 # Clean evictions (from lower level)
   PUTX: 32243 # Dirty evictions (from lower level)
   INV: 0 # Invalidates (from upper level)
   INVX: 0 # Downgrades (from upper level)
   FWD: 0 # Forwards (from upper level)
   latGETnl: 1364031 # GET request latency on next level
   latGETnet: 0 # GET request latency on network to next level
  gbuf-0b3: # Cache stats
   hGETS: 123776 # GETS hits
   hGETX: 3609 # GETX hits
   mGETS: 15360 # GETS misses
   mGETXIM: 28648 # GETX I->M misses
   mGETXSM: 0 # GETX S->M misses (upgrade misses)
   PUTS: 139136 # Clean evictions (from lower level)
   PUTX: 32246 # Dirty evictions (from lower level)
   INV: 0 # Invalidates (from upper level)
   INVX: 0 # Downgrades (from upper level)
   FWD: 0 # Forwards (from upper level)
   latGETnl: 1364248 # GET request latency on next level
   latGETnet: 0 # GET request latency on network to next level
  gbuf-0b4: # Cache stats
   hGETS: 123776 # GETS hits
   hGETX: 3616 # GETX hits
   mGETS: 15360 # GETS misses
   mGETXIM: 28640 # GETX I->M misses
   mGETXSM: 0 # GETX S->M misses (upgrade misses)
   PUTS: 139133 # Clean evictions (from lower level)
   PUTX: 32249 # Dirty evictions (from lower level)
   INV: 0 # Invalidates (from upper level)
   INVX: 0 # Downgrades (from upper level)
   FWD: 0 # Forwards (from upper level)
   latGETnl: 1364000 # GET request latency on next level
   latGETnet: 0 # GET request latency on network to next level
  gbuf-0b5: # Cache stats
   hGETS: 123776 # GETS hits
   hGETX: 3607 # GETX hits
   mGETS: 15360 # GETS misses
   mGETXIM: 28648 # GETX I->M misses
   mGETXSM: 0 # GETX S->M misses (upgrade misses)
   PUTS: 139136 # Clean evictions (from lower level)
   PUTX: 32247 # Dirty evictions (from lower level)
   INV: 0 # Invalidates (from upper level)
   INVX: 0 # Downgrades (from upper level)
   FWD: 0 # Forwards (from upper level)
   latGETnl: 1364248 # GET request latency on next level
   latGETnet: 0 # GET request latency on network to next level
  gbuf-0b6: # Cache stats
   hGETS: 123776 # GETS hits
   hGETX: 3617 # GETX hits
   mGETS: 15360 # GETS misses
   mGETXIM: 28639 # GETX I->M misses
   mGETXSM: 0 # GETX S->M misses (upgrade misses)
   PUTS: 139133 # Clean evictions (from lower level)
   PUTX: 32246 # Dirty evictions (from lower level)
   INV: 0 # Invalidates (from upper level)
   INVX: 0 # Downgrades (from upper level)
   FWD: 0 # Forwards (from upper level)
   latGETnl: 1363969 # GET request latency on next level
   latGETnet: 0 # GET request latency on network to next level
  gbuf-0b7: # Cache stats
   hGETS: 123776 # GETS hits
   hGETX: 3608 # GETX hits
   mGETS: 15360 # GETS misses
   mGETXIM: 28649 # GETX I->M misses
   mGETXSM: 0 # GETX S->M misses (upgrade misses)
   PUTS: 139135 # Clean evictions (from lower level)
   PUTX: 32243 # Dirty evictions (from lower level)
   INV: 0 # Invalidates (from upper level)
   INVX: 0 # Downgrades (from upper level)
   FWD: 0 # Forwards (from upper level)
   latGETnl: 1364279 # GET request latency on next level
   latGETnet: 0 # GET request latency on network to next level
 mem: # Memory controller stats
  mem-0: # Memory channel stats
   rd: 354080 # Read requests
   wr: 215176 # Write requests
   rdlat: 138228865954 # Total latency experienced by read requests
   wrlat: 73154602368 # Total latency experienced by write requests
   rdmlh: # Latency histogram for read requests
    0: 0
    1: 0
    2: 0
    3: 0
    4: 0
    5: 642
    6: 489
    7: 517
    8: 254
    9: 358
    10: 142
    11: 165
    12: 650
    13: 388
    14: 375
    15: 58
    16: 71
    17: 451
    18: 478
    19: 408
    20: 62
    21: 75
    22: 185
    23: 370
    24: 533
    25: 137
    26: 102
    27: 25
    28: 132
    29: 161
    30: 253
    31: 129
    32: 36
    33: 16
    34: 29
    35: 233
    36: 255
    37: 145
    38: 53
    39: 28
    40: 224
    41: 252
    42: 141
    43: 139
    44: 60
    45: 77
    46: 147
    47: 243
    48: 716
    49: 456
    50: 488
    51: 400
    52: 377
    53: 418
    54: 472
    55: 378
    56: 451
    57: 407
    58: 469
    59: 501
    60: 448
    61: 440
    62: 429
    63: 450
    64: 369
    65: 390
    66: 468
    67: 455
    68: 409
    69: 426
    70: 456
    71: 446
    72: 462
    73: 434
    74: 496
    75: 454
    76: 415
    77: 487
    78: 524
    79: 534
    80: 552
    81: 511
    82: 558
    83: 534
    84: 473
    85: 538
    86: 502
    87: 460
    88: 467
    89: 450
    90: 443
    91: 455
    92: 503
    93: 428
    94: 368
    95: 342
    96: 340
    97: 366
    98: 329
    99: 321248
   wrmlh: # Latency histogram for write requests
    0: 0
    1: 0
    2: 0
    3: 0
    4: 0
    5: 262
    6: 420
    7: 825
    8: 503
    9: 819
    10: 575
    11: 708
    12: 775
    13: 741
    14: 432
    15: 681
    16: 670
    17: 852
    18: 697
    19: 931
    20: 818
    21: 1126
    22: 709
    23: 871
    24: 718
    25: 1032
    26: 880
    27: 1111
    28: 915
    29: 1130
    30: 1003
    31: 1166
    32: 902
    33: 1134
    34: 1034
    35: 1381
    36: 1238
    37: 1271
    38: 1139
    39: 1299
    40: 1265
    41: 938
    42: 865
    43: 1000
    44: 1124
    45: 932
    46: 869
    47: 1040
    48: 1031
    49: 807
    50: 738
    51: 760
    52: 878
    53: 733
    54: 711
    55: 797
    56: 876
    57: 856
    58: 755
    59: 848
    60: 805
    61: 773
    62: 695
    63: 705
    64: 653
    65: 714
    66: 600
    67: 659
    68: 642
    69: 610
    70: 600
    71: 608
    72: 514
    73: 527
    74: 495
    75: 535
    76: 477
    77: 497
    78: 426
    79: 517
    80: 513
    81: 444
    82: 397
    83: 461
    84: 430
    85: 431
    86: 377
    87: 387
    88: 406
    89: 372
    90: 288
    91: 311
    92: 364
    93: 335
    94: 307
    95: 307
    96: 321
    97: 352
    98: 368
    99: 147362
   ACT: 569256 # Activate commands
   PRE: 582095 # Precharge commands
   RD: 354080 # Read commands
   WR: 215176 # Write commands
   REF: 4398 # Refresh commands
   eACTPRE: 172484568 # Activate/precharge energy
   eRDWR: 774457896 # Read/write energy
   eREF: 14632146 # Refresh energy
   eBKGD: 335251229 # Background energy
   eWIRE: 87096168 # Channel wire energy
 sched: # Scheduler stats
  thCr: 0 # Threads created
  thFn: 0 # Threads finished
  schedEvs: 0 # Schedule events
  waitEvs: 0 # Wait events
  handoffEvs: 0 # Handoff events
  sleepEvs: 0 # Sleep events
  idlePhases: 0 # Phases with no thread active
  idlePeriods: 0 # Periods with no thread active
  occHist: # Occupancy histogram
   0: 857
   1: 0
  rqSzHist: # Run queue size histogram
   0: 857
   1: 0
   2: 0
   3: 0
   4: 0
   5: 0
   6: 0
   7: 0
   8: 0
   9: 0
   10: 0
   11: 0
   12: 0
   13: 0
   14: 0
   15: 0
   16: 0
 procCycles: # Per-process unhalted core cycles
  0: 0
  1: 0
  2: 0
  3: 0
  4: 0
  5: 0
  6: 0
  7: 0
  8: 0
  9: 0
  10: 0
  11: 0
  12: 0
  13: 0
  14: 0
  15: 0
  16: 0
  17: 0
  18: 0
  19: 0
  20: 0
  21: 0
  22: 0
  23: 0
  24: 0
  25: 0
  26: 0
  27: 0
  28: 0
  29: 0
  30: 0
  31: 0
 procInstrs: # Per-process instructions
  0: 0
  1: 0
  2: 0
  3: 0
  4: 0
  5: 0
  6: 0
  7: 0
  8: 0
  9: 0
  10: 0
  11: 0
  12: 0
  13: 0
  14: 0
  15: 0
  16: 0
  17: 0
  18: 0
  19: 0
  20: 0
  21: 0
  22: 0
  23: 0
  24: 0
  25: 0
  26: 0
  27: 0
  28: 0
  29: 0
  30: 0
  31: 0
 heartbeats: # Per-process heartbeats
  0: 0
  1: 0
  2: 0
  3: 0
  4: 0
  5: 0
  6: 0
  7: 0
  8: 0
  9: 0
  10: 0
  11: 0
  12: 0
  13: 0
  14: 0
  15: 0
  16: 0
  17: 0
  18: 0
  19: 0
  20: 0
  21: 0
  22: 0
  23: 0
  24: 0
  25: 0
  26: 0
  27: 0
  28: 0
  29: 0
  30: 0
  31: 0
===
