# zsim stats
===
root: # Stats
 contention: # Contention simulation stats
  domain-0: # Domain stats
   time: 2156155283 # Weave simulation time
 time: # Simulator time breakdown
  init: 5957607395
  bound: 45141685475
  weave: 2195614208
  ff: 1202280342
 trigger: 20000 # Reason for this stats dump
 phase: 876 # Simulated phases
 l: # Logic unit stats
  l-0: # Logic unit stats
   cycles: 8758389 # Simulated unhalted cycles
   cCycles: 4931717 # Cycles due to contention stalls
   ops: 38700 # Simulated operations
   compOps: 64 # Simulated compute operations
 c: # Core stats
  c-0: # Core stats
   cycles: 0 # Simulated cycles
   instrs: 0 # Simulated instructions
 rdbuf: # Cache stats
  rdbuf-0: # Filter cache stats
   fhGETS: 9558 # Filtered GETS hits
   fhGETX: 0 # Filtered GETX hits
   hGETS: 0 # GETS hits
   hGETX: 0 # GETX hits
   mGETS: 201216 # GETS misses
   mGETXIM: 0 # GETX I->M misses
   mGETXSM: 0 # GETX S->M misses (upgrade misses)
   PUTS: 0 # Clean evictions (from lower level)
   PUTX: 0 # Dirty evictions (from lower level)
   INV: 0 # Invalidates (from upper level)
   INVX: 0 # Downgrades (from upper level)
   FWD: 0 # Forwards (from upper level)
   latGETnl: 6438912 # GET request latency on next level
   latGETnet: 0 # GET request latency on network to next level
 wrbuf: # Cache stats
  wrbuf-0: # Filter cache stats
   fhGETS: 0 # Filtered GETS hits
   fhGETX: 9728 # Filtered GETX hits
   hGETS: 0 # GETS hits
   hGETX: 0 # GETX hits
   mGETS: 0 # GETS misses
   mGETXIM: 200704 # GETX I->M misses
   mGETXSM: 0 # GETX S->M misses (upgrade misses)
   PUTS: 0 # Clean evictions (from lower level)
   PUTX: 0 # Dirty evictions (from lower level)
   INV: 1 # Invalidates (from upper level)
   INVX: 0 # Downgrades (from upper level)
   FWD: 0 # Forwards (from upper level)
   latGETnl: 6398224 # GET request latency on next level
   latGETnet: 0 # GET request latency on network to next level
 gbuf: # Cache stats
  gbuf-0b0: # Cache stats
   hGETS: 0 # GETS hits
   hGETX: 98 # GETX hits
   mGETS: 25152 # GETS misses
   mGETXIM: 24990 # GETX I->M misses
   mGETXSM: 0 # GETX S->M misses (upgrade misses)
   PUTS: 25152 # Clean evictions (from lower level)
   PUTX: 25088 # Dirty evictions (from lower level)
   INV: 0 # Invalidates (from upper level)
   INVX: 0 # Downgrades (from upper level)
   FWD: 0 # Forwards (from upper level)
   latGETnl: 1554402 # GET request latency on next level
   latGETnet: 0 # GET request latency on network to next level
  gbuf-0b1: # Cache stats
   hGETS: 0 # GETS hits
   hGETX: 98 # GETX hits
   mGETS: 25152 # GETS misses
   mGETXIM: 24990 # GETX I->M misses
   mGETXSM: 0 # GETX S->M misses (upgrade misses)
   PUTS: 25152 # Clean evictions (from lower level)
   PUTX: 25088 # Dirty evictions (from lower level)
   INV: 0 # Invalidates (from upper level)
   INVX: 0 # Downgrades (from upper level)
   FWD: 0 # Forwards (from upper level)
   latGETnl: 1554402 # GET request latency on next level
   latGETnet: 0 # GET request latency on network to next level
  gbuf-0b2: # Cache stats
   hGETS: 0 # GETS hits
   hGETX: 98 # GETX hits
   mGETS: 25152 # GETS misses
   mGETXIM: 24990 # GETX I->M misses
   mGETXSM: 0 # GETX S->M misses (upgrade misses)
   PUTS: 25152 # Clean evictions (from lower level)
   PUTX: 25088 # Dirty evictions (from lower level)
   INV: 0 # Invalidates (from upper level)
   INVX: 0 # Downgrades (from upper level)
   FWD: 0 # Forwards (from upper level)
   latGETnl: 1554402 # GET request latency on next level
   latGETnet: 0 # GET request latency on network to next level
  gbuf-0b3: # Cache stats
   hGETS: 0 # GETS hits
   hGETX: 98 # GETX hits
   mGETS: 25152 # GETS misses
   mGETXIM: 24990 # GETX I->M misses
   mGETXSM: 0 # GETX S->M misses (upgrade misses)
   PUTS: 25152 # Clean evictions (from lower level)
   PUTX: 25088 # Dirty evictions (from lower level)
   INV: 0 # Invalidates (from upper level)
   INVX: 0 # Downgrades (from upper level)
   FWD: 0 # Forwards (from upper level)
   latGETnl: 1554402 # GET request latency on next level
   latGETnet: 0 # GET request latency on network to next level
  gbuf-0b4: # Cache stats
   hGETS: 0 # GETS hits
   hGETX: 98 # GETX hits
   mGETS: 25152 # GETS misses
   mGETXIM: 24990 # GETX I->M misses
   mGETXSM: 0 # GETX S->M misses (upgrade misses)
   PUTS: 25152 # Clean evictions (from lower level)
   PUTX: 25087 # Dirty evictions (from lower level)
   INV: 0 # Invalidates (from upper level)
   INVX: 0 # Downgrades (from upper level)
   FWD: 0 # Forwards (from upper level)
   latGETnl: 1554402 # GET request latency on next level
   latGETnet: 0 # GET request latency on network to next level
  gbuf-0b5: # Cache stats
   hGETS: 0 # GETS hits
   hGETX: 98 # GETX hits
   mGETS: 25152 # GETS misses
   mGETXIM: 24990 # GETX I->M misses
   mGETXSM: 0 # GETX S->M misses (upgrade misses)
   PUTS: 25152 # Clean evictions (from lower level)
   PUTX: 25088 # Dirty evictions (from lower level)
   INV: 0 # Invalidates (from upper level)
   INVX: 0 # Downgrades (from upper level)
   FWD: 0 # Forwards (from upper level)
   latGETnl: 1554402 # GET request latency on next level
   latGETnet: 0 # GET request latency on network to next level
  gbuf-0b6: # Cache stats
   hGETS: 0 # GETS hits
   hGETX: 98 # GETX hits
   mGETS: 25152 # GETS misses
   mGETXIM: 24990 # GETX I->M misses
   mGETXSM: 0 # GETX S->M misses (upgrade misses)
   PUTS: 25152 # Clean evictions (from lower level)
   PUTX: 25087 # Dirty evictions (from lower level)
   INV: 0 # Invalidates (from upper level)
   INVX: 0 # Downgrades (from upper level)
   FWD: 0 # Forwards (from upper level)
   latGETnl: 1554402 # GET request latency on next level
   latGETnet: 0 # GET request latency on network to next level
  gbuf-0b7: # Cache stats
   hGETS: 0 # GETS hits
   hGETX: 98 # GETX hits
   mGETS: 25152 # GETS misses
   mGETXIM: 24990 # GETX I->M misses
   mGETXSM: 0 # GETX S->M misses (upgrade misses)
   PUTS: 25151 # Clean evictions (from lower level)
   PUTX: 25088 # Dirty evictions (from lower level)
   INV: 0 # Invalidates (from upper level)
   INVX: 0 # Downgrades (from upper level)
   FWD: 0 # Forwards (from upper level)
   latGETnl: 1554402 # GET request latency on next level
   latGETnet: 0 # GET request latency on network to next level
 mem: # Memory controller stats
  mem-0: # Memory channel stats
   rd: 401136 # Read requests
   wr: 182736 # Write requests
   rdlat: 105850470648 # Total latency experienced by read requests
   wrlat: 8389177158 # Total latency experienced by write requests
   rdmlh: # Latency histogram for read requests
    0: 0
    1: 0
    2: 0
    3: 0
    4: 0
    5: 68
    6: 21
    7: 34
    8: 22
    9: 32
    10: 1
    11: 2
    12: 13
    13: 23
    14: 27
    15: 32
    16: 16
    17: 1
    18: 0
    19: 31
    20: 27
    21: 25
    22: 29
    23: 6
    24: 2
    25: 15
    26: 27
    27: 27
    28: 28
    29: 21
    30: 7
    31: 10
    32: 21
    33: 38
    34: 31
    35: 37
    36: 16
    37: 18
    38: 15
    39: 35
    40: 40
    41: 37
    42: 29
    43: 24
    44: 11
    45: 27
    46: 26
    47: 35
    48: 15
    49: 19
    50: 8
    51: 11
    52: 20
    53: 26
    54: 23
    55: 24
    56: 17
    57: 32
    58: 12
    59: 19
    60: 4
    61: 13
    62: 20
    63: 27
    64: 24
    65: 25
    66: 11
    67: 11
    68: 23
    69: 33
    70: 25
    71: 37
    72: 32
    73: 18
    74: 18
    75: 46
    76: 40
    77: 49
    78: 38
    79: 57
    80: 40
    81: 44
    82: 48
    83: 59
    84: 49
    85: 47
    86: 38
    87: 41
    88: 42
    89: 41
    90: 34
    91: 36
    92: 27
    93: 27
    94: 25
    95: 35
    96: 34
    97: 25
    98: 31
    99: 398649
   wrmlh: # Latency histogram for write requests
    0: 0
    1: 0
    2: 0
    3: 0
    4: 0
    5: 55
    6: 173
    7: 116
    8: 115
    9: 118
    10: 166
    11: 147
    12: 38
    13: 43
    14: 43
    15: 92
    16: 69
    17: 178
    18: 138
    19: 220
    20: 76
    21: 71
    22: 40
    23: 145
    24: 37
    25: 128
    26: 177
    27: 233
    28: 148
    29: 156
    30: 120
    31: 177
    32: 113
    33: 102
    34: 112
    35: 401
    36: 168
    37: 249
    38: 185
    39: 384
    40: 144
    41: 103
    42: 104
    43: 224
    44: 203
    45: 189
    46: 194
    47: 266
    48: 254
    49: 112
    50: 75
    51: 132
    52: 155
    53: 153
    54: 128
    55: 206
    56: 192
    57: 148
    58: 98
    59: 113
    60: 83
    61: 63
    62: 43
    63: 135
    64: 120
    65: 152
    66: 126
    67: 148
    68: 59
    69: 54
    70: 50
    71: 94
    72: 62
    73: 106
    74: 116
    75: 206
    76: 139
    77: 61
    78: 61
    79: 94
    80: 51
    81: 21
    82: 58
    83: 80
    84: 58
    85: 30
    86: 26
    87: 86
    88: 49
    89: 18
    90: 30
    91: 54
    92: 21
    93: 44
    94: 14
    95: 46
    96: 22
    97: 20
    98: 23
    99: 171887
   ACT: 583872 # Activate commands
   PRE: 592968 # Precharge commands
   RD: 401136 # Read commands
   WR: 182736 # Write commands
   REF: 4495 # Refresh commands
   eACTPRE: 176913216 # Activate/precharge energy
   eRDWR: 793089744 # Read/write energy
   eREF: 14954865 # Refresh energy
   eBKGD: 341287634 # Background energy
   eWIRE: 89332416 # Channel wire energy
 sched: # Scheduler stats
  thCr: 0 # Threads created
  thFn: 0 # Threads finished
  schedEvs: 0 # Schedule events
  waitEvs: 0 # Wait events
  handoffEvs: 0 # Handoff events
  sleepEvs: 0 # Sleep events
  idlePhases: 0 # Phases with no thread active
  idlePeriods: 0 # Periods with no thread active
  occHist: # Occupancy histogram
   0: 876
   1: 0
  rqSzHist: # Run queue size histogram
   0: 876
   1: 0
   2: 0
   3: 0
   4: 0
   5: 0
   6: 0
   7: 0
   8: 0
   9: 0
   10: 0
   11: 0
   12: 0
   13: 0
   14: 0
   15: 0
   16: 0
 procCycles: # Per-process unhalted core cycles
  0: 0
  1: 0
  2: 0
  3: 0
  4: 0
  5: 0
  6: 0
  7: 0
  8: 0
  9: 0
  10: 0
  11: 0
  12: 0
  13: 0
  14: 0
  15: 0
  16: 0
  17: 0
  18: 0
  19: 0
  20: 0
  21: 0
  22: 0
  23: 0
  24: 0
  25: 0
  26: 0
  27: 0
  28: 0
  29: 0
  30: 0
  31: 0
 procInstrs: # Per-process instructions
  0: 0
  1: 0
  2: 0
  3: 0
  4: 0
  5: 0
  6: 0
  7: 0
  8: 0
  9: 0
  10: 0
  11: 0
  12: 0
  13: 0
  14: 0
  15: 0
  16: 0
  17: 0
  18: 0
  19: 0
  20: 0
  21: 0
  22: 0
  23: 0
  24: 0
  25: 0
  26: 0
  27: 0
  28: 0
  29: 0
  30: 0
  31: 0
 heartbeats: # Per-process heartbeats
  0: 0
  1: 0
  2: 0
  3: 0
  4: 0
  5: 0
  6: 0
  7: 0
  8: 0
  9: 0
  10: 0
  11: 0
  12: 0
  13: 0
  14: 0
  15: 0
  16: 0
  17: 0
  18: 0
  19: 0
  20: 0
  21: 0
  22: 0
  23: 0
  24: 0
  25: 0
  26: 0
  27: 0
  28: 0
  29: 0
  30: 0
  31: 0
===
