# zsim stats
===
root: # Stats
 contention: # Contention simulation stats
  domain-0: # Domain stats
   time: 154520526 # Weave simulation time
 time: # Simulator time breakdown
  init: 11046526954
  bound: 871347863781
  weave: 158119689
  ff: 1182462544
 trigger: 20000 # Reason for this stats dump
 phase: 9214 # Simulated phases
 l: # Logic unit stats
  l-0: # Logic unit stats
   cycles: 92139783 # Simulated unhalted cycles
   cCycles: 58139847 # Cycles due to contention stalls
   ops: 240640 # Simulated operations
   compOps: 256 # Simulated compute operations
 c: # Core stats
  c-0: # Core stats
   cycles: 0 # Simulated cycles
   instrs: 0 # Simulated instructions
 rdbuf: # Cache stats
  rdbuf-0: # Filter cache stats
   fhGETS: 0 # Filtered GETS hits
   fhGETX: 0 # Filtered GETX hits
   hGETS: 0 # GETS hits
   hGETX: 0 # GETX hits
   mGETS: 151200 # GETS misses
   mGETXIM: 0 # GETX I->M misses
   mGETXSM: 0 # GETX S->M misses (upgrade misses)
   PUTS: 0 # Clean evictions (from lower level)
   PUTX: 0 # Dirty evictions (from lower level)
   INV: 256 # Invalidates (from upper level)
   INVX: 0 # Downgrades (from upper level)
   FWD: 0 # Forwards (from upper level)
   latGETnl: 4838400 # GET request latency on next level
   latGETnet: 0 # GET request latency on network to next level
 wrbuf: # Cache stats
  wrbuf-0: # Filter cache stats
   fhGETS: 0 # Filtered GETS hits
   fhGETX: 0 # Filtered GETX hits
   hGETS: 0 # GETS hits
   hGETX: 0 # GETX hits
   mGETS: 0 # GETS misses
   mGETXIM: 3211264 # GETX I->M misses
   mGETXSM: 0 # GETX S->M misses (upgrade misses)
   PUTS: 0 # Clean evictions (from lower level)
   PUTX: 0 # Dirty evictions (from lower level)
   INV: 3 # Invalidates (from upper level)
   INVX: 0 # Downgrades (from upper level)
   FWD: 0 # Forwards (from upper level)
   latGETnl: 102760448 # GET request latency on next level
   latGETnet: 0 # GET request latency on network to next level
 gbuf: # Cache stats
  gbuf-0b0: # Cache stats
   hGETS: 0 # GETS hits
   hGETX: 0 # GETX hits
   mGETS: 18908 # GETS misses
   mGETXIM: 401408 # GETX I->M misses
   mGETXSM: 0 # GETX S->M misses (upgrade misses)
   PUTS: 18868 # Clean evictions (from lower level)
   PUTX: 401408 # Dirty evictions (from lower level)
   INV: 0 # Invalidates (from upper level)
   INVX: 0 # Downgrades (from upper level)
   FWD: 0 # Forwards (from upper level)
   latGETnl: 13029796 # GET request latency on next level
   latGETnet: 0 # GET request latency on network to next level
  gbuf-0b1: # Cache stats
   hGETS: 0 # GETS hits
   hGETX: 0 # GETX hits
   mGETS: 18900 # GETS misses
   mGETXIM: 401408 # GETX I->M misses
   mGETXSM: 0 # GETX S->M misses (upgrade misses)
   PUTS: 18876 # Clean evictions (from lower level)
   PUTX: 401408 # Dirty evictions (from lower level)
   INV: 0 # Invalidates (from upper level)
   INVX: 0 # Downgrades (from upper level)
   FWD: 0 # Forwards (from upper level)
   latGETnl: 13029548 # GET request latency on next level
   latGETnet: 0 # GET request latency on network to next level
  gbuf-0b2: # Cache stats
   hGETS: 0 # GETS hits
   hGETX: 0 # GETX hits
   mGETS: 18900 # GETS misses
   mGETXIM: 401408 # GETX I->M misses
   mGETXSM: 0 # GETX S->M misses (upgrade misses)
   PUTS: 18868 # Clean evictions (from lower level)
   PUTX: 401408 # Dirty evictions (from lower level)
   INV: 0 # Invalidates (from upper level)
   INVX: 0 # Downgrades (from upper level)
   FWD: 0 # Forwards (from upper level)
   latGETnl: 13029548 # GET request latency on next level
   latGETnet: 0 # GET request latency on network to next level
  gbuf-0b3: # Cache stats
   hGETS: 0 # GETS hits
   hGETX: 0 # GETX hits
   mGETS: 18908 # GETS misses
   mGETXIM: 401408 # GETX I->M misses
   mGETXSM: 0 # GETX S->M misses (upgrade misses)
   PUTS: 18868 # Clean evictions (from lower level)
   PUTX: 401406 # Dirty evictions (from lower level)
   INV: 0 # Invalidates (from upper level)
   INVX: 0 # Downgrades (from upper level)
   FWD: 0 # Forwards (from upper level)
   latGETnl: 13029796 # GET request latency on next level
   latGETnet: 0 # GET request latency on network to next level
  gbuf-0b4: # Cache stats
   hGETS: 0 # GETS hits
   hGETX: 0 # GETX hits
   mGETS: 18892 # GETS misses
   mGETXIM: 401408 # GETX I->M misses
   mGETXSM: 0 # GETX S->M misses (upgrade misses)
   PUTS: 18868 # Clean evictions (from lower level)
   PUTX: 401408 # Dirty evictions (from lower level)
   INV: 0 # Invalidates (from upper level)
   INVX: 0 # Downgrades (from upper level)
   FWD: 0 # Forwards (from upper level)
   latGETnl: 13029300 # GET request latency on next level
   latGETnet: 0 # GET request latency on network to next level
  gbuf-0b5: # Cache stats
   hGETS: 0 # GETS hits
   hGETX: 0 # GETX hits
   mGETS: 18900 # GETS misses
   mGETXIM: 401408 # GETX I->M misses
   mGETXSM: 0 # GETX S->M misses (upgrade misses)
   PUTS: 18863 # Clean evictions (from lower level)
   PUTX: 401408 # Dirty evictions (from lower level)
   INV: 0 # Invalidates (from upper level)
   INVX: 0 # Downgrades (from upper level)
   FWD: 0 # Forwards (from upper level)
   latGETnl: 13029548 # GET request latency on next level
   latGETnet: 0 # GET request latency on network to next level
  gbuf-0b6: # Cache stats
   hGETS: 0 # GETS hits
   hGETX: 0 # GETX hits
   mGETS: 18900 # GETS misses
   mGETXIM: 401408 # GETX I->M misses
   mGETXSM: 0 # GETX S->M misses (upgrade misses)
   PUTS: 18866 # Clean evictions (from lower level)
   PUTX: 401408 # Dirty evictions (from lower level)
   INV: 0 # Invalidates (from upper level)
   INVX: 0 # Downgrades (from upper level)
   FWD: 0 # Forwards (from upper level)
   latGETnl: 13029548 # GET request latency on next level
   latGETnet: 0 # GET request latency on network to next level
  gbuf-0b7: # Cache stats
   hGETS: 0 # GETS hits
   hGETX: 0 # GETX hits
   mGETS: 18892 # GETS misses
   mGETXIM: 401408 # GETX I->M misses
   mGETXSM: 0 # GETX S->M misses (upgrade misses)
   PUTS: 18867 # Clean evictions (from lower level)
   PUTX: 401406 # Dirty evictions (from lower level)
   INV: 0 # Invalidates (from upper level)
   INVX: 0 # Downgrades (from upper level)
   FWD: 0 # Forwards (from upper level)
   latGETnl: 13029300 # GET request latency on next level
   latGETnet: 0 # GET request latency on network to next level
 mem: # Memory controller stats
  mem-0: # Memory channel stats
   rd: 3362464 # Read requests
   wr: 3207166 # Write requests
   rdlat: 413001671902 # Total latency experienced by read requests
   wrlat: 350537362550 # Total latency experienced by write requests
   rdmlh: # Latency histogram for read requests
    0: 0
    1: 0
    2: 0
    3: 0
    4: 0
    5: 258
    6: 10
    7: 11
    8: 5
    9: 10
    10: 5
    11: 0
    12: 7
    13: 10
    14: 6
    15: 11
    16: 6
    17: 4
    18: 2
    19: 11
    20: 5
    21: 10
    22: 10
    23: 7
    24: 3
    25: 5
    26: 11
    27: 11
    28: 8
    29: 10
    30: 3
    31: 8
    32: 7
    33: 12
    34: 6
    35: 16
    36: 16
    37: 5
    38: 8
    39: 24
    40: 32
    41: 28
    42: 22
    43: 15
    44: 12
    45: 10
    46: 13
    47: 10
    48: 15
    49: 6
    50: 1
    51: 6
    52: 10
    53: 10
    54: 5
    55: 12
    56: 6
    57: 11
    58: 5
    59: 14
    60: 1
    61: 2
    62: 6
    63: 11
    64: 10
    65: 10
    66: 10
    67: 2
    68: 3
    69: 9
    70: 10
    71: 14
    72: 25
    73: 17
    74: 18
    75: 39
    76: 82
    77: 52
    78: 61
    79: 45
    80: 63
    81: 24
    82: 29
    83: 34
    84: 46
    85: 28
    86: 17
    87: 17
    88: 26
    89: 23
    90: 21
    91: 24
    92: 23
    93: 17
    94: 15
    95: 14
    96: 23
    97: 18
    98: 14
    99: 3360777
   wrmlh: # Latency histogram for write requests
    0: 0
    1: 0
    2: 0
    3: 0
    4: 0
    5: 185
    6: 274
    7: 957
    8: 353
    9: 604
    10: 358
    11: 707
    12: 90
    13: 138
    14: 352
    15: 410
    16: 448
    17: 793
    18: 484
    19: 1376
    20: 745
    21: 579
    22: 473
    23: 604
    24: 335
    25: 505
    26: 920
    27: 1303
    28: 827
    29: 1093
    30: 658
    31: 1156
    32: 876
    33: 1036
    34: 1036
    35: 2580
    36: 1760
    37: 1890
    38: 1985
    39: 3716
    40: 2382
    41: 2402
    42: 2590
    43: 5515
    44: 3589
    45: 3794
    46: 3379
    47: 6337
    48: 3384
    49: 3066
    50: 2543
    51: 4515
    52: 2252
    53: 2237
    54: 2125
    55: 3936
    56: 2168
    57: 2141
    58: 1909
    59: 2466
    60: 1291
    61: 1161
    62: 1216
    63: 2085
    64: 1481
    65: 1500
    66: 1185
    67: 2158
    68: 956
    69: 758
    70: 740
    71: 1245
    72: 760
    73: 770
    74: 1142
    75: 1477
    76: 1169
    77: 760
    78: 486
    79: 994
    80: 440
    81: 500
    82: 588
    83: 724
    84: 308
    85: 325
    86: 297
    87: 334
    88: 263
    89: 203
    90: 221
    91: 234
    92: 145
    93: 152
    94: 131
    95: 129
    96: 112
    97: 86
    98: 89
    99: 3084215
   ACT: 6569630 # Activate commands
   PRE: 6665513 # Precharge commands
   RD: 3362464 # Read commands
   WR: 3207166 # Write commands
   REF: 47276 # Refresh commands
   eACTPRE: 1990597890 # Activate/precharge energy
   eRDWR: 8961697718 # Read/write energy
   eREF: 157287252 # Refresh energy
   eBKGD: 3605607622 # Background energy
   eWIRE: 1005153390 # Channel wire energy
 sched: # Scheduler stats
  thCr: 0 # Threads created
  thFn: 0 # Threads finished
  schedEvs: 0 # Schedule events
  waitEvs: 0 # Wait events
  handoffEvs: 0 # Handoff events
  sleepEvs: 0 # Sleep events
  idlePhases: 0 # Phases with no thread active
  idlePeriods: 0 # Periods with no thread active
  occHist: # Occupancy histogram
   0: 9214
   1: 0
  rqSzHist: # Run queue size histogram
   0: 9214
   1: 0
   2: 0
   3: 0
   4: 0
   5: 0
   6: 0
   7: 0
   8: 0
   9: 0
   10: 0
   11: 0
   12: 0
   13: 0
   14: 0
   15: 0
   16: 0
 procCycles: # Per-process unhalted core cycles
  0: 0
  1: 0
  2: 0
  3: 0
  4: 0
  5: 0
  6: 0
  7: 0
  8: 0
  9: 0
  10: 0
  11: 0
  12: 0
  13: 0
  14: 0
  15: 0
  16: 0
  17: 0
  18: 0
  19: 0
  20: 0
  21: 0
  22: 0
  23: 0
  24: 0
  25: 0
  26: 0
  27: 0
  28: 0
  29: 0
  30: 0
  31: 0
 procInstrs: # Per-process instructions
  0: 0
  1: 0
  2: 0
  3: 0
  4: 0
  5: 0
  6: 0
  7: 0
  8: 0
  9: 0
  10: 0
  11: 0
  12: 0
  13: 0
  14: 0
  15: 0
  16: 0
  17: 0
  18: 0
  19: 0
  20: 0
  21: 0
  22: 0
  23: 0
  24: 0
  25: 0
  26: 0
  27: 0
  28: 0
  29: 0
  30: 0
  31: 0
 heartbeats: # Per-process heartbeats
  0: 0
  1: 0
  2: 0
  3: 0
  4: 0
  5: 0
  6: 0
  7: 0
  8: 0
  9: 0
  10: 0
  11: 0
  12: 0
  13: 0
  14: 0
  15: 0
  16: 0
  17: 0
  18: 0
  19: 0
  20: 0
  21: 0
  22: 0
  23: 0
  24: 0
  25: 0
  26: 0
  27: 0
  28: 0
  29: 0
  30: 0
  31: 0
===
