# zsim stats
===
root: # Stats
 contention: # Contention simulation stats
  domain-0: # Domain stats
   time: 127753096 # Weave simulation time
 time: # Simulator time breakdown
  init: 910928958
  bound: 38323244135
  weave: 132359962
  ff: 1153184055
 trigger: 20000 # Reason for this stats dump
 phase: 1187 # Simulated phases
 l: # Logic unit stats
  l-0: # Logic unit stats
   cycles: 11427339 # Simulated unhalted cycles
   cCycles: 4234763 # Cycles due to contention stalls
   ops: 300032 # Simulated operations
   compOps: 1024 # Simulated compute operations
  l-1: # Logic unit stats
   cycles: 11424639 # Simulated unhalted cycles
   cCycles: 4232031 # Cycles due to contention stalls
   ops: 300032 # Simulated operations
   compOps: 1024 # Simulated compute operations
  l-2: # Logic unit stats
   cycles: 11856785 # Simulated unhalted cycles
   cCycles: 4664209 # Cycles due to contention stalls
   ops: 300032 # Simulated operations
   compOps: 1024 # Simulated compute operations
  l-3: # Logic unit stats
   cycles: 11861369 # Simulated unhalted cycles
   cCycles: 4668761 # Cycles due to contention stalls
   ops: 300032 # Simulated operations
   compOps: 1024 # Simulated compute operations
 c: # Core stats
  c-0: # Core stats
   cycles: 0 # Simulated cycles
   instrs: 0 # Simulated instructions
  c-1: # Core stats
   cycles: 0 # Simulated cycles
   instrs: 0 # Simulated instructions
  c-2: # Core stats
   cycles: 0 # Simulated cycles
   instrs: 0 # Simulated instructions
  c-3: # Core stats
   cycles: 0 # Simulated cycles
   instrs: 0 # Simulated instructions
 rdbuf: # Cache stats
  rdbuf-0: # Filter cache stats
   fhGETS: 0 # Filtered GETS hits
   fhGETX: 0 # Filtered GETX hits
   hGETS: 0 # GETS hits
   hGETX: 0 # GETX hits
   mGETS: 335872 # GETS misses
   mGETXIM: 0 # GETX I->M misses
   mGETXSM: 0 # GETX S->M misses (upgrade misses)
   PUTS: 0 # Clean evictions (from lower level)
   PUTX: 0 # Dirty evictions (from lower level)
   INV: 2 # Invalidates (from upper level)
   INVX: 0 # Downgrades (from upper level)
   FWD: 0 # Forwards (from upper level)
   latGETnl: 3642549 # GET request latency on next level
   latGETnet: 0 # GET request latency on network to next level
  rdbuf-1: # Filter cache stats
   fhGETS: 0 # Filtered GETS hits
   fhGETX: 0 # Filtered GETX hits
   hGETS: 0 # GETS hits
   hGETX: 0 # GETX hits
   mGETS: 335872 # GETS misses
   mGETXIM: 0 # GETX I->M misses
   mGETXSM: 0 # GETX S->M misses (upgrade misses)
   PUTS: 0 # Clean evictions (from lower level)
   PUTX: 0 # Dirty evictions (from lower level)
   INV: 2 # Invalidates (from upper level)
   INVX: 0 # Downgrades (from upper level)
   FWD: 0 # Forwards (from upper level)
   latGETnl: 3645184 # GET request latency on next level
   latGETnet: 0 # GET request latency on network to next level
  rdbuf-2: # Filter cache stats
   fhGETS: 0 # Filtered GETS hits
   fhGETX: 0 # Filtered GETX hits
   hGETS: 0 # GETS hits
   hGETX: 0 # GETX hits
   mGETS: 350208 # GETS misses
   mGETXIM: 0 # GETX I->M misses
   mGETXSM: 0 # GETX S->M misses (upgrade misses)
   PUTS: 0 # Clean evictions (from lower level)
   PUTX: 0 # Dirty evictions (from lower level)
   INV: 2 # Invalidates (from upper level)
   INVX: 0 # Downgrades (from upper level)
   FWD: 0 # Forwards (from upper level)
   latGETnl: 4101642 # GET request latency on next level
   latGETnet: 0 # GET request latency on network to next level
  rdbuf-3: # Filter cache stats
   fhGETS: 0 # Filtered GETS hits
   fhGETX: 0 # Filtered GETX hits
   hGETS: 0 # GETS hits
   hGETX: 0 # GETX hits
   mGETS: 350208 # GETS misses
   mGETXIM: 0 # GETX I->M misses
   mGETXSM: 0 # GETX S->M misses (upgrade misses)
   PUTS: 0 # Clean evictions (from lower level)
   PUTX: 0 # Dirty evictions (from lower level)
   INV: 2 # Invalidates (from upper level)
   INVX: 0 # Downgrades (from upper level)
   FWD: 0 # Forwards (from upper level)
   latGETnl: 4103936 # GET request latency on next level
   latGETnet: 0 # GET request latency on network to next level
 wrbuf: # Cache stats
  wrbuf-0: # Filter cache stats
   fhGETS: 0 # Filtered GETS hits
   fhGETX: 0 # Filtered GETX hits
   hGETS: 0 # GETS hits
   hGETX: 0 # GETX hits
   mGETS: 0 # GETS misses
   mGETXIM: 9216 # GETX I->M misses
   mGETXSM: 0 # GETX S->M misses (upgrade misses)
   PUTS: 0 # Clean evictions (from lower level)
   PUTX: 0 # Dirty evictions (from lower level)
   INV: 2 # Invalidates (from upper level)
   INVX: 0 # Downgrades (from upper level)
   FWD: 0 # Forwards (from upper level)
   latGETnl: 294664 # GET request latency on next level
   latGETnet: 0 # GET request latency on network to next level
  wrbuf-1: # Filter cache stats
   fhGETS: 0 # Filtered GETS hits
   fhGETX: 0 # Filtered GETX hits
   hGETS: 0 # GETS hits
   hGETX: 0 # GETX hits
   mGETS: 0 # GETS misses
   mGETXIM: 9216 # GETX I->M misses
   mGETXSM: 0 # GETX S->M misses (upgrade misses)
   PUTS: 0 # Clean evictions (from lower level)
   PUTX: 0 # Dirty evictions (from lower level)
   INV: 2 # Invalidates (from upper level)
   INVX: 0 # Downgrades (from upper level)
   FWD: 0 # Forwards (from upper level)
   latGETnl: 294912 # GET request latency on next level
   latGETnet: 0 # GET request latency on network to next level
  wrbuf-2: # Filter cache stats
   fhGETS: 0 # Filtered GETS hits
   fhGETX: 0 # Filtered GETX hits
   hGETS: 0 # GETS hits
   hGETX: 0 # GETX hits
   mGETS: 0 # GETS misses
   mGETXIM: 11008 # GETX I->M misses
   mGETXSM: 0 # GETX S->M misses (upgrade misses)
   PUTS: 0 # Clean evictions (from lower level)
   PUTX: 0 # Dirty evictions (from lower level)
   INV: 2 # Invalidates (from upper level)
   INVX: 0 # Downgrades (from upper level)
   FWD: 0 # Forwards (from upper level)
   latGETnl: 351884 # GET request latency on next level
   latGETnet: 0 # GET request latency on network to next level
  wrbuf-3: # Filter cache stats
   fhGETS: 0 # Filtered GETS hits
   fhGETX: 0 # Filtered GETX hits
   hGETS: 0 # GETS hits
   hGETX: 0 # GETX hits
   mGETS: 0 # GETS misses
   mGETXIM: 11008 # GETX I->M misses
   mGETXSM: 0 # GETX S->M misses (upgrade misses)
   PUTS: 0 # Clean evictions (from lower level)
   PUTX: 0 # Dirty evictions (from lower level)
   INV: 2 # Invalidates (from upper level)
   INVX: 0 # Downgrades (from upper level)
   FWD: 0 # Forwards (from upper level)
   latGETnl: 352256 # GET request latency on next level
   latGETnet: 0 # GET request latency on network to next level
 gbuf: # Cache stats
  gbuf-0b0: # Cache stats
   hGETS: 28416 # GETS hits
   hGETX: 2 # GETX hits
   mGETS: 13567 # GETS misses
   mGETXIM: 1150 # GETX I->M misses
   mGETXSM: 0 # GETX S->M misses (upgrade misses)
   PUTS: 41983 # Clean evictions (from lower level)
   PUTX: 1152 # Dirty evictions (from lower level)
   INV: 0 # Invalidates (from upper level)
   INVX: 0 # Downgrades (from upper level)
   FWD: 0 # Forwards (from upper level)
   latGETnl: 456227 # GET request latency on next level
   latGETnet: 0 # GET request latency on network to next level
  gbuf-0b1: # Cache stats
   hGETS: 28676 # GETS hits
   hGETX: 2 # GETX hits
   mGETS: 13309 # GETS misses
   mGETXIM: 1150 # GETX I->M misses
   mGETXSM: 0 # GETX S->M misses (upgrade misses)
   PUTS: 41985 # Clean evictions (from lower level)
   PUTX: 1152 # Dirty evictions (from lower level)
   INV: 0 # Invalidates (from upper level)
   INVX: 0 # Downgrades (from upper level)
   FWD: 0 # Forwards (from upper level)
   latGETnl: 448229 # GET request latency on next level
   latGETnet: 0 # GET request latency on network to next level
  gbuf-0b2: # Cache stats
   hGETS: 28681 # GETS hits
   hGETX: 0 # GETX hits
   mGETS: 13303 # GETS misses
   mGETXIM: 1152 # GETX I->M misses
   mGETXSM: 0 # GETX S->M misses (upgrade misses)
   PUTS: 41983 # Clean evictions (from lower level)
   PUTX: 1152 # Dirty evictions (from lower level)
   INV: 0 # Invalidates (from upper level)
   INVX: 0 # Downgrades (from upper level)
   FWD: 0 # Forwards (from upper level)
   latGETnl: 448105 # GET request latency on next level
   latGETnet: 0 # GET request latency on network to next level
  gbuf-0b3: # Cache stats
   hGETS: 28684 # GETS hits
   hGETX: 2 # GETX hits
   mGETS: 13300 # GETS misses
   mGETXIM: 1150 # GETX I->M misses
   mGETXSM: 0 # GETX S->M misses (upgrade misses)
   PUTS: 41984 # Clean evictions (from lower level)
   PUTX: 1152 # Dirty evictions (from lower level)
   INV: 0 # Invalidates (from upper level)
   INVX: 0 # Downgrades (from upper level)
   FWD: 0 # Forwards (from upper level)
   latGETnl: 447950 # GET request latency on next level
   latGETnet: 0 # GET request latency on network to next level
  gbuf-0b4: # Cache stats
   hGETS: 28687 # GETS hits
   hGETX: 2 # GETX hits
   mGETS: 13298 # GETS misses
   mGETXIM: 1150 # GETX I->M misses
   mGETXSM: 0 # GETX S->M misses (upgrade misses)
   PUTS: 41984 # Clean evictions (from lower level)
   PUTX: 1152 # Dirty evictions (from lower level)
   INV: 0 # Invalidates (from upper level)
   INVX: 0 # Downgrades (from upper level)
   FWD: 0 # Forwards (from upper level)
   latGETnl: 447888 # GET request latency on next level
   latGETnet: 0 # GET request latency on network to next level
  gbuf-0b5: # Cache stats
   hGETS: 28687 # GETS hits
   hGETX: 0 # GETX hits
   mGETS: 13296 # GETS misses
   mGETXIM: 1152 # GETX I->M misses
   mGETXSM: 0 # GETX S->M misses (upgrade misses)
   PUTS: 41982 # Clean evictions (from lower level)
   PUTX: 1151 # Dirty evictions (from lower level)
   INV: 0 # Invalidates (from upper level)
   INVX: 0 # Downgrades (from upper level)
   FWD: 0 # Forwards (from upper level)
   latGETnl: 447888 # GET request latency on next level
   latGETnet: 0 # GET request latency on network to next level
  gbuf-0b6: # Cache stats
   hGETS: 28687 # GETS hits
   hGETX: 0 # GETX hits
   mGETS: 13297 # GETS misses
   mGETXIM: 1152 # GETX I->M misses
   mGETXSM: 0 # GETX S->M misses (upgrade misses)
   PUTS: 41984 # Clean evictions (from lower level)
   PUTX: 1151 # Dirty evictions (from lower level)
   INV: 0 # Invalidates (from upper level)
   INVX: 0 # Downgrades (from upper level)
   FWD: 0 # Forwards (from upper level)
   latGETnl: 447919 # GET request latency on next level
   latGETnet: 0 # GET request latency on network to next level
  gbuf-0b7: # Cache stats
   hGETS: 28687 # GETS hits
   hGETX: 0 # GETX hits
   mGETS: 13297 # GETS misses
   mGETXIM: 1152 # GETX I->M misses
   mGETXSM: 0 # GETX S->M misses (upgrade misses)
   PUTS: 41983 # Clean evictions (from lower level)
   PUTX: 1152 # Dirty evictions (from lower level)
   INV: 0 # Invalidates (from upper level)
   INVX: 0 # Downgrades (from upper level)
   FWD: 0 # Forwards (from upper level)
   latGETnl: 447919 # GET request latency on next level
   latGETnet: 0 # GET request latency on network to next level
  gbuf-1b0: # Cache stats
   hGETS: 28416 # GETS hits
   hGETX: 0 # GETX hits
   mGETS: 13567 # GETS misses
   mGETXIM: 1152 # GETX I->M misses
   mGETXSM: 0 # GETX S->M misses (upgrade misses)
   PUTS: 41983 # Clean evictions (from lower level)
   PUTX: 1152 # Dirty evictions (from lower level)
   INV: 0 # Invalidates (from upper level)
   INVX: 0 # Downgrades (from upper level)
   FWD: 0 # Forwards (from upper level)
   latGETnl: 456289 # GET request latency on next level
   latGETnet: 0 # GET request latency on network to next level
  gbuf-1b1: # Cache stats
   hGETS: 28672 # GETS hits
   hGETX: 0 # GETX hits
   mGETS: 13313 # GETS misses
   mGETXIM: 1152 # GETX I->M misses
   mGETXSM: 0 # GETX S->M misses (upgrade misses)
   PUTS: 41985 # Clean evictions (from lower level)
   PUTX: 1152 # Dirty evictions (from lower level)
   INV: 0 # Invalidates (from upper level)
   INVX: 0 # Downgrades (from upper level)
   FWD: 0 # Forwards (from upper level)
   latGETnl: 448415 # GET request latency on next level
   latGETnet: 0 # GET request latency on network to next level
  gbuf-1b2: # Cache stats
   hGETS: 28672 # GETS hits
   hGETX: 0 # GETX hits
   mGETS: 13312 # GETS misses
   mGETXIM: 1152 # GETX I->M misses
   mGETXSM: 0 # GETX S->M misses (upgrade misses)
   PUTS: 41983 # Clean evictions (from lower level)
   PUTX: 1152 # Dirty evictions (from lower level)
   INV: 0 # Invalidates (from upper level)
   INVX: 0 # Downgrades (from upper level)
   FWD: 0 # Forwards (from upper level)
   latGETnl: 448384 # GET request latency on next level
   latGETnet: 0 # GET request latency on network to next level
  gbuf-1b3: # Cache stats
   hGETS: 28672 # GETS hits
   hGETX: 0 # GETX hits
   mGETS: 13312 # GETS misses
   mGETXIM: 1152 # GETX I->M misses
   mGETXSM: 0 # GETX S->M misses (upgrade misses)
   PUTS: 41984 # Clean evictions (from lower level)
   PUTX: 1152 # Dirty evictions (from lower level)
   INV: 0 # Invalidates (from upper level)
   INVX: 0 # Downgrades (from upper level)
   FWD: 0 # Forwards (from upper level)
   latGETnl: 448384 # GET request latency on next level
   latGETnet: 0 # GET request latency on network to next level
  gbuf-1b4: # Cache stats
   hGETS: 28672 # GETS hits
   hGETX: 0 # GETX hits
   mGETS: 13313 # GETS misses
   mGETXIM: 1152 # GETX I->M misses
   mGETXSM: 0 # GETX S->M misses (upgrade misses)
   PUTS: 41984 # Clean evictions (from lower level)
   PUTX: 1152 # Dirty evictions (from lower level)
   INV: 0 # Invalidates (from upper level)
   INVX: 0 # Downgrades (from upper level)
   FWD: 0 # Forwards (from upper level)
   latGETnl: 448415 # GET request latency on next level
   latGETnet: 0 # GET request latency on network to next level
  gbuf-1b5: # Cache stats
   hGETS: 28672 # GETS hits
   hGETX: 0 # GETX hits
   mGETS: 13311 # GETS misses
   mGETXIM: 1152 # GETX I->M misses
   mGETXSM: 0 # GETX S->M misses (upgrade misses)
   PUTS: 41982 # Clean evictions (from lower level)
   PUTX: 1151 # Dirty evictions (from lower level)
   INV: 0 # Invalidates (from upper level)
   INVX: 0 # Downgrades (from upper level)
   FWD: 0 # Forwards (from upper level)
   latGETnl: 448353 # GET request latency on next level
   latGETnet: 0 # GET request latency on network to next level
  gbuf-1b6: # Cache stats
   hGETS: 28672 # GETS hits
   hGETX: 0 # GETX hits
   mGETS: 13312 # GETS misses
   mGETXIM: 1152 # GETX I->M misses
   mGETXSM: 0 # GETX S->M misses (upgrade misses)
   PUTS: 41984 # Clean evictions (from lower level)
   PUTX: 1151 # Dirty evictions (from lower level)
   INV: 0 # Invalidates (from upper level)
   INVX: 0 # Downgrades (from upper level)
   FWD: 0 # Forwards (from upper level)
   latGETnl: 448384 # GET request latency on next level
   latGETnet: 0 # GET request latency on network to next level
  gbuf-1b7: # Cache stats
   hGETS: 28672 # GETS hits
   hGETX: 0 # GETX hits
   mGETS: 13312 # GETS misses
   mGETXIM: 1152 # GETX I->M misses
   mGETXSM: 0 # GETX S->M misses (upgrade misses)
   PUTS: 41983 # Clean evictions (from lower level)
   PUTX: 1152 # Dirty evictions (from lower level)
   INV: 0 # Invalidates (from upper level)
   INVX: 0 # Downgrades (from upper level)
   FWD: 0 # Forwards (from upper level)
   latGETnl: 448384 # GET request latency on next level
   latGETnet: 0 # GET request latency on network to next level
  gbuf-2b0: # Cache stats
   hGETS: 28416 # GETS hits
   hGETX: 0 # GETX hits
   mGETS: 15359 # GETS misses
   mGETXIM: 1376 # GETX I->M misses
   mGETXSM: 0 # GETX S->M misses (upgrade misses)
   PUTS: 43775 # Clean evictions (from lower level)
   PUTX: 1376 # Dirty evictions (from lower level)
   INV: 0 # Invalidates (from upper level)
   INVX: 0 # Downgrades (from upper level)
   FWD: 0 # Forwards (from upper level)
   latGETnl: 518785 # GET request latency on next level
   latGETnet: 0 # GET request latency on network to next level
  gbuf-2b1: # Cache stats
   hGETS: 28677 # GETS hits
   hGETX: 2 # GETX hits
   mGETS: 15100 # GETS misses
   mGETXIM: 1374 # GETX I->M misses
   mGETXSM: 0 # GETX S->M misses (upgrade misses)
   PUTS: 43777 # Clean evictions (from lower level)
   PUTX: 1376 # Dirty evictions (from lower level)
   INV: 0 # Invalidates (from upper level)
   INVX: 0 # Downgrades (from upper level)
   FWD: 0 # Forwards (from upper level)
   latGETnl: 510694 # GET request latency on next level
   latGETnet: 0 # GET request latency on network to next level
  gbuf-2b2: # Cache stats
   hGETS: 28682 # GETS hits
   hGETX: 2 # GETX hits
   mGETS: 15094 # GETS misses
   mGETXIM: 1374 # GETX I->M misses
   mGETXSM: 0 # GETX S->M misses (upgrade misses)
   PUTS: 43776 # Clean evictions (from lower level)
   PUTX: 1376 # Dirty evictions (from lower level)
   INV: 0 # Invalidates (from upper level)
   INVX: 0 # Downgrades (from upper level)
   FWD: 0 # Forwards (from upper level)
   latGETnl: 510508 # GET request latency on next level
   latGETnet: 0 # GET request latency on network to next level
  gbuf-2b3: # Cache stats
   hGETS: 28684 # GETS hits
   hGETX: 2 # GETX hits
   mGETS: 15092 # GETS misses
   mGETXIM: 1374 # GETX I->M misses
   mGETXSM: 0 # GETX S->M misses (upgrade misses)
   PUTS: 43776 # Clean evictions (from lower level)
   PUTX: 1376 # Dirty evictions (from lower level)
   INV: 0 # Invalidates (from upper level)
   INVX: 0 # Downgrades (from upper level)
   FWD: 0 # Forwards (from upper level)
   latGETnl: 510446 # GET request latency on next level
   latGETnet: 0 # GET request latency on network to next level
  gbuf-2b4: # Cache stats
   hGETS: 28684 # GETS hits
   hGETX: 2 # GETX hits
   mGETS: 15093 # GETS misses
   mGETXIM: 1374 # GETX I->M misses
   mGETXSM: 0 # GETX S->M misses (upgrade misses)
   PUTS: 43776 # Clean evictions (from lower level)
   PUTX: 1376 # Dirty evictions (from lower level)
   INV: 0 # Invalidates (from upper level)
   INVX: 0 # Downgrades (from upper level)
   FWD: 0 # Forwards (from upper level)
   latGETnl: 510477 # GET request latency on next level
   latGETnet: 0 # GET request latency on network to next level
  gbuf-2b5: # Cache stats
   hGETS: 28684 # GETS hits
   hGETX: 2 # GETX hits
   mGETS: 15091 # GETS misses
   mGETXIM: 1374 # GETX I->M misses
   mGETXSM: 0 # GETX S->M misses (upgrade misses)
   PUTS: 43775 # Clean evictions (from lower level)
   PUTX: 1376 # Dirty evictions (from lower level)
   INV: 0 # Invalidates (from upper level)
   INVX: 0 # Downgrades (from upper level)
   FWD: 0 # Forwards (from upper level)
   latGETnl: 510415 # GET request latency on next level
   latGETnet: 0 # GET request latency on network to next level
  gbuf-2b6: # Cache stats
   hGETS: 28683 # GETS hits
   hGETX: 2 # GETX hits
   mGETS: 15092 # GETS misses
   mGETXIM: 1374 # GETX I->M misses
   mGETXSM: 0 # GETX S->M misses (upgrade misses)
   PUTS: 43774 # Clean evictions (from lower level)
   PUTX: 1375 # Dirty evictions (from lower level)
   INV: 0 # Invalidates (from upper level)
   INVX: 0 # Downgrades (from upper level)
   FWD: 0 # Forwards (from upper level)
   latGETnl: 510446 # GET request latency on next level
   latGETnet: 0 # GET request latency on network to next level
  gbuf-2b7: # Cache stats
   hGETS: 28684 # GETS hits
   hGETX: 0 # GETX hits
   mGETS: 15093 # GETS misses
   mGETXIM: 1376 # GETX I->M misses
   mGETXSM: 0 # GETX S->M misses (upgrade misses)
   PUTS: 43775 # Clean evictions (from lower level)
   PUTX: 1375 # Dirty evictions (from lower level)
   INV: 0 # Invalidates (from upper level)
   INVX: 0 # Downgrades (from upper level)
   FWD: 0 # Forwards (from upper level)
   latGETnl: 510539 # GET request latency on next level
   latGETnet: 0 # GET request latency on network to next level
  gbuf-3b0: # Cache stats
   hGETS: 28416 # GETS hits
   hGETX: 0 # GETX hits
   mGETS: 15359 # GETS misses
   mGETXIM: 1376 # GETX I->M misses
   mGETXSM: 0 # GETX S->M misses (upgrade misses)
   PUTS: 43775 # Clean evictions (from lower level)
   PUTX: 1376 # Dirty evictions (from lower level)
   INV: 0 # Invalidates (from upper level)
   INVX: 0 # Downgrades (from upper level)
   FWD: 0 # Forwards (from upper level)
   latGETnl: 518785 # GET request latency on next level
   latGETnet: 0 # GET request latency on network to next level
  gbuf-3b1: # Cache stats
   hGETS: 28672 # GETS hits
   hGETX: 0 # GETX hits
   mGETS: 15105 # GETS misses
   mGETXIM: 1376 # GETX I->M misses
   mGETXSM: 0 # GETX S->M misses (upgrade misses)
   PUTS: 43777 # Clean evictions (from lower level)
   PUTX: 1376 # Dirty evictions (from lower level)
   INV: 0 # Invalidates (from upper level)
   INVX: 0 # Downgrades (from upper level)
   FWD: 0 # Forwards (from upper level)
   latGETnl: 510911 # GET request latency on next level
   latGETnet: 0 # GET request latency on network to next level
  gbuf-3b2: # Cache stats
   hGETS: 28672 # GETS hits
   hGETX: 0 # GETX hits
   mGETS: 15104 # GETS misses
   mGETXIM: 1376 # GETX I->M misses
   mGETXSM: 0 # GETX S->M misses (upgrade misses)
   PUTS: 43776 # Clean evictions (from lower level)
   PUTX: 1376 # Dirty evictions (from lower level)
   INV: 0 # Invalidates (from upper level)
   INVX: 0 # Downgrades (from upper level)
   FWD: 0 # Forwards (from upper level)
   latGETnl: 510880 # GET request latency on next level
   latGETnet: 0 # GET request latency on network to next level
  gbuf-3b3: # Cache stats
   hGETS: 28672 # GETS hits
   hGETX: 0 # GETX hits
   mGETS: 15104 # GETS misses
   mGETXIM: 1376 # GETX I->M misses
   mGETXSM: 0 # GETX S->M misses (upgrade misses)
   PUTS: 43776 # Clean evictions (from lower level)
   PUTX: 1376 # Dirty evictions (from lower level)
   INV: 0 # Invalidates (from upper level)
   INVX: 0 # Downgrades (from upper level)
   FWD: 0 # Forwards (from upper level)
   latGETnl: 510880 # GET request latency on next level
   latGETnet: 0 # GET request latency on network to next level
  gbuf-3b4: # Cache stats
   hGETS: 28672 # GETS hits
   hGETX: 0 # GETX hits
   mGETS: 15105 # GETS misses
   mGETXIM: 1376 # GETX I->M misses
   mGETXSM: 0 # GETX S->M misses (upgrade misses)
   PUTS: 43776 # Clean evictions (from lower level)
   PUTX: 1376 # Dirty evictions (from lower level)
   INV: 0 # Invalidates (from upper level)
   INVX: 0 # Downgrades (from upper level)
   FWD: 0 # Forwards (from upper level)
   latGETnl: 510911 # GET request latency on next level
   latGETnet: 0 # GET request latency on network to next level
  gbuf-3b5: # Cache stats
   hGETS: 28672 # GETS hits
   hGETX: 0 # GETX hits
   mGETS: 15103 # GETS misses
   mGETXIM: 1376 # GETX I->M misses
   mGETXSM: 0 # GETX S->M misses (upgrade misses)
   PUTS: 43775 # Clean evictions (from lower level)
   PUTX: 1376 # Dirty evictions (from lower level)
   INV: 0 # Invalidates (from upper level)
   INVX: 0 # Downgrades (from upper level)
   FWD: 0 # Forwards (from upper level)
   latGETnl: 510849 # GET request latency on next level
   latGETnet: 0 # GET request latency on network to next level
  gbuf-3b6: # Cache stats
   hGETS: 28672 # GETS hits
   hGETX: 0 # GETX hits
   mGETS: 15103 # GETS misses
   mGETXIM: 1376 # GETX I->M misses
   mGETXSM: 0 # GETX S->M misses (upgrade misses)
   PUTS: 43774 # Clean evictions (from lower level)
   PUTX: 1375 # Dirty evictions (from lower level)
   INV: 0 # Invalidates (from upper level)
   INVX: 0 # Downgrades (from upper level)
   FWD: 0 # Forwards (from upper level)
   latGETnl: 510849 # GET request latency on next level
   latGETnet: 0 # GET request latency on network to next level
  gbuf-3b7: # Cache stats
   hGETS: 28672 # GETS hits
   hGETX: 0 # GETX hits
   mGETS: 15105 # GETS misses
   mGETXIM: 1376 # GETX I->M misses
   mGETXSM: 0 # GETX S->M misses (upgrade misses)
   PUTS: 43775 # Clean evictions (from lower level)
   PUTX: 1375 # Dirty evictions (from lower level)
   INV: 0 # Invalidates (from upper level)
   INVX: 0 # Downgrades (from upper level)
   FWD: 0 # Forwards (from upper level)
   latGETnl: 510911 # GET request latency on next level
   latGETnet: 0 # GET request latency on network to next level
 mem: # Memory controller stats
  mem-0: # Memory channel stats
   rd: 115875 # Read requests
   wr: 9216 # Write requests
   rdlat: 937561302 # Total latency experienced by read requests
   wrlat: 312849572 # Total latency experienced by write requests
   rdmlh: # Latency histogram for read requests
    0: 0
    1: 0
    2: 0
    3: 0
    4: 0
    5: 1003
    6: 1086
    7: 157
    8: 0
    9: 1
    10: 5
    11: 784
    12: 1274
    13: 140
    14: 1
    15: 0
    16: 3
    17: 943
    18: 920
    19: 298
    20: 3
    21: 1
    22: 79
    23: 174
    24: 1692
    25: 199
    26: 7
    27: 2
    28: 84
    29: 341
    30: 861
    31: 860
    32: 8
    33: 11
    34: 82
    35: 338
    36: 836
    37: 705
    38: 182
    39: 14
    40: 85
    41: 361
    42: 809
    43: 713
    44: 166
    45: 19
    46: 238
    47: 210
    48: 765
    49: 568
    50: 348
    51: 109
    52: 180
    53: 298
    54: 55
    55: 1171
    56: 254
    57: 250
    58: 333
    59: 149
    60: 62
    61: 702
    62: 712
    63: 251
    64: 338
    65: 164
    66: 47
    67: 714
    68: 536
    69: 424
    70: 366
    71: 141
    72: 39
    73: 681
    74: 529
    75: 462
    76: 371
    77: 148
    78: 37
    79: 689
    80: 598
    81: 404
    82: 449
    83: 68
    84: 44
    85: 57
    86: 1207
    87: 390
    88: 469
    89: 74
    90: 45
    91: 52
    92: 793
    93: 777
    94: 360
    95: 199
    96: 48
    97: 57
    98: 684
    99: 81512
   wrmlh: # Latency histogram for write requests
    0: 0
    1: 0
    2: 0
    3: 0
    4: 0
    5: 8
    6: 1
    7: 9
    8: 9
    9: 13
    10: 4
    11: 9
    12: 34
    13: 33
    14: 71
    15: 42
    16: 73
    17: 46
    18: 36
    19: 26
    20: 31
    21: 26
    22: 60
    23: 45
    24: 53
    25: 59
    26: 85
    27: 39
    28: 41
    29: 43
    30: 60
    31: 52
    32: 64
    33: 41
    34: 66
    35: 61
    36: 77
    37: 43
    38: 53
    39: 61
    40: 51
    41: 55
    42: 46
    43: 46
    44: 75
    45: 58
    46: 55
    47: 101
    48: 75
    49: 91
    50: 82
    51: 67
    52: 37
    53: 39
    54: 53
    55: 70
    56: 46
    57: 44
    58: 42
    59: 48
    60: 37
    61: 14
    62: 35
    63: 44
    64: 34
    65: 12
    66: 13
    67: 29
    68: 35
    69: 25
    70: 13
    71: 21
    72: 19
    73: 21
    74: 11
    75: 20
    76: 25
    77: 18
    78: 13
    79: 14
    80: 10
    81: 13
    82: 10
    83: 13
    84: 5
    85: 12
    86: 7
    87: 8
    88: 10
    89: 2
    90: 5
    91: 10
    92: 4
    93: 0
    94: 4
    95: 2
    96: 2
    97: 2
    98: 2
    99: 5987
   ACT: 125091 # Activate commands
   PRE: 141602 # Precharge commands
   RD: 115875 # Read commands
   WR: 9216 # Write commands
   REF: 6091 # Refresh commands
   eACTPRE: 37902573 # Activate/precharge energy
   eRDWR: 168926796 # Read/write energy
   eREF: 20264757 # Refresh energy
   eBKGD: 451404457 # Background energy
   eWIRE: 19138923 # Channel wire energy
  mem-1: # Memory channel stats
   rd: 115968 # Read requests
   wr: 9216 # Write requests
   rdlat: 938560311 # Total latency experienced by read requests
   wrlat: 313052066 # Total latency experienced by write requests
   rdmlh: # Latency histogram for read requests
    0: 0
    1: 0
    2: 0
    3: 0
    4: 0
    5: 1015
    6: 1087
    7: 158
    8: 1
    9: 2
    10: 1
    11: 796
    12: 1278
    13: 138
    14: 1
    15: 1
    16: 2
    17: 951
    18: 926
    19: 304
    20: 4
    21: 0
    22: 79
    23: 175
    24: 1698
    25: 208
    26: 6
    27: 3
    28: 87
    29: 341
    30: 861
    31: 854
    32: 9
    33: 6
    34: 91
    35: 346
    36: 834
    37: 702
    38: 183
    39: 12
    40: 92
    41: 373
    42: 802
    43: 715
    44: 169
    45: 11
    46: 252
    47: 219
    48: 767
    49: 560
    50: 357
    51: 89
    52: 186
    53: 304
    54: 58
    55: 1183
    56: 255
    57: 244
    58: 345
    59: 165
    60: 53
    61: 709
    62: 712
    63: 251
    64: 344
    65: 166
    66: 48
    67: 726
    68: 528
    69: 416
    70: 366
    71: 141
    72: 39
    73: 693
    74: 514
    75: 464
    76: 369
    77: 128
    78: 47
    79: 712
    80: 569
    81: 408
    82: 432
    83: 53
    84: 48
    85: 66
    86: 1205
    87: 405
    88: 439
    89: 49
    90: 59
    91: 66
    92: 803
    93: 781
    94: 346
    95: 174
    96: 65
    97: 65
    98: 700
    99: 81503
   wrmlh: # Latency histogram for write requests
    0: 0
    1: 0
    2: 0
    3: 0
    4: 0
    5: 7
    6: 0
    7: 8
    8: 11
    9: 13
    10: 9
    11: 2
    12: 31
    13: 33
    14: 63
    15: 44
    16: 71
    17: 47
    18: 48
    19: 26
    20: 25
    21: 20
    22: 47
    23: 43
    24: 64
    25: 54
    26: 99
    27: 43
    28: 60
    29: 40
    30: 64
    31: 54
    32: 62
    33: 54
    34: 93
    35: 84
    36: 101
    37: 45
    38: 68
    39: 76
    40: 71
    41: 43
    42: 55
    43: 52
    44: 82
    45: 47
    46: 44
    47: 42
    48: 58
    49: 46
    50: 41
    51: 24
    52: 33
    53: 49
    54: 59
    55: 45
    56: 42
    57: 36
    58: 34
    59: 52
    60: 38
    61: 27
    62: 44
    63: 48
    64: 34
    65: 20
    66: 28
    67: 43
    68: 42
    69: 16
    70: 21
    71: 22
    72: 29
    73: 22
    74: 18
    75: 22
    76: 30
    77: 19
    78: 22
    79: 15
    80: 12
    81: 16
    82: 10
    83: 8
    84: 4
    85: 10
    86: 14
    87: 5
    88: 7
    89: 4
    90: 5
    91: 6
    92: 1
    93: 2
    94: 7
    95: 0
    96: 3
    97: 3
    98: 1
    99: 5974
   ACT: 125184 # Activate commands
   PRE: 141725 # Precharge commands
   RD: 115968 # Read commands
   WR: 9216 # Write commands
   REF: 6091 # Refresh commands
   eACTPRE: 37930752 # Activate/precharge energy
   eRDWR: 169052160 # Read/write energy
   eREF: 20264757 # Refresh energy
   eBKGD: 451402661 # Background energy
   eWIRE: 19153152 # Channel wire energy
  mem-2: # Memory channel stats
   rd: 132010 # Read requests
   wr: 11008 # Write requests
   rdlat: 1291498047 # Total latency experienced by read requests
   wrlat: 537320264 # Total latency experienced by write requests
   rdmlh: # Latency histogram for read requests
    0: 0
    1: 0
    2: 0
    3: 0
    4: 0
    5: 1008
    6: 1061
    7: 225
    8: 0
    9: 2
    10: 3
    11: 456
    12: 1609
    13: 171
    14: 1
    15: 2
    16: 5
    17: 620
    18: 1088
    19: 493
    20: 1
    21: 4
    22: 40
    23: 136
    24: 1632
    25: 389
    26: 4
    27: 8
    28: 44
    29: 278
    30: 696
    31: 1170
    32: 8
    33: 14
    34: 52
    35: 273
    36: 658
    37: 855
    38: 357
    39: 18
    40: 60
    41: 340
    42: 584
    43: 885
    44: 331
    45: 23
    46: 178
    47: 222
    48: 515
    49: 489
    50: 797
    51: 55
    52: 156
    53: 312
    54: 71
    55: 833
    56: 538
    57: 362
    58: 285
    59: 191
    60: 69
    61: 482
    62: 874
    63: 369
    64: 285
    65: 217
    66: 48
    67: 497
    68: 429
    69: 796
    70: 339
    71: 157
    72: 43
    73: 409
    74: 457
    75: 677
    76: 522
    77: 154
    78: 49
    79: 475
    80: 429
    81: 652
    82: 590
    83: 77
    84: 49
    85: 64
    86: 839
    87: 354
    88: 898
    89: 76
    90: 48
    91: 66
    92: 543
    93: 619
    94: 676
    95: 334
    96: 50
    97: 60
    98: 472
    99: 97158
   wrmlh: # Latency histogram for write requests
    0: 0
    1: 0
    2: 0
    3: 0
    4: 0
    5: 7
    6: 8
    7: 15
    8: 7
    9: 13
    10: 8
    11: 10
    12: 29
    13: 36
    14: 68
    15: 56
    16: 60
    17: 43
    18: 38
    19: 18
    20: 17
    21: 20
    22: 40
    23: 55
    24: 72
    25: 45
    26: 76
    27: 39
    28: 25
    29: 34
    30: 47
    31: 42
    32: 73
    33: 54
    34: 80
    35: 64
    36: 97
    37: 65
    38: 87
    39: 72
    40: 104
    41: 67
    42: 65
    43: 74
    44: 81
    45: 42
    46: 57
    47: 46
    48: 48
    49: 46
    50: 38
    51: 39
    52: 66
    53: 29
    54: 25
    55: 34
    56: 39
    57: 17
    58: 37
    59: 38
    60: 44
    61: 31
    62: 26
    63: 25
    64: 43
    65: 21
    66: 24
    67: 23
    68: 47
    69: 27
    70: 29
    71: 23
    72: 33
    73: 24
    74: 16
    75: 23
    76: 26
    77: 18
    78: 16
    79: 20
    80: 17
    81: 18
    82: 14
    83: 14
    84: 13
    85: 4
    86: 11
    87: 3
    88: 8
    89: 5
    90: 9
    91: 4
    92: 8
    93: 3
    94: 6
    95: 2
    96: 4
    97: 3
    98: 5
    99: 7806
   ACT: 143018 # Activate commands
   PRE: 160535 # Precharge commands
   RD: 132010 # Read commands
   WR: 11008 # Write commands
   REF: 6091 # Refresh commands
   eACTPRE: 43334454 # Activate/precharge energy
   eRDWR: 193151528 # Read/write energy
   eREF: 20264757 # Refresh energy
   eBKGD: 451582739 # Background energy
   eWIRE: 21881754 # Channel wire energy
  mem-3: # Memory channel stats
   rd: 132096 # Read requests
   wr: 11008 # Write requests
   rdlat: 1292931191 # Total latency experienced by read requests
   wrlat: 538150150 # Total latency experienced by write requests
   rdmlh: # Latency histogram for read requests
    0: 0
    1: 0
    2: 0
    3: 0
    4: 0
    5: 1009
    6: 1055
    7: 223
    8: 0
    9: 1
    10: 4
    11: 463
    12: 1599
    13: 171
    14: 1
    15: 2
    16: 4
    17: 616
    18: 1087
    19: 493
    20: 1
    21: 2
    22: 35
    23: 135
    24: 1632
    25: 385
    26: 2
    27: 5
    28: 44
    29: 269
    30: 702
    31: 1177
    32: 6
    33: 6
    34: 50
    35: 276
    36: 646
    37: 876
    38: 354
    39: 12
    40: 52
    41: 343
    42: 581
    43: 896
    44: 321
    45: 14
    46: 177
    47: 232
    48: 509
    49: 509
    50: 771
    51: 48
    52: 142
    53: 329
    54: 71
    55: 833
    56: 533
    57: 344
    58: 277
    59: 219
    60: 66
    61: 472
    62: 882
    63: 354
    64: 280
    65: 227
    66: 55
    67: 494
    68: 443
    69: 768
    70: 335
    71: 164
    72: 60
    73: 408
    74: 457
    75: 684
    76: 498
    77: 162
    78: 64
    79: 469
    80: 433
    81: 652
    82: 595
    83: 70
    84: 67
    85: 65
    86: 835
    87: 377
    88: 883
    89: 72
    90: 61
    91: 62
    92: 541
    93: 635
    94: 673
    95: 313
    96: 54
    97: 71
    98: 459
    99: 97292
   wrmlh: # Latency histogram for write requests
    0: 0
    1: 0
    2: 0
    3: 0
    4: 0
    5: 6
    6: 5
    7: 12
    8: 6
    9: 13
    10: 6
    11: 6
    12: 35
    13: 34
    14: 51
    15: 42
    16: 48
    17: 37
    18: 40
    19: 20
    20: 26
    21: 32
    22: 33
    23: 38
    24: 63
    25: 43
    26: 63
    27: 38
    28: 32
    29: 30
    30: 49
    31: 48
    32: 66
    33: 50
    34: 88
    35: 77
    36: 87
    37: 69
    38: 90
    39: 77
    40: 99
    41: 65
    42: 71
    43: 80
    44: 91
    45: 38
    46: 41
    47: 57
    48: 47
    49: 53
    50: 31
    51: 41
    52: 56
    53: 39
    54: 30
    55: 34
    56: 40
    57: 28
    58: 38
    59: 24
    60: 49
    61: 33
    62: 28
    63: 24
    64: 39
    65: 22
    66: 23
    67: 32
    68: 25
    69: 18
    70: 30
    71: 22
    72: 19
    73: 23
    74: 19
    75: 20
    76: 18
    77: 13
    78: 18
    79: 15
    80: 17
    81: 9
    82: 14
    83: 8
    84: 13
    85: 9
    86: 13
    87: 12
    88: 10
    89: 10
    90: 11
    91: 5
    92: 15
    93: 9
    94: 5
    95: 2
    96: 9
    97: 4
    98: 4
    99: 7876
   ACT: 143104 # Activate commands
   PRE: 160641 # Precharge commands
   RD: 132096 # Read commands
   WR: 11008 # Write commands
   REF: 6091 # Refresh commands
   eACTPRE: 43360512 # Activate/precharge energy
   eRDWR: 193267456 # Read/write energy
   eREF: 20264757 # Refresh energy
   eBKGD: 451561272 # Background energy
   eWIRE: 21894912 # Channel wire energy
 itcn: # Interconnect stats
  itcn-r0: # Router stats
   trans: 0 # Transfers
   size: 0 # Total transferred data
  itcn-r1: # Router stats
   trans: 0 # Transfers
   size: 0 # Total transferred data
  itcn-r2: # Router stats
   trans: 0 # Transfers
   size: 0 # Total transferred data
  itcn-r3: # Router stats
   trans: 0 # Transfers
   size: 0 # Total transferred data
 sched: # Scheduler stats
  thCr: 0 # Threads created
  thFn: 0 # Threads finished
  schedEvs: 0 # Schedule events
  waitEvs: 0 # Wait events
  handoffEvs: 0 # Handoff events
  sleepEvs: 0 # Sleep events
  idlePhases: 0 # Phases with no thread active
  idlePeriods: 0 # Periods with no thread active
  occHist: # Occupancy histogram
   0: 1187
   1: 0
   2: 0
   3: 0
   4: 0
  rqSzHist: # Run queue size histogram
   0: 1187
   1: 0
   2: 0
   3: 0
   4: 0
   5: 0
   6: 0
   7: 0
   8: 0
   9: 0
   10: 0
   11: 0
   12: 0
   13: 0
   14: 0
   15: 0
   16: 0
 procCycles: # Per-process unhalted core cycles
  0: 0
  1: 0
  2: 0
  3: 0
  4: 0
  5: 0
  6: 0
  7: 0
  8: 0
  9: 0
  10: 0
  11: 0
  12: 0
  13: 0
  14: 0
  15: 0
  16: 0
  17: 0
  18: 0
  19: 0
  20: 0
  21: 0
  22: 0
  23: 0
  24: 0
  25: 0
  26: 0
  27: 0
  28: 0
  29: 0
  30: 0
  31: 0
 procInstrs: # Per-process instructions
  0: 0
  1: 0
  2: 0
  3: 0
  4: 0
  5: 0
  6: 0
  7: 0
  8: 0
  9: 0
  10: 0
  11: 0
  12: 0
  13: 0
  14: 0
  15: 0
  16: 0
  17: 0
  18: 0
  19: 0
  20: 0
  21: 0
  22: 0
  23: 0
  24: 0
  25: 0
  26: 0
  27: 0
  28: 0
  29: 0
  30: 0
  31: 0
 heartbeats: # Per-process heartbeats
  0: 0
  1: 0
  2: 0
  3: 0
  4: 0
  5: 0
  6: 0
  7: 0
  8: 0
  9: 0
  10: 0
  11: 0
  12: 0
  13: 0
  14: 0
  15: 0
  16: 0
  17: 0
  18: 0
  19: 0
  20: 0
  21: 0
  22: 0
  23: 0
  24: 0
  25: 0
  26: 0
  27: 0
  28: 0
  29: 0
  30: 0
  31: 0
===
