# zsim stats
===
root: # Stats
 contention: # Contention simulation stats
  domain-0: # Domain stats
   time: 1027936735924 # Weave simulation time
 time: # Simulator time breakdown
  init: 729879691
  bound: 74346082858
  weave: 1128486147655
  ff: 1200581293
 trigger: 20000 # Reason for this stats dump
 phase: 6897 # Simulated phases
 l: # Logic unit stats
  l-0: # Logic unit stats
   cycles: 68966237 # Simulated unhalted cycles
   cCycles: 59393313 # Cycles due to contention stalls
   ops: 558208 # Simulated operations
   compOps: 1024 # Simulated compute operations
  l-1: # Logic unit stats
   cycles: 68914311 # Simulated unhalted cycles
   cCycles: 59330538 # Cycles due to contention stalls
   ops: 558208 # Simulated operations
   compOps: 1024 # Simulated compute operations
  l-2: # Logic unit stats
   cycles: 68931463 # Simulated unhalted cycles
   cCycles: 59354204 # Cycles due to contention stalls
   ops: 558208 # Simulated operations
   compOps: 1024 # Simulated compute operations
  l-3: # Logic unit stats
   cycles: 68948855 # Simulated unhalted cycles
   cCycles: 59371808 # Cycles due to contention stalls
   ops: 558208 # Simulated operations
   compOps: 1024 # Simulated compute operations
 c: # Core stats
  c-0: # Core stats
   cycles: 0 # Simulated cycles
   instrs: 0 # Simulated instructions
 rdbuf: # Cache stats
  rdbuf-0: # Filter cache stats
   fhGETS: 0 # Filtered GETS hits
   fhGETX: 0 # Filtered GETX hits
   hGETS: 0 # GETS hits
   hGETX: 0 # GETX hits
   mGETS: 2178048 # GETS misses
   mGETXIM: 0 # GETX I->M misses
   mGETXSM: 0 # GETX S->M misses (upgrade misses)
   PUTS: 0 # Clean evictions (from lower level)
   PUTX: 0 # Dirty evictions (from lower level)
   INV: 0 # Invalidates (from upper level)
   INVX: 128 # Downgrades (from upper level)
   FWD: 0 # Forwards (from upper level)
   latGETnl: 52185450 # GET request latency on next level
   latGETnet: 0 # GET request latency on network to next level
  rdbuf-1: # Filter cache stats
   fhGETS: 0 # Filtered GETS hits
   fhGETX: 0 # Filtered GETX hits
   hGETS: 0 # GETS hits
   hGETX: 0 # GETX hits
   mGETS: 2178048 # GETS misses
   mGETXIM: 0 # GETX I->M misses
   mGETXSM: 0 # GETX S->M misses (upgrade misses)
   PUTS: 0 # Clean evictions (from lower level)
   PUTX: 0 # Dirty evictions (from lower level)
   INV: 0 # Invalidates (from upper level)
   INVX: 397 # Downgrades (from upper level)
   FWD: 0 # Forwards (from upper level)
   latGETnl: 53066997 # GET request latency on next level
   latGETnet: 0 # GET request latency on network to next level
  rdbuf-2: # Filter cache stats
   fhGETS: 0 # Filtered GETS hits
   fhGETX: 0 # Filtered GETX hits
   hGETS: 0 # GETS hits
   hGETX: 0 # GETX hits
   mGETS: 2178048 # GETS misses
   mGETXIM: 0 # GETX I->M misses
   mGETXSM: 0 # GETX S->M misses (upgrade misses)
   PUTS: 0 # Clean evictions (from lower level)
   PUTX: 0 # Dirty evictions (from lower level)
   INV: 0 # Invalidates (from upper level)
   INVX: 294 # Downgrades (from upper level)
   FWD: 0 # Forwards (from upper level)
   latGETnl: 52540028 # GET request latency on next level
   latGETnet: 0 # GET request latency on network to next level
  rdbuf-3: # Filter cache stats
   fhGETS: 0 # Filtered GETS hits
   fhGETX: 0 # Filtered GETX hits
   hGETS: 0 # GETS hits
   hGETX: 0 # GETX hits
   mGETS: 2178048 # GETS misses
   mGETXIM: 0 # GETX I->M misses
   mGETXSM: 0 # GETX S->M misses (upgrade misses)
   PUTS: 0 # Clean evictions (from lower level)
   PUTX: 0 # Dirty evictions (from lower level)
   INV: 0 # Invalidates (from upper level)
   INVX: 409 # Downgrades (from upper level)
   FWD: 0 # Forwards (from upper level)
   latGETnl: 52523691 # GET request latency on next level
   latGETnet: 0 # GET request latency on network to next level
 wrbuf: # Cache stats
  wrbuf-0: # Filter cache stats
   fhGETS: 0 # Filtered GETS hits
   fhGETX: 0 # Filtered GETX hits
   hGETS: 0 # GETS hits
   hGETX: 0 # GETX hits
   mGETS: 0 # GETS misses
   mGETXIM: 1024 # GETX I->M misses
   mGETXSM: 0 # GETX S->M misses (upgrade misses)
   PUTS: 0 # Clean evictions (from lower level)
   PUTX: 0 # Dirty evictions (from lower level)
   INV: 2 # Invalidates (from upper level)
   INVX: 0 # Downgrades (from upper level)
   FWD: 0 # Forwards (from upper level)
   latGETnl: 31838 # GET request latency on next level
   latGETnet: 0 # GET request latency on network to next level
  wrbuf-1: # Filter cache stats
   fhGETS: 0 # Filtered GETS hits
   fhGETX: 0 # Filtered GETX hits
   hGETS: 0 # GETS hits
   hGETX: 0 # GETX hits
   mGETS: 0 # GETS misses
   mGETXIM: 1024 # GETX I->M misses
   mGETXSM: 0 # GETX S->M misses (upgrade misses)
   PUTS: 0 # Clean evictions (from lower level)
   PUTX: 0 # Dirty evictions (from lower level)
   INV: 2 # Invalidates (from upper level)
   INVX: 0 # Downgrades (from upper level)
   FWD: 0 # Forwards (from upper level)
   latGETnl: 32706 # GET request latency on next level
   latGETnet: 0 # GET request latency on network to next level
  wrbuf-2: # Filter cache stats
   fhGETS: 0 # Filtered GETS hits
   fhGETX: 0 # Filtered GETX hits
   hGETS: 0 # GETS hits
   hGETX: 0 # GETX hits
   mGETS: 0 # GETS misses
   mGETXIM: 1024 # GETX I->M misses
   mGETXSM: 0 # GETX S->M misses (upgrade misses)
   PUTS: 0 # Clean evictions (from lower level)
   PUTX: 0 # Dirty evictions (from lower level)
   INV: 2 # Invalidates (from upper level)
   INVX: 0 # Downgrades (from upper level)
   FWD: 0 # Forwards (from upper level)
   latGETnl: 32768 # GET request latency on next level
   latGETnet: 0 # GET request latency on network to next level
  wrbuf-3: # Filter cache stats
   fhGETS: 0 # Filtered GETS hits
   fhGETX: 0 # Filtered GETX hits
   hGETS: 0 # GETS hits
   hGETX: 0 # GETX hits
   mGETS: 0 # GETS misses
   mGETXIM: 1024 # GETX I->M misses
   mGETXSM: 0 # GETX S->M misses (upgrade misses)
   PUTS: 0 # Clean evictions (from lower level)
   PUTX: 0 # Dirty evictions (from lower level)
   INV: 2 # Invalidates (from upper level)
   INVX: 0 # Downgrades (from upper level)
   FWD: 0 # Forwards (from upper level)
   latGETnl: 32737 # GET request latency on next level
   latGETnet: 0 # GET request latency on network to next level
 gbuf: # Cache stats
  gbuf-0b0: # Cache stats
   hGETS: 276102 # GETS hits
   hGETX: 6 # GETX hits
   mGETS: 812922 # GETS misses
   mGETXIM: 506 # GETX I->M misses
   mGETXSM: 0 # GETX S->M misses (upgrade misses)
   PUTS: 1089024 # Clean evictions (from lower level)
   PUTX: 512 # Dirty evictions (from lower level)
   INV: 0 # Invalidates (from upper level)
   INVX: 0 # Downgrades (from upper level)
   FWD: 0 # Forwards (from upper level)
   latGETnl: 25216268 # GET request latency on next level
   latGETnet: 0 # GET request latency on network to next level
  gbuf-0b1: # Cache stats
   hGETS: 276105 # GETS hits
   hGETX: 6 # GETX hits
   mGETS: 812919 # GETS misses
   mGETXIM: 506 # GETX I->M misses
   mGETXSM: 0 # GETX S->M misses (upgrade misses)
   PUTS: 1089024 # Clean evictions (from lower level)
   PUTX: 512 # Dirty evictions (from lower level)
   INV: 0 # Invalidates (from upper level)
   INVX: 0 # Downgrades (from upper level)
   FWD: 0 # Forwards (from upper level)
   latGETnl: 25216175 # GET request latency on next level
   latGETnet: 0 # GET request latency on network to next level
  gbuf-0b2: # Cache stats
   hGETS: 276105 # GETS hits
   hGETX: 3 # GETX hits
   mGETS: 812919 # GETS misses
   mGETXIM: 509 # GETX I->M misses
   mGETXSM: 0 # GETX S->M misses (upgrade misses)
   PUTS: 1089024 # Clean evictions (from lower level)
   PUTX: 512 # Dirty evictions (from lower level)
   INV: 0 # Invalidates (from upper level)
   INVX: 0 # Downgrades (from upper level)
   FWD: 0 # Forwards (from upper level)
   latGETnl: 25216268 # GET request latency on next level
   latGETnet: 0 # GET request latency on network to next level
  gbuf-0b3: # Cache stats
   hGETS: 276104 # GETS hits
   hGETX: 4 # GETX hits
   mGETS: 812920 # GETS misses
   mGETXIM: 508 # GETX I->M misses
   mGETXSM: 0 # GETX S->M misses (upgrade misses)
   PUTS: 1089024 # Clean evictions (from lower level)
   PUTX: 512 # Dirty evictions (from lower level)
   INV: 0 # Invalidates (from upper level)
   INVX: 0 # Downgrades (from upper level)
   FWD: 0 # Forwards (from upper level)
   latGETnl: 25216268 # GET request latency on next level
   latGETnet: 0 # GET request latency on network to next level
  gbuf-0b4: # Cache stats
   hGETS: 276106 # GETS hits
   hGETX: 4 # GETX hits
   mGETS: 812918 # GETS misses
   mGETXIM: 508 # GETX I->M misses
   mGETXSM: 0 # GETX S->M misses (upgrade misses)
   PUTS: 1089024 # Clean evictions (from lower level)
   PUTX: 512 # Dirty evictions (from lower level)
   INV: 0 # Invalidates (from upper level)
   INVX: 0 # Downgrades (from upper level)
   FWD: 0 # Forwards (from upper level)
   latGETnl: 25216206 # GET request latency on next level
   latGETnet: 0 # GET request latency on network to next level
  gbuf-0b5: # Cache stats
   hGETS: 276104 # GETS hits
   hGETX: 4 # GETX hits
   mGETS: 812920 # GETS misses
   mGETXIM: 508 # GETX I->M misses
   mGETXSM: 0 # GETX S->M misses (upgrade misses)
   PUTS: 1089024 # Clean evictions (from lower level)
   PUTX: 512 # Dirty evictions (from lower level)
   INV: 0 # Invalidates (from upper level)
   INVX: 0 # Downgrades (from upper level)
   FWD: 0 # Forwards (from upper level)
   latGETnl: 25216268 # GET request latency on next level
   latGETnet: 0 # GET request latency on network to next level
  gbuf-0b6: # Cache stats
   hGETS: 276107 # GETS hits
   hGETX: 3 # GETX hits
   mGETS: 812917 # GETS misses
   mGETXIM: 509 # GETX I->M misses
   mGETXSM: 0 # GETX S->M misses (upgrade misses)
   PUTS: 1089024 # Clean evictions (from lower level)
   PUTX: 512 # Dirty evictions (from lower level)
   INV: 0 # Invalidates (from upper level)
   INVX: 0 # Downgrades (from upper level)
   FWD: 0 # Forwards (from upper level)
   latGETnl: 25216206 # GET request latency on next level
   latGETnet: 0 # GET request latency on network to next level
  gbuf-0b7: # Cache stats
   hGETS: 276105 # GETS hits
   hGETX: 3 # GETX hits
   mGETS: 812919 # GETS misses
   mGETXIM: 509 # GETX I->M misses
   mGETXSM: 0 # GETX S->M misses (upgrade misses)
   PUTS: 1089020 # Clean evictions (from lower level)
   PUTX: 504 # Dirty evictions (from lower level)
   INV: 0 # Invalidates (from upper level)
   INVX: 0 # Downgrades (from upper level)
   FWD: 0 # Forwards (from upper level)
   latGETnl: 25216268 # GET request latency on next level
   latGETnet: 0 # GET request latency on network to next level
 mem: # Memory controller stats
  mem-0: # Memory channel stats
   rd: 6507417 # Read requests
   wr: 4096 # Write requests
   rdlat: 326026291689 # Total latency experienced by read requests
   wrlat: 3274156362 # Total latency experienced by write requests
   rdmlh: # Latency histogram for read requests
    0: 0
    1: 0
    2: 0
    3: 0
    4: 0
    5: 12
    6: 5
    7: 2
    8: 7
    9: 4
    10: 5
    11: 2
    12: 4
    13: 1
    14: 4
    15: 4
    16: 3
    17: 1
    18: 2
    19: 4
    20: 3
    21: 2
    22: 1
    23: 1
    24: 0
    25: 3
    26: 2
    27: 3
    28: 1
    29: 0
    30: 4
    31: 3
    32: 3
    33: 1
    34: 0
    35: 1
    36: 2
    37: 4
    38: 3
    39: 2
    40: 0
    41: 1
    42: 3
    43: 3
    44: 5
    45: 1
    46: 0
    47: 0
    48: 1
    49: 3
    50: 4
    51: 4
    52: 1
    53: 1
    54: 2
    55: 3
    56: 5
    57: 2
    58: 0
    59: 1
    60: 1
    61: 4
    62: 2
    63: 3
    64: 3
    65: 1
    66: 3
    67: 2
    68: 3
    69: 1
    70: 3
    71: 1
    72: 2
    73: 4
    74: 3
    75: 2
    76: 3
    77: 4
    78: 3
    79: 2
    80: 0
    81: 2
    82: 1
    83: 3
    84: 2
    85: 4
    86: 1
    87: 1
    88: 3
    89: 4
    90: 5
    91: 1
    92: 0
    93: 0
    94: 3
    95: 3
    96: 3
    97: 3
    98: 1
    99: 6507188
   wrmlh: # Latency histogram for write requests
    0: 0
    1: 0
    2: 0
    3: 0
    4: 0
    5: 26
    6: 3
    7: 9
    8: 1
    9: 1
    10: 3
    11: 8
    12: 6
    13: 8
    14: 10
    15: 7
    16: 7
    17: 6
    18: 8
    19: 4
    20: 6
    21: 7
    22: 7
    23: 8
    24: 8
    25: 7
    26: 6
    27: 5
    28: 7
    29: 5
    30: 6
    31: 9
    32: 6
    33: 13
    34: 6
    35: 4
    36: 4
    37: 9
    38: 5
    39: 4
    40: 9
    41: 17
    42: 8
    43: 8
    44: 3
    45: 5
    46: 8
    47: 6
    48: 9
    49: 14
    50: 4
    51: 8
    52: 10
    53: 8
    54: 6
    55: 5
    56: 10
    57: 13
    58: 5
    59: 11
    60: 8
    61: 14
    62: 7
    63: 6
    64: 5
    65: 8
    66: 5
    67: 3
    68: 9
    69: 15
    70: 14
    71: 2
    72: 7
    73: 3
    74: 4
    75: 7
    76: 13
    77: 10
    78: 10
    79: 10
    80: 5
    81: 4
    82: 5
    83: 10
    84: 10
    85: 5
    86: 9
    87: 10
    88: 12
    89: 8
    90: 13
    91: 5
    92: 5
    93: 9
    94: 5
    95: 8
    96: 7
    97: 9
    98: 6
    99: 3385
   ACT: 6511513 # Activate commands
   PRE: 6615378 # Precharge commands
   RD: 6507417 # Read commands
   WR: 4096 # Write commands
   REF: 35388 # Refresh commands
   eACTPRE: 1972988439 # Activate/precharge energy
   eRDWR: 8777654692 # Read/write energy
   eREF: 117735876 # Refresh energy
   eBKGD: 2200123489 # Background energy
   eWIRE: 996261489 # Channel wire energy
 sched: # Scheduler stats
  thCr: 0 # Threads created
  thFn: 0 # Threads finished
  schedEvs: 0 # Schedule events
  waitEvs: 0 # Wait events
  handoffEvs: 0 # Handoff events
  sleepEvs: 0 # Sleep events
  idlePhases: 0 # Phases with no thread active
  idlePeriods: 0 # Periods with no thread active
  occHist: # Occupancy histogram
   0: 6897
   1: 0
  rqSzHist: # Run queue size histogram
   0: 6897
   1: 0
   2: 0
   3: 0
   4: 0
   5: 0
   6: 0
   7: 0
   8: 0
   9: 0
   10: 0
   11: 0
   12: 0
   13: 0
   14: 0
   15: 0
   16: 0
 procCycles: # Per-process unhalted core cycles
  0: 0
  1: 0
  2: 0
  3: 0
  4: 0
  5: 0
  6: 0
  7: 0
  8: 0
  9: 0
  10: 0
  11: 0
  12: 0
  13: 0
  14: 0
  15: 0
  16: 0
  17: 0
  18: 0
  19: 0
  20: 0
  21: 0
  22: 0
  23: 0
  24: 0
  25: 0
  26: 0
  27: 0
  28: 0
  29: 0
  30: 0
  31: 0
 procInstrs: # Per-process instructions
  0: 0
  1: 0
  2: 0
  3: 0
  4: 0
  5: 0
  6: 0
  7: 0
  8: 0
  9: 0
  10: 0
  11: 0
  12: 0
  13: 0
  14: 0
  15: 0
  16: 0
  17: 0
  18: 0
  19: 0
  20: 0
  21: 0
  22: 0
  23: 0
  24: 0
  25: 0
  26: 0
  27: 0
  28: 0
  29: 0
  30: 0
  31: 0
 heartbeats: # Per-process heartbeats
  0: 0
  1: 0
  2: 0
  3: 0
  4: 0
  5: 0
  6: 0
  7: 0
  8: 0
  9: 0
  10: 0
  11: 0
  12: 0
  13: 0
  14: 0
  15: 0
  16: 0
  17: 0
  18: 0
  19: 0
  20: 0
  21: 0
  22: 0
  23: 0
  24: 0
  25: 0
  26: 0
  27: 0
  28: 0
  29: 0
  30: 0
  31: 0
===
