# zsim stats
===
root: # Stats
 contention: # Contention simulation stats
  domain-0: # Domain stats
   time: 154160891590 # Weave simulation time
 time: # Simulator time breakdown
  init: 668220947
  bound: 1500915563672
  weave: 182042057188
  ff: 1133389459
 trigger: 20000 # Reason for this stats dump
 phase: 20484 # Simulated phases
 l: # Logic unit stats
  l-0: # Logic unit stats
   cycles: 204720501 # Simulated unhalted cycles
   cCycles: 28045585 # Cycles due to contention stalls
   ops: 125440 # Simulated operations
   compOps: 512 # Simulated compute operations
  l-1: # Logic unit stats
   cycles: 204712445 # Simulated unhalted cycles
   cCycles: 28035840 # Cycles due to contention stalls
   ops: 125440 # Simulated operations
   compOps: 512 # Simulated compute operations
  l-2: # Logic unit stats
   cycles: 204837551 # Simulated unhalted cycles
   cCycles: 28162985 # Cycles due to contention stalls
   ops: 125440 # Simulated operations
   compOps: 512 # Simulated compute operations
  l-3: # Logic unit stats
   cycles: 204638375 # Simulated unhalted cycles
   cCycles: 27969795 # Cycles due to contention stalls
   ops: 123392 # Simulated operations
   compOps: 512 # Simulated compute operations
 c: # Core stats
  c-0: # Core stats
   cycles: 0 # Simulated cycles
   instrs: 0 # Simulated instructions
 rdbuf: # Cache stats
  rdbuf-0: # Filter cache stats
   fhGETS: 0 # Filtered GETS hits
   fhGETX: 0 # Filtered GETX hits
   hGETS: 0 # GETS hits
   hGETX: 0 # GETX hits
   mGETS: 528384 # GETS misses
   mGETXIM: 0 # GETX I->M misses
   mGETXSM: 0 # GETX S->M misses (upgrade misses)
   PUTS: 0 # Clean evictions (from lower level)
   PUTX: 0 # Dirty evictions (from lower level)
   INV: 6 # Invalidates (from upper level)
   INVX: 183 # Downgrades (from upper level)
   FWD: 0 # Forwards (from upper level)
   latGETnl: 13216901 # GET request latency on next level
   latGETnet: 0 # GET request latency on network to next level
  rdbuf-1: # Filter cache stats
   fhGETS: 0 # Filtered GETS hits
   fhGETX: 0 # Filtered GETX hits
   hGETS: 0 # GETS hits
   hGETX: 0 # GETX hits
   mGETS: 528384 # GETS misses
   mGETXIM: 0 # GETX I->M misses
   mGETXSM: 0 # GETX S->M misses (upgrade misses)
   PUTS: 0 # Clean evictions (from lower level)
   PUTX: 0 # Dirty evictions (from lower level)
   INV: 8 # Invalidates (from upper level)
   INVX: 617 # Downgrades (from upper level)
   FWD: 0 # Forwards (from upper level)
   latGETnl: 14632299 # GET request latency on next level
   latGETnet: 0 # GET request latency on network to next level
  rdbuf-2: # Filter cache stats
   fhGETS: 0 # Filtered GETS hits
   fhGETX: 0 # Filtered GETX hits
   hGETS: 0 # GETS hits
   hGETX: 0 # GETX hits
   mGETS: 528384 # GETS misses
   mGETXIM: 0 # GETX I->M misses
   mGETXSM: 0 # GETX S->M misses (upgrade misses)
   PUTS: 0 # Clean evictions (from lower level)
   PUTX: 0 # Dirty evictions (from lower level)
   INV: 4 # Invalidates (from upper level)
   INVX: 4 # Downgrades (from upper level)
   FWD: 0 # Forwards (from upper level)
   latGETnl: 11870292 # GET request latency on next level
   latGETnet: 0 # GET request latency on network to next level
  rdbuf-3: # Filter cache stats
   fhGETS: 0 # Filtered GETS hits
   fhGETX: 0 # Filtered GETX hits
   hGETS: 0 # GETS hits
   hGETX: 0 # GETX hits
   mGETS: 499712 # GETS misses
   mGETXIM: 0 # GETX I->M misses
   mGETXSM: 0 # GETX S->M misses (upgrade misses)
   PUTS: 0 # Clean evictions (from lower level)
   PUTX: 0 # Dirty evictions (from lower level)
   INV: 8 # Invalidates (from upper level)
   INVX: 0 # Downgrades (from upper level)
   FWD: 0 # Forwards (from upper level)
   latGETnl: 13862138 # GET request latency on next level
   latGETnet: 0 # GET request latency on network to next level
 wrbuf: # Cache stats
  wrbuf-0: # Filter cache stats
   fhGETS: 0 # Filtered GETS hits
   fhGETX: 0 # Filtered GETX hits
   hGETS: 0 # GETS hits
   hGETX: 0 # GETX hits
   mGETS: 0 # GETS misses
   mGETXIM: 401408 # GETX I->M misses
   mGETXSM: 0 # GETX S->M misses (upgrade misses)
   PUTS: 0 # Clean evictions (from lower level)
   PUTX: 0 # Dirty evictions (from lower level)
   INV: 4 # Invalidates (from upper level)
   INVX: 0 # Downgrades (from upper level)
   FWD: 0 # Forwards (from upper level)
   latGETnl: 12845056 # GET request latency on next level
   latGETnet: 0 # GET request latency on network to next level
  wrbuf-1: # Filter cache stats
   fhGETS: 0 # Filtered GETS hits
   fhGETX: 0 # Filtered GETX hits
   hGETS: 0 # GETS hits
   hGETX: 0 # GETX hits
   mGETS: 0 # GETS misses
   mGETXIM: 401408 # GETX I->M misses
   mGETXSM: 0 # GETX S->M misses (upgrade misses)
   PUTS: 0 # Clean evictions (from lower level)
   PUTX: 0 # Dirty evictions (from lower level)
   INV: 4 # Invalidates (from upper level)
   INVX: 0 # Downgrades (from upper level)
   FWD: 0 # Forwards (from upper level)
   latGETnl: 12832904 # GET request latency on next level
   latGETnet: 0 # GET request latency on network to next level
  wrbuf-2: # Filter cache stats
   fhGETS: 0 # Filtered GETS hits
   fhGETX: 0 # Filtered GETX hits
   hGETS: 0 # GETS hits
   hGETX: 0 # GETX hits
   mGETS: 0 # GETS misses
   mGETXIM: 401408 # GETX I->M misses
   mGETXSM: 0 # GETX S->M misses (upgrade misses)
   PUTS: 0 # Clean evictions (from lower level)
   PUTX: 0 # Dirty evictions (from lower level)
   INV: 4 # Invalidates (from upper level)
   INVX: 0 # Downgrades (from upper level)
   FWD: 0 # Forwards (from upper level)
   latGETnl: 12841367 # GET request latency on next level
   latGETnet: 0 # GET request latency on network to next level
  wrbuf-3: # Filter cache stats
   fhGETS: 0 # Filtered GETS hits
   fhGETX: 0 # Filtered GETX hits
   hGETS: 0 # GETS hits
   hGETX: 0 # GETX hits
   mGETS: 0 # GETS misses
   mGETXIM: 401408 # GETX I->M misses
   mGETXSM: 0 # GETX S->M misses (upgrade misses)
   PUTS: 0 # Clean evictions (from lower level)
   PUTX: 0 # Dirty evictions (from lower level)
   INV: 4 # Invalidates (from upper level)
   INVX: 0 # Downgrades (from upper level)
   FWD: 0 # Forwards (from upper level)
   latGETnl: 12777600 # GET request latency on next level
   latGETnet: 0 # GET request latency on network to next level
 gbuf: # Cache stats
  gbuf-0b0: # Cache stats
   hGETS: 51522 # GETS hits
   hGETX: 336 # GETX hits
   mGETS: 209117 # GETS misses
   mGETXIM: 200368 # GETX I->M misses
   mGETXSM: 0 # GETX S->M misses (upgrade misses)
   PUTS: 260639 # Clean evictions (from lower level)
   PUTX: 200704 # Dirty evictions (from lower level)
   INV: 0 # Invalidates (from upper level)
   INVX: 0 # Downgrades (from upper level)
   FWD: 0 # Forwards (from upper level)
   latGETnl: 12694035 # GET request latency on next level
   latGETnet: 0 # GET request latency on network to next level
  gbuf-0b1: # Cache stats
   hGETS: 52265 # GETS hits
   hGETX: 336 # GETX hits
   mGETS: 208374 # GETS misses
   mGETXIM: 200368 # GETX I->M misses
   mGETXSM: 0 # GETX S->M misses (upgrade misses)
   PUTS: 260630 # Clean evictions (from lower level)
   PUTX: 200700 # Dirty evictions (from lower level)
   INV: 0 # Invalidates (from upper level)
   INVX: 0 # Downgrades (from upper level)
   FWD: 0 # Forwards (from upper level)
   latGETnl: 12671002 # GET request latency on next level
   latGETnet: 0 # GET request latency on network to next level
  gbuf-0b2: # Cache stats
   hGETS: 53281 # GETS hits
   hGETX: 332 # GETX hits
   mGETS: 207274 # GETS misses
   mGETXIM: 200372 # GETX I->M misses
   mGETXSM: 0 # GETX S->M misses (upgrade misses)
   PUTS: 260555 # Clean evictions (from lower level)
   PUTX: 200704 # Dirty evictions (from lower level)
   INV: 0 # Invalidates (from upper level)
   INVX: 0 # Downgrades (from upper level)
   FWD: 0 # Forwards (from upper level)
   latGETnl: 12637026 # GET request latency on next level
   latGETnet: 0 # GET request latency on network to next level
  gbuf-0b3: # Cache stats
   hGETS: 53281 # GETS hits
   hGETX: 333 # GETX hits
   mGETS: 207274 # GETS misses
   mGETXIM: 200371 # GETX I->M misses
   mGETXSM: 0 # GETX S->M misses (upgrade misses)
   PUTS: 260549 # Clean evictions (from lower level)
   PUTX: 200700 # Dirty evictions (from lower level)
   INV: 0 # Invalidates (from upper level)
   INVX: 0 # Downgrades (from upper level)
   FWD: 0 # Forwards (from upper level)
   latGETnl: 12636995 # GET request latency on next level
   latGETnet: 0 # GET request latency on network to next level
  gbuf-0b4: # Cache stats
   hGETS: 53336 # GETS hits
   hGETX: 336 # GETX hits
   mGETS: 207305 # GETS misses
   mGETXIM: 200368 # GETX I->M misses
   mGETXSM: 0 # GETX S->M misses (upgrade misses)
   PUTS: 260641 # Clean evictions (from lower level)
   PUTX: 200704 # Dirty evictions (from lower level)
   INV: 0 # Invalidates (from upper level)
   INVX: 0 # Downgrades (from upper level)
   FWD: 0 # Forwards (from upper level)
   latGETnl: 12637863 # GET request latency on next level
   latGETnet: 0 # GET request latency on network to next level
  gbuf-0b5: # Cache stats
   hGETS: 53336 # GETS hits
   hGETX: 336 # GETX hits
   mGETS: 207305 # GETS misses
   mGETXIM: 200368 # GETX I->M misses
   mGETXSM: 0 # GETX S->M misses (upgrade misses)
   PUTS: 260634 # Clean evictions (from lower level)
   PUTX: 200700 # Dirty evictions (from lower level)
   INV: 0 # Invalidates (from upper level)
   INVX: 0 # Downgrades (from upper level)
   FWD: 0 # Forwards (from upper level)
   latGETnl: 12637863 # GET request latency on next level
   latGETnet: 0 # GET request latency on network to next level
  gbuf-0b6: # Cache stats
   hGETS: 53292 # GETS hits
   hGETX: 339 # GETX hits
   mGETS: 207305 # GETS misses
   mGETXIM: 200365 # GETX I->M misses
   mGETXSM: 0 # GETX S->M misses (upgrade misses)
   PUTS: 260597 # Clean evictions (from lower level)
   PUTX: 200704 # Dirty evictions (from lower level)
   INV: 0 # Invalidates (from upper level)
   INVX: 0 # Downgrades (from upper level)
   FWD: 0 # Forwards (from upper level)
   latGETnl: 12637770 # GET request latency on next level
   latGETnet: 0 # GET request latency on network to next level
  gbuf-0b7: # Cache stats
   hGETS: 53365 # GETS hits
   hGETX: 339 # GETX hits
   mGETS: 207232 # GETS misses
   mGETXIM: 200365 # GETX I->M misses
   mGETXSM: 0 # GETX S->M misses (upgrade misses)
   PUTS: 260589 # Clean evictions (from lower level)
   PUTX: 200700 # Dirty evictions (from lower level)
   INV: 0 # Invalidates (from upper level)
   INVX: 0 # Downgrades (from upper level)
   FWD: 0 # Forwards (from upper level)
   latGETnl: 12635507 # GET request latency on next level
   latGETnet: 0 # GET request latency on network to next level
 mem: # Memory controller stats
  mem-0: # Memory channel stats
   rd: 3264131 # Read requests
   wr: 1605632 # Write requests
   rdlat: 4610901083191 # Total latency experienced by read requests
   wrlat: 4358087619910 # Total latency experienced by write requests
   rdmlh: # Latency histogram for read requests
    0: 0
    1: 0
    2: 0
    3: 0
    4: 0
    5: 2357
    6: 2351
    7: 3922
    8: 1578
    9: 3569
    10: 2714
    11: 1090
    12: 2113
    13: 2940
    14: 2045
    15: 2674
    16: 2626
    17: 1962
    18: 1099
    19: 2826
    20: 1865
    21: 3050
    22: 2275
    23: 2247
    24: 1684
    25: 1645
    26: 2372
    27: 3197
    28: 2025
    29: 2441
    30: 1778
    31: 2111
    32: 1695
    33: 2581
    34: 2138
    35: 2799
    36: 1734
    37: 2255
    38: 1298
    39: 2200
    40: 2085
    41: 3069
    42: 2306
    43: 2459
    44: 1616
    45: 1550
    46: 2005
    47: 2921
    48: 2278
    49: 2870
    50: 1426
    51: 2453
    52: 1496
    53: 2550
    54: 2133
    55: 3297
    56: 1896
    57: 2370
    58: 2548
    59: 2955
    60: 1947
    61: 1980
    62: 1271
    63: 2367
    64: 2184
    65: 2429
    66: 2096
    67: 2609
    68: 1941
    69: 2010
    70: 2109
    71: 2386
    72: 2190
    73: 2578
    74: 2257
    75: 2059
    76: 1920
    77: 2932
    78: 2034
    79: 2776
    80: 2366
    81: 2210
    82: 2090
    83: 2501
    84: 2079
    85: 2942
    86: 2305
    87: 2547
    88: 2027
    89: 2191
    90: 2127
    91: 3081
    92: 1849
    93: 2853
    94: 2310
    95: 2259
    96: 1805
    97: 2820
    98: 2180
    99: 3049975
   wrmlh: # Latency histogram for write requests
    0: 0
    1: 0
    2: 0
    3: 0
    4: 0
    5: 257
    6: 351
    7: 718
    8: 453
    9: 568
    10: 492
    11: 751
    12: 571
    13: 651
    14: 369
    15: 541
    16: 560
    17: 648
    18: 666
    19: 915
    20: 950
    21: 850
    22: 655
    23: 763
    24: 664
    25: 816
    26: 780
    27: 1112
    28: 1173
    29: 1277
    30: 770
    31: 1267
    32: 1047
    33: 1026
    34: 944
    35: 1481
    36: 1421
    37: 1436
    38: 1318
    39: 1736
    40: 1619
    41: 1471
    42: 1245
    43: 1868
    44: 1588
    45: 1399
    46: 1308
    47: 1770
    48: 1496
    49: 1157
    50: 928
    51: 1220
    52: 968
    53: 835
    54: 765
    55: 1100
    56: 925
    57: 734
    58: 698
    59: 793
    60: 635
    61: 460
    62: 479
    63: 580
    64: 539
    65: 394
    66: 368
    67: 457
    68: 423
    69: 295
    70: 293
    71: 343
    72: 346
    73: 256
    74: 237
    75: 315
    76: 289
    77: 235
    78: 225
    79: 236
    80: 233
    81: 188
    82: 160
    83: 190
    84: 226
    85: 150
    86: 142
    87: 191
    88: 157
    89: 163
    90: 111
    91: 128
    92: 125
    93: 104
    94: 95
    95: 101
    96: 105
    97: 73
    98: 83
    99: 1541618
   ACT: 4869763 # Activate commands
   PRE: 4969138 # Precharge commands
   RD: 3264131 # Read commands
   WR: 1605632 # Write commands
   REF: 105101 # Refresh commands
   eACTPRE: 1475538189 # Activate/precharge energy
   eRDWR: 6617426380 # Read/write energy
   eREF: 349671027 # Refresh energy
   eBKGD: 7844410909 # Background energy
   eWIRE: 745073739 # Channel wire energy
 sched: # Scheduler stats
  thCr: 0 # Threads created
  thFn: 0 # Threads finished
  schedEvs: 0 # Schedule events
  waitEvs: 0 # Wait events
  handoffEvs: 0 # Handoff events
  sleepEvs: 0 # Sleep events
  idlePhases: 0 # Phases with no thread active
  idlePeriods: 0 # Periods with no thread active
  occHist: # Occupancy histogram
   0: 20484
   1: 0
  rqSzHist: # Run queue size histogram
   0: 20484
   1: 0
   2: 0
   3: 0
   4: 0
   5: 0
   6: 0
   7: 0
   8: 0
   9: 0
   10: 0
   11: 0
   12: 0
   13: 0
   14: 0
   15: 0
   16: 0
 procCycles: # Per-process unhalted core cycles
  0: 0
  1: 0
  2: 0
  3: 0
  4: 0
  5: 0
  6: 0
  7: 0
  8: 0
  9: 0
  10: 0
  11: 0
  12: 0
  13: 0
  14: 0
  15: 0
  16: 0
  17: 0
  18: 0
  19: 0
  20: 0
  21: 0
  22: 0
  23: 0
  24: 0
  25: 0
  26: 0
  27: 0
  28: 0
  29: 0
  30: 0
  31: 0
 procInstrs: # Per-process instructions
  0: 0
  1: 0
  2: 0
  3: 0
  4: 0
  5: 0
  6: 0
  7: 0
  8: 0
  9: 0
  10: 0
  11: 0
  12: 0
  13: 0
  14: 0
  15: 0
  16: 0
  17: 0
  18: 0
  19: 0
  20: 0
  21: 0
  22: 0
  23: 0
  24: 0
  25: 0
  26: 0
  27: 0
  28: 0
  29: 0
  30: 0
  31: 0
 heartbeats: # Per-process heartbeats
  0: 0
  1: 0
  2: 0
  3: 0
  4: 0
  5: 0
  6: 0
  7: 0
  8: 0
  9: 0
  10: 0
  11: 0
  12: 0
  13: 0
  14: 0
  15: 0
  16: 0
  17: 0
  18: 0
  19: 0
  20: 0
  21: 0
  22: 0
  23: 0
  24: 0
  25: 0
  26: 0
  27: 0
  28: 0
  29: 0
  30: 0
  31: 0
===
