# zsim stats
===
root: # Stats
 contention: # Contention simulation stats
  domain-0: # Domain stats
   time: 20117079 # Weave simulation time
 time: # Simulator time breakdown
  init: 679628904
  bound: 11010715138
  weave: 22303303
  ff: 1137271257
 trigger: 20000 # Reason for this stats dump
 phase: 1101 # Simulated phases
 l: # Logic unit stats
  l-0: # Logic unit stats
   cycles: 10983627 # Simulated unhalted cycles
   cCycles: 1937464 # Cycles due to contention stalls
   ops: 24704 # Simulated operations
   compOps: 128 # Simulated compute operations
  l-1: # Logic unit stats
   cycles: 11000357 # Simulated unhalted cycles
   cCycles: 1946020 # Cycles due to contention stalls
   ops: 26752 # Simulated operations
   compOps: 128 # Simulated compute operations
  l-2: # Logic unit stats
   cycles: 11005681 # Simulated unhalted cycles
   cCycles: 1959009 # Cycles due to contention stalls
   ops: 24704 # Simulated operations
   compOps: 128 # Simulated compute operations
  l-3: # Logic unit stats
   cycles: 10918825 # Simulated unhalted cycles
   cCycles: 1873111 # Cycles due to contention stalls
   ops: 24704 # Simulated operations
   compOps: 128 # Simulated compute operations
 c: # Core stats
  c-0: # Core stats
   cycles: 0 # Simulated cycles
   instrs: 0 # Simulated instructions
 rdbuf: # Cache stats
  rdbuf-0: # Filter cache stats
   fhGETS: 2048 # Filtered GETS hits
   fhGETX: 0 # Filtered GETX hits
   hGETS: 0 # GETS hits
   hGETX: 0 # GETX hits
   mGETS: 57344 # GETS misses
   mGETXIM: 0 # GETX I->M misses
   mGETXSM: 0 # GETX S->M misses (upgrade misses)
   PUTS: 0 # Clean evictions (from lower level)
   PUTX: 0 # Dirty evictions (from lower level)
   INV: 2 # Invalidates (from upper level)
   INVX: 119 # Downgrades (from upper level)
   FWD: 0 # Forwards (from upper level)
   latGETnl: 994040 # GET request latency on next level
   latGETnet: 0 # GET request latency on network to next level
  rdbuf-1: # Filter cache stats
   fhGETS: 0 # Filtered GETS hits
   fhGETX: 0 # Filtered GETX hits
   hGETS: 0 # GETS hits
   hGETX: 0 # GETX hits
   mGETS: 59392 # GETS misses
   mGETXIM: 0 # GETX I->M misses
   mGETXSM: 0 # GETX S->M misses (upgrade misses)
   PUTS: 0 # Clean evictions (from lower level)
   PUTX: 0 # Dirty evictions (from lower level)
   INV: 1 # Invalidates (from upper level)
   INVX: 101 # Downgrades (from upper level)
   FWD: 0 # Forwards (from upper level)
   latGETnl: 656266 # GET request latency on next level
   latGETnet: 0 # GET request latency on network to next level
  rdbuf-2: # Filter cache stats
   fhGETS: 2048 # Filtered GETS hits
   fhGETX: 0 # Filtered GETX hits
   hGETS: 0 # GETS hits
   hGETX: 0 # GETX hits
   mGETS: 59392 # GETS misses
   mGETXIM: 0 # GETX I->M misses
   mGETXSM: 0 # GETX S->M misses (upgrade misses)
   PUTS: 0 # Clean evictions (from lower level)
   PUTX: 0 # Dirty evictions (from lower level)
   INV: 1 # Invalidates (from upper level)
   INVX: 24 # Downgrades (from upper level)
   FWD: 0 # Forwards (from upper level)
   latGETnl: 641138 # GET request latency on next level
   latGETnet: 0 # GET request latency on network to next level
  rdbuf-3: # Filter cache stats
   fhGETS: 2048 # Filtered GETS hits
   fhGETX: 0 # Filtered GETX hits
   hGETS: 0 # GETS hits
   hGETX: 0 # GETX hits
   mGETS: 51200 # GETS misses
   mGETXIM: 0 # GETX I->M misses
   mGETXSM: 0 # GETX S->M misses (upgrade misses)
   PUTS: 0 # Clean evictions (from lower level)
   PUTX: 0 # Dirty evictions (from lower level)
   INV: 1 # Invalidates (from upper level)
   INVX: 3 # Downgrades (from upper level)
   FWD: 0 # Forwards (from upper level)
   latGETnl: 775143 # GET request latency on next level
   latGETnet: 0 # GET request latency on network to next level
 wrbuf: # Cache stats
  wrbuf-0: # Filter cache stats
   fhGETS: 0 # Filtered GETS hits
   fhGETX: 2048 # Filtered GETX hits
   hGETS: 0 # GETS hits
   hGETX: 0 # GETX hits
   mGETS: 0 # GETS misses
   mGETXIM: 26624 # GETX I->M misses
   mGETXSM: 0 # GETX S->M misses (upgrade misses)
   PUTS: 0 # Clean evictions (from lower level)
   PUTX: 0 # Dirty evictions (from lower level)
   INV: 6 # Invalidates (from upper level)
   INVX: 0 # Downgrades (from upper level)
   FWD: 0 # Forwards (from upper level)
   latGETnl: 834546 # GET request latency on next level
   latGETnet: 0 # GET request latency on network to next level
  wrbuf-1: # Filter cache stats
   fhGETS: 0 # Filtered GETS hits
   fhGETX: 0 # Filtered GETX hits
   hGETS: 0 # GETS hits
   hGETX: 0 # GETX hits
   mGETS: 0 # GETS misses
   mGETXIM: 26624 # GETX I->M misses
   mGETXSM: 0 # GETX S->M misses (upgrade misses)
   PUTS: 0 # Clean evictions (from lower level)
   PUTX: 0 # Dirty evictions (from lower level)
   INV: 4 # Invalidates (from upper level)
   INVX: 0 # Downgrades (from upper level)
   FWD: 0 # Forwards (from upper level)
   latGETnl: 796540 # GET request latency on next level
   latGETnet: 0 # GET request latency on network to next level
  wrbuf-2: # Filter cache stats
   fhGETS: 0 # Filtered GETS hits
   fhGETX: 2048 # Filtered GETX hits
   hGETS: 0 # GETS hits
   hGETX: 0 # GETX hits
   mGETS: 0 # GETS misses
   mGETXIM: 26624 # GETX I->M misses
   mGETXSM: 0 # GETX S->M misses (upgrade misses)
   PUTS: 0 # Clean evictions (from lower level)
   PUTX: 0 # Dirty evictions (from lower level)
   INV: 1 # Invalidates (from upper level)
   INVX: 0 # Downgrades (from upper level)
   FWD: 0 # Forwards (from upper level)
   latGETnl: 845520 # GET request latency on next level
   latGETnet: 0 # GET request latency on network to next level
  wrbuf-3: # Filter cache stats
   fhGETS: 0 # Filtered GETS hits
   fhGETX: 2048 # Filtered GETX hits
   hGETS: 0 # GETS hits
   hGETX: 0 # GETX hits
   mGETS: 0 # GETS misses
   mGETXIM: 26624 # GETX I->M misses
   mGETXSM: 0 # GETX S->M misses (upgrade misses)
   PUTS: 0 # Clean evictions (from lower level)
   PUTX: 0 # Dirty evictions (from lower level)
   INV: 1 # Invalidates (from upper level)
   INVX: 0 # Downgrades (from upper level)
   FWD: 0 # Forwards (from upper level)
   latGETnl: 784512 # GET request latency on next level
   latGETnet: 0 # GET request latency on network to next level
 gbuf: # Cache stats
  gbuf-0b0: # Cache stats
   hGETS: 16732 # GETS hits
   hGETX: 614 # GETX hits
   mGETS: 11687 # GETS misses
   mGETXIM: 12699 # GETX I->M misses
   mGETXSM: 0 # GETX S->M misses (upgrade misses)
   PUTS: 28418 # Clean evictions (from lower level)
   PUTX: 13312 # Dirty evictions (from lower level)
   INV: 0 # Invalidates (from upper level)
   INVX: 0 # Downgrades (from upper level)
   FWD: 0 # Forwards (from upper level)
   latGETnl: 755966 # GET request latency on next level
   latGETnet: 0 # GET request latency on network to next level
  gbuf-0b1: # Cache stats
   hGETS: 16896 # GETS hits
   hGETX: 601 # GETX hits
   mGETS: 11517 # GETS misses
   mGETXIM: 12710 # GETX I->M misses
   mGETXSM: 0 # GETX S->M misses (upgrade misses)
   PUTS: 28411 # Clean evictions (from lower level)
   PUTX: 13311 # Dirty evictions (from lower level)
   INV: 0 # Invalidates (from upper level)
   INVX: 0 # Downgrades (from upper level)
   FWD: 0 # Forwards (from upper level)
   latGETnl: 751037 # GET request latency on next level
   latGETnet: 0 # GET request latency on network to next level
  gbuf-0b2: # Cache stats
   hGETS: 16937 # GETS hits
   hGETX: 589 # GETX hits
   mGETS: 11479 # GETS misses
   mGETXIM: 12723 # GETX I->M misses
   mGETXSM: 0 # GETX S->M misses (upgrade misses)
   PUTS: 28415 # Clean evictions (from lower level)
   PUTX: 13309 # Dirty evictions (from lower level)
   INV: 0 # Invalidates (from upper level)
   INVX: 0 # Downgrades (from upper level)
   FWD: 0 # Forwards (from upper level)
   latGETnl: 750262 # GET request latency on next level
   latGETnet: 0 # GET request latency on network to next level
  gbuf-0b3: # Cache stats
   hGETS: 16966 # GETS hits
   hGETX: 589 # GETX hits
   mGETS: 11450 # GETS misses
   mGETXIM: 12723 # GETX I->M misses
   mGETXSM: 0 # GETX S->M misses (upgrade misses)
   PUTS: 28415 # Clean evictions (from lower level)
   PUTX: 13311 # Dirty evictions (from lower level)
   INV: 0 # Invalidates (from upper level)
   INVX: 0 # Downgrades (from upper level)
   FWD: 0 # Forwards (from upper level)
   latGETnl: 749363 # GET request latency on next level
   latGETnet: 0 # GET request latency on network to next level
  gbuf-0b4: # Cache stats
   hGETS: 16999 # GETS hits
   hGETX: 582 # GETX hits
   mGETS: 11416 # GETS misses
   mGETXIM: 12731 # GETX I->M misses
   mGETXSM: 0 # GETX S->M misses (upgrade misses)
   PUTS: 28415 # Clean evictions (from lower level)
   PUTX: 13311 # Dirty evictions (from lower level)
   INV: 0 # Invalidates (from upper level)
   INVX: 0 # Downgrades (from upper level)
   FWD: 0 # Forwards (from upper level)
   latGETnl: 748557 # GET request latency on next level
   latGETnet: 0 # GET request latency on network to next level
  gbuf-0b5: # Cache stats
   hGETS: 17046 # GETS hits
   hGETX: 583 # GETX hits
   mGETS: 11371 # GETS misses
   mGETXIM: 12728 # GETX I->M misses
   mGETXSM: 0 # GETX S->M misses (upgrade misses)
   PUTS: 28417 # Clean evictions (from lower level)
   PUTX: 13311 # Dirty evictions (from lower level)
   INV: 0 # Invalidates (from upper level)
   INVX: 0 # Downgrades (from upper level)
   FWD: 0 # Forwards (from upper level)
   latGETnl: 747069 # GET request latency on next level
   latGETnet: 0 # GET request latency on network to next level
  gbuf-0b6: # Cache stats
   hGETS: 17065 # GETS hits
   hGETX: 588 # GETX hits
   mGETS: 11351 # GETS misses
   mGETXIM: 12724 # GETX I->M misses
   mGETXSM: 0 # GETX S->M misses (upgrade misses)
   PUTS: 28413 # Clean evictions (from lower level)
   PUTX: 13309 # Dirty evictions (from lower level)
   INV: 0 # Invalidates (from upper level)
   INVX: 0 # Downgrades (from upper level)
   FWD: 0 # Forwards (from upper level)
   latGETnl: 746325 # GET request latency on next level
   latGETnet: 0 # GET request latency on network to next level
  gbuf-0b7: # Cache stats
   hGETS: 17098 # GETS hits
   hGETX: 588 # GETX hits
   mGETS: 11318 # GETS misses
   mGETXIM: 12724 # GETX I->M misses
   mGETXSM: 0 # GETX S->M misses (upgrade misses)
   PUTS: 28415 # Clean evictions (from lower level)
   PUTX: 13310 # Dirty evictions (from lower level)
   INV: 0 # Invalidates (from upper level)
   INVX: 0 # Downgrades (from upper level)
   FWD: 0 # Forwards (from upper level)
   latGETnl: 745302 # GET request latency on next level
   latGETnet: 0 # GET request latency on network to next level
 mem: # Memory controller stats
  mem-0: # Memory channel stats
   rd: 193351 # Read requests
   wr: 95728 # Write requests
   rdlat: 45452345599 # Total latency experienced by read requests
   wrlat: 22023963628 # Total latency experienced by write requests
   rdmlh: # Latency histogram for read requests
    0: 0
    1: 0
    2: 0
    3: 0
    4: 0
    5: 448
    6: 290
    7: 385
    8: 119
    9: 263
    10: 289
    11: 186
    12: 287
    13: 115
    14: 80
    15: 50
    16: 111
    17: 61
    18: 86
    19: 91
    20: 32
    21: 35
    22: 19
    23: 20
    24: 53
    25: 38
    26: 10
    27: 5
    28: 5
    29: 6
    30: 16
    31: 54
    32: 11
    33: 9
    34: 5
    35: 6
    36: 13
    37: 35
    38: 36
    39: 9
    40: 18
    41: 7
    42: 16
    43: 31
    44: 41
    45: 14
    46: 8
    47: 16
    48: 28
    49: 40
    50: 96
    51: 51
    52: 69
    53: 55
    54: 74
    55: 64
    56: 98
    57: 84
    58: 66
    59: 77
    60: 80
    61: 78
    62: 66
    63: 110
    64: 75
    65: 91
    66: 71
    67: 68
    68: 69
    69: 99
    70: 98
    71: 88
    72: 72
    73: 67
    74: 61
    75: 85
    76: 100
    77: 102
    78: 76
    79: 71
    80: 84
    81: 72
    82: 100
    83: 91
    84: 93
    85: 71
    86: 91
    87: 68
    88: 96
    89: 91
    90: 108
    91: 89
    92: 97
    93: 94
    94: 119
    95: 129
    96: 129
    97: 135
    98: 134
    99: 185602
   wrmlh: # Latency histogram for write requests
    0: 0
    1: 0
    2: 0
    3: 0
    4: 0
    5: 246
    6: 291
    7: 431
    8: 263
    9: 282
    10: 247
    11: 357
    12: 332
    13: 352
    14: 291
    15: 369
    16: 353
    17: 343
    18: 346
    19: 457
    20: 413
    21: 510
    22: 388
    23: 545
    24: 460
    25: 497
    26: 454
    27: 500
    28: 481
    29: 546
    30: 482
    31: 632
    32: 478
    33: 510
    34: 480
    35: 610
    36: 501
    37: 572
    38: 541
    39: 649
    40: 564
    41: 581
    42: 440
    43: 597
    44: 482
    45: 491
    46: 420
    47: 448
    48: 329
    49: 346
    50: 312
    51: 353
    52: 322
    53: 280
    54: 277
    55: 297
    56: 246
    57: 226
    58: 245
    59: 229
    60: 206
    61: 209
    62: 170
    63: 200
    64: 186
    65: 163
    66: 163
    67: 158
    68: 145
    69: 160
    70: 149
    71: 138
    72: 144
    73: 105
    74: 97
    75: 106
    76: 98
    77: 83
    78: 79
    79: 95
    80: 84
    81: 85
    82: 62
    83: 70
    84: 61
    85: 47
    86: 67
    87: 49
    88: 50
    89: 53
    90: 46
    91: 39
    92: 39
    93: 44
    94: 45
    95: 38
    96: 32
    97: 35
    98: 37
    99: 69197
   ACT: 289079 # Activate commands
   PRE: 298679 # Precharge commands
   RD: 193351 # Read commands
   WR: 95728 # Write commands
   REF: 5650 # Refresh commands
   eACTPRE: 87590937 # Activate/precharge energy
   eRDWR: 392837516 # Read/write energy
   eREF: 18797550 # Refresh energy
   eBKGD: 423336137 # Background energy
   eWIRE: 44229087 # Channel wire energy
 sched: # Scheduler stats
  thCr: 0 # Threads created
  thFn: 0 # Threads finished
  schedEvs: 0 # Schedule events
  waitEvs: 0 # Wait events
  handoffEvs: 0 # Handoff events
  sleepEvs: 0 # Sleep events
  idlePhases: 0 # Phases with no thread active
  idlePeriods: 0 # Periods with no thread active
  occHist: # Occupancy histogram
   0: 1101
   1: 0
  rqSzHist: # Run queue size histogram
   0: 1101
   1: 0
   2: 0
   3: 0
   4: 0
   5: 0
   6: 0
   7: 0
   8: 0
   9: 0
   10: 0
   11: 0
   12: 0
   13: 0
   14: 0
   15: 0
   16: 0
 procCycles: # Per-process unhalted core cycles
  0: 0
  1: 0
  2: 0
  3: 0
  4: 0
  5: 0
  6: 0
  7: 0
  8: 0
  9: 0
  10: 0
  11: 0
  12: 0
  13: 0
  14: 0
  15: 0
  16: 0
  17: 0
  18: 0
  19: 0
  20: 0
  21: 0
  22: 0
  23: 0
  24: 0
  25: 0
  26: 0
  27: 0
  28: 0
  29: 0
  30: 0
  31: 0
 procInstrs: # Per-process instructions
  0: 0
  1: 0
  2: 0
  3: 0
  4: 0
  5: 0
  6: 0
  7: 0
  8: 0
  9: 0
  10: 0
  11: 0
  12: 0
  13: 0
  14: 0
  15: 0
  16: 0
  17: 0
  18: 0
  19: 0
  20: 0
  21: 0
  22: 0
  23: 0
  24: 0
  25: 0
  26: 0
  27: 0
  28: 0
  29: 0
  30: 0
  31: 0
 heartbeats: # Per-process heartbeats
  0: 0
  1: 0
  2: 0
  3: 0
  4: 0
  5: 0
  6: 0
  7: 0
  8: 0
  9: 0
  10: 0
  11: 0
  12: 0
  13: 0
  14: 0
  15: 0
  16: 0
  17: 0
  18: 0
  19: 0
  20: 0
  21: 0
  22: 0
  23: 0
  24: 0
  25: 0
  26: 0
  27: 0
  28: 0
  29: 0
  30: 0
  31: 0
===
