# zsim stats
===
root: # Stats
 contention: # Contention simulation stats
  domain-0: # Domain stats
   time: 10590092185 # Weave simulation time
 time: # Simulator time breakdown
  init: 850372783
  bound: 8531102083
  weave: 10617777546
  ff: 1136516234
 trigger: 20000 # Reason for this stats dump
 phase: 339 # Simulated phases
 l: # Logic unit stats
  l-0: # Logic unit stats
   cycles: 3385871 # Simulated unhalted cycles
   cCycles: 3109231 # Cycles due to contention stalls
   ops: 65553 # Simulated operations
   compOps: 1 # Simulated compute operations
  l-1: # Logic unit stats
   cycles: 3387067 # Simulated unhalted cycles
   cCycles: 3110427 # Cycles due to contention stalls
   ops: 65553 # Simulated operations
   compOps: 1 # Simulated compute operations
  l-2: # Logic unit stats
   cycles: 3384269 # Simulated unhalted cycles
   cCycles: 3107629 # Cycles due to contention stalls
   ops: 65553 # Simulated operations
   compOps: 1 # Simulated compute operations
  l-3: # Logic unit stats
   cycles: 3388073 # Simulated unhalted cycles
   cCycles: 3111433 # Cycles due to contention stalls
   ops: 65553 # Simulated operations
   compOps: 1 # Simulated compute operations
 c: # Core stats
  c-0: # Core stats
   cycles: 0 # Simulated cycles
   instrs: 0 # Simulated instructions
 rdbuf: # Cache stats
  rdbuf-0: # Filter cache stats
   fhGETS: 15 # Filtered GETS hits
   fhGETX: 0 # Filtered GETX hits
   hGETS: 0 # GETS hits
   hGETX: 0 # GETX hits
   mGETS: 45057 # GETS misses
   mGETXIM: 0 # GETX I->M misses
   mGETXSM: 0 # GETX S->M misses (upgrade misses)
   PUTS: 0 # Clean evictions (from lower level)
   PUTX: 0 # Dirty evictions (from lower level)
   INV: 1 # Invalidates (from upper level)
   INVX: 559 # Downgrades (from upper level)
   FWD: 0 # Forwards (from upper level)
   latGETnl: 1203527 # GET request latency on next level
   latGETnet: 0 # GET request latency on network to next level
  rdbuf-1: # Filter cache stats
   fhGETS: 0 # Filtered GETS hits
   fhGETX: 0 # Filtered GETX hits
   hGETS: 0 # GETS hits
   hGETX: 0 # GETX hits
   mGETS: 59424 # GETS misses
   mGETXIM: 0 # GETX I->M misses
   mGETXSM: 0 # GETX S->M misses (upgrade misses)
   PUTS: 0 # Clean evictions (from lower level)
   PUTX: 0 # Dirty evictions (from lower level)
   INV: 1 # Invalidates (from upper level)
   INVX: 254 # Downgrades (from upper level)
   FWD: 0 # Forwards (from upper level)
   latGETnl: 1186584 # GET request latency on next level
   latGETnet: 0 # GET request latency on network to next level
  rdbuf-2: # Filter cache stats
   fhGETS: 0 # Filtered GETS hits
   fhGETX: 0 # Filtered GETX hits
   hGETS: 0 # GETS hits
   hGETX: 0 # GETX hits
   mGETS: 59424 # GETS misses
   mGETXIM: 0 # GETX I->M misses
   mGETXSM: 0 # GETX S->M misses (upgrade misses)
   PUTS: 0 # Clean evictions (from lower level)
   PUTX: 0 # Dirty evictions (from lower level)
   INV: 1 # Invalidates (from upper level)
   INVX: 1314 # Downgrades (from upper level)
   FWD: 0 # Forwards (from upper level)
   latGETnl: 1419952 # GET request latency on next level
   latGETnet: 0 # GET request latency on network to next level
  rdbuf-3: # Filter cache stats
   fhGETS: 0 # Filtered GETS hits
   fhGETX: 0 # Filtered GETX hits
   hGETS: 0 # GETS hits
   hGETX: 0 # GETX hits
   mGETS: 59424 # GETS misses
   mGETXIM: 0 # GETX I->M misses
   mGETXSM: 0 # GETX S->M misses (upgrade misses)
   PUTS: 0 # Clean evictions (from lower level)
   PUTX: 0 # Dirty evictions (from lower level)
   INV: 1 # Invalidates (from upper level)
   INVX: 1047 # Downgrades (from upper level)
   FWD: 0 # Forwards (from upper level)
   latGETnl: 1428973 # GET request latency on next level
   latGETnet: 0 # GET request latency on network to next level
 wrbuf: # Cache stats
  wrbuf-0: # Filter cache stats
   fhGETS: 0 # Filtered GETS hits
   fhGETX: 0 # Filtered GETX hits
   hGETS: 0 # GETS hits
   hGETX: 0 # GETX hits
   mGETS: 0 # GETS misses
   mGETXIM: 45056 # GETX I->M misses
   mGETXSM: 0 # GETX S->M misses (upgrade misses)
   PUTS: 0 # Clean evictions (from lower level)
   PUTX: 0 # Dirty evictions (from lower level)
   INV: 1056 # Invalidates (from upper level)
   INVX: 0 # Downgrades (from upper level)
   FWD: 0 # Forwards (from upper level)
   latGETnl: 1171317 # GET request latency on next level
   latGETnet: 0 # GET request latency on network to next level
  wrbuf-1: # Filter cache stats
   fhGETS: 0 # Filtered GETS hits
   fhGETX: 0 # Filtered GETX hits
   hGETS: 0 # GETS hits
   hGETX: 0 # GETX hits
   mGETS: 0 # GETS misses
   mGETXIM: 59392 # GETX I->M misses
   mGETXSM: 0 # GETX S->M misses (upgrade misses)
   PUTS: 0 # Clean evictions (from lower level)
   PUTX: 0 # Dirty evictions (from lower level)
   INV: 497 # Invalidates (from upper level)
   INVX: 0 # Downgrades (from upper level)
   FWD: 0 # Forwards (from upper level)
   latGETnl: 1218699 # GET request latency on next level
   latGETnet: 0 # GET request latency on network to next level
  wrbuf-2: # Filter cache stats
   fhGETS: 0 # Filtered GETS hits
   fhGETX: 0 # Filtered GETX hits
   hGETS: 0 # GETS hits
   hGETX: 0 # GETX hits
   mGETS: 0 # GETS misses
   mGETXIM: 59392 # GETX I->M misses
   mGETXSM: 0 # GETX S->M misses (upgrade misses)
   PUTS: 0 # Clean evictions (from lower level)
   PUTX: 0 # Dirty evictions (from lower level)
   INV: 1881 # Invalidates (from upper level)
   INVX: 0 # Downgrades (from upper level)
   FWD: 0 # Forwards (from upper level)
   latGETnl: 1436288 # GET request latency on next level
   latGETnet: 0 # GET request latency on network to next level
  wrbuf-3: # Filter cache stats
   fhGETS: 0 # Filtered GETS hits
   fhGETX: 0 # Filtered GETX hits
   hGETS: 0 # GETS hits
   hGETX: 0 # GETX hits
   mGETS: 0 # GETS misses
   mGETXIM: 59392 # GETX I->M misses
   mGETXSM: 0 # GETX S->M misses (upgrade misses)
   PUTS: 0 # Clean evictions (from lower level)
   PUTX: 0 # Dirty evictions (from lower level)
   INV: 1598 # Invalidates (from upper level)
   INVX: 0 # Downgrades (from upper level)
   FWD: 0 # Forwards (from upper level)
   latGETnl: 1412480 # GET request latency on next level
   latGETnet: 0 # GET request latency on network to next level
 gbuf: # Cache stats
  gbuf-0b0: # Cache stats
   hGETS: 7703 # GETS hits
   hGETX: 7683 # GETX hits
   mGETS: 20224 # GETS misses
   mGETXIM: 20222 # GETX I->M misses
   mGETXSM: 0 # GETX S->M misses (upgrade misses)
   PUTS: 27926 # Clean evictions (from lower level)
   PUTX: 27294 # Dirty evictions (from lower level)
   INV: 0 # Invalidates (from upper level)
   INVX: 0 # Downgrades (from upper level)
   FWD: 0 # Forwards (from upper level)
   latGETnl: 1253826 # GET request latency on next level
   latGETnet: 0 # GET request latency on network to next level
  gbuf-0b1: # Cache stats
   hGETS: 7703 # GETS hits
   hGETX: 7677 # GETX hits
   mGETS: 20227 # GETS misses
   mGETXIM: 20226 # GETX I->M misses
   mGETXSM: 0 # GETX S->M misses (upgrade misses)
   PUTS: 27929 # Clean evictions (from lower level)
   PUTX: 27249 # Dirty evictions (from lower level)
   INV: 0 # Invalidates (from upper level)
   INVX: 0 # Downgrades (from upper level)
   FWD: 0 # Forwards (from upper level)
   latGETnl: 1254043 # GET request latency on next level
   latGETnet: 0 # GET request latency on network to next level
  gbuf-0b2: # Cache stats
   hGETS: 7705 # GETS hits
   hGETX: 7680 # GETX hits
   mGETS: 20225 # GETS misses
   mGETXIM: 20224 # GETX I->M misses
   mGETXSM: 0 # GETX S->M misses (upgrade misses)
   PUTS: 27929 # Clean evictions (from lower level)
   PUTX: 27295 # Dirty evictions (from lower level)
   INV: 0 # Invalidates (from upper level)
   INVX: 0 # Downgrades (from upper level)
   FWD: 0 # Forwards (from upper level)
   latGETnl: 1253919 # GET request latency on next level
   latGETnet: 0 # GET request latency on network to next level
  gbuf-0b3: # Cache stats
   hGETS: 7701 # GETS hits
   hGETX: 7680 # GETX hits
   mGETS: 20225 # GETS misses
   mGETXIM: 20224 # GETX I->M misses
   mGETXSM: 0 # GETX S->M misses (upgrade misses)
   PUTS: 27925 # Clean evictions (from lower level)
   PUTX: 27290 # Dirty evictions (from lower level)
   INV: 0 # Invalidates (from upper level)
   INVX: 0 # Downgrades (from upper level)
   FWD: 0 # Forwards (from upper level)
   latGETnl: 1253919 # GET request latency on next level
   latGETnet: 0 # GET request latency on network to next level
  gbuf-0b4: # Cache stats
   hGETS: 7677 # GETS hits
   hGETX: 7677 # GETX hits
   mGETS: 20226 # GETS misses
   mGETXIM: 20226 # GETX I->M misses
   mGETXSM: 0 # GETX S->M misses (upgrade misses)
   PUTS: 27903 # Clean evictions (from lower level)
   PUTX: 27258 # Dirty evictions (from lower level)
   INV: 0 # Invalidates (from upper level)
   INVX: 0 # Downgrades (from upper level)
   FWD: 0 # Forwards (from upper level)
   latGETnl: 1254012 # GET request latency on next level
   latGETnet: 0 # GET request latency on network to next level
  gbuf-0b5: # Cache stats
   hGETS: 7683 # GETS hits
   hGETX: 7683 # GETX hits
   mGETS: 20222 # GETS misses
   mGETXIM: 20222 # GETX I->M misses
   mGETXSM: 0 # GETX S->M misses (upgrade misses)
   PUTS: 27905 # Clean evictions (from lower level)
   PUTX: 27287 # Dirty evictions (from lower level)
   INV: 0 # Invalidates (from upper level)
   INVX: 0 # Downgrades (from upper level)
   FWD: 0 # Forwards (from upper level)
   latGETnl: 1253764 # GET request latency on next level
   latGETnet: 0 # GET request latency on network to next level
  gbuf-0b6: # Cache stats
   hGETS: 7681 # GETS hits
   hGETX: 7681 # GETX hits
   mGETS: 20223 # GETS misses
   mGETXIM: 20223 # GETX I->M misses
   mGETXSM: 0 # GETX S->M misses (upgrade misses)
   PUTS: 27904 # Clean evictions (from lower level)
   PUTX: 27262 # Dirty evictions (from lower level)
   INV: 0 # Invalidates (from upper level)
   INVX: 0 # Downgrades (from upper level)
   FWD: 0 # Forwards (from upper level)
   latGETnl: 1253826 # GET request latency on next level
   latGETnet: 0 # GET request latency on network to next level
  gbuf-0b7: # Cache stats
   hGETS: 7679 # GETS hits
   hGETX: 7679 # GETX hits
   mGETS: 20225 # GETS misses
   mGETXIM: 20225 # GETX I->M misses
   mGETXSM: 0 # GETX S->M misses (upgrade misses)
   PUTS: 27904 # Clean evictions (from lower level)
   PUTX: 27262 # Dirty evictions (from lower level)
   INV: 0 # Invalidates (from upper level)
   INVX: 0 # Downgrades (from upper level)
   FWD: 0 # Forwards (from upper level)
   latGETnl: 1253950 # GET request latency on next level
   latGETnet: 0 # GET request latency on network to next level
 mem: # Memory controller stats
  mem-0: # Memory channel stats
   rd: 323589 # Read requests
   wr: 86424 # Write requests
   rdlat: 231541760428 # Total latency experienced by read requests
   wrlat: 98883271078 # Total latency experienced by write requests
   rdmlh: # Latency histogram for read requests
    0: 0
    1: 0
    2: 0
    3: 0
    4: 0
    5: 7
    6: 5
    7: 1
    8: 1
    9: 2
    10: 0
    11: 4
    12: 5
    13: 4
    14: 0
    15: 0
    16: 2
    17: 4
    18: 5
    19: 5
    20: 0
    21: 0
    22: 3
    23: 2
    24: 5
    25: 6
    26: 0
    27: 2
    28: 4
    29: 2
    30: 5
    31: 8
    32: 0
    33: 3
    34: 7
    35: 1
    36: 3
    37: 6
    38: 1
    39: 4
    40: 8
    41: 3
    42: 2
    43: 3
    44: 3
    45: 4
    46: 6
    47: 2
    48: 5
    49: 1
    50: 1
    51: 6
    52: 2
    53: 3
    54: 5
    55: 1
    56: 3
    57: 6
    58: 1
    59: 1
    60: 5
    61: 4
    62: 3
    63: 4
    64: 1
    65: 2
    66: 4
    67: 4
    68: 1
    69: 6
    70: 0
    71: 4
    72: 3
    73: 3
    74: 0
    75: 6
    76: 1
    77: 5
    78: 4
    79: 3
    80: 2
    81: 3
    82: 0
    83: 4
    84: 5
    85: 1
    86: 4
    87: 2
    88: 1
    89: 7
    90: 2
    91: 3
    92: 3
    93: 4
    94: 1
    95: 4
    96: 3
    97: 3
    98: 1
    99: 323300
   wrmlh: # Latency histogram for write requests
    0: 0
    1: 0
    2: 0
    3: 0
    4: 0
    5: 3
    6: 0
    7: 2
    8: 4
    9: 3
    10: 1
    11: 2
    12: 2
    13: 7
    14: 7
    15: 7
    16: 4
    17: 5
    18: 5
    19: 7
    20: 13
    21: 10
    22: 16
    23: 24
    24: 24
    25: 21
    26: 21
    27: 44
    28: 55
    29: 53
    30: 54
    31: 86
    32: 117
    33: 85
    34: 130
    35: 215
    36: 198
    37: 175
    38: 151
    39: 332
    40: 347
    41: 250
    42: 284
    43: 404
    44: 364
    45: 231
    46: 222
    47: 338
    48: 265
    49: 201
    50: 192
    51: 253
    52: 249
    53: 161
    54: 148
    55: 201
    56: 163
    57: 108
    58: 141
    59: 168
    60: 166
    61: 109
    62: 92
    63: 138
    64: 115
    65: 82
    66: 77
    67: 114
    68: 101
    69: 60
    70: 62
    71: 82
    72: 83
    73: 53
    74: 50
    75: 72
    76: 62
    77: 41
    78: 44
    79: 55
    80: 35
    81: 32
    82: 35
    83: 38
    84: 34
    85: 19
    86: 17
    87: 31
    88: 24
    89: 13
    90: 26
    91: 20
    92: 19
    93: 19
    94: 11
    95: 13
    96: 15
    97: 10
    98: 11
    99: 77771
   ACT: 410013 # Activate commands
   PRE: 415116 # Precharge commands
   RD: 323589 # Read commands
   WR: 86424 # Write commands
   REF: 1740 # Refresh commands
   eACTPRE: 124233939 # Activate/precharge energy
   eRDWR: 555549516 # Read/write energy
   eREF: 5788980 # Refresh energy
   eBKGD: 135816797 # Background energy
   eWIRE: 62731989 # Channel wire energy
 sched: # Scheduler stats
  thCr: 0 # Threads created
  thFn: 0 # Threads finished
  schedEvs: 0 # Schedule events
  waitEvs: 0 # Wait events
  handoffEvs: 0 # Handoff events
  sleepEvs: 0 # Sleep events
  idlePhases: 0 # Phases with no thread active
  idlePeriods: 0 # Periods with no thread active
  occHist: # Occupancy histogram
   0: 339
   1: 0
  rqSzHist: # Run queue size histogram
   0: 339
   1: 0
   2: 0
   3: 0
   4: 0
   5: 0
   6: 0
   7: 0
   8: 0
   9: 0
   10: 0
   11: 0
   12: 0
   13: 0
   14: 0
   15: 0
   16: 0
 procCycles: # Per-process unhalted core cycles
  0: 0
  1: 0
  2: 0
  3: 0
  4: 0
  5: 0
  6: 0
  7: 0
  8: 0
  9: 0
  10: 0
  11: 0
  12: 0
  13: 0
  14: 0
  15: 0
  16: 0
  17: 0
  18: 0
  19: 0
  20: 0
  21: 0
  22: 0
  23: 0
  24: 0
  25: 0
  26: 0
  27: 0
  28: 0
  29: 0
  30: 0
  31: 0
 procInstrs: # Per-process instructions
  0: 0
  1: 0
  2: 0
  3: 0
  4: 0
  5: 0
  6: 0
  7: 0
  8: 0
  9: 0
  10: 0
  11: 0
  12: 0
  13: 0
  14: 0
  15: 0
  16: 0
  17: 0
  18: 0
  19: 0
  20: 0
  21: 0
  22: 0
  23: 0
  24: 0
  25: 0
  26: 0
  27: 0
  28: 0
  29: 0
  30: 0
  31: 0
 heartbeats: # Per-process heartbeats
  0: 0
  1: 0
  2: 0
  3: 0
  4: 0
  5: 0
  6: 0
  7: 0
  8: 0
  9: 0
  10: 0
  11: 0
  12: 0
  13: 0
  14: 0
  15: 0
  16: 0
  17: 0
  18: 0
  19: 0
  20: 0
  21: 0
  22: 0
  23: 0
  24: 0
  25: 0
  26: 0
  27: 0
  28: 0
  29: 0
  30: 0
  31: 0
===
