# zsim stats
===
root: # Stats
 contention: # Contention simulation stats
  domain-0: # Domain stats
   time: 41954934943 # Weave simulation time
 time: # Simulator time breakdown
  init: 653984310
  bound: 253916456706
  weave: 47886061960
  ff: 1185776629
 trigger: 20000 # Reason for this stats dump
 phase: 8506 # Simulated phases
 l: # Logic unit stats
  l-0: # Logic unit stats
   cycles: 85052813 # Simulated unhalted cycles
   cCycles: 12816232 # Cycles due to contention stalls
   ops: 164352 # Simulated operations
   compOps: 512 # Simulated compute operations
  l-1: # Logic unit stats
   cycles: 85058133 # Simulated unhalted cycles
   cCycles: 12822777 # Cycles due to contention stalls
   ops: 164352 # Simulated operations
   compOps: 512 # Simulated compute operations
  l-2: # Logic unit stats
   cycles: 85055041 # Simulated unhalted cycles
   cCycles: 12819737 # Cycles due to contention stalls
   ops: 164352 # Simulated operations
   compOps: 512 # Simulated compute operations
  l-3: # Logic unit stats
   cycles: 85048557 # Simulated unhalted cycles
   cCycles: 12819692 # Cycles due to contention stalls
   ops: 162304 # Simulated operations
   compOps: 512 # Simulated compute operations
 c: # Core stats
  c-0: # Core stats
   cycles: 0 # Simulated cycles
   instrs: 0 # Simulated instructions
 rdbuf: # Cache stats
  rdbuf-0: # Filter cache stats
   fhGETS: 6143 # Filtered GETS hits
   fhGETX: 0 # Filtered GETX hits
   hGETS: 1 # GETS hits
   hGETX: 0 # GETX hits
   mGETS: 311296 # GETS misses
   mGETXIM: 0 # GETX I->M misses
   mGETXSM: 0 # GETX S->M misses (upgrade misses)
   PUTS: 0 # Clean evictions (from lower level)
   PUTX: 0 # Dirty evictions (from lower level)
   INV: 4 # Invalidates (from upper level)
   INVX: 1151 # Downgrades (from upper level)
   FWD: 0 # Forwards (from upper level)
   latGETnl: 5576863 # GET request latency on next level
   latGETnet: 0 # GET request latency on network to next level
  rdbuf-1: # Filter cache stats
   fhGETS: 4096 # Filtered GETS hits
   fhGETX: 0 # Filtered GETX hits
   hGETS: 0 # GETS hits
   hGETX: 0 # GETX hits
   mGETS: 311296 # GETS misses
   mGETXIM: 0 # GETX I->M misses
   mGETXSM: 0 # GETX S->M misses (upgrade misses)
   PUTS: 0 # Clean evictions (from lower level)
   PUTX: 0 # Dirty evictions (from lower level)
   INV: 4 # Invalidates (from upper level)
   INVX: 763 # Downgrades (from upper level)
   FWD: 0 # Forwards (from upper level)
   latGETnl: 3655018 # GET request latency on next level
   latGETnet: 0 # GET request latency on network to next level
  rdbuf-2: # Filter cache stats
   fhGETS: 6144 # Filtered GETS hits
   fhGETX: 0 # Filtered GETX hits
   hGETS: 0 # GETS hits
   hGETX: 0 # GETX hits
   mGETS: 311296 # GETS misses
   mGETXIM: 0 # GETX I->M misses
   mGETXSM: 0 # GETX S->M misses (upgrade misses)
   PUTS: 0 # Clean evictions (from lower level)
   PUTX: 0 # Dirty evictions (from lower level)
   INV: 4 # Invalidates (from upper level)
   INVX: 69 # Downgrades (from upper level)
   FWD: 0 # Forwards (from upper level)
   latGETnl: 3754931 # GET request latency on next level
   latGETnet: 0 # GET request latency on network to next level
  rdbuf-3: # Filter cache stats
   fhGETS: 4096 # Filtered GETS hits
   fhGETX: 0 # Filtered GETX hits
   hGETS: 0 # GETS hits
   hGETX: 0 # GETX hits
   mGETS: 296960 # GETS misses
   mGETXIM: 0 # GETX I->M misses
   mGETXSM: 0 # GETX S->M misses (upgrade misses)
   PUTS: 0 # Clean evictions (from lower level)
   PUTX: 0 # Dirty evictions (from lower level)
   INV: 4 # Invalidates (from upper level)
   INVX: 91 # Downgrades (from upper level)
   FWD: 0 # Forwards (from upper level)
   latGETnl: 5356656 # GET request latency on next level
   latGETnet: 0 # GET request latency on network to next level
 wrbuf: # Cache stats
  wrbuf-0: # Filter cache stats
   fhGETS: 0 # Filtered GETS hits
   fhGETX: 8192 # Filtered GETX hits
   hGETS: 0 # GETS hits
   hGETX: 0 # GETX hits
   mGETS: 0 # GETS misses
   mGETXIM: 200704 # GETX I->M misses
   mGETXSM: 0 # GETX S->M misses (upgrade misses)
   PUTS: 0 # Clean evictions (from lower level)
   PUTX: 0 # Dirty evictions (from lower level)
   INV: 4 # Invalidates (from upper level)
   INVX: 0 # Downgrades (from upper level)
   FWD: 0 # Forwards (from upper level)
   latGETnl: 6416638 # GET request latency on next level
   latGETnet: 0 # GET request latency on network to next level
  wrbuf-1: # Filter cache stats
   fhGETS: 0 # Filtered GETS hits
   fhGETX: 8192 # Filtered GETX hits
   hGETS: 0 # GETS hits
   hGETX: 0 # GETX hits
   mGETS: 0 # GETS misses
   mGETXIM: 200704 # GETX I->M misses
   mGETXSM: 0 # GETX S->M misses (upgrade misses)
   PUTS: 0 # Clean evictions (from lower level)
   PUTX: 0 # Dirty evictions (from lower level)
   INV: 4 # Invalidates (from upper level)
   INVX: 0 # Downgrades (from upper level)
   FWD: 0 # Forwards (from upper level)
   latGETnl: 6417971 # GET request latency on next level
   latGETnet: 0 # GET request latency on network to next level
  wrbuf-2: # Filter cache stats
   fhGETS: 0 # Filtered GETS hits
   fhGETX: 8192 # Filtered GETX hits
   hGETS: 0 # GETS hits
   hGETX: 0 # GETX hits
   mGETS: 0 # GETS misses
   mGETXIM: 200704 # GETX I->M misses
   mGETXSM: 0 # GETX S->M misses (upgrade misses)
   PUTS: 0 # Clean evictions (from lower level)
   PUTX: 0 # Dirty evictions (from lower level)
   INV: 4 # Invalidates (from upper level)
   INVX: 0 # Downgrades (from upper level)
   FWD: 0 # Forwards (from upper level)
   latGETnl: 6416638 # GET request latency on next level
   latGETnet: 0 # GET request latency on network to next level
  wrbuf-3: # Filter cache stats
   fhGETS: 0 # Filtered GETS hits
   fhGETX: 8192 # Filtered GETX hits
   hGETS: 0 # GETS hits
   hGETX: 0 # GETX hits
   mGETS: 0 # GETS misses
   mGETXIM: 200704 # GETX I->M misses
   mGETXSM: 0 # GETX S->M misses (upgrade misses)
   PUTS: 0 # Clean evictions (from lower level)
   PUTX: 0 # Dirty evictions (from lower level)
   INV: 4 # Invalidates (from upper level)
   INVX: 0 # Downgrades (from upper level)
   FWD: 0 # Forwards (from upper level)
   latGETnl: 6416452 # GET request latency on next level
   latGETnet: 0 # GET request latency on network to next level
 gbuf: # Cache stats
  gbuf-0b0: # Cache stats
   hGETS: 82841 # GETS hits
   hGETX: 81 # GETX hits
   mGETS: 70924 # GETS misses
   mGETXIM: 100271 # GETX I->M misses
   mGETXSM: 0 # GETX S->M misses (upgrade misses)
   PUTS: 153764 # Clean evictions (from lower level)
   PUTX: 100350 # Dirty evictions (from lower level)
   INV: 0 # Invalidates (from upper level)
   INVX: 0 # Downgrades (from upper level)
   FWD: 0 # Forwards (from upper level)
   latGETnl: 5307045 # GET request latency on next level
   latGETnet: 0 # GET request latency on network to next level
  gbuf-0b1: # Cache stats
   hGETS: 84400 # GETS hits
   hGETX: 94 # GETX hits
   mGETS: 69388 # GETS misses
   mGETXIM: 100258 # GETX I->M misses
   mGETXSM: 0 # GETX S->M misses (upgrade misses)
   PUTS: 153786 # Clean evictions (from lower level)
   PUTX: 100350 # Dirty evictions (from lower level)
   INV: 0 # Invalidates (from upper level)
   INVX: 0 # Downgrades (from upper level)
   FWD: 0 # Forwards (from upper level)
   latGETnl: 5259026 # GET request latency on next level
   latGETnet: 0 # GET request latency on network to next level
  gbuf-0b2: # Cache stats
   hGETS: 85317 # GETS hits
   hGETX: 94 # GETX hits
   mGETS: 68617 # GETS misses
   mGETXIM: 100258 # GETX I->M misses
   mGETXSM: 0 # GETX S->M misses (upgrade misses)
   PUTS: 153929 # Clean evictions (from lower level)
   PUTX: 100350 # Dirty evictions (from lower level)
   INV: 0 # Invalidates (from upper level)
   INVX: 0 # Downgrades (from upper level)
   FWD: 0 # Forwards (from upper level)
   latGETnl: 5235125 # GET request latency on next level
   latGETnet: 0 # GET request latency on network to next level
  gbuf-0b3: # Cache stats
   hGETS: 85317 # GETS hits
   hGETX: 94 # GETX hits
   mGETS: 68618 # GETS misses
   mGETXIM: 100258 # GETX I->M misses
   mGETXSM: 0 # GETX S->M misses (upgrade misses)
   PUTS: 153931 # Clean evictions (from lower level)
   PUTX: 100350 # Dirty evictions (from lower level)
   INV: 0 # Invalidates (from upper level)
   INVX: 0 # Downgrades (from upper level)
   FWD: 0 # Forwards (from upper level)
   latGETnl: 5235156 # GET request latency on next level
   latGETnet: 0 # GET request latency on network to next level
  gbuf-0b4: # Cache stats
   hGETS: 85150 # GETS hits
   hGETX: 90 # GETX hits
   mGETS: 68618 # GETS misses
   mGETXIM: 100262 # GETX I->M misses
   mGETXSM: 0 # GETX S->M misses (upgrade misses)
   PUTS: 153766 # Clean evictions (from lower level)
   PUTX: 100350 # Dirty evictions (from lower level)
   INV: 0 # Invalidates (from upper level)
   INVX: 0 # Downgrades (from upper level)
   FWD: 0 # Forwards (from upper level)
   latGETnl: 5235280 # GET request latency on next level
   latGETnet: 0 # GET request latency on network to next level
  gbuf-0b5: # Cache stats
   hGETS: 85172 # GETS hits
   hGETX: 90 # GETX hits
   mGETS: 68617 # GETS misses
   mGETXIM: 100262 # GETX I->M misses
   mGETXSM: 0 # GETX S->M misses (upgrade misses)
   PUTS: 153784 # Clean evictions (from lower level)
   PUTX: 100350 # Dirty evictions (from lower level)
   INV: 0 # Invalidates (from upper level)
   INVX: 0 # Downgrades (from upper level)
   FWD: 0 # Forwards (from upper level)
   latGETnl: 5235249 # GET request latency on next level
   latGETnet: 0 # GET request latency on network to next level
  gbuf-0b6: # Cache stats
   hGETS: 85315 # GETS hits
   hGETX: 90 # GETX hits
   mGETS: 68620 # GETS misses
   mGETXIM: 100262 # GETX I->M misses
   mGETXSM: 0 # GETX S->M misses (upgrade misses)
   PUTS: 153934 # Clean evictions (from lower level)
   PUTX: 100350 # Dirty evictions (from lower level)
   INV: 0 # Invalidates (from upper level)
   INVX: 0 # Downgrades (from upper level)
   FWD: 0 # Forwards (from upper level)
   latGETnl: 5235342 # GET request latency on next level
   latGETnet: 0 # GET request latency on network to next level
  gbuf-0b7: # Cache stats
   hGETS: 85316 # GETS hits
   hGETX: 90 # GETX hits
   mGETS: 68618 # GETS misses
   mGETXIM: 100262 # GETX I->M misses
   mGETXSM: 0 # GETX S->M misses (upgrade misses)
   PUTS: 153934 # Clean evictions (from lower level)
   PUTX: 100350 # Dirty evictions (from lower level)
   INV: 0 # Invalidates (from upper level)
   INVX: 0 # Downgrades (from upper level)
   FWD: 0 # Forwards (from upper level)
   latGETnl: 5235280 # GET request latency on next level
   latGETnet: 0 # GET request latency on network to next level
 mem: # Memory controller stats
  mem-0: # Memory channel stats
   rd: 1354113 # Read requests
   wr: 802816 # Write requests
   rdlat: 948956679219 # Total latency experienced by read requests
   wrlat: 834293114428 # Total latency experienced by write requests
   rdmlh: # Latency histogram for read requests
    0: 0
    1: 0
    2: 0
    3: 0
    4: 0
    5: 2367
    6: 1829
    7: 2870
    8: 1356
    9: 2010
    10: 1659
    11: 1060
    12: 2033
    13: 1287
    14: 1636
    15: 973
    16: 1243
    17: 676
    18: 847
    19: 1561
    20: 1327
    21: 1516
    22: 842
    23: 867
    24: 816
    25: 988
    26: 1550
    27: 1509
    28: 1147
    29: 749
    30: 908
    31: 858
    32: 1204
    33: 1847
    34: 1124
    35: 934
    36: 922
    37: 655
    38: 1354
    39: 1304
    40: 1583
    41: 1248
    42: 748
    43: 853
    44: 907
    45: 1356
    46: 1385
    47: 1498
    48: 827
    49: 724
    50: 1078
    51: 1139
    52: 2060
    53: 2258
    54: 1754
    55: 1700
    56: 1478
    57: 2177
    58: 2054
    59: 1813
    60: 1680
    61: 1605
    62: 1672
    63: 1552
    64: 2381
    65: 1976
    66: 1737
    67: 1682
    68: 1481
    69: 1811
    70: 1958
    71: 2175
    72: 1928
    73: 1677
    74: 1577
    75: 1748
    76: 1771
    77: 2182
    78: 2103
    79: 1735
    80: 1635
    81: 1632
    82: 1738
    83: 2028
    84: 2239
    85: 1863
    86: 1691
    87: 1620
    88: 1652
    89: 1979
    90: 2061
    91: 2130
    92: 1695
    93: 1675
    94: 1484
    95: 1818
    96: 2054
    97: 2034
    98: 1922
    99: 1208264
   wrmlh: # Latency histogram for write requests
    0: 0
    1: 0
    2: 0
    3: 0
    4: 0
    5: 145
    6: 777
    7: 1453
    8: 876
    9: 1079
    10: 910
    11: 1170
    12: 971
    13: 1282
    14: 656
    15: 991
    16: 911
    17: 1272
    18: 1060
    19: 1902
    20: 1720
    21: 2031
    22: 1342
    23: 1517
    24: 1015
    25: 1651
    26: 1420
    27: 2168
    28: 1851
    29: 2401
    30: 1631
    31: 2482
    32: 1621
    33: 1770
    34: 1789
    35: 2485
    36: 2181
    37: 2291
    38: 1921
    39: 2624
    40: 2251
    41: 2046
    42: 1674
    43: 2442
    44: 2192
    45: 1853
    46: 1531
    47: 1548
    48: 1299
    49: 1126
    50: 972
    51: 1146
    52: 1046
    53: 940
    54: 774
    55: 951
    56: 891
    57: 785
    58: 703
    59: 788
    60: 720
    61: 635
    62: 631
    63: 656
    64: 590
    65: 539
    66: 508
    67: 547
    68: 499
    69: 473
    70: 462
    71: 508
    72: 456
    73: 362
    74: 367
    75: 362
    76: 338
    77: 326
    78: 305
    79: 365
    80: 305
    81: 263
    82: 240
    83: 262
    84: 265
    85: 204
    86: 192
    87: 262
    88: 215
    89: 176
    90: 167
    91: 163
    92: 159
    93: 136
    94: 126
    95: 106
    96: 153
    97: 145
    98: 191
    99: 709113
   ACT: 2156929 # Activate commands
   PRE: 2212347 # Precharge commands
   RD: 1354113 # Read commands
   WR: 802816 # Write commands
   REF: 43643 # Refresh commands
   eACTPRE: 653549487 # Activate/precharge energy
   eRDWR: 2934033220 # Read/write energy
   eREF: 145200261 # Refresh energy
   eBKGD: 3262462104 # Background energy
   eWIRE: 330010137 # Channel wire energy
 sched: # Scheduler stats
  thCr: 0 # Threads created
  thFn: 0 # Threads finished
  schedEvs: 0 # Schedule events
  waitEvs: 0 # Wait events
  handoffEvs: 0 # Handoff events
  sleepEvs: 0 # Sleep events
  idlePhases: 0 # Phases with no thread active
  idlePeriods: 0 # Periods with no thread active
  occHist: # Occupancy histogram
   0: 8506
   1: 0
  rqSzHist: # Run queue size histogram
   0: 8506
   1: 0
   2: 0
   3: 0
   4: 0
   5: 0
   6: 0
   7: 0
   8: 0
   9: 0
   10: 0
   11: 0
   12: 0
   13: 0
   14: 0
   15: 0
   16: 0
 procCycles: # Per-process unhalted core cycles
  0: 0
  1: 0
  2: 0
  3: 0
  4: 0
  5: 0
  6: 0
  7: 0
  8: 0
  9: 0
  10: 0
  11: 0
  12: 0
  13: 0
  14: 0
  15: 0
  16: 0
  17: 0
  18: 0
  19: 0
  20: 0
  21: 0
  22: 0
  23: 0
  24: 0
  25: 0
  26: 0
  27: 0
  28: 0
  29: 0
  30: 0
  31: 0
 procInstrs: # Per-process instructions
  0: 0
  1: 0
  2: 0
  3: 0
  4: 0
  5: 0
  6: 0
  7: 0
  8: 0
  9: 0
  10: 0
  11: 0
  12: 0
  13: 0
  14: 0
  15: 0
  16: 0
  17: 0
  18: 0
  19: 0
  20: 0
  21: 0
  22: 0
  23: 0
  24: 0
  25: 0
  26: 0
  27: 0
  28: 0
  29: 0
  30: 0
  31: 0
 heartbeats: # Per-process heartbeats
  0: 0
  1: 0
  2: 0
  3: 0
  4: 0
  5: 0
  6: 0
  7: 0
  8: 0
  9: 0
  10: 0
  11: 0
  12: 0
  13: 0
  14: 0
  15: 0
  16: 0
  17: 0
  18: 0
  19: 0
  20: 0
  21: 0
  22: 0
  23: 0
  24: 0
  25: 0
  26: 0
  27: 0
  28: 0
  29: 0
  30: 0
  31: 0
===
