# zsim stats
===
root: # Stats
 contention: # Contention simulation stats
  domain-0: # Domain stats
   time: 73395640 # Weave simulation time
 time: # Simulator time breakdown
  init: 1032866336
  bound: 56063777
  weave: 73724344
  ff: 1174463331
 trigger: 20000 # Reason for this stats dump
 phase: 8 # Simulated phases
 l: # Logic unit stats
  l-0: # Logic unit stats
   cycles: 69363 # Simulated unhalted cycles
   cCycles: 48279 # Cycles due to contention stalls
   ops: 4097 # Simulated operations
   compOps: 1 # Simulated compute operations
  l-1: # Logic unit stats
   cycles: 74971 # Simulated unhalted cycles
   cCycles: 45699 # Cycles due to contention stalls
   ops: 6145 # Simulated operations
   compOps: 1 # Simulated compute operations
  l-2: # Logic unit stats
   cycles: 69921 # Simulated unhalted cycles
   cCycles: 48833 # Cycles due to contention stalls
   ops: 4097 # Simulated operations
   compOps: 1 # Simulated compute operations
  l-3: # Logic unit stats
   cycles: 70053 # Simulated unhalted cycles
   cCycles: 48965 # Cycles due to contention stalls
   ops: 4097 # Simulated operations
   compOps: 1 # Simulated compute operations
 c: # Core stats
  c-0: # Core stats
   cycles: 0 # Simulated cycles
   instrs: 0 # Simulated instructions
 rdbuf: # Cache stats
  rdbuf-0: # Filter cache stats
   fhGETS: 0 # Filtered GETS hits
   fhGETX: 0 # Filtered GETX hits
   hGETS: 0 # GETS hits
   hGETX: 0 # GETX hits
   mGETS: 6912 # GETS misses
   mGETXIM: 0 # GETX I->M misses
   mGETXSM: 0 # GETX S->M misses (upgrade misses)
   PUTS: 0 # Clean evictions (from lower level)
   PUTX: 0 # Dirty evictions (from lower level)
   INV: 0 # Invalidates (from upper level)
   INVX: 115 # Downgrades (from upper level)
   FWD: 0 # Forwards (from upper level)
   latGETnl: 197221 # GET request latency on next level
   latGETnet: 0 # GET request latency on network to next level
  rdbuf-1: # Filter cache stats
   fhGETS: 0 # Filtered GETS hits
   fhGETX: 0 # Filtered GETX hits
   hGETS: 0 # GETS hits
   hGETX: 0 # GETX hits
   mGETS: 12160 # GETS misses
   mGETXIM: 0 # GETX I->M misses
   mGETXSM: 0 # GETX S->M misses (upgrade misses)
   PUTS: 0 # Clean evictions (from lower level)
   PUTX: 0 # Dirty evictions (from lower level)
   INV: 0 # Invalidates (from upper level)
   INVX: 60 # Downgrades (from upper level)
   FWD: 0 # Forwards (from upper level)
   latGETnl: 196579 # GET request latency on next level
   latGETnet: 0 # GET request latency on network to next level
  rdbuf-2: # Filter cache stats
   fhGETS: 0 # Filtered GETS hits
   fhGETX: 0 # Filtered GETX hits
   hGETS: 0 # GETS hits
   hGETX: 0 # GETX hits
   mGETS: 6912 # GETS misses
   mGETXIM: 0 # GETX I->M misses
   mGETXSM: 0 # GETX S->M misses (upgrade misses)
   PUTS: 0 # Clean evictions (from lower level)
   PUTX: 0 # Dirty evictions (from lower level)
   INV: 0 # Invalidates (from upper level)
   INVX: 3 # Downgrades (from upper level)
   FWD: 0 # Forwards (from upper level)
   latGETnl: 215480 # GET request latency on next level
   latGETnet: 0 # GET request latency on network to next level
  rdbuf-3: # Filter cache stats
   fhGETS: 0 # Filtered GETS hits
   fhGETX: 0 # Filtered GETX hits
   hGETS: 0 # GETS hits
   hGETX: 0 # GETX hits
   mGETS: 10240 # GETS misses
   mGETXIM: 0 # GETX I->M misses
   mGETXSM: 0 # GETX S->M misses (upgrade misses)
   PUTS: 0 # Clean evictions (from lower level)
   PUTX: 0 # Dirty evictions (from lower level)
   INV: 0 # Invalidates (from upper level)
   INVX: 0 # Downgrades (from upper level)
   FWD: 0 # Forwards (from upper level)
   latGETnl: 216576 # GET request latency on next level
   latGETnet: 0 # GET request latency on network to next level
 wrbuf: # Cache stats
  wrbuf-0: # Filter cache stats
   fhGETS: 0 # Filtered GETS hits
   fhGETX: 0 # Filtered GETX hits
   hGETS: 0 # GETS hits
   hGETX: 0 # GETX hits
   mGETS: 0 # GETS misses
   mGETXIM: 2560 # GETX I->M misses
   mGETXSM: 0 # GETX S->M misses (upgrade misses)
   PUTS: 0 # Clean evictions (from lower level)
   PUTX: 0 # Dirty evictions (from lower level)
   INV: 1 # Invalidates (from upper level)
   INVX: 0 # Downgrades (from upper level)
   FWD: 0 # Forwards (from upper level)
   latGETnl: 38210 # GET request latency on next level
   latGETnet: 0 # GET request latency on network to next level
  wrbuf-1: # Filter cache stats
   fhGETS: 0 # Filtered GETS hits
   fhGETX: 0 # Filtered GETX hits
   hGETS: 0 # GETS hits
   hGETX: 0 # GETX hits
   mGETS: 0 # GETS misses
   mGETXIM: 3584 # GETX I->M misses
   mGETXSM: 0 # GETX S->M misses (upgrade misses)
   PUTS: 0 # Clean evictions (from lower level)
   PUTX: 0 # Dirty evictions (from lower level)
   INV: 0 # Invalidates (from upper level)
   INVX: 0 # Downgrades (from upper level)
   FWD: 0 # Forwards (from upper level)
   latGETnl: 25005 # GET request latency on next level
   latGETnet: 0 # GET request latency on network to next level
  wrbuf-2: # Filter cache stats
   fhGETS: 0 # Filtered GETS hits
   fhGETX: 0 # Filtered GETX hits
   hGETS: 0 # GETS hits
   hGETX: 0 # GETX hits
   mGETS: 0 # GETS misses
   mGETXIM: 2560 # GETX I->M misses
   mGETXSM: 0 # GETX S->M misses (upgrade misses)
   PUTS: 0 # Clean evictions (from lower level)
   PUTX: 0 # Dirty evictions (from lower level)
   INV: 0 # Invalidates (from upper level)
   INVX: 0 # Downgrades (from upper level)
   FWD: 0 # Forwards (from upper level)
   latGETnl: 28104 # GET request latency on next level
   latGETnet: 0 # GET request latency on network to next level
  wrbuf-3: # Filter cache stats
   fhGETS: 0 # Filtered GETS hits
   fhGETX: 0 # Filtered GETX hits
   hGETS: 0 # GETS hits
   hGETX: 0 # GETX hits
   mGETS: 0 # GETS misses
   mGETXIM: 3072 # GETX I->M misses
   mGETXSM: 0 # GETX S->M misses (upgrade misses)
   PUTS: 0 # Clean evictions (from lower level)
   PUTX: 0 # Dirty evictions (from lower level)
   INV: 1 # Invalidates (from upper level)
   INVX: 0 # Downgrades (from upper level)
   FWD: 0 # Forwards (from upper level)
   latGETnl: 24927 # GET request latency on next level
   latGETnet: 0 # GET request latency on network to next level
 gbuf: # Cache stats
  gbuf-0b0: # Cache stats
   hGETS: 1344 # GETS hits
   hGETX: 1050 # GETX hits
   mGETS: 3184 # GETS misses
   mGETXIM: 422 # GETX I->M misses
   mGETXSM: 0 # GETX S->M misses (upgrade misses)
   PUTS: 4528 # Clean evictions (from lower level)
   PUTX: 1472 # Dirty evictions (from lower level)
   INV: 0 # Invalidates (from upper level)
   INVX: 0 # Downgrades (from upper level)
   FWD: 0 # Forwards (from upper level)
   latGETnl: 111786 # GET request latency on next level
   latGETnet: 0 # GET request latency on network to next level
  gbuf-0b1: # Cache stats
   hGETS: 1344 # GETS hits
   hGETX: 1050 # GETX hits
   mGETS: 3184 # GETS misses
   mGETXIM: 422 # GETX I->M misses
   mGETXSM: 0 # GETX S->M misses (upgrade misses)
   PUTS: 4528 # Clean evictions (from lower level)
   PUTX: 1472 # Dirty evictions (from lower level)
   INV: 0 # Invalidates (from upper level)
   INVX: 0 # Downgrades (from upper level)
   FWD: 0 # Forwards (from upper level)
   latGETnl: 111786 # GET request latency on next level
   latGETnet: 0 # GET request latency on network to next level
  gbuf-0b2: # Cache stats
   hGETS: 1344 # GETS hits
   hGETX: 1050 # GETX hits
   mGETS: 3184 # GETS misses
   mGETXIM: 422 # GETX I->M misses
   mGETXSM: 0 # GETX S->M misses (upgrade misses)
   PUTS: 4528 # Clean evictions (from lower level)
   PUTX: 1472 # Dirty evictions (from lower level)
   INV: 0 # Invalidates (from upper level)
   INVX: 0 # Downgrades (from upper level)
   FWD: 0 # Forwards (from upper level)
   latGETnl: 111786 # GET request latency on next level
   latGETnet: 0 # GET request latency on network to next level
  gbuf-0b3: # Cache stats
   hGETS: 1344 # GETS hits
   hGETX: 1051 # GETX hits
   mGETS: 3184 # GETS misses
   mGETXIM: 421 # GETX I->M misses
   mGETXSM: 0 # GETX S->M misses (upgrade misses)
   PUTS: 4527 # Clean evictions (from lower level)
   PUTX: 1472 # Dirty evictions (from lower level)
   INV: 0 # Invalidates (from upper level)
   INVX: 0 # Downgrades (from upper level)
   FWD: 0 # Forwards (from upper level)
   latGETnl: 111755 # GET request latency on next level
   latGETnet: 0 # GET request latency on network to next level
  gbuf-0b4: # Cache stats
   hGETS: 1344 # GETS hits
   hGETX: 1051 # GETX hits
   mGETS: 3184 # GETS misses
   mGETXIM: 421 # GETX I->M misses
   mGETXSM: 0 # GETX S->M misses (upgrade misses)
   PUTS: 4527 # Clean evictions (from lower level)
   PUTX: 1472 # Dirty evictions (from lower level)
   INV: 0 # Invalidates (from upper level)
   INVX: 0 # Downgrades (from upper level)
   FWD: 0 # Forwards (from upper level)
   latGETnl: 111755 # GET request latency on next level
   latGETnet: 0 # GET request latency on network to next level
  gbuf-0b5: # Cache stats
   hGETS: 1344 # GETS hits
   hGETX: 1053 # GETX hits
   mGETS: 3184 # GETS misses
   mGETXIM: 419 # GETX I->M misses
   mGETXSM: 0 # GETX S->M misses (upgrade misses)
   PUTS: 4528 # Clean evictions (from lower level)
   PUTX: 1472 # Dirty evictions (from lower level)
   INV: 0 # Invalidates (from upper level)
   INVX: 0 # Downgrades (from upper level)
   FWD: 0 # Forwards (from upper level)
   latGETnl: 111693 # GET request latency on next level
   latGETnet: 0 # GET request latency on network to next level
  gbuf-0b6: # Cache stats
   hGETS: 1344 # GETS hits
   hGETX: 1051 # GETX hits
   mGETS: 3184 # GETS misses
   mGETXIM: 421 # GETX I->M misses
   mGETXSM: 0 # GETX S->M misses (upgrade misses)
   PUTS: 4528 # Clean evictions (from lower level)
   PUTX: 1470 # Dirty evictions (from lower level)
   INV: 0 # Invalidates (from upper level)
   INVX: 0 # Downgrades (from upper level)
   FWD: 0 # Forwards (from upper level)
   latGETnl: 111755 # GET request latency on next level
   latGETnet: 0 # GET request latency on network to next level
  gbuf-0b7: # Cache stats
   hGETS: 1344 # GETS hits
   hGETX: 1050 # GETX hits
   mGETS: 3184 # GETS misses
   mGETXIM: 422 # GETX I->M misses
   mGETXSM: 0 # GETX S->M misses (upgrade misses)
   PUTS: 4526 # Clean evictions (from lower level)
   PUTX: 1470 # Dirty evictions (from lower level)
   INV: 0 # Invalidates (from upper level)
   INVX: 0 # Downgrades (from upper level)
   FWD: 0 # Forwards (from upper level)
   latGETnl: 111786 # GET request latency on next level
   latGETnet: 0 # GET request latency on network to next level
 mem: # Memory controller stats
  mem-0: # Memory channel stats
   rd: 7211 # Read requests
   wr: 0 # Write requests
   rdlat: 190405935 # Total latency experienced by read requests
   wrlat: 0 # Total latency experienced by write requests
   rdmlh: # Latency histogram for read requests
    0: 0
    1: 0
    2: 0
    3: 0
    4: 0
    5: 271
    6: 173
    7: 126
    8: 29
    9: 10
    10: 15
    11: 32
    12: 15
    13: 35
    14: 14
    15: 11
    16: 6
    17: 7
    18: 10
    19: 6
    20: 9
    21: 4
    22: 6
    23: 2
    24: 2
    25: 3
    26: 6
    27: 3
    28: 0
    29: 4
    30: 3
    31: 5
    32: 3
    33: 4
    34: 3
    35: 5
    36: 4
    37: 7
    38: 5
    39: 4
    40: 2
    41: 4
    42: 3
    43: 5
    44: 6
    45: 5
    46: 4
    47: 3
    48: 4
    49: 4
    50: 3
    51: 5
    52: 2
    53: 4
    54: 2
    55: 0
    56: 3
    57: 2
    58: 1
    59: 4
    60: 1
    61: 3
    62: 3
    63: 4
    64: 6
    65: 4
    66: 4
    67: 0
    68: 2
    69: 1
    70: 3
    71: 2
    72: 1
    73: 1
    74: 1
    75: 2
    76: 3
    77: 2
    78: 3
    79: 0
    80: 0
    81: 0
    82: 5
    83: 4
    84: 2
    85: 0
    86: 0
    87: 3
    88: 4
    89: 0
    90: 3
    91: 1
    92: 3
    93: 2
    94: 1
    95: 2
    96: 3
    97: 2
    98: 2
    99: 6220
   wrmlh: # Latency histogram for write requests
    0: 0
    1: 0
    2: 0
    3: 0
    4: 0
    5: 0
    6: 0
    7: 0
    8: 0
    9: 0
    10: 0
    11: 0
    12: 0
    13: 0
    14: 0
    15: 0
    16: 0
    17: 0
    18: 0
    19: 0
    20: 0
    21: 0
    22: 0
    23: 0
    24: 0
    25: 0
    26: 0
    27: 0
    28: 0
    29: 0
    30: 0
    31: 0
    32: 0
    33: 0
    34: 0
    35: 0
    36: 0
    37: 0
    38: 0
    39: 0
    40: 0
    41: 0
    42: 0
    43: 0
    44: 0
    45: 0
    46: 0
    47: 0
    48: 0
    49: 0
    50: 0
    51: 0
    52: 0
    53: 0
    54: 0
    55: 0
    56: 0
    57: 0
    58: 0
    59: 0
    60: 0
    61: 0
    62: 0
    63: 0
    64: 0
    65: 0
    66: 0
    67: 0
    68: 0
    69: 0
    70: 0
    71: 0
    72: 0
    73: 0
    74: 0
    75: 0
    76: 0
    77: 0
    78: 0
    79: 0
    80: 0
    81: 0
    82: 0
    83: 0
    84: 0
    85: 0
    86: 0
    87: 0
    88: 0
    89: 0
    90: 0
    91: 0
    92: 0
    93: 0
    94: 0
    95: 0
    96: 0
    97: 0
    98: 0
    99: 0
   ACT: 7211 # Activate commands
   PRE: 7322 # Precharge commands
   RD: 7211 # Read commands
   WR: 0 # Write commands
   REF: 42 # Refresh commands
   eACTPRE: 2184933 # Activate/precharge energy
   eRDWR: 9720428 # Read/write energy
   eREF: 139734 # Refresh energy
   eBKGD: 3154570 # Background energy
   eWIRE: 1103283 # Channel wire energy
  mem-1: # Memory channel stats
   rd: 7209 # Read requests
   wr: 0 # Write requests
   rdlat: 182830200 # Total latency experienced by read requests
   wrlat: 0 # Total latency experienced by write requests
   rdmlh: # Latency histogram for read requests
    0: 0
    1: 0
    2: 0
    3: 0
    4: 0
    5: 312
    6: 200
    7: 121
    8: 38
    9: 7
    10: 24
    11: 50
    12: 12
    13: 35
    14: 6
    15: 5
    16: 5
    17: 10
    18: 6
    19: 6
    20: 3
    21: 4
    22: 4
    23: 1
    24: 3
    25: 2
    26: 3
    27: 1
    28: 4
    29: 4
    30: 2
    31: 6
    32: 1
    33: 4
    34: 4
    35: 1
    36: 1
    37: 5
    38: 6
    39: 2
    40: 1
    41: 0
    42: 0
    43: 3
    44: 5
    45: 2
    46: 1
    47: 0
    48: 1
    49: 2
    50: 3
    51: 1
    52: 1
    53: 1
    54: 1
    55: 2
    56: 2
    57: 1
    58: 2
    59: 3
    60: 1
    61: 1
    62: 2
    63: 0
    64: 1
    65: 2
    66: 1
    67: 2
    68: 1
    69: 2
    70: 3
    71: 0
    72: 1
    73: 4
    74: 0
    75: 0
    76: 2
    77: 4
    78: 1
    79: 2
    80: 1
    81: 0
    82: 4
    83: 1
    84: 2
    85: 1
    86: 2
    87: 0
    88: 3
    89: 1
    90: 1
    91: 1
    92: 2
    93: 1
    94: 2
    95: 1
    96: 1
    97: 2
    98: 2
    99: 6221
   wrmlh: # Latency histogram for write requests
    0: 0
    1: 0
    2: 0
    3: 0
    4: 0
    5: 0
    6: 0
    7: 0
    8: 0
    9: 0
    10: 0
    11: 0
    12: 0
    13: 0
    14: 0
    15: 0
    16: 0
    17: 0
    18: 0
    19: 0
    20: 0
    21: 0
    22: 0
    23: 0
    24: 0
    25: 0
    26: 0
    27: 0
    28: 0
    29: 0
    30: 0
    31: 0
    32: 0
    33: 0
    34: 0
    35: 0
    36: 0
    37: 0
    38: 0
    39: 0
    40: 0
    41: 0
    42: 0
    43: 0
    44: 0
    45: 0
    46: 0
    47: 0
    48: 0
    49: 0
    50: 0
    51: 0
    52: 0
    53: 0
    54: 0
    55: 0
    56: 0
    57: 0
    58: 0
    59: 0
    60: 0
    61: 0
    62: 0
    63: 0
    64: 0
    65: 0
    66: 0
    67: 0
    68: 0
    69: 0
    70: 0
    71: 0
    72: 0
    73: 0
    74: 0
    75: 0
    76: 0
    77: 0
    78: 0
    79: 0
    80: 0
    81: 0
    82: 0
    83: 0
    84: 0
    85: 0
    86: 0
    87: 0
    88: 0
    89: 0
    90: 0
    91: 0
    92: 0
    93: 0
    94: 0
    95: 0
    96: 0
    97: 0
    98: 0
    99: 0
   ACT: 7209 # Activate commands
   PRE: 7329 # Precharge commands
   RD: 7209 # Read commands
   WR: 0 # Write commands
   REF: 42 # Refresh commands
   eACTPRE: 2184327 # Activate/precharge energy
   eRDWR: 9717732 # Read/write energy
   eREF: 139734 # Refresh energy
   eBKGD: 3153483 # Background energy
   eWIRE: 1102977 # Channel wire energy
  mem-2: # Memory channel stats
   rd: 7211 # Read requests
   wr: 0 # Write requests
   rdlat: 186414024 # Total latency experienced by read requests
   wrlat: 0 # Total latency experienced by write requests
   rdmlh: # Latency histogram for read requests
    0: 0
    1: 0
    2: 0
    3: 0
    4: 0
    5: 309
    6: 193
    7: 121
    8: 34
    9: 9
    10: 28
    11: 42
    12: 25
    13: 29
    14: 4
    15: 10
    16: 6
    17: 6
    18: 5
    19: 7
    20: 6
    21: 4
    22: 4
    23: 5
    24: 0
    25: 2
    26: 7
    27: 1
    28: 2
    29: 3
    30: 1
    31: 3
    32: 4
    33: 2
    34: 5
    35: 1
    36: 5
    37: 2
    38: 5
    39: 1
    40: 2
    41: 2
    42: 2
    43: 1
    44: 5
    45: 2
    46: 2
    47: 0
    48: 2
    49: 1
    50: 4
    51: 4
    52: 3
    53: 1
    54: 0
    55: 1
    56: 2
    57: 4
    58: 0
    59: 1
    60: 0
    61: 2
    62: 2
    63: 3
    64: 2
    65: 1
    66: 2
    67: 2
    68: 0
    69: 2
    70: 1
    71: 3
    72: 1
    73: 2
    74: 0
    75: 2
    76: 1
    77: 2
    78: 2
    79: 1
    80: 3
    81: 1
    82: 1
    83: 1
    84: 1
    85: 4
    86: 1
    87: 0
    88: 2
    89: 1
    90: 1
    91: 4
    92: 0
    93: 1
    94: 2
    95: 1
    96: 2
    97: 3
    98: 2
    99: 6219
   wrmlh: # Latency histogram for write requests
    0: 0
    1: 0
    2: 0
    3: 0
    4: 0
    5: 0
    6: 0
    7: 0
    8: 0
    9: 0
    10: 0
    11: 0
    12: 0
    13: 0
    14: 0
    15: 0
    16: 0
    17: 0
    18: 0
    19: 0
    20: 0
    21: 0
    22: 0
    23: 0
    24: 0
    25: 0
    26: 0
    27: 0
    28: 0
    29: 0
    30: 0
    31: 0
    32: 0
    33: 0
    34: 0
    35: 0
    36: 0
    37: 0
    38: 0
    39: 0
    40: 0
    41: 0
    42: 0
    43: 0
    44: 0
    45: 0
    46: 0
    47: 0
    48: 0
    49: 0
    50: 0
    51: 0
    52: 0
    53: 0
    54: 0
    55: 0
    56: 0
    57: 0
    58: 0
    59: 0
    60: 0
    61: 0
    62: 0
    63: 0
    64: 0
    65: 0
    66: 0
    67: 0
    68: 0
    69: 0
    70: 0
    71: 0
    72: 0
    73: 0
    74: 0
    75: 0
    76: 0
    77: 0
    78: 0
    79: 0
    80: 0
    81: 0
    82: 0
    83: 0
    84: 0
    85: 0
    86: 0
    87: 0
    88: 0
    89: 0
    90: 0
    91: 0
    92: 0
    93: 0
    94: 0
    95: 0
    96: 0
    97: 0
    98: 0
    99: 0
   ACT: 7211 # Activate commands
   PRE: 7332 # Precharge commands
   RD: 7211 # Read commands
   WR: 0 # Write commands
   REF: 42 # Refresh commands
   eACTPRE: 2184933 # Activate/precharge energy
   eRDWR: 9720428 # Read/write energy
   eREF: 139734 # Refresh energy
   eBKGD: 3153185 # Background energy
   eWIRE: 1103283 # Channel wire energy
  mem-3: # Memory channel stats
   rd: 7211 # Read requests
   wr: 0 # Write requests
   rdlat: 191108907 # Total latency experienced by read requests
   wrlat: 0 # Total latency experienced by write requests
   rdmlh: # Latency histogram for read requests
    0: 0
    1: 0
    2: 0
    3: 0
    4: 0
    5: 252
    6: 170
    7: 108
    8: 26
    9: 12
    10: 18
    11: 36
    12: 17
    13: 32
    14: 2
    15: 16
    16: 9
    17: 12
    18: 10
    19: 5
    20: 9
    21: 6
    22: 5
    23: 2
    24: 4
    25: 7
    26: 11
    27: 4
    28: 7
    29: 4
    30: 8
    31: 9
    32: 10
    33: 2
    34: 1
    35: 1
    36: 2
    37: 2
    38: 6
    39: 2
    40: 0
    41: 0
    42: 2
    43: 5
    44: 4
    45: 1
    46: 5
    47: 0
    48: 0
    49: 4
    50: 5
    51: 4
    52: 2
    53: 6
    54: 2
    55: 0
    56: 2
    57: 8
    58: 4
    59: 1
    60: 0
    61: 0
    62: 7
    63: 3
    64: 3
    65: 4
    66: 1
    67: 4
    68: 6
    69: 4
    70: 6
    71: 3
    72: 5
    73: 2
    74: 1
    75: 4
    76: 3
    77: 3
    78: 1
    79: 3
    80: 1
    81: 3
    82: 3
    83: 1
    84: 4
    85: 1
    86: 1
    87: 4
    88: 3
    89: 1
    90: 2
    91: 2
    92: 1
    93: 3
    94: 1
    95: 1
    96: 4
    97: 2
    98: 2
    99: 6226
   wrmlh: # Latency histogram for write requests
    0: 0
    1: 0
    2: 0
    3: 0
    4: 0
    5: 0
    6: 0
    7: 0
    8: 0
    9: 0
    10: 0
    11: 0
    12: 0
    13: 0
    14: 0
    15: 0
    16: 0
    17: 0
    18: 0
    19: 0
    20: 0
    21: 0
    22: 0
    23: 0
    24: 0
    25: 0
    26: 0
    27: 0
    28: 0
    29: 0
    30: 0
    31: 0
    32: 0
    33: 0
    34: 0
    35: 0
    36: 0
    37: 0
    38: 0
    39: 0
    40: 0
    41: 0
    42: 0
    43: 0
    44: 0
    45: 0
    46: 0
    47: 0
    48: 0
    49: 0
    50: 0
    51: 0
    52: 0
    53: 0
    54: 0
    55: 0
    56: 0
    57: 0
    58: 0
    59: 0
    60: 0
    61: 0
    62: 0
    63: 0
    64: 0
    65: 0
    66: 0
    67: 0
    68: 0
    69: 0
    70: 0
    71: 0
    72: 0
    73: 0
    74: 0
    75: 0
    76: 0
    77: 0
    78: 0
    79: 0
    80: 0
    81: 0
    82: 0
    83: 0
    84: 0
    85: 0
    86: 0
    87: 0
    88: 0
    89: 0
    90: 0
    91: 0
    92: 0
    93: 0
    94: 0
    95: 0
    96: 0
    97: 0
    98: 0
    99: 0
   ACT: 7211 # Activate commands
   PRE: 7325 # Precharge commands
   RD: 7211 # Read commands
   WR: 0 # Write commands
   REF: 42 # Refresh commands
   eACTPRE: 2184933 # Activate/precharge energy
   eRDWR: 9720428 # Read/write energy
   eREF: 139734 # Refresh energy
   eBKGD: 3153806 # Background energy
   eWIRE: 1103283 # Channel wire energy
 sched: # Scheduler stats
  thCr: 0 # Threads created
  thFn: 0 # Threads finished
  schedEvs: 0 # Schedule events
  waitEvs: 0 # Wait events
  handoffEvs: 0 # Handoff events
  sleepEvs: 0 # Sleep events
  idlePhases: 0 # Phases with no thread active
  idlePeriods: 0 # Periods with no thread active
  occHist: # Occupancy histogram
   0: 8
   1: 0
  rqSzHist: # Run queue size histogram
   0: 8
   1: 0
   2: 0
   3: 0
   4: 0
   5: 0
   6: 0
   7: 0
   8: 0
   9: 0
   10: 0
   11: 0
   12: 0
   13: 0
   14: 0
   15: 0
   16: 0
 procCycles: # Per-process unhalted core cycles
  0: 0
  1: 0
  2: 0
  3: 0
  4: 0
  5: 0
  6: 0
  7: 0
  8: 0
  9: 0
  10: 0
  11: 0
  12: 0
  13: 0
  14: 0
  15: 0
  16: 0
  17: 0
  18: 0
  19: 0
  20: 0
  21: 0
  22: 0
  23: 0
  24: 0
  25: 0
  26: 0
  27: 0
  28: 0
  29: 0
  30: 0
  31: 0
 procInstrs: # Per-process instructions
  0: 0
  1: 0
  2: 0
  3: 0
  4: 0
  5: 0
  6: 0
  7: 0
  8: 0
  9: 0
  10: 0
  11: 0
  12: 0
  13: 0
  14: 0
  15: 0
  16: 0
  17: 0
  18: 0
  19: 0
  20: 0
  21: 0
  22: 0
  23: 0
  24: 0
  25: 0
  26: 0
  27: 0
  28: 0
  29: 0
  30: 0
  31: 0
 heartbeats: # Per-process heartbeats
  0: 0
  1: 0
  2: 0
  3: 0
  4: 0
  5: 0
  6: 0
  7: 0
  8: 0
  9: 0
  10: 0
  11: 0
  12: 0
  13: 0
  14: 0
  15: 0
  16: 0
  17: 0
  18: 0
  19: 0
  20: 0
  21: 0
  22: 0
  23: 0
  24: 0
  25: 0
  26: 0
  27: 0
  28: 0
  29: 0
  30: 0
  31: 0
===
