# zsim stats
===
root: # Stats
 contention: # Contention simulation stats
  domain-0: # Domain stats
   time: 59026008109 # Weave simulation time
 time: # Simulator time breakdown
  init: 10966926042
  bound: 574935496515
  weave: 59092506923
  ff: 1194377394
 trigger: 20000 # Reason for this stats dump
 phase: 1549 # Simulated phases
 l: # Logic unit stats
  l-0: # Logic unit stats
   cycles: 15480747 # Simulated unhalted cycles
   cCycles: 14015851 # Cycles due to contention stalls
   ops: 112656 # Simulated operations
   compOps: 16 # Simulated compute operations
 c: # Core stats
  c-0: # Core stats
   cycles: 0 # Simulated cycles
   instrs: 0 # Simulated instructions
 rdbuf: # Cache stats
  rdbuf-0: # Filter cache stats
   fhGETS: 63360 # Filtered GETS hits
   fhGETX: 0 # Filtered GETX hits
   hGETS: 0 # GETS hits
   hGETX: 0 # GETX hits
   mGETS: 1161600 # GETS misses
   mGETXIM: 0 # GETX I->M misses
   mGETXSM: 0 # GETX S->M misses (upgrade misses)
   PUTS: 0 # Clean evictions (from lower level)
   PUTX: 0 # Dirty evictions (from lower level)
   INV: 16 # Invalidates (from upper level)
   INVX: 0 # Downgrades (from upper level)
   FWD: 0 # Forwards (from upper level)
   latGETnl: 37171200 # GET request latency on next level
   latGETnet: 0 # GET request latency on network to next level
 wrbuf: # Cache stats
  wrbuf-0: # Filter cache stats
   fhGETS: 0 # Filtered GETS hits
   fhGETX: 26400 # Filtered GETX hits
   hGETS: 0 # GETS hits
   hGETX: 0 # GETX hits
   mGETS: 0 # GETS misses
   mGETXIM: 290400 # GETX I->M misses
   mGETXSM: 0 # GETX S->M misses (upgrade misses)
   PUTS: 0 # Clean evictions (from lower level)
   PUTX: 0 # Dirty evictions (from lower level)
   INV: 15 # Invalidates (from upper level)
   INVX: 0 # Downgrades (from upper level)
   FWD: 0 # Forwards (from upper level)
   latGETnl: 9292800 # GET request latency on next level
   latGETnet: 0 # GET request latency on network to next level
 gbuf: # Cache stats
  gbuf-0b0: # Cache stats
   hGETS: 0 # GETS hits
   hGETX: 0 # GETX hits
   mGETS: 145200 # GETS misses
   mGETXIM: 36300 # GETX I->M misses
   mGETXSM: 0 # GETX S->M misses (upgrade misses)
   PUTS: 145198 # Clean evictions (from lower level)
   PUTX: 36298 # Dirty evictions (from lower level)
   INV: 0 # Invalidates (from upper level)
   INVX: 0 # Downgrades (from upper level)
   FWD: 0 # Forwards (from upper level)
   latGETnl: 5626500 # GET request latency on next level
   latGETnet: 0 # GET request latency on network to next level
  gbuf-0b1: # Cache stats
   hGETS: 0 # GETS hits
   hGETX: 0 # GETX hits
   mGETS: 145200 # GETS misses
   mGETXIM: 36300 # GETX I->M misses
   mGETXSM: 0 # GETX S->M misses (upgrade misses)
   PUTS: 145198 # Clean evictions (from lower level)
   PUTX: 36298 # Dirty evictions (from lower level)
   INV: 0 # Invalidates (from upper level)
   INVX: 0 # Downgrades (from upper level)
   FWD: 0 # Forwards (from upper level)
   latGETnl: 5626500 # GET request latency on next level
   latGETnet: 0 # GET request latency on network to next level
  gbuf-0b2: # Cache stats
   hGETS: 0 # GETS hits
   hGETX: 0 # GETX hits
   mGETS: 145200 # GETS misses
   mGETXIM: 36300 # GETX I->M misses
   mGETXSM: 0 # GETX S->M misses (upgrade misses)
   PUTS: 145198 # Clean evictions (from lower level)
   PUTX: 36298 # Dirty evictions (from lower level)
   INV: 0 # Invalidates (from upper level)
   INVX: 0 # Downgrades (from upper level)
   FWD: 0 # Forwards (from upper level)
   latGETnl: 5626500 # GET request latency on next level
   latGETnet: 0 # GET request latency on network to next level
  gbuf-0b3: # Cache stats
   hGETS: 0 # GETS hits
   hGETX: 0 # GETX hits
   mGETS: 145200 # GETS misses
   mGETXIM: 36300 # GETX I->M misses
   mGETXSM: 0 # GETX S->M misses (upgrade misses)
   PUTS: 145198 # Clean evictions (from lower level)
   PUTX: 36298 # Dirty evictions (from lower level)
   INV: 0 # Invalidates (from upper level)
   INVX: 0 # Downgrades (from upper level)
   FWD: 0 # Forwards (from upper level)
   latGETnl: 5626500 # GET request latency on next level
   latGETnet: 0 # GET request latency on network to next level
  gbuf-0b4: # Cache stats
   hGETS: 0 # GETS hits
   hGETX: 0 # GETX hits
   mGETS: 145200 # GETS misses
   mGETXIM: 36300 # GETX I->M misses
   mGETXSM: 0 # GETX S->M misses (upgrade misses)
   PUTS: 145198 # Clean evictions (from lower level)
   PUTX: 36298 # Dirty evictions (from lower level)
   INV: 0 # Invalidates (from upper level)
   INVX: 0 # Downgrades (from upper level)
   FWD: 0 # Forwards (from upper level)
   latGETnl: 5626500 # GET request latency on next level
   latGETnet: 0 # GET request latency on network to next level
  gbuf-0b5: # Cache stats
   hGETS: 0 # GETS hits
   hGETX: 0 # GETX hits
   mGETS: 145200 # GETS misses
   mGETXIM: 36300 # GETX I->M misses
   mGETXSM: 0 # GETX S->M misses (upgrade misses)
   PUTS: 145199 # Clean evictions (from lower level)
   PUTX: 36297 # Dirty evictions (from lower level)
   INV: 0 # Invalidates (from upper level)
   INVX: 0 # Downgrades (from upper level)
   FWD: 0 # Forwards (from upper level)
   latGETnl: 5626500 # GET request latency on next level
   latGETnet: 0 # GET request latency on network to next level
  gbuf-0b6: # Cache stats
   hGETS: 0 # GETS hits
   hGETX: 0 # GETX hits
   mGETS: 145200 # GETS misses
   mGETXIM: 36300 # GETX I->M misses
   mGETXSM: 0 # GETX S->M misses (upgrade misses)
   PUTS: 145197 # Clean evictions (from lower level)
   PUTX: 36298 # Dirty evictions (from lower level)
   INV: 0 # Invalidates (from upper level)
   INVX: 0 # Downgrades (from upper level)
   FWD: 0 # Forwards (from upper level)
   latGETnl: 5626500 # GET request latency on next level
   latGETnet: 0 # GET request latency on network to next level
  gbuf-0b7: # Cache stats
   hGETS: 0 # GETS hits
   hGETX: 0 # GETX hits
   mGETS: 145200 # GETS misses
   mGETXIM: 36300 # GETX I->M misses
   mGETXSM: 0 # GETX S->M misses (upgrade misses)
   PUTS: 145198 # Clean evictions (from lower level)
   PUTX: 36299 # Dirty evictions (from lower level)
   INV: 0 # Invalidates (from upper level)
   INVX: 0 # Downgrades (from upper level)
   FWD: 0 # Forwards (from upper level)
   latGETnl: 5626500 # GET request latency on next level
   latGETnet: 0 # GET request latency on network to next level
 mem: # Memory controller stats
  mem-0: # Memory channel stats
   rd: 1452000 # Read requests
   wr: 272392 # Write requests
   rdlat: 675768356636 # Total latency experienced by read requests
   wrlat: 79262778588 # Total latency experienced by write requests
   rdmlh: # Latency histogram for read requests
    0: 0
    1: 0
    2: 0
    3: 0
    4: 0
    5: 17
    6: 23
    7: 40
    8: 27
    9: 41
    10: 4
    11: 0
    12: 19
    13: 27
    14: 25
    15: 43
    16: 18
    17: 15
    18: 3
    19: 22
    20: 23
    21: 40
    22: 25
    23: 21
    24: 8
    25: 12
    26: 20
    27: 37
    28: 31
    29: 25
    30: 12
    31: 14
    32: 11
    33: 36
    34: 28
    35: 30
    36: 16
    37: 10
    38: 6
    39: 28
    40: 32
    41: 33
    42: 21
    43: 16
    44: 5
    45: 21
    46: 21
    47: 33
    48: 26
    49: 28
    50: 13
    51: 9
    52: 15
    53: 36
    54: 30
    55: 34
    56: 19
    57: 33
    58: 23
    59: 25
    60: 18
    61: 14
    62: 25
    63: 31
    64: 26
    65: 30
    66: 18
    67: 17
    68: 11
    69: 25
    70: 28
    71: 29
    72: 20
    73: 20
    74: 10
    75: 19
    76: 25
    77: 37
    78: 24
    79: 17
    80: 16
    81: 15
    82: 25
    83: 31
    84: 26
    85: 24
    86: 18
    87: 10
    88: 19
    89: 34
    90: 28
    91: 25
    92: 23
    93: 20
    94: 6
    95: 17
    96: 27
    97: 31
    98: 24
    99: 1449907
   wrmlh: # Latency histogram for write requests
    0: 0
    1: 0
    2: 0
    3: 0
    4: 0
    5: 21
    6: 39
    7: 54
    8: 30
    9: 43
    10: 8
    11: 26
    12: 35
    13: 9
    14: 11
    15: 41
    16: 39
    17: 48
    18: 48
    19: 40
    20: 32
    21: 30
    22: 27
    23: 34
    24: 43
    25: 53
    26: 57
    27: 92
    28: 76
    29: 46
    30: 62
    31: 98
    32: 87
    33: 83
    34: 88
    35: 162
    36: 165
    37: 120
    38: 141
    39: 207
    40: 204
    41: 229
    42: 244
    43: 387
    44: 346
    45: 277
    46: 309
    47: 518
    48: 361
    49: 327
    50: 286
    51: 337
    52: 250
    53: 234
    54: 195
    55: 379
    56: 261
    57: 217
    58: 184
    59: 248
    60: 190
    61: 172
    62: 126
    63: 215
    64: 154
    65: 112
    66: 109
    67: 122
    68: 104
    69: 77
    70: 69
    71: 97
    72: 95
    73: 70
    74: 79
    75: 89
    76: 67
    77: 42
    78: 47
    79: 67
    80: 39
    81: 31
    82: 34
    83: 27
    84: 30
    85: 19
    86: 29
    87: 27
    88: 14
    89: 17
    90: 18
    91: 16
    92: 14
    93: 10
    94: 9
    95: 10
    96: 6
    97: 7
    98: 4
    99: 261940
   ACT: 1724392 # Activate commands
   PRE: 1746804 # Precharge commands
   RD: 1452000 # Read commands
   WR: 272392 # Write commands
   REF: 7948 # Refresh commands
   eACTPRE: 522490776 # Activate/precharge energy
   eRDWR: 2333469352 # Read/write energy
   eREF: 26442996 # Refresh energy
   eBKGD: 611362608 # Background energy
   eWIRE: 263831976 # Channel wire energy
 sched: # Scheduler stats
  thCr: 0 # Threads created
  thFn: 0 # Threads finished
  schedEvs: 0 # Schedule events
  waitEvs: 0 # Wait events
  handoffEvs: 0 # Handoff events
  sleepEvs: 0 # Sleep events
  idlePhases: 0 # Phases with no thread active
  idlePeriods: 0 # Periods with no thread active
  occHist: # Occupancy histogram
   0: 1549
   1: 0
  rqSzHist: # Run queue size histogram
   0: 1549
   1: 0
   2: 0
   3: 0
   4: 0
   5: 0
   6: 0
   7: 0
   8: 0
   9: 0
   10: 0
   11: 0
   12: 0
   13: 0
   14: 0
   15: 0
   16: 0
 procCycles: # Per-process unhalted core cycles
  0: 0
  1: 0
  2: 0
  3: 0
  4: 0
  5: 0
  6: 0
  7: 0
  8: 0
  9: 0
  10: 0
  11: 0
  12: 0
  13: 0
  14: 0
  15: 0
  16: 0
  17: 0
  18: 0
  19: 0
  20: 0
  21: 0
  22: 0
  23: 0
  24: 0
  25: 0
  26: 0
  27: 0
  28: 0
  29: 0
  30: 0
  31: 0
 procInstrs: # Per-process instructions
  0: 0
  1: 0
  2: 0
  3: 0
  4: 0
  5: 0
  6: 0
  7: 0
  8: 0
  9: 0
  10: 0
  11: 0
  12: 0
  13: 0
  14: 0
  15: 0
  16: 0
  17: 0
  18: 0
  19: 0
  20: 0
  21: 0
  22: 0
  23: 0
  24: 0
  25: 0
  26: 0
  27: 0
  28: 0
  29: 0
  30: 0
  31: 0
 heartbeats: # Per-process heartbeats
  0: 0
  1: 0
  2: 0
  3: 0
  4: 0
  5: 0
  6: 0
  7: 0
  8: 0
  9: 0
  10: 0
  11: 0
  12: 0
  13: 0
  14: 0
  15: 0
  16: 0
  17: 0
  18: 0
  19: 0
  20: 0
  21: 0
  22: 0
  23: 0
  24: 0
  25: 0
  26: 0
  27: 0
  28: 0
  29: 0
  30: 0
  31: 0
===
