# zsim stats
===
root: # Stats
 contention: # Contention simulation stats
  domain-0: # Domain stats
   time: 26779850404 # Weave simulation time
 time: # Simulator time breakdown
  init: 659497672
  bound: 105124424020
  weave: 26999777390
  ff: 1172103517
 trigger: 20000 # Reason for this stats dump
 phase: 4105 # Simulated phases
 l: # Logic unit stats
  l-0: # Logic unit stats
   cycles: 41047375 # Simulated unhalted cycles
   cCycles: 4089047 # Cycles due to contention stalls
   ops: 287744 # Simulated operations
   compOps: 1024 # Simulated compute operations
  l-1: # Logic unit stats
   cycles: 41044881 # Simulated unhalted cycles
   cCycles: 4024609 # Cycles due to contention stalls
   ops: 304128 # Simulated operations
   compOps: 1024 # Simulated compute operations
  l-2: # Logic unit stats
   cycles: 40977853 # Simulated unhalted cycles
   cCycles: 4019536 # Cycles due to contention stalls
   ops: 287744 # Simulated operations
   compOps: 1024 # Simulated compute operations
  l-3: # Logic unit stats
   cycles: 40978741 # Simulated unhalted cycles
   cCycles: 4019347 # Cycles due to contention stalls
   ops: 287744 # Simulated operations
   compOps: 1024 # Simulated compute operations
 c: # Core stats
  c-0: # Core stats
   cycles: 0 # Simulated cycles
   instrs: 0 # Simulated instructions
 rdbuf: # Cache stats
  rdbuf-0: # Filter cache stats
   fhGETS: 0 # Filtered GETS hits
   fhGETX: 0 # Filtered GETX hits
   hGETS: 0 # GETS hits
   hGETX: 0 # GETX hits
   mGETS: 479232 # GETS misses
   mGETXIM: 0 # GETX I->M misses
   mGETXSM: 0 # GETX S->M misses (upgrade misses)
   PUTS: 0 # Clean evictions (from lower level)
   PUTX: 0 # Dirty evictions (from lower level)
   INV: 1 # Invalidates (from upper level)
   INVX: 3691 # Downgrades (from upper level)
   FWD: 0 # Forwards (from upper level)
   latGETnl: 3820598 # GET request latency on next level
   latGETnet: 0 # GET request latency on network to next level
  rdbuf-1: # Filter cache stats
   fhGETS: 0 # Filtered GETS hits
   fhGETX: 0 # Filtered GETX hits
   hGETS: 0 # GETS hits
   hGETX: 0 # GETX hits
   mGETS: 512000 # GETS misses
   mGETXIM: 0 # GETX I->M misses
   mGETXSM: 0 # GETX S->M misses (upgrade misses)
   PUTS: 0 # Clean evictions (from lower level)
   PUTX: 0 # Dirty evictions (from lower level)
   INV: 1 # Invalidates (from upper level)
   INVX: 2564 # Downgrades (from upper level)
   FWD: 0 # Forwards (from upper level)
   latGETnl: 4930833 # GET request latency on next level
   latGETnet: 0 # GET request latency on network to next level
  rdbuf-2: # Filter cache stats
   fhGETS: 0 # Filtered GETS hits
   fhGETX: 0 # Filtered GETX hits
   hGETS: 0 # GETS hits
   hGETX: 0 # GETX hits
   mGETS: 479232 # GETS misses
   mGETXIM: 0 # GETX I->M misses
   mGETXSM: 0 # GETX S->M misses (upgrade misses)
   PUTS: 0 # Clean evictions (from lower level)
   PUTX: 0 # Dirty evictions (from lower level)
   INV: 1 # Invalidates (from upper level)
   INVX: 4080 # Downgrades (from upper level)
   FWD: 0 # Forwards (from upper level)
   latGETnl: 3802618 # GET request latency on next level
   latGETnet: 0 # GET request latency on network to next level
  rdbuf-3: # Filter cache stats
   fhGETS: 0 # Filtered GETS hits
   fhGETX: 0 # Filtered GETX hits
   hGETS: 0 # GETS hits
   hGETX: 0 # GETX hits
   mGETS: 462848 # GETS misses
   mGETXIM: 0 # GETX I->M misses
   mGETXSM: 0 # GETX S->M misses (upgrade misses)
   PUTS: 0 # Clean evictions (from lower level)
   PUTX: 0 # Dirty evictions (from lower level)
   INV: 1 # Invalidates (from upper level)
   INVX: 3810 # Downgrades (from upper level)
   FWD: 0 # Forwards (from upper level)
   latGETnl: 4869219 # GET request latency on next level
   latGETnet: 0 # GET request latency on network to next level
 wrbuf: # Cache stats
  wrbuf-0: # Filter cache stats
   fhGETS: 0 # Filtered GETS hits
   fhGETX: 0 # Filtered GETX hits
   hGETS: 0 # GETS hits
   hGETX: 0 # GETX hits
   mGETS: 0 # GETS misses
   mGETXIM: 28672 # GETX I->M misses
   mGETXSM: 0 # GETX S->M misses (upgrade misses)
   PUTS: 0 # Clean evictions (from lower level)
   PUTX: 0 # Dirty evictions (from lower level)
   INV: 13 # Invalidates (from upper level)
   INVX: 0 # Downgrades (from upper level)
   FWD: 0 # Forwards (from upper level)
   latGETnl: 571420 # GET request latency on next level
   latGETnet: 0 # GET request latency on network to next level
  wrbuf-1: # Filter cache stats
   fhGETS: 0 # Filtered GETS hits
   fhGETX: 0 # Filtered GETX hits
   hGETS: 0 # GETS hits
   hGETX: 0 # GETX hits
   mGETS: 0 # GETS misses
   mGETXIM: 36864 # GETX I->M misses
   mGETXSM: 0 # GETX S->M misses (upgrade misses)
   PUTS: 0 # Clean evictions (from lower level)
   PUTX: 0 # Dirty evictions (from lower level)
   INV: 3 # Invalidates (from upper level)
   INVX: 0 # Downgrades (from upper level)
   FWD: 0 # Forwards (from upper level)
   latGETnl: 922813 # GET request latency on next level
   latGETnet: 0 # GET request latency on network to next level
  wrbuf-2: # Filter cache stats
   fhGETS: 0 # Filtered GETS hits
   fhGETX: 0 # Filtered GETX hits
   hGETS: 0 # GETS hits
   hGETX: 0 # GETX hits
   mGETS: 0 # GETS misses
   mGETXIM: 28672 # GETX I->M misses
   mGETXSM: 0 # GETX S->M misses (upgrade misses)
   PUTS: 0 # Clean evictions (from lower level)
   PUTX: 0 # Dirty evictions (from lower level)
   INV: 5 # Invalidates (from upper level)
   INVX: 0 # Downgrades (from upper level)
   FWD: 0 # Forwards (from upper level)
   latGETnl: 588811 # GET request latency on next level
   latGETnet: 0 # GET request latency on network to next level
  wrbuf-3: # Filter cache stats
   fhGETS: 0 # Filtered GETS hits
   fhGETX: 0 # Filtered GETX hits
   hGETS: 0 # GETS hits
   hGETX: 0 # GETX hits
   mGETS: 0 # GETS misses
   mGETXIM: 34816 # GETX I->M misses
   mGETXSM: 0 # GETX S->M misses (upgrade misses)
   PUTS: 0 # Clean evictions (from lower level)
   PUTX: 0 # Dirty evictions (from lower level)
   INV: 2 # Invalidates (from upper level)
   INVX: 0 # Downgrades (from upper level)
   FWD: 0 # Forwards (from upper level)
   latGETnl: 839824 # GET request latency on next level
   latGETnet: 0 # GET request latency on network to next level
 gbuf: # Cache stats
  gbuf-0b0: # Cache stats
   hGETS: 179085 # GETS hits
   hGETX: 4985 # GETX hits
   mGETS: 62579 # GETS misses
   mGETXIM: 11143 # GETX I->M misses
   mGETXSM: 0 # GETX S->M misses (upgrade misses)
   PUTS: 241664 # Clean evictions (from lower level)
   PUTX: 16122 # Dirty evictions (from lower level)
   INV: 0 # Invalidates (from upper level)
   INVX: 0 # Downgrades (from upper level)
   FWD: 0 # Forwards (from upper level)
   latGETnl: 2285382 # GET request latency on next level
   latGETnet: 0 # GET request latency on network to next level
  gbuf-0b1: # Cache stats
   hGETS: 179101 # GETS hits
   hGETX: 4779 # GETX hits
   mGETS: 62559 # GETS misses
   mGETXIM: 11349 # GETX I->M misses
   mGETXSM: 0 # GETX S->M misses (upgrade misses)
   PUTS: 241659 # Clean evictions (from lower level)
   PUTX: 16128 # Dirty evictions (from lower level)
   INV: 0 # Invalidates (from upper level)
   INVX: 0 # Downgrades (from upper level)
   FWD: 0 # Forwards (from upper level)
   latGETnl: 2291148 # GET request latency on next level
   latGETnet: 0 # GET request latency on network to next level
  gbuf-0b2: # Cache stats
   hGETS: 179149 # GETS hits
   hGETX: 4887 # GETX hits
   mGETS: 62519 # GETS misses
   mGETXIM: 11241 # GETX I->M misses
   mGETXSM: 0 # GETX S->M misses (upgrade misses)
   PUTS: 241667 # Clean evictions (from lower level)
   PUTX: 16128 # Dirty evictions (from lower level)
   INV: 0 # Invalidates (from upper level)
   INVX: 0 # Downgrades (from upper level)
   FWD: 0 # Forwards (from upper level)
   latGETnl: 2286560 # GET request latency on next level
   latGETnet: 0 # GET request latency on network to next level
  gbuf-0b3: # Cache stats
   hGETS: 179171 # GETS hits
   hGETX: 4926 # GETX hits
   mGETS: 62493 # GETS misses
   mGETXIM: 11202 # GETX I->M misses
   mGETXSM: 0 # GETX S->M misses (upgrade misses)
   PUTS: 241663 # Clean evictions (from lower level)
   PUTX: 16125 # Dirty evictions (from lower level)
   INV: 0 # Invalidates (from upper level)
   INVX: 0 # Downgrades (from upper level)
   FWD: 0 # Forwards (from upper level)
   latGETnl: 2284545 # GET request latency on next level
   latGETnet: 0 # GET request latency on network to next level
  gbuf-0b4: # Cache stats
   hGETS: 179235 # GETS hits
   hGETX: 4890 # GETX hits
   mGETS: 62435 # GETS misses
   mGETXIM: 11238 # GETX I->M misses
   mGETXSM: 0 # GETX S->M misses (upgrade misses)
   PUTS: 241670 # Clean evictions (from lower level)
   PUTX: 16125 # Dirty evictions (from lower level)
   INV: 0 # Invalidates (from upper level)
   INVX: 0 # Downgrades (from upper level)
   FWD: 0 # Forwards (from upper level)
   latGETnl: 2283863 # GET request latency on next level
   latGETnet: 0 # GET request latency on network to next level
  gbuf-0b5: # Cache stats
   hGETS: 179253 # GETS hits
   hGETX: 4852 # GETX hits
   mGETS: 62405 # GETS misses
   mGETXIM: 11276 # GETX I->M misses
   mGETXSM: 0 # GETX S->M misses (upgrade misses)
   PUTS: 241655 # Clean evictions (from lower level)
   PUTX: 16125 # Dirty evictions (from lower level)
   INV: 0 # Invalidates (from upper level)
   INVX: 0 # Downgrades (from upper level)
   FWD: 0 # Forwards (from upper level)
   latGETnl: 2284111 # GET request latency on next level
   latGETnet: 0 # GET request latency on network to next level
  gbuf-0b6: # Cache stats
   hGETS: 179300 # GETS hits
   hGETX: 4799 # GETX hits
   mGETS: 62362 # GETS misses
   mGETXIM: 11329 # GETX I->M misses
   mGETXSM: 0 # GETX S->M misses (upgrade misses)
   PUTS: 241661 # Clean evictions (from lower level)
   PUTX: 16125 # Dirty evictions (from lower level)
   INV: 0 # Invalidates (from upper level)
   INVX: 0 # Downgrades (from upper level)
   FWD: 0 # Forwards (from upper level)
   latGETnl: 2284421 # GET request latency on next level
   latGETnet: 0 # GET request latency on network to next level
  gbuf-0b7: # Cache stats
   hGETS: 179342 # GETS hits
   hGETX: 4782 # GETX hits
   mGETS: 62324 # GETS misses
   mGETXIM: 11346 # GETX I->M misses
   mGETXSM: 0 # GETX S->M misses (upgrade misses)
   PUTS: 241665 # Clean evictions (from lower level)
   PUTX: 16123 # Dirty evictions (from lower level)
   INV: 0 # Invalidates (from upper level)
   INVX: 0 # Downgrades (from upper level)
   FWD: 0 # Forwards (from upper level)
   latGETnl: 2283770 # GET request latency on next level
   latGETnet: 0 # GET request latency on network to next level
 mem: # Memory controller stats
  mem-0: # Memory channel stats
   rd: 589800 # Read requests
   wr: 114688 # Write requests
   rdlat: 17720113924 # Total latency experienced by read requests
   wrlat: 287073111 # Total latency experienced by write requests
   rdmlh: # Latency histogram for read requests
    0: 0
    1: 0
    2: 0
    3: 0
    4: 0
    5: 4667
    6: 3923
    7: 490
    8: 115
    9: 90
    10: 2566
    11: 2891
    12: 2736
    13: 345
    14: 170
    15: 2450
    16: 1743
    17: 1194
    18: 1953
    19: 694
    20: 2053
    21: 1651
    22: 395
    23: 298
    24: 2350
    25: 2643
    26: 1614
    27: 209
    28: 338
    29: 328
    30: 2492
    31: 3642
    32: 334
    33: 177
    34: 364
    35: 1938
    36: 2078
    37: 1719
    38: 921
    39: 221
    40: 1896
    41: 1572
    42: 876
    43: 1668
    44: 871
    45: 1820
    46: 1649
    47: 314
    48: 766
    49: 1068
    50: 2860
    51: 1838
    52: 472
    53: 333
    54: 321
    55: 3130
    56: 2066
    57: 1026
    58: 489
    59: 351
    60: 1754
    61: 1907
    62: 1395
    63: 1218
    64: 788
    65: 1739
    66: 1292
    67: 992
    68: 1133
    69: 1356
    70: 2297
    71: 1278
    72: 388
    73: 830
    74: 1315
    75: 2246
    76: 2228
    77: 451
    78: 359
    79: 1001
    80: 2638
    81: 1599
    82: 1015
    83: 825
    84: 420
    85: 1686
    86: 2536
    87: 884
    88: 1056
    89: 851
    90: 1702
    91: 1155
    92: 1227
    93: 1429
    94: 644
    95: 2403
    96: 1304
    97: 495
    98: 987
    99: 461799
   wrmlh: # Latency histogram for write requests
    0: 0
    1: 0
    2: 0
    3: 0
    4: 0
    5: 708
    6: 399
    7: 464
    8: 309
    9: 360
    10: 264
    11: 410
    12: 574
    13: 628
    14: 501
    15: 576
    16: 525
    17: 568
    18: 547
    19: 682
    20: 951
    21: 1112
    22: 826
    23: 861
    24: 858
    25: 898
    26: 861
    27: 1039
    28: 1075
    29: 986
    30: 902
    31: 1097
    32: 987
    33: 1049
    34: 939
    35: 1184
    36: 1036
    37: 1059
    38: 1013
    39: 1101
    40: 1067
    41: 980
    42: 887
    43: 947
    44: 873
    45: 862
    46: 769
    47: 972
    48: 826
    49: 738
    50: 691
    51: 741
    52: 732
    53: 644
    54: 619
    55: 692
    56: 583
    57: 588
    58: 598
    59: 615
    60: 563
    61: 576
    62: 526
    63: 507
    64: 476
    65: 450
    66: 477
    67: 461
    68: 437
    69: 429
    70: 430
    71: 414
    72: 386
    73: 360
    74: 339
    75: 402
    76: 381
    77: 364
    78: 373
    79: 321
    80: 308
    81: 306
    82: 271
    83: 252
    84: 268
    85: 248
    86: 228
    87: 222
    88: 211
    89: 227
    90: 171
    91: 188
    92: 178
    93: 187
    94: 153
    95: 166
    96: 139
    97: 120
    98: 125
    99: 59275
   ACT: 704488 # Activate commands
   PRE: 751174 # Precharge commands
   RD: 589800 # Read commands
   WR: 114688 # Write commands
   REF: 21063 # Refresh commands
   eACTPRE: 213459864 # Activate/precharge energy
   eRDWR: 953434528 # Read/write energy
   eREF: 70076601 # Refresh energy
   eBKGD: 1569141983 # Background energy
   eWIRE: 107786664 # Channel wire energy
 sched: # Scheduler stats
  thCr: 0 # Threads created
  thFn: 0 # Threads finished
  schedEvs: 0 # Schedule events
  waitEvs: 0 # Wait events
  handoffEvs: 0 # Handoff events
  sleepEvs: 0 # Sleep events
  idlePhases: 0 # Phases with no thread active
  idlePeriods: 0 # Periods with no thread active
  occHist: # Occupancy histogram
   0: 4105
   1: 0
  rqSzHist: # Run queue size histogram
   0: 4105
   1: 0
   2: 0
   3: 0
   4: 0
   5: 0
   6: 0
   7: 0
   8: 0
   9: 0
   10: 0
   11: 0
   12: 0
   13: 0
   14: 0
   15: 0
   16: 0
 procCycles: # Per-process unhalted core cycles
  0: 0
  1: 0
  2: 0
  3: 0
  4: 0
  5: 0
  6: 0
  7: 0
  8: 0
  9: 0
  10: 0
  11: 0
  12: 0
  13: 0
  14: 0
  15: 0
  16: 0
  17: 0
  18: 0
  19: 0
  20: 0
  21: 0
  22: 0
  23: 0
  24: 0
  25: 0
  26: 0
  27: 0
  28: 0
  29: 0
  30: 0
  31: 0
 procInstrs: # Per-process instructions
  0: 0
  1: 0
  2: 0
  3: 0
  4: 0
  5: 0
  6: 0
  7: 0
  8: 0
  9: 0
  10: 0
  11: 0
  12: 0
  13: 0
  14: 0
  15: 0
  16: 0
  17: 0
  18: 0
  19: 0
  20: 0
  21: 0
  22: 0
  23: 0
  24: 0
  25: 0
  26: 0
  27: 0
  28: 0
  29: 0
  30: 0
  31: 0
 heartbeats: # Per-process heartbeats
  0: 0
  1: 0
  2: 0
  3: 0
  4: 0
  5: 0
  6: 0
  7: 0
  8: 0
  9: 0
  10: 0
  11: 0
  12: 0
  13: 0
  14: 0
  15: 0
  16: 0
  17: 0
  18: 0
  19: 0
  20: 0
  21: 0
  22: 0
  23: 0
  24: 0
  25: 0
  26: 0
  27: 0
  28: 0
  29: 0
  30: 0
  31: 0
===
