# zsim stats
===
root: # Stats
 contention: # Contention simulation stats
  domain-0: # Domain stats
   time: 8434224585 # Weave simulation time
 time: # Simulator time breakdown
  init: 822130549
  bound: 23845527065
  weave: 8470548837
  ff: 1233417838
 trigger: 20000 # Reason for this stats dump
 phase: 299 # Simulated phases
 l: # Logic unit stats
  l-0: # Logic unit stats
   cycles: 2984011 # Simulated unhalted cycles
   cCycles: 1589291 # Cycles due to contention stalls
   ops: 61504 # Simulated operations
   compOps: 64 # Simulated compute operations
  l-1: # Logic unit stats
   cycles: 2981455 # Simulated unhalted cycles
   cCycles: 1586735 # Cycles due to contention stalls
   ops: 61504 # Simulated operations
   compOps: 64 # Simulated compute operations
  l-2: # Logic unit stats
   cycles: 2982053 # Simulated unhalted cycles
   cCycles: 1587333 # Cycles due to contention stalls
   ops: 61504 # Simulated operations
   compOps: 64 # Simulated compute operations
  l-3: # Logic unit stats
   cycles: 2982159 # Simulated unhalted cycles
   cCycles: 1587439 # Cycles due to contention stalls
   ops: 61504 # Simulated operations
   compOps: 64 # Simulated compute operations
 c: # Core stats
  c-0: # Core stats
   cycles: 0 # Simulated cycles
   instrs: 0 # Simulated instructions
  c-1: # Core stats
   cycles: 0 # Simulated cycles
   instrs: 0 # Simulated instructions
  c-2: # Core stats
   cycles: 0 # Simulated cycles
   instrs: 0 # Simulated instructions
  c-3: # Core stats
   cycles: 0 # Simulated cycles
   instrs: 0 # Simulated instructions
 rdbuf: # Cache stats
  rdbuf-0: # Filter cache stats
   fhGETS: 0 # Filtered GETS hits
   fhGETX: 0 # Filtered GETX hits
   hGETS: 0 # GETS hits
   hGETX: 0 # GETX hits
   mGETS: 75776 # GETS misses
   mGETXIM: 0 # GETX I->M misses
   mGETXSM: 0 # GETX S->M misses (upgrade misses)
   PUTS: 0 # Clean evictions (from lower level)
   PUTX: 0 # Dirty evictions (from lower level)
   INV: 2 # Invalidates (from upper level)
   INVX: 0 # Downgrades (from upper level)
   FWD: 0 # Forwards (from upper level)
   latGETnl: 2307776 # GET request latency on next level
   latGETnet: 0 # GET request latency on network to next level
  rdbuf-1: # Filter cache stats
   fhGETS: 0 # Filtered GETS hits
   fhGETX: 0 # Filtered GETX hits
   hGETS: 0 # GETS hits
   hGETX: 0 # GETX hits
   mGETS: 75776 # GETS misses
   mGETXIM: 0 # GETX I->M misses
   mGETXSM: 0 # GETX S->M misses (upgrade misses)
   PUTS: 0 # Clean evictions (from lower level)
   PUTX: 0 # Dirty evictions (from lower level)
   INV: 2 # Invalidates (from upper level)
   INVX: 0 # Downgrades (from upper level)
   FWD: 0 # Forwards (from upper level)
   latGETnl: 2307776 # GET request latency on next level
   latGETnet: 0 # GET request latency on network to next level
  rdbuf-2: # Filter cache stats
   fhGETS: 0 # Filtered GETS hits
   fhGETX: 0 # Filtered GETX hits
   hGETS: 0 # GETS hits
   hGETX: 0 # GETX hits
   mGETS: 75776 # GETS misses
   mGETXIM: 0 # GETX I->M misses
   mGETXSM: 0 # GETX S->M misses (upgrade misses)
   PUTS: 0 # Clean evictions (from lower level)
   PUTX: 0 # Dirty evictions (from lower level)
   INV: 2 # Invalidates (from upper level)
   INVX: 0 # Downgrades (from upper level)
   FWD: 0 # Forwards (from upper level)
   latGETnl: 2307776 # GET request latency on next level
   latGETnet: 0 # GET request latency on network to next level
  rdbuf-3: # Filter cache stats
   fhGETS: 0 # Filtered GETS hits
   fhGETX: 0 # Filtered GETX hits
   hGETS: 0 # GETS hits
   hGETX: 0 # GETX hits
   mGETS: 75776 # GETS misses
   mGETXIM: 0 # GETX I->M misses
   mGETXSM: 0 # GETX S->M misses (upgrade misses)
   PUTS: 0 # Clean evictions (from lower level)
   PUTX: 0 # Dirty evictions (from lower level)
   INV: 2 # Invalidates (from upper level)
   INVX: 0 # Downgrades (from upper level)
   FWD: 0 # Forwards (from upper level)
   latGETnl: 2307776 # GET request latency on next level
   latGETnet: 0 # GET request latency on network to next level
 wrbuf: # Cache stats
  wrbuf-0: # Filter cache stats
   fhGETS: 0 # Filtered GETS hits
   fhGETX: 0 # Filtered GETX hits
   hGETS: 0 # GETS hits
   hGETX: 0 # GETX hits
   mGETS: 0 # GETS misses
   mGETXIM: 71680 # GETX I->M misses
   mGETXSM: 0 # GETX S->M misses (upgrade misses)
   PUTS: 0 # Clean evictions (from lower level)
   PUTX: 0 # Dirty evictions (from lower level)
   INV: 2 # Invalidates (from upper level)
   INVX: 0 # Downgrades (from upper level)
   FWD: 0 # Forwards (from upper level)
   latGETnl: 2291590 # GET request latency on next level
   latGETnet: 0 # GET request latency on network to next level
  wrbuf-1: # Filter cache stats
   fhGETS: 0 # Filtered GETS hits
   fhGETX: 0 # Filtered GETX hits
   hGETS: 0 # GETS hits
   hGETX: 0 # GETX hits
   mGETS: 0 # GETS misses
   mGETXIM: 71680 # GETX I->M misses
   mGETXSM: 0 # GETX S->M misses (upgrade misses)
   PUTS: 0 # Clean evictions (from lower level)
   PUTX: 0 # Dirty evictions (from lower level)
   INV: 2 # Invalidates (from upper level)
   INVX: 0 # Downgrades (from upper level)
   FWD: 0 # Forwards (from upper level)
   latGETnl: 2291590 # GET request latency on next level
   latGETnet: 0 # GET request latency on network to next level
  wrbuf-2: # Filter cache stats
   fhGETS: 0 # Filtered GETS hits
   fhGETX: 0 # Filtered GETX hits
   hGETS: 0 # GETS hits
   hGETX: 0 # GETX hits
   mGETS: 0 # GETS misses
   mGETXIM: 71680 # GETX I->M misses
   mGETXSM: 0 # GETX S->M misses (upgrade misses)
   PUTS: 0 # Clean evictions (from lower level)
   PUTX: 0 # Dirty evictions (from lower level)
   INV: 2 # Invalidates (from upper level)
   INVX: 0 # Downgrades (from upper level)
   FWD: 0 # Forwards (from upper level)
   latGETnl: 2291590 # GET request latency on next level
   latGETnet: 0 # GET request latency on network to next level
  wrbuf-3: # Filter cache stats
   fhGETS: 0 # Filtered GETS hits
   fhGETX: 0 # Filtered GETX hits
   hGETS: 0 # GETS hits
   hGETX: 0 # GETX hits
   mGETS: 0 # GETS misses
   mGETXIM: 71680 # GETX I->M misses
   mGETXSM: 0 # GETX S->M misses (upgrade misses)
   PUTS: 0 # Clean evictions (from lower level)
   PUTX: 0 # Dirty evictions (from lower level)
   INV: 2 # Invalidates (from upper level)
   INVX: 0 # Downgrades (from upper level)
   FWD: 0 # Forwards (from upper level)
   latGETnl: 2291590 # GET request latency on next level
   latGETnet: 0 # GET request latency on network to next level
 gbuf: # Cache stats
  gbuf-0b0: # Cache stats
   hGETS: 448 # GETS hits
   hGETX: 10 # GETX hits
   mGETS: 8946 # GETS misses
   mGETXIM: 8872 # GETX I->M misses
   mGETXSM: 0 # GETX S->M misses (upgrade misses)
   PUTS: 9393 # Clean evictions (from lower level)
   PUTX: 8881 # Dirty evictions (from lower level)
   INV: 0 # Invalidates (from upper level)
   INVX: 0 # Downgrades (from upper level)
   FWD: 0 # Forwards (from upper level)
   latGETnl: 552358 # GET request latency on next level
   latGETnet: 0 # GET request latency on network to next level
  gbuf-0b1: # Cache stats
   hGETS: 480 # GETS hits
   hGETX: 9 # GETX hits
   mGETS: 9228 # GETS misses
   mGETXIM: 9187 # GETX I->M misses
   mGETXSM: 0 # GETX S->M misses (upgrade misses)
   PUTS: 9708 # Clean evictions (from lower level)
   PUTX: 9196 # Dirty evictions (from lower level)
   INV: 0 # Invalidates (from upper level)
   INVX: 0 # Downgrades (from upper level)
   FWD: 0 # Forwards (from upper level)
   latGETnl: 570865 # GET request latency on next level
   latGETnet: 0 # GET request latency on network to next level
  gbuf-0b2: # Cache stats
   hGETS: 480 # GETS hits
   hGETX: 8 # GETX hits
   mGETS: 9070 # GETS misses
   mGETXIM: 9030 # GETX I->M misses
   mGETXSM: 0 # GETX S->M misses (upgrade misses)
   PUTS: 9549 # Clean evictions (from lower level)
   PUTX: 9038 # Dirty evictions (from lower level)
   INV: 0 # Invalidates (from upper level)
   INVX: 0 # Downgrades (from upper level)
   FWD: 0 # Forwards (from upper level)
   latGETnl: 561100 # GET request latency on next level
   latGETnet: 0 # GET request latency on network to next level
  gbuf-0b3: # Cache stats
   hGETS: 480 # GETS hits
   hGETX: 9 # GETX hits
   mGETS: 8756 # GETS misses
   mGETXIM: 8715 # GETX I->M misses
   mGETXSM: 0 # GETX S->M misses (upgrade misses)
   PUTS: 9236 # Clean evictions (from lower level)
   PUTX: 8724 # Dirty evictions (from lower level)
   INV: 0 # Invalidates (from upper level)
   INVX: 0 # Downgrades (from upper level)
   FWD: 0 # Forwards (from upper level)
   latGETnl: 541601 # GET request latency on next level
   latGETnet: 0 # GET request latency on network to next level
  gbuf-0b4: # Cache stats
   hGETS: 448 # GETS hits
   hGETX: 9 # GETX hits
   mGETS: 8945 # GETS misses
   mGETXIM: 8872 # GETX I->M misses
   mGETXSM: 0 # GETX S->M misses (upgrade misses)
   PUTS: 9393 # Clean evictions (from lower level)
   PUTX: 8881 # Dirty evictions (from lower level)
   INV: 0 # Invalidates (from upper level)
   INVX: 0 # Downgrades (from upper level)
   FWD: 0 # Forwards (from upper level)
   latGETnl: 552327 # GET request latency on next level
   latGETnet: 0 # GET request latency on network to next level
  gbuf-0b5: # Cache stats
   hGETS: 480 # GETS hits
   hGETX: 8 # GETX hits
   mGETS: 9227 # GETS misses
   mGETXIM: 9187 # GETX I->M misses
   mGETXSM: 0 # GETX S->M misses (upgrade misses)
   PUTS: 9706 # Clean evictions (from lower level)
   PUTX: 9195 # Dirty evictions (from lower level)
   INV: 0 # Invalidates (from upper level)
   INVX: 0 # Downgrades (from upper level)
   FWD: 0 # Forwards (from upper level)
   latGETnl: 570834 # GET request latency on next level
   latGETnet: 0 # GET request latency on network to next level
  gbuf-0b6: # Cache stats
   hGETS: 480 # GETS hits
   hGETX: 8 # GETX hits
   mGETS: 9070 # GETS misses
   mGETXIM: 9030 # GETX I->M misses
   mGETXSM: 0 # GETX S->M misses (upgrade misses)
   PUTS: 9550 # Clean evictions (from lower level)
   PUTX: 9038 # Dirty evictions (from lower level)
   INV: 0 # Invalidates (from upper level)
   INVX: 0 # Downgrades (from upper level)
   FWD: 0 # Forwards (from upper level)
   latGETnl: 561100 # GET request latency on next level
   latGETnet: 0 # GET request latency on network to next level
  gbuf-0b7: # Cache stats
   hGETS: 480 # GETS hits
   hGETX: 9 # GETX hits
   mGETS: 8758 # GETS misses
   mGETXIM: 8717 # GETX I->M misses
   mGETXSM: 0 # GETX S->M misses (upgrade misses)
   PUTS: 9237 # Clean evictions (from lower level)
   PUTX: 8725 # Dirty evictions (from lower level)
   INV: 0 # Invalidates (from upper level)
   INVX: 0 # Downgrades (from upper level)
   FWD: 0 # Forwards (from upper level)
   latGETnl: 541725 # GET request latency on next level
   latGETnet: 0 # GET request latency on network to next level
  gbuf-1b0: # Cache stats
   hGETS: 448 # GETS hits
   hGETX: 9 # GETX hits
   mGETS: 9259 # GETS misses
   mGETXIM: 9186 # GETX I->M misses
   mGETXSM: 0 # GETX S->M misses (upgrade misses)
   PUTS: 9707 # Clean evictions (from lower level)
   PUTX: 9195 # Dirty evictions (from lower level)
   INV: 0 # Invalidates (from upper level)
   INVX: 0 # Downgrades (from upper level)
   FWD: 0 # Forwards (from upper level)
   latGETnl: 571795 # GET request latency on next level
   latGETnet: 0 # GET request latency on network to next level
  gbuf-1b1: # Cache stats
   hGETS: 480 # GETS hits
   hGETX: 10 # GETX hits
   mGETS: 8915 # GETS misses
   mGETXIM: 8873 # GETX I->M misses
   mGETXSM: 0 # GETX S->M misses (upgrade misses)
   PUTS: 9395 # Clean evictions (from lower level)
   PUTX: 8883 # Dirty evictions (from lower level)
   INV: 0 # Invalidates (from upper level)
   INVX: 0 # Downgrades (from upper level)
   FWD: 0 # Forwards (from upper level)
   latGETnl: 551428 # GET request latency on next level
   latGETnet: 0 # GET request latency on network to next level
  gbuf-1b2: # Cache stats
   hGETS: 480 # GETS hits
   hGETX: 9 # GETX hits
   mGETS: 8756 # GETS misses
   mGETXIM: 8715 # GETX I->M misses
   mGETXSM: 0 # GETX S->M misses (upgrade misses)
   PUTS: 9235 # Clean evictions (from lower level)
   PUTX: 8724 # Dirty evictions (from lower level)
   INV: 0 # Invalidates (from upper level)
   INVX: 0 # Downgrades (from upper level)
   FWD: 0 # Forwards (from upper level)
   latGETnl: 541601 # GET request latency on next level
   latGETnet: 0 # GET request latency on network to next level
  gbuf-1b3: # Cache stats
   hGETS: 480 # GETS hits
   hGETX: 8 # GETX hits
   mGETS: 9070 # GETS misses
   mGETXIM: 9030 # GETX I->M misses
   mGETXSM: 0 # GETX S->M misses (upgrade misses)
   PUTS: 9549 # Clean evictions (from lower level)
   PUTX: 9038 # Dirty evictions (from lower level)
   INV: 0 # Invalidates (from upper level)
   INVX: 0 # Downgrades (from upper level)
   FWD: 0 # Forwards (from upper level)
   latGETnl: 561100 # GET request latency on next level
   latGETnet: 0 # GET request latency on network to next level
  gbuf-1b4: # Cache stats
   hGETS: 448 # GETS hits
   hGETX: 8 # GETX hits
   mGETS: 9258 # GETS misses
   mGETXIM: 9186 # GETX I->M misses
   mGETXSM: 0 # GETX S->M misses (upgrade misses)
   PUTS: 9706 # Clean evictions (from lower level)
   PUTX: 9194 # Dirty evictions (from lower level)
   INV: 0 # Invalidates (from upper level)
   INVX: 0 # Downgrades (from upper level)
   FWD: 0 # Forwards (from upper level)
   latGETnl: 571764 # GET request latency on next level
   latGETnet: 0 # GET request latency on network to next level
  gbuf-1b5: # Cache stats
   hGETS: 480 # GETS hits
   hGETX: 9 # GETX hits
   mGETS: 8914 # GETS misses
   mGETXIM: 8873 # GETX I->M misses
   mGETXSM: 0 # GETX S->M misses (upgrade misses)
   PUTS: 9394 # Clean evictions (from lower level)
   PUTX: 8882 # Dirty evictions (from lower level)
   INV: 0 # Invalidates (from upper level)
   INVX: 0 # Downgrades (from upper level)
   FWD: 0 # Forwards (from upper level)
   latGETnl: 551397 # GET request latency on next level
   latGETnet: 0 # GET request latency on network to next level
  gbuf-1b6: # Cache stats
   hGETS: 480 # GETS hits
   hGETX: 9 # GETX hits
   mGETS: 8756 # GETS misses
   mGETXIM: 8715 # GETX I->M misses
   mGETXSM: 0 # GETX S->M misses (upgrade misses)
   PUTS: 9235 # Clean evictions (from lower level)
   PUTX: 8723 # Dirty evictions (from lower level)
   INV: 0 # Invalidates (from upper level)
   INVX: 0 # Downgrades (from upper level)
   FWD: 0 # Forwards (from upper level)
   latGETnl: 541601 # GET request latency on next level
   latGETnet: 0 # GET request latency on network to next level
  gbuf-1b7: # Cache stats
   hGETS: 480 # GETS hits
   hGETX: 8 # GETX hits
   mGETS: 9072 # GETS misses
   mGETXIM: 9032 # GETX I->M misses
   mGETXSM: 0 # GETX S->M misses (upgrade misses)
   PUTS: 9551 # Clean evictions (from lower level)
   PUTX: 9039 # Dirty evictions (from lower level)
   INV: 0 # Invalidates (from upper level)
   INVX: 0 # Downgrades (from upper level)
   FWD: 0 # Forwards (from upper level)
   latGETnl: 561224 # GET request latency on next level
   latGETnet: 0 # GET request latency on network to next level
  gbuf-2b0: # Cache stats
   hGETS: 448 # GETS hits
   hGETX: 8 # GETX hits
   mGETS: 9102 # GETS misses
   mGETXIM: 9030 # GETX I->M misses
   mGETXSM: 0 # GETX S->M misses (upgrade misses)
   PUTS: 9549 # Clean evictions (from lower level)
   PUTX: 9038 # Dirty evictions (from lower level)
   INV: 0 # Invalidates (from upper level)
   INVX: 0 # Downgrades (from upper level)
   FWD: 0 # Forwards (from upper level)
   latGETnl: 562092 # GET request latency on next level
   latGETnet: 0 # GET request latency on network to next level
  gbuf-2b1: # Cache stats
   hGETS: 480 # GETS hits
   hGETX: 9 # GETX hits
   mGETS: 8756 # GETS misses
   mGETXIM: 8715 # GETX I->M misses
   mGETXSM: 0 # GETX S->M misses (upgrade misses)
   PUTS: 9236 # Clean evictions (from lower level)
   PUTX: 8724 # Dirty evictions (from lower level)
   INV: 0 # Invalidates (from upper level)
   INVX: 0 # Downgrades (from upper level)
   FWD: 0 # Forwards (from upper level)
   latGETnl: 541601 # GET request latency on next level
   latGETnet: 0 # GET request latency on network to next level
  gbuf-2b2: # Cache stats
   hGETS: 480 # GETS hits
   hGETX: 10 # GETX hits
   mGETS: 8914 # GETS misses
   mGETXIM: 8872 # GETX I->M misses
   mGETXSM: 0 # GETX S->M misses (upgrade misses)
   PUTS: 9394 # Clean evictions (from lower level)
   PUTX: 8882 # Dirty evictions (from lower level)
   INV: 0 # Invalidates (from upper level)
   INVX: 0 # Downgrades (from upper level)
   FWD: 0 # Forwards (from upper level)
   latGETnl: 551366 # GET request latency on next level
   latGETnet: 0 # GET request latency on network to next level
  gbuf-2b3: # Cache stats
   hGETS: 480 # GETS hits
   hGETX: 9 # GETX hits
   mGETS: 9228 # GETS misses
   mGETXIM: 9187 # GETX I->M misses
   mGETXSM: 0 # GETX S->M misses (upgrade misses)
   PUTS: 9707 # Clean evictions (from lower level)
   PUTX: 9196 # Dirty evictions (from lower level)
   INV: 0 # Invalidates (from upper level)
   INVX: 0 # Downgrades (from upper level)
   FWD: 0 # Forwards (from upper level)
   latGETnl: 570865 # GET request latency on next level
   latGETnet: 0 # GET request latency on network to next level
  gbuf-2b4: # Cache stats
   hGETS: 448 # GETS hits
   hGETX: 8 # GETX hits
   mGETS: 9104 # GETS misses
   mGETXIM: 9032 # GETX I->M misses
   mGETXSM: 0 # GETX S->M misses (upgrade misses)
   PUTS: 9552 # Clean evictions (from lower level)
   PUTX: 9040 # Dirty evictions (from lower level)
   INV: 0 # Invalidates (from upper level)
   INVX: 0 # Downgrades (from upper level)
   FWD: 0 # Forwards (from upper level)
   latGETnl: 562216 # GET request latency on next level
   latGETnet: 0 # GET request latency on network to next level
  gbuf-2b5: # Cache stats
   hGETS: 480 # GETS hits
   hGETX: 9 # GETX hits
   mGETS: 8757 # GETS misses
   mGETXIM: 8716 # GETX I->M misses
   mGETXSM: 0 # GETX S->M misses (upgrade misses)
   PUTS: 9236 # Clean evictions (from lower level)
   PUTX: 8724 # Dirty evictions (from lower level)
   INV: 0 # Invalidates (from upper level)
   INVX: 0 # Downgrades (from upper level)
   FWD: 0 # Forwards (from upper level)
   latGETnl: 541663 # GET request latency on next level
   latGETnet: 0 # GET request latency on network to next level
  gbuf-2b6: # Cache stats
   hGETS: 480 # GETS hits
   hGETX: 9 # GETX hits
   mGETS: 8913 # GETS misses
   mGETXIM: 8872 # GETX I->M misses
   mGETXSM: 0 # GETX S->M misses (upgrade misses)
   PUTS: 9392 # Clean evictions (from lower level)
   PUTX: 8880 # Dirty evictions (from lower level)
   INV: 0 # Invalidates (from upper level)
   INVX: 0 # Downgrades (from upper level)
   FWD: 0 # Forwards (from upper level)
   latGETnl: 551335 # GET request latency on next level
   latGETnet: 0 # GET request latency on network to next level
  gbuf-2b7: # Cache stats
   hGETS: 480 # GETS hits
   hGETX: 8 # GETX hits
   mGETS: 9226 # GETS misses
   mGETXIM: 9186 # GETX I->M misses
   mGETXSM: 0 # GETX S->M misses (upgrade misses)
   PUTS: 9706 # Clean evictions (from lower level)
   PUTX: 9194 # Dirty evictions (from lower level)
   INV: 0 # Invalidates (from upper level)
   INVX: 0 # Downgrades (from upper level)
   FWD: 0 # Forwards (from upper level)
   latGETnl: 570772 # GET request latency on next level
   latGETnet: 0 # GET request latency on network to next level
  gbuf-3b0: # Cache stats
   hGETS: 448 # GETS hits
   hGETX: 9 # GETX hits
   mGETS: 8788 # GETS misses
   mGETXIM: 8715 # GETX I->M misses
   mGETXSM: 0 # GETX S->M misses (upgrade misses)
   PUTS: 9235 # Clean evictions (from lower level)
   PUTX: 8724 # Dirty evictions (from lower level)
   INV: 0 # Invalidates (from upper level)
   INVX: 0 # Downgrades (from upper level)
   FWD: 0 # Forwards (from upper level)
   latGETnl: 542593 # GET request latency on next level
   latGETnet: 0 # GET request latency on network to next level
  gbuf-3b1: # Cache stats
   hGETS: 480 # GETS hits
   hGETX: 8 # GETX hits
   mGETS: 9070 # GETS misses
   mGETXIM: 9030 # GETX I->M misses
   mGETXSM: 0 # GETX S->M misses (upgrade misses)
   PUTS: 9549 # Clean evictions (from lower level)
   PUTX: 9038 # Dirty evictions (from lower level)
   INV: 0 # Invalidates (from upper level)
   INVX: 0 # Downgrades (from upper level)
   FWD: 0 # Forwards (from upper level)
   latGETnl: 561100 # GET request latency on next level
   latGETnet: 0 # GET request latency on network to next level
  gbuf-3b2: # Cache stats
   hGETS: 480 # GETS hits
   hGETX: 9 # GETX hits
   mGETS: 9228 # GETS misses
   mGETXIM: 9187 # GETX I->M misses
   mGETXSM: 0 # GETX S->M misses (upgrade misses)
   PUTS: 9708 # Clean evictions (from lower level)
   PUTX: 9196 # Dirty evictions (from lower level)
   INV: 0 # Invalidates (from upper level)
   INVX: 0 # Downgrades (from upper level)
   FWD: 0 # Forwards (from upper level)
   latGETnl: 570865 # GET request latency on next level
   latGETnet: 0 # GET request latency on network to next level
  gbuf-3b3: # Cache stats
   hGETS: 480 # GETS hits
   hGETX: 10 # GETX hits
   mGETS: 8914 # GETS misses
   mGETXIM: 8872 # GETX I->M misses
   mGETXSM: 0 # GETX S->M misses (upgrade misses)
   PUTS: 9394 # Clean evictions (from lower level)
   PUTX: 8882 # Dirty evictions (from lower level)
   INV: 0 # Invalidates (from upper level)
   INVX: 0 # Downgrades (from upper level)
   FWD: 0 # Forwards (from upper level)
   latGETnl: 551366 # GET request latency on next level
   latGETnet: 0 # GET request latency on network to next level
  gbuf-3b4: # Cache stats
   hGETS: 448 # GETS hits
   hGETX: 9 # GETX hits
   mGETS: 8789 # GETS misses
   mGETXIM: 8716 # GETX I->M misses
   mGETXSM: 0 # GETX S->M misses (upgrade misses)
   PUTS: 9236 # Clean evictions (from lower level)
   PUTX: 8724 # Dirty evictions (from lower level)
   INV: 0 # Invalidates (from upper level)
   INVX: 0 # Downgrades (from upper level)
   FWD: 0 # Forwards (from upper level)
   latGETnl: 542655 # GET request latency on next level
   latGETnet: 0 # GET request latency on network to next level
  gbuf-3b5: # Cache stats
   hGETS: 480 # GETS hits
   hGETX: 8 # GETX hits
   mGETS: 9070 # GETS misses
   mGETXIM: 9030 # GETX I->M misses
   mGETXSM: 0 # GETX S->M misses (upgrade misses)
   PUTS: 9549 # Clean evictions (from lower level)
   PUTX: 9037 # Dirty evictions (from lower level)
   INV: 0 # Invalidates (from upper level)
   INVX: 0 # Downgrades (from upper level)
   FWD: 0 # Forwards (from upper level)
   latGETnl: 561100 # GET request latency on next level
   latGETnet: 0 # GET request latency on network to next level
  gbuf-3b6: # Cache stats
   hGETS: 480 # GETS hits
   hGETX: 8 # GETX hits
   mGETS: 9228 # GETS misses
   mGETXIM: 9188 # GETX I->M misses
   mGETXSM: 0 # GETX S->M misses (upgrade misses)
   PUTS: 9708 # Clean evictions (from lower level)
   PUTX: 9196 # Dirty evictions (from lower level)
   INV: 0 # Invalidates (from upper level)
   INVX: 0 # Downgrades (from upper level)
   FWD: 0 # Forwards (from upper level)
   latGETnl: 570896 # GET request latency on next level
   latGETnet: 0 # GET request latency on network to next level
  gbuf-3b7: # Cache stats
   hGETS: 480 # GETS hits
   hGETX: 9 # GETX hits
   mGETS: 8913 # GETS misses
   mGETXIM: 8872 # GETX I->M misses
   mGETXSM: 0 # GETX S->M misses (upgrade misses)
   PUTS: 9393 # Clean evictions (from lower level)
   PUTX: 8881 # Dirty evictions (from lower level)
   INV: 0 # Invalidates (from upper level)
   INVX: 0 # Downgrades (from upper level)
   FWD: 0 # Forwards (from upper level)
   latGETnl: 551335 # GET request latency on next level
   latGETnet: 0 # GET request latency on network to next level
 mem: # Memory controller stats
  mem-0: # Memory channel stats
   rd: 143610 # Read requests
   wr: 71680 # Write requests
   rdlat: 42773858141 # Total latency experienced by read requests
   wrlat: 33732530180 # Total latency experienced by write requests
   rdmlh: # Latency histogram for read requests
    0: 0
    1: 0
    2: 0
    3: 0
    4: 0
    5: 225
    6: 265
    7: 32
    8: 3
    9: 3
    10: 25
    11: 62
    12: 278
    13: 132
    14: 1
    15: 4
    16: 3
    17: 62
    18: 348
    19: 91
    20: 30
    21: 14
    22: 9
    23: 7
    24: 149
    25: 338
    26: 33
    27: 22
    28: 12
    29: 14
    30: 122
    31: 310
    32: 36
    33: 77
    34: 40
    35: 49
    36: 31
    37: 396
    38: 115
    39: 111
    40: 47
    41: 73
    42: 96
    43: 147
    44: 58
    45: 100
    46: 75
    47: 50
    48: 53
    49: 95
    50: 126
    51: 107
    52: 75
    53: 80
    54: 60
    55: 93
    56: 116
    57: 114
    58: 98
    59: 111
    60: 55
    61: 92
    62: 103
    63: 140
    64: 72
    65: 105
    66: 66
    67: 57
    68: 112
    69: 121
    70: 99
    71: 119
    72: 70
    73: 82
    74: 74
    75: 118
    76: 101
    77: 92
    78: 75
    79: 71
    80: 82
    81: 109
    82: 114
    83: 100
    84: 99
    85: 96
    86: 108
    87: 102
    88: 96
    89: 81
    90: 95
    91: 84
    92: 92
    93: 98
    94: 88
    95: 110
    96: 100
    97: 116
    98: 101
    99: 134692
   wrmlh: # Latency histogram for write requests
    0: 0
    1: 0
    2: 0
    3: 0
    4: 0
    5: 1
    6: 2
    7: 7
    8: 5
    9: 8
    10: 12
    11: 8
    12: 6
    13: 8
    14: 12
    15: 18
    16: 15
    17: 12
    18: 19
    19: 24
    20: 21
    21: 21
    22: 16
    23: 25
    24: 27
    25: 22
    26: 22
    27: 35
    28: 36
    29: 45
    30: 42
    31: 60
    32: 53
    33: 79
    34: 51
    35: 177
    36: 135
    37: 194
    38: 211
    39: 419
    40: 406
    41: 308
    42: 392
    43: 870
    44: 625
    45: 632
    46: 606
    47: 868
    48: 490
    49: 420
    50: 384
    51: 707
    52: 376
    53: 307
    54: 276
    55: 407
    56: 309
    57: 268
    58: 286
    59: 380
    60: 250
    61: 174
    62: 190
    63: 322
    64: 231
    65: 170
    66: 92
    67: 170
    68: 116
    69: 139
    70: 127
    71: 175
    72: 54
    73: 74
    74: 45
    75: 101
    76: 86
    77: 70
    78: 95
    79: 75
    80: 53
    81: 43
    82: 26
    83: 26
    84: 28
    85: 24
    86: 26
    87: 27
    88: 9
    89: 13
    90: 17
    91: 22
    92: 9
    93: 17
    94: 14
    95: 19
    96: 9
    97: 7
    98: 11
    99: 57359
   ACT: 215290 # Activate commands
   PRE: 219336 # Precharge commands
   RD: 143610 # Read commands
   WR: 71680 # Write commands
   REF: 1535 # Refresh commands
   eACTPRE: 65232870 # Activate/precharge energy
   eRDWR: 292576360 # Read/write energy
   eREF: 5106945 # Refresh energy
   eBKGD: 116624500 # Background energy
   eWIRE: 32939370 # Channel wire energy
  mem-1: # Memory channel stats
   rd: 143610 # Read requests
   wr: 71680 # Write requests
   rdlat: 42745179847 # Total latency experienced by read requests
   wrlat: 33709428020 # Total latency experienced by write requests
   rdmlh: # Latency histogram for read requests
    0: 0
    1: 0
    2: 0
    3: 0
    4: 0
    5: 206
    6: 249
    7: 60
    8: 9
    9: 2
    10: 0
    11: 65
    12: 281
    13: 157
    14: 1
    15: 9
    16: 1
    17: 31
    18: 269
    19: 216
    20: 20
    21: 22
    22: 2
    23: 1
    24: 107
    25: 377
    26: 37
    27: 14
    28: 11
    29: 18
    30: 49
    31: 328
    32: 88
    33: 34
    34: 69
    35: 20
    36: 74
    37: 340
    38: 179
    39: 133
    40: 25
    41: 59
    42: 68
    43: 161
    44: 96
    45: 57
    46: 96
    47: 34
    48: 67
    49: 164
    50: 41
    51: 111
    52: 98
    53: 58
    54: 94
    55: 119
    56: 55
    57: 74
    58: 136
    59: 79
    60: 148
    61: 105
    62: 66
    63: 93
    64: 89
    65: 96
    66: 155
    67: 98
    68: 32
    69: 84
    70: 59
    71: 103
    72: 139
    73: 126
    74: 47
    75: 79
    76: 64
    77: 107
    78: 142
    79: 148
    80: 52
    81: 64
    82: 59
    83: 94
    84: 137
    85: 152
    86: 63
    87: 84
    88: 73
    89: 82
    90: 88
    91: 186
    92: 76
    93: 85
    94: 75
    95: 99
    96: 76
    97: 131
    98: 91
    99: 134692
   wrmlh: # Latency histogram for write requests
    0: 0
    1: 0
    2: 0
    3: 0
    4: 0
    5: 2
    6: 6
    7: 3
    8: 5
    9: 9
    10: 10
    11: 7
    12: 12
    13: 10
    14: 6
    15: 5
    16: 7
    17: 13
    18: 14
    19: 12
    20: 14
    21: 20
    22: 14
    23: 23
    24: 14
    25: 24
    26: 28
    27: 33
    28: 34
    29: 29
    30: 25
    31: 67
    32: 88
    33: 66
    34: 83
    35: 168
    36: 253
    37: 184
    38: 207
    39: 290
    40: 541
    41: 343
    42: 331
    43: 451
    44: 790
    45: 485
    46: 478
    47: 633
    48: 781
    49: 482
    50: 421
    51: 382
    52: 781
    53: 422
    54: 439
    55: 372
    56: 449
    57: 273
    58: 249
    59: 269
    60: 398
    61: 189
    62: 199
    63: 251
    64: 192
    65: 131
    66: 175
    67: 147
    68: 243
    69: 95
    70: 83
    71: 126
    72: 142
    73: 49
    74: 61
    75: 67
    76: 76
    77: 59
    78: 56
    79: 55
    80: 38
    81: 20
    82: 25
    83: 27
    84: 21
    85: 24
    86: 16
    87: 17
    88: 19
    89: 23
    90: 22
    91: 22
    92: 17
    93: 10
    94: 23
    95: 13
    96: 12
    97: 10
    98: 13
    99: 57357
   ACT: 215290 # Activate commands
   PRE: 219336 # Precharge commands
   RD: 143610 # Read commands
   WR: 71680 # Write commands
   REF: 1535 # Refresh commands
   eACTPRE: 65232870 # Activate/precharge energy
   eRDWR: 292576360 # Read/write energy
   eREF: 5106945 # Refresh energy
   eBKGD: 116624723 # Background energy
   eWIRE: 32939370 # Channel wire energy
  mem-2: # Memory channel stats
   rd: 143610 # Read requests
   wr: 71680 # Write requests
   rdlat: 42719800043 # Total latency experienced by read requests
   wrlat: 33690258468 # Total latency experienced by write requests
   rdmlh: # Latency histogram for read requests
    0: 0
    1: 0
    2: 0
    3: 0
    4: 0
    5: 197
    6: 265
    7: 61
    8: 12
    9: 14
    10: 5
    11: 111
    12: 234
    13: 133
    14: 2
    15: 1
    16: 13
    17: 23
    18: 298
    19: 202
    20: 17
    21: 11
    22: 8
    23: 3
    24: 150
    25: 317
    26: 43
    27: 8
    28: 15
    29: 5
    30: 100
    31: 329
    32: 68
    33: 53
    34: 59
    35: 8
    36: 56
    37: 358
    38: 164
    39: 124
    40: 35
    41: 29
    42: 66
    43: 134
    44: 122
    45: 118
    46: 100
    47: 45
    48: 38
    49: 100
    50: 76
    51: 134
    52: 106
    53: 72
    54: 62
    55: 93
    56: 101
    57: 125
    58: 130
    59: 63
    60: 95
    61: 71
    62: 64
    63: 174
    64: 91
    65: 102
    66: 99
    67: 75
    68: 111
    69: 123
    70: 57
    71: 90
    72: 75
    73: 101
    74: 66
    75: 101
    76: 104
    77: 109
    78: 95
    79: 109
    80: 78
    81: 79
    82: 111
    83: 93
    84: 65
    85: 88
    86: 65
    87: 114
    88: 112
    89: 111
    90: 105
    91: 130
    92: 78
    93: 97
    94: 73
    95: 84
    96: 99
    97: 136
    98: 73
    99: 134691
   wrmlh: # Latency histogram for write requests
    0: 0
    1: 0
    2: 0
    3: 0
    4: 0
    5: 5
    6: 2
    7: 1
    8: 7
    9: 13
    10: 5
    11: 9
    12: 8
    13: 5
    14: 6
    15: 6
    16: 11
    17: 9
    18: 10
    19: 12
    20: 10
    21: 19
    22: 8
    23: 13
    24: 19
    25: 15
    26: 12
    27: 29
    28: 41
    29: 38
    30: 22
    31: 43
    32: 45
    33: 54
    34: 49
    35: 83
    36: 169
    37: 138
    38: 196
    39: 403
    40: 497
    41: 330
    42: 400
    43: 497
    44: 799
    45: 469
    46: 608
    47: 861
    48: 993
    49: 358
    50: 383
    51: 451
    52: 673
    53: 299
    54: 247
    55: 474
    56: 498
    57: 286
    58: 230
    59: 261
    60: 360
    61: 190
    62: 200
    63: 232
    64: 307
    65: 153
    66: 176
    67: 207
    68: 173
    69: 140
    70: 143
    71: 137
    72: 77
    73: 51
    74: 63
    75: 74
    76: 76
    77: 38
    78: 33
    79: 35
    80: 41
    81: 22
    82: 23
    83: 28
    84: 22
    85: 16
    86: 20
    87: 19
    88: 22
    89: 12
    90: 16
    91: 13
    92: 11
    93: 10
    94: 15
    95: 10
    96: 6
    97: 11
    98: 9
    99: 57360
   ACT: 215290 # Activate commands
   PRE: 219354 # Precharge commands
   RD: 143610 # Read commands
   WR: 71680 # Write commands
   REF: 1535 # Refresh commands
   eACTPRE: 65232870 # Activate/precharge energy
   eRDWR: 292576360 # Read/write energy
   eREF: 5106945 # Refresh energy
   eBKGD: 116611457 # Background energy
   eWIRE: 32939370 # Channel wire energy
  mem-3: # Memory channel stats
   rd: 143610 # Read requests
   wr: 71680 # Write requests
   rdlat: 42747385101 # Total latency experienced by read requests
   wrlat: 33717340804 # Total latency experienced by write requests
   rdmlh: # Latency histogram for read requests
    0: 0
    1: 0
    2: 0
    3: 0
    4: 0
    5: 225
    6: 260
    7: 48
    8: 2
    9: 4
    10: 24
    11: 59
    12: 267
    13: 123
    14: 2
    15: 13
    16: 2
    17: 65
    18: 247
    19: 203
    20: 24
    21: 18
    22: 8
    23: 8
    24: 148
    25: 316
    26: 19
    27: 31
    28: 13
    29: 7
    30: 114
    31: 325
    32: 65
    33: 39
    34: 68
    35: 44
    36: 43
    37: 328
    38: 154
    39: 105
    40: 51
    41: 32
    42: 65
    43: 139
    44: 131
    45: 75
    46: 68
    47: 81
    48: 64
    49: 82
    50: 119
    51: 90
    52: 84
    53: 106
    54: 35
    55: 146
    56: 127
    57: 101
    58: 50
    59: 120
    60: 56
    61: 118
    62: 131
    63: 83
    64: 70
    65: 88
    66: 77
    67: 132
    68: 108
    69: 100
    70: 72
    71: 113
    72: 68
    73: 134
    74: 72
    75: 117
    76: 58
    77: 109
    78: 56
    79: 122
    80: 104
    81: 108
    82: 62
    83: 130
    84: 75
    85: 96
    86: 80
    87: 122
    88: 58
    89: 112
    90: 81
    91: 106
    92: 77
    93: 118
    94: 83
    95: 95
    96: 99
    97: 119
    98: 113
    99: 134701
   wrmlh: # Latency histogram for write requests
    0: 0
    1: 0
    2: 0
    3: 0
    4: 0
    5: 3
    6: 2
    7: 4
    8: 4
    9: 8
    10: 7
    11: 8
    12: 9
    13: 13
    14: 10
    15: 7
    16: 5
    17: 12
    18: 9
    19: 14
    20: 10
    21: 17
    22: 10
    23: 11
    24: 14
    25: 17
    26: 25
    27: 27
    28: 34
    29: 22
    30: 29
    31: 40
    32: 41
    33: 49
    34: 58
    35: 125
    36: 126
    37: 140
    38: 188
    39: 523
    40: 384
    41: 330
    42: 429
    43: 758
    44: 589
    45: 486
    46: 533
    47: 771
    48: 727
    49: 498
    50: 381
    51: 671
    52: 412
    53: 347
    54: 363
    55: 547
    56: 520
    57: 291
    58: 231
    59: 348
    60: 270
    61: 290
    62: 204
    63: 291
    64: 123
    65: 147
    66: 101
    67: 192
    68: 224
    69: 108
    70: 131
    71: 223
    72: 117
    73: 59
    74: 75
    75: 49
    76: 60
    77: 35
    78: 24
    79: 39
    80: 24
    81: 25
    82: 28
    83: 37
    84: 22
    85: 18
    86: 14
    87: 30
    88: 15
    89: 11
    90: 10
    91: 13
    92: 10
    93: 15
    94: 9
    95: 11
    96: 13
    97: 10
    98: 12
    99: 57354
   ACT: 215290 # Activate commands
   PRE: 219368 # Precharge commands
   RD: 143610 # Read commands
   WR: 71680 # Write commands
   REF: 1535 # Refresh commands
   eACTPRE: 65232870 # Activate/precharge energy
   eRDWR: 292576360 # Read/write energy
   eREF: 5106945 # Refresh energy
   eBKGD: 116621035 # Background energy
   eWIRE: 32939370 # Channel wire energy
 itcn: # Interconnect stats
  itcn-r0: # Router stats
   trans: 0 # Transfers
   size: 0 # Total transferred data
  itcn-r1: # Router stats
   trans: 0 # Transfers
   size: 0 # Total transferred data
  itcn-r2: # Router stats
   trans: 0 # Transfers
   size: 0 # Total transferred data
  itcn-r3: # Router stats
   trans: 0 # Transfers
   size: 0 # Total transferred data
 sched: # Scheduler stats
  thCr: 0 # Threads created
  thFn: 0 # Threads finished
  schedEvs: 0 # Schedule events
  waitEvs: 0 # Wait events
  handoffEvs: 0 # Handoff events
  sleepEvs: 0 # Sleep events
  idlePhases: 0 # Phases with no thread active
  idlePeriods: 0 # Periods with no thread active
  occHist: # Occupancy histogram
   0: 299
   1: 0
   2: 0
   3: 0
   4: 0
  rqSzHist: # Run queue size histogram
   0: 299
   1: 0
   2: 0
   3: 0
   4: 0
   5: 0
   6: 0
   7: 0
   8: 0
   9: 0
   10: 0
   11: 0
   12: 0
   13: 0
   14: 0
   15: 0
   16: 0
 procCycles: # Per-process unhalted core cycles
  0: 0
  1: 0
  2: 0
  3: 0
  4: 0
  5: 0
  6: 0
  7: 0
  8: 0
  9: 0
  10: 0
  11: 0
  12: 0
  13: 0
  14: 0
  15: 0
  16: 0
  17: 0
  18: 0
  19: 0
  20: 0
  21: 0
  22: 0
  23: 0
  24: 0
  25: 0
  26: 0
  27: 0
  28: 0
  29: 0
  30: 0
  31: 0
 procInstrs: # Per-process instructions
  0: 0
  1: 0
  2: 0
  3: 0
  4: 0
  5: 0
  6: 0
  7: 0
  8: 0
  9: 0
  10: 0
  11: 0
  12: 0
  13: 0
  14: 0
  15: 0
  16: 0
  17: 0
  18: 0
  19: 0
  20: 0
  21: 0
  22: 0
  23: 0
  24: 0
  25: 0
  26: 0
  27: 0
  28: 0
  29: 0
  30: 0
  31: 0
 heartbeats: # Per-process heartbeats
  0: 0
  1: 0
  2: 0
  3: 0
  4: 0
  5: 0
  6: 0
  7: 0
  8: 0
  9: 0
  10: 0
  11: 0
  12: 0
  13: 0
  14: 0
  15: 0
  16: 0
  17: 0
  18: 0
  19: 0
  20: 0
  21: 0
  22: 0
  23: 0
  24: 0
  25: 0
  26: 0
  27: 0
  28: 0
  29: 0
  30: 0
  31: 0
===
