# zsim stats
===
root: # Stats
 contention: # Contention simulation stats
  domain-0: # Domain stats
   time: 6692102384 # Weave simulation time
 time: # Simulator time breakdown
  init: 642099050
  bound: 48263847743
  weave: 6765729897
  ff: 1166034009
 trigger: 20000 # Reason for this stats dump
 phase: 2185 # Simulated phases
 l: # Logic unit stats
  l-0: # Logic unit stats
   cycles: 21842252 # Simulated unhalted cycles
   cCycles: 16622648 # Cycles due to contention stalls
   ops: 1041533 # Simulated operations
   compOps: 1024 # Simulated compute operations
 c: # Core stats
  c-0: # Core stats
   cycles: 0 # Simulated cycles
   instrs: 0 # Simulated instructions
 rdbuf: # Cache stats
  rdbuf-0: # Filter cache stats
   fhGETS: 0 # Filtered GETS hits
   fhGETX: 0 # Filtered GETX hits
   hGETS: 0 # GETS hits
   hGETX: 0 # GETX hits
   mGETS: 1040384 # GETS misses
   mGETXIM: 0 # GETX I->M misses
   mGETXSM: 0 # GETX S->M misses (upgrade misses)
   PUTS: 0 # Clean evictions (from lower level)
   PUTX: 0 # Dirty evictions (from lower level)
   INV: 0 # Invalidates (from upper level)
   INVX: 0 # Downgrades (from upper level)
   FWD: 0 # Forwards (from upper level)
   latGETnl: 9101500 # GET request latency on next level
   latGETnet: 0 # GET request latency on network to next level
 wrbuf: # Cache stats
  wrbuf-0: # Filter cache stats
   fhGETS: 0 # Filtered GETS hits
   fhGETX: 0 # Filtered GETX hits
   hGETS: 0 # GETS hits
   hGETX: 0 # GETX hits
   mGETS: 0 # GETS misses
   mGETXIM: 1000 # GETX I->M misses
   mGETXSM: 0 # GETX S->M misses (upgrade misses)
   PUTS: 0 # Clean evictions (from lower level)
   PUTX: 0 # Dirty evictions (from lower level)
   INV: 1 # Invalidates (from upper level)
   INVX: 0 # Downgrades (from upper level)
   FWD: 0 # Forwards (from upper level)
   latGETnl: 31876 # GET request latency on next level
   latGETnet: 0 # GET request latency on network to next level
 gbuf: # Cache stats
  gbuf-0b0: # Cache stats
   hGETS: 97540 # GETS hits
   hGETX: 4 # GETX hits
   mGETS: 32508 # GETS misses
   mGETXIM: 121 # GETX I->M misses
   mGETXSM: 0 # GETX S->M misses (upgrade misses)
   PUTS: 130048 # Clean evictions (from lower level)
   PUTX: 125 # Dirty evictions (from lower level)
   INV: 0 # Invalidates (from upper level)
   INVX: 0 # Downgrades (from upper level)
   FWD: 0 # Forwards (from upper level)
   latGETnl: 1011499 # GET request latency on next level
   latGETnet: 0 # GET request latency on network to next level
  gbuf-0b1: # Cache stats
   hGETS: 97544 # GETS hits
   hGETX: 0 # GETX hits
   mGETS: 32504 # GETS misses
   mGETXIM: 125 # GETX I->M misses
   mGETXSM: 0 # GETX S->M misses (upgrade misses)
   PUTS: 130048 # Clean evictions (from lower level)
   PUTX: 125 # Dirty evictions (from lower level)
   INV: 0 # Invalidates (from upper level)
   INVX: 0 # Downgrades (from upper level)
   FWD: 0 # Forwards (from upper level)
   latGETnl: 1011499 # GET request latency on next level
   latGETnet: 0 # GET request latency on network to next level
  gbuf-0b2: # Cache stats
   hGETS: 97544 # GETS hits
   hGETX: 0 # GETX hits
   mGETS: 32504 # GETS misses
   mGETXIM: 125 # GETX I->M misses
   mGETXSM: 0 # GETX S->M misses (upgrade misses)
   PUTS: 130048 # Clean evictions (from lower level)
   PUTX: 125 # Dirty evictions (from lower level)
   INV: 0 # Invalidates (from upper level)
   INVX: 0 # Downgrades (from upper level)
   FWD: 0 # Forwards (from upper level)
   latGETnl: 1011499 # GET request latency on next level
   latGETnet: 0 # GET request latency on network to next level
  gbuf-0b3: # Cache stats
   hGETS: 97544 # GETS hits
   hGETX: 0 # GETX hits
   mGETS: 32504 # GETS misses
   mGETXIM: 125 # GETX I->M misses
   mGETXSM: 0 # GETX S->M misses (upgrade misses)
   PUTS: 130048 # Clean evictions (from lower level)
   PUTX: 125 # Dirty evictions (from lower level)
   INV: 0 # Invalidates (from upper level)
   INVX: 0 # Downgrades (from upper level)
   FWD: 0 # Forwards (from upper level)
   latGETnl: 1011499 # GET request latency on next level
   latGETnet: 0 # GET request latency on network to next level
  gbuf-0b4: # Cache stats
   hGETS: 97544 # GETS hits
   hGETX: 0 # GETX hits
   mGETS: 32504 # GETS misses
   mGETXIM: 125 # GETX I->M misses
   mGETXSM: 0 # GETX S->M misses (upgrade misses)
   PUTS: 130048 # Clean evictions (from lower level)
   PUTX: 125 # Dirty evictions (from lower level)
   INV: 0 # Invalidates (from upper level)
   INVX: 0 # Downgrades (from upper level)
   FWD: 0 # Forwards (from upper level)
   latGETnl: 1011499 # GET request latency on next level
   latGETnet: 0 # GET request latency on network to next level
  gbuf-0b5: # Cache stats
   hGETS: 97544 # GETS hits
   hGETX: 0 # GETX hits
   mGETS: 32504 # GETS misses
   mGETXIM: 125 # GETX I->M misses
   mGETXSM: 0 # GETX S->M misses (upgrade misses)
   PUTS: 130048 # Clean evictions (from lower level)
   PUTX: 125 # Dirty evictions (from lower level)
   INV: 0 # Invalidates (from upper level)
   INVX: 0 # Downgrades (from upper level)
   FWD: 0 # Forwards (from upper level)
   latGETnl: 1011499 # GET request latency on next level
   latGETnet: 0 # GET request latency on network to next level
  gbuf-0b6: # Cache stats
   hGETS: 97544 # GETS hits
   hGETX: 0 # GETX hits
   mGETS: 32504 # GETS misses
   mGETXIM: 125 # GETX I->M misses
   mGETXSM: 0 # GETX S->M misses (upgrade misses)
   PUTS: 130048 # Clean evictions (from lower level)
   PUTX: 125 # Dirty evictions (from lower level)
   INV: 0 # Invalidates (from upper level)
   INVX: 0 # Downgrades (from upper level)
   FWD: 0 # Forwards (from upper level)
   latGETnl: 1011499 # GET request latency on next level
   latGETnet: 0 # GET request latency on network to next level
  gbuf-0b7: # Cache stats
   hGETS: 97544 # GETS hits
   hGETX: 0 # GETX hits
   mGETS: 32504 # GETS misses
   mGETXIM: 125 # GETX I->M misses
   mGETXSM: 0 # GETX S->M misses (upgrade misses)
   PUTS: 130047 # Clean evictions (from lower level)
   PUTX: 124 # Dirty evictions (from lower level)
   INV: 0 # Invalidates (from upper level)
   INVX: 0 # Downgrades (from upper level)
   FWD: 0 # Forwards (from upper level)
   latGETnl: 1011499 # GET request latency on next level
   latGETnet: 0 # GET request latency on network to next level
 mem: # Memory controller stats
  mem-0: # Memory channel stats
   rd: 261032 # Read requests
   wr: 1000 # Write requests
   rdlat: 8463684407 # Total latency experienced by read requests
   wrlat: 17711788 # Total latency experienced by write requests
   rdmlh: # Latency histogram for read requests
    0: 0
    1: 0
    2: 0
    3: 0
    4: 0
    5: 256
    6: 3
    7: 4
    8: 2
    9: 0
    10: 0
    11: 253
    12: 2
    13: 2
    14: 2
    15: 3
    16: 0
    17: 250
    18: 1
    19: 3
    20: 2
    21: 2
    22: 1
    23: 0
    24: 250
    25: 2
    26: 1
    27: 4
    28: 1
    29: 0
    30: 249
    31: 1
    32: 3
    33: 4
    34: 1
    35: 2
    36: 244
    37: 1
    38: 2
    39: 3
    40: 3
    41: 4
    42: 237
    43: 2
    44: 1
    45: 4
    46: 4
    47: 3
    48: 231
    49: 4
    50: 1
    51: 2
    52: 2
    53: 7
    54: 2
    55: 232
    56: 3
    57: 5
    58: 1
    59: 8
    60: 2
    61: 227
    62: 3
    63: 9
    64: 2
    65: 4
    66: 5
    67: 225
    68: 5
    69: 6
    70: 7
    71: 2
    72: 6
    73: 226
    74: 7
    75: 5
    76: 6
    77: 4
    78: 8
    79: 222
    80: 9
    81: 8
    82: 6
    83: 3
    84: 10
    85: 3
    86: 221
    87: 11
    88: 8
    89: 7
    90: 10
    91: 4
    92: 219
    93: 11
    94: 7
    95: 4
    96: 7
    97: 10
    98: 218
    99: 256965
   wrmlh: # Latency histogram for write requests
    0: 0
    1: 0
    2: 0
    3: 0
    4: 0
    5: 0
    6: 2
    7: 6
    8: 2
    9: 4
    10: 0
    11: 0
    12: 0
    13: 0
    14: 0
    15: 2
    16: 6
    17: 0
    18: 6
    19: 0
    20: 14
    21: 14
    22: 8
    23: 0
    24: 14
    25: 2
    26: 2
    27: 0
    28: 10
    29: 8
    30: 18
    31: 14
    32: 30
    33: 16
    34: 6
    35: 16
    36: 4
    37: 2
    38: 4
    39: 10
    40: 12
    41: 18
    42: 26
    43: 6
    44: 22
    45: 16
    46: 10
    47: 2
    48: 8
    49: 0
    50: 2
    51: 12
    52: 16
    53: 2
    54: 20
    55: 24
    56: 14
    57: 12
    58: 6
    59: 4
    60: 0
    61: 0
    62: 2
    63: 18
    64: 12
    65: 26
    66: 14
    67: 16
    68: 10
    69: 18
    70: 2
    71: 2
    72: 8
    73: 4
    74: 2
    75: 8
    76: 0
    77: 4
    78: 6
    79: 0
    80: 2
    81: 2
    82: 0
    83: 2
    84: 4
    85: 14
    86: 0
    87: 2
    88: 16
    89: 10
    90: 0
    91: 0
    92: 10
    93: 4
    94: 0
    95: 6
    96: 0
    97: 2
    98: 0
    99: 322
   ACT: 262032 # Activate commands
   PRE: 291495 # Precharge commands
   RD: 261032 # Read commands
   WR: 1000 # Write commands
   REF: 11211 # Refresh commands
   eACTPRE: 79395696 # Activate/precharge energy
   eRDWR: 353252136 # Read/write energy
   eREF: 37298997 # Refresh energy
   eBKGD: 831743629 # Background energy
   eWIRE: 40090896 # Channel wire energy
 sched: # Scheduler stats
  thCr: 0 # Threads created
  thFn: 0 # Threads finished
  schedEvs: 0 # Schedule events
  waitEvs: 0 # Wait events
  handoffEvs: 0 # Handoff events
  sleepEvs: 0 # Sleep events
  idlePhases: 0 # Phases with no thread active
  idlePeriods: 0 # Periods with no thread active
  occHist: # Occupancy histogram
   0: 2185
   1: 0
  rqSzHist: # Run queue size histogram
   0: 2185
   1: 0
   2: 0
   3: 0
   4: 0
   5: 0
   6: 0
   7: 0
   8: 0
   9: 0
   10: 0
   11: 0
   12: 0
   13: 0
   14: 0
   15: 0
   16: 0
 procCycles: # Per-process unhalted core cycles
  0: 0
  1: 0
  2: 0
  3: 0
  4: 0
  5: 0
  6: 0
  7: 0
  8: 0
  9: 0
  10: 0
  11: 0
  12: 0
  13: 0
  14: 0
  15: 0
  16: 0
  17: 0
  18: 0
  19: 0
  20: 0
  21: 0
  22: 0
  23: 0
  24: 0
  25: 0
  26: 0
  27: 0
  28: 0
  29: 0
  30: 0
  31: 0
 procInstrs: # Per-process instructions
  0: 0
  1: 0
  2: 0
  3: 0
  4: 0
  5: 0
  6: 0
  7: 0
  8: 0
  9: 0
  10: 0
  11: 0
  12: 0
  13: 0
  14: 0
  15: 0
  16: 0
  17: 0
  18: 0
  19: 0
  20: 0
  21: 0
  22: 0
  23: 0
  24: 0
  25: 0
  26: 0
  27: 0
  28: 0
  29: 0
  30: 0
  31: 0
 heartbeats: # Per-process heartbeats
  0: 0
  1: 0
  2: 0
  3: 0
  4: 0
  5: 0
  6: 0
  7: 0
  8: 0
  9: 0
  10: 0
  11: 0
  12: 0
  13: 0
  14: 0
  15: 0
  16: 0
  17: 0
  18: 0
  19: 0
  20: 0
  21: 0
  22: 0
  23: 0
  24: 0
  25: 0
  26: 0
  27: 0
  28: 0
  29: 0
  30: 0
  31: 0
===
