# zsim stats
===
root: # Stats
 contention: # Contention simulation stats
  domain-0: # Domain stats
   time: 5964879034652 # Weave simulation time
 time: # Simulator time breakdown
  init: 645632872
  bound: 514470688419
  weave: 5425133429111
  ff: 1136726668
 trigger: 20000 # Reason for this stats dump
 phase: 74749 # Simulated phases
 l: # Logic unit stats
  l-0: # Logic unit stats
   cycles: 747488631 # Simulated unhalted cycles
   cCycles: 40115767 # Cycles due to contention stalls
   ops: 654016 # Simulated operations
   compOps: 4096 # Simulated compute operations
 c: # Core stats
  c-0: # Core stats
   cycles: 0 # Simulated cycles
   instrs: 0 # Simulated instructions
 rdbuf: # Cache stats
  rdbuf-0: # Filter cache stats
   fhGETS: 147456 # Filtered GETS hits
   fhGETX: 0 # Filtered GETX hits
   hGETS: 0 # GETS hits
   hGETX: 0 # GETX hits
   mGETS: 3604480 # GETS misses
   mGETXIM: 0 # GETX I->M misses
   mGETXSM: 0 # GETX S->M misses (upgrade misses)
   PUTS: 0 # Clean evictions (from lower level)
   PUTX: 0 # Dirty evictions (from lower level)
   INV: 16 # Invalidates (from upper level)
   INVX: 0 # Downgrades (from upper level)
   FWD: 0 # Forwards (from upper level)
   latGETnl: 107555974 # GET request latency on next level
   latGETnet: 0 # GET request latency on network to next level
 wrbuf: # Cache stats
  wrbuf-0: # Filter cache stats
   fhGETS: 0 # Filtered GETS hits
   fhGETX: 38208 # Filtered GETX hits
   hGETS: 0 # GETS hits
   hGETX: 0 # GETX hits
   mGETS: 0 # GETS misses
   mGETXIM: 802816 # GETX I->M misses
   mGETXSM: 0 # GETX S->M misses (upgrade misses)
   PUTS: 0 # Clean evictions (from lower level)
   PUTX: 0 # Dirty evictions (from lower level)
   INV: 16 # Invalidates (from upper level)
   INVX: 0 # Downgrades (from upper level)
   FWD: 0 # Forwards (from upper level)
   latGETnl: 25641504 # GET request latency on next level
   latGETnet: 0 # GET request latency on network to next level
 gbuf: # Cache stats
  gbuf-0b0: # Cache stats
   hGETS: 30480 # GETS hits
   hGETX: 198 # GETX hits
   mGETS: 420080 # GETS misses
   mGETXIM: 100154 # GETX I->M misses
   mGETXSM: 0 # GETX S->M misses (upgrade misses)
   PUTS: 450556 # Clean evictions (from lower level)
   PUTX: 100352 # Dirty evictions (from lower level)
   INV: 0 # Invalidates (from upper level)
   INVX: 0 # Downgrades (from upper level)
   FWD: 0 # Forwards (from upper level)
   latGETnl: 16127254 # GET request latency on next level
   latGETnet: 0 # GET request latency on network to next level
  gbuf-0b1: # Cache stats
   hGETS: 31504 # GETS hits
   hGETX: 198 # GETX hits
   mGETS: 419056 # GETS misses
   mGETXIM: 100154 # GETX I->M misses
   mGETXSM: 0 # GETX S->M misses (upgrade misses)
   PUTS: 450556 # Clean evictions (from lower level)
   PUTX: 100351 # Dirty evictions (from lower level)
   INV: 0 # Invalidates (from upper level)
   INVX: 0 # Downgrades (from upper level)
   FWD: 0 # Forwards (from upper level)
   latGETnl: 16095510 # GET request latency on next level
   latGETnet: 0 # GET request latency on network to next level
  gbuf-0b2: # Cache stats
   hGETS: 31504 # GETS hits
   hGETX: 198 # GETX hits
   mGETS: 419056 # GETS misses
   mGETXIM: 100154 # GETX I->M misses
   mGETXSM: 0 # GETX S->M misses (upgrade misses)
   PUTS: 450560 # Clean evictions (from lower level)
   PUTX: 100349 # Dirty evictions (from lower level)
   INV: 0 # Invalidates (from upper level)
   INVX: 0 # Downgrades (from upper level)
   FWD: 0 # Forwards (from upper level)
   latGETnl: 16095510 # GET request latency on next level
   latGETnet: 0 # GET request latency on network to next level
  gbuf-0b3: # Cache stats
   hGETS: 31504 # GETS hits
   hGETX: 198 # GETX hits
   mGETS: 419056 # GETS misses
   mGETXIM: 100154 # GETX I->M misses
   mGETXSM: 0 # GETX S->M misses (upgrade misses)
   PUTS: 450555 # Clean evictions (from lower level)
   PUTX: 100350 # Dirty evictions (from lower level)
   INV: 0 # Invalidates (from upper level)
   INVX: 0 # Downgrades (from upper level)
   FWD: 0 # Forwards (from upper level)
   latGETnl: 16095510 # GET request latency on next level
   latGETnet: 0 # GET request latency on network to next level
  gbuf-0b4: # Cache stats
   hGETS: 31504 # GETS hits
   hGETX: 194 # GETX hits
   mGETS: 419056 # GETS misses
   mGETXIM: 100158 # GETX I->M misses
   mGETXSM: 0 # GETX S->M misses (upgrade misses)
   PUTS: 450560 # Clean evictions (from lower level)
   PUTX: 100349 # Dirty evictions (from lower level)
   INV: 0 # Invalidates (from upper level)
   INVX: 0 # Downgrades (from upper level)
   FWD: 0 # Forwards (from upper level)
   latGETnl: 16095634 # GET request latency on next level
   latGETnet: 0 # GET request latency on network to next level
  gbuf-0b5: # Cache stats
   hGETS: 31504 # GETS hits
   hGETX: 194 # GETX hits
   mGETS: 419056 # GETS misses
   mGETXIM: 100158 # GETX I->M misses
   mGETXSM: 0 # GETX S->M misses (upgrade misses)
   PUTS: 450560 # Clean evictions (from lower level)
   PUTX: 100349 # Dirty evictions (from lower level)
   INV: 0 # Invalidates (from upper level)
   INVX: 0 # Downgrades (from upper level)
   FWD: 0 # Forwards (from upper level)
   latGETnl: 16095634 # GET request latency on next level
   latGETnet: 0 # GET request latency on network to next level
  gbuf-0b6: # Cache stats
   hGETS: 31603 # GETS hits
   hGETX: 194 # GETX hits
   mGETS: 418957 # GETS misses
   mGETXIM: 100158 # GETX I->M misses
   mGETXSM: 0 # GETX S->M misses (upgrade misses)
   PUTS: 450556 # Clean evictions (from lower level)
   PUTX: 100351 # Dirty evictions (from lower level)
   INV: 0 # Invalidates (from upper level)
   INVX: 0 # Downgrades (from upper level)
   FWD: 0 # Forwards (from upper level)
   latGETnl: 16092565 # GET request latency on next level
   latGETnet: 0 # GET request latency on network to next level
  gbuf-0b7: # Cache stats
   hGETS: 31603 # GETS hits
   hGETX: 194 # GETX hits
   mGETS: 418957 # GETS misses
   mGETXIM: 100158 # GETX I->M misses
   mGETXSM: 0 # GETX S->M misses (upgrade misses)
   PUTS: 450560 # Clean evictions (from lower level)
   PUTX: 100349 # Dirty evictions (from lower level)
   INV: 0 # Invalidates (from upper level)
   INVX: 0 # Downgrades (from upper level)
   FWD: 0 # Forwards (from upper level)
   latGETnl: 16092565 # GET request latency on next level
   latGETnet: 0 # GET request latency on network to next level
 mem: # Memory controller stats
  mem-0: # Memory channel stats
   rd: 4154522 # Read requests
   wr: 802816 # Write requests
   rdlat: 265637757199 # Total latency experienced by read requests
   wrlat: 221209191722 # Total latency experienced by write requests
   rdmlh: # Latency histogram for read requests
    0: 0
    1: 0
    2: 0
    3: 0
    4: 0
    5: 6598
    6: 8805
    7: 10416
    8: 7340
    9: 8234
    10: 7220
    11: 4461
    12: 6533
    13: 8596
    14: 6419
    15: 8668
    16: 7963
    17: 5562
    18: 4006
    19: 4882
    20: 8000
    21: 7600
    22: 8477
    23: 6187
    24: 6353
    25: 5094
    26: 8312
    27: 7751
    28: 8760
    29: 6655
    30: 6918
    31: 4793
    32: 5995
    33: 6964
    34: 5412
    35: 6385
    36: 3298
    37: 2232
    38: 4445
    39: 5209
    40: 5697
    41: 5927
    42: 6501
    43: 3341
    44: 1644
    45: 5368
    46: 5532
    47: 5229
    48: 6192
    49: 5315
    50: 2673
    51: 3086
    52: 5472
    53: 5339
    54: 5687
    55: 6377
    56: 4162
    57: 4537
    58: 6162
    59: 5671
    60: 4068
    61: 3203
    62: 5410
    63: 4103
    64: 5780
    65: 5853
    66: 4936
    67: 3355
    68: 4891
    69: 4554
    70: 3706
    71: 6082
    72: 5060
    73: 4889
    74: 3730
    75: 5331
    76: 4298
    77: 4120
    78: 7196
    79: 5016
    80: 4518
    81: 4326
    82: 6509
    83: 5064
    84: 6922
    85: 6084
    86: 4895
    87: 2931
    88: 5136
    89: 5181
    90: 5467
    91: 6404
    92: 5917
    93: 3822
    94: 3450
    95: 5292
    96: 5033
    97: 6144
    98: 6926
    99: 3628465
   wrmlh: # Latency histogram for write requests
    0: 0
    1: 0
    2: 0
    3: 0
    4: 0
    5: 115
    6: 532
    7: 452
    8: 441
    9: 602
    10: 432
    11: 734
    12: 381
    13: 253
    14: 199
    15: 529
    16: 386
    17: 526
    18: 582
    19: 984
    20: 1391
    21: 607
    22: 514
    23: 535
    24: 516
    25: 772
    26: 723
    27: 1098
    28: 855
    29: 1464
    30: 978
    31: 933
    32: 1209
    33: 657
    34: 604
    35: 1021
    36: 1000
    37: 907
    38: 1040
    39: 1491
    40: 984
    41: 1309
    42: 1028
    43: 1076
    44: 1114
    45: 1477
    46: 873
    47: 1239
    48: 916
    49: 891
    50: 642
    51: 923
    52: 820
    53: 776
    54: 1147
    55: 1157
    56: 1085
    57: 1108
    58: 701
    59: 867
    60: 583
    61: 477
    62: 461
    63: 699
    64: 889
    65: 761
    66: 786
    67: 690
    68: 531
    69: 368
    70: 319
    71: 430
    72: 377
    73: 315
    74: 237
    75: 263
    76: 180
    77: 184
    78: 163
    79: 181
    80: 139
    81: 132
    82: 127
    83: 135
    84: 89
    85: 93
    86: 80
    87: 123
    88: 95
    89: 63
    90: 71
    91: 113
    92: 51
    93: 68
    94: 50
    95: 58
    96: 66
    97: 40
    98: 57
    99: 746676
   ACT: 4957338 # Activate commands
   PRE: 5114413 # Precharge commands
   RD: 4154522 # Read commands
   WR: 802816 # Write commands
   REF: 383525 # Refresh commands
   eACTPRE: 1502073414 # Activate/precharge energy
   eRDWR: 6708984552 # Read/write energy
   eREF: 1275987675 # Refresh energy
   eBKGD: 28416304377 # Background energy
   eWIRE: 758472714 # Channel wire energy
 sched: # Scheduler stats
  thCr: 0 # Threads created
  thFn: 0 # Threads finished
  schedEvs: 0 # Schedule events
  waitEvs: 0 # Wait events
  handoffEvs: 0 # Handoff events
  sleepEvs: 0 # Sleep events
  idlePhases: 0 # Phases with no thread active
  idlePeriods: 0 # Periods with no thread active
  occHist: # Occupancy histogram
   0: 74749
   1: 0
  rqSzHist: # Run queue size histogram
   0: 74749
   1: 0
   2: 0
   3: 0
   4: 0
   5: 0
   6: 0
   7: 0
   8: 0
   9: 0
   10: 0
   11: 0
   12: 0
   13: 0
   14: 0
   15: 0
   16: 0
 procCycles: # Per-process unhalted core cycles
  0: 0
  1: 0
  2: 0
  3: 0
  4: 0
  5: 0
  6: 0
  7: 0
  8: 0
  9: 0
  10: 0
  11: 0
  12: 0
  13: 0
  14: 0
  15: 0
  16: 0
  17: 0
  18: 0
  19: 0
  20: 0
  21: 0
  22: 0
  23: 0
  24: 0
  25: 0
  26: 0
  27: 0
  28: 0
  29: 0
  30: 0
  31: 0
 procInstrs: # Per-process instructions
  0: 0
  1: 0
  2: 0
  3: 0
  4: 0
  5: 0
  6: 0
  7: 0
  8: 0
  9: 0
  10: 0
  11: 0
  12: 0
  13: 0
  14: 0
  15: 0
  16: 0
  17: 0
  18: 0
  19: 0
  20: 0
  21: 0
  22: 0
  23: 0
  24: 0
  25: 0
  26: 0
  27: 0
  28: 0
  29: 0
  30: 0
  31: 0
 heartbeats: # Per-process heartbeats
  0: 0
  1: 0
  2: 0
  3: 0
  4: 0
  5: 0
  6: 0
  7: 0
  8: 0
  9: 0
  10: 0
  11: 0
  12: 0
  13: 0
  14: 0
  15: 0
  16: 0
  17: 0
  18: 0
  19: 0
  20: 0
  21: 0
  22: 0
  23: 0
  24: 0
  25: 0
  26: 0
  27: 0
  28: 0
  29: 0
  30: 0
  31: 0
===
