# zsim stats
===
root: # Stats
 contention: # Contention simulation stats
  domain-0: # Domain stats
   time: 36173694 # Weave simulation time
 time: # Simulator time breakdown
  init: 1466007702
  bound: 11617179468
  weave: 36808680
  ff: 1250474912
 trigger: 20000 # Reason for this stats dump
 phase: 639 # Simulated phases
 l: # Logic unit stats
  l-0: # Logic unit stats
   cycles: 6388051 # Simulated unhalted cycles
   cCycles: 2054419 # Cycles due to contention stalls
   ops: 18944 # Simulated operations
   compOps: 512 # Simulated compute operations
  l-1: # Logic unit stats
   cycles: 6389073 # Simulated unhalted cycles
   cCycles: 2055473 # Cycles due to contention stalls
   ops: 18944 # Simulated operations
   compOps: 512 # Simulated compute operations
  l-2: # Logic unit stats
   cycles: 6377423 # Simulated unhalted cycles
   cCycles: 2043791 # Cycles due to contention stalls
   ops: 18944 # Simulated operations
   compOps: 512 # Simulated compute operations
  l-3: # Logic unit stats
   cycles: 6378523 # Simulated unhalted cycles
   cCycles: 2044891 # Cycles due to contention stalls
   ops: 18944 # Simulated operations
   compOps: 512 # Simulated compute operations
 c: # Core stats
  c-0: # Core stats
   cycles: 0 # Simulated cycles
   instrs: 0 # Simulated instructions
  c-1: # Core stats
   cycles: 0 # Simulated cycles
   instrs: 0 # Simulated instructions
  c-2: # Core stats
   cycles: 0 # Simulated cycles
   instrs: 0 # Simulated instructions
  c-3: # Core stats
   cycles: 0 # Simulated cycles
   instrs: 0 # Simulated instructions
 rdbuf: # Cache stats
  rdbuf-0: # Filter cache stats
   fhGETS: 0 # Filtered GETS hits
   fhGETX: 0 # Filtered GETX hits
   hGETS: 0 # GETS hits
   hGETX: 0 # GETX hits
   mGETS: 90112 # GETS misses
   mGETXIM: 0 # GETX I->M misses
   mGETXSM: 0 # GETX S->M misses (upgrade misses)
   PUTS: 0 # Clean evictions (from lower level)
   PUTX: 0 # Dirty evictions (from lower level)
   INV: 0 # Invalidates (from upper level)
   INVX: 0 # Downgrades (from upper level)
   FWD: 0 # Forwards (from upper level)
   latGETnl: 2883584 # GET request latency on next level
   latGETnet: 0 # GET request latency on network to next level
  rdbuf-1: # Filter cache stats
   fhGETS: 0 # Filtered GETS hits
   fhGETX: 0 # Filtered GETX hits
   hGETS: 0 # GETS hits
   hGETX: 0 # GETX hits
   mGETS: 90112 # GETS misses
   mGETXIM: 0 # GETX I->M misses
   mGETXSM: 0 # GETX S->M misses (upgrade misses)
   PUTS: 0 # Clean evictions (from lower level)
   PUTX: 0 # Dirty evictions (from lower level)
   INV: 0 # Invalidates (from upper level)
   INVX: 0 # Downgrades (from upper level)
   FWD: 0 # Forwards (from upper level)
   latGETnl: 2883584 # GET request latency on next level
   latGETnet: 0 # GET request latency on network to next level
  rdbuf-2: # Filter cache stats
   fhGETS: 0 # Filtered GETS hits
   fhGETX: 0 # Filtered GETX hits
   hGETS: 0 # GETS hits
   hGETX: 0 # GETX hits
   mGETS: 90112 # GETS misses
   mGETXIM: 0 # GETX I->M misses
   mGETXSM: 0 # GETX S->M misses (upgrade misses)
   PUTS: 0 # Clean evictions (from lower level)
   PUTX: 0 # Dirty evictions (from lower level)
   INV: 0 # Invalidates (from upper level)
   INVX: 0 # Downgrades (from upper level)
   FWD: 0 # Forwards (from upper level)
   latGETnl: 2883584 # GET request latency on next level
   latGETnet: 0 # GET request latency on network to next level
  rdbuf-3: # Filter cache stats
   fhGETS: 0 # Filtered GETS hits
   fhGETX: 0 # Filtered GETX hits
   hGETS: 0 # GETS hits
   hGETX: 0 # GETX hits
   mGETS: 90112 # GETS misses
   mGETXIM: 0 # GETX I->M misses
   mGETXSM: 0 # GETX S->M misses (upgrade misses)
   PUTS: 0 # Clean evictions (from lower level)
   PUTX: 0 # Dirty evictions (from lower level)
   INV: 0 # Invalidates (from upper level)
   INVX: 0 # Downgrades (from upper level)
   FWD: 0 # Forwards (from upper level)
   latGETnl: 2883584 # GET request latency on next level
   latGETnet: 0 # GET request latency on network to next level
 wrbuf: # Cache stats
  wrbuf-0: # Filter cache stats
   fhGETS: 0 # Filtered GETS hits
   fhGETX: 0 # Filtered GETX hits
   hGETS: 0 # GETS hits
   hGETX: 0 # GETX hits
   mGETS: 0 # GETS misses
   mGETXIM: 57344 # GETX I->M misses
   mGETXSM: 0 # GETX S->M misses (upgrade misses)
   PUTS: 0 # Clean evictions (from lower level)
   PUTX: 0 # Dirty evictions (from lower level)
   INV: 14 # Invalidates (from upper level)
   INVX: 0 # Downgrades (from upper level)
   FWD: 0 # Forwards (from upper level)
   latGETnl: 1835008 # GET request latency on next level
   latGETnet: 0 # GET request latency on network to next level
  wrbuf-1: # Filter cache stats
   fhGETS: 0 # Filtered GETS hits
   fhGETX: 0 # Filtered GETX hits
   hGETS: 0 # GETS hits
   hGETX: 0 # GETX hits
   mGETS: 0 # GETS misses
   mGETXIM: 57344 # GETX I->M misses
   mGETXSM: 0 # GETX S->M misses (upgrade misses)
   PUTS: 0 # Clean evictions (from lower level)
   PUTX: 0 # Dirty evictions (from lower level)
   INV: 14 # Invalidates (from upper level)
   INVX: 0 # Downgrades (from upper level)
   FWD: 0 # Forwards (from upper level)
   latGETnl: 1835008 # GET request latency on next level
   latGETnet: 0 # GET request latency on network to next level
  wrbuf-2: # Filter cache stats
   fhGETS: 0 # Filtered GETS hits
   fhGETX: 0 # Filtered GETX hits
   hGETS: 0 # GETS hits
   hGETX: 0 # GETX hits
   mGETS: 0 # GETS misses
   mGETXIM: 57344 # GETX I->M misses
   mGETXSM: 0 # GETX S->M misses (upgrade misses)
   PUTS: 0 # Clean evictions (from lower level)
   PUTX: 0 # Dirty evictions (from lower level)
   INV: 14 # Invalidates (from upper level)
   INVX: 0 # Downgrades (from upper level)
   FWD: 0 # Forwards (from upper level)
   latGETnl: 1835008 # GET request latency on next level
   latGETnet: 0 # GET request latency on network to next level
  wrbuf-3: # Filter cache stats
   fhGETS: 0 # Filtered GETS hits
   fhGETX: 0 # Filtered GETX hits
   hGETS: 0 # GETS hits
   hGETX: 0 # GETX hits
   mGETS: 0 # GETS misses
   mGETXIM: 57344 # GETX I->M misses
   mGETXSM: 0 # GETX S->M misses (upgrade misses)
   PUTS: 0 # Clean evictions (from lower level)
   PUTX: 0 # Dirty evictions (from lower level)
   INV: 14 # Invalidates (from upper level)
   INVX: 0 # Downgrades (from upper level)
   FWD: 0 # Forwards (from upper level)
   latGETnl: 1835008 # GET request latency on next level
   latGETnet: 0 # GET request latency on network to next level
 gbuf: # Cache stats
  gbuf-0b0: # Cache stats
   hGETS: 0 # GETS hits
   hGETX: 0 # GETX hits
   mGETS: 11264 # GETS misses
   mGETXIM: 7165 # GETX I->M misses
   mGETXSM: 0 # GETX S->M misses (upgrade misses)
   PUTS: 11264 # Clean evictions (from lower level)
   PUTX: 7161 # Dirty evictions (from lower level)
   INV: 0 # Invalidates (from upper level)
   INVX: 0 # Downgrades (from upper level)
   FWD: 0 # Forwards (from upper level)
   latGETnl: 571299 # GET request latency on next level
   latGETnet: 0 # GET request latency on network to next level
  gbuf-0b1: # Cache stats
   hGETS: 0 # GETS hits
   hGETX: 0 # GETX hits
   mGETS: 11264 # GETS misses
   mGETXIM: 7169 # GETX I->M misses
   mGETXSM: 0 # GETX S->M misses (upgrade misses)
   PUTS: 11264 # Clean evictions (from lower level)
   PUTX: 7165 # Dirty evictions (from lower level)
   INV: 0 # Invalidates (from upper level)
   INVX: 0 # Downgrades (from upper level)
   FWD: 0 # Forwards (from upper level)
   latGETnl: 571423 # GET request latency on next level
   latGETnet: 0 # GET request latency on network to next level
  gbuf-0b2: # Cache stats
   hGETS: 0 # GETS hits
   hGETX: 0 # GETX hits
   mGETS: 11264 # GETS misses
   mGETXIM: 7170 # GETX I->M misses
   mGETXSM: 0 # GETX S->M misses (upgrade misses)
   PUTS: 11264 # Clean evictions (from lower level)
   PUTX: 7166 # Dirty evictions (from lower level)
   INV: 0 # Invalidates (from upper level)
   INVX: 0 # Downgrades (from upper level)
   FWD: 0 # Forwards (from upper level)
   latGETnl: 571454 # GET request latency on next level
   latGETnet: 0 # GET request latency on network to next level
  gbuf-0b3: # Cache stats
   hGETS: 0 # GETS hits
   hGETX: 0 # GETX hits
   mGETS: 11264 # GETS misses
   mGETXIM: 7168 # GETX I->M misses
   mGETXSM: 0 # GETX S->M misses (upgrade misses)
   PUTS: 11264 # Clean evictions (from lower level)
   PUTX: 7164 # Dirty evictions (from lower level)
   INV: 0 # Invalidates (from upper level)
   INVX: 0 # Downgrades (from upper level)
   FWD: 0 # Forwards (from upper level)
   latGETnl: 571392 # GET request latency on next level
   latGETnet: 0 # GET request latency on network to next level
  gbuf-0b4: # Cache stats
   hGETS: 0 # GETS hits
   hGETX: 0 # GETX hits
   mGETS: 11264 # GETS misses
   mGETXIM: 7165 # GETX I->M misses
   mGETXSM: 0 # GETX S->M misses (upgrade misses)
   PUTS: 11264 # Clean evictions (from lower level)
   PUTX: 7165 # Dirty evictions (from lower level)
   INV: 0 # Invalidates (from upper level)
   INVX: 0 # Downgrades (from upper level)
   FWD: 0 # Forwards (from upper level)
   latGETnl: 571299 # GET request latency on next level
   latGETnet: 0 # GET request latency on network to next level
  gbuf-0b5: # Cache stats
   hGETS: 0 # GETS hits
   hGETX: 0 # GETX hits
   mGETS: 11264 # GETS misses
   mGETXIM: 7169 # GETX I->M misses
   mGETXSM: 0 # GETX S->M misses (upgrade misses)
   PUTS: 11264 # Clean evictions (from lower level)
   PUTX: 7169 # Dirty evictions (from lower level)
   INV: 0 # Invalidates (from upper level)
   INVX: 0 # Downgrades (from upper level)
   FWD: 0 # Forwards (from upper level)
   latGETnl: 571423 # GET request latency on next level
   latGETnet: 0 # GET request latency on network to next level
  gbuf-0b6: # Cache stats
   hGETS: 0 # GETS hits
   hGETX: 0 # GETX hits
   mGETS: 11264 # GETS misses
   mGETXIM: 7170 # GETX I->M misses
   mGETXSM: 0 # GETX S->M misses (upgrade misses)
   PUTS: 11263 # Clean evictions (from lower level)
   PUTX: 7170 # Dirty evictions (from lower level)
   INV: 0 # Invalidates (from upper level)
   INVX: 0 # Downgrades (from upper level)
   FWD: 0 # Forwards (from upper level)
   latGETnl: 571454 # GET request latency on next level
   latGETnet: 0 # GET request latency on network to next level
  gbuf-0b7: # Cache stats
   hGETS: 0 # GETS hits
   hGETX: 0 # GETX hits
   mGETS: 11264 # GETS misses
   mGETXIM: 7168 # GETX I->M misses
   mGETXSM: 0 # GETX S->M misses (upgrade misses)
   PUTS: 11263 # Clean evictions (from lower level)
   PUTX: 7168 # Dirty evictions (from lower level)
   INV: 0 # Invalidates (from upper level)
   INVX: 0 # Downgrades (from upper level)
   FWD: 0 # Forwards (from upper level)
   latGETnl: 571392 # GET request latency on next level
   latGETnet: 0 # GET request latency on network to next level
  gbuf-1b0: # Cache stats
   hGETS: 0 # GETS hits
   hGETX: 0 # GETX hits
   mGETS: 11264 # GETS misses
   mGETXIM: 7169 # GETX I->M misses
   mGETXSM: 0 # GETX S->M misses (upgrade misses)
   PUTS: 11264 # Clean evictions (from lower level)
   PUTX: 7165 # Dirty evictions (from lower level)
   INV: 0 # Invalidates (from upper level)
   INVX: 0 # Downgrades (from upper level)
   FWD: 0 # Forwards (from upper level)
   latGETnl: 571423 # GET request latency on next level
   latGETnet: 0 # GET request latency on network to next level
  gbuf-1b1: # Cache stats
   hGETS: 0 # GETS hits
   hGETX: 0 # GETX hits
   mGETS: 11264 # GETS misses
   mGETXIM: 7167 # GETX I->M misses
   mGETXSM: 0 # GETX S->M misses (upgrade misses)
   PUTS: 11264 # Clean evictions (from lower level)
   PUTX: 7163 # Dirty evictions (from lower level)
   INV: 0 # Invalidates (from upper level)
   INVX: 0 # Downgrades (from upper level)
   FWD: 0 # Forwards (from upper level)
   latGETnl: 571361 # GET request latency on next level
   latGETnet: 0 # GET request latency on network to next level
  gbuf-1b2: # Cache stats
   hGETS: 0 # GETS hits
   hGETX: 0 # GETX hits
   mGETS: 11264 # GETS misses
   mGETXIM: 7168 # GETX I->M misses
   mGETXSM: 0 # GETX S->M misses (upgrade misses)
   PUTS: 11264 # Clean evictions (from lower level)
   PUTX: 7164 # Dirty evictions (from lower level)
   INV: 0 # Invalidates (from upper level)
   INVX: 0 # Downgrades (from upper level)
   FWD: 0 # Forwards (from upper level)
   latGETnl: 571392 # GET request latency on next level
   latGETnet: 0 # GET request latency on network to next level
  gbuf-1b3: # Cache stats
   hGETS: 0 # GETS hits
   hGETX: 0 # GETX hits
   mGETS: 11264 # GETS misses
   mGETXIM: 7168 # GETX I->M misses
   mGETXSM: 0 # GETX S->M misses (upgrade misses)
   PUTS: 11264 # Clean evictions (from lower level)
   PUTX: 7164 # Dirty evictions (from lower level)
   INV: 0 # Invalidates (from upper level)
   INVX: 0 # Downgrades (from upper level)
   FWD: 0 # Forwards (from upper level)
   latGETnl: 571392 # GET request latency on next level
   latGETnet: 0 # GET request latency on network to next level
  gbuf-1b4: # Cache stats
   hGETS: 0 # GETS hits
   hGETX: 0 # GETX hits
   mGETS: 11264 # GETS misses
   mGETXIM: 7169 # GETX I->M misses
   mGETXSM: 0 # GETX S->M misses (upgrade misses)
   PUTS: 11264 # Clean evictions (from lower level)
   PUTX: 7169 # Dirty evictions (from lower level)
   INV: 0 # Invalidates (from upper level)
   INVX: 0 # Downgrades (from upper level)
   FWD: 0 # Forwards (from upper level)
   latGETnl: 571423 # GET request latency on next level
   latGETnet: 0 # GET request latency on network to next level
  gbuf-1b5: # Cache stats
   hGETS: 0 # GETS hits
   hGETX: 0 # GETX hits
   mGETS: 11264 # GETS misses
   mGETXIM: 7167 # GETX I->M misses
   mGETXSM: 0 # GETX S->M misses (upgrade misses)
   PUTS: 11264 # Clean evictions (from lower level)
   PUTX: 7167 # Dirty evictions (from lower level)
   INV: 0 # Invalidates (from upper level)
   INVX: 0 # Downgrades (from upper level)
   FWD: 0 # Forwards (from upper level)
   latGETnl: 571361 # GET request latency on next level
   latGETnet: 0 # GET request latency on network to next level
  gbuf-1b6: # Cache stats
   hGETS: 0 # GETS hits
   hGETX: 0 # GETX hits
   mGETS: 11264 # GETS misses
   mGETXIM: 7168 # GETX I->M misses
   mGETXSM: 0 # GETX S->M misses (upgrade misses)
   PUTS: 11263 # Clean evictions (from lower level)
   PUTX: 7168 # Dirty evictions (from lower level)
   INV: 0 # Invalidates (from upper level)
   INVX: 0 # Downgrades (from upper level)
   FWD: 0 # Forwards (from upper level)
   latGETnl: 571392 # GET request latency on next level
   latGETnet: 0 # GET request latency on network to next level
  gbuf-1b7: # Cache stats
   hGETS: 0 # GETS hits
   hGETX: 0 # GETX hits
   mGETS: 11264 # GETS misses
   mGETXIM: 7168 # GETX I->M misses
   mGETXSM: 0 # GETX S->M misses (upgrade misses)
   PUTS: 11263 # Clean evictions (from lower level)
   PUTX: 7168 # Dirty evictions (from lower level)
   INV: 0 # Invalidates (from upper level)
   INVX: 0 # Downgrades (from upper level)
   FWD: 0 # Forwards (from upper level)
   latGETnl: 571392 # GET request latency on next level
   latGETnet: 0 # GET request latency on network to next level
  gbuf-2b0: # Cache stats
   hGETS: 0 # GETS hits
   hGETX: 0 # GETX hits
   mGETS: 11264 # GETS misses
   mGETXIM: 7170 # GETX I->M misses
   mGETXSM: 0 # GETX S->M misses (upgrade misses)
   PUTS: 11264 # Clean evictions (from lower level)
   PUTX: 7170 # Dirty evictions (from lower level)
   INV: 0 # Invalidates (from upper level)
   INVX: 0 # Downgrades (from upper level)
   FWD: 0 # Forwards (from upper level)
   latGETnl: 571454 # GET request latency on next level
   latGETnet: 0 # GET request latency on network to next level
  gbuf-2b1: # Cache stats
   hGETS: 0 # GETS hits
   hGETX: 0 # GETX hits
   mGETS: 11264 # GETS misses
   mGETXIM: 7167 # GETX I->M misses
   mGETXSM: 0 # GETX S->M misses (upgrade misses)
   PUTS: 11264 # Clean evictions (from lower level)
   PUTX: 7167 # Dirty evictions (from lower level)
   INV: 0 # Invalidates (from upper level)
   INVX: 0 # Downgrades (from upper level)
   FWD: 0 # Forwards (from upper level)
   latGETnl: 571361 # GET request latency on next level
   latGETnet: 0 # GET request latency on network to next level
  gbuf-2b2: # Cache stats
   hGETS: 0 # GETS hits
   hGETX: 0 # GETX hits
   mGETS: 11264 # GETS misses
   mGETXIM: 7166 # GETX I->M misses
   mGETXSM: 0 # GETX S->M misses (upgrade misses)
   PUTS: 11264 # Clean evictions (from lower level)
   PUTX: 7166 # Dirty evictions (from lower level)
   INV: 0 # Invalidates (from upper level)
   INVX: 0 # Downgrades (from upper level)
   FWD: 0 # Forwards (from upper level)
   latGETnl: 571330 # GET request latency on next level
   latGETnet: 0 # GET request latency on network to next level
  gbuf-2b3: # Cache stats
   hGETS: 0 # GETS hits
   hGETX: 0 # GETX hits
   mGETS: 11264 # GETS misses
   mGETXIM: 7169 # GETX I->M misses
   mGETXSM: 0 # GETX S->M misses (upgrade misses)
   PUTS: 11264 # Clean evictions (from lower level)
   PUTX: 7169 # Dirty evictions (from lower level)
   INV: 0 # Invalidates (from upper level)
   INVX: 0 # Downgrades (from upper level)
   FWD: 0 # Forwards (from upper level)
   latGETnl: 571423 # GET request latency on next level
   latGETnet: 0 # GET request latency on network to next level
  gbuf-2b4: # Cache stats
   hGETS: 0 # GETS hits
   hGETX: 0 # GETX hits
   mGETS: 11264 # GETS misses
   mGETXIM: 7170 # GETX I->M misses
   mGETXSM: 0 # GETX S->M misses (upgrade misses)
   PUTS: 11264 # Clean evictions (from lower level)
   PUTX: 7166 # Dirty evictions (from lower level)
   INV: 0 # Invalidates (from upper level)
   INVX: 0 # Downgrades (from upper level)
   FWD: 0 # Forwards (from upper level)
   latGETnl: 571454 # GET request latency on next level
   latGETnet: 0 # GET request latency on network to next level
  gbuf-2b5: # Cache stats
   hGETS: 0 # GETS hits
   hGETX: 0 # GETX hits
   mGETS: 11264 # GETS misses
   mGETXIM: 7168 # GETX I->M misses
   mGETXSM: 0 # GETX S->M misses (upgrade misses)
   PUTS: 11264 # Clean evictions (from lower level)
   PUTX: 7164 # Dirty evictions (from lower level)
   INV: 0 # Invalidates (from upper level)
   INVX: 0 # Downgrades (from upper level)
   FWD: 0 # Forwards (from upper level)
   latGETnl: 571392 # GET request latency on next level
   latGETnet: 0 # GET request latency on network to next level
  gbuf-2b6: # Cache stats
   hGETS: 0 # GETS hits
   hGETX: 0 # GETX hits
   mGETS: 11264 # GETS misses
   mGETXIM: 7165 # GETX I->M misses
   mGETXSM: 0 # GETX S->M misses (upgrade misses)
   PUTS: 11263 # Clean evictions (from lower level)
   PUTX: 7161 # Dirty evictions (from lower level)
   INV: 0 # Invalidates (from upper level)
   INVX: 0 # Downgrades (from upper level)
   FWD: 0 # Forwards (from upper level)
   latGETnl: 571299 # GET request latency on next level
   latGETnet: 0 # GET request latency on network to next level
  gbuf-2b7: # Cache stats
   hGETS: 0 # GETS hits
   hGETX: 0 # GETX hits
   mGETS: 11264 # GETS misses
   mGETXIM: 7169 # GETX I->M misses
   mGETXSM: 0 # GETX S->M misses (upgrade misses)
   PUTS: 11263 # Clean evictions (from lower level)
   PUTX: 7165 # Dirty evictions (from lower level)
   INV: 0 # Invalidates (from upper level)
   INVX: 0 # Downgrades (from upper level)
   FWD: 0 # Forwards (from upper level)
   latGETnl: 571423 # GET request latency on next level
   latGETnet: 0 # GET request latency on network to next level
  gbuf-3b0: # Cache stats
   hGETS: 0 # GETS hits
   hGETX: 0 # GETX hits
   mGETS: 11264 # GETS misses
   mGETXIM: 7168 # GETX I->M misses
   mGETXSM: 0 # GETX S->M misses (upgrade misses)
   PUTS: 11264 # Clean evictions (from lower level)
   PUTX: 7168 # Dirty evictions (from lower level)
   INV: 0 # Invalidates (from upper level)
   INVX: 0 # Downgrades (from upper level)
   FWD: 0 # Forwards (from upper level)
   latGETnl: 571392 # GET request latency on next level
   latGETnet: 0 # GET request latency on network to next level
  gbuf-3b1: # Cache stats
   hGETS: 0 # GETS hits
   hGETX: 0 # GETX hits
   mGETS: 11264 # GETS misses
   mGETXIM: 7168 # GETX I->M misses
   mGETXSM: 0 # GETX S->M misses (upgrade misses)
   PUTS: 11264 # Clean evictions (from lower level)
   PUTX: 7168 # Dirty evictions (from lower level)
   INV: 0 # Invalidates (from upper level)
   INVX: 0 # Downgrades (from upper level)
   FWD: 0 # Forwards (from upper level)
   latGETnl: 571392 # GET request latency on next level
   latGETnet: 0 # GET request latency on network to next level
  gbuf-3b2: # Cache stats
   hGETS: 0 # GETS hits
   hGETX: 0 # GETX hits
   mGETS: 11264 # GETS misses
   mGETXIM: 7169 # GETX I->M misses
   mGETXSM: 0 # GETX S->M misses (upgrade misses)
   PUTS: 11264 # Clean evictions (from lower level)
   PUTX: 7169 # Dirty evictions (from lower level)
   INV: 0 # Invalidates (from upper level)
   INVX: 0 # Downgrades (from upper level)
   FWD: 0 # Forwards (from upper level)
   latGETnl: 571423 # GET request latency on next level
   latGETnet: 0 # GET request latency on network to next level
  gbuf-3b3: # Cache stats
   hGETS: 0 # GETS hits
   hGETX: 0 # GETX hits
   mGETS: 11264 # GETS misses
   mGETXIM: 7167 # GETX I->M misses
   mGETXSM: 0 # GETX S->M misses (upgrade misses)
   PUTS: 11264 # Clean evictions (from lower level)
   PUTX: 7167 # Dirty evictions (from lower level)
   INV: 0 # Invalidates (from upper level)
   INVX: 0 # Downgrades (from upper level)
   FWD: 0 # Forwards (from upper level)
   latGETnl: 571361 # GET request latency on next level
   latGETnet: 0 # GET request latency on network to next level
  gbuf-3b4: # Cache stats
   hGETS: 0 # GETS hits
   hGETX: 0 # GETX hits
   mGETS: 11264 # GETS misses
   mGETXIM: 7168 # GETX I->M misses
   mGETXSM: 0 # GETX S->M misses (upgrade misses)
   PUTS: 11264 # Clean evictions (from lower level)
   PUTX: 7164 # Dirty evictions (from lower level)
   INV: 0 # Invalidates (from upper level)
   INVX: 0 # Downgrades (from upper level)
   FWD: 0 # Forwards (from upper level)
   latGETnl: 571392 # GET request latency on next level
   latGETnet: 0 # GET request latency on network to next level
  gbuf-3b5: # Cache stats
   hGETS: 0 # GETS hits
   hGETX: 0 # GETX hits
   mGETS: 11264 # GETS misses
   mGETXIM: 7168 # GETX I->M misses
   mGETXSM: 0 # GETX S->M misses (upgrade misses)
   PUTS: 11264 # Clean evictions (from lower level)
   PUTX: 7164 # Dirty evictions (from lower level)
   INV: 0 # Invalidates (from upper level)
   INVX: 0 # Downgrades (from upper level)
   FWD: 0 # Forwards (from upper level)
   latGETnl: 571392 # GET request latency on next level
   latGETnet: 0 # GET request latency on network to next level
  gbuf-3b6: # Cache stats
   hGETS: 0 # GETS hits
   hGETX: 0 # GETX hits
   mGETS: 11264 # GETS misses
   mGETXIM: 7168 # GETX I->M misses
   mGETXSM: 0 # GETX S->M misses (upgrade misses)
   PUTS: 11263 # Clean evictions (from lower level)
   PUTX: 7164 # Dirty evictions (from lower level)
   INV: 0 # Invalidates (from upper level)
   INVX: 0 # Downgrades (from upper level)
   FWD: 0 # Forwards (from upper level)
   latGETnl: 571392 # GET request latency on next level
   latGETnet: 0 # GET request latency on network to next level
  gbuf-3b7: # Cache stats
   hGETS: 0 # GETS hits
   hGETX: 0 # GETX hits
   mGETS: 11264 # GETS misses
   mGETXIM: 7168 # GETX I->M misses
   mGETXSM: 0 # GETX S->M misses (upgrade misses)
   PUTS: 11263 # Clean evictions (from lower level)
   PUTX: 7164 # Dirty evictions (from lower level)
   INV: 0 # Invalidates (from upper level)
   INVX: 0 # Downgrades (from upper level)
   FWD: 0 # Forwards (from upper level)
   latGETnl: 571392 # GET request latency on next level
   latGETnet: 0 # GET request latency on network to next level
 mem: # Memory controller stats
  mem-0: # Memory channel stats
   rd: 147456 # Read requests
   wr: 54720 # Write requests
   rdlat: 2928776144 # Total latency experienced by read requests
   wrlat: 604065136 # Total latency experienced by write requests
   rdmlh: # Latency histogram for read requests
    0: 0
    1: 0
    2: 0
    3: 0
    4: 0
    5: 510
    6: 315
    7: 391
    8: 196
    9: 155
    10: 2
    11: 11
    12: 361
    13: 216
    14: 447
    15: 149
    16: 56
    17: 24
    18: 164
    19: 351
    20: 319
    21: 280
    22: 44
    23: 54
    24: 112
    25: 260
    26: 420
    27: 267
    28: 140
    29: 22
    30: 94
    31: 237
    32: 354
    33: 388
    34: 62
    35: 29
    36: 132
    37: 128
    38: 397
    39: 315
    40: 163
    41: 58
    42: 89
    43: 222
    44: 290
    45: 416
    46: 125
    47: 33
    48: 24
    49: 84
    50: 304
    51: 410
    52: 352
    53: 39
    54: 14
    55: 153
    56: 224
    57: 476
    58: 300
    59: 129
    60: 96
    61: 91
    62: 149
    63: 356
    64: 487
    65: 183
    66: 114
    67: 148
    68: 172
    69: 455
    70: 485
    71: 356
    72: 198
    73: 104
    74: 258
    75: 270
    76: 638
    77: 604
    78: 351
    79: 396
    80: 343
    81: 594
    82: 670
    83: 862
    84: 411
    85: 420
    86: 412
    87: 500
    88: 679
    89: 828
    90: 519
    91: 448
    92: 395
    93: 389
    94: 605
    95: 850
    96: 644
    97: 606
    98: 377
    99: 119686
   wrmlh: # Latency histogram for write requests
    0: 0
    1: 0
    2: 0
    3: 0
    4: 0
    5: 540
    6: 1074
    7: 566
    8: 152
    9: 10
    10: 10
    11: 30
    12: 153
    13: 158
    14: 1008
    15: 563
    16: 401
    17: 90
    18: 212
    19: 87
    20: 77
    21: 279
    22: 142
    23: 709
    24: 442
    25: 455
    26: 164
    27: 156
    28: 301
    29: 93
    30: 274
    31: 224
    32: 526
    33: 421
    34: 403
    35: 321
    36: 211
    37: 250
    38: 88
    39: 107
    40: 265
    41: 545
    42: 326
    43: 415
    44: 279
    45: 287
    46: 134
    47: 187
    48: 104
    49: 251
    50: 407
    51: 254
    52: 443
    53: 257
    54: 280
    55: 162
    56: 199
    57: 101
    58: 198
    59: 164
    60: 242
    61: 335
    62: 281
    63: 212
    64: 191
    65: 103
    66: 50
    67: 73
    68: 77
    69: 170
    70: 134
    71: 85
    72: 68
    73: 27
    74: 18
    75: 32
    76: 17
    77: 22
    78: 23
    79: 23
    80: 25
    81: 18
    82: 18
    83: 18
    84: 23
    85: 10
    86: 27
    87: 12
    88: 21
    89: 20
    90: 12
    91: 13
    92: 5
    93: 21
    94: 10
    95: 11
    96: 15
    97: 18
    98: 11
    99: 36274
   ACT: 202176 # Activate commands
   PRE: 211919 # Precharge commands
   RD: 147456 # Read commands
   WR: 54720 # Write commands
   REF: 3279 # Refresh commands
   eACTPRE: 61259328 # Activate/precharge energy
   eRDWR: 274339008 # Read/write energy
   eREF: 10909233 # Refresh energy
   eBKGD: 245318525 # Background energy
   eWIRE: 30932928 # Channel wire energy
  mem-1: # Memory channel stats
   rd: 147456 # Read requests
   wr: 54720 # Write requests
   rdlat: 2934234472 # Total latency experienced by read requests
   wrlat: 604667510 # Total latency experienced by write requests
   rdmlh: # Latency histogram for read requests
    0: 0
    1: 0
    2: 0
    3: 0
    4: 0
    5: 514
    6: 321
    7: 397
    8: 198
    9: 157
    10: 5
    11: 11
    12: 367
    13: 217
    14: 462
    15: 143
    16: 57
    17: 26
    18: 169
    19: 359
    20: 322
    21: 286
    22: 43
    23: 51
    24: 113
    25: 264
    26: 426
    27: 273
    28: 126
    29: 16
    30: 92
    31: 239
    32: 360
    33: 393
    34: 56
    35: 23
    36: 135
    37: 129
    38: 387
    39: 330
    40: 163
    41: 51
    42: 89
    43: 219
    44: 294
    45: 417
    46: 118
    47: 35
    48: 24
    49: 85
    50: 305
    51: 409
    52: 357
    53: 39
    54: 16
    55: 154
    56: 233
    57: 458
    58: 307
    59: 124
    60: 99
    61: 91
    62: 146
    63: 358
    64: 467
    65: 185
    66: 104
    67: 145
    68: 170
    69: 451
    70: 471
    71: 371
    72: 176
    73: 102
    74: 248
    75: 283
    76: 650
    77: 626
    78: 318
    79: 353
    80: 298
    81: 548
    82: 697
    83: 911
    84: 434
    85: 437
    86: 357
    87: 488
    88: 649
    89: 916
    90: 517
    91: 451
    92: 372
    93: 376
    94: 598
    95: 863
    96: 695
    97: 608
    98: 377
    99: 119686
   wrmlh: # Latency histogram for write requests
    0: 0
    1: 0
    2: 0
    3: 0
    4: 0
    5: 604
    6: 976
    7: 625
    8: 131
    9: 14
    10: 11
    11: 38
    12: 172
    13: 150
    14: 929
    15: 626
    16: 384
    17: 82
    18: 210
    19: 95
    20: 71
    21: 285
    22: 166
    23: 656
    24: 471
    25: 451
    26: 180
    27: 154
    28: 313
    29: 102
    30: 257
    31: 205
    32: 482
    33: 489
    34: 405
    35: 333
    36: 230
    37: 229
    38: 97
    39: 114
    40: 198
    41: 511
    42: 431
    43: 425
    44: 273
    45: 285
    46: 131
    47: 168
    48: 107
    49: 184
    50: 474
    51: 305
    52: 413
    53: 219
    54: 267
    55: 159
    56: 181
    57: 136
    58: 211
    59: 174
    60: 224
    61: 307
    62: 228
    63: 217
    64: 195
    65: 130
    66: 50
    67: 50
    68: 93
    69: 156
    70: 121
    71: 70
    72: 110
    73: 34
    74: 15
    75: 22
    76: 18
    77: 20
    78: 30
    79: 22
    80: 19
    81: 21
    82: 18
    83: 24
    84: 11
    85: 10
    86: 21
    87: 18
    88: 20
    89: 20
    90: 13
    91: 16
    92: 5
    93: 13
    94: 5
    95: 15
    96: 16
    97: 21
    98: 10
    99: 36323
   ACT: 202176 # Activate commands
   PRE: 211949 # Precharge commands
   RD: 147456 # Read commands
   WR: 54720 # Write commands
   REF: 3279 # Refresh commands
   eACTPRE: 61259328 # Activate/precharge energy
   eRDWR: 274339008 # Read/write energy
   eREF: 10909233 # Refresh energy
   eBKGD: 245361840 # Background energy
   eWIRE: 30932928 # Channel wire energy
  mem-2: # Memory channel stats
   rd: 147456 # Read requests
   wr: 54720 # Write requests
   rdlat: 2960212952 # Total latency experienced by read requests
   wrlat: 612716642 # Total latency experienced by write requests
   rdmlh: # Latency histogram for read requests
    0: 0
    1: 0
    2: 0
    3: 0
    4: 0
    5: 513
    6: 299
    7: 420
    8: 198
    9: 245
    10: 2
    11: 12
    12: 369
    13: 210
    14: 452
    15: 218
    16: 86
    17: 38
    18: 164
    19: 363
    20: 309
    21: 347
    22: 64
    23: 94
    24: 127
    25: 237
    26: 398
    27: 341
    28: 150
    29: 22
    30: 119
    31: 227
    32: 330
    33: 455
    34: 61
    35: 38
    36: 144
    37: 142
    38: 371
    39: 309
    40: 222
    41: 79
    42: 95
    43: 220
    44: 294
    45: 476
    46: 114
    47: 32
    48: 31
    49: 95
    50: 299
    51: 444
    52: 379
    53: 55
    54: 19
    55: 167
    56: 178
    57: 418
    58: 347
    59: 163
    60: 103
    61: 111
    62: 133
    63: 371
    64: 512
    65: 242
    66: 170
    67: 179
    68: 200
    69: 454
    70: 515
    71: 403
    72: 293
    73: 162
    74: 318
    75: 330
    76: 647
    77: 600
    78: 436
    79: 436
    80: 357
    81: 591
    82: 678
    83: 797
    84: 458
    85: 441
    86: 418
    87: 499
    88: 691
    89: 759
    90: 520
    91: 482
    92: 405
    93: 408
    94: 569
    95: 816
    96: 643
    97: 585
    98: 388
    99: 118335
   wrmlh: # Latency histogram for write requests
    0: 0
    1: 0
    2: 0
    3: 0
    4: 0
    5: 464
    6: 1083
    7: 650
    8: 213
    9: 20
    10: 17
    11: 34
    12: 195
    13: 169
    14: 954
    15: 552
    16: 492
    17: 111
    18: 211
    19: 96
    20: 66
    21: 307
    22: 161
    23: 649
    24: 414
    25: 540
    26: 174
    27: 173
    28: 306
    29: 108
    30: 270
    31: 220
    32: 484
    33: 441
    34: 396
    35: 300
    36: 266
    37: 246
    38: 120
    39: 109
    40: 241
    41: 533
    42: 343
    43: 361
    44: 281
    45: 364
    46: 151
    47: 182
    48: 104
    49: 242
    50: 413
    51: 268
    52: 425
    53: 251
    54: 312
    55: 156
    56: 191
    57: 91
    58: 176
    59: 157
    60: 209
    61: 301
    62: 239
    63: 184
    64: 155
    65: 86
    66: 43
    67: 54
    68: 64
    69: 133
    70: 108
    71: 77
    72: 54
    73: 27
    74: 21
    75: 27
    76: 27
    77: 28
    78: 19
    79: 28
    80: 20
    81: 19
    82: 14
    83: 15
    84: 22
    85: 18
    86: 17
    87: 12
    88: 25
    89: 20
    90: 13
    91: 7
    92: 7
    93: 21
    94: 8
    95: 11
    96: 9
    97: 13
    98: 7
    99: 36305
   ACT: 202176 # Activate commands
   PRE: 211907 # Precharge commands
   RD: 147456 # Read commands
   WR: 54720 # Write commands
   REF: 3279 # Refresh commands
   eACTPRE: 61259328 # Activate/precharge energy
   eRDWR: 274339008 # Read/write energy
   eREF: 10909233 # Refresh energy
   eBKGD: 245155790 # Background energy
   eWIRE: 30932928 # Channel wire energy
  mem-3: # Memory channel stats
   rd: 147456 # Read requests
   wr: 54720 # Write requests
   rdlat: 2965286368 # Total latency experienced by read requests
   wrlat: 613557912 # Total latency experienced by write requests
   rdmlh: # Latency histogram for read requests
    0: 0
    1: 0
    2: 0
    3: 0
    4: 0
    5: 515
    6: 296
    7: 421
    8: 200
    9: 245
    10: 2
    11: 12
    12: 370
    13: 214
    14: 455
    15: 220
    16: 87
    17: 40
    18: 162
    19: 362
    20: 316
    21: 355
    22: 68
    23: 92
    24: 121
    25: 242
    26: 403
    27: 346
    28: 149
    29: 20
    30: 114
    31: 226
    32: 328
    33: 472
    34: 60
    35: 28
    36: 145
    37: 139
    38: 371
    39: 317
    40: 223
    41: 88
    42: 85
    43: 223
    44: 295
    45: 495
    46: 114
    47: 33
    48: 29
    49: 88
    50: 298
    51: 452
    52: 387
    53: 59
    54: 12
    55: 161
    56: 178
    57: 447
    58: 353
    59: 168
    60: 90
    61: 99
    62: 138
    63: 370
    64: 516
    65: 238
    66: 145
    67: 158
    68: 184
    69: 447
    70: 528
    71: 429
    72: 268
    73: 149
    74: 287
    75: 341
    76: 660
    77: 628
    78: 451
    79: 370
    80: 306
    81: 559
    82: 667
    83: 856
    84: 472
    85: 416
    86: 384
    87: 460
    88: 658
    89: 851
    90: 521
    91: 472
    92: 365
    93: 374
    94: 553
    95: 814
    96: 705
    97: 583
    98: 366
    99: 118477
   wrmlh: # Latency histogram for write requests
    0: 0
    1: 0
    2: 0
    3: 0
    4: 0
    5: 522
    6: 997
    7: 723
    8: 184
    9: 18
    10: 25
    11: 43
    12: 210
    13: 159
    14: 896
    15: 590
    16: 496
    17: 123
    18: 204
    19: 99
    20: 64
    21: 325
    22: 179
    23: 605
    24: 458
    25: 538
    26: 190
    27: 195
    28: 276
    29: 144
    30: 280
    31: 201
    32: 422
    33: 510
    34: 424
    35: 327
    36: 256
    37: 235
    38: 115
    39: 126
    40: 169
    41: 472
    42: 456
    43: 397
    44: 268
    45: 353
    46: 132
    47: 153
    48: 92
    49: 191
    50: 464
    51: 330
    52: 393
    53: 204
    54: 283
    55: 156
    56: 181
    57: 132
    58: 192
    59: 169
    60: 191
    61: 274
    62: 179
    63: 189
    64: 151
    65: 105
    66: 42
    67: 48
    68: 74
    69: 130
    70: 77
    71: 72
    72: 73
    73: 35
    74: 15
    75: 20
    76: 17
    77: 17
    78: 16
    79: 24
    80: 21
    81: 16
    82: 10
    83: 9
    84: 16
    85: 15
    86: 16
    87: 12
    88: 21
    89: 22
    90: 10
    91: 13
    92: 15
    93: 18
    94: 6
    95: 17
    96: 13
    97: 16
    98: 8
    99: 36351
   ACT: 202176 # Activate commands
   PRE: 211930 # Precharge commands
   RD: 147456 # Read commands
   WR: 54720 # Write commands
   REF: 3279 # Refresh commands
   eACTPRE: 61259328 # Activate/precharge energy
   eRDWR: 274339008 # Read/write energy
   eREF: 10909233 # Refresh energy
   eBKGD: 245161188 # Background energy
   eWIRE: 30932928 # Channel wire energy
 itcn: # Interconnect stats
  itcn-r0: # Router stats
   trans: 0 # Transfers
   size: 0 # Total transferred data
  itcn-r1: # Router stats
   trans: 0 # Transfers
   size: 0 # Total transferred data
  itcn-r2: # Router stats
   trans: 0 # Transfers
   size: 0 # Total transferred data
  itcn-r3: # Router stats
   trans: 0 # Transfers
   size: 0 # Total transferred data
 sched: # Scheduler stats
  thCr: 0 # Threads created
  thFn: 0 # Threads finished
  schedEvs: 0 # Schedule events
  waitEvs: 0 # Wait events
  handoffEvs: 0 # Handoff events
  sleepEvs: 0 # Sleep events
  idlePhases: 0 # Phases with no thread active
  idlePeriods: 0 # Periods with no thread active
  occHist: # Occupancy histogram
   0: 639
   1: 0
   2: 0
   3: 0
   4: 0
  rqSzHist: # Run queue size histogram
   0: 639
   1: 0
   2: 0
   3: 0
   4: 0
   5: 0
   6: 0
   7: 0
   8: 0
   9: 0
   10: 0
   11: 0
   12: 0
   13: 0
   14: 0
   15: 0
   16: 0
 procCycles: # Per-process unhalted core cycles
  0: 0
  1: 0
  2: 0
  3: 0
  4: 0
  5: 0
  6: 0
  7: 0
  8: 0
  9: 0
  10: 0
  11: 0
  12: 0
  13: 0
  14: 0
  15: 0
  16: 0
  17: 0
  18: 0
  19: 0
  20: 0
  21: 0
  22: 0
  23: 0
  24: 0
  25: 0
  26: 0
  27: 0
  28: 0
  29: 0
  30: 0
  31: 0
 procInstrs: # Per-process instructions
  0: 0
  1: 0
  2: 0
  3: 0
  4: 0
  5: 0
  6: 0
  7: 0
  8: 0
  9: 0
  10: 0
  11: 0
  12: 0
  13: 0
  14: 0
  15: 0
  16: 0
  17: 0
  18: 0
  19: 0
  20: 0
  21: 0
  22: 0
  23: 0
  24: 0
  25: 0
  26: 0
  27: 0
  28: 0
  29: 0
  30: 0
  31: 0
 heartbeats: # Per-process heartbeats
  0: 0
  1: 0
  2: 0
  3: 0
  4: 0
  5: 0
  6: 0
  7: 0
  8: 0
  9: 0
  10: 0
  11: 0
  12: 0
  13: 0
  14: 0
  15: 0
  16: 0
  17: 0
  18: 0
  19: 0
  20: 0
  21: 0
  22: 0
  23: 0
  24: 0
  25: 0
  26: 0
  27: 0
  28: 0
  29: 0
  30: 0
  31: 0
===
