# zsim stats
===
root: # Stats
 contention: # Contention simulation stats
  domain-0: # Domain stats
   time: 238182280 # Weave simulation time
 time: # Simulator time breakdown
  init: 810577543
  bound: 52376395641
  weave: 290396017
  ff: 1172043871
 trigger: 20000 # Reason for this stats dump
 phase: 2299 # Simulated phases
 l: # Logic unit stats
  l-0: # Logic unit stats
   cycles: 22981799 # Simulated unhalted cycles
   cCycles: 1404039 # Cycles due to contention stalls
   ops: 275456 # Simulated operations
   compOps: 1024 # Simulated compute operations
  l-1: # Logic unit stats
   cycles: 22970967 # Simulated unhalted cycles
   cCycles: 1393207 # Cycles due to contention stalls
   ops: 275456 # Simulated operations
   compOps: 1024 # Simulated compute operations
  l-2: # Logic unit stats
   cycles: 22979497 # Simulated unhalted cycles
   cCycles: 1418121 # Cycles due to contention stalls
   ops: 271360 # Simulated operations
   compOps: 1024 # Simulated compute operations
  l-3: # Logic unit stats
   cycles: 22966621 # Simulated unhalted cycles
   cCycles: 1405245 # Cycles due to contention stalls
   ops: 271360 # Simulated operations
   compOps: 1024 # Simulated compute operations
 c: # Core stats
  c-0: # Core stats
   cycles: 0 # Simulated cycles
   instrs: 0 # Simulated instructions
  c-1: # Core stats
   cycles: 0 # Simulated cycles
   instrs: 0 # Simulated instructions
  c-2: # Core stats
   cycles: 0 # Simulated cycles
   instrs: 0 # Simulated instructions
  c-3: # Core stats
   cycles: 0 # Simulated cycles
   instrs: 0 # Simulated instructions
 rdbuf: # Cache stats
  rdbuf-0: # Filter cache stats
   fhGETS: 0 # Filtered GETS hits
   fhGETX: 0 # Filtered GETX hits
   hGETS: 0 # GETS hits
   hGETX: 0 # GETX hits
   mGETS: 427520 # GETS misses
   mGETXIM: 0 # GETX I->M misses
   mGETXSM: 0 # GETX S->M misses (upgrade misses)
   PUTS: 0 # Clean evictions (from lower level)
   PUTX: 0 # Dirty evictions (from lower level)
   INV: 8 # Invalidates (from upper level)
   INVX: 0 # Downgrades (from upper level)
   FWD: 0 # Forwards (from upper level)
   latGETnl: 6093824 # GET request latency on next level
   latGETnet: 0 # GET request latency on network to next level
  rdbuf-1: # Filter cache stats
   fhGETS: 0 # Filtered GETS hits
   fhGETX: 0 # Filtered GETX hits
   hGETS: 0 # GETS hits
   hGETX: 0 # GETX hits
   mGETS: 427520 # GETS misses
   mGETXIM: 0 # GETX I->M misses
   mGETXSM: 0 # GETX S->M misses (upgrade misses)
   PUTS: 0 # Clean evictions (from lower level)
   PUTX: 0 # Dirty evictions (from lower level)
   INV: 8 # Invalidates (from upper level)
   INVX: 0 # Downgrades (from upper level)
   FWD: 0 # Forwards (from upper level)
   latGETnl: 6093824 # GET request latency on next level
   latGETnet: 0 # GET request latency on network to next level
  rdbuf-2: # Filter cache stats
   fhGETS: 0 # Filtered GETS hits
   fhGETX: 0 # Filtered GETX hits
   hGETS: 0 # GETS hits
   hGETX: 0 # GETX hits
   mGETS: 420352 # GETS misses
   mGETXIM: 0 # GETX I->M misses
   mGETXSM: 0 # GETX S->M misses (upgrade misses)
   PUTS: 0 # Clean evictions (from lower level)
   PUTX: 0 # Dirty evictions (from lower level)
   INV: 8 # Invalidates (from upper level)
   INVX: 0 # Downgrades (from upper level)
   FWD: 0 # Forwards (from upper level)
   latGETnl: 5864448 # GET request latency on next level
   latGETnet: 0 # GET request latency on network to next level
  rdbuf-3: # Filter cache stats
   fhGETS: 0 # Filtered GETS hits
   fhGETX: 0 # Filtered GETX hits
   hGETS: 0 # GETS hits
   hGETX: 0 # GETX hits
   mGETS: 420352 # GETS misses
   mGETXIM: 0 # GETX I->M misses
   mGETXSM: 0 # GETX S->M misses (upgrade misses)
   PUTS: 0 # Clean evictions (from lower level)
   PUTX: 0 # Dirty evictions (from lower level)
   INV: 8 # Invalidates (from upper level)
   INVX: 0 # Downgrades (from upper level)
   FWD: 0 # Forwards (from upper level)
   latGETnl: 5864448 # GET request latency on next level
   latGETnet: 0 # GET request latency on network to next level
 wrbuf: # Cache stats
  wrbuf-0: # Filter cache stats
   fhGETS: 0 # Filtered GETS hits
   fhGETX: 0 # Filtered GETX hits
   hGETS: 0 # GETS hits
   hGETX: 0 # GETX hits
   mGETS: 0 # GETS misses
   mGETXIM: 23808 # GETX I->M misses
   mGETXSM: 0 # GETX S->M misses (upgrade misses)
   PUTS: 0 # Clean evictions (from lower level)
   PUTX: 0 # Dirty evictions (from lower level)
   INV: 8 # Invalidates (from upper level)
   INVX: 0 # Downgrades (from upper level)
   FWD: 0 # Forwards (from upper level)
   latGETnl: 761546 # GET request latency on next level
   latGETnet: 0 # GET request latency on network to next level
  wrbuf-1: # Filter cache stats
   fhGETS: 0 # Filtered GETS hits
   fhGETX: 0 # Filtered GETX hits
   hGETS: 0 # GETS hits
   hGETX: 0 # GETX hits
   mGETS: 0 # GETS misses
   mGETXIM: 23808 # GETX I->M misses
   mGETXSM: 0 # GETX S->M misses (upgrade misses)
   PUTS: 0 # Clean evictions (from lower level)
   PUTX: 0 # Dirty evictions (from lower level)
   INV: 8 # Invalidates (from upper level)
   INVX: 0 # Downgrades (from upper level)
   FWD: 0 # Forwards (from upper level)
   latGETnl: 761856 # GET request latency on next level
   latGETnet: 0 # GET request latency on network to next level
  wrbuf-2: # Filter cache stats
   fhGETS: 0 # Filtered GETS hits
   fhGETX: 0 # Filtered GETX hits
   hGETS: 0 # GETS hits
   hGETX: 0 # GETX hits
   mGETS: 0 # GETS misses
   mGETXIM: 27136 # GETX I->M misses
   mGETXSM: 0 # GETX S->M misses (upgrade misses)
   PUTS: 0 # Clean evictions (from lower level)
   PUTX: 0 # Dirty evictions (from lower level)
   INV: 8 # Invalidates (from upper level)
   INVX: 0 # Downgrades (from upper level)
   FWD: 0 # Forwards (from upper level)
   latGETnl: 867918 # GET request latency on next level
   latGETnet: 0 # GET request latency on network to next level
  wrbuf-3: # Filter cache stats
   fhGETS: 0 # Filtered GETS hits
   fhGETX: 0 # Filtered GETX hits
   hGETS: 0 # GETS hits
   hGETX: 0 # GETX hits
   mGETS: 0 # GETS misses
   mGETXIM: 27136 # GETX I->M misses
   mGETXSM: 0 # GETX S->M misses (upgrade misses)
   PUTS: 0 # Clean evictions (from lower level)
   PUTX: 0 # Dirty evictions (from lower level)
   INV: 8 # Invalidates (from upper level)
   INVX: 0 # Downgrades (from upper level)
   FWD: 0 # Forwards (from upper level)
   latGETnl: 868352 # GET request latency on next level
   latGETnet: 0 # GET request latency on network to next level
 gbuf: # Cache stats
  gbuf-0b0: # Cache stats
   hGETS: 29696 # GETS hits
   hGETX: 2 # GETX hits
   mGETS: 23744 # GETS misses
   mGETXIM: 2972 # GETX I->M misses
   mGETXSM: 0 # GETX S->M misses (upgrade misses)
   PUTS: 53440 # Clean evictions (from lower level)
   PUTX: 2973 # Dirty evictions (from lower level)
   INV: 0 # Invalidates (from upper level)
   INVX: 0 # Downgrades (from upper level)
   FWD: 0 # Forwards (from upper level)
   latGETnl: 828196 # GET request latency on next level
   latGETnet: 0 # GET request latency on network to next level
  gbuf-0b1: # Cache stats
   hGETS: 30720 # GETS hits
   hGETX: 2 # GETX hits
   mGETS: 22720 # GETS misses
   mGETXIM: 2976 # GETX I->M misses
   mGETXSM: 0 # GETX S->M misses (upgrade misses)
   PUTS: 53440 # Clean evictions (from lower level)
   PUTX: 2975 # Dirty evictions (from lower level)
   INV: 0 # Invalidates (from upper level)
   INVX: 0 # Downgrades (from upper level)
   FWD: 0 # Forwards (from upper level)
   latGETnl: 796576 # GET request latency on next level
   latGETnet: 0 # GET request latency on network to next level
  gbuf-0b2: # Cache stats
   hGETS: 30720 # GETS hits
   hGETX: 2 # GETX hits
   mGETS: 22720 # GETS misses
   mGETXIM: 2974 # GETX I->M misses
   mGETXSM: 0 # GETX S->M misses (upgrade misses)
   PUTS: 53439 # Clean evictions (from lower level)
   PUTX: 2973 # Dirty evictions (from lower level)
   INV: 0 # Invalidates (from upper level)
   INVX: 0 # Downgrades (from upper level)
   FWD: 0 # Forwards (from upper level)
   latGETnl: 796514 # GET request latency on next level
   latGETnet: 0 # GET request latency on network to next level
  gbuf-0b3: # Cache stats
   hGETS: 30720 # GETS hits
   hGETX: 2 # GETX hits
   mGETS: 22720 # GETS misses
   mGETXIM: 2974 # GETX I->M misses
   mGETXSM: 0 # GETX S->M misses (upgrade misses)
   PUTS: 53439 # Clean evictions (from lower level)
   PUTX: 2975 # Dirty evictions (from lower level)
   INV: 0 # Invalidates (from upper level)
   INVX: 0 # Downgrades (from upper level)
   FWD: 0 # Forwards (from upper level)
   latGETnl: 796514 # GET request latency on next level
   latGETnet: 0 # GET request latency on network to next level
  gbuf-0b4: # Cache stats
   hGETS: 30720 # GETS hits
   hGETX: 2 # GETX hits
   mGETS: 22720 # GETS misses
   mGETXIM: 2977 # GETX I->M misses
   mGETXSM: 0 # GETX S->M misses (upgrade misses)
   PUTS: 53440 # Clean evictions (from lower level)
   PUTX: 2979 # Dirty evictions (from lower level)
   INV: 0 # Invalidates (from upper level)
   INVX: 0 # Downgrades (from upper level)
   FWD: 0 # Forwards (from upper level)
   latGETnl: 796607 # GET request latency on next level
   latGETnet: 0 # GET request latency on network to next level
  gbuf-0b5: # Cache stats
   hGETS: 30720 # GETS hits
   hGETX: 0 # GETX hits
   mGETS: 22720 # GETS misses
   mGETXIM: 2973 # GETX I->M misses
   mGETXSM: 0 # GETX S->M misses (upgrade misses)
   PUTS: 53436 # Clean evictions (from lower level)
   PUTX: 2973 # Dirty evictions (from lower level)
   INV: 0 # Invalidates (from upper level)
   INVX: 0 # Downgrades (from upper level)
   FWD: 0 # Forwards (from upper level)
   latGETnl: 796483 # GET request latency on next level
   latGETnet: 0 # GET request latency on network to next level
  gbuf-0b6: # Cache stats
   hGETS: 30720 # GETS hits
   hGETX: 0 # GETX hits
   mGETS: 22720 # GETS misses
   mGETXIM: 2975 # GETX I->M misses
   mGETXSM: 0 # GETX S->M misses (upgrade misses)
   PUTS: 53436 # Clean evictions (from lower level)
   PUTX: 2975 # Dirty evictions (from lower level)
   INV: 0 # Invalidates (from upper level)
   INVX: 0 # Downgrades (from upper level)
   FWD: 0 # Forwards (from upper level)
   latGETnl: 796545 # GET request latency on next level
   latGETnet: 0 # GET request latency on network to next level
  gbuf-0b7: # Cache stats
   hGETS: 30720 # GETS hits
   hGETX: 0 # GETX hits
   mGETS: 22720 # GETS misses
   mGETXIM: 2977 # GETX I->M misses
   mGETXSM: 0 # GETX S->M misses (upgrade misses)
   PUTS: 53440 # Clean evictions (from lower level)
   PUTX: 2977 # Dirty evictions (from lower level)
   INV: 0 # Invalidates (from upper level)
   INVX: 0 # Downgrades (from upper level)
   FWD: 0 # Forwards (from upper level)
   latGETnl: 796607 # GET request latency on next level
   latGETnet: 0 # GET request latency on network to next level
  gbuf-1b0: # Cache stats
   hGETS: 29916 # GETS hits
   hGETX: 0 # GETX hits
   mGETS: 23520 # GETS misses
   mGETXIM: 2976 # GETX I->M misses
   mGETXSM: 0 # GETX S->M misses (upgrade misses)
   PUTS: 53436 # Clean evictions (from lower level)
   PUTX: 2975 # Dirty evictions (from lower level)
   INV: 0 # Invalidates (from upper level)
   INVX: 0 # Downgrades (from upper level)
   FWD: 0 # Forwards (from upper level)
   latGETnl: 821376 # GET request latency on next level
   latGETnet: 0 # GET request latency on network to next level
  gbuf-1b1: # Cache stats
   hGETS: 30500 # GETS hits
   hGETX: 0 # GETX hits
   mGETS: 22944 # GETS misses
   mGETXIM: 2976 # GETX I->M misses
   mGETXSM: 0 # GETX S->M misses (upgrade misses)
   PUTS: 53444 # Clean evictions (from lower level)
   PUTX: 2973 # Dirty evictions (from lower level)
   INV: 0 # Invalidates (from upper level)
   INVX: 0 # Downgrades (from upper level)
   FWD: 0 # Forwards (from upper level)
   latGETnl: 803520 # GET request latency on next level
   latGETnet: 0 # GET request latency on network to next level
  gbuf-1b2: # Cache stats
   hGETS: 30720 # GETS hits
   hGETX: 0 # GETX hits
   mGETS: 22720 # GETS misses
   mGETXIM: 2976 # GETX I->M misses
   mGETXSM: 0 # GETX S->M misses (upgrade misses)
   PUTS: 53439 # Clean evictions (from lower level)
   PUTX: 2973 # Dirty evictions (from lower level)
   INV: 0 # Invalidates (from upper level)
   INVX: 0 # Downgrades (from upper level)
   FWD: 0 # Forwards (from upper level)
   latGETnl: 796576 # GET request latency on next level
   latGETnet: 0 # GET request latency on network to next level
  gbuf-1b3: # Cache stats
   hGETS: 30720 # GETS hits
   hGETX: 0 # GETX hits
   mGETS: 22720 # GETS misses
   mGETXIM: 2976 # GETX I->M misses
   mGETXSM: 0 # GETX S->M misses (upgrade misses)
   PUTS: 53439 # Clean evictions (from lower level)
   PUTX: 2975 # Dirty evictions (from lower level)
   INV: 0 # Invalidates (from upper level)
   INVX: 0 # Downgrades (from upper level)
   FWD: 0 # Forwards (from upper level)
   latGETnl: 796576 # GET request latency on next level
   latGETnet: 0 # GET request latency on network to next level
  gbuf-1b4: # Cache stats
   hGETS: 30720 # GETS hits
   hGETX: 0 # GETX hits
   mGETS: 22720 # GETS misses
   mGETXIM: 2976 # GETX I->M misses
   mGETXSM: 0 # GETX S->M misses (upgrade misses)
   PUTS: 53440 # Clean evictions (from lower level)
   PUTX: 2976 # Dirty evictions (from lower level)
   INV: 0 # Invalidates (from upper level)
   INVX: 0 # Downgrades (from upper level)
   FWD: 0 # Forwards (from upper level)
   latGETnl: 796576 # GET request latency on next level
   latGETnet: 0 # GET request latency on network to next level
  gbuf-1b5: # Cache stats
   hGETS: 30720 # GETS hits
   hGETX: 0 # GETX hits
   mGETS: 22720 # GETS misses
   mGETXIM: 2976 # GETX I->M misses
   mGETXSM: 0 # GETX S->M misses (upgrade misses)
   PUTS: 53436 # Clean evictions (from lower level)
   PUTX: 2976 # Dirty evictions (from lower level)
   INV: 0 # Invalidates (from upper level)
   INVX: 0 # Downgrades (from upper level)
   FWD: 0 # Forwards (from upper level)
   latGETnl: 796576 # GET request latency on next level
   latGETnet: 0 # GET request latency on network to next level
  gbuf-1b6: # Cache stats
   hGETS: 30720 # GETS hits
   hGETX: 0 # GETX hits
   mGETS: 22720 # GETS misses
   mGETXIM: 2976 # GETX I->M misses
   mGETXSM: 0 # GETX S->M misses (upgrade misses)
   PUTS: 53436 # Clean evictions (from lower level)
   PUTX: 2976 # Dirty evictions (from lower level)
   INV: 0 # Invalidates (from upper level)
   INVX: 0 # Downgrades (from upper level)
   FWD: 0 # Forwards (from upper level)
   latGETnl: 796576 # GET request latency on next level
   latGETnet: 0 # GET request latency on network to next level
  gbuf-1b7: # Cache stats
   hGETS: 30720 # GETS hits
   hGETX: 0 # GETX hits
   mGETS: 22720 # GETS misses
   mGETXIM: 2976 # GETX I->M misses
   mGETXSM: 0 # GETX S->M misses (upgrade misses)
   PUTS: 53440 # Clean evictions (from lower level)
   PUTX: 2976 # Dirty evictions (from lower level)
   INV: 0 # Invalidates (from upper level)
   INVX: 0 # Downgrades (from upper level)
   FWD: 0 # Forwards (from upper level)
   latGETnl: 796576 # GET request latency on next level
   latGETnet: 0 # GET request latency on network to next level
  gbuf-2b0: # Cache stats
   hGETS: 29696 # GETS hits
   hGETX: 2 # GETX hits
   mGETS: 22848 # GETS misses
   mGETXIM: 3389 # GETX I->M misses
   mGETXSM: 0 # GETX S->M misses (upgrade misses)
   PUTS: 52544 # Clean evictions (from lower level)
   PUTX: 3391 # Dirty evictions (from lower level)
   INV: 0 # Invalidates (from upper level)
   INVX: 0 # Downgrades (from upper level)
   FWD: 0 # Forwards (from upper level)
   latGETnl: 813347 # GET request latency on next level
   latGETnet: 0 # GET request latency on network to next level
  gbuf-2b1: # Cache stats
   hGETS: 30720 # GETS hits
   hGETX: 2 # GETX hits
   mGETS: 21824 # GETS misses
   mGETXIM: 3391 # GETX I->M misses
   mGETXSM: 0 # GETX S->M misses (upgrade misses)
   PUTS: 52540 # Clean evictions (from lower level)
   PUTX: 3393 # Dirty evictions (from lower level)
   INV: 0 # Invalidates (from upper level)
   INVX: 0 # Downgrades (from upper level)
   FWD: 0 # Forwards (from upper level)
   latGETnl: 781665 # GET request latency on next level
   latGETnet: 0 # GET request latency on network to next level
  gbuf-2b2: # Cache stats
   hGETS: 30720 # GETS hits
   hGETX: 2 # GETX hits
   mGETS: 21824 # GETS misses
   mGETXIM: 3392 # GETX I->M misses
   mGETXSM: 0 # GETX S->M misses (upgrade misses)
   PUTS: 52540 # Clean evictions (from lower level)
   PUTX: 3394 # Dirty evictions (from lower level)
   INV: 0 # Invalidates (from upper level)
   INVX: 0 # Downgrades (from upper level)
   FWD: 0 # Forwards (from upper level)
   latGETnl: 781696 # GET request latency on next level
   latGETnet: 0 # GET request latency on network to next level
  gbuf-2b3: # Cache stats
   hGETS: 30720 # GETS hits
   hGETX: 0 # GETX hits
   mGETS: 21824 # GETS misses
   mGETXIM: 3390 # GETX I->M misses
   mGETXSM: 0 # GETX S->M misses (upgrade misses)
   PUTS: 52544 # Clean evictions (from lower level)
   PUTX: 3390 # Dirty evictions (from lower level)
   INV: 0 # Invalidates (from upper level)
   INVX: 0 # Downgrades (from upper level)
   FWD: 0 # Forwards (from upper level)
   latGETnl: 781634 # GET request latency on next level
   latGETnet: 0 # GET request latency on network to next level
  gbuf-2b4: # Cache stats
   hGETS: 30720 # GETS hits
   hGETX: 2 # GETX hits
   mGETS: 21824 # GETS misses
   mGETXIM: 3391 # GETX I->M misses
   mGETXSM: 0 # GETX S->M misses (upgrade misses)
   PUTS: 52544 # Clean evictions (from lower level)
   PUTX: 3393 # Dirty evictions (from lower level)
   INV: 0 # Invalidates (from upper level)
   INVX: 0 # Downgrades (from upper level)
   FWD: 0 # Forwards (from upper level)
   latGETnl: 781665 # GET request latency on next level
   latGETnet: 0 # GET request latency on network to next level
  gbuf-2b5: # Cache stats
   hGETS: 30720 # GETS hits
   hGETX: 2 # GETX hits
   mGETS: 21824 # GETS misses
   mGETXIM: 3389 # GETX I->M misses
   mGETXSM: 0 # GETX S->M misses (upgrade misses)
   PUTS: 52544 # Clean evictions (from lower level)
   PUTX: 3391 # Dirty evictions (from lower level)
   INV: 0 # Invalidates (from upper level)
   INVX: 0 # Downgrades (from upper level)
   FWD: 0 # Forwards (from upper level)
   latGETnl: 781603 # GET request latency on next level
   latGETnet: 0 # GET request latency on network to next level
  gbuf-2b6: # Cache stats
   hGETS: 30720 # GETS hits
   hGETX: 2 # GETX hits
   mGETS: 21824 # GETS misses
   mGETXIM: 3388 # GETX I->M misses
   mGETXSM: 0 # GETX S->M misses (upgrade misses)
   PUTS: 52543 # Clean evictions (from lower level)
   PUTX: 3386 # Dirty evictions (from lower level)
   INV: 0 # Invalidates (from upper level)
   INVX: 0 # Downgrades (from upper level)
   FWD: 0 # Forwards (from upper level)
   latGETnl: 781572 # GET request latency on next level
   latGETnet: 0 # GET request latency on network to next level
  gbuf-2b7: # Cache stats
   hGETS: 30720 # GETS hits
   hGETX: 2 # GETX hits
   mGETS: 21824 # GETS misses
   mGETXIM: 3392 # GETX I->M misses
   mGETXSM: 0 # GETX S->M misses (upgrade misses)
   PUTS: 52543 # Clean evictions (from lower level)
   PUTX: 3390 # Dirty evictions (from lower level)
   INV: 0 # Invalidates (from upper level)
   INVX: 0 # Downgrades (from upper level)
   FWD: 0 # Forwards (from upper level)
   latGETnl: 781696 # GET request latency on next level
   latGETnet: 0 # GET request latency on network to next level
  gbuf-3b0: # Cache stats
   hGETS: 29916 # GETS hits
   hGETX: 0 # GETX hits
   mGETS: 22624 # GETS misses
   mGETXIM: 3392 # GETX I->M misses
   mGETXSM: 0 # GETX S->M misses (upgrade misses)
   PUTS: 52540 # Clean evictions (from lower level)
   PUTX: 3392 # Dirty evictions (from lower level)
   INV: 0 # Invalidates (from upper level)
   INVX: 0 # Downgrades (from upper level)
   FWD: 0 # Forwards (from upper level)
   latGETnl: 806496 # GET request latency on next level
   latGETnet: 0 # GET request latency on network to next level
  gbuf-3b1: # Cache stats
   hGETS: 30500 # GETS hits
   hGETX: 0 # GETX hits
   mGETS: 22048 # GETS misses
   mGETXIM: 3392 # GETX I->M misses
   mGETXSM: 0 # GETX S->M misses (upgrade misses)
   PUTS: 52544 # Clean evictions (from lower level)
   PUTX: 3392 # Dirty evictions (from lower level)
   INV: 0 # Invalidates (from upper level)
   INVX: 0 # Downgrades (from upper level)
   FWD: 0 # Forwards (from upper level)
   latGETnl: 788640 # GET request latency on next level
   latGETnet: 0 # GET request latency on network to next level
  gbuf-3b2: # Cache stats
   hGETS: 30720 # GETS hits
   hGETX: 0 # GETX hits
   mGETS: 21824 # GETS misses
   mGETXIM: 3392 # GETX I->M misses
   mGETXSM: 0 # GETX S->M misses (upgrade misses)
   PUTS: 52540 # Clean evictions (from lower level)
   PUTX: 3392 # Dirty evictions (from lower level)
   INV: 0 # Invalidates (from upper level)
   INVX: 0 # Downgrades (from upper level)
   FWD: 0 # Forwards (from upper level)
   latGETnl: 781696 # GET request latency on next level
   latGETnet: 0 # GET request latency on network to next level
  gbuf-3b3: # Cache stats
   hGETS: 30720 # GETS hits
   hGETX: 0 # GETX hits
   mGETS: 21824 # GETS misses
   mGETXIM: 3392 # GETX I->M misses
   mGETXSM: 0 # GETX S->M misses (upgrade misses)
   PUTS: 52544 # Clean evictions (from lower level)
   PUTX: 3392 # Dirty evictions (from lower level)
   INV: 0 # Invalidates (from upper level)
   INVX: 0 # Downgrades (from upper level)
   FWD: 0 # Forwards (from upper level)
   latGETnl: 781696 # GET request latency on next level
   latGETnet: 0 # GET request latency on network to next level
  gbuf-3b4: # Cache stats
   hGETS: 30720 # GETS hits
   hGETX: 0 # GETX hits
   mGETS: 21824 # GETS misses
   mGETXIM: 3392 # GETX I->M misses
   mGETXSM: 0 # GETX S->M misses (upgrade misses)
   PUTS: 52544 # Clean evictions (from lower level)
   PUTX: 3392 # Dirty evictions (from lower level)
   INV: 0 # Invalidates (from upper level)
   INVX: 0 # Downgrades (from upper level)
   FWD: 0 # Forwards (from upper level)
   latGETnl: 781696 # GET request latency on next level
   latGETnet: 0 # GET request latency on network to next level
  gbuf-3b5: # Cache stats
   hGETS: 30720 # GETS hits
   hGETX: 0 # GETX hits
   mGETS: 21824 # GETS misses
   mGETXIM: 3392 # GETX I->M misses
   mGETXSM: 0 # GETX S->M misses (upgrade misses)
   PUTS: 52544 # Clean evictions (from lower level)
   PUTX: 3392 # Dirty evictions (from lower level)
   INV: 0 # Invalidates (from upper level)
   INVX: 0 # Downgrades (from upper level)
   FWD: 0 # Forwards (from upper level)
   latGETnl: 781696 # GET request latency on next level
   latGETnet: 0 # GET request latency on network to next level
  gbuf-3b6: # Cache stats
   hGETS: 30720 # GETS hits
   hGETX: 0 # GETX hits
   mGETS: 21824 # GETS misses
   mGETXIM: 3392 # GETX I->M misses
   mGETXSM: 0 # GETX S->M misses (upgrade misses)
   PUTS: 52543 # Clean evictions (from lower level)
   PUTX: 3388 # Dirty evictions (from lower level)
   INV: 0 # Invalidates (from upper level)
   INVX: 0 # Downgrades (from upper level)
   FWD: 0 # Forwards (from upper level)
   latGETnl: 781696 # GET request latency on next level
   latGETnet: 0 # GET request latency on network to next level
  gbuf-3b7: # Cache stats
   hGETS: 30720 # GETS hits
   hGETX: 0 # GETX hits
   mGETS: 21824 # GETS misses
   mGETXIM: 3392 # GETX I->M misses
   mGETXSM: 0 # GETX S->M misses (upgrade misses)
   PUTS: 52543 # Clean evictions (from lower level)
   PUTX: 3388 # Dirty evictions (from lower level)
   INV: 0 # Invalidates (from upper level)
   INVX: 0 # Downgrades (from upper level)
   FWD: 0 # Forwards (from upper level)
   latGETnl: 781696 # GET request latency on next level
   latGETnet: 0 # GET request latency on network to next level
 mem: # Memory controller stats
  mem-0: # Memory channel stats
   rd: 206582 # Read requests
   wr: 23808 # Write requests
   rdlat: 925364609 # Total latency experienced by read requests
   wrlat: 441817778 # Total latency experienced by write requests
   rdmlh: # Latency histogram for read requests
    0: 0
    1: 0
    2: 0
    3: 0
    4: 0
    5: 1613
    6: 1898
    7: 3248
    8: 1722
    9: 1429
    10: 1652
    11: 1081
    12: 2137
    13: 2420
    14: 1860
    15: 1725
    16: 1629
    17: 1031
    18: 1284
    19: 2585
    20: 1938
    21: 2487
    22: 1198
    23: 1056
    24: 1803
    25: 1723
    26: 1847
    27: 2153
    28: 1197
    29: 1046
    30: 1528
    31: 1083
    32: 1076
    33: 1590
    34: 1032
    35: 916
    36: 1524
    37: 1078
    38: 1342
    39: 1056
    40: 1099
    41: 1386
    42: 974
    43: 1090
    44: 1465
    45: 875
    46: 1090
    47: 1479
    48: 924
    49: 971
    50: 1502
    51: 995
    52: 858
    53: 1486
    54: 1079
    55: 1186
    56: 1084
    57: 1108
    58: 1229
    59: 957
    60: 1151
    61: 1327
    62: 831
    63: 1140
    64: 1390
    65: 910
    66: 1006
    67: 1635
    68: 993
    69: 905
    70: 1496
    71: 1079
    72: 1212
    73: 1205
    74: 1257
    75: 1244
    76: 1092
    77: 1177
    78: 1320
    79: 991
    80: 1278
    81: 1422
    82: 1008
    83: 1160
    84: 1487
    85: 1058
    86: 1023
    87: 1535
    88: 1145
    89: 1231
    90: 898
    91: 1365
    92: 1108
    93: 1090
    94: 1239
    95: 1243
    96: 1043
    97: 1206
    98: 1232
    99: 81626
   wrmlh: # Latency histogram for write requests
    0: 0
    1: 0
    2: 0
    3: 0
    4: 0
    5: 14
    6: 10
    7: 14
    8: 6
    9: 17
    10: 45
    11: 23
    12: 44
    13: 33
    14: 26
    15: 22
    16: 12
    17: 36
    18: 50
    19: 79
    20: 126
    21: 160
    22: 96
    23: 54
    24: 92
    25: 89
    26: 130
    27: 97
    28: 115
    29: 105
    30: 119
    31: 119
    32: 144
    33: 135
    34: 121
    35: 182
    36: 141
    37: 164
    38: 154
    39: 138
    40: 131
    41: 195
    42: 164
    43: 191
    44: 137
    45: 149
    46: 148
    47: 166
    48: 143
    49: 108
    50: 145
    51: 168
    52: 128
    53: 126
    54: 131
    55: 160
    56: 146
    57: 137
    58: 131
    59: 129
    60: 126
    61: 166
    62: 180
    63: 107
    64: 114
    65: 114
    66: 134
    67: 169
    68: 115
    69: 115
    70: 151
    71: 152
    72: 99
    73: 85
    74: 104
    75: 127
    76: 113
    77: 86
    78: 63
    79: 69
    80: 59
    81: 58
    82: 49
    83: 41
    84: 37
    85: 37
    86: 24
    87: 30
    88: 50
    89: 23
    90: 34
    91: 15
    92: 14
    93: 26
    94: 14
    95: 12
    96: 22
    97: 11
    98: 10
    99: 15008
   ACT: 230390 # Activate commands
   PRE: 251108 # Precharge commands
   RD: 206582 # Read commands
   WR: 23808 # Write commands
   REF: 11796 # Refresh commands
   eACTPRE: 69808170 # Activate/precharge energy
   eRDWR: 311351384 # Read/write energy
   eREF: 39245292 # Refresh energy
   eBKGD: 874645099 # Background energy
   eWIRE: 35249670 # Channel wire energy
  mem-1: # Memory channel stats
   rd: 206592 # Read requests
   wr: 23808 # Write requests
   rdlat: 921720815 # Total latency experienced by read requests
   wrlat: 440290196 # Total latency experienced by write requests
   rdmlh: # Latency histogram for read requests
    0: 0
    1: 0
    2: 0
    3: 0
    4: 0
    5: 1608
    6: 1902
    7: 3279
    8: 1743
    9: 1425
    10: 1672
    11: 1088
    12: 2164
    13: 2431
    14: 1861
    15: 1711
    16: 1627
    17: 1030
    18: 1284
    19: 2590
    20: 1949
    21: 2492
    22: 1174
    23: 1059
    24: 1816
    25: 1714
    26: 1858
    27: 2143
    28: 1212
    29: 1057
    30: 1519
    31: 1078
    32: 1098
    33: 1586
    34: 1039
    35: 932
    36: 1531
    37: 1075
    38: 1338
    39: 1054
    40: 1098
    41: 1399
    42: 979
    43: 1068
    44: 1445
    45: 900
    46: 1074
    47: 1475
    48: 942
    49: 985
    50: 1466
    51: 990
    52: 876
    53: 1461
    54: 1043
    55: 1212
    56: 1075
    57: 1085
    58: 1246
    59: 974
    60: 1088
    61: 1324
    62: 868
    63: 1117
    64: 1350
    65: 932
    66: 1055
    67: 1566
    68: 983
    69: 965
    70: 1474
    71: 1052
    72: 1230
    73: 1190
    74: 1222
    75: 1271
    76: 1103
    77: 1145
    78: 1286
    79: 1032
    80: 1283
    81: 1355
    82: 1046
    83: 1202
    84: 1406
    85: 1035
    86: 1073
    87: 1531
    88: 1103
    89: 1255
    90: 890
    91: 1330
    92: 1136
    93: 1151
    94: 1258
    95: 1245
    96: 1041
    97: 1270
    98: 1227
    99: 81570
   wrmlh: # Latency histogram for write requests
    0: 0
    1: 0
    2: 0
    3: 0
    4: 0
    5: 107
    6: 30
    7: 11
    8: 6
    9: 15
    10: 18
    11: 29
    12: 109
    13: 36
    14: 26
    15: 37
    16: 30
    17: 53
    18: 131
    19: 121
    20: 138
    21: 158
    22: 73
    23: 68
    24: 189
    25: 89
    26: 104
    27: 108
    28: 133
    29: 125
    30: 147
    31: 181
    32: 130
    33: 149
    34: 135
    35: 155
    36: 161
    37: 175
    38: 148
    39: 162
    40: 172
    41: 200
    42: 172
    43: 202
    44: 196
    45: 183
    46: 192
    47: 174
    48: 132
    49: 143
    50: 153
    51: 173
    52: 145
    53: 121
    54: 153
    55: 165
    56: 151
    57: 134
    58: 123
    59: 142
    60: 113
    61: 127
    62: 147
    63: 78
    64: 97
    65: 108
    66: 109
    67: 121
    68: 113
    69: 75
    70: 108
    71: 69
    72: 99
    73: 59
    74: 69
    75: 62
    76: 93
    77: 51
    78: 72
    79: 52
    80: 72
    81: 40
    82: 32
    83: 30
    84: 35
    85: 23
    86: 40
    87: 30
    88: 41
    89: 28
    90: 21
    91: 29
    92: 19
    93: 16
    94: 20
    95: 20
    96: 24
    97: 19
    98: 23
    99: 14711
   ACT: 230400 # Activate commands
   PRE: 251307 # Precharge commands
   RD: 206592 # Read commands
   WR: 23808 # Write commands
   REF: 11796 # Refresh commands
   eACTPRE: 69811200 # Activate/precharge energy
   eRDWR: 311364864 # Read/write energy
   eREF: 39245292 # Refresh energy
   eBKGD: 874647713 # Background energy
   eWIRE: 35251200 # Channel wire energy
  mem-2: # Memory channel stats
   rd: 202738 # Read requests
   wr: 27136 # Write requests
   rdlat: 1188201873 # Total latency experienced by read requests
   wrlat: 682818050 # Total latency experienced by write requests
   rdmlh: # Latency histogram for read requests
    0: 0
    1: 0
    2: 0
    3: 0
    4: 0
    5: 1617
    6: 1883
    7: 2502
    8: 1607
    9: 2018
    10: 1864
    11: 1022
    12: 1916
    13: 2081
    14: 1675
    15: 1830
    16: 1960
    17: 1163
    18: 1167
    19: 2346
    20: 1559
    21: 2093
    22: 1559
    23: 1348
    24: 1327
    25: 1011
    26: 1175
    27: 1461
    28: 900
    29: 1098
    30: 1445
    31: 918
    32: 1021
    33: 1514
    34: 988
    35: 968
    36: 1541
    37: 1032
    38: 1354
    39: 1108
    40: 1088
    41: 1368
    42: 1060
    43: 1137
    44: 1402
    45: 979
    46: 1161
    47: 1464
    48: 969
    49: 1069
    50: 1513
    51: 1006
    52: 929
    53: 1558
    54: 1072
    55: 1219
    56: 1119
    57: 1116
    58: 1219
    59: 988
    60: 1138
    61: 1302
    62: 778
    63: 1177
    64: 1346
    65: 852
    66: 988
    67: 1542
    68: 953
    69: 839
    70: 1482
    71: 1026
    72: 1116
    73: 1191
    74: 1216
    75: 1144
    76: 1094
    77: 1167
    78: 1214
    79: 976
    80: 1291
    81: 1333
    82: 994
    83: 1204
    84: 1428
    85: 1043
    86: 1052
    87: 1524
    88: 1080
    89: 1272
    90: 967
    91: 1292
    92: 1106
    93: 1178
    94: 1257
    95: 1190
    96: 1114
    97: 1348
    98: 1198
    99: 81819
   wrmlh: # Latency histogram for write requests
    0: 0
    1: 0
    2: 0
    3: 0
    4: 0
    5: 11
    6: 7
    7: 11
    8: 8
    9: 29
    10: 27
    11: 11
    12: 20
    13: 35
    14: 17
    15: 17
    16: 15
    17: 36
    18: 55
    19: 104
    20: 90
    21: 155
    22: 89
    23: 85
    24: 106
    25: 156
    26: 122
    27: 140
    28: 139
    29: 165
    30: 157
    31: 133
    32: 102
    33: 92
    34: 133
    35: 161
    36: 144
    37: 133
    38: 145
    39: 128
    40: 146
    41: 125
    42: 135
    43: 201
    44: 195
    45: 153
    46: 170
    47: 187
    48: 135
    49: 196
    50: 128
    51: 162
    52: 151
    53: 116
    54: 144
    55: 122
    56: 142
    57: 122
    58: 126
    59: 107
    60: 150
    61: 106
    62: 107
    63: 135
    64: 95
    65: 138
    66: 164
    67: 107
    68: 101
    69: 128
    70: 130
    71: 130
    72: 99
    73: 95
    74: 82
    75: 89
    76: 95
    77: 56
    78: 58
    79: 77
    80: 58
    81: 42
    82: 59
    83: 38
    84: 42
    85: 34
    86: 41
    87: 46
    88: 59
    89: 38
    90: 25
    91: 30
    92: 30
    93: 27
    94: 25
    95: 22
    96: 23
    97: 24
    98: 30
    99: 18360
   ACT: 229874 # Activate commands
   PRE: 249726 # Precharge commands
   RD: 202738 # Read commands
   WR: 27136 # Write commands
   REF: 11796 # Refresh commands
   eACTPRE: 69651822 # Activate/precharge energy
   eRDWR: 310765640 # Read/write energy
   eREF: 39245292 # Refresh energy
   eBKGD: 874682467 # Background energy
   eWIRE: 35170722 # Channel wire energy
  mem-3: # Memory channel stats
   rd: 202752 # Read requests
   wr: 27136 # Write requests
   rdlat: 1186681851 # Total latency experienced by read requests
   wrlat: 681260076 # Total latency experienced by write requests
   rdmlh: # Latency histogram for read requests
    0: 0
    1: 0
    2: 0
    3: 0
    4: 0
    5: 1606
    6: 1879
    7: 2507
    8: 1605
    9: 2001
    10: 1879
    11: 1050
    12: 1896
    13: 2085
    14: 1685
    15: 1802
    16: 1956
    17: 1168
    18: 1183
    19: 2349
    20: 1553
    21: 2081
    22: 1541
    23: 1346
    24: 1351
    25: 1002
    26: 1150
    27: 1465
    28: 938
    29: 1098
    30: 1469
    31: 925
    32: 1025
    33: 1532
    34: 984
    35: 982
    36: 1552
    37: 1052
    38: 1387
    39: 1117
    40: 1107
    41: 1392
    42: 1056
    43: 1125
    44: 1438
    45: 997
    46: 1157
    47: 1480
    48: 990
    49: 1052
    50: 1506
    51: 1017
    52: 952
    53: 1540
    54: 1052
    55: 1295
    56: 1111
    57: 1094
    58: 1280
    59: 1020
    60: 1120
    61: 1335
    62: 806
    63: 1153
    64: 1368
    65: 855
    66: 977
    67: 1599
    68: 936
    69: 824
    70: 1490
    71: 1040
    72: 1113
    73: 1154
    74: 1243
    75: 1126
    76: 1106
    77: 1128
    78: 1235
    79: 1013
    80: 1242
    81: 1353
    82: 1009
    83: 1200
    84: 1439
    85: 1036
    86: 1063
    87: 1517
    88: 1118
    89: 1286
    90: 881
    91: 1333
    92: 1085
    93: 1190
    94: 1216
    95: 1254
    96: 1131
    97: 1270
    98: 1215
    99: 81431
   wrmlh: # Latency histogram for write requests
    0: 0
    1: 0
    2: 0
    3: 0
    4: 0
    5: 126
    6: 29
    7: 15
    8: 10
    9: 12
    10: 14
    11: 43
    12: 100
    13: 20
    14: 21
    15: 26
    16: 22
    17: 65
    18: 142
    19: 64
    20: 139
    21: 177
    22: 99
    23: 65
    24: 166
    25: 143
    26: 132
    27: 144
    28: 132
    29: 179
    30: 164
    31: 220
    32: 107
    33: 84
    34: 131
    35: 190
    36: 213
    37: 192
    38: 142
    39: 137
    40: 155
    41: 157
    42: 164
    43: 179
    44: 171
    45: 171
    46: 158
    47: 197
    48: 168
    49: 144
    50: 137
    51: 157
    52: 162
    53: 125
    54: 145
    55: 117
    56: 161
    57: 127
    58: 136
    59: 92
    60: 113
    61: 122
    62: 113
    63: 86
    64: 103
    65: 106
    66: 132
    67: 96
    68: 102
    69: 83
    70: 118
    71: 105
    72: 81
    73: 57
    74: 65
    75: 52
    76: 94
    77: 64
    78: 66
    79: 65
    80: 69
    81: 25
    82: 50
    83: 35
    84: 44
    85: 46
    86: 34
    87: 19
    88: 41
    89: 11
    90: 20
    91: 28
    92: 18
    93: 16
    94: 21
    95: 11
    96: 20
    97: 22
    98: 16
    99: 18079
   ACT: 229888 # Activate commands
   PRE: 249725 # Precharge commands
   RD: 202752 # Read commands
   WR: 27136 # Write commands
   REF: 11796 # Refresh commands
   eACTPRE: 69656064 # Activate/precharge energy
   eRDWR: 310784512 # Read/write energy
   eREF: 39245292 # Refresh energy
   eBKGD: 874677778 # Background energy
   eWIRE: 35172864 # Channel wire energy
 itcn: # Interconnect stats
  itcn-r0: # Router stats
   trans: 0 # Transfers
   size: 0 # Total transferred data
  itcn-r1: # Router stats
   trans: 0 # Transfers
   size: 0 # Total transferred data
  itcn-r2: # Router stats
   trans: 0 # Transfers
   size: 0 # Total transferred data
  itcn-r3: # Router stats
   trans: 0 # Transfers
   size: 0 # Total transferred data
 sched: # Scheduler stats
  thCr: 0 # Threads created
  thFn: 0 # Threads finished
  schedEvs: 0 # Schedule events
  waitEvs: 0 # Wait events
  handoffEvs: 0 # Handoff events
  sleepEvs: 0 # Sleep events
  idlePhases: 0 # Phases with no thread active
  idlePeriods: 0 # Periods with no thread active
  occHist: # Occupancy histogram
   0: 2299
   1: 0
   2: 0
   3: 0
   4: 0
  rqSzHist: # Run queue size histogram
   0: 2299
   1: 0
   2: 0
   3: 0
   4: 0
   5: 0
   6: 0
   7: 0
   8: 0
   9: 0
   10: 0
   11: 0
   12: 0
   13: 0
   14: 0
   15: 0
   16: 0
 procCycles: # Per-process unhalted core cycles
  0: 0
  1: 0
  2: 0
  3: 0
  4: 0
  5: 0
  6: 0
  7: 0
  8: 0
  9: 0
  10: 0
  11: 0
  12: 0
  13: 0
  14: 0
  15: 0
  16: 0
  17: 0
  18: 0
  19: 0
  20: 0
  21: 0
  22: 0
  23: 0
  24: 0
  25: 0
  26: 0
  27: 0
  28: 0
  29: 0
  30: 0
  31: 0
 procInstrs: # Per-process instructions
  0: 0
  1: 0
  2: 0
  3: 0
  4: 0
  5: 0
  6: 0
  7: 0
  8: 0
  9: 0
  10: 0
  11: 0
  12: 0
  13: 0
  14: 0
  15: 0
  16: 0
  17: 0
  18: 0
  19: 0
  20: 0
  21: 0
  22: 0
  23: 0
  24: 0
  25: 0
  26: 0
  27: 0
  28: 0
  29: 0
  30: 0
  31: 0
 heartbeats: # Per-process heartbeats
  0: 0
  1: 0
  2: 0
  3: 0
  4: 0
  5: 0
  6: 0
  7: 0
  8: 0
  9: 0
  10: 0
  11: 0
  12: 0
  13: 0
  14: 0
  15: 0
  16: 0
  17: 0
  18: 0
  19: 0
  20: 0
  21: 0
  22: 0
  23: 0
  24: 0
  25: 0
  26: 0
  27: 0
  28: 0
  29: 0
  30: 0
  31: 0
===
