# zsim stats
===
root: # Stats
 contention: # Contention simulation stats
  domain-0: # Domain stats
   time: 19915202 # Weave simulation time
 time: # Simulator time breakdown
  init: 810410187
  bound: 7793948439
  weave: 14689436
  ff: 1139195026
 trigger: 20000 # Reason for this stats dump
 phase: 1013 # Simulated phases
 l: # Logic unit stats
  l-0: # Logic unit stats
   cycles: 10125473 # Simulated unhalted cycles
   cCycles: 880863 # Cycles due to contention stalls
   ops: 73984 # Simulated operations
   compOps: 256 # Simulated compute operations
  l-1: # Logic unit stats
   cycles: 10127581 # Simulated unhalted cycles
   cCycles: 867233 # Cycles due to contention stalls
   ops: 78080 # Simulated operations
   compOps: 256 # Simulated compute operations
  l-2: # Logic unit stats
   cycles: 10118066 # Simulated unhalted cycles
   cCycles: 871875 # Cycles due to contention stalls
   ops: 73984 # Simulated operations
   compOps: 256 # Simulated compute operations
  l-3: # Logic unit stats
   cycles: 10118983 # Simulated unhalted cycles
   cCycles: 874170 # Cycles due to contention stalls
   ops: 73984 # Simulated operations
   compOps: 256 # Simulated compute operations
 c: # Core stats
  c-0: # Core stats
   cycles: 0 # Simulated cycles
   instrs: 0 # Simulated instructions
 rdbuf: # Cache stats
  rdbuf-0: # Filter cache stats
   fhGETS: 0 # Filtered GETS hits
   fhGETX: 0 # Filtered GETX hits
   hGETS: 0 # GETS hits
   hGETX: 0 # GETX hits
   mGETS: 119808 # GETS misses
   mGETXIM: 0 # GETX I->M misses
   mGETXSM: 0 # GETX S->M misses (upgrade misses)
   PUTS: 0 # Clean evictions (from lower level)
   PUTX: 0 # Dirty evictions (from lower level)
   INV: 1 # Invalidates (from upper level)
   INVX: 559 # Downgrades (from upper level)
   FWD: 0 # Forwards (from upper level)
   latGETnl: 973703 # GET request latency on next level
   latGETnet: 0 # GET request latency on network to next level
  rdbuf-1: # Filter cache stats
   fhGETS: 0 # Filtered GETS hits
   fhGETX: 0 # Filtered GETX hits
   hGETS: 0 # GETS hits
   hGETX: 0 # GETX hits
   mGETS: 128000 # GETS misses
   mGETXIM: 0 # GETX I->M misses
   mGETXSM: 0 # GETX S->M misses (upgrade misses)
   PUTS: 0 # Clean evictions (from lower level)
   PUTX: 0 # Dirty evictions (from lower level)
   INV: 1 # Invalidates (from upper level)
   INVX: 372 # Downgrades (from upper level)
   FWD: 0 # Forwards (from upper level)
   latGETnl: 898939 # GET request latency on next level
   latGETnet: 0 # GET request latency on network to next level
  rdbuf-2: # Filter cache stats
   fhGETS: 0 # Filtered GETS hits
   fhGETX: 0 # Filtered GETX hits
   hGETS: 0 # GETS hits
   hGETX: 0 # GETX hits
   mGETS: 119808 # GETS misses
   mGETXIM: 0 # GETX I->M misses
   mGETXSM: 0 # GETX S->M misses (upgrade misses)
   PUTS: 0 # Clean evictions (from lower level)
   PUTX: 0 # Dirty evictions (from lower level)
   INV: 1 # Invalidates (from upper level)
   INVX: 339 # Downgrades (from upper level)
   FWD: 0 # Forwards (from upper level)
   latGETnl: 1009849 # GET request latency on next level
   latGETnet: 0 # GET request latency on network to next level
  rdbuf-3: # Filter cache stats
   fhGETS: 0 # Filtered GETS hits
   fhGETX: 0 # Filtered GETX hits
   hGETS: 0 # GETS hits
   hGETX: 0 # GETX hits
   mGETS: 115712 # GETS misses
   mGETXIM: 0 # GETX I->M misses
   mGETXSM: 0 # GETX S->M misses (upgrade misses)
   PUTS: 0 # Clean evictions (from lower level)
   PUTX: 0 # Dirty evictions (from lower level)
   INV: 1 # Invalidates (from upper level)
   INVX: 135 # Downgrades (from upper level)
   FWD: 0 # Forwards (from upper level)
   latGETnl: 900415 # GET request latency on next level
   latGETnet: 0 # GET request latency on network to next level
 wrbuf: # Cache stats
  wrbuf-0: # Filter cache stats
   fhGETS: 0 # Filtered GETS hits
   fhGETX: 0 # Filtered GETX hits
   hGETS: 0 # GETS hits
   hGETX: 0 # GETX hits
   mGETS: 0 # GETS misses
   mGETXIM: 14336 # GETX I->M misses
   mGETXSM: 0 # GETX S->M misses (upgrade misses)
   PUTS: 0 # Clean evictions (from lower level)
   PUTX: 0 # Dirty evictions (from lower level)
   INV: 11 # Invalidates (from upper level)
   INVX: 0 # Downgrades (from upper level)
   FWD: 0 # Forwards (from upper level)
   latGETnl: 396163 # GET request latency on next level
   latGETnet: 0 # GET request latency on network to next level
  wrbuf-1: # Filter cache stats
   fhGETS: 0 # Filtered GETS hits
   fhGETX: 0 # Filtered GETX hits
   hGETS: 0 # GETS hits
   hGETX: 0 # GETX hits
   mGETS: 0 # GETS misses
   mGETXIM: 18432 # GETX I->M misses
   mGETXSM: 0 # GETX S->M misses (upgrade misses)
   PUTS: 0 # Clean evictions (from lower level)
   PUTX: 0 # Dirty evictions (from lower level)
   INV: 10 # Invalidates (from upper level)
   INVX: 0 # Downgrades (from upper level)
   FWD: 0 # Forwards (from upper level)
   latGETnl: 521965 # GET request latency on next level
   latGETnet: 0 # GET request latency on network to next level
  wrbuf-2: # Filter cache stats
   fhGETS: 0 # Filtered GETS hits
   fhGETX: 0 # Filtered GETX hits
   hGETS: 0 # GETS hits
   hGETX: 0 # GETX hits
   mGETS: 0 # GETS misses
   mGETXIM: 14336 # GETX I->M misses
   mGETXSM: 0 # GETX S->M misses (upgrade misses)
   PUTS: 0 # Clean evictions (from lower level)
   PUTX: 0 # Dirty evictions (from lower level)
   INV: 1 # Invalidates (from upper level)
   INVX: 0 # Downgrades (from upper level)
   FWD: 0 # Forwards (from upper level)
   latGETnl: 457264 # GET request latency on next level
   latGETnet: 0 # GET request latency on network to next level
  wrbuf-3: # Filter cache stats
   fhGETS: 0 # Filtered GETS hits
   fhGETX: 0 # Filtered GETX hits
   hGETS: 0 # GETS hits
   hGETX: 0 # GETX hits
   mGETS: 0 # GETS misses
   mGETXIM: 17408 # GETX I->M misses
   mGETXSM: 0 # GETX S->M misses (upgrade misses)
   PUTS: 0 # Clean evictions (from lower level)
   PUTX: 0 # Dirty evictions (from lower level)
   INV: 1 # Invalidates (from upper level)
   INVX: 0 # Downgrades (from upper level)
   FWD: 0 # Forwards (from upper level)
   latGETnl: 459034 # GET request latency on next level
   latGETnet: 0 # GET request latency on network to next level
 gbuf: # Cache stats
  gbuf-0b0: # Cache stats
   hGETS: 46999 # GETS hits
   hGETX: 928 # GETX hits
   mGETS: 13417 # GETS misses
   mGETXIM: 7136 # GETX I->M misses
   mGETXSM: 0 # GETX S->M misses (upgrade misses)
   PUTS: 60415 # Clean evictions (from lower level)
   PUTX: 8062 # Dirty evictions (from lower level)
   INV: 0 # Invalidates (from upper level)
   INVX: 0 # Downgrades (from upper level)
   FWD: 0 # Forwards (from upper level)
   latGETnl: 637143 # GET request latency on next level
   latGETnet: 0 # GET request latency on network to next level
  gbuf-0b1: # Cache stats
   hGETS: 47016 # GETS hits
   hGETX: 928 # GETX hits
   mGETS: 13400 # GETS misses
   mGETXIM: 7136 # GETX I->M misses
   mGETXSM: 0 # GETX S->M misses (upgrade misses)
   PUTS: 60416 # Clean evictions (from lower level)
   PUTX: 8062 # Dirty evictions (from lower level)
   INV: 0 # Invalidates (from upper level)
   INVX: 0 # Downgrades (from upper level)
   FWD: 0 # Forwards (from upper level)
   latGETnl: 636616 # GET request latency on next level
   latGETnet: 0 # GET request latency on network to next level
  gbuf-0b2: # Cache stats
   hGETS: 47056 # GETS hits
   hGETX: 928 # GETX hits
   mGETS: 13360 # GETS misses
   mGETXIM: 7136 # GETX I->M misses
   mGETXSM: 0 # GETX S->M misses (upgrade misses)
   PUTS: 60416 # Clean evictions (from lower level)
   PUTX: 8063 # Dirty evictions (from lower level)
   INV: 0 # Invalidates (from upper level)
   INVX: 0 # Downgrades (from upper level)
   FWD: 0 # Forwards (from upper level)
   latGETnl: 635376 # GET request latency on next level
   latGETnet: 0 # GET request latency on network to next level
  gbuf-0b3: # Cache stats
   hGETS: 47072 # GETS hits
   hGETX: 928 # GETX hits
   mGETS: 13344 # GETS misses
   mGETXIM: 7136 # GETX I->M misses
   mGETXSM: 0 # GETX S->M misses (upgrade misses)
   PUTS: 60415 # Clean evictions (from lower level)
   PUTX: 8060 # Dirty evictions (from lower level)
   INV: 0 # Invalidates (from upper level)
   INVX: 0 # Downgrades (from upper level)
   FWD: 0 # Forwards (from upper level)
   latGETnl: 634880 # GET request latency on next level
   latGETnet: 0 # GET request latency on network to next level
  gbuf-0b4: # Cache stats
   hGETS: 47125 # GETS hits
   hGETX: 928 # GETX hits
   mGETS: 13291 # GETS misses
   mGETXIM: 7136 # GETX I->M misses
   mGETXSM: 0 # GETX S->M misses (upgrade misses)
   PUTS: 60414 # Clean evictions (from lower level)
   PUTX: 8061 # Dirty evictions (from lower level)
   INV: 0 # Invalidates (from upper level)
   INVX: 0 # Downgrades (from upper level)
   FWD: 0 # Forwards (from upper level)
   latGETnl: 633237 # GET request latency on next level
   latGETnet: 0 # GET request latency on network to next level
  gbuf-0b5: # Cache stats
   hGETS: 47166 # GETS hits
   hGETX: 925 # GETX hits
   mGETS: 13250 # GETS misses
   mGETXIM: 7139 # GETX I->M misses
   mGETXSM: 0 # GETX S->M misses (upgrade misses)
   PUTS: 60416 # Clean evictions (from lower level)
   PUTX: 8063 # Dirty evictions (from lower level)
   INV: 0 # Invalidates (from upper level)
   INVX: 0 # Downgrades (from upper level)
   FWD: 0 # Forwards (from upper level)
   latGETnl: 632059 # GET request latency on next level
   latGETnet: 0 # GET request latency on network to next level
  gbuf-0b6: # Cache stats
   hGETS: 47209 # GETS hits
   hGETX: 941 # GETX hits
   mGETS: 13207 # GETS misses
   mGETXIM: 7123 # GETX I->M misses
   mGETXSM: 0 # GETX S->M misses (upgrade misses)
   PUTS: 60414 # Clean evictions (from lower level)
   PUTX: 8058 # Dirty evictions (from lower level)
   INV: 0 # Invalidates (from upper level)
   INVX: 0 # Downgrades (from upper level)
   FWD: 0 # Forwards (from upper level)
   latGETnl: 630230 # GET request latency on next level
   latGETnet: 0 # GET request latency on network to next level
  gbuf-0b7: # Cache stats
   hGETS: 47247 # GETS hits
   hGETX: 912 # GETX hits
   mGETS: 13169 # GETS misses
   mGETXIM: 7152 # GETX I->M misses
   mGETXSM: 0 # GETX S->M misses (upgrade misses)
   PUTS: 60414 # Clean evictions (from lower level)
   PUTX: 8060 # Dirty evictions (from lower level)
   INV: 0 # Invalidates (from upper level)
   INVX: 0 # Downgrades (from upper level)
   FWD: 0 # Forwards (from upper level)
   latGETnl: 629951 # GET request latency on next level
   latGETnet: 0 # GET request latency on network to next level
 mem: # Memory controller stats
  mem-0: # Memory channel stats
   rd: 163532 # Read requests
   wr: 54617 # Write requests
   rdlat: 12337803981 # Total latency experienced by read requests
   wrlat: 105259229 # Total latency experienced by write requests
   rdmlh: # Latency histogram for read requests
    0: 0
    1: 0
    2: 0
    3: 0
    4: 0
    5: 988
    6: 1140
    7: 1142
    8: 608
    9: 629
    10: 892
    11: 728
    12: 1219
    13: 660
    14: 360
    15: 321
    16: 412
    17: 598
    18: 520
    19: 610
    20: 299
    21: 323
    22: 341
    23: 338
    24: 754
    25: 387
    26: 350
    27: 302
    28: 293
    29: 386
    30: 658
    31: 422
    32: 306
    33: 306
    34: 263
    35: 367
    36: 649
    37: 370
    38: 410
    39: 244
    40: 334
    41: 512
    42: 424
    43: 442
    44: 347
    45: 208
    46: 363
    47: 396
    48: 306
    49: 373
    50: 447
    51: 255
    52: 231
    53: 307
    54: 188
    55: 377
    56: 315
    57: 283
    58: 225
    59: 206
    60: 207
    61: 291
    62: 338
    63: 306
    64: 264
    65: 161
    66: 188
    67: 365
    68: 220
    69: 333
    70: 280
    71: 186
    72: 197
    73: 205
    74: 343
    75: 326
    76: 277
    77: 207
    78: 192
    79: 262
    80: 284
    81: 393
    82: 197
    83: 215
    84: 236
    85: 185
    86: 313
    87: 354
    88: 344
    89: 217
    90: 238
    91: 201
    92: 337
    93: 308
    94: 355
    95: 261
    96: 231
    97: 280
    98: 327
    99: 127974
   wrmlh: # Latency histogram for write requests
    0: 0
    1: 0
    2: 0
    3: 0
    4: 0
    5: 216
    6: 123
    7: 135
    8: 120
    9: 113
    10: 108
    11: 97
    12: 126
    13: 188
    14: 190
    15: 164
    16: 127
    17: 172
    18: 182
    19: 298
    20: 351
    21: 376
    22: 316
    23: 275
    24: 306
    25: 339
    26: 316
    27: 289
    28: 363
    29: 352
    30: 386
    31: 381
    32: 293
    33: 325
    34: 337
    35: 328
    36: 338
    37: 385
    38: 362
    39: 351
    40: 368
    41: 380
    42: 336
    43: 338
    44: 366
    45: 343
    46: 385
    47: 336
    48: 327
    49: 422
    50: 361
    51: 340
    52: 402
    53: 380
    54: 377
    55: 400
    56: 334
    57: 403
    58: 403
    59: 427
    60: 425
    61: 377
    62: 404
    63: 343
    64: 328
    65: 340
    66: 340
    67: 342
    68: 352
    69: 384
    70: 368
    71: 309
    72: 277
    73: 276
    74: 227
    75: 276
    76: 276
    77: 262
    78: 247
    79: 270
    80: 209
    81: 209
    82: 202
    83: 169
    84: 175
    85: 183
    86: 140
    87: 165
    88: 150
    89: 148
    90: 146
    91: 110
    92: 118
    93: 128
    94: 104
    95: 88
    96: 94
    97: 86
    98: 109
    99: 28905
   ACT: 218149 # Activate commands
   PRE: 228474 # Precharge commands
   RD: 163532 # Read commands
   WR: 54617 # Write commands
   REF: 5198 # Refresh commands
   eACTPRE: 66099147 # Activate/precharge energy
   eRDWR: 295867213 # Read/write energy
   eREF: 17293746 # Refresh energy
   eBKGD: 387753285 # Background energy
   eWIRE: 33376797 # Channel wire energy
 sched: # Scheduler stats
  thCr: 0 # Threads created
  thFn: 0 # Threads finished
  schedEvs: 0 # Schedule events
  waitEvs: 0 # Wait events
  handoffEvs: 0 # Handoff events
  sleepEvs: 0 # Sleep events
  idlePhases: 0 # Phases with no thread active
  idlePeriods: 0 # Periods with no thread active
  occHist: # Occupancy histogram
   0: 1013
   1: 0
  rqSzHist: # Run queue size histogram
   0: 1013
   1: 0
   2: 0
   3: 0
   4: 0
   5: 0
   6: 0
   7: 0
   8: 0
   9: 0
   10: 0
   11: 0
   12: 0
   13: 0
   14: 0
   15: 0
   16: 0
 procCycles: # Per-process unhalted core cycles
  0: 0
  1: 0
  2: 0
  3: 0
  4: 0
  5: 0
  6: 0
  7: 0
  8: 0
  9: 0
  10: 0
  11: 0
  12: 0
  13: 0
  14: 0
  15: 0
  16: 0
  17: 0
  18: 0
  19: 0
  20: 0
  21: 0
  22: 0
  23: 0
  24: 0
  25: 0
  26: 0
  27: 0
  28: 0
  29: 0
  30: 0
  31: 0
 procInstrs: # Per-process instructions
  0: 0
  1: 0
  2: 0
  3: 0
  4: 0
  5: 0
  6: 0
  7: 0
  8: 0
  9: 0
  10: 0
  11: 0
  12: 0
  13: 0
  14: 0
  15: 0
  16: 0
  17: 0
  18: 0
  19: 0
  20: 0
  21: 0
  22: 0
  23: 0
  24: 0
  25: 0
  26: 0
  27: 0
  28: 0
  29: 0
  30: 0
  31: 0
 heartbeats: # Per-process heartbeats
  0: 0
  1: 0
  2: 0
  3: 0
  4: 0
  5: 0
  6: 0
  7: 0
  8: 0
  9: 0
  10: 0
  11: 0
  12: 0
  13: 0
  14: 0
  15: 0
  16: 0
  17: 0
  18: 0
  19: 0
  20: 0
  21: 0
  22: 0
  23: 0
  24: 0
  25: 0
  26: 0
  27: 0
  28: 0
  29: 0
  30: 0
  31: 0
===
