# zsim stats
===
root: # Stats
 contention: # Contention simulation stats
  domain-0: # Domain stats
   time: 2695075642 # Weave simulation time
 time: # Simulator time breakdown
  init: 2057574237
  bound: 4406422223
  weave: 3087106080
  ff: 2408484453
 trigger: 20000 # Reason for this stats dump
 phase: 629 # Simulated phases
 l: # Logic unit stats
  l-0: # Logic unit stats
   cycles: 6241817 # Simulated unhalted cycles
   cCycles: 426531 # Cycles due to contention stalls
   ops: 15024 # Simulated operations
   compOps: 192 # Simulated compute operations
  l-1: # Logic unit stats
   cycles: 6282773 # Simulated unhalted cycles
   cCycles: 466485 # Cycles due to contention stalls
   ops: 15024 # Simulated operations
   compOps: 192 # Simulated compute operations
  l-2: # Logic unit stats
   cycles: 6281731 # Simulated unhalted cycles
   cCycles: 465443 # Cycles due to contention stalls
   ops: 15024 # Simulated operations
   compOps: 192 # Simulated compute operations
  l-3: # Logic unit stats
   cycles: 6280297 # Simulated unhalted cycles
   cCycles: 464009 # Cycles due to contention stalls
   ops: 15024 # Simulated operations
   compOps: 192 # Simulated compute operations
 c: # Core stats
  c-0: # Core stats
   cycles: 0 # Simulated cycles
   instrs: 0 # Simulated instructions
  c-1: # Core stats
   cycles: 0 # Simulated cycles
   instrs: 0 # Simulated instructions
  c-2: # Core stats
   cycles: 0 # Simulated cycles
   instrs: 0 # Simulated instructions
  c-3: # Core stats
   cycles: 0 # Simulated cycles
   instrs: 0 # Simulated instructions
 rdbuf: # Cache stats
  rdbuf-0: # Filter cache stats
   fhGETS: 2688 # Filtered GETS hits
   fhGETX: 0 # Filtered GETX hits
   hGETS: 0 # GETS hits
   hGETX: 0 # GETX hits
   mGETS: 52224 # GETS misses
   mGETXIM: 0 # GETX I->M misses
   mGETXSM: 0 # GETX S->M misses (upgrade misses)
   PUTS: 0 # Clean evictions (from lower level)
   PUTX: 0 # Dirty evictions (from lower level)
   INV: 4 # Invalidates (from upper level)
   INVX: 0 # Downgrades (from upper level)
   FWD: 0 # Forwards (from upper level)
   latGETnl: 1258868 # GET request latency on next level
   latGETnet: 0 # GET request latency on network to next level
  rdbuf-1: # Filter cache stats
   fhGETS: 2688 # Filtered GETS hits
   fhGETX: 0 # Filtered GETX hits
   hGETS: 0 # GETS hits
   hGETX: 0 # GETX hits
   mGETS: 52224 # GETS misses
   mGETXIM: 0 # GETX I->M misses
   mGETXSM: 0 # GETX S->M misses (upgrade misses)
   PUTS: 0 # Clean evictions (from lower level)
   PUTX: 0 # Dirty evictions (from lower level)
   INV: 0 # Invalidates (from upper level)
   INVX: 0 # Downgrades (from upper level)
   FWD: 0 # Forwards (from upper level)
   latGETnl: 1382992 # GET request latency on next level
   latGETnet: 0 # GET request latency on network to next level
  rdbuf-2: # Filter cache stats
   fhGETS: 2688 # Filtered GETS hits
   fhGETX: 0 # Filtered GETX hits
   hGETS: 0 # GETS hits
   hGETX: 0 # GETX hits
   mGETS: 52224 # GETS misses
   mGETXIM: 0 # GETX I->M misses
   mGETXSM: 0 # GETX S->M misses (upgrade misses)
   PUTS: 0 # Clean evictions (from lower level)
   PUTX: 0 # Dirty evictions (from lower level)
   INV: 0 # Invalidates (from upper level)
   INVX: 0 # Downgrades (from upper level)
   FWD: 0 # Forwards (from upper level)
   latGETnl: 1382992 # GET request latency on next level
   latGETnet: 0 # GET request latency on network to next level
  rdbuf-3: # Filter cache stats
   fhGETS: 2688 # Filtered GETS hits
   fhGETX: 0 # Filtered GETX hits
   hGETS: 0 # GETS hits
   hGETX: 0 # GETX hits
   mGETS: 52224 # GETS misses
   mGETXIM: 0 # GETX I->M misses
   mGETXSM: 0 # GETX S->M misses (upgrade misses)
   PUTS: 0 # Clean evictions (from lower level)
   PUTX: 0 # Dirty evictions (from lower level)
   INV: 0 # Invalidates (from upper level)
   INVX: 0 # Downgrades (from upper level)
   FWD: 0 # Forwards (from upper level)
   latGETnl: 1382992 # GET request latency on next level
   latGETnet: 0 # GET request latency on network to next level
 wrbuf: # Cache stats
  wrbuf-0: # Filter cache stats
   fhGETS: 0 # Filtered GETS hits
   fhGETX: 880 # Filtered GETX hits
   hGETS: 0 # GETS hits
   hGETX: 0 # GETX hits
   mGETS: 0 # GETS misses
   mGETXIM: 8112 # GETX I->M misses
   mGETXSM: 0 # GETX S->M misses (upgrade misses)
   PUTS: 0 # Clean evictions (from lower level)
   PUTX: 0 # Dirty evictions (from lower level)
   INV: 4 # Invalidates (from upper level)
   INVX: 0 # Downgrades (from upper level)
   FWD: 0 # Forwards (from upper level)
   latGETnl: 248672 # GET request latency on next level
   latGETnet: 0 # GET request latency on network to next level
  wrbuf-1: # Filter cache stats
   fhGETS: 0 # Filtered GETS hits
   fhGETX: 880 # Filtered GETX hits
   hGETS: 0 # GETS hits
   hGETX: 0 # GETX hits
   mGETS: 0 # GETS misses
   mGETXIM: 8112 # GETX I->M misses
   mGETXSM: 0 # GETX S->M misses (upgrade misses)
   PUTS: 0 # Clean evictions (from lower level)
   PUTX: 0 # Dirty evictions (from lower level)
   INV: 4 # Invalidates (from upper level)
   INVX: 0 # Downgrades (from upper level)
   FWD: 0 # Forwards (from upper level)
   latGETnl: 259584 # GET request latency on next level
   latGETnet: 0 # GET request latency on network to next level
  wrbuf-2: # Filter cache stats
   fhGETS: 0 # Filtered GETS hits
   fhGETX: 880 # Filtered GETX hits
   hGETS: 0 # GETS hits
   hGETX: 0 # GETX hits
   mGETS: 0 # GETS misses
   mGETXIM: 8112 # GETX I->M misses
   mGETXSM: 0 # GETX S->M misses (upgrade misses)
   PUTS: 0 # Clean evictions (from lower level)
   PUTX: 0 # Dirty evictions (from lower level)
   INV: 4 # Invalidates (from upper level)
   INVX: 0 # Downgrades (from upper level)
   FWD: 0 # Forwards (from upper level)
   latGETnl: 259584 # GET request latency on next level
   latGETnet: 0 # GET request latency on network to next level
  wrbuf-3: # Filter cache stats
   fhGETS: 0 # Filtered GETS hits
   fhGETX: 880 # Filtered GETX hits
   hGETS: 0 # GETS hits
   hGETX: 0 # GETX hits
   mGETS: 0 # GETS misses
   mGETXIM: 8112 # GETX I->M misses
   mGETXSM: 0 # GETX S->M misses (upgrade misses)
   PUTS: 0 # Clean evictions (from lower level)
   PUTX: 0 # Dirty evictions (from lower level)
   INV: 4 # Invalidates (from upper level)
   INVX: 0 # Downgrades (from upper level)
   FWD: 0 # Forwards (from upper level)
   latGETnl: 259584 # GET request latency on next level
   latGETnet: 0 # GET request latency on network to next level
 gbuf: # Cache stats
  gbuf-0b0: # Cache stats
   hGETS: 1692 # GETS hits
   hGETX: 48 # GETX hits
   mGETS: 4836 # GETS misses
   mGETXIM: 968 # GETX I->M misses
   mGETXSM: 0 # GETX S->M misses (upgrade misses)
   PUTS: 6526 # Clean evictions (from lower level)
   PUTX: 1016 # Dirty evictions (from lower level)
   INV: 0 # Invalidates (from upper level)
   INVX: 0 # Downgrades (from upper level)
   FWD: 0 # Forwards (from upper level)
   latGETnl: 179924 # GET request latency on next level
   latGETnet: 0 # GET request latency on network to next level
  gbuf-0b1: # Cache stats
   hGETS: 1602 # GETS hits
   hGETX: 48 # GETX hits
   mGETS: 4926 # GETS misses
   mGETXIM: 968 # GETX I->M misses
   mGETXSM: 0 # GETX S->M misses (upgrade misses)
   PUTS: 6526 # Clean evictions (from lower level)
   PUTX: 1016 # Dirty evictions (from lower level)
   INV: 0 # Invalidates (from upper level)
   INVX: 0 # Downgrades (from upper level)
   FWD: 0 # Forwards (from upper level)
   latGETnl: 182714 # GET request latency on next level
   latGETnet: 0 # GET request latency on network to next level
  gbuf-0b2: # Cache stats
   hGETS: 1668 # GETS hits
   hGETX: 40 # GETX hits
   mGETS: 4860 # GETS misses
   mGETXIM: 976 # GETX I->M misses
   mGETXSM: 0 # GETX S->M misses (upgrade misses)
   PUTS: 6528 # Clean evictions (from lower level)
   PUTX: 1016 # Dirty evictions (from lower level)
   INV: 0 # Invalidates (from upper level)
   INVX: 0 # Downgrades (from upper level)
   FWD: 0 # Forwards (from upper level)
   latGETnl: 180916 # GET request latency on next level
   latGETnet: 0 # GET request latency on network to next level
  gbuf-0b3: # Cache stats
   hGETS: 1686 # GETS hits
   hGETX: 40 # GETX hits
   mGETS: 4842 # GETS misses
   mGETXIM: 968 # GETX I->M misses
   mGETXSM: 0 # GETX S->M misses (upgrade misses)
   PUTS: 6528 # Clean evictions (from lower level)
   PUTX: 1008 # Dirty evictions (from lower level)
   INV: 0 # Invalidates (from upper level)
   INVX: 0 # Downgrades (from upper level)
   FWD: 0 # Forwards (from upper level)
   latGETnl: 180110 # GET request latency on next level
   latGETnet: 0 # GET request latency on network to next level
  gbuf-0b4: # Cache stats
   hGETS: 1690 # GETS hits
   hGETX: 48 # GETX hits
   mGETS: 4838 # GETS misses
   mGETXIM: 968 # GETX I->M misses
   mGETXSM: 0 # GETX S->M misses (upgrade misses)
   PUTS: 6528 # Clean evictions (from lower level)
   PUTX: 1016 # Dirty evictions (from lower level)
   INV: 0 # Invalidates (from upper level)
   INVX: 0 # Downgrades (from upper level)
   FWD: 0 # Forwards (from upper level)
   latGETnl: 179986 # GET request latency on next level
   latGETnet: 0 # GET request latency on network to next level
  gbuf-0b5: # Cache stats
   hGETS: 1604 # GETS hits
   hGETX: 48 # GETX hits
   mGETS: 4924 # GETS misses
   mGETXIM: 968 # GETX I->M misses
   mGETXSM: 0 # GETX S->M misses (upgrade misses)
   PUTS: 6528 # Clean evictions (from lower level)
   PUTX: 1014 # Dirty evictions (from lower level)
   INV: 0 # Invalidates (from upper level)
   INVX: 0 # Downgrades (from upper level)
   FWD: 0 # Forwards (from upper level)
   latGETnl: 182652 # GET request latency on next level
   latGETnet: 0 # GET request latency on network to next level
  gbuf-0b6: # Cache stats
   hGETS: 1668 # GETS hits
   hGETX: 40 # GETX hits
   mGETS: 4860 # GETS misses
   mGETXIM: 976 # GETX I->M misses
   mGETXSM: 0 # GETX S->M misses (upgrade misses)
   PUTS: 6527 # Clean evictions (from lower level)
   PUTX: 1014 # Dirty evictions (from lower level)
   INV: 0 # Invalidates (from upper level)
   INVX: 0 # Downgrades (from upper level)
   FWD: 0 # Forwards (from upper level)
   latGETnl: 180916 # GET request latency on next level
   latGETnet: 0 # GET request latency on network to next level
  gbuf-0b7: # Cache stats
   hGETS: 1690 # GETS hits
   hGETX: 40 # GETX hits
   mGETS: 4838 # GETS misses
   mGETXIM: 968 # GETX I->M misses
   mGETXSM: 0 # GETX S->M misses (upgrade misses)
   PUTS: 6527 # Clean evictions (from lower level)
   PUTX: 1008 # Dirty evictions (from lower level)
   INV: 0 # Invalidates (from upper level)
   INVX: 0 # Downgrades (from upper level)
   FWD: 0 # Forwards (from upper level)
   latGETnl: 179986 # GET request latency on next level
   latGETnet: 0 # GET request latency on network to next level
  gbuf-1b0: # Cache stats
   hGETS: 1176 # GETS hits
   hGETX: 0 # GETX hits
   mGETS: 5352 # GETS misses
   mGETXIM: 1016 # GETX I->M misses
   mGETXSM: 0 # GETX S->M misses (upgrade misses)
   PUTS: 6528 # Clean evictions (from lower level)
   PUTX: 1014 # Dirty evictions (from lower level)
   INV: 0 # Invalidates (from upper level)
   INVX: 0 # Downgrades (from upper level)
   FWD: 0 # Forwards (from upper level)
   latGETnl: 197408 # GET request latency on next level
   latGETnet: 0 # GET request latency on network to next level
  gbuf-1b1: # Cache stats
   hGETS: 1120 # GETS hits
   hGETX: 0 # GETX hits
   mGETS: 5408 # GETS misses
   mGETXIM: 1016 # GETX I->M misses
   mGETXSM: 0 # GETX S->M misses (upgrade misses)
   PUTS: 6528 # Clean evictions (from lower level)
   PUTX: 1014 # Dirty evictions (from lower level)
   INV: 0 # Invalidates (from upper level)
   INVX: 0 # Downgrades (from upper level)
   FWD: 0 # Forwards (from upper level)
   latGETnl: 199144 # GET request latency on next level
   latGETnet: 0 # GET request latency on network to next level
  gbuf-1b2: # Cache stats
   hGETS: 1176 # GETS hits
   hGETX: 0 # GETX hits
   mGETS: 5352 # GETS misses
   mGETXIM: 1008 # GETX I->M misses
   mGETXSM: 0 # GETX S->M misses (upgrade misses)
   PUTS: 6528 # Clean evictions (from lower level)
   PUTX: 1008 # Dirty evictions (from lower level)
   INV: 0 # Invalidates (from upper level)
   INVX: 0 # Downgrades (from upper level)
   FWD: 0 # Forwards (from upper level)
   latGETnl: 197160 # GET request latency on next level
   latGETnet: 0 # GET request latency on network to next level
  gbuf-1b3: # Cache stats
   hGETS: 1176 # GETS hits
   hGETX: 0 # GETX hits
   mGETS: 5352 # GETS misses
   mGETXIM: 1016 # GETX I->M misses
   mGETXSM: 0 # GETX S->M misses (upgrade misses)
   PUTS: 6528 # Clean evictions (from lower level)
   PUTX: 1016 # Dirty evictions (from lower level)
   INV: 0 # Invalidates (from upper level)
   INVX: 0 # Downgrades (from upper level)
   FWD: 0 # Forwards (from upper level)
   latGETnl: 197408 # GET request latency on next level
   latGETnet: 0 # GET request latency on network to next level
  gbuf-1b4: # Cache stats
   hGETS: 1176 # GETS hits
   hGETX: 0 # GETX hits
   mGETS: 5352 # GETS misses
   mGETXIM: 1016 # GETX I->M misses
   mGETXSM: 0 # GETX S->M misses (upgrade misses)
   PUTS: 6528 # Clean evictions (from lower level)
   PUTX: 1016 # Dirty evictions (from lower level)
   INV: 0 # Invalidates (from upper level)
   INVX: 0 # Downgrades (from upper level)
   FWD: 0 # Forwards (from upper level)
   latGETnl: 197408 # GET request latency on next level
   latGETnet: 0 # GET request latency on network to next level
  gbuf-1b5: # Cache stats
   hGETS: 1120 # GETS hits
   hGETX: 0 # GETX hits
   mGETS: 5408 # GETS misses
   mGETXIM: 1016 # GETX I->M misses
   mGETXSM: 0 # GETX S->M misses (upgrade misses)
   PUTS: 6528 # Clean evictions (from lower level)
   PUTX: 1016 # Dirty evictions (from lower level)
   INV: 0 # Invalidates (from upper level)
   INVX: 0 # Downgrades (from upper level)
   FWD: 0 # Forwards (from upper level)
   latGETnl: 199144 # GET request latency on next level
   latGETnet: 0 # GET request latency on network to next level
  gbuf-1b6: # Cache stats
   hGETS: 1176 # GETS hits
   hGETX: 0 # GETX hits
   mGETS: 5352 # GETS misses
   mGETXIM: 1008 # GETX I->M misses
   mGETXSM: 0 # GETX S->M misses (upgrade misses)
   PUTS: 6527 # Clean evictions (from lower level)
   PUTX: 1008 # Dirty evictions (from lower level)
   INV: 0 # Invalidates (from upper level)
   INVX: 0 # Downgrades (from upper level)
   FWD: 0 # Forwards (from upper level)
   latGETnl: 197160 # GET request latency on next level
   latGETnet: 0 # GET request latency on network to next level
  gbuf-1b7: # Cache stats
   hGETS: 1176 # GETS hits
   hGETX: 0 # GETX hits
   mGETS: 5352 # GETS misses
   mGETXIM: 1016 # GETX I->M misses
   mGETXSM: 0 # GETX S->M misses (upgrade misses)
   PUTS: 6527 # Clean evictions (from lower level)
   PUTX: 1016 # Dirty evictions (from lower level)
   INV: 0 # Invalidates (from upper level)
   INVX: 0 # Downgrades (from upper level)
   FWD: 0 # Forwards (from upper level)
   latGETnl: 197408 # GET request latency on next level
   latGETnet: 0 # GET request latency on network to next level
  gbuf-2b0: # Cache stats
   hGETS: 1176 # GETS hits
   hGETX: 0 # GETX hits
   mGETS: 5352 # GETS misses
   mGETXIM: 1016 # GETX I->M misses
   mGETXSM: 0 # GETX S->M misses (upgrade misses)
   PUTS: 6528 # Clean evictions (from lower level)
   PUTX: 1016 # Dirty evictions (from lower level)
   INV: 0 # Invalidates (from upper level)
   INVX: 0 # Downgrades (from upper level)
   FWD: 0 # Forwards (from upper level)
   latGETnl: 197408 # GET request latency on next level
   latGETnet: 0 # GET request latency on network to next level
  gbuf-2b1: # Cache stats
   hGETS: 1120 # GETS hits
   hGETX: 0 # GETX hits
   mGETS: 5408 # GETS misses
   mGETXIM: 1008 # GETX I->M misses
   mGETXSM: 0 # GETX S->M misses (upgrade misses)
   PUTS: 6528 # Clean evictions (from lower level)
   PUTX: 1008 # Dirty evictions (from lower level)
   INV: 0 # Invalidates (from upper level)
   INVX: 0 # Downgrades (from upper level)
   FWD: 0 # Forwards (from upper level)
   latGETnl: 198896 # GET request latency on next level
   latGETnet: 0 # GET request latency on network to next level
  gbuf-2b2: # Cache stats
   hGETS: 1176 # GETS hits
   hGETX: 0 # GETX hits
   mGETS: 5352 # GETS misses
   mGETXIM: 1016 # GETX I->M misses
   mGETXSM: 0 # GETX S->M misses (upgrade misses)
   PUTS: 6528 # Clean evictions (from lower level)
   PUTX: 1016 # Dirty evictions (from lower level)
   INV: 0 # Invalidates (from upper level)
   INVX: 0 # Downgrades (from upper level)
   FWD: 0 # Forwards (from upper level)
   latGETnl: 197408 # GET request latency on next level
   latGETnet: 0 # GET request latency on network to next level
  gbuf-2b3: # Cache stats
   hGETS: 1176 # GETS hits
   hGETX: 0 # GETX hits
   mGETS: 5352 # GETS misses
   mGETXIM: 1016 # GETX I->M misses
   mGETXSM: 0 # GETX S->M misses (upgrade misses)
   PUTS: 6528 # Clean evictions (from lower level)
   PUTX: 1014 # Dirty evictions (from lower level)
   INV: 0 # Invalidates (from upper level)
   INVX: 0 # Downgrades (from upper level)
   FWD: 0 # Forwards (from upper level)
   latGETnl: 197408 # GET request latency on next level
   latGETnet: 0 # GET request latency on network to next level
  gbuf-2b4: # Cache stats
   hGETS: 1176 # GETS hits
   hGETX: 0 # GETX hits
   mGETS: 5352 # GETS misses
   mGETXIM: 1016 # GETX I->M misses
   mGETXSM: 0 # GETX S->M misses (upgrade misses)
   PUTS: 6528 # Clean evictions (from lower level)
   PUTX: 1014 # Dirty evictions (from lower level)
   INV: 0 # Invalidates (from upper level)
   INVX: 0 # Downgrades (from upper level)
   FWD: 0 # Forwards (from upper level)
   latGETnl: 197408 # GET request latency on next level
   latGETnet: 0 # GET request latency on network to next level
  gbuf-2b5: # Cache stats
   hGETS: 1120 # GETS hits
   hGETX: 0 # GETX hits
   mGETS: 5408 # GETS misses
   mGETXIM: 1008 # GETX I->M misses
   mGETXSM: 0 # GETX S->M misses (upgrade misses)
   PUTS: 6528 # Clean evictions (from lower level)
   PUTX: 1008 # Dirty evictions (from lower level)
   INV: 0 # Invalidates (from upper level)
   INVX: 0 # Downgrades (from upper level)
   FWD: 0 # Forwards (from upper level)
   latGETnl: 198896 # GET request latency on next level
   latGETnet: 0 # GET request latency on network to next level
  gbuf-2b6: # Cache stats
   hGETS: 1176 # GETS hits
   hGETX: 0 # GETX hits
   mGETS: 5352 # GETS misses
   mGETXIM: 1016 # GETX I->M misses
   mGETXSM: 0 # GETX S->M misses (upgrade misses)
   PUTS: 6527 # Clean evictions (from lower level)
   PUTX: 1016 # Dirty evictions (from lower level)
   INV: 0 # Invalidates (from upper level)
   INVX: 0 # Downgrades (from upper level)
   FWD: 0 # Forwards (from upper level)
   latGETnl: 197408 # GET request latency on next level
   latGETnet: 0 # GET request latency on network to next level
  gbuf-2b7: # Cache stats
   hGETS: 1176 # GETS hits
   hGETX: 0 # GETX hits
   mGETS: 5352 # GETS misses
   mGETXIM: 1016 # GETX I->M misses
   mGETXSM: 0 # GETX S->M misses (upgrade misses)
   PUTS: 6527 # Clean evictions (from lower level)
   PUTX: 1016 # Dirty evictions (from lower level)
   INV: 0 # Invalidates (from upper level)
   INVX: 0 # Downgrades (from upper level)
   FWD: 0 # Forwards (from upper level)
   latGETnl: 197408 # GET request latency on next level
   latGETnet: 0 # GET request latency on network to next level
  gbuf-3b0: # Cache stats
   hGETS: 1176 # GETS hits
   hGETX: 0 # GETX hits
   mGETS: 5352 # GETS misses
   mGETXIM: 1008 # GETX I->M misses
   mGETXSM: 0 # GETX S->M misses (upgrade misses)
   PUTS: 6528 # Clean evictions (from lower level)
   PUTX: 1008 # Dirty evictions (from lower level)
   INV: 0 # Invalidates (from upper level)
   INVX: 0 # Downgrades (from upper level)
   FWD: 0 # Forwards (from upper level)
   latGETnl: 197160 # GET request latency on next level
   latGETnet: 0 # GET request latency on network to next level
  gbuf-3b1: # Cache stats
   hGETS: 1120 # GETS hits
   hGETX: 0 # GETX hits
   mGETS: 5408 # GETS misses
   mGETXIM: 1016 # GETX I->M misses
   mGETXSM: 0 # GETX S->M misses (upgrade misses)
   PUTS: 6528 # Clean evictions (from lower level)
   PUTX: 1016 # Dirty evictions (from lower level)
   INV: 0 # Invalidates (from upper level)
   INVX: 0 # Downgrades (from upper level)
   FWD: 0 # Forwards (from upper level)
   latGETnl: 199144 # GET request latency on next level
   latGETnet: 0 # GET request latency on network to next level
  gbuf-3b2: # Cache stats
   hGETS: 1176 # GETS hits
   hGETX: 0 # GETX hits
   mGETS: 5352 # GETS misses
   mGETXIM: 1016 # GETX I->M misses
   mGETXSM: 0 # GETX S->M misses (upgrade misses)
   PUTS: 6528 # Clean evictions (from lower level)
   PUTX: 1016 # Dirty evictions (from lower level)
   INV: 0 # Invalidates (from upper level)
   INVX: 0 # Downgrades (from upper level)
   FWD: 0 # Forwards (from upper level)
   latGETnl: 197408 # GET request latency on next level
   latGETnet: 0 # GET request latency on network to next level
  gbuf-3b3: # Cache stats
   hGETS: 1176 # GETS hits
   hGETX: 0 # GETX hits
   mGETS: 5352 # GETS misses
   mGETXIM: 1016 # GETX I->M misses
   mGETXSM: 0 # GETX S->M misses (upgrade misses)
   PUTS: 6528 # Clean evictions (from lower level)
   PUTX: 1016 # Dirty evictions (from lower level)
   INV: 0 # Invalidates (from upper level)
   INVX: 0 # Downgrades (from upper level)
   FWD: 0 # Forwards (from upper level)
   latGETnl: 197408 # GET request latency on next level
   latGETnet: 0 # GET request latency on network to next level
  gbuf-3b4: # Cache stats
   hGETS: 1176 # GETS hits
   hGETX: 0 # GETX hits
   mGETS: 5352 # GETS misses
   mGETXIM: 1008 # GETX I->M misses
   mGETXSM: 0 # GETX S->M misses (upgrade misses)
   PUTS: 6528 # Clean evictions (from lower level)
   PUTX: 1008 # Dirty evictions (from lower level)
   INV: 0 # Invalidates (from upper level)
   INVX: 0 # Downgrades (from upper level)
   FWD: 0 # Forwards (from upper level)
   latGETnl: 197160 # GET request latency on next level
   latGETnet: 0 # GET request latency on network to next level
  gbuf-3b5: # Cache stats
   hGETS: 1120 # GETS hits
   hGETX: 0 # GETX hits
   mGETS: 5408 # GETS misses
   mGETXIM: 1016 # GETX I->M misses
   mGETXSM: 0 # GETX S->M misses (upgrade misses)
   PUTS: 6528 # Clean evictions (from lower level)
   PUTX: 1016 # Dirty evictions (from lower level)
   INV: 0 # Invalidates (from upper level)
   INVX: 0 # Downgrades (from upper level)
   FWD: 0 # Forwards (from upper level)
   latGETnl: 199144 # GET request latency on next level
   latGETnet: 0 # GET request latency on network to next level
  gbuf-3b6: # Cache stats
   hGETS: 1176 # GETS hits
   hGETX: 0 # GETX hits
   mGETS: 5352 # GETS misses
   mGETXIM: 1016 # GETX I->M misses
   mGETXSM: 0 # GETX S->M misses (upgrade misses)
   PUTS: 6527 # Clean evictions (from lower level)
   PUTX: 1014 # Dirty evictions (from lower level)
   INV: 0 # Invalidates (from upper level)
   INVX: 0 # Downgrades (from upper level)
   FWD: 0 # Forwards (from upper level)
   latGETnl: 197408 # GET request latency on next level
   latGETnet: 0 # GET request latency on network to next level
  gbuf-3b7: # Cache stats
   hGETS: 1176 # GETS hits
   hGETX: 0 # GETX hits
   mGETS: 5352 # GETS misses
   mGETXIM: 1016 # GETX I->M misses
   mGETXSM: 0 # GETX S->M misses (upgrade misses)
   PUTS: 6527 # Clean evictions (from lower level)
   PUTX: 1014 # Dirty evictions (from lower level)
   INV: 0 # Invalidates (from upper level)
   INVX: 0 # Downgrades (from upper level)
   FWD: 0 # Forwards (from upper level)
   latGETnl: 197408 # GET request latency on next level
   latGETnet: 0 # GET request latency on network to next level
 mem: # Memory controller stats
  mem-0: # Memory channel stats
   rd: 46684 # Read requests
   wr: 8112 # Write requests
   rdlat: 160553824 # Total latency experienced by read requests
   wrlat: 12033620 # Total latency experienced by write requests
   rdmlh: # Latency histogram for read requests
    0: 0
    1: 0
    2: 0
    3: 0
    4: 0
    5: 482
    6: 492
    7: 593
    8: 34
    9: 294
    10: 927
    11: 255
    12: 161
    13: 380
    14: 334
    15: 188
    16: 242
    17: 191
    18: 393
    19: 430
    20: 198
    21: 130
    22: 316
    23: 341
    24: 195
    25: 219
    26: 242
    27: 313
    28: 180
    29: 230
    30: 128
    31: 178
    32: 124
    33: 213
    34: 162
    35: 209
    36: 166
    37: 186
    38: 96
    39: 199
    40: 141
    41: 197
    42: 161
    43: 233
    44: 107
    45: 197
    46: 126
    47: 220
    48: 151
    49: 221
    50: 139
    51: 172
    52: 129
    53: 235
    54: 152
    55: 223
    56: 141
    57: 196
    58: 127
    59: 233
    60: 147
    61: 185
    62: 173
    63: 212
    64: 142
    65: 233
    66: 168
    67: 204
    68: 213
    69: 263
    70: 176
    71: 269
    72: 197
    73: 229
    74: 231
    75: 364
    76: 256
    77: 290
    78: 261
    79: 308
    80: 231
    81: 349
    82: 260
    83: 305
    84: 280
    85: 299
    86: 201
    87: 276
    88: 267
    89: 303
    90: 234
    91: 289
    92: 188
    93: 245
    94: 243
    95: 292
    96: 213
    97: 284
    98: 214
    99: 24268
   wrmlh: # Latency histogram for write requests
    0: 0
    1: 0
    2: 0
    3: 0
    4: 0
    5: 66
    6: 3
    7: 23
    8: 80
    9: 59
    10: 28
    11: 36
    12: 32
    13: 63
    14: 57
    15: 76
    16: 54
    17: 109
    18: 75
    19: 89
    20: 77
    21: 96
    22: 77
    23: 79
    24: 75
    25: 89
    26: 83
    27: 94
    28: 76
    29: 98
    30: 74
    31: 96
    32: 66
    33: 81
    34: 79
    35: 102
    36: 86
    37: 99
    38: 99
    39: 129
    40: 121
    41: 99
    42: 87
    43: 98
    44: 76
    45: 88
    46: 63
    47: 73
    48: 76
    49: 75
    50: 67
    51: 44
    52: 48
    53: 32
    54: 34
    55: 32
    56: 28
    57: 25
    58: 29
    59: 25
    60: 15
    61: 12
    62: 9
    63: 10
    64: 7
    65: 4
    66: 8
    67: 4
    68: 6
    69: 4
    70: 3
    71: 1
    72: 5
    73: 2
    74: 1
    75: 1
    76: 1
    77: 2
    78: 0
    79: 1
    80: 0
    81: 0
    82: 1
    83: 3
    84: 2
    85: 2
    86: 3
    87: 2
    88: 5
    89: 1
    90: 3
    91: 1
    92: 3
    93: 2
    94: 2
    95: 6
    96: 2
    97: 4
    98: 0
    99: 4149
   ACT: 54796 # Activate commands
   PRE: 59740 # Precharge commands
   RD: 46684 # Read commands
   WR: 8112 # Write commands
   REF: 3228 # Refresh commands
   eACTPRE: 16603188 # Activate/precharge energy
   eRDWR: 74132704 # Read/write energy
   eREF: 10739556 # Refresh energy
   eBKGD: 238975921 # Background energy
   eWIRE: 8383788 # Channel wire energy
  mem-1: # Memory channel stats
   rd: 51040 # Read requests
   wr: 8112 # Write requests
   rdlat: 189878042 # Total latency experienced by read requests
   wrlat: 24013772 # Total latency experienced by write requests
   rdmlh: # Latency histogram for read requests
    0: 0
    1: 0
    2: 0
    3: 0
    4: 0
    5: 500
    6: 499
    7: 611
    8: 39
    9: 298
    10: 943
    11: 274
    12: 184
    13: 391
    14: 401
    15: 225
    16: 304
    17: 246
    18: 474
    19: 537
    20: 239
    21: 145
    22: 401
    23: 443
    24: 249
    25: 272
    26: 305
    27: 384
    28: 214
    29: 314
    30: 136
    31: 219
    32: 154
    33: 257
    34: 183
    35: 263
    36: 189
    37: 229
    38: 129
    39: 253
    40: 179
    41: 221
    42: 215
    43: 263
    44: 119
    45: 254
    46: 163
    47: 280
    48: 170
    49: 257
    50: 152
    51: 203
    52: 164
    53: 289
    54: 192
    55: 279
    56: 150
    57: 223
    58: 147
    59: 282
    60: 181
    61: 253
    62: 187
    63: 242
    64: 141
    65: 279
    66: 170
    67: 229
    68: 192
    69: 232
    70: 172
    71: 270
    72: 185
    73: 238
    74: 214
    75: 318
    76: 234
    77: 338
    78: 250
    79: 284
    80: 204
    81: 344
    82: 251
    83: 339
    84: 288
    85: 309
    86: 196
    87: 319
    88: 263
    89: 309
    90: 227
    91: 301
    92: 200
    93: 279
    94: 227
    95: 316
    96: 206
    97: 303
    98: 218
    99: 26226
   wrmlh: # Latency histogram for write requests
    0: 0
    1: 0
    2: 0
    3: 0
    4: 0
    5: 30
    6: 0
    7: 6
    8: 35
    9: 31
    10: 13
    11: 39
    12: 25
    13: 25
    14: 37
    15: 36
    16: 35
    17: 59
    18: 35
    19: 50
    20: 47
    21: 66
    22: 46
    23: 60
    24: 34
    25: 51
    26: 51
    27: 53
    28: 42
    29: 56
    30: 57
    31: 49
    32: 37
    33: 51
    34: 44
    35: 41
    36: 49
    37: 70
    38: 59
    39: 96
    40: 78
    41: 86
    42: 60
    43: 58
    44: 54
    45: 53
    46: 49
    47: 45
    48: 55
    49: 52
    50: 51
    51: 38
    52: 34
    53: 29
    54: 26
    55: 20
    56: 35
    57: 21
    58: 19
    59: 17
    60: 16
    61: 12
    62: 6
    63: 10
    64: 5
    65: 4
    66: 5
    67: 3
    68: 3
    69: 2
    70: 1
    71: 1
    72: 1
    73: 2
    74: 0
    75: 1
    76: 1
    77: 0
    78: 0
    79: 0
    80: 0
    81: 0
    82: 0
    83: 0
    84: 0
    85: 0
    86: 0
    87: 0
    88: 0
    89: 0
    90: 0
    91: 0
    92: 0
    93: 0
    94: 0
    95: 0
    96: 0
    97: 0
    98: 0
    99: 5644
   ACT: 59152 # Activate commands
   PRE: 64268 # Precharge commands
   RD: 51040 # Read commands
   WR: 8112 # Write commands
   REF: 3228 # Refresh commands
   eACTPRE: 17923056 # Activate/precharge energy
   eRDWR: 80004592 # Read/write energy
   eREF: 10739556 # Refresh energy
   eBKGD: 239015637 # Background energy
   eWIRE: 9050256 # Channel wire energy
  mem-2: # Memory channel stats
   rd: 51040 # Read requests
   wr: 8112 # Write requests
   rdlat: 189559958 # Total latency experienced by read requests
   wrlat: 24019832 # Total latency experienced by write requests
   rdmlh: # Latency histogram for read requests
    0: 0
    1: 0
    2: 0
    3: 0
    4: 0
    5: 501
    6: 500
    7: 611
    8: 40
    9: 299
    10: 929
    11: 265
    12: 188
    13: 392
    14: 410
    15: 222
    16: 311
    17: 242
    18: 467
    19: 537
    20: 242
    21: 148
    22: 388
    23: 412
    24: 243
    25: 295
    26: 287
    27: 365
    28: 254
    29: 279
    30: 140
    31: 202
    32: 151
    33: 281
    34: 191
    35: 253
    36: 217
    37: 207
    38: 123
    39: 251
    40: 195
    41: 248
    42: 204
    43: 259
    44: 142
    45: 226
    46: 156
    47: 286
    48: 198
    49: 245
    50: 148
    51: 229
    52: 165
    53: 272
    54: 223
    55: 240
    56: 164
    57: 226
    58: 157
    59: 280
    60: 197
    61: 222
    62: 214
    63: 244
    64: 142
    65: 265
    66: 179
    67: 218
    68: 190
    69: 247
    70: 166
    71: 261
    72: 196
    73: 234
    74: 193
    75: 334
    76: 224
    77: 309
    78: 262
    79: 325
    80: 211
    81: 310
    82: 285
    83: 319
    84: 260
    85: 306
    86: 251
    87: 281
    88: 254
    89: 314
    90: 220
    91: 305
    92: 225
    93: 270
    94: 246
    95: 290
    96: 225
    97: 265
    98: 218
    99: 26257
   wrmlh: # Latency histogram for write requests
    0: 0
    1: 0
    2: 0
    3: 0
    4: 0
    5: 29
    6: 0
    7: 9
    8: 38
    9: 20
    10: 13
    11: 46
    12: 31
    13: 19
    14: 29
    15: 39
    16: 31
    17: 64
    18: 44
    19: 52
    20: 50
    21: 60
    22: 32
    23: 44
    24: 39
    25: 60
    26: 38
    27: 55
    28: 47
    29: 65
    30: 52
    31: 40
    32: 41
    33: 42
    34: 45
    35: 68
    36: 49
    37: 58
    38: 73
    39: 92
    40: 76
    41: 82
    42: 55
    43: 71
    44: 63
    45: 51
    46: 40
    47: 42
    48: 46
    49: 60
    50: 40
    51: 44
    52: 37
    53: 26
    54: 24
    55: 30
    56: 18
    57: 19
    58: 23
    59: 15
    60: 18
    61: 10
    62: 19
    63: 4
    64: 9
    65: 4
    66: 4
    67: 3
    68: 5
    69: 9
    70: 2
    71: 2
    72: 1
    73: 1
    74: 1
    75: 0
    76: 0
    77: 2
    78: 0
    79: 0
    80: 0
    81: 0
    82: 0
    83: 0
    84: 0
    85: 0
    86: 0
    87: 0
    88: 0
    89: 0
    90: 0
    91: 0
    92: 0
    93: 0
    94: 0
    95: 0
    96: 0
    97: 0
    98: 0
    99: 5642
   ACT: 59152 # Activate commands
   PRE: 64265 # Precharge commands
   RD: 51040 # Read commands
   WR: 8112 # Write commands
   REF: 3228 # Refresh commands
   eACTPRE: 17923056 # Activate/precharge energy
   eRDWR: 80004592 # Read/write energy
   eREF: 10739556 # Refresh energy
   eBKGD: 239016539 # Background energy
   eWIRE: 9050256 # Channel wire energy
  mem-3: # Memory channel stats
   rd: 51040 # Read requests
   wr: 8112 # Write requests
   rdlat: 189973494 # Total latency experienced by read requests
   wrlat: 23962352 # Total latency experienced by write requests
   rdmlh: # Latency histogram for read requests
    0: 0
    1: 0
    2: 0
    3: 0
    4: 0
    5: 501
    6: 505
    7: 604
    8: 33
    9: 288
    10: 939
    11: 274
    12: 198
    13: 393
    14: 418
    15: 220
    16: 317
    17: 242
    18: 482
    19: 522
    20: 246
    21: 151
    22: 396
    23: 426
    24: 254
    25: 276
    26: 295
    27: 386
    28: 219
    29: 298
    30: 137
    31: 232
    32: 168
    33: 245
    34: 191
    35: 283
    36: 188
    37: 220
    38: 134
    39: 249
    40: 191
    41: 229
    42: 215
    43: 253
    44: 123
    45: 257
    46: 159
    47: 265
    48: 178
    49: 264
    50: 159
    51: 201
    52: 171
    53: 290
    54: 183
    55: 268
    56: 172
    57: 226
    58: 142
    59: 278
    60: 188
    61: 234
    62: 201
    63: 245
    64: 136
    65: 282
    66: 173
    67: 223
    68: 195
    69: 239
    70: 176
    71: 234
    72: 192
    73: 237
    74: 180
    75: 348
    76: 225
    77: 326
    78: 287
    79: 284
    80: 211
    81: 346
    82: 261
    83: 325
    84: 278
    85: 333
    86: 208
    87: 313
    88: 287
    89: 296
    90: 241
    91: 303
    92: 204
    93: 258
    94: 269
    95: 294
    96: 202
    97: 301
    98: 204
    99: 26147
   wrmlh: # Latency histogram for write requests
    0: 0
    1: 0
    2: 0
    3: 0
    4: 0
    5: 30
    6: 2
    7: 17
    8: 37
    9: 17
    10: 10
    11: 44
    12: 12
    13: 31
    14: 45
    15: 28
    16: 32
    17: 64
    18: 40
    19: 29
    20: 40
    21: 71
    22: 33
    23: 56
    24: 40
    25: 61
    26: 45
    27: 42
    28: 33
    29: 46
    30: 58
    31: 44
    32: 57
    33: 36
    34: 63
    35: 50
    36: 47
    37: 53
    38: 84
    39: 95
    40: 97
    41: 96
    42: 62
    43: 79
    44: 39
    45: 47
    46: 36
    47: 43
    48: 38
    49: 76
    50: 63
    51: 39
    52: 45
    53: 26
    54: 17
    55: 23
    56: 28
    57: 34
    58: 17
    59: 23
    60: 13
    61: 12
    62: 10
    63: 5
    64: 1
    65: 6
    66: 3
    67: 0
    68: 2
    69: 1
    70: 0
    71: 0
    72: 0
    73: 0
    74: 0
    75: 0
    76: 0
    77: 0
    78: 0
    79: 0
    80: 0
    81: 0
    82: 0
    83: 0
    84: 0
    85: 0
    86: 0
    87: 0
    88: 0
    89: 0
    90: 0
    91: 0
    92: 0
    93: 0
    94: 0
    95: 0
    96: 0
    97: 0
    98: 0
    99: 5639
   ACT: 59152 # Activate commands
   PRE: 64257 # Precharge commands
   RD: 51040 # Read commands
   WR: 8112 # Write commands
   REF: 3228 # Refresh commands
   eACTPRE: 17923056 # Activate/precharge energy
   eRDWR: 80004592 # Read/write energy
   eREF: 10739556 # Refresh energy
   eBKGD: 239010306 # Background energy
   eWIRE: 9050256 # Channel wire energy
 itcn: # Interconnect stats
  itcn-r0: # Router stats
   trans: 0 # Transfers
   size: 0 # Total transferred data
  itcn-r1: # Router stats
   trans: 0 # Transfers
   size: 0 # Total transferred data
  itcn-r2: # Router stats
   trans: 0 # Transfers
   size: 0 # Total transferred data
  itcn-r3: # Router stats
   trans: 0 # Transfers
   size: 0 # Total transferred data
 sched: # Scheduler stats
  thCr: 0 # Threads created
  thFn: 0 # Threads finished
  schedEvs: 0 # Schedule events
  waitEvs: 0 # Wait events
  handoffEvs: 0 # Handoff events
  sleepEvs: 0 # Sleep events
  idlePhases: 0 # Phases with no thread active
  idlePeriods: 0 # Periods with no thread active
  occHist: # Occupancy histogram
   0: 629
   1: 0
   2: 0
   3: 0
   4: 0
  rqSzHist: # Run queue size histogram
   0: 629
   1: 0
   2: 0
   3: 0
   4: 0
   5: 0
   6: 0
   7: 0
   8: 0
   9: 0
   10: 0
   11: 0
   12: 0
   13: 0
   14: 0
   15: 0
   16: 0
 procCycles: # Per-process unhalted core cycles
  0: 0
  1: 0
  2: 0
  3: 0
  4: 0
  5: 0
  6: 0
  7: 0
  8: 0
  9: 0
  10: 0
  11: 0
  12: 0
  13: 0
  14: 0
  15: 0
  16: 0
  17: 0
  18: 0
  19: 0
  20: 0
  21: 0
  22: 0
  23: 0
  24: 0
  25: 0
  26: 0
  27: 0
  28: 0
  29: 0
  30: 0
  31: 0
 procInstrs: # Per-process instructions
  0: 0
  1: 0
  2: 0
  3: 0
  4: 0
  5: 0
  6: 0
  7: 0
  8: 0
  9: 0
  10: 0
  11: 0
  12: 0
  13: 0
  14: 0
  15: 0
  16: 0
  17: 0
  18: 0
  19: 0
  20: 0
  21: 0
  22: 0
  23: 0
  24: 0
  25: 0
  26: 0
  27: 0
  28: 0
  29: 0
  30: 0
  31: 0
 heartbeats: # Per-process heartbeats
  0: 0
  1: 0
  2: 0
  3: 0
  4: 0
  5: 0
  6: 0
  7: 0
  8: 0
  9: 0
  10: 0
  11: 0
  12: 0
  13: 0
  14: 0
  15: 0
  16: 0
  17: 0
  18: 0
  19: 0
  20: 0
  21: 0
  22: 0
  23: 0
  24: 0
  25: 0
  26: 0
  27: 0
  28: 0
  29: 0
  30: 0
  31: 0
===
