# zsim stats
===
root: # Stats
 contention: # Contention simulation stats
  domain-0: # Domain stats
   time: 5176302813 # Weave simulation time
 time: # Simulator time breakdown
  init: 809172642
  bound: 22445424491
  weave: 5556556227
  ff: 1220020263
 trigger: 20000 # Reason for this stats dump
 phase: 1300 # Simulated phases
 l: # Logic unit stats
  l-0: # Logic unit stats
   cycles: 12997963 # Simulated unhalted cycles
   cCycles: 1676587 # Cycles due to contention stalls
   ops: 76032 # Simulated operations
   compOps: 256 # Simulated compute operations
  l-1: # Logic unit stats
   cycles: 12993353 # Simulated unhalted cycles
   cCycles: 1671977 # Cycles due to contention stalls
   ops: 76032 # Simulated operations
   compOps: 256 # Simulated compute operations
  l-2: # Logic unit stats
   cycles: 12948841 # Simulated unhalted cycles
   cCycles: 1635657 # Cycles due to contention stalls
   ops: 73984 # Simulated operations
   compOps: 256 # Simulated compute operations
  l-3: # Logic unit stats
   cycles: 12950829 # Simulated unhalted cycles
   cCycles: 1637645 # Cycles due to contention stalls
   ops: 73984 # Simulated operations
   compOps: 256 # Simulated compute operations
 c: # Core stats
  c-0: # Core stats
   cycles: 0 # Simulated cycles
   instrs: 0 # Simulated instructions
  c-1: # Core stats
   cycles: 0 # Simulated cycles
   instrs: 0 # Simulated instructions
  c-2: # Core stats
   cycles: 0 # Simulated cycles
   instrs: 0 # Simulated instructions
  c-3: # Core stats
   cycles: 0 # Simulated cycles
   instrs: 0 # Simulated instructions
 rdbuf: # Cache stats
  rdbuf-0: # Filter cache stats
   fhGETS: 0 # Filtered GETS hits
   fhGETX: 0 # Filtered GETX hits
   hGETS: 0 # GETS hits
   hGETX: 0 # GETX hits
   mGETS: 101376 # GETS misses
   mGETXIM: 0 # GETX I->M misses
   mGETXSM: 0 # GETX S->M misses (upgrade misses)
   PUTS: 0 # Clean evictions (from lower level)
   PUTX: 0 # Dirty evictions (from lower level)
   INV: 8 # Invalidates (from upper level)
   INVX: 0 # Downgrades (from upper level)
   FWD: 0 # Forwards (from upper level)
   latGETnl: 2775808 # GET request latency on next level
   latGETnet: 0 # GET request latency on network to next level
  rdbuf-1: # Filter cache stats
   fhGETS: 0 # Filtered GETS hits
   fhGETX: 0 # Filtered GETX hits
   hGETS: 0 # GETS hits
   hGETX: 0 # GETX hits
   mGETS: 101376 # GETS misses
   mGETXIM: 0 # GETX I->M misses
   mGETXSM: 0 # GETX S->M misses (upgrade misses)
   PUTS: 0 # Clean evictions (from lower level)
   PUTX: 0 # Dirty evictions (from lower level)
   INV: 8 # Invalidates (from upper level)
   INVX: 0 # Downgrades (from upper level)
   FWD: 0 # Forwards (from upper level)
   latGETnl: 2775808 # GET request latency on next level
   latGETnet: 0 # GET request latency on network to next level
  rdbuf-2: # Filter cache stats
   fhGETS: 0 # Filtered GETS hits
   fhGETX: 0 # Filtered GETX hits
   hGETS: 0 # GETS hits
   hGETX: 0 # GETX hits
   mGETS: 96256 # GETS misses
   mGETXIM: 0 # GETX I->M misses
   mGETXSM: 0 # GETX S->M misses (upgrade misses)
   PUTS: 0 # Clean evictions (from lower level)
   PUTX: 0 # Dirty evictions (from lower level)
   INV: 8 # Invalidates (from upper level)
   INVX: 0 # Downgrades (from upper level)
   FWD: 0 # Forwards (from upper level)
   latGETnl: 2611968 # GET request latency on next level
   latGETnet: 0 # GET request latency on network to next level
  rdbuf-3: # Filter cache stats
   fhGETS: 0 # Filtered GETS hits
   fhGETX: 0 # Filtered GETX hits
   hGETS: 0 # GETS hits
   hGETX: 0 # GETX hits
   mGETS: 96256 # GETS misses
   mGETXIM: 0 # GETX I->M misses
   mGETXSM: 0 # GETX S->M misses (upgrade misses)
   PUTS: 0 # Clean evictions (from lower level)
   PUTX: 0 # Dirty evictions (from lower level)
   INV: 8 # Invalidates (from upper level)
   INVX: 0 # Downgrades (from upper level)
   FWD: 0 # Forwards (from upper level)
   latGETnl: 2611968 # GET request latency on next level
   latGETnet: 0 # GET request latency on network to next level
 wrbuf: # Cache stats
  wrbuf-0: # Filter cache stats
   fhGETS: 0 # Filtered GETS hits
   fhGETX: 0 # Filtered GETX hits
   hGETS: 0 # GETS hits
   hGETX: 0 # GETX hits
   mGETS: 0 # GETS misses
   mGETXIM: 71680 # GETX I->M misses
   mGETXSM: 0 # GETX S->M misses (upgrade misses)
   PUTS: 0 # Clean evictions (from lower level)
   PUTX: 0 # Dirty evictions (from lower level)
   INV: 8 # Invalidates (from upper level)
   INVX: 0 # Downgrades (from upper level)
   FWD: 0 # Forwards (from upper level)
   latGETnl: 2285080 # GET request latency on next level
   latGETnet: 0 # GET request latency on network to next level
  wrbuf-1: # Filter cache stats
   fhGETS: 0 # Filtered GETS hits
   fhGETX: 0 # Filtered GETX hits
   hGETS: 0 # GETS hits
   hGETX: 0 # GETX hits
   mGETS: 0 # GETS misses
   mGETXIM: 71680 # GETX I->M misses
   mGETXSM: 0 # GETX S->M misses (upgrade misses)
   PUTS: 0 # Clean evictions (from lower level)
   PUTX: 0 # Dirty evictions (from lower level)
   INV: 8 # Invalidates (from upper level)
   INVX: 0 # Downgrades (from upper level)
   FWD: 0 # Forwards (from upper level)
   latGETnl: 2285080 # GET request latency on next level
   latGETnet: 0 # GET request latency on network to next level
  wrbuf-2: # Filter cache stats
   fhGETS: 0 # Filtered GETS hits
   fhGETX: 0 # Filtered GETX hits
   hGETS: 0 # GETS hits
   hGETX: 0 # GETX hits
   mGETS: 0 # GETS misses
   mGETXIM: 71680 # GETX I->M misses
   mGETXSM: 0 # GETX S->M misses (upgrade misses)
   PUTS: 0 # Clean evictions (from lower level)
   PUTX: 0 # Dirty evictions (from lower level)
   INV: 8 # Invalidates (from upper level)
   INVX: 0 # Downgrades (from upper level)
   FWD: 0 # Forwards (from upper level)
   latGETnl: 2285080 # GET request latency on next level
   latGETnet: 0 # GET request latency on network to next level
  wrbuf-3: # Filter cache stats
   fhGETS: 0 # Filtered GETS hits
   fhGETX: 0 # Filtered GETX hits
   hGETS: 0 # GETS hits
   hGETX: 0 # GETX hits
   mGETS: 0 # GETS misses
   mGETXIM: 71680 # GETX I->M misses
   mGETXSM: 0 # GETX S->M misses (upgrade misses)
   PUTS: 0 # Clean evictions (from lower level)
   PUTX: 0 # Dirty evictions (from lower level)
   INV: 8 # Invalidates (from upper level)
   INVX: 0 # Downgrades (from upper level)
   FWD: 0 # Forwards (from upper level)
   latGETnl: 2285080 # GET request latency on next level
   latGETnet: 0 # GET request latency on network to next level
 gbuf: # Cache stats
  gbuf-0b0: # Cache stats
   hGETS: 1792 # GETS hits
   hGETX: 37 # GETX hits
   mGETS: 10684 # GETS misses
   mGETXIM: 8845 # GETX I->M misses
   mGETXSM: 0 # GETX S->M misses (upgrade misses)
   PUTS: 12475 # Clean evictions (from lower level)
   PUTX: 8881 # Dirty evictions (from lower level)
   INV: 0 # Invalidates (from upper level)
   INVX: 0 # Downgrades (from upper level)
   FWD: 0 # Forwards (from upper level)
   latGETnl: 605399 # GET request latency on next level
   latGETnet: 0 # GET request latency on network to next level
  gbuf-0b1: # Cache stats
   hGETS: 1920 # GETS hits
   hGETX: 37 # GETX hits
   mGETS: 10870 # GETS misses
   mGETXIM: 9159 # GETX I->M misses
   mGETXSM: 0 # GETX S->M misses (upgrade misses)
   PUTS: 12789 # Clean evictions (from lower level)
   PUTX: 9195 # Dirty evictions (from lower level)
   INV: 0 # Invalidates (from upper level)
   INVX: 0 # Downgrades (from upper level)
   FWD: 0 # Forwards (from upper level)
   latGETnl: 620899 # GET request latency on next level
   latGETnet: 0 # GET request latency on network to next level
  gbuf-0b2: # Cache stats
   hGETS: 1920 # GETS hits
   hGETX: 35 # GETX hits
   mGETS: 10870 # GETS misses
   mGETXIM: 9003 # GETX I->M misses
   mGETXSM: 0 # GETX S->M misses (upgrade misses)
   PUTS: 12790 # Clean evictions (from lower level)
   PUTX: 9037 # Dirty evictions (from lower level)
   INV: 0 # Invalidates (from upper level)
   INVX: 0 # Downgrades (from upper level)
   FWD: 0 # Forwards (from upper level)
   latGETnl: 616063 # GET request latency on next level
   latGETnet: 0 # GET request latency on network to next level
  gbuf-0b3: # Cache stats
   hGETS: 1920 # GETS hits
   hGETX: 35 # GETX hits
   mGETS: 10712 # GETS misses
   mGETXIM: 8689 # GETX I->M misses
   mGETXSM: 0 # GETX S->M misses (upgrade misses)
   PUTS: 12632 # Clean evictions (from lower level)
   PUTX: 8723 # Dirty evictions (from lower level)
   INV: 0 # Invalidates (from upper level)
   INVX: 0 # Downgrades (from upper level)
   FWD: 0 # Forwards (from upper level)
   latGETnl: 601431 # GET request latency on next level
   latGETnet: 0 # GET request latency on network to next level
  gbuf-0b4: # Cache stats
   hGETS: 1792 # GETS hits
   hGETX: 34 # GETX hits
   mGETS: 10684 # GETS misses
   mGETXIM: 8847 # GETX I->M misses
   mGETXSM: 0 # GETX S->M misses (upgrade misses)
   PUTS: 12474 # Clean evictions (from lower level)
   PUTX: 8880 # Dirty evictions (from lower level)
   INV: 0 # Invalidates (from upper level)
   INVX: 0 # Downgrades (from upper level)
   FWD: 0 # Forwards (from upper level)
   latGETnl: 605461 # GET request latency on next level
   latGETnet: 0 # GET request latency on network to next level
  gbuf-0b5: # Cache stats
   hGETS: 1920 # GETS hits
   hGETX: 34 # GETX hits
   mGETS: 10869 # GETS misses
   mGETXIM: 9161 # GETX I->M misses
   mGETXSM: 0 # GETX S->M misses (upgrade misses)
   PUTS: 12787 # Clean evictions (from lower level)
   PUTX: 9194 # Dirty evictions (from lower level)
   INV: 0 # Invalidates (from upper level)
   INVX: 0 # Downgrades (from upper level)
   FWD: 0 # Forwards (from upper level)
   latGETnl: 620930 # GET request latency on next level
   latGETnet: 0 # GET request latency on network to next level
  gbuf-0b6: # Cache stats
   hGETS: 1920 # GETS hits
   hGETX: 34 # GETX hits
   mGETS: 10869 # GETS misses
   mGETXIM: 9004 # GETX I->M misses
   mGETXSM: 0 # GETX S->M misses (upgrade misses)
   PUTS: 12787 # Clean evictions (from lower level)
   PUTX: 9037 # Dirty evictions (from lower level)
   INV: 0 # Invalidates (from upper level)
   INVX: 0 # Downgrades (from upper level)
   FWD: 0 # Forwards (from upper level)
   latGETnl: 616063 # GET request latency on next level
   latGETnet: 0 # GET request latency on network to next level
  gbuf-0b7: # Cache stats
   hGETS: 1920 # GETS hits
   hGETX: 34 # GETX hits
   mGETS: 10714 # GETS misses
   mGETXIM: 8692 # GETX I->M misses
   mGETXSM: 0 # GETX S->M misses (upgrade misses)
   PUTS: 12632 # Clean evictions (from lower level)
   PUTX: 8725 # Dirty evictions (from lower level)
   INV: 0 # Invalidates (from upper level)
   INVX: 0 # Downgrades (from upper level)
   FWD: 0 # Forwards (from upper level)
   latGETnl: 601586 # GET request latency on next level
   latGETnet: 0 # GET request latency on network to next level
  gbuf-1b0: # Cache stats
   hGETS: 1792 # GETS hits
   hGETX: 37 # GETX hits
   mGETS: 10997 # GETS misses
   mGETXIM: 9158 # GETX I->M misses
   mGETXSM: 0 # GETX S->M misses (upgrade misses)
   PUTS: 12787 # Clean evictions (from lower level)
   PUTX: 9195 # Dirty evictions (from lower level)
   INV: 0 # Invalidates (from upper level)
   INVX: 0 # Downgrades (from upper level)
   FWD: 0 # Forwards (from upper level)
   latGETnl: 624805 # GET request latency on next level
   latGETnet: 0 # GET request latency on network to next level
  gbuf-1b1: # Cache stats
   hGETS: 1920 # GETS hits
   hGETX: 37 # GETX hits
   mGETS: 10871 # GETS misses
   mGETXIM: 8846 # GETX I->M misses
   mGETXSM: 0 # GETX S->M misses (upgrade misses)
   PUTS: 12790 # Clean evictions (from lower level)
   PUTX: 8883 # Dirty evictions (from lower level)
   INV: 0 # Invalidates (from upper level)
   INVX: 0 # Downgrades (from upper level)
   FWD: 0 # Forwards (from upper level)
   latGETnl: 611227 # GET request latency on next level
   latGETnet: 0 # GET request latency on network to next level
  gbuf-1b2: # Cache stats
   hGETS: 1920 # GETS hits
   hGETX: 35 # GETX hits
   mGETS: 10556 # GETS misses
   mGETXIM: 8689 # GETX I->M misses
   mGETXSM: 0 # GETX S->M misses (upgrade misses)
   PUTS: 12474 # Clean evictions (from lower level)
   PUTX: 8724 # Dirty evictions (from lower level)
   INV: 0 # Invalidates (from upper level)
   INVX: 0 # Downgrades (from upper level)
   FWD: 0 # Forwards (from upper level)
   latGETnl: 596595 # GET request latency on next level
   latGETnet: 0 # GET request latency on network to next level
  gbuf-1b3: # Cache stats
   hGETS: 1920 # GETS hits
   hGETX: 35 # GETX hits
   mGETS: 10712 # GETS misses
   mGETXIM: 9003 # GETX I->M misses
   mGETXSM: 0 # GETX S->M misses (upgrade misses)
   PUTS: 12632 # Clean evictions (from lower level)
   PUTX: 9038 # Dirty evictions (from lower level)
   INV: 0 # Invalidates (from upper level)
   INVX: 0 # Downgrades (from upper level)
   FWD: 0 # Forwards (from upper level)
   latGETnl: 611165 # GET request latency on next level
   latGETnet: 0 # GET request latency on network to next level
  gbuf-1b4: # Cache stats
   hGETS: 1792 # GETS hits
   hGETX: 34 # GETX hits
   mGETS: 10997 # GETS misses
   mGETXIM: 9160 # GETX I->M misses
   mGETXSM: 0 # GETX S->M misses (upgrade misses)
   PUTS: 12789 # Clean evictions (from lower level)
   PUTX: 9192 # Dirty evictions (from lower level)
   INV: 0 # Invalidates (from upper level)
   INVX: 0 # Downgrades (from upper level)
   FWD: 0 # Forwards (from upper level)
   latGETnl: 624867 # GET request latency on next level
   latGETnet: 0 # GET request latency on network to next level
  gbuf-1b5: # Cache stats
   hGETS: 1920 # GETS hits
   hGETX: 34 # GETX hits
   mGETS: 10870 # GETS misses
   mGETXIM: 8848 # GETX I->M misses
   mGETXSM: 0 # GETX S->M misses (upgrade misses)
   PUTS: 12788 # Clean evictions (from lower level)
   PUTX: 8880 # Dirty evictions (from lower level)
   INV: 0 # Invalidates (from upper level)
   INVX: 0 # Downgrades (from upper level)
   FWD: 0 # Forwards (from upper level)
   latGETnl: 611258 # GET request latency on next level
   latGETnet: 0 # GET request latency on network to next level
  gbuf-1b6: # Cache stats
   hGETS: 1920 # GETS hits
   hGETX: 34 # GETX hits
   mGETS: 10555 # GETS misses
   mGETXIM: 8690 # GETX I->M misses
   mGETXSM: 0 # GETX S->M misses (upgrade misses)
   PUTS: 12474 # Clean evictions (from lower level)
   PUTX: 8722 # Dirty evictions (from lower level)
   INV: 0 # Invalidates (from upper level)
   INVX: 0 # Downgrades (from upper level)
   FWD: 0 # Forwards (from upper level)
   latGETnl: 596595 # GET request latency on next level
   latGETnet: 0 # GET request latency on network to next level
  gbuf-1b7: # Cache stats
   hGETS: 1920 # GETS hits
   hGETX: 34 # GETX hits
   mGETS: 10714 # GETS misses
   mGETXIM: 9006 # GETX I->M misses
   mGETXSM: 0 # GETX S->M misses (upgrade misses)
   PUTS: 12632 # Clean evictions (from lower level)
   PUTX: 9038 # Dirty evictions (from lower level)
   INV: 0 # Invalidates (from upper level)
   INVX: 0 # Downgrades (from upper level)
   FWD: 0 # Forwards (from upper level)
   latGETnl: 611320 # GET request latency on next level
   latGETnet: 0 # GET request latency on network to next level
  gbuf-2b0: # Cache stats
   hGETS: 1792 # GETS hits
   hGETX: 35 # GETX hits
   mGETS: 10318 # GETS misses
   mGETXIM: 9003 # GETX I->M misses
   mGETXSM: 0 # GETX S->M misses (upgrade misses)
   PUTS: 12107 # Clean evictions (from lower level)
   PUTX: 9038 # Dirty evictions (from lower level)
   INV: 0 # Invalidates (from upper level)
   INVX: 0 # Downgrades (from upper level)
   FWD: 0 # Forwards (from upper level)
   latGETnl: 598951 # GET request latency on next level
   latGETnet: 0 # GET request latency on network to next level
  gbuf-2b1: # Cache stats
   hGETS: 1920 # GETS hits
   hGETX: 35 # GETX hits
   mGETS: 9876 # GETS misses
   mGETXIM: 8689 # GETX I->M misses
   mGETXSM: 0 # GETX S->M misses (upgrade misses)
   PUTS: 11795 # Clean evictions (from lower level)
   PUTX: 8724 # Dirty evictions (from lower level)
   INV: 0 # Invalidates (from upper level)
   INVX: 0 # Downgrades (from upper level)
   FWD: 0 # Forwards (from upper level)
   latGETnl: 575515 # GET request latency on next level
   latGETnet: 0 # GET request latency on network to next level
  gbuf-2b2: # Cache stats
   hGETS: 1920 # GETS hits
   hGETX: 37 # GETX hits
   mGETS: 10034 # GETS misses
   mGETXIM: 8845 # GETX I->M misses
   mGETXSM: 0 # GETX S->M misses (upgrade misses)
   PUTS: 11953 # Clean evictions (from lower level)
   PUTX: 8882 # Dirty evictions (from lower level)
   INV: 0 # Invalidates (from upper level)
   INVX: 0 # Downgrades (from upper level)
   FWD: 0 # Forwards (from upper level)
   latGETnl: 585249 # GET request latency on next level
   latGETnet: 0 # GET request latency on network to next level
  gbuf-2b3: # Cache stats
   hGETS: 1920 # GETS hits
   hGETX: 37 # GETX hits
   mGETS: 10348 # GETS misses
   mGETXIM: 9159 # GETX I->M misses
   mGETXSM: 0 # GETX S->M misses (upgrade misses)
   PUTS: 12265 # Clean evictions (from lower level)
   PUTX: 9196 # Dirty evictions (from lower level)
   INV: 0 # Invalidates (from upper level)
   INVX: 0 # Downgrades (from upper level)
   FWD: 0 # Forwards (from upper level)
   latGETnl: 604717 # GET request latency on next level
   latGETnet: 0 # GET request latency on network to next level
  gbuf-2b4: # Cache stats
   hGETS: 1792 # GETS hits
   hGETX: 34 # GETX hits
   mGETS: 10320 # GETS misses
   mGETXIM: 9006 # GETX I->M misses
   mGETXSM: 0 # GETX S->M misses (upgrade misses)
   PUTS: 12112 # Clean evictions (from lower level)
   PUTX: 9038 # Dirty evictions (from lower level)
   INV: 0 # Invalidates (from upper level)
   INVX: 0 # Downgrades (from upper level)
   FWD: 0 # Forwards (from upper level)
   latGETnl: 599106 # GET request latency on next level
   latGETnet: 0 # GET request latency on network to next level
  gbuf-2b5: # Cache stats
   hGETS: 1920 # GETS hits
   hGETX: 34 # GETX hits
   mGETS: 9877 # GETS misses
   mGETXIM: 8691 # GETX I->M misses
   mGETXSM: 0 # GETX S->M misses (upgrade misses)
   PUTS: 11796 # Clean evictions (from lower level)
   PUTX: 8723 # Dirty evictions (from lower level)
   INV: 0 # Invalidates (from upper level)
   INVX: 0 # Downgrades (from upper level)
   FWD: 0 # Forwards (from upper level)
   latGETnl: 575608 # GET request latency on next level
   latGETnet: 0 # GET request latency on network to next level
  gbuf-2b6: # Cache stats
   hGETS: 1920 # GETS hits
   hGETX: 34 # GETX hits
   mGETS: 10033 # GETS misses
   mGETXIM: 8847 # GETX I->M misses
   mGETXSM: 0 # GETX S->M misses (upgrade misses)
   PUTS: 11952 # Clean evictions (from lower level)
   PUTX: 8879 # Dirty evictions (from lower level)
   INV: 0 # Invalidates (from upper level)
   INVX: 0 # Downgrades (from upper level)
   FWD: 0 # Forwards (from upper level)
   latGETnl: 585280 # GET request latency on next level
   latGETnet: 0 # GET request latency on network to next level
  gbuf-2b7: # Cache stats
   hGETS: 1920 # GETS hits
   hGETX: 34 # GETX hits
   mGETS: 10346 # GETS misses
   mGETXIM: 9160 # GETX I->M misses
   mGETXSM: 0 # GETX S->M misses (upgrade misses)
   PUTS: 12266 # Clean evictions (from lower level)
   PUTX: 9192 # Dirty evictions (from lower level)
   INV: 0 # Invalidates (from upper level)
   INVX: 0 # Downgrades (from upper level)
   FWD: 0 # Forwards (from upper level)
   latGETnl: 604686 # GET request latency on next level
   latGETnet: 0 # GET request latency on network to next level
  gbuf-3b0: # Cache stats
   hGETS: 1792 # GETS hits
   hGETX: 35 # GETX hits
   mGETS: 10004 # GETS misses
   mGETXIM: 8689 # GETX I->M misses
   mGETXSM: 0 # GETX S->M misses (upgrade misses)
   PUTS: 11794 # Clean evictions (from lower level)
   PUTX: 8724 # Dirty evictions (from lower level)
   INV: 0 # Invalidates (from upper level)
   INVX: 0 # Downgrades (from upper level)
   FWD: 0 # Forwards (from upper level)
   latGETnl: 579483 # GET request latency on next level
   latGETnet: 0 # GET request latency on network to next level
  gbuf-3b1: # Cache stats
   hGETS: 1920 # GETS hits
   hGETX: 35 # GETX hits
   mGETS: 10190 # GETS misses
   mGETXIM: 9003 # GETX I->M misses
   mGETXSM: 0 # GETX S->M misses (upgrade misses)
   PUTS: 12108 # Clean evictions (from lower level)
   PUTX: 9038 # Dirty evictions (from lower level)
   INV: 0 # Invalidates (from upper level)
   INVX: 0 # Downgrades (from upper level)
   FWD: 0 # Forwards (from upper level)
   latGETnl: 594983 # GET request latency on next level
   latGETnet: 0 # GET request latency on network to next level
  gbuf-3b2: # Cache stats
   hGETS: 1920 # GETS hits
   hGETX: 37 # GETX hits
   mGETS: 10348 # GETS misses
   mGETXIM: 9159 # GETX I->M misses
   mGETXSM: 0 # GETX S->M misses (upgrade misses)
   PUTS: 12266 # Clean evictions (from lower level)
   PUTX: 9196 # Dirty evictions (from lower level)
   INV: 0 # Invalidates (from upper level)
   INVX: 0 # Downgrades (from upper level)
   FWD: 0 # Forwards (from upper level)
   latGETnl: 604717 # GET request latency on next level
   latGETnet: 0 # GET request latency on network to next level
  gbuf-3b3: # Cache stats
   hGETS: 1920 # GETS hits
   hGETX: 37 # GETX hits
   mGETS: 10034 # GETS misses
   mGETXIM: 8845 # GETX I->M misses
   mGETXSM: 0 # GETX S->M misses (upgrade misses)
   PUTS: 11952 # Clean evictions (from lower level)
   PUTX: 8882 # Dirty evictions (from lower level)
   INV: 0 # Invalidates (from upper level)
   INVX: 0 # Downgrades (from upper level)
   FWD: 0 # Forwards (from upper level)
   latGETnl: 585249 # GET request latency on next level
   latGETnet: 0 # GET request latency on network to next level
  gbuf-3b4: # Cache stats
   hGETS: 1792 # GETS hits
   hGETX: 34 # GETX hits
   mGETS: 10005 # GETS misses
   mGETXIM: 8691 # GETX I->M misses
   mGETXSM: 0 # GETX S->M misses (upgrade misses)
   PUTS: 11796 # Clean evictions (from lower level)
   PUTX: 8723 # Dirty evictions (from lower level)
   INV: 0 # Invalidates (from upper level)
   INVX: 0 # Downgrades (from upper level)
   FWD: 0 # Forwards (from upper level)
   latGETnl: 579576 # GET request latency on next level
   latGETnet: 0 # GET request latency on network to next level
  gbuf-3b5: # Cache stats
   hGETS: 1920 # GETS hits
   hGETX: 34 # GETX hits
   mGETS: 10190 # GETS misses
   mGETXIM: 9004 # GETX I->M misses
   mGETXSM: 0 # GETX S->M misses (upgrade misses)
   PUTS: 12109 # Clean evictions (from lower level)
   PUTX: 9036 # Dirty evictions (from lower level)
   INV: 0 # Invalidates (from upper level)
   INVX: 0 # Downgrades (from upper level)
   FWD: 0 # Forwards (from upper level)
   latGETnl: 595014 # GET request latency on next level
   latGETnet: 0 # GET request latency on network to next level
  gbuf-3b6: # Cache stats
   hGETS: 1920 # GETS hits
   hGETX: 34 # GETX hits
   mGETS: 10348 # GETS misses
   mGETXIM: 9162 # GETX I->M misses
   mGETXSM: 0 # GETX S->M misses (upgrade misses)
   PUTS: 12268 # Clean evictions (from lower level)
   PUTX: 9194 # Dirty evictions (from lower level)
   INV: 0 # Invalidates (from upper level)
   INVX: 0 # Downgrades (from upper level)
   FWD: 0 # Forwards (from upper level)
   latGETnl: 604810 # GET request latency on next level
   latGETnet: 0 # GET request latency on network to next level
  gbuf-3b7: # Cache stats
   hGETS: 1920 # GETS hits
   hGETX: 34 # GETX hits
   mGETS: 10033 # GETS misses
   mGETXIM: 8847 # GETX I->M misses
   mGETXSM: 0 # GETX S->M misses (upgrade misses)
   PUTS: 11953 # Clean evictions (from lower level)
   PUTX: 8879 # Dirty evictions (from lower level)
   INV: 0 # Invalidates (from upper level)
   INVX: 0 # Downgrades (from upper level)
   FWD: 0 # Forwards (from upper level)
   latGETnl: 585280 # GET request latency on next level
   latGETnet: 0 # GET request latency on network to next level
 mem: # Memory controller stats
  mem-0: # Memory channel stats
   rd: 157672 # Read requests
   wr: 71680 # Write requests
   rdlat: 9070864147 # Total latency experienced by read requests
   wrlat: 6774905884 # Total latency experienced by write requests
   rdmlh: # Latency histogram for read requests
    0: 0
    1: 0
    2: 0
    3: 0
    4: 0
    5: 653
    6: 852
    7: 607
    8: 47
    9: 311
    10: 641
    11: 369
    12: 520
    13: 597
    14: 262
    15: 334
    16: 234
    17: 224
    18: 869
    19: 332
    20: 367
    21: 300
    22: 229
    23: 265
    24: 675
    25: 767
    26: 118
    27: 179
    28: 303
    29: 323
    30: 603
    31: 708
    32: 497
    33: 369
    34: 259
    35: 164
    36: 225
    37: 808
    38: 402
    39: 358
    40: 227
    41: 187
    42: 275
    43: 345
    44: 342
    45: 271
    46: 281
    47: 186
    48: 212
    49: 305
    50: 424
    51: 318
    52: 342
    53: 249
    54: 199
    55: 287
    56: 413
    57: 335
    58: 420
    59: 279
    60: 279
    61: 279
    62: 335
    63: 451
    64: 486
    65: 402
    66: 322
    67: 242
    68: 339
    69: 361
    70: 461
    71: 258
    72: 263
    73: 276
    74: 249
    75: 328
    76: 457
    77: 346
    78: 280
    79: 278
    80: 317
    81: 303
    82: 400
    83: 369
    84: 311
    85: 289
    86: 321
    87: 296
    88: 386
    89: 421
    90: 379
    91: 312
    92: 354
    93: 303
    94: 329
    95: 432
    96: 407
    97: 293
    98: 339
    99: 123751
   wrmlh: # Latency histogram for write requests
    0: 0
    1: 0
    2: 0
    3: 0
    4: 0
    5: 8
    6: 8
    7: 9
    8: 40
    9: 78
    10: 77
    11: 87
    12: 64
    13: 65
    14: 41
    15: 53
    16: 53
    17: 108
    18: 100
    19: 135
    20: 150
    21: 111
    22: 86
    23: 95
    24: 106
    25: 86
    26: 113
    27: 133
    28: 148
    29: 120
    30: 107
    31: 139
    32: 140
    33: 129
    34: 114
    35: 189
    36: 237
    37: 241
    38: 270
    39: 305
    40: 477
    41: 303
    42: 356
    43: 511
    44: 867
    45: 654
    46: 575
    47: 596
    48: 812
    49: 375
    50: 336
    51: 380
    52: 553
    53: 390
    54: 299
    55: 263
    56: 409
    57: 345
    58: 309
    59: 203
    60: 352
    61: 172
    62: 202
    63: 201
    64: 277
    65: 166
    66: 140
    67: 164
    68: 153
    69: 133
    70: 103
    71: 146
    72: 77
    73: 67
    74: 69
    75: 67
    76: 110
    77: 46
    78: 85
    79: 75
    80: 61
    81: 47
    82: 38
    83: 54
    84: 39
    85: 37
    86: 27
    87: 38
    88: 24
    89: 26
    90: 26
    91: 25
    92: 20
    93: 20
    94: 14
    95: 21
    96: 10
    97: 7
    98: 9
    99: 55374
   ACT: 229352 # Activate commands
   PRE: 238002 # Precharge commands
   RD: 157672 # Read commands
   WR: 71680 # Write commands
   REF: 6671 # Refresh commands
   eACTPRE: 69493656 # Activate/precharge energy
   eRDWR: 311531936 # Read/write energy
   eREF: 22194417 # Refresh energy
   eBKGD: 496771682 # Background energy
   eWIRE: 35090856 # Channel wire energy
  mem-1: # Memory channel stats
   rd: 157672 # Read requests
   wr: 71680 # Write requests
   rdlat: 9068990315 # Total latency experienced by read requests
   wrlat: 6772323322 # Total latency experienced by write requests
   rdmlh: # Latency histogram for read requests
    0: 0
    1: 0
    2: 0
    3: 0
    4: 0
    5: 615
    6: 841
    7: 655
    8: 58
    9: 314
    10: 591
    11: 360
    12: 544
    13: 638
    14: 259
    15: 343
    16: 228
    17: 161
    18: 696
    19: 567
    20: 341
    21: 305
    22: 224
    23: 271
    24: 573
    25: 820
    26: 159
    27: 157
    28: 313
    29: 328
    30: 430
    31: 698
    32: 602
    33: 306
    34: 328
    35: 143
    36: 246
    37: 718
    38: 503
    39: 341
    40: 222
    41: 191
    42: 211
    43: 384
    44: 317
    45: 256
    46: 320
    47: 200
    48: 199
    49: 415
    50: 297
    51: 299
    52: 344
    53: 243
    54: 224
    55: 386
    56: 268
    57: 335
    58: 391
    59: 283
    60: 294
    61: 441
    62: 414
    63: 391
    64: 451
    65: 313
    66: 420
    67: 383
    68: 286
    69: 320
    70: 331
    71: 233
    72: 319
    73: 279
    74: 252
    75: 349
    76: 365
    77: 252
    78: 289
    79: 308
    80: 361
    81: 302
    82: 409
    83: 300
    84: 288
    85: 358
    86: 309
    87: 312
    88: 433
    89: 364
    90: 354
    91: 433
    92: 304
    93: 375
    94: 419
    95: 386
    96: 376
    97: 304
    98: 300
    99: 123834
   wrmlh: # Latency histogram for write requests
    0: 0
    1: 0
    2: 0
    3: 0
    4: 0
    5: 8
    6: 4
    7: 10
    8: 41
    9: 75
    10: 57
    11: 119
    12: 71
    13: 68
    14: 29
    15: 43
    16: 60
    17: 74
    18: 123
    19: 129
    20: 156
    21: 104
    22: 92
    23: 96
    24: 93
    25: 97
    26: 112
    27: 159
    28: 172
    29: 142
    30: 129
    31: 129
    32: 155
    33: 143
    34: 150
    35: 256
    36: 371
    37: 247
    38: 307
    39: 333
    40: 473
    41: 343
    42: 341
    43: 569
    44: 743
    45: 438
    46: 438
    47: 563
    48: 576
    49: 431
    50: 361
    51: 490
    52: 591
    53: 403
    54: 328
    55: 417
    56: 328
    57: 267
    58: 203
    59: 296
    60: 283
    61: 203
    62: 186
    63: 263
    64: 282
    65: 131
    66: 175
    67: 117
    68: 211
    69: 132
    70: 96
    71: 142
    72: 154
    73: 79
    74: 69
    75: 70
    76: 72
    77: 64
    78: 90
    79: 56
    80: 59
    81: 39
    82: 41
    83: 43
    84: 32
    85: 25
    86: 32
    87: 26
    88: 23
    89: 36
    90: 24
    91: 30
    92: 18
    93: 13
    94: 12
    95: 18
    96: 6
    97: 6
    98: 13
    99: 55356
   ACT: 229352 # Activate commands
   PRE: 238024 # Precharge commands
   RD: 157672 # Read commands
   WR: 71680 # Write commands
   REF: 6671 # Refresh commands
   eACTPRE: 69493656 # Activate/precharge energy
   eRDWR: 311531936 # Read/write energy
   eREF: 22194417 # Refresh energy
   eBKGD: 496798561 # Background energy
   eWIRE: 35090856 # Channel wire energy
  mem-2: # Memory channel stats
   rd: 152552 # Read requests
   wr: 71680 # Write requests
   rdlat: 9028089389 # Total latency experienced by read requests
   wrlat: 6745471600 # Total latency experienced by write requests
   rdmlh: # Latency histogram for read requests
    0: 0
    1: 0
    2: 0
    3: 0
    4: 0
    5: 607
    6: 846
    7: 670
    8: 60
    9: 337
    10: 603
    11: 458
    12: 454
    13: 566
    14: 272
    15: 329
    16: 245
    17: 154
    18: 720
    19: 553
    20: 350
    21: 303
    22: 218
    23: 259
    24: 668
    25: 711
    26: 143
    27: 147
    28: 302
    29: 322
    30: 478
    31: 672
    32: 583
    33: 379
    34: 309
    35: 94
    36: 139
    37: 678
    38: 538
    39: 430
    40: 279
    41: 94
    42: 196
    43: 226
    44: 353
    45: 379
    46: 456
    47: 186
    48: 189
    49: 190
    50: 264
    51: 386
    52: 519
    53: 222
    54: 190
    55: 204
    56: 307
    57: 368
    58: 519
    59: 279
    60: 293
    61: 192
    62: 252
    63: 477
    64: 481
    65: 423
    66: 411
    67: 203
    68: 334
    69: 341
    70: 316
    71: 291
    72: 318
    73: 291
    74: 230
    75: 295
    76: 397
    77: 258
    78: 318
    79: 314
    80: 294
    81: 288
    82: 375
    83: 284
    84: 292
    85: 288
    86: 345
    87: 371
    88: 436
    89: 360
    90: 353
    91: 426
    92: 373
    93: 328
    94: 399
    95: 286
    96: 326
    97: 340
    98: 322
    99: 119228
   wrmlh: # Latency histogram for write requests
    0: 0
    1: 0
    2: 0
    3: 0
    4: 0
    5: 8
    6: 6
    7: 13
    8: 29
    9: 77
    10: 63
    11: 115
    12: 85
    13: 55
    14: 28
    15: 49
    16: 60
    17: 123
    18: 102
    19: 142
    20: 143
    21: 131
    22: 92
    23: 94
    24: 109
    25: 104
    26: 122
    27: 153
    28: 153
    29: 134
    30: 118
    31: 134
    32: 130
    33: 149
    34: 131
    35: 215
    36: 210
    37: 227
    38: 258
    39: 530
    40: 336
    41: 371
    42: 366
    43: 761
    44: 524
    45: 498
    46: 551
    47: 982
    48: 566
    49: 419
    50: 362
    51: 611
    52: 428
    53: 348
    54: 293
    55: 494
    56: 281
    57: 295
    58: 267
    59: 346
    60: 248
    61: 202
    62: 223
    63: 305
    64: 184
    65: 149
    66: 175
    67: 227
    68: 114
    69: 111
    70: 134
    71: 149
    72: 68
    73: 59
    74: 53
    75: 90
    76: 54
    77: 47
    78: 45
    79: 62
    80: 43
    81: 38
    82: 33
    83: 43
    84: 25
    85: 33
    86: 36
    87: 17
    88: 15
    89: 19
    90: 22
    91: 25
    92: 17
    93: 16
    94: 17
    95: 12
    96: 10
    97: 14
    98: 13
    99: 55142
   ACT: 224232 # Activate commands
   PRE: 232780 # Precharge commands
   RD: 152552 # Read commands
   WR: 71680 # Write commands
   REF: 6671 # Refresh commands
   eACTPRE: 67942296 # Activate/precharge energy
   eRDWR: 304630176 # Read/write energy
   eREF: 22194417 # Refresh energy
   eBKGD: 496669861 # Background energy
   eWIRE: 34307496 # Channel wire energy
  mem-3: # Memory channel stats
   rd: 152552 # Read requests
   wr: 71680 # Write requests
   rdlat: 9023896927 # Total latency experienced by read requests
   wrlat: 6742641600 # Total latency experienced by write requests
   rdmlh: # Latency histogram for read requests
    0: 0
    1: 0
    2: 0
    3: 0
    4: 0
    5: 659
    6: 850
    7: 627
    8: 52
    9: 309
    10: 626
    11: 362
    12: 469
    13: 605
    14: 259
    15: 325
    16: 231
    17: 215
    18: 661
    19: 554
    20: 355
    21: 299
    22: 218
    23: 245
    24: 659
    25: 752
    26: 89
    27: 205
    28: 303
    29: 315
    30: 518
    31: 723
    32: 542
    33: 347
    34: 324
    35: 146
    36: 127
    37: 656
    38: 529
    39: 385
    40: 253
    41: 104
    42: 215
    43: 295
    44: 363
    45: 280
    46: 377
    47: 268
    48: 224
    49: 203
    50: 322
    51: 341
    52: 389
    53: 287
    54: 210
    55: 296
    56: 307
    57: 355
    58: 388
    59: 357
    60: 223
    61: 335
    62: 390
    63: 305
    64: 452
    65: 311
    66: 353
    67: 343
    68: 284
    69: 283
    70: 347
    71: 300
    72: 283
    73: 369
    74: 272
    75: 326
    76: 263
    77: 328
    78: 268
    79: 328
    80: 345
    81: 345
    82: 306
    83: 325
    84: 323
    85: 280
    86: 380
    87: 410
    88: 294
    89: 361
    90: 347
    91: 305
    92: 380
    93: 418
    94: 366
    95: 301
    96: 362
    97: 317
    98: 419
    99: 119230
   wrmlh: # Latency histogram for write requests
    0: 0
    1: 0
    2: 0
    3: 0
    4: 0
    5: 7
    6: 2
    7: 3
    8: 36
    9: 69
    10: 89
    11: 121
    12: 72
    13: 66
    14: 47
    15: 46
    16: 49
    17: 73
    18: 140
    19: 147
    20: 164
    21: 122
    22: 85
    23: 97
    24: 104
    25: 86
    26: 111
    27: 150
    28: 179
    29: 131
    30: 128
    31: 124
    32: 137
    33: 124
    34: 149
    35: 231
    36: 247
    37: 233
    38: 227
    39: 334
    40: 511
    41: 338
    42: 424
    43: 505
    44: 772
    45: 447
    46: 525
    47: 560
    48: 856
    49: 454
    50: 344
    51: 468
    52: 573
    53: 343
    54: 329
    55: 396
    56: 565
    57: 258
    58: 231
    59: 243
    60: 374
    61: 240
    62: 215
    63: 194
    64: 205
    65: 129
    66: 111
    67: 114
    68: 273
    69: 132
    70: 136
    71: 117
    72: 160
    73: 68
    74: 67
    75: 66
    76: 55
    77: 48
    78: 41
    79: 51
    80: 40
    81: 33
    82: 47
    83: 26
    84: 31
    85: 30
    86: 36
    87: 19
    88: 26
    89: 21
    90: 19
    91: 15
    92: 16
    93: 18
    94: 13
    95: 11
    96: 4
    97: 8
    98: 12
    99: 55187
   ACT: 224232 # Activate commands
   PRE: 232810 # Precharge commands
   RD: 152552 # Read commands
   WR: 71680 # Write commands
   REF: 6671 # Refresh commands
   eACTPRE: 67942296 # Activate/precharge energy
   eRDWR: 304630176 # Read/write energy
   eREF: 22194417 # Refresh energy
   eBKGD: 496675524 # Background energy
   eWIRE: 34307496 # Channel wire energy
 itcn: # Interconnect stats
  itcn-r0: # Router stats
   trans: 0 # Transfers
   size: 0 # Total transferred data
  itcn-r1: # Router stats
   trans: 0 # Transfers
   size: 0 # Total transferred data
  itcn-r2: # Router stats
   trans: 0 # Transfers
   size: 0 # Total transferred data
  itcn-r3: # Router stats
   trans: 0 # Transfers
   size: 0 # Total transferred data
 sched: # Scheduler stats
  thCr: 0 # Threads created
  thFn: 0 # Threads finished
  schedEvs: 0 # Schedule events
  waitEvs: 0 # Wait events
  handoffEvs: 0 # Handoff events
  sleepEvs: 0 # Sleep events
  idlePhases: 0 # Phases with no thread active
  idlePeriods: 0 # Periods with no thread active
  occHist: # Occupancy histogram
   0: 1300
   1: 0
   2: 0
   3: 0
   4: 0
  rqSzHist: # Run queue size histogram
   0: 1300
   1: 0
   2: 0
   3: 0
   4: 0
   5: 0
   6: 0
   7: 0
   8: 0
   9: 0
   10: 0
   11: 0
   12: 0
   13: 0
   14: 0
   15: 0
   16: 0
 procCycles: # Per-process unhalted core cycles
  0: 0
  1: 0
  2: 0
  3: 0
  4: 0
  5: 0
  6: 0
  7: 0
  8: 0
  9: 0
  10: 0
  11: 0
  12: 0
  13: 0
  14: 0
  15: 0
  16: 0
  17: 0
  18: 0
  19: 0
  20: 0
  21: 0
  22: 0
  23: 0
  24: 0
  25: 0
  26: 0
  27: 0
  28: 0
  29: 0
  30: 0
  31: 0
 procInstrs: # Per-process instructions
  0: 0
  1: 0
  2: 0
  3: 0
  4: 0
  5: 0
  6: 0
  7: 0
  8: 0
  9: 0
  10: 0
  11: 0
  12: 0
  13: 0
  14: 0
  15: 0
  16: 0
  17: 0
  18: 0
  19: 0
  20: 0
  21: 0
  22: 0
  23: 0
  24: 0
  25: 0
  26: 0
  27: 0
  28: 0
  29: 0
  30: 0
  31: 0
 heartbeats: # Per-process heartbeats
  0: 0
  1: 0
  2: 0
  3: 0
  4: 0
  5: 0
  6: 0
  7: 0
  8: 0
  9: 0
  10: 0
  11: 0
  12: 0
  13: 0
  14: 0
  15: 0
  16: 0
  17: 0
  18: 0
  19: 0
  20: 0
  21: 0
  22: 0
  23: 0
  24: 0
  25: 0
  26: 0
  27: 0
  28: 0
  29: 0
  30: 0
  31: 0
===
