# zsim stats
===
root: # Stats
 contention: # Contention simulation stats
  domain-0: # Domain stats
   time: 3546353599 # Weave simulation time
 time: # Simulator time breakdown
  init: 6072226140
  bound: 102241344916
  weave: 3719349525
  ff: 1204711644
 trigger: 20000 # Reason for this stats dump
 phase: 3073 # Simulated phases
 l: # Logic unit stats
  l-0: # Logic unit stats
   cycles: 30723877 # Simulated unhalted cycles
   cCycles: 15649845 # Cycles due to contention stalls
   ops: 96684 # Simulated operations
   compOps: 256 # Simulated compute operations
 c: # Core stats
  c-0: # Core stats
   cycles: 0 # Simulated cycles
   instrs: 0 # Simulated instructions
 rdbuf: # Cache stats
  rdbuf-0: # Filter cache stats
   fhGETS: 9556 # Filtered GETS hits
   fhGETX: 0 # Filtered GETX hits
   hGETS: 0 # GETS hits
   hGETX: 0 # GETX hits
   mGETS: 204800 # GETS misses
   mGETXIM: 0 # GETX I->M misses
   mGETXSM: 0 # GETX S->M misses (upgrade misses)
   PUTS: 0 # Clean evictions (from lower level)
   PUTX: 0 # Dirty evictions (from lower level)
   INV: 0 # Invalidates (from upper level)
   INVX: 0 # Downgrades (from upper level)
   FWD: 0 # Forwards (from upper level)
   latGETnl: 6553600 # GET request latency on next level
   latGETnet: 0 # GET request latency on network to next level
 wrbuf: # Cache stats
  wrbuf-0: # Filter cache stats
   fhGETS: 0 # Filtered GETS hits
   fhGETX: 37888 # Filtered GETX hits
   hGETS: 0 # GETS hits
   hGETX: 0 # GETX hits
   mGETS: 0 # GETS misses
   mGETXIM: 802816 # GETX I->M misses
   mGETXSM: 0 # GETX S->M misses (upgrade misses)
   PUTS: 0 # Clean evictions (from lower level)
   PUTX: 0 # Dirty evictions (from lower level)
   INV: 3 # Invalidates (from upper level)
   INVX: 0 # Downgrades (from upper level)
   FWD: 0 # Forwards (from upper level)
   latGETnl: 25690112 # GET request latency on next level
   latGETnet: 0 # GET request latency on network to next level
 gbuf: # Cache stats
  gbuf-0b0: # Cache stats
   hGETS: 0 # GETS hits
   hGETX: 0 # GETX hits
   mGETS: 25600 # GETS misses
   mGETXIM: 100352 # GETX I->M misses
   mGETXSM: 0 # GETX S->M misses (upgrade misses)
   PUTS: 25600 # Clean evictions (from lower level)
   PUTX: 100352 # Dirty evictions (from lower level)
   INV: 0 # Invalidates (from upper level)
   INVX: 0 # Downgrades (from upper level)
   FWD: 0 # Forwards (from upper level)
   latGETnl: 3904512 # GET request latency on next level
   latGETnet: 0 # GET request latency on network to next level
  gbuf-0b1: # Cache stats
   hGETS: 0 # GETS hits
   hGETX: 0 # GETX hits
   mGETS: 25600 # GETS misses
   mGETXIM: 100352 # GETX I->M misses
   mGETXSM: 0 # GETX S->M misses (upgrade misses)
   PUTS: 25600 # Clean evictions (from lower level)
   PUTX: 100351 # Dirty evictions (from lower level)
   INV: 0 # Invalidates (from upper level)
   INVX: 0 # Downgrades (from upper level)
   FWD: 0 # Forwards (from upper level)
   latGETnl: 3904512 # GET request latency on next level
   latGETnet: 0 # GET request latency on network to next level
  gbuf-0b2: # Cache stats
   hGETS: 0 # GETS hits
   hGETX: 0 # GETX hits
   mGETS: 25600 # GETS misses
   mGETXIM: 100352 # GETX I->M misses
   mGETXSM: 0 # GETX S->M misses (upgrade misses)
   PUTS: 25600 # Clean evictions (from lower level)
   PUTX: 100352 # Dirty evictions (from lower level)
   INV: 0 # Invalidates (from upper level)
   INVX: 0 # Downgrades (from upper level)
   FWD: 0 # Forwards (from upper level)
   latGETnl: 3904512 # GET request latency on next level
   latGETnet: 0 # GET request latency on network to next level
  gbuf-0b3: # Cache stats
   hGETS: 0 # GETS hits
   hGETX: 0 # GETX hits
   mGETS: 25600 # GETS misses
   mGETXIM: 100352 # GETX I->M misses
   mGETXSM: 0 # GETX S->M misses (upgrade misses)
   PUTS: 25600 # Clean evictions (from lower level)
   PUTX: 100351 # Dirty evictions (from lower level)
   INV: 0 # Invalidates (from upper level)
   INVX: 0 # Downgrades (from upper level)
   FWD: 0 # Forwards (from upper level)
   latGETnl: 3904512 # GET request latency on next level
   latGETnet: 0 # GET request latency on network to next level
  gbuf-0b4: # Cache stats
   hGETS: 0 # GETS hits
   hGETX: 0 # GETX hits
   mGETS: 25600 # GETS misses
   mGETXIM: 100352 # GETX I->M misses
   mGETXSM: 0 # GETX S->M misses (upgrade misses)
   PUTS: 25600 # Clean evictions (from lower level)
   PUTX: 100351 # Dirty evictions (from lower level)
   INV: 0 # Invalidates (from upper level)
   INVX: 0 # Downgrades (from upper level)
   FWD: 0 # Forwards (from upper level)
   latGETnl: 3904512 # GET request latency on next level
   latGETnet: 0 # GET request latency on network to next level
  gbuf-0b5: # Cache stats
   hGETS: 0 # GETS hits
   hGETX: 0 # GETX hits
   mGETS: 25600 # GETS misses
   mGETXIM: 100352 # GETX I->M misses
   mGETXSM: 0 # GETX S->M misses (upgrade misses)
   PUTS: 25600 # Clean evictions (from lower level)
   PUTX: 100352 # Dirty evictions (from lower level)
   INV: 0 # Invalidates (from upper level)
   INVX: 0 # Downgrades (from upper level)
   FWD: 0 # Forwards (from upper level)
   latGETnl: 3904512 # GET request latency on next level
   latGETnet: 0 # GET request latency on network to next level
  gbuf-0b6: # Cache stats
   hGETS: 0 # GETS hits
   hGETX: 0 # GETX hits
   mGETS: 25600 # GETS misses
   mGETXIM: 100352 # GETX I->M misses
   mGETXSM: 0 # GETX S->M misses (upgrade misses)
   PUTS: 25600 # Clean evictions (from lower level)
   PUTX: 100351 # Dirty evictions (from lower level)
   INV: 0 # Invalidates (from upper level)
   INVX: 0 # Downgrades (from upper level)
   FWD: 0 # Forwards (from upper level)
   latGETnl: 3904512 # GET request latency on next level
   latGETnet: 0 # GET request latency on network to next level
  gbuf-0b7: # Cache stats
   hGETS: 0 # GETS hits
   hGETX: 0 # GETX hits
   mGETS: 25600 # GETS misses
   mGETXIM: 100352 # GETX I->M misses
   mGETXSM: 0 # GETX S->M misses (upgrade misses)
   PUTS: 25599 # Clean evictions (from lower level)
   PUTX: 100352 # Dirty evictions (from lower level)
   INV: 0 # Invalidates (from upper level)
   INVX: 0 # Downgrades (from upper level)
   FWD: 0 # Forwards (from upper level)
   latGETnl: 3904512 # GET request latency on next level
   latGETnet: 0 # GET request latency on network to next level
 mem: # Memory controller stats
  mem-0: # Memory channel stats
   rd: 1007616 # Read requests
   wr: 784888 # Write requests
   rdlat: 92051111804 # Total latency experienced by read requests
   wrlat: 31276561592 # Total latency experienced by write requests
   rdmlh: # Latency histogram for read requests
    0: 0
    1: 0
    2: 0
    3: 0
    4: 0
    5: 260
    6: 50
    7: 52
    8: 49
    9: 48
    10: 0
    11: 3
    12: 29
    13: 49
    14: 52
    15: 49
    16: 24
    17: 1
    18: 1
    19: 49
    20: 55
    21: 50
    22: 50
    23: 3
    24: 1
    25: 25
    26: 52
    27: 49
    28: 56
    29: 23
    30: 5
    31: 30
    32: 54
    33: 59
    34: 54
    35: 57
    36: 11
    37: 15
    38: 15
    39: 87
    40: 68
    41: 61
    42: 34
    43: 19
    44: 16
    45: 53
    46: 37
    47: 77
    48: 35
    49: 21
    50: 2
    51: 26
    52: 54
    53: 50
    54: 51
    55: 47
    56: 26
    57: 64
    58: 34
    59: 32
    60: 7
    61: 36
    62: 46
    63: 46
    64: 48
    65: 56
    66: 14
    67: 10
    68: 35
    69: 55
    70: 48
    71: 56
    72: 45
    73: 20
    74: 22
    75: 87
    76: 56
    77: 91
    78: 58
    79: 40
    80: 57
    81: 75
    82: 57
    83: 94
    84: 75
    85: 50
    86: 37
    87: 60
    88: 90
    89: 65
    90: 57
    91: 72
    92: 39
    93: 28
    94: 36
    95: 48
    96: 53
    97: 47
    98: 39
    99: 1003387
   wrmlh: # Latency histogram for write requests
    0: 0
    1: 0
    2: 0
    3: 0
    4: 0
    5: 64
    6: 795
    7: 554
    8: 499
    9: 532
    10: 532
    11: 865
    12: 111
    13: 95
    14: 62
    15: 995
    16: 341
    17: 623
    18: 308
    19: 883
    20: 837
    21: 390
    22: 143
    23: 397
    24: 486
    25: 487
    26: 706
    27: 787
    28: 877
    29: 851
    30: 584
    31: 622
    32: 421
    33: 479
    34: 722
    35: 1429
    36: 685
    37: 963
    38: 1070
    39: 1625
    40: 394
    41: 433
    42: 483
    43: 1024
    44: 694
    45: 672
    46: 870
    47: 1327
    48: 1117
    49: 578
    50: 340
    51: 670
    52: 486
    53: 371
    54: 396
    55: 683
    56: 831
    57: 613
    58: 473
    59: 469
    60: 420
    61: 201
    62: 212
    63: 392
    64: 279
    65: 890
    66: 590
    67: 389
    68: 209
    69: 234
    70: 421
    71: 215
    72: 132
    73: 218
    74: 495
    75: 1140
    76: 469
    77: 276
    78: 225
    79: 493
    80: 176
    81: 94
    82: 269
    83: 202
    84: 342
    85: 124
    86: 164
    87: 223
    88: 205
    89: 257
    90: 70
    91: 35
    92: 48
    93: 165
    94: 61
    95: 119
    96: 53
    97: 80
    98: 188
    99: 739369
   ACT: 1792504 # Activate commands
   PRE: 1822597 # Precharge commands
   RD: 1007616 # Read commands
   WR: 784888 # Write commands
   REF: 15768 # Refresh commands
   eACTPRE: 543128712 # Activate/precharge energy
   eRDWR: 2442196696 # Read/write energy
   eREF: 52460136 # Refresh energy
   eBKGD: 1193913757 # Background energy
   eWIRE: 274253112 # Channel wire energy
 sched: # Scheduler stats
  thCr: 0 # Threads created
  thFn: 0 # Threads finished
  schedEvs: 0 # Schedule events
  waitEvs: 0 # Wait events
  handoffEvs: 0 # Handoff events
  sleepEvs: 0 # Sleep events
  idlePhases: 0 # Phases with no thread active
  idlePeriods: 0 # Periods with no thread active
  occHist: # Occupancy histogram
   0: 3073
   1: 0
  rqSzHist: # Run queue size histogram
   0: 3073
   1: 0
   2: 0
   3: 0
   4: 0
   5: 0
   6: 0
   7: 0
   8: 0
   9: 0
   10: 0
   11: 0
   12: 0
   13: 0
   14: 0
   15: 0
   16: 0
 procCycles: # Per-process unhalted core cycles
  0: 0
  1: 0
  2: 0
  3: 0
  4: 0
  5: 0
  6: 0
  7: 0
  8: 0
  9: 0
  10: 0
  11: 0
  12: 0
  13: 0
  14: 0
  15: 0
  16: 0
  17: 0
  18: 0
  19: 0
  20: 0
  21: 0
  22: 0
  23: 0
  24: 0
  25: 0
  26: 0
  27: 0
  28: 0
  29: 0
  30: 0
  31: 0
 procInstrs: # Per-process instructions
  0: 0
  1: 0
  2: 0
  3: 0
  4: 0
  5: 0
  6: 0
  7: 0
  8: 0
  9: 0
  10: 0
  11: 0
  12: 0
  13: 0
  14: 0
  15: 0
  16: 0
  17: 0
  18: 0
  19: 0
  20: 0
  21: 0
  22: 0
  23: 0
  24: 0
  25: 0
  26: 0
  27: 0
  28: 0
  29: 0
  30: 0
  31: 0
 heartbeats: # Per-process heartbeats
  0: 0
  1: 0
  2: 0
  3: 0
  4: 0
  5: 0
  6: 0
  7: 0
  8: 0
  9: 0
  10: 0
  11: 0
  12: 0
  13: 0
  14: 0
  15: 0
  16: 0
  17: 0
  18: 0
  19: 0
  20: 0
  21: 0
  22: 0
  23: 0
  24: 0
  25: 0
  26: 0
  27: 0
  28: 0
  29: 0
  30: 0
  31: 0
===
