# zsim stats
===
root: # Stats
 contention: # Contention simulation stats
  domain-0: # Domain stats
   time: 1639323 # Weave simulation time
 time: # Simulator time breakdown
  init: 679819748
  bound: 84306325958
  weave: 1852039
  ff: 1223678648
 trigger: 20000 # Reason for this stats dump
 phase: 7040 # Simulated phases
 l: # Logic unit stats
  l-0: # Logic unit stats
   cycles: 70191118 # Simulated unhalted cycles
   cCycles: 64873787 # Cycles due to contention stalls
   ops: 1066112 # Simulated operations
   compOps: 1024 # Simulated compute operations
  l-1: # Logic unit stats
   cycles: 70260168 # Simulated unhalted cycles
   cCycles: 64950153 # Cycles due to contention stalls
   ops: 1066112 # Simulated operations
   compOps: 1024 # Simulated compute operations
  l-2: # Logic unit stats
   cycles: 70329680 # Simulated unhalted cycles
   cCycles: 65019696 # Cycles due to contention stalls
   ops: 1066112 # Simulated operations
   compOps: 1024 # Simulated compute operations
  l-3: # Logic unit stats
   cycles: 70398958 # Simulated unhalted cycles
   cCycles: 65088943 # Cycles due to contention stalls
   ops: 1066112 # Simulated operations
   compOps: 1024 # Simulated compute operations
 c: # Core stats
  c-0: # Core stats
   cycles: 0 # Simulated cycles
   instrs: 0 # Simulated instructions
 rdbuf: # Cache stats
  rdbuf-0: # Filter cache stats
   fhGETS: 0 # Filtered GETS hits
   fhGETX: 0 # Filtered GETX hits
   hGETS: 0 # GETS hits
   hGETX: 0 # GETX hits
   mGETS: 1064960 # GETS misses
   mGETXIM: 0 # GETX I->M misses
   mGETXSM: 0 # GETX S->M misses (upgrade misses)
   PUTS: 0 # Clean evictions (from lower level)
   PUTX: 0 # Dirty evictions (from lower level)
   INV: 1 # Invalidates (from upper level)
   INVX: 52 # Downgrades (from upper level)
   FWD: 0 # Forwards (from upper level)
   latGETnl: 9308976 # GET request latency on next level
   latGETnet: 0 # GET request latency on network to next level
  rdbuf-1: # Filter cache stats
   fhGETS: 0 # Filtered GETS hits
   fhGETX: 0 # Filtered GETX hits
   hGETS: 0 # GETS hits
   hGETX: 0 # GETX hits
   mGETS: 1064960 # GETS misses
   mGETXIM: 0 # GETX I->M misses
   mGETXSM: 0 # GETX S->M misses (upgrade misses)
   PUTS: 0 # Clean evictions (from lower level)
   PUTX: 0 # Dirty evictions (from lower level)
   INV: 1 # Invalidates (from upper level)
   INVX: 46 # Downgrades (from upper level)
   FWD: 0 # Forwards (from upper level)
   latGETnl: 9191920 # GET request latency on next level
   latGETnet: 0 # GET request latency on network to next level
  rdbuf-2: # Filter cache stats
   fhGETS: 0 # Filtered GETS hits
   fhGETX: 0 # Filtered GETX hits
   hGETS: 0 # GETS hits
   hGETX: 0 # GETX hits
   mGETS: 1064960 # GETS misses
   mGETXIM: 0 # GETX I->M misses
   mGETXSM: 0 # GETX S->M misses (upgrade misses)
   PUTS: 0 # Clean evictions (from lower level)
   PUTX: 0 # Dirty evictions (from lower level)
   INV: 1 # Invalidates (from upper level)
   INVX: 38 # Downgrades (from upper level)
   FWD: 0 # Forwards (from upper level)
   latGETnl: 9191424 # GET request latency on next level
   latGETnet: 0 # GET request latency on network to next level
  rdbuf-3: # Filter cache stats
   fhGETS: 0 # Filtered GETS hits
   fhGETX: 0 # Filtered GETX hits
   hGETS: 0 # GETS hits
   hGETX: 0 # GETX hits
   mGETS: 1064960 # GETS misses
   mGETXIM: 0 # GETX I->M misses
   mGETXSM: 0 # GETX S->M misses (upgrade misses)
   PUTS: 0 # Clean evictions (from lower level)
   PUTX: 0 # Dirty evictions (from lower level)
   INV: 0 # Invalidates (from upper level)
   INVX: 41 # Downgrades (from upper level)
   FWD: 0 # Forwards (from upper level)
   latGETnl: 9191920 # GET request latency on next level
   latGETnet: 0 # GET request latency on network to next level
 wrbuf: # Cache stats
  wrbuf-0: # Filter cache stats
   fhGETS: 0 # Filtered GETS hits
   fhGETX: 0 # Filtered GETX hits
   hGETS: 0 # GETS hits
   hGETX: 0 # GETX hits
   mGETS: 0 # GETS misses
   mGETXIM: 1024 # GETX I->M misses
   mGETXSM: 0 # GETX S->M misses (upgrade misses)
   PUTS: 0 # Clean evictions (from lower level)
   PUTX: 0 # Dirty evictions (from lower level)
   INV: 1 # Invalidates (from upper level)
   INVX: 0 # Downgrades (from upper level)
   FWD: 0 # Forwards (from upper level)
   latGETnl: 32272 # GET request latency on next level
   latGETnet: 0 # GET request latency on network to next level
  wrbuf-1: # Filter cache stats
   fhGETS: 0 # Filtered GETS hits
   fhGETX: 0 # Filtered GETX hits
   hGETS: 0 # GETS hits
   hGETX: 0 # GETX hits
   mGETS: 0 # GETS misses
   mGETXIM: 1024 # GETX I->M misses
   mGETXSM: 0 # GETX S->M misses (upgrade misses)
   PUTS: 0 # Clean evictions (from lower level)
   PUTX: 0 # Dirty evictions (from lower level)
   INV: 1 # Invalidates (from upper level)
   INVX: 0 # Downgrades (from upper level)
   FWD: 0 # Forwards (from upper level)
   latGETnl: 32768 # GET request latency on next level
   latGETnet: 0 # GET request latency on network to next level
  wrbuf-2: # Filter cache stats
   fhGETS: 0 # Filtered GETS hits
   fhGETX: 0 # Filtered GETX hits
   hGETS: 0 # GETS hits
   hGETX: 0 # GETX hits
   mGETS: 0 # GETS misses
   mGETXIM: 1024 # GETX I->M misses
   mGETXSM: 0 # GETX S->M misses (upgrade misses)
   PUTS: 0 # Clean evictions (from lower level)
   PUTX: 0 # Dirty evictions (from lower level)
   INV: 1 # Invalidates (from upper level)
   INVX: 0 # Downgrades (from upper level)
   FWD: 0 # Forwards (from upper level)
   latGETnl: 32768 # GET request latency on next level
   latGETnet: 0 # GET request latency on network to next level
  wrbuf-3: # Filter cache stats
   fhGETS: 0 # Filtered GETS hits
   fhGETX: 0 # Filtered GETX hits
   hGETS: 0 # GETS hits
   hGETX: 0 # GETX hits
   mGETS: 0 # GETS misses
   mGETXIM: 1024 # GETX I->M misses
   mGETXSM: 0 # GETX S->M misses (upgrade misses)
   PUTS: 0 # Clean evictions (from lower level)
   PUTX: 0 # Dirty evictions (from lower level)
   INV: 1 # Invalidates (from upper level)
   INVX: 0 # Downgrades (from upper level)
   FWD: 0 # Forwards (from upper level)
   latGETnl: 32768 # GET request latency on next level
   latGETnet: 0 # GET request latency on network to next level
 gbuf: # Cache stats
  gbuf-0b0: # Cache stats
   hGETS: 400928 # GETS hits
   hGETX: 16 # GETX hits
   mGETS: 131552 # GETS misses
   mGETXIM: 496 # GETX I->M misses
   mGETXSM: 0 # GETX S->M misses (upgrade misses)
   PUTS: 532477 # Clean evictions (from lower level)
   PUTX: 512 # Dirty evictions (from lower level)
   INV: 0 # Invalidates (from upper level)
   INVX: 0 # Downgrades (from upper level)
   FWD: 0 # Forwards (from upper level)
   latGETnl: 4093488 # GET request latency on next level
   latGETnet: 0 # GET request latency on network to next level
  gbuf-0b1: # Cache stats
   hGETS: 400944 # GETS hits
   hGETX: 0 # GETX hits
   mGETS: 131536 # GETS misses
   mGETXIM: 512 # GETX I->M misses
   mGETXSM: 0 # GETX S->M misses (upgrade misses)
   PUTS: 532480 # Clean evictions (from lower level)
   PUTX: 512 # Dirty evictions (from lower level)
   INV: 0 # Invalidates (from upper level)
   INVX: 0 # Downgrades (from upper level)
   FWD: 0 # Forwards (from upper level)
   latGETnl: 4093488 # GET request latency on next level
   latGETnet: 0 # GET request latency on network to next level
  gbuf-0b2: # Cache stats
   hGETS: 400928 # GETS hits
   hGETX: 0 # GETX hits
   mGETS: 131552 # GETS misses
   mGETXIM: 512 # GETX I->M misses
   mGETXSM: 0 # GETX S->M misses (upgrade misses)
   PUTS: 532480 # Clean evictions (from lower level)
   PUTX: 512 # Dirty evictions (from lower level)
   INV: 0 # Invalidates (from upper level)
   INVX: 0 # Downgrades (from upper level)
   FWD: 0 # Forwards (from upper level)
   latGETnl: 4093984 # GET request latency on next level
   latGETnet: 0 # GET request latency on network to next level
  gbuf-0b3: # Cache stats
   hGETS: 400928 # GETS hits
   hGETX: 0 # GETX hits
   mGETS: 131552 # GETS misses
   mGETXIM: 512 # GETX I->M misses
   mGETXSM: 0 # GETX S->M misses (upgrade misses)
   PUTS: 532480 # Clean evictions (from lower level)
   PUTX: 512 # Dirty evictions (from lower level)
   INV: 0 # Invalidates (from upper level)
   INVX: 0 # Downgrades (from upper level)
   FWD: 0 # Forwards (from upper level)
   latGETnl: 4093984 # GET request latency on next level
   latGETnet: 0 # GET request latency on network to next level
  gbuf-0b4: # Cache stats
   hGETS: 400928 # GETS hits
   hGETX: 0 # GETX hits
   mGETS: 131552 # GETS misses
   mGETXIM: 512 # GETX I->M misses
   mGETXSM: 0 # GETX S->M misses (upgrade misses)
   PUTS: 532480 # Clean evictions (from lower level)
   PUTX: 512 # Dirty evictions (from lower level)
   INV: 0 # Invalidates (from upper level)
   INVX: 0 # Downgrades (from upper level)
   FWD: 0 # Forwards (from upper level)
   latGETnl: 4093984 # GET request latency on next level
   latGETnet: 0 # GET request latency on network to next level
  gbuf-0b5: # Cache stats
   hGETS: 400928 # GETS hits
   hGETX: 0 # GETX hits
   mGETS: 131552 # GETS misses
   mGETXIM: 512 # GETX I->M misses
   mGETXSM: 0 # GETX S->M misses (upgrade misses)
   PUTS: 532480 # Clean evictions (from lower level)
   PUTX: 512 # Dirty evictions (from lower level)
   INV: 0 # Invalidates (from upper level)
   INVX: 0 # Downgrades (from upper level)
   FWD: 0 # Forwards (from upper level)
   latGETnl: 4093984 # GET request latency on next level
   latGETnet: 0 # GET request latency on network to next level
  gbuf-0b6: # Cache stats
   hGETS: 400928 # GETS hits
   hGETX: 0 # GETX hits
   mGETS: 131552 # GETS misses
   mGETXIM: 512 # GETX I->M misses
   mGETXSM: 0 # GETX S->M misses (upgrade misses)
   PUTS: 532480 # Clean evictions (from lower level)
   PUTX: 512 # Dirty evictions (from lower level)
   INV: 0 # Invalidates (from upper level)
   INVX: 0 # Downgrades (from upper level)
   FWD: 0 # Forwards (from upper level)
   latGETnl: 4093984 # GET request latency on next level
   latGETnet: 0 # GET request latency on network to next level
  gbuf-0b7: # Cache stats
   hGETS: 400928 # GETS hits
   hGETX: 0 # GETX hits
   mGETS: 131552 # GETS misses
   mGETXIM: 512 # GETX I->M misses
   mGETXSM: 0 # GETX S->M misses (upgrade misses)
   PUTS: 532476 # Clean evictions (from lower level)
   PUTX: 508 # Dirty evictions (from lower level)
   INV: 0 # Invalidates (from upper level)
   INVX: 0 # Downgrades (from upper level)
   FWD: 0 # Forwards (from upper level)
   latGETnl: 4093984 # GET request latency on next level
   latGETnet: 0 # GET request latency on network to next level
 mem: # Memory controller stats
  mem-0: # Memory channel stats
   rd: 1056480 # Read requests
   wr: 4096 # Write requests
   rdlat: 232204792672 # Total latency experienced by read requests
   wrlat: 1533061794 # Total latency experienced by write requests
   rdmlh: # Latency histogram for read requests
    0: 0
    1: 0
    2: 0
    3: 0
    4: 0
    5: 0
    6: 0
    7: 0
    8: 0
    9: 0
    10: 0
    11: 0
    12: 0
    13: 0
    14: 0
    15: 0
    16: 0
    17: 0
    18: 0
    19: 0
    20: 0
    21: 0
    22: 0
    23: 0
    24: 0
    25: 1
    26: 0
    27: 0
    28: 0
    29: 0
    30: 1
    31: 0
    32: 1
    33: 0
    34: 0
    35: 0
    36: 0
    37: 1
    38: 1
    39: 0
    40: 0
    41: 0
    42: 0
    43: 1
    44: 1
    45: 0
    46: 0
    47: 0
    48: 0
    49: 0
    50: 2
    51: 0
    52: 0
    53: 0
    54: 0
    55: 0
    56: 1
    57: 0
    58: 0
    59: 0
    60: 0
    61: 0
    62: 0
    63: 1
    64: 0
    65: 0
    66: 0
    67: 0
    68: 0
    69: 1
    70: 0
    71: 0
    72: 0
    73: 0
    74: 0
    75: 1
    76: 0
    77: 0
    78: 0
    79: 0
    80: 0
    81: 1
    82: 0
    83: 0
    84: 0
    85: 0
    86: 0
    87: 1
    88: 0
    89: 0
    90: 0
    91: 0
    92: 0
    93: 0
    94: 1
    95: 0
    96: 0
    97: 0
    98: 0
    99: 1056464
   wrmlh: # Latency histogram for write requests
    0: 0
    1: 0
    2: 0
    3: 0
    4: 0
    5: 26
    6: 18
    7: 18
    8: 27
    9: 13
    10: 11
    11: 13
    12: 12
    13: 25
    14: 24
    15: 18
    16: 19
    17: 24
    18: 35
    19: 21
    20: 31
    21: 31
    22: 32
    23: 19
    24: 25
    25: 20
    26: 28
    27: 25
    28: 29
    29: 22
    30: 31
    31: 21
    32: 21
    33: 29
    34: 22
    35: 27
    36: 18
    37: 16
    38: 21
    39: 18
    40: 19
    41: 19
    42: 28
    43: 14
    44: 25
    45: 7
    46: 25
    47: 9
    48: 22
    49: 18
    50: 22
    51: 19
    52: 14
    53: 15
    54: 14
    55: 19
    56: 29
    57: 9
    58: 16
    59: 19
    60: 19
    61: 18
    62: 16
    63: 18
    64: 15
    65: 23
    66: 15
    67: 19
    68: 16
    69: 13
    70: 15
    71: 24
    72: 23
    73: 19
    74: 18
    75: 15
    76: 13
    77: 11
    78: 21
    79: 19
    80: 6
    81: 10
    82: 12
    83: 11
    84: 16
    85: 9
    86: 11
    87: 4
    88: 16
    89: 7
    90: 13
    91: 9
    92: 12
    93: 11
    94: 11
    95: 11
    96: 7
    97: 9
    98: 9
    99: 2400
   ACT: 1060576 # Activate commands
   PRE: 1164398 # Precharge commands
   RD: 1056480 # Read commands
   WR: 4096 # Write commands
   REF: 36122 # Refresh commands
   eACTPRE: 321354528 # Activate/precharge energy
   eRDWR: 1429791616 # Read/write energy
   eREF: 120177894 # Refresh energy
   eBKGD: 2683656827 # Background energy
   eWIRE: 162268128 # Channel wire energy
 sched: # Scheduler stats
  thCr: 0 # Threads created
  thFn: 0 # Threads finished
  schedEvs: 0 # Schedule events
  waitEvs: 0 # Wait events
  handoffEvs: 0 # Handoff events
  sleepEvs: 0 # Sleep events
  idlePhases: 0 # Phases with no thread active
  idlePeriods: 0 # Periods with no thread active
  occHist: # Occupancy histogram
   0: 7040
   1: 0
  rqSzHist: # Run queue size histogram
   0: 7040
   1: 0
   2: 0
   3: 0
   4: 0
   5: 0
   6: 0
   7: 0
   8: 0
   9: 0
   10: 0
   11: 0
   12: 0
   13: 0
   14: 0
   15: 0
   16: 0
 procCycles: # Per-process unhalted core cycles
  0: 0
  1: 0
  2: 0
  3: 0
  4: 0
  5: 0
  6: 0
  7: 0
  8: 0
  9: 0
  10: 0
  11: 0
  12: 0
  13: 0
  14: 0
  15: 0
  16: 0
  17: 0
  18: 0
  19: 0
  20: 0
  21: 0
  22: 0
  23: 0
  24: 0
  25: 0
  26: 0
  27: 0
  28: 0
  29: 0
  30: 0
  31: 0
 procInstrs: # Per-process instructions
  0: 0
  1: 0
  2: 0
  3: 0
  4: 0
  5: 0
  6: 0
  7: 0
  8: 0
  9: 0
  10: 0
  11: 0
  12: 0
  13: 0
  14: 0
  15: 0
  16: 0
  17: 0
  18: 0
  19: 0
  20: 0
  21: 0
  22: 0
  23: 0
  24: 0
  25: 0
  26: 0
  27: 0
  28: 0
  29: 0
  30: 0
  31: 0
 heartbeats: # Per-process heartbeats
  0: 0
  1: 0
  2: 0
  3: 0
  4: 0
  5: 0
  6: 0
  7: 0
  8: 0
  9: 0
  10: 0
  11: 0
  12: 0
  13: 0
  14: 0
  15: 0
  16: 0
  17: 0
  18: 0
  19: 0
  20: 0
  21: 0
  22: 0
  23: 0
  24: 0
  25: 0
  26: 0
  27: 0
  28: 0
  29: 0
  30: 0
  31: 0
===
