# zsim stats
===
root: # Stats
 contention: # Contention simulation stats
  domain-0: # Domain stats
   time: 193752921 # Weave simulation time
 time: # Simulator time breakdown
  init: 2519777209
  bound: 116426318868
  weave: 193784737
  ff: 1245573992
 trigger: 20000 # Reason for this stats dump
 phase: 523 # Simulated phases
 l: # Logic unit stats
  l-0: # Logic unit stats
   cycles: 5070907 # Simulated unhalted cycles
   cCycles: 4308475 # Cycles due to contention stalls
   ops: 125968 # Simulated operations
   compOps: 16 # Simulated compute operations
  l-1: # Logic unit stats
   cycles: 5093347 # Simulated unhalted cycles
   cCycles: 4330915 # Cycles due to contention stalls
   ops: 125968 # Simulated operations
   compOps: 16 # Simulated compute operations
  l-2: # Logic unit stats
   cycles: 5197895 # Simulated unhalted cycles
   cCycles: 4423175 # Cycles due to contention stalls
   ops: 129040 # Simulated operations
   compOps: 16 # Simulated compute operations
  l-3: # Logic unit stats
   cycles: 5224937 # Simulated unhalted cycles
   cCycles: 4450217 # Cycles due to contention stalls
   ops: 129040 # Simulated operations
   compOps: 16 # Simulated compute operations
 c: # Core stats
  c-0: # Core stats
   cycles: 0 # Simulated cycles
   instrs: 0 # Simulated instructions
  c-1: # Core stats
   cycles: 0 # Simulated cycles
   instrs: 0 # Simulated instructions
  c-2: # Core stats
   cycles: 0 # Simulated cycles
   instrs: 0 # Simulated instructions
  c-3: # Core stats
   cycles: 0 # Simulated cycles
   instrs: 0 # Simulated instructions
 rdbuf: # Cache stats
  rdbuf-0: # Filter cache stats
   fhGETS: 0 # Filtered GETS hits
   fhGETX: 0 # Filtered GETX hits
   hGETS: 0 # GETS hits
   hGETX: 0 # GETX hits
   mGETS: 369408 # GETS misses
   mGETXIM: 0 # GETX I->M misses
   mGETXSM: 0 # GETX S->M misses (upgrade misses)
   PUTS: 0 # Clean evictions (from lower level)
   PUTX: 0 # Dirty evictions (from lower level)
   INV: 32 # Invalidates (from upper level)
   INVX: 0 # Downgrades (from upper level)
   FWD: 0 # Forwards (from upper level)
   latGETnl: 11821056 # GET request latency on next level
   latGETnet: 0 # GET request latency on network to next level
  rdbuf-1: # Filter cache stats
   fhGETS: 0 # Filtered GETS hits
   fhGETX: 0 # Filtered GETX hits
   hGETS: 0 # GETS hits
   hGETX: 0 # GETX hits
   mGETS: 369792 # GETS misses
   mGETXIM: 0 # GETX I->M misses
   mGETXSM: 0 # GETX S->M misses (upgrade misses)
   PUTS: 0 # Clean evictions (from lower level)
   PUTX: 0 # Dirty evictions (from lower level)
   INV: 32 # Invalidates (from upper level)
   INVX: 0 # Downgrades (from upper level)
   FWD: 0 # Forwards (from upper level)
   latGETnl: 11833344 # GET request latency on next level
   latGETnet: 0 # GET request latency on network to next level
  rdbuf-2: # Filter cache stats
   fhGETS: 0 # Filtered GETS hits
   fhGETX: 0 # Filtered GETX hits
   hGETS: 0 # GETS hits
   hGETX: 0 # GETX hits
   mGETS: 376320 # GETS misses
   mGETXIM: 0 # GETX I->M misses
   mGETXSM: 0 # GETX S->M misses (upgrade misses)
   PUTS: 0 # Clean evictions (from lower level)
   PUTX: 0 # Dirty evictions (from lower level)
   INV: 32 # Invalidates (from upper level)
   INVX: 0 # Downgrades (from upper level)
   FWD: 0 # Forwards (from upper level)
   latGETnl: 12042240 # GET request latency on next level
   latGETnet: 0 # GET request latency on network to next level
  rdbuf-3: # Filter cache stats
   fhGETS: 0 # Filtered GETS hits
   fhGETX: 0 # Filtered GETX hits
   hGETS: 0 # GETS hits
   hGETX: 0 # GETX hits
   mGETS: 376320 # GETS misses
   mGETXIM: 0 # GETX I->M misses
   mGETXSM: 0 # GETX S->M misses (upgrade misses)
   PUTS: 0 # Clean evictions (from lower level)
   PUTX: 0 # Dirty evictions (from lower level)
   INV: 32 # Invalidates (from upper level)
   INVX: 0 # Downgrades (from upper level)
   FWD: 0 # Forwards (from upper level)
   latGETnl: 12042240 # GET request latency on next level
   latGETnet: 0 # GET request latency on network to next level
 wrbuf: # Cache stats
  wrbuf-0: # Filter cache stats
   fhGETS: 0 # Filtered GETS hits
   fhGETX: 0 # Filtered GETX hits
   hGETS: 0 # GETS hits
   hGETX: 0 # GETX hits
   mGETS: 0 # GETS misses
   mGETXIM: 108864 # GETX I->M misses
   mGETXSM: 0 # GETX S->M misses (upgrade misses)
   PUTS: 0 # Clean evictions (from lower level)
   PUTX: 0 # Dirty evictions (from lower level)
   INV: 30 # Invalidates (from upper level)
   INVX: 0 # Downgrades (from upper level)
   FWD: 0 # Forwards (from upper level)
   latGETnl: 3483648 # GET request latency on next level
   latGETnet: 0 # GET request latency on network to next level
  wrbuf-1: # Filter cache stats
   fhGETS: 0 # Filtered GETS hits
   fhGETX: 0 # Filtered GETX hits
   hGETS: 0 # GETS hits
   hGETX: 0 # GETX hits
   mGETS: 0 # GETS misses
   mGETXIM: 111456 # GETX I->M misses
   mGETXSM: 0 # GETX S->M misses (upgrade misses)
   PUTS: 0 # Clean evictions (from lower level)
   PUTX: 0 # Dirty evictions (from lower level)
   INV: 30 # Invalidates (from upper level)
   INVX: 0 # Downgrades (from upper level)
   FWD: 0 # Forwards (from upper level)
   latGETnl: 3566592 # GET request latency on next level
   latGETnet: 0 # GET request latency on network to next level
  wrbuf-2: # Filter cache stats
   fhGETS: 0 # Filtered GETS hits
   fhGETX: 0 # Filtered GETX hits
   hGETS: 0 # GETS hits
   hGETX: 0 # GETX hits
   mGETS: 0 # GETS misses
   mGETXIM: 112896 # GETX I->M misses
   mGETXSM: 0 # GETX S->M misses (upgrade misses)
   PUTS: 0 # Clean evictions (from lower level)
   PUTX: 0 # Dirty evictions (from lower level)
   INV: 30 # Invalidates (from upper level)
   INVX: 0 # Downgrades (from upper level)
   FWD: 0 # Forwards (from upper level)
   latGETnl: 3612672 # GET request latency on next level
   latGETnet: 0 # GET request latency on network to next level
  wrbuf-3: # Filter cache stats
   fhGETS: 0 # Filtered GETS hits
   fhGETX: 0 # Filtered GETX hits
   hGETS: 0 # GETS hits
   hGETX: 0 # GETX hits
   mGETS: 0 # GETS misses
   mGETXIM: 115584 # GETX I->M misses
   mGETXSM: 0 # GETX S->M misses (upgrade misses)
   PUTS: 0 # Clean evictions (from lower level)
   PUTX: 0 # Dirty evictions (from lower level)
   INV: 30 # Invalidates (from upper level)
   INVX: 0 # Downgrades (from upper level)
   FWD: 0 # Forwards (from upper level)
   latGETnl: 3698688 # GET request latency on next level
   latGETnet: 0 # GET request latency on network to next level
 gbuf: # Cache stats
  gbuf-0b0: # Cache stats
   hGETS: 0 # GETS hits
   hGETX: 0 # GETX hits
   mGETS: 46179 # GETS misses
   mGETXIM: 13608 # GETX I->M misses
   mGETXSM: 0 # GETX S->M misses (upgrade misses)
   PUTS: 46175 # Clean evictions (from lower level)
   PUTX: 13603 # Dirty evictions (from lower level)
   INV: 0 # Invalidates (from upper level)
   INVX: 0 # Downgrades (from upper level)
   FWD: 0 # Forwards (from upper level)
   latGETnl: 1853397 # GET request latency on next level
   latGETnet: 0 # GET request latency on network to next level
  gbuf-0b1: # Cache stats
   hGETS: 0 # GETS hits
   hGETX: 0 # GETX hits
   mGETS: 46178 # GETS misses
   mGETXIM: 13605 # GETX I->M misses
   mGETXSM: 0 # GETX S->M misses (upgrade misses)
   PUTS: 46174 # Clean evictions (from lower level)
   PUTX: 13600 # Dirty evictions (from lower level)
   INV: 0 # Invalidates (from upper level)
   INVX: 0 # Downgrades (from upper level)
   FWD: 0 # Forwards (from upper level)
   latGETnl: 1853273 # GET request latency on next level
   latGETnet: 0 # GET request latency on network to next level
  gbuf-0b2: # Cache stats
   hGETS: 0 # GETS hits
   hGETX: 0 # GETX hits
   mGETS: 46166 # GETS misses
   mGETXIM: 13609 # GETX I->M misses
   mGETXSM: 0 # GETX S->M misses (upgrade misses)
   PUTS: 46162 # Clean evictions (from lower level)
   PUTX: 13604 # Dirty evictions (from lower level)
   INV: 0 # Invalidates (from upper level)
   INVX: 0 # Downgrades (from upper level)
   FWD: 0 # Forwards (from upper level)
   latGETnl: 1853025 # GET request latency on next level
   latGETnet: 0 # GET request latency on network to next level
  gbuf-0b3: # Cache stats
   hGETS: 0 # GETS hits
   hGETX: 0 # GETX hits
   mGETS: 46171 # GETS misses
   mGETXIM: 13611 # GETX I->M misses
   mGETXSM: 0 # GETX S->M misses (upgrade misses)
   PUTS: 46167 # Clean evictions (from lower level)
   PUTX: 13606 # Dirty evictions (from lower level)
   INV: 0 # Invalidates (from upper level)
   INVX: 0 # Downgrades (from upper level)
   FWD: 0 # Forwards (from upper level)
   latGETnl: 1853242 # GET request latency on next level
   latGETnet: 0 # GET request latency on network to next level
  gbuf-0b4: # Cache stats
   hGETS: 0 # GETS hits
   hGETX: 0 # GETX hits
   mGETS: 46174 # GETS misses
   mGETXIM: 13607 # GETX I->M misses
   mGETXSM: 0 # GETX S->M misses (upgrade misses)
   PUTS: 46170 # Clean evictions (from lower level)
   PUTX: 13605 # Dirty evictions (from lower level)
   INV: 0 # Invalidates (from upper level)
   INVX: 0 # Downgrades (from upper level)
   FWD: 0 # Forwards (from upper level)
   latGETnl: 1853211 # GET request latency on next level
   latGETnet: 0 # GET request latency on network to next level
  gbuf-0b5: # Cache stats
   hGETS: 0 # GETS hits
   hGETX: 0 # GETX hits
   mGETS: 46180 # GETS misses
   mGETXIM: 13610 # GETX I->M misses
   mGETXSM: 0 # GETX S->M misses (upgrade misses)
   PUTS: 46176 # Clean evictions (from lower level)
   PUTX: 13608 # Dirty evictions (from lower level)
   INV: 0 # Invalidates (from upper level)
   INVX: 0 # Downgrades (from upper level)
   FWD: 0 # Forwards (from upper level)
   latGETnl: 1853490 # GET request latency on next level
   latGETnet: 0 # GET request latency on network to next level
  gbuf-0b6: # Cache stats
   hGETS: 0 # GETS hits
   hGETX: 0 # GETX hits
   mGETS: 46190 # GETS misses
   mGETXIM: 13607 # GETX I->M misses
   mGETXSM: 0 # GETX S->M misses (upgrade misses)
   PUTS: 46186 # Clean evictions (from lower level)
   PUTX: 13603 # Dirty evictions (from lower level)
   INV: 0 # Invalidates (from upper level)
   INVX: 0 # Downgrades (from upper level)
   FWD: 0 # Forwards (from upper level)
   latGETnl: 1853707 # GET request latency on next level
   latGETnet: 0 # GET request latency on network to next level
  gbuf-0b7: # Cache stats
   hGETS: 0 # GETS hits
   hGETX: 0 # GETX hits
   mGETS: 46170 # GETS misses
   mGETXIM: 13607 # GETX I->M misses
   mGETXSM: 0 # GETX S->M misses (upgrade misses)
   PUTS: 46166 # Clean evictions (from lower level)
   PUTX: 13603 # Dirty evictions (from lower level)
   INV: 0 # Invalidates (from upper level)
   INVX: 0 # Downgrades (from upper level)
   FWD: 0 # Forwards (from upper level)
   latGETnl: 1853087 # GET request latency on next level
   latGETnet: 0 # GET request latency on network to next level
  gbuf-1b0: # Cache stats
   hGETS: 0 # GETS hits
   hGETX: 0 # GETX hits
   mGETS: 46227 # GETS misses
   mGETXIM: 13934 # GETX I->M misses
   mGETXSM: 0 # GETX S->M misses (upgrade misses)
   PUTS: 46223 # Clean evictions (from lower level)
   PUTX: 13930 # Dirty evictions (from lower level)
   INV: 0 # Invalidates (from upper level)
   INVX: 0 # Downgrades (from upper level)
   FWD: 0 # Forwards (from upper level)
   latGETnl: 1864991 # GET request latency on next level
   latGETnet: 0 # GET request latency on network to next level
  gbuf-1b1: # Cache stats
   hGETS: 0 # GETS hits
   hGETX: 0 # GETX hits
   mGETS: 46223 # GETS misses
   mGETXIM: 13941 # GETX I->M misses
   mGETXSM: 0 # GETX S->M misses (upgrade misses)
   PUTS: 46219 # Clean evictions (from lower level)
   PUTX: 13937 # Dirty evictions (from lower level)
   INV: 0 # Invalidates (from upper level)
   INVX: 0 # Downgrades (from upper level)
   FWD: 0 # Forwards (from upper level)
   latGETnl: 1865084 # GET request latency on next level
   latGETnet: 0 # GET request latency on network to next level
  gbuf-1b2: # Cache stats
   hGETS: 0 # GETS hits
   hGETX: 0 # GETX hits
   mGETS: 46233 # GETS misses
   mGETXIM: 13933 # GETX I->M misses
   mGETXSM: 0 # GETX S->M misses (upgrade misses)
   PUTS: 46229 # Clean evictions (from lower level)
   PUTX: 13929 # Dirty evictions (from lower level)
   INV: 0 # Invalidates (from upper level)
   INVX: 0 # Downgrades (from upper level)
   FWD: 0 # Forwards (from upper level)
   latGETnl: 1865146 # GET request latency on next level
   latGETnet: 0 # GET request latency on network to next level
  gbuf-1b3: # Cache stats
   hGETS: 0 # GETS hits
   hGETX: 0 # GETX hits
   mGETS: 46227 # GETS misses
   mGETXIM: 13930 # GETX I->M misses
   mGETXSM: 0 # GETX S->M misses (upgrade misses)
   PUTS: 46223 # Clean evictions (from lower level)
   PUTX: 13926 # Dirty evictions (from lower level)
   INV: 0 # Invalidates (from upper level)
   INVX: 0 # Downgrades (from upper level)
   FWD: 0 # Forwards (from upper level)
   latGETnl: 1864867 # GET request latency on next level
   latGETnet: 0 # GET request latency on network to next level
  gbuf-1b4: # Cache stats
   hGETS: 0 # GETS hits
   hGETX: 0 # GETX hits
   mGETS: 46222 # GETS misses
   mGETXIM: 13928 # GETX I->M misses
   mGETXSM: 0 # GETX S->M misses (upgrade misses)
   PUTS: 46217 # Clean evictions (from lower level)
   PUTX: 13923 # Dirty evictions (from lower level)
   INV: 0 # Invalidates (from upper level)
   INVX: 0 # Downgrades (from upper level)
   FWD: 0 # Forwards (from upper level)
   latGETnl: 1864650 # GET request latency on next level
   latGETnet: 0 # GET request latency on network to next level
  gbuf-1b5: # Cache stats
   hGETS: 0 # GETS hits
   hGETX: 0 # GETX hits
   mGETS: 46221 # GETS misses
   mGETXIM: 13920 # GETX I->M misses
   mGETXSM: 0 # GETX S->M misses (upgrade misses)
   PUTS: 46216 # Clean evictions (from lower level)
   PUTX: 13915 # Dirty evictions (from lower level)
   INV: 0 # Invalidates (from upper level)
   INVX: 0 # Downgrades (from upper level)
   FWD: 0 # Forwards (from upper level)
   latGETnl: 1864371 # GET request latency on next level
   latGETnet: 0 # GET request latency on network to next level
  gbuf-1b6: # Cache stats
   hGETS: 0 # GETS hits
   hGETX: 0 # GETX hits
   mGETS: 46213 # GETS misses
   mGETXIM: 13932 # GETX I->M misses
   mGETXSM: 0 # GETX S->M misses (upgrade misses)
   PUTS: 46210 # Clean evictions (from lower level)
   PUTX: 13929 # Dirty evictions (from lower level)
   INV: 0 # Invalidates (from upper level)
   INVX: 0 # Downgrades (from upper level)
   FWD: 0 # Forwards (from upper level)
   latGETnl: 1864495 # GET request latency on next level
   latGETnet: 0 # GET request latency on network to next level
  gbuf-1b7: # Cache stats
   hGETS: 0 # GETS hits
   hGETX: 0 # GETX hits
   mGETS: 46226 # GETS misses
   mGETXIM: 13938 # GETX I->M misses
   mGETXSM: 0 # GETX S->M misses (upgrade misses)
   PUTS: 46223 # Clean evictions (from lower level)
   PUTX: 13935 # Dirty evictions (from lower level)
   INV: 0 # Invalidates (from upper level)
   INVX: 0 # Downgrades (from upper level)
   FWD: 0 # Forwards (from upper level)
   latGETnl: 1865084 # GET request latency on next level
   latGETnet: 0 # GET request latency on network to next level
  gbuf-2b0: # Cache stats
   hGETS: 0 # GETS hits
   hGETX: 0 # GETX hits
   mGETS: 47040 # GETS misses
   mGETXIM: 14112 # GETX I->M misses
   mGETXSM: 0 # GETX S->M misses (upgrade misses)
   PUTS: 47036 # Clean evictions (from lower level)
   PUTX: 14108 # Dirty evictions (from lower level)
   INV: 0 # Invalidates (from upper level)
   INVX: 0 # Downgrades (from upper level)
   FWD: 0 # Forwards (from upper level)
   latGETnl: 1895712 # GET request latency on next level
   latGETnet: 0 # GET request latency on network to next level
  gbuf-2b1: # Cache stats
   hGETS: 0 # GETS hits
   hGETX: 0 # GETX hits
   mGETS: 47035 # GETS misses
   mGETXIM: 14116 # GETX I->M misses
   mGETXSM: 0 # GETX S->M misses (upgrade misses)
   PUTS: 47032 # Clean evictions (from lower level)
   PUTX: 14111 # Dirty evictions (from lower level)
   INV: 0 # Invalidates (from upper level)
   INVX: 0 # Downgrades (from upper level)
   FWD: 0 # Forwards (from upper level)
   latGETnl: 1895681 # GET request latency on next level
   latGETnet: 0 # GET request latency on network to next level
  gbuf-2b2: # Cache stats
   hGETS: 0 # GETS hits
   hGETX: 0 # GETX hits
   mGETS: 47047 # GETS misses
   mGETXIM: 14115 # GETX I->M misses
   mGETXSM: 0 # GETX S->M misses (upgrade misses)
   PUTS: 47042 # Clean evictions (from lower level)
   PUTX: 14111 # Dirty evictions (from lower level)
   INV: 0 # Invalidates (from upper level)
   INVX: 0 # Downgrades (from upper level)
   FWD: 0 # Forwards (from upper level)
   latGETnl: 1896022 # GET request latency on next level
   latGETnet: 0 # GET request latency on network to next level
  gbuf-2b3: # Cache stats
   hGETS: 0 # GETS hits
   hGETX: 0 # GETX hits
   mGETS: 47043 # GETS misses
   mGETXIM: 14111 # GETX I->M misses
   mGETXSM: 0 # GETX S->M misses (upgrade misses)
   PUTS: 47039 # Clean evictions (from lower level)
   PUTX: 14106 # Dirty evictions (from lower level)
   INV: 0 # Invalidates (from upper level)
   INVX: 0 # Downgrades (from upper level)
   FWD: 0 # Forwards (from upper level)
   latGETnl: 1895774 # GET request latency on next level
   latGETnet: 0 # GET request latency on network to next level
  gbuf-2b4: # Cache stats
   hGETS: 0 # GETS hits
   hGETX: 0 # GETX hits
   mGETS: 47043 # GETS misses
   mGETXIM: 14112 # GETX I->M misses
   mGETXSM: 0 # GETX S->M misses (upgrade misses)
   PUTS: 47039 # Clean evictions (from lower level)
   PUTX: 14107 # Dirty evictions (from lower level)
   INV: 0 # Invalidates (from upper level)
   INVX: 0 # Downgrades (from upper level)
   FWD: 0 # Forwards (from upper level)
   latGETnl: 1895805 # GET request latency on next level
   latGETnet: 0 # GET request latency on network to next level
  gbuf-2b5: # Cache stats
   hGETS: 0 # GETS hits
   hGETX: 0 # GETX hits
   mGETS: 47035 # GETS misses
   mGETXIM: 14107 # GETX I->M misses
   mGETXSM: 0 # GETX S->M misses (upgrade misses)
   PUTS: 47030 # Clean evictions (from lower level)
   PUTX: 14105 # Dirty evictions (from lower level)
   INV: 0 # Invalidates (from upper level)
   INVX: 0 # Downgrades (from upper level)
   FWD: 0 # Forwards (from upper level)
   latGETnl: 1895402 # GET request latency on next level
   latGETnet: 0 # GET request latency on network to next level
  gbuf-2b6: # Cache stats
   hGETS: 0 # GETS hits
   hGETX: 0 # GETX hits
   mGETS: 47033 # GETS misses
   mGETXIM: 14111 # GETX I->M misses
   mGETXSM: 0 # GETX S->M misses (upgrade misses)
   PUTS: 47030 # Clean evictions (from lower level)
   PUTX: 14108 # Dirty evictions (from lower level)
   INV: 0 # Invalidates (from upper level)
   INVX: 0 # Downgrades (from upper level)
   FWD: 0 # Forwards (from upper level)
   latGETnl: 1895464 # GET request latency on next level
   latGETnet: 0 # GET request latency on network to next level
  gbuf-2b7: # Cache stats
   hGETS: 0 # GETS hits
   hGETX: 0 # GETX hits
   mGETS: 47044 # GETS misses
   mGETXIM: 14112 # GETX I->M misses
   mGETXSM: 0 # GETX S->M misses (upgrade misses)
   PUTS: 47040 # Clean evictions (from lower level)
   PUTX: 14108 # Dirty evictions (from lower level)
   INV: 0 # Invalidates (from upper level)
   INVX: 0 # Downgrades (from upper level)
   FWD: 0 # Forwards (from upper level)
   latGETnl: 1895836 # GET request latency on next level
   latGETnet: 0 # GET request latency on network to next level
  gbuf-3b0: # Cache stats
   hGETS: 0 # GETS hits
   hGETX: 0 # GETX hits
   mGETS: 47035 # GETS misses
   mGETXIM: 14445 # GETX I->M misses
   mGETXSM: 0 # GETX S->M misses (upgrade misses)
   PUTS: 47031 # Clean evictions (from lower level)
   PUTX: 14441 # Dirty evictions (from lower level)
   INV: 0 # Invalidates (from upper level)
   INVX: 0 # Downgrades (from upper level)
   FWD: 0 # Forwards (from upper level)
   latGETnl: 1905880 # GET request latency on next level
   latGETnet: 0 # GET request latency on network to next level
  gbuf-3b1: # Cache stats
   hGETS: 0 # GETS hits
   hGETX: 0 # GETX hits
   mGETS: 47041 # GETS misses
   mGETXIM: 14436 # GETX I->M misses
   mGETXSM: 0 # GETX S->M misses (upgrade misses)
   PUTS: 47037 # Clean evictions (from lower level)
   PUTX: 14432 # Dirty evictions (from lower level)
   INV: 0 # Invalidates (from upper level)
   INVX: 0 # Downgrades (from upper level)
   FWD: 0 # Forwards (from upper level)
   latGETnl: 1905787 # GET request latency on next level
   latGETnet: 0 # GET request latency on network to next level
  gbuf-3b2: # Cache stats
   hGETS: 0 # GETS hits
   hGETX: 0 # GETX hits
   mGETS: 47030 # GETS misses
   mGETXIM: 14445 # GETX I->M misses
   mGETXSM: 0 # GETX S->M misses (upgrade misses)
   PUTS: 47026 # Clean evictions (from lower level)
   PUTX: 14441 # Dirty evictions (from lower level)
   INV: 0 # Invalidates (from upper level)
   INVX: 0 # Downgrades (from upper level)
   FWD: 0 # Forwards (from upper level)
   latGETnl: 1905725 # GET request latency on next level
   latGETnet: 0 # GET request latency on network to next level
  gbuf-3b3: # Cache stats
   hGETS: 0 # GETS hits
   hGETX: 0 # GETX hits
   mGETS: 47040 # GETS misses
   mGETXIM: 14448 # GETX I->M misses
   mGETXSM: 0 # GETX S->M misses (upgrade misses)
   PUTS: 47036 # Clean evictions (from lower level)
   PUTX: 14444 # Dirty evictions (from lower level)
   INV: 0 # Invalidates (from upper level)
   INVX: 0 # Downgrades (from upper level)
   FWD: 0 # Forwards (from upper level)
   latGETnl: 1906128 # GET request latency on next level
   latGETnet: 0 # GET request latency on network to next level
  gbuf-3b4: # Cache stats
   hGETS: 0 # GETS hits
   hGETX: 0 # GETX hits
   mGETS: 47042 # GETS misses
   mGETXIM: 14452 # GETX I->M misses
   mGETXSM: 0 # GETX S->M misses (upgrade misses)
   PUTS: 47039 # Clean evictions (from lower level)
   PUTX: 14447 # Dirty evictions (from lower level)
   INV: 0 # Invalidates (from upper level)
   INVX: 0 # Downgrades (from upper level)
   FWD: 0 # Forwards (from upper level)
   latGETnl: 1906314 # GET request latency on next level
   latGETnet: 0 # GET request latency on network to next level
  gbuf-3b5: # Cache stats
   hGETS: 0 # GETS hits
   hGETX: 0 # GETX hits
   mGETS: 47043 # GETS misses
   mGETXIM: 14462 # GETX I->M misses
   mGETXSM: 0 # GETX S->M misses (upgrade misses)
   PUTS: 47040 # Clean evictions (from lower level)
   PUTX: 14457 # Dirty evictions (from lower level)
   INV: 0 # Invalidates (from upper level)
   INVX: 0 # Downgrades (from upper level)
   FWD: 0 # Forwards (from upper level)
   latGETnl: 1906655 # GET request latency on next level
   latGETnet: 0 # GET request latency on network to next level
  gbuf-3b6: # Cache stats
   hGETS: 0 # GETS hits
   hGETX: 0 # GETX hits
   mGETS: 47049 # GETS misses
   mGETXIM: 14451 # GETX I->M misses
   mGETXSM: 0 # GETX S->M misses (upgrade misses)
   PUTS: 47044 # Clean evictions (from lower level)
   PUTX: 14448 # Dirty evictions (from lower level)
   INV: 0 # Invalidates (from upper level)
   INVX: 0 # Downgrades (from upper level)
   FWD: 0 # Forwards (from upper level)
   latGETnl: 1906500 # GET request latency on next level
   latGETnet: 0 # GET request latency on network to next level
  gbuf-3b7: # Cache stats
   hGETS: 0 # GETS hits
   hGETX: 0 # GETX hits
   mGETS: 47040 # GETS misses
   mGETXIM: 14445 # GETX I->M misses
   mGETXSM: 0 # GETX S->M misses (upgrade misses)
   PUTS: 47035 # Clean evictions (from lower level)
   PUTX: 14442 # Dirty evictions (from lower level)
   INV: 0 # Invalidates (from upper level)
   INVX: 0 # Downgrades (from upper level)
   FWD: 0 # Forwards (from upper level)
   latGETnl: 1906035 # GET request latency on next level
   latGETnet: 0 # GET request latency on network to next level
 mem: # Memory controller stats
  mem-0: # Memory channel stats
   rd: 478272 # Read requests
   wr: 104768 # Write requests
   rdlat: 70187981580 # Total latency experienced by read requests
   wrlat: 7618155872 # Total latency experienced by write requests
   rdmlh: # Latency histogram for read requests
    0: 0
    1: 0
    2: 0
    3: 0
    4: 0
    5: 58
    6: 66
    7: 17
    8: 4
    9: 4
    10: 2
    11: 20
    12: 68
    13: 36
    14: 2
    15: 5
    16: 0
    17: 12
    18: 79
    19: 52
    20: 2
    21: 3
    22: 0
    23: 0
    24: 26
    25: 104
    26: 8
    27: 5
    28: 5
    29: 2
    30: 20
    31: 105
    32: 15
    33: 7
    34: 12
    35: 14
    36: 13
    37: 92
    38: 57
    39: 20
    40: 21
    41: 20
    42: 11
    43: 51
    44: 37
    45: 18
    46: 20
    47: 30
    48: 15
    49: 15
    50: 32
    51: 26
    52: 26
    53: 30
    54: 18
    55: 16
    56: 28
    57: 22
    58: 18
    59: 40
    60: 27
    61: 19
    62: 17
    63: 19
    64: 14
    65: 34
    66: 32
    67: 25
    68: 16
    69: 14
    70: 21
    71: 29
    72: 26
    73: 38
    74: 19
    75: 19
    76: 16
    77: 25
    78: 24
    79: 35
    80: 24
    81: 31
    82: 12
    83: 32
    84: 15
    85: 28
    86: 26
    87: 31
    88: 22
    89: 35
    90: 15
    91: 26
    92: 30
    93: 30
    94: 27
    95: 36
    96: 19
    97: 19
    98: 40
    99: 475876
   wrmlh: # Latency histogram for write requests
    0: 0
    1: 0
    2: 0
    3: 0
    4: 0
    5: 12
    6: 5
    7: 7
    8: 43
    9: 46
    10: 46
    11: 36
    12: 12
    13: 10
    14: 11
    15: 6
    16: 12
    17: 57
    18: 54
    19: 52
    20: 26
    21: 14
    22: 16
    23: 15
    24: 19
    25: 21
    26: 57
    27: 114
    28: 87
    29: 53
    30: 59
    31: 115
    32: 140
    33: 112
    34: 159
    35: 320
    36: 398
    37: 318
    38: 277
    39: 501
    40: 566
    41: 436
    42: 456
    43: 714
    44: 622
    45: 508
    46: 482
    47: 665
    48: 536
    49: 330
    50: 349
    51: 504
    52: 437
    53: 331
    54: 335
    55: 437
    56: 323
    57: 253
    58: 235
    59: 314
    60: 274
    61: 188
    62: 183
    63: 244
    64: 216
    65: 146
    66: 140
    67: 190
    68: 163
    69: 95
    70: 116
    71: 148
    72: 126
    73: 110
    74: 82
    75: 113
    76: 99
    77: 66
    78: 54
    79: 78
    80: 75
    81: 55
    82: 58
    83: 51
    84: 59
    85: 32
    86: 42
    87: 48
    88: 39
    89: 22
    90: 42
    91: 33
    92: 27
    93: 16
    94: 19
    95: 28
    96: 27
    97: 15
    98: 11
    99: 89175
   ACT: 583040 # Activate commands
   PRE: 590781 # Precharge commands
   RD: 478272 # Read commands
   WR: 104768 # Write commands
   REF: 2684 # Refresh commands
   eACTPRE: 176661120 # Activate/precharge energy
   eRDWR: 789395264 # Read/write energy
   eREF: 8929668 # Refresh energy
   eBKGD: 208004535 # Background energy
   eWIRE: 89205120 # Channel wire energy
  mem-1: # Memory channel stats
   rd: 481248 # Read requests
   wr: 107360 # Write requests
   rdlat: 70884269050 # Total latency experienced by read requests
   wrlat: 7901256568 # Total latency experienced by write requests
   rdmlh: # Latency histogram for read requests
    0: 0
    1: 0
    2: 0
    3: 0
    4: 0
    5: 63
    6: 61
    7: 14
    8: 6
    9: 5
    10: 0
    11: 14
    12: 76
    13: 36
    14: 3
    15: 5
    16: 3
    17: 13
    18: 61
    19: 58
    20: 2
    21: 2
    22: 3
    23: 3
    24: 30
    25: 92
    26: 8
    27: 6
    28: 4
    29: 8
    30: 18
    31: 101
    32: 11
    33: 9
    34: 6
    35: 8
    36: 11
    37: 97
    38: 37
    39: 35
    40: 25
    41: 28
    42: 14
    43: 57
    44: 42
    45: 18
    46: 21
    47: 29
    48: 21
    49: 19
    50: 17
    51: 28
    52: 28
    53: 35
    54: 21
    55: 22
    56: 12
    57: 26
    58: 26
    59: 31
    60: 33
    61: 26
    62: 12
    63: 26
    64: 20
    65: 27
    66: 26
    67: 33
    68: 16
    69: 26
    70: 22
    71: 12
    72: 24
    73: 41
    74: 24
    75: 27
    76: 26
    77: 23
    78: 20
    79: 28
    80: 34
    81: 29
    82: 25
    83: 28
    84: 18
    85: 23
    86: 23
    87: 29
    88: 31
    89: 30
    90: 16
    91: 21
    92: 20
    93: 26
    94: 30
    95: 30
    96: 22
    97: 20
    98: 21
    99: 478851
   wrmlh: # Latency histogram for write requests
    0: 0
    1: 0
    2: 0
    3: 0
    4: 0
    5: 12
    6: 3
    7: 2
    8: 7
    9: 10
    10: 12
    11: 17
    12: 57
    13: 50
    14: 20
    15: 16
    16: 20
    17: 21
    18: 18
    19: 39
    20: 46
    21: 51
    22: 42
    23: 52
    24: 34
    25: 36
    26: 37
    27: 104
    28: 96
    29: 89
    30: 99
    31: 152
    32: 155
    33: 126
    34: 149
    35: 303
    36: 324
    37: 297
    38: 300
    39: 566
    40: 606
    41: 475
    42: 525
    43: 690
    44: 753
    45: 492
    46: 468
    47: 600
    48: 511
    49: 409
    50: 365
    51: 497
    52: 442
    53: 304
    54: 266
    55: 398
    56: 334
    57: 216
    58: 220
    59: 273
    60: 284
    61: 182
    62: 171
    63: 228
    64: 236
    65: 129
    66: 145
    67: 177
    68: 180
    69: 126
    70: 116
    71: 151
    72: 125
    73: 91
    74: 95
    75: 109
    76: 108
    77: 78
    78: 65
    79: 90
    80: 67
    81: 50
    82: 55
    83: 58
    84: 58
    85: 27
    86: 49
    87: 41
    88: 34
    89: 23
    90: 32
    91: 33
    92: 18
    93: 28
    94: 14
    95: 23
    96: 23
    97: 14
    98: 18
    99: 91603
   ACT: 588608 # Activate commands
   PRE: 596373 # Precharge commands
   RD: 481248 # Read commands
   WR: 107360 # Write commands
   REF: 2684 # Refresh commands
   eACTPRE: 178348224 # Activate/precharge energy
   eRDWR: 796986464 # Read/write energy
   eREF: 8929668 # Refresh energy
   eBKGD: 207954921 # Background energy
   eWIRE: 90057024 # Channel wire energy
  mem-2: # Memory channel stats
   rd: 489216 # Read requests
   wr: 108800 # Write requests
   rdlat: 73796606946 # Total latency experienced by read requests
   wrlat: 8128344882 # Total latency experienced by write requests
   rdmlh: # Latency histogram for read requests
    0: 0
    1: 0
    2: 0
    3: 0
    4: 0
    5: 57
    6: 69
    7: 18
    8: 3
    9: 3
    10: 3
    11: 10
    12: 76
    13: 40
    14: 2
    15: 7
    16: 4
    17: 9
    18: 63
    19: 61
    20: 1
    21: 5
    22: 3
    23: 1
    24: 29
    25: 88
    26: 8
    27: 7
    28: 5
    29: 2
    30: 30
    31: 83
    32: 16
    33: 12
    34: 15
    35: 6
    36: 7
    37: 94
    38: 34
    39: 31
    40: 26
    41: 12
    42: 12
    43: 42
    44: 28
    45: 33
    46: 27
    47: 24
    48: 14
    49: 24
    50: 24
    51: 20
    52: 30
    53: 26
    54: 20
    55: 22
    56: 18
    57: 30
    58: 30
    59: 31
    60: 21
    61: 23
    62: 22
    63: 21
    64: 19
    65: 33
    66: 23
    67: 32
    68: 19
    69: 24
    70: 17
    71: 24
    72: 26
    73: 35
    74: 21
    75: 33
    76: 17
    77: 11
    78: 13
    79: 35
    80: 26
    81: 32
    82: 18
    83: 20
    84: 17
    85: 38
    86: 28
    87: 27
    88: 18
    89: 26
    90: 16
    91: 44
    92: 31
    93: 20
    94: 24
    95: 30
    96: 24
    97: 25
    98: 33
    99: 486855
   wrmlh: # Latency histogram for write requests
    0: 0
    1: 0
    2: 0
    3: 0
    4: 0
    5: 9
    6: 5
    7: 8
    8: 26
    9: 76
    10: 46
    11: 33
    12: 17
    13: 11
    14: 12
    15: 13
    16: 20
    17: 59
    18: 55
    19: 48
    20: 22
    21: 29
    22: 22
    23: 27
    24: 32
    25: 37
    26: 80
    27: 117
    28: 97
    29: 95
    30: 88
    31: 175
    32: 190
    33: 168
    34: 236
    35: 404
    36: 407
    37: 343
    38: 372
    39: 602
    40: 522
    41: 415
    42: 437
    43: 718
    44: 623
    45: 451
    46: 390
    47: 627
    48: 470
    49: 343
    50: 319
    51: 552
    52: 378
    53: 306
    54: 326
    55: 411
    56: 308
    57: 203
    58: 242
    59: 335
    60: 262
    61: 197
    62: 193
    63: 280
    64: 234
    65: 139
    66: 140
    67: 200
    68: 186
    69: 127
    70: 137
    71: 169
    72: 127
    73: 89
    74: 95
    75: 110
    76: 90
    77: 78
    78: 98
    79: 86
    80: 77
    81: 49
    82: 60
    83: 65
    84: 62
    85: 45
    86: 51
    87: 47
    88: 38
    89: 38
    90: 42
    91: 41
    92: 34
    93: 20
    94: 22
    95: 39
    96: 18
    97: 23
    98: 21
    99: 92614
   ACT: 598016 # Activate commands
   PRE: 605951 # Precharge commands
   RD: 489216 # Read commands
   WR: 108800 # Write commands
   REF: 2684 # Refresh commands
   eACTPRE: 181198848 # Activate/precharge energy
   eRDWR: 809715968 # Read/write energy
   eREF: 8929668 # Refresh energy
   eBKGD: 208139434 # Background energy
   eWIRE: 91496448 # Channel wire energy
  mem-3: # Memory channel stats
   rd: 491904 # Read requests
   wr: 111488 # Write requests
   rdlat: 74621876537 # Total latency experienced by read requests
   wrlat: 8404757092 # Total latency experienced by write requests
   rdmlh: # Latency histogram for read requests
    0: 0
    1: 0
    2: 0
    3: 0
    4: 0
    5: 55
    6: 67
    7: 17
    8: 5
    9: 6
    10: 5
    11: 13
    12: 66
    13: 51
    14: 3
    15: 6
    16: 4
    17: 10
    18: 58
    19: 70
    20: 2
    21: 4
    22: 3
    23: 4
    24: 25
    25: 90
    26: 12
    27: 5
    28: 3
    29: 3
    30: 21
    31: 93
    32: 28
    33: 4
    34: 9
    35: 7
    36: 6
    37: 84
    38: 63
    39: 20
    40: 24
    41: 11
    42: 10
    43: 45
    44: 42
    45: 39
    46: 16
    47: 22
    48: 9
    49: 11
    50: 44
    51: 37
    52: 15
    53: 27
    54: 19
    55: 13
    56: 25
    57: 28
    58: 15
    59: 27
    60: 24
    61: 32
    62: 23
    63: 36
    64: 11
    65: 30
    66: 33
    67: 35
    68: 28
    69: 25
    70: 6
    71: 20
    72: 23
    73: 45
    74: 19
    75: 28
    76: 7
    77: 15
    78: 20
    79: 40
    80: 28
    81: 32
    82: 14
    83: 15
    84: 13
    85: 40
    86: 29
    87: 35
    88: 17
    89: 18
    90: 23
    91: 36
    92: 22
    93: 45
    94: 22
    95: 21
    96: 29
    97: 35
    98: 26
    99: 489503
   wrmlh: # Latency histogram for write requests
    0: 0
    1: 0
    2: 0
    3: 0
    4: 0
    5: 11
    6: 1
    7: 3
    8: 4
    9: 10
    10: 26
    11: 42
    12: 38
    13: 55
    14: 30
    15: 22
    16: 27
    17: 49
    18: 27
    19: 44
    20: 43
    21: 48
    22: 37
    23: 57
    24: 52
    25: 60
    26: 77
    27: 110
    28: 106
    29: 106
    30: 111
    31: 201
    32: 202
    33: 166
    34: 195
    35: 364
    36: 373
    37: 314
    38: 338
    39: 598
    40: 604
    41: 425
    42: 479
    43: 756
    44: 675
    45: 476
    46: 448
    47: 637
    48: 542
    49: 379
    50: 332
    51: 499
    52: 449
    53: 299
    54: 255
    55: 408
    56: 336
    57: 234
    58: 236
    59: 326
    60: 275
    61: 183
    62: 174
    63: 236
    64: 196
    65: 146
    66: 136
    67: 202
    68: 150
    69: 133
    70: 129
    71: 135
    72: 135
    73: 94
    74: 87
    75: 111
    76: 117
    77: 78
    78: 65
    79: 89
    80: 80
    81: 69
    82: 65
    83: 74
    84: 58
    85: 51
    86: 49
    87: 54
    88: 43
    89: 40
    90: 36
    91: 38
    92: 46
    93: 28
    94: 28
    95: 27
    96: 25
    97: 15
    98: 23
    99: 95026
   ACT: 603392 # Activate commands
   PRE: 611371 # Precharge commands
   RD: 491904 # Read commands
   WR: 111488 # Write commands
   REF: 2684 # Refresh commands
   eACTPRE: 182827776 # Activate/precharge energy
   eRDWR: 817051520 # Read/write energy
   eREF: 8929668 # Refresh energy
   eBKGD: 208315562 # Background energy
   eWIRE: 92318976 # Channel wire energy
 itcn: # Interconnect stats
  itcn-r0: # Router stats
   trans: 0 # Transfers
   size: 0 # Total transferred data
  itcn-r1: # Router stats
   trans: 0 # Transfers
   size: 0 # Total transferred data
  itcn-r2: # Router stats
   trans: 0 # Transfers
   size: 0 # Total transferred data
  itcn-r3: # Router stats
   trans: 0 # Transfers
   size: 0 # Total transferred data
 sched: # Scheduler stats
  thCr: 0 # Threads created
  thFn: 0 # Threads finished
  schedEvs: 0 # Schedule events
  waitEvs: 0 # Wait events
  handoffEvs: 0 # Handoff events
  sleepEvs: 0 # Sleep events
  idlePhases: 0 # Phases with no thread active
  idlePeriods: 0 # Periods with no thread active
  occHist: # Occupancy histogram
   0: 523
   1: 0
   2: 0
   3: 0
   4: 0
  rqSzHist: # Run queue size histogram
   0: 523
   1: 0
   2: 0
   3: 0
   4: 0
   5: 0
   6: 0
   7: 0
   8: 0
   9: 0
   10: 0
   11: 0
   12: 0
   13: 0
   14: 0
   15: 0
   16: 0
 procCycles: # Per-process unhalted core cycles
  0: 0
  1: 0
  2: 0
  3: 0
  4: 0
  5: 0
  6: 0
  7: 0
  8: 0
  9: 0
  10: 0
  11: 0
  12: 0
  13: 0
  14: 0
  15: 0
  16: 0
  17: 0
  18: 0
  19: 0
  20: 0
  21: 0
  22: 0
  23: 0
  24: 0
  25: 0
  26: 0
  27: 0
  28: 0
  29: 0
  30: 0
  31: 0
 procInstrs: # Per-process instructions
  0: 0
  1: 0
  2: 0
  3: 0
  4: 0
  5: 0
  6: 0
  7: 0
  8: 0
  9: 0
  10: 0
  11: 0
  12: 0
  13: 0
  14: 0
  15: 0
  16: 0
  17: 0
  18: 0
  19: 0
  20: 0
  21: 0
  22: 0
  23: 0
  24: 0
  25: 0
  26: 0
  27: 0
  28: 0
  29: 0
  30: 0
  31: 0
 heartbeats: # Per-process heartbeats
  0: 0
  1: 0
  2: 0
  3: 0
  4: 0
  5: 0
  6: 0
  7: 0
  8: 0
  9: 0
  10: 0
  11: 0
  12: 0
  13: 0
  14: 0
  15: 0
  16: 0
  17: 0
  18: 0
  19: 0
  20: 0
  21: 0
  22: 0
  23: 0
  24: 0
  25: 0
  26: 0
  27: 0
  28: 0
  29: 0
  30: 0
  31: 0
===
