# zsim stats
===
root: # Stats
 contention: # Contention simulation stats
  domain-0: # Domain stats
   time: 2190921281 # Weave simulation time
 time: # Simulator time breakdown
  init: 10207513893
  bound: 3964240504
  weave: 2194588114
  ff: 1211352932
 trigger: 20000 # Reason for this stats dump
 phase: 40 # Simulated phases
 l: # Logic unit stats
  l-0: # Logic unit stats
   cycles: 372341 # Simulated unhalted cycles
   cCycles: 324821 # Cycles due to contention stalls
   ops: 5377 # Simulated operations
   compOps: 1 # Simulated compute operations
  l-1: # Logic unit stats
   cycles: 375765 # Simulated unhalted cycles
   cCycles: 328245 # Cycles due to contention stalls
   ops: 5377 # Simulated operations
   compOps: 1 # Simulated compute operations
  l-2: # Logic unit stats
   cycles: 394881 # Simulated unhalted cycles
   cCycles: 344320 # Cycles due to contention stalls
   ops: 6145 # Simulated operations
   compOps: 1 # Simulated compute operations
  l-3: # Logic unit stats
   cycles: 370851 # Simulated unhalted cycles
   cCycles: 323331 # Cycles due to contention stalls
   ops: 5377 # Simulated operations
   compOps: 1 # Simulated compute operations
 c: # Core stats
  c-0: # Core stats
   cycles: 0 # Simulated cycles
   instrs: 0 # Simulated instructions
 rdbuf: # Cache stats
  rdbuf-0: # Filter cache stats
   fhGETS: 2876 # Filtered GETS hits
   fhGETX: 0 # Filtered GETX hits
   hGETS: 4 # GETS hits
   hGETX: 0 # GETX hits
   mGETS: 35040 # GETS misses
   mGETXIM: 0 # GETX I->M misses
   mGETXSM: 0 # GETX S->M misses (upgrade misses)
   PUTS: 0 # Clean evictions (from lower level)
   PUTX: 0 # Dirty evictions (from lower level)
   INV: 0 # Invalidates (from upper level)
   INVX: 17 # Downgrades (from upper level)
   FWD: 0 # Forwards (from upper level)
   latGETnl: 1113592 # GET request latency on next level
   latGETnet: 0 # GET request latency on network to next level
  rdbuf-1: # Filter cache stats
   fhGETS: 2880 # Filtered GETS hits
   fhGETX: 0 # Filtered GETX hits
   hGETS: 0 # GETS hits
   hGETX: 0 # GETX hits
   mGETS: 40320 # GETS misses
   mGETXIM: 0 # GETX I->M misses
   mGETXSM: 0 # GETX S->M misses (upgrade misses)
   PUTS: 0 # Clean evictions (from lower level)
   PUTX: 0 # Dirty evictions (from lower level)
   INV: 0 # Invalidates (from upper level)
   INVX: 40 # Downgrades (from upper level)
   FWD: 0 # Forwards (from upper level)
   latGETnl: 1184499 # GET request latency on next level
   latGETnet: 0 # GET request latency on network to next level
  rdbuf-2: # Filter cache stats
   fhGETS: 2880 # Filtered GETS hits
   fhGETX: 0 # Filtered GETX hits
   hGETS: 0 # GETS hits
   hGETX: 0 # GETX hits
   mGETS: 41040 # GETS misses
   mGETXIM: 0 # GETX I->M misses
   mGETXSM: 0 # GETX S->M misses (upgrade misses)
   PUTS: 0 # Clean evictions (from lower level)
   PUTX: 0 # Dirty evictions (from lower level)
   INV: 0 # Invalidates (from upper level)
   INVX: 30 # Downgrades (from upper level)
   FWD: 0 # Forwards (from upper level)
   latGETnl: 1155428 # GET request latency on next level
   latGETnet: 0 # GET request latency on network to next level
  rdbuf-3: # Filter cache stats
   fhGETS: 2880 # Filtered GETS hits
   fhGETX: 0 # Filtered GETX hits
   hGETS: 0 # GETS hits
   hGETX: 0 # GETX hits
   mGETS: 40320 # GETS misses
   mGETXIM: 0 # GETX I->M misses
   mGETXSM: 0 # GETX S->M misses (upgrade misses)
   PUTS: 0 # Clean evictions (from lower level)
   PUTX: 0 # Dirty evictions (from lower level)
   INV: 0 # Invalidates (from upper level)
   INVX: 6 # Downgrades (from upper level)
   FWD: 0 # Forwards (from upper level)
   latGETnl: 1249041 # GET request latency on next level
   latGETnet: 0 # GET request latency on network to next level
 wrbuf: # Cache stats
  wrbuf-0: # Filter cache stats
   fhGETS: 0 # Filtered GETS hits
   fhGETX: 720 # Filtered GETX hits
   hGETS: 0 # GETS hits
   hGETX: 0 # GETX hits
   mGETS: 0 # GETS misses
   mGETXIM: 8496 # GETX I->M misses
   mGETXSM: 0 # GETX S->M misses (upgrade misses)
   PUTS: 0 # Clean evictions (from lower level)
   PUTX: 0 # Dirty evictions (from lower level)
   INV: 5 # Invalidates (from upper level)
   INVX: 0 # Downgrades (from upper level)
   FWD: 0 # Forwards (from upper level)
   latGETnl: 271097 # GET request latency on next level
   latGETnet: 0 # GET request latency on network to next level
  wrbuf-1: # Filter cache stats
   fhGETS: 0 # Filtered GETS hits
   fhGETX: 720 # Filtered GETX hits
   hGETS: 0 # GETS hits
   hGETX: 0 # GETX hits
   mGETS: 0 # GETS misses
   mGETXIM: 9792 # GETX I->M misses
   mGETXSM: 0 # GETX S->M misses (upgrade misses)
   PUTS: 0 # Clean evictions (from lower level)
   PUTX: 0 # Dirty evictions (from lower level)
   INV: 1 # Invalidates (from upper level)
   INVX: 0 # Downgrades (from upper level)
   FWD: 0 # Forwards (from upper level)
   latGETnl: 291799 # GET request latency on next level
   latGETnet: 0 # GET request latency on network to next level
  wrbuf-2: # Filter cache stats
   fhGETS: 0 # Filtered GETS hits
   fhGETX: 720 # Filtered GETX hits
   hGETS: 0 # GETS hits
   hGETX: 0 # GETX hits
   mGETS: 0 # GETS misses
   mGETXIM: 9792 # GETX I->M misses
   mGETXSM: 0 # GETX S->M misses (upgrade misses)
   PUTS: 0 # Clean evictions (from lower level)
   PUTX: 0 # Dirty evictions (from lower level)
   INV: 0 # Invalidates (from upper level)
   INVX: 0 # Downgrades (from upper level)
   FWD: 0 # Forwards (from upper level)
   latGETnl: 306090 # GET request latency on next level
   latGETnet: 0 # GET request latency on network to next level
  wrbuf-3: # Filter cache stats
   fhGETS: 0 # Filtered GETS hits
   fhGETX: 720 # Filtered GETX hits
   hGETS: 0 # GETS hits
   hGETX: 0 # GETX hits
   mGETS: 0 # GETS misses
   mGETXIM: 9792 # GETX I->M misses
   mGETXSM: 0 # GETX S->M misses (upgrade misses)
   PUTS: 0 # Clean evictions (from lower level)
   PUTX: 0 # Dirty evictions (from lower level)
   INV: 0 # Invalidates (from upper level)
   INVX: 0 # Downgrades (from upper level)
   FWD: 0 # Forwards (from upper level)
   latGETnl: 298278 # GET request latency on next level
   latGETnet: 0 # GET request latency on network to next level
 gbuf: # Cache stats
  gbuf-0b0: # Cache stats
   hGETS: 1261 # GETS hits
   hGETX: 180 # GETX hits
   mGETS: 18329 # GETS misses
   mGETXIM: 4554 # GETX I->M misses
   mGETXSM: 0 # GETX S->M misses (upgrade misses)
   PUTS: 19590 # Clean evictions (from lower level)
   PUTX: 4733 # Dirty evictions (from lower level)
   INV: 0 # Invalidates (from upper level)
   INVX: 0 # Downgrades (from upper level)
   FWD: 0 # Forwards (from upper level)
   latGETnl: 709373 # GET request latency on next level
   latGETnet: 0 # GET request latency on network to next level
  gbuf-0b1: # Cache stats
   hGETS: 1261 # GETS hits
   hGETX: 180 # GETX hits
   mGETS: 18331 # GETS misses
   mGETXIM: 4554 # GETX I->M misses
   mGETXSM: 0 # GETX S->M misses (upgrade misses)
   PUTS: 19592 # Clean evictions (from lower level)
   PUTX: 4733 # Dirty evictions (from lower level)
   INV: 0 # Invalidates (from upper level)
   INVX: 0 # Downgrades (from upper level)
   FWD: 0 # Forwards (from upper level)
   latGETnl: 709435 # GET request latency on next level
   latGETnet: 0 # GET request latency on network to next level
  gbuf-0b2: # Cache stats
   hGETS: 1260 # GETS hits
   hGETX: 180 # GETX hits
   mGETS: 18331 # GETS misses
   mGETXIM: 4554 # GETX I->M misses
   mGETXSM: 0 # GETX S->M misses (upgrade misses)
   PUTS: 19591 # Clean evictions (from lower level)
   PUTX: 4734 # Dirty evictions (from lower level)
   INV: 0 # Invalidates (from upper level)
   INVX: 0 # Downgrades (from upper level)
   FWD: 0 # Forwards (from upper level)
   latGETnl: 709435 # GET request latency on next level
   latGETnet: 0 # GET request latency on network to next level
  gbuf-0b3: # Cache stats
   hGETS: 1258 # GETS hits
   hGETX: 180 # GETX hits
   mGETS: 18329 # GETS misses
   mGETXIM: 4554 # GETX I->M misses
   mGETXSM: 0 # GETX S->M misses (upgrade misses)
   PUTS: 19587 # Clean evictions (from lower level)
   PUTX: 4734 # Dirty evictions (from lower level)
   INV: 0 # Invalidates (from upper level)
   INVX: 0 # Downgrades (from upper level)
   FWD: 0 # Forwards (from upper level)
   latGETnl: 709373 # GET request latency on next level
   latGETnet: 0 # GET request latency on network to next level
  gbuf-0b4: # Cache stats
   hGETS: 1261 # GETS hits
   hGETX: 180 # GETX hits
   mGETS: 18330 # GETS misses
   mGETXIM: 4554 # GETX I->M misses
   mGETXSM: 0 # GETX S->M misses (upgrade misses)
   PUTS: 19591 # Clean evictions (from lower level)
   PUTX: 4731 # Dirty evictions (from lower level)
   INV: 0 # Invalidates (from upper level)
   INVX: 0 # Downgrades (from upper level)
   FWD: 0 # Forwards (from upper level)
   latGETnl: 709404 # GET request latency on next level
   latGETnet: 0 # GET request latency on network to next level
  gbuf-0b5: # Cache stats
   hGETS: 1259 # GETS hits
   hGETX: 180 # GETX hits
   mGETS: 18331 # GETS misses
   mGETXIM: 4554 # GETX I->M misses
   mGETXSM: 0 # GETX S->M misses (upgrade misses)
   PUTS: 19586 # Clean evictions (from lower level)
   PUTX: 4733 # Dirty evictions (from lower level)
   INV: 0 # Invalidates (from upper level)
   INVX: 0 # Downgrades (from upper level)
   FWD: 0 # Forwards (from upper level)
   latGETnl: 709435 # GET request latency on next level
   latGETnet: 0 # GET request latency on network to next level
  gbuf-0b6: # Cache stats
   hGETS: 1257 # GETS hits
   hGETX: 180 # GETX hits
   mGETS: 18329 # GETS misses
   mGETXIM: 4554 # GETX I->M misses
   mGETXSM: 0 # GETX S->M misses (upgrade misses)
   PUTS: 19586 # Clean evictions (from lower level)
   PUTX: 4732 # Dirty evictions (from lower level)
   INV: 0 # Invalidates (from upper level)
   INVX: 0 # Downgrades (from upper level)
   FWD: 0 # Forwards (from upper level)
   latGETnl: 709373 # GET request latency on next level
   latGETnet: 0 # GET request latency on network to next level
  gbuf-0b7: # Cache stats
   hGETS: 1263 # GETS hits
   hGETX: 180 # GETX hits
   mGETS: 18330 # GETS misses
   mGETXIM: 4554 # GETX I->M misses
   mGETXSM: 0 # GETX S->M misses (upgrade misses)
   PUTS: 19593 # Clean evictions (from lower level)
   PUTX: 4733 # Dirty evictions (from lower level)
   INV: 0 # Invalidates (from upper level)
   INVX: 0 # Downgrades (from upper level)
   FWD: 0 # Forwards (from upper level)
   latGETnl: 709404 # GET request latency on next level
   latGETnet: 0 # GET request latency on network to next level
 mem: # Memory controller stats
  mem-0: # Memory channel stats
   rd: 45768 # Read requests
   wr: 0 # Write requests
   rdlat: 5787989322 # Total latency experienced by read requests
   wrlat: 0 # Total latency experienced by write requests
   rdmlh: # Latency histogram for read requests
    0: 0
    1: 0
    2: 0
    3: 0
    4: 0
    5: 2
    6: 6
    7: 7
    8: 1
    9: 1
    10: 0
    11: 0
    12: 12
    13: 4
    14: 1
    15: 1
    16: 0
    17: 1
    18: 4
    19: 9
    20: 1
    21: 2
    22: 1
    23: 1
    24: 4
    25: 3
    26: 2
    27: 3
    28: 1
    29: 1
    30: 2
    31: 3
    32: 3
    33: 7
    34: 3
    35: 5
    36: 4
    37: 2
    38: 4
    39: 2
    40: 5
    41: 7
    42: 1
    43: 2
    44: 6
    45: 5
    46: 5
    47: 3
    48: 0
    49: 1
    50: 7
    51: 5
    52: 4
    53: 4
    54: 2
    55: 2
    56: 3
    57: 4
    58: 5
    59: 5
    60: 3
    61: 6
    62: 2
    63: 0
    64: 5
    65: 1
    66: 8
    67: 1
    68: 2
    69: 3
    70: 5
    71: 2
    72: 3
    73: 2
    74: 4
    75: 5
    76: 5
    77: 4
    78: 2
    79: 3
    80: 3
    81: 4
    82: 2
    83: 2
    84: 4
    85: 1
    86: 2
    87: 7
    88: 1
    89: 2
    90: 5
    91: 3
    92: 6
    93: 3
    94: 2
    95: 1
    96: 3
    97: 3
    98: 4
    99: 45465
   wrmlh: # Latency histogram for write requests
    0: 0
    1: 0
    2: 0
    3: 0
    4: 0
    5: 0
    6: 0
    7: 0
    8: 0
    9: 0
    10: 0
    11: 0
    12: 0
    13: 0
    14: 0
    15: 0
    16: 0
    17: 0
    18: 0
    19: 0
    20: 0
    21: 0
    22: 0
    23: 0
    24: 0
    25: 0
    26: 0
    27: 0
    28: 0
    29: 0
    30: 0
    31: 0
    32: 0
    33: 0
    34: 0
    35: 0
    36: 0
    37: 0
    38: 0
    39: 0
    40: 0
    41: 0
    42: 0
    43: 0
    44: 0
    45: 0
    46: 0
    47: 0
    48: 0
    49: 0
    50: 0
    51: 0
    52: 0
    53: 0
    54: 0
    55: 0
    56: 0
    57: 0
    58: 0
    59: 0
    60: 0
    61: 0
    62: 0
    63: 0
    64: 0
    65: 0
    66: 0
    67: 0
    68: 0
    69: 0
    70: 0
    71: 0
    72: 0
    73: 0
    74: 0
    75: 0
    76: 0
    77: 0
    78: 0
    79: 0
    80: 0
    81: 0
    82: 0
    83: 0
    84: 0
    85: 0
    86: 0
    87: 0
    88: 0
    89: 0
    90: 0
    91: 0
    92: 0
    93: 0
    94: 0
    95: 0
    96: 0
    97: 0
    98: 0
    99: 0
   ACT: 45768 # Activate commands
   PRE: 46377 # Precharge commands
   RD: 45768 # Read commands
   WR: 0 # Write commands
   REF: 206 # Refresh commands
   eACTPRE: 13867704 # Activate/precharge energy
   eRDWR: 61695264 # Read/write energy
   eREF: 685362 # Refresh energy
   eBKGD: 15881261 # Background energy
   eWIRE: 7002504 # Channel wire energy
  mem-1: # Memory channel stats
   rd: 45768 # Read requests
   wr: 0 # Write requests
   rdlat: 5738708464 # Total latency experienced by read requests
   wrlat: 0 # Total latency experienced by write requests
   rdmlh: # Latency histogram for read requests
    0: 0
    1: 0
    2: 0
    3: 0
    4: 0
    5: 2
    6: 6
    7: 7
    8: 1
    9: 1
    10: 0
    11: 0
    12: 6
    13: 6
    14: 4
    15: 3
    16: 1
    17: 0
    18: 2
    19: 7
    20: 4
    21: 2
    22: 0
    23: 2
    24: 3
    25: 6
    26: 0
    27: 1
    28: 1
    29: 5
    30: 0
    31: 6
    32: 3
    33: 2
    34: 4
    35: 3
    36: 5
    37: 4
    38: 1
    39: 7
    40: 1
    41: 4
    42: 4
    43: 4
    44: 5
    45: 2
    46: 3
    47: 6
    48: 4
    49: 2
    50: 5
    51: 6
    52: 3
    53: 2
    54: 1
    55: 6
    56: 3
    57: 3
    58: 6
    59: 2
    60: 4
    61: 4
    62: 3
    63: 4
    64: 2
    65: 1
    66: 5
    67: 6
    68: 0
    69: 4
    70: 4
    71: 2
    72: 6
    73: 4
    74: 2
    75: 2
    76: 3
    77: 1
    78: 6
    79: 4
    80: 3
    81: 1
    82: 2
    83: 5
    84: 4
    85: 5
    86: 2
    87: 3
    88: 4
    89: 2
    90: 4
    91: 3
    92: 3
    93: 2
    94: 5
    95: 2
    96: 2
    97: 2
    98: 4
    99: 45466
   wrmlh: # Latency histogram for write requests
    0: 0
    1: 0
    2: 0
    3: 0
    4: 0
    5: 0
    6: 0
    7: 0
    8: 0
    9: 0
    10: 0
    11: 0
    12: 0
    13: 0
    14: 0
    15: 0
    16: 0
    17: 0
    18: 0
    19: 0
    20: 0
    21: 0
    22: 0
    23: 0
    24: 0
    25: 0
    26: 0
    27: 0
    28: 0
    29: 0
    30: 0
    31: 0
    32: 0
    33: 0
    34: 0
    35: 0
    36: 0
    37: 0
    38: 0
    39: 0
    40: 0
    41: 0
    42: 0
    43: 0
    44: 0
    45: 0
    46: 0
    47: 0
    48: 0
    49: 0
    50: 0
    51: 0
    52: 0
    53: 0
    54: 0
    55: 0
    56: 0
    57: 0
    58: 0
    59: 0
    60: 0
    61: 0
    62: 0
    63: 0
    64: 0
    65: 0
    66: 0
    67: 0
    68: 0
    69: 0
    70: 0
    71: 0
    72: 0
    73: 0
    74: 0
    75: 0
    76: 0
    77: 0
    78: 0
    79: 0
    80: 0
    81: 0
    82: 0
    83: 0
    84: 0
    85: 0
    86: 0
    87: 0
    88: 0
    89: 0
    90: 0
    91: 0
    92: 0
    93: 0
    94: 0
    95: 0
    96: 0
    97: 0
    98: 0
    99: 0
   ACT: 45768 # Activate commands
   PRE: 46377 # Precharge commands
   RD: 45768 # Read commands
   WR: 0 # Write commands
   REF: 206 # Refresh commands
   eACTPRE: 13867704 # Activate/precharge energy
   eRDWR: 61695264 # Read/write energy
   eREF: 685362 # Refresh energy
   eBKGD: 15878501 # Background energy
   eWIRE: 7002504 # Channel wire energy
  mem-2: # Memory channel stats
   rd: 45768 # Read requests
   wr: 0 # Write requests
   rdlat: 5763726706 # Total latency experienced by read requests
   wrlat: 0 # Total latency experienced by write requests
   rdmlh: # Latency histogram for read requests
    0: 0
    1: 0
    2: 0
    3: 0
    4: 0
    5: 2
    6: 7
    7: 7
    8: 0
    9: 1
    10: 0
    11: 0
    12: 8
    13: 6
    14: 2
    15: 2
    16: 1
    17: 0
    18: 3
    19: 9
    20: 1
    21: 2
    22: 1
    23: 2
    24: 2
    25: 4
    26: 0
    27: 4
    28: 3
    29: 3
    30: 0
    31: 4
    32: 2
    33: 5
    34: 6
    35: 1
    36: 3
    37: 4
    38: 2
    39: 8
    40: 3
    41: 2
    42: 2
    43: 4
    44: 6
    45: 2
    46: 5
    47: 3
    48: 4
    49: 3
    50: 7
    51: 3
    52: 3
    53: 2
    54: 2
    55: 6
    56: 4
    57: 5
    58: 5
    59: 3
    60: 5
    61: 3
    62: 1
    63: 2
    64: 3
    65: 1
    66: 7
    67: 5
    68: 0
    69: 3
    70: 2
    71: 6
    72: 6
    73: 2
    74: 0
    75: 3
    76: 1
    77: 4
    78: 7
    79: 3
    80: 3
    81: 1
    82: 3
    83: 4
    84: 5
    85: 5
    86: 2
    87: 3
    88: 1
    89: 5
    90: 4
    91: 4
    92: 2
    93: 2
    94: 1
    95: 5
    96: 5
    97: 1
    98: 3
    99: 45466
   wrmlh: # Latency histogram for write requests
    0: 0
    1: 0
    2: 0
    3: 0
    4: 0
    5: 0
    6: 0
    7: 0
    8: 0
    9: 0
    10: 0
    11: 0
    12: 0
    13: 0
    14: 0
    15: 0
    16: 0
    17: 0
    18: 0
    19: 0
    20: 0
    21: 0
    22: 0
    23: 0
    24: 0
    25: 0
    26: 0
    27: 0
    28: 0
    29: 0
    30: 0
    31: 0
    32: 0
    33: 0
    34: 0
    35: 0
    36: 0
    37: 0
    38: 0
    39: 0
    40: 0
    41: 0
    42: 0
    43: 0
    44: 0
    45: 0
    46: 0
    47: 0
    48: 0
    49: 0
    50: 0
    51: 0
    52: 0
    53: 0
    54: 0
    55: 0
    56: 0
    57: 0
    58: 0
    59: 0
    60: 0
    61: 0
    62: 0
    63: 0
    64: 0
    65: 0
    66: 0
    67: 0
    68: 0
    69: 0
    70: 0
    71: 0
    72: 0
    73: 0
    74: 0
    75: 0
    76: 0
    77: 0
    78: 0
    79: 0
    80: 0
    81: 0
    82: 0
    83: 0
    84: 0
    85: 0
    86: 0
    87: 0
    88: 0
    89: 0
    90: 0
    91: 0
    92: 0
    93: 0
    94: 0
    95: 0
    96: 0
    97: 0
    98: 0
    99: 0
   ACT: 45768 # Activate commands
   PRE: 46376 # Precharge commands
   RD: 45768 # Read commands
   WR: 0 # Write commands
   REF: 206 # Refresh commands
   eACTPRE: 13867704 # Activate/precharge energy
   eRDWR: 61695264 # Read/write energy
   eREF: 685362 # Refresh energy
   eBKGD: 15880823 # Background energy
   eWIRE: 7002504 # Channel wire energy
  mem-3: # Memory channel stats
   rd: 45768 # Read requests
   wr: 0 # Write requests
   rdlat: 5717323347 # Total latency experienced by read requests
   wrlat: 0 # Total latency experienced by write requests
   rdmlh: # Latency histogram for read requests
    0: 0
    1: 0
    2: 0
    3: 0
    4: 0
    5: 2
    6: 7
    7: 7
    8: 0
    9: 1
    10: 0
    11: 0
    12: 8
    13: 6
    14: 2
    15: 2
    16: 1
    17: 0
    18: 4
    19: 9
    20: 2
    21: 2
    22: 0
    23: 1
    24: 2
    25: 3
    26: 2
    27: 6
    28: 1
    29: 0
    30: 0
    31: 3
    32: 7
    33: 6
    34: 3
    35: 1
    36: 3
    37: 3
    38: 4
    39: 9
    40: 3
    41: 0
    42: 2
    43: 4
    44: 5
    45: 5
    46: 6
    47: 2
    48: 5
    49: 2
    50: 4
    51: 4
    52: 3
    53: 3
    54: 4
    55: 3
    56: 7
    57: 1
    58: 4
    59: 5
    60: 4
    61: 5
    62: 0
    63: 2
    64: 2
    65: 1
    66: 7
    67: 5
    68: 1
    69: 2
    70: 3
    71: 7
    72: 5
    73: 1
    74: 2
    75: 2
    76: 2
    77: 5
    78: 6
    79: 5
    80: 1
    81: 1
    82: 3
    83: 4
    84: 5
    85: 3
    86: 2
    87: 1
    88: 5
    89: 4
    90: 3
    91: 4
    92: 2
    93: 0
    94: 4
    95: 6
    96: 5
    97: 1
    98: 1
    99: 45467
   wrmlh: # Latency histogram for write requests
    0: 0
    1: 0
    2: 0
    3: 0
    4: 0
    5: 0
    6: 0
    7: 0
    8: 0
    9: 0
    10: 0
    11: 0
    12: 0
    13: 0
    14: 0
    15: 0
    16: 0
    17: 0
    18: 0
    19: 0
    20: 0
    21: 0
    22: 0
    23: 0
    24: 0
    25: 0
    26: 0
    27: 0
    28: 0
    29: 0
    30: 0
    31: 0
    32: 0
    33: 0
    34: 0
    35: 0
    36: 0
    37: 0
    38: 0
    39: 0
    40: 0
    41: 0
    42: 0
    43: 0
    44: 0
    45: 0
    46: 0
    47: 0
    48: 0
    49: 0
    50: 0
    51: 0
    52: 0
    53: 0
    54: 0
    55: 0
    56: 0
    57: 0
    58: 0
    59: 0
    60: 0
    61: 0
    62: 0
    63: 0
    64: 0
    65: 0
    66: 0
    67: 0
    68: 0
    69: 0
    70: 0
    71: 0
    72: 0
    73: 0
    74: 0
    75: 0
    76: 0
    77: 0
    78: 0
    79: 0
    80: 0
    81: 0
    82: 0
    83: 0
    84: 0
    85: 0
    86: 0
    87: 0
    88: 0
    89: 0
    90: 0
    91: 0
    92: 0
    93: 0
    94: 0
    95: 0
    96: 0
    97: 0
    98: 0
    99: 0
   ACT: 45768 # Activate commands
   PRE: 46373 # Precharge commands
   RD: 45768 # Read commands
   WR: 0 # Write commands
   REF: 206 # Refresh commands
   eACTPRE: 13867704 # Activate/precharge energy
   eRDWR: 61695264 # Read/write energy
   eREF: 685362 # Refresh energy
   eBKGD: 15881084 # Background energy
   eWIRE: 7002504 # Channel wire energy
 sched: # Scheduler stats
  thCr: 0 # Threads created
  thFn: 0 # Threads finished
  schedEvs: 0 # Schedule events
  waitEvs: 0 # Wait events
  handoffEvs: 0 # Handoff events
  sleepEvs: 0 # Sleep events
  idlePhases: 0 # Phases with no thread active
  idlePeriods: 0 # Periods with no thread active
  occHist: # Occupancy histogram
   0: 40
   1: 0
  rqSzHist: # Run queue size histogram
   0: 40
   1: 0
   2: 0
   3: 0
   4: 0
   5: 0
   6: 0
   7: 0
   8: 0
   9: 0
   10: 0
   11: 0
   12: 0
   13: 0
   14: 0
   15: 0
   16: 0
 procCycles: # Per-process unhalted core cycles
  0: 0
  1: 0
  2: 0
  3: 0
  4: 0
  5: 0
  6: 0
  7: 0
  8: 0
  9: 0
  10: 0
  11: 0
  12: 0
  13: 0
  14: 0
  15: 0
  16: 0
  17: 0
  18: 0
  19: 0
  20: 0
  21: 0
  22: 0
  23: 0
  24: 0
  25: 0
  26: 0
  27: 0
  28: 0
  29: 0
  30: 0
  31: 0
 procInstrs: # Per-process instructions
  0: 0
  1: 0
  2: 0
  3: 0
  4: 0
  5: 0
  6: 0
  7: 0
  8: 0
  9: 0
  10: 0
  11: 0
  12: 0
  13: 0
  14: 0
  15: 0
  16: 0
  17: 0
  18: 0
  19: 0
  20: 0
  21: 0
  22: 0
  23: 0
  24: 0
  25: 0
  26: 0
  27: 0
  28: 0
  29: 0
  30: 0
  31: 0
 heartbeats: # Per-process heartbeats
  0: 0
  1: 0
  2: 0
  3: 0
  4: 0
  5: 0
  6: 0
  7: 0
  8: 0
  9: 0
  10: 0
  11: 0
  12: 0
  13: 0
  14: 0
  15: 0
  16: 0
  17: 0
  18: 0
  19: 0
  20: 0
  21: 0
  22: 0
  23: 0
  24: 0
  25: 0
  26: 0
  27: 0
  28: 0
  29: 0
  30: 0
  31: 0
===
