# zsim stats
===
root: # Stats
 contention: # Contention simulation stats
  domain-0: # Domain stats
   time: 46263575 # Weave simulation time
 time: # Simulator time breakdown
  init: 660194716
  bound: 46218858124
  weave: 40093571
  ff: 1143090397
 trigger: 20000 # Reason for this stats dump
 phase: 854 # Simulated phases
 l: # Logic unit stats
  l-0: # Logic unit stats
   cycles: 8514631 # Simulated unhalted cycles
   cCycles: 3705926 # Cycles due to contention stalls
   ops: 282880 # Simulated operations
   compOps: 256 # Simulated compute operations
  l-1: # Logic unit stats
   cycles: 8538023 # Simulated unhalted cycles
   cCycles: 3729287 # Cycles due to contention stalls
   ops: 282880 # Simulated operations
   compOps: 256 # Simulated compute operations
  l-2: # Logic unit stats
   cycles: 8515101 # Simulated unhalted cycles
   cCycles: 3706365 # Cycles due to contention stalls
   ops: 282880 # Simulated operations
   compOps: 256 # Simulated compute operations
  l-3: # Logic unit stats
   cycles: 8498879 # Simulated unhalted cycles
   cCycles: 3690174 # Cycles due to contention stalls
   ops: 282880 # Simulated operations
   compOps: 256 # Simulated compute operations
 c: # Core stats
  c-0: # Core stats
   cycles: 0 # Simulated cycles
   instrs: 0 # Simulated instructions
 rdbuf: # Cache stats
  rdbuf-0: # Filter cache stats
   fhGETS: 0 # Filtered GETS hits
   fhGETX: 0 # Filtered GETX hits
   hGETS: 0 # GETS hits
   hGETX: 0 # GETX hits
   mGETS: 276480 # GETS misses
   mGETXIM: 0 # GETX I->M misses
   mGETXSM: 0 # GETX S->M misses (upgrade misses)
   PUTS: 0 # Clean evictions (from lower level)
   PUTX: 0 # Dirty evictions (from lower level)
   INV: 1 # Invalidates (from upper level)
   INVX: 171 # Downgrades (from upper level)
   FWD: 0 # Forwards (from upper level)
   latGETnl: 1579751 # GET request latency on next level
   latGETnet: 0 # GET request latency on network to next level
  rdbuf-1: # Filter cache stats
   fhGETS: 0 # Filtered GETS hits
   fhGETX: 0 # Filtered GETX hits
   hGETS: 0 # GETS hits
   hGETX: 0 # GETX hits
   mGETS: 280576 # GETS misses
   mGETXIM: 0 # GETX I->M misses
   mGETXSM: 0 # GETX S->M misses (upgrade misses)
   PUTS: 0 # Clean evictions (from lower level)
   PUTX: 0 # Dirty evictions (from lower level)
   INV: 2 # Invalidates (from upper level)
   INVX: 231 # Downgrades (from upper level)
   FWD: 0 # Forwards (from upper level)
   latGETnl: 913689 # GET request latency on next level
   latGETnet: 0 # GET request latency on network to next level
  rdbuf-2: # Filter cache stats
   fhGETS: 0 # Filtered GETS hits
   fhGETX: 0 # Filtered GETX hits
   hGETS: 0 # GETS hits
   hGETX: 0 # GETX hits
   mGETS: 276480 # GETS misses
   mGETXIM: 0 # GETX I->M misses
   mGETXSM: 0 # GETX S->M misses (upgrade misses)
   PUTS: 0 # Clean evictions (from lower level)
   PUTX: 0 # Dirty evictions (from lower level)
   INV: 2 # Invalidates (from upper level)
   INVX: 199 # Downgrades (from upper level)
   FWD: 0 # Forwards (from upper level)
   latGETnl: 855932 # GET request latency on next level
   latGETnet: 0 # GET request latency on network to next level
  rdbuf-3: # Filter cache stats
   fhGETS: 0 # Filtered GETS hits
   fhGETX: 0 # Filtered GETX hits
   hGETS: 0 # GETS hits
   hGETX: 0 # GETX hits
   mGETS: 279552 # GETS misses
   mGETXIM: 0 # GETX I->M misses
   mGETXSM: 0 # GETX S->M misses (upgrade misses)
   PUTS: 0 # Clean evictions (from lower level)
   PUTX: 0 # Dirty evictions (from lower level)
   INV: 2 # Invalidates (from upper level)
   INVX: 105 # Downgrades (from upper level)
   FWD: 0 # Forwards (from upper level)
   latGETnl: 1636484 # GET request latency on next level
   latGETnet: 0 # GET request latency on network to next level
 wrbuf: # Cache stats
  wrbuf-0: # Filter cache stats
   fhGETS: 0 # Filtered GETS hits
   fhGETX: 0 # Filtered GETX hits
   hGETS: 0 # GETS hits
   hGETX: 0 # GETX hits
   mGETS: 0 # GETS misses
   mGETXIM: 57344 # GETX I->M misses
   mGETXSM: 0 # GETX S->M misses (upgrade misses)
   PUTS: 0 # Clean evictions (from lower level)
   PUTX: 0 # Dirty evictions (from lower level)
   INV: 7 # Invalidates (from upper level)
   INVX: 0 # Downgrades (from upper level)
   FWD: 0 # Forwards (from upper level)
   latGETnl: 1821802 # GET request latency on next level
   latGETnet: 0 # GET request latency on network to next level
  wrbuf-1: # Filter cache stats
   fhGETS: 0 # Filtered GETS hits
   fhGETX: 0 # Filtered GETX hits
   hGETS: 0 # GETS hits
   hGETX: 0 # GETX hits
   mGETS: 0 # GETS misses
   mGETXIM: 73728 # GETX I->M misses
   mGETXSM: 0 # GETX S->M misses (upgrade misses)
   PUTS: 0 # Clean evictions (from lower level)
   PUTX: 0 # Dirty evictions (from lower level)
   INV: 3 # Invalidates (from upper level)
   INVX: 0 # Downgrades (from upper level)
   FWD: 0 # Forwards (from upper level)
   latGETnl: 1867357 # GET request latency on next level
   latGETnet: 0 # GET request latency on network to next level
  wrbuf-2: # Filter cache stats
   fhGETS: 0 # Filtered GETS hits
   fhGETX: 0 # Filtered GETX hits
   hGETS: 0 # GETS hits
   hGETX: 0 # GETX hits
   mGETS: 0 # GETS misses
   mGETXIM: 57344 # GETX I->M misses
   mGETXSM: 0 # GETX S->M misses (upgrade misses)
   PUTS: 0 # Clean evictions (from lower level)
   PUTX: 0 # Dirty evictions (from lower level)
   INV: 22 # Invalidates (from upper level)
   INVX: 0 # Downgrades (from upper level)
   FWD: 0 # Forwards (from upper level)
   latGETnl: 1591472 # GET request latency on next level
   latGETnet: 0 # GET request latency on network to next level
  wrbuf-3: # Filter cache stats
   fhGETS: 0 # Filtered GETS hits
   fhGETX: 0 # Filtered GETX hits
   hGETS: 0 # GETS hits
   hGETX: 0 # GETX hits
   mGETS: 0 # GETS misses
   mGETXIM: 69632 # GETX I->M misses
   mGETXSM: 0 # GETX S->M misses (upgrade misses)
   PUTS: 0 # Clean evictions (from lower level)
   PUTX: 0 # Dirty evictions (from lower level)
   INV: 6 # Invalidates (from upper level)
   INVX: 0 # Downgrades (from upper level)
   FWD: 0 # Forwards (from upper level)
   latGETnl: 2087360 # GET request latency on next level
   latGETnet: 0 # GET request latency on network to next level
 gbuf: # Cache stats
  gbuf-0b0: # Cache stats
   hGETS: 121728 # GETS hits
   hGETX: 3415 # GETX hits
   mGETS: 17408 # GETS misses
   mGETXIM: 28841 # GETX I->M misses
   mGETXSM: 0 # GETX S->M misses (upgrade misses)
   PUTS: 139134 # Clean evictions (from lower level)
   PUTX: 32253 # Dirty evictions (from lower level)
   INV: 0 # Invalidates (from upper level)
   INVX: 0 # Downgrades (from upper level)
   FWD: 0 # Forwards (from upper level)
   latGETnl: 1433719 # GET request latency on next level
   latGETnet: 0 # GET request latency on network to next level
  gbuf-0b1: # Cache stats
   hGETS: 123776 # GETS hits
   hGETX: 3608 # GETX hits
   mGETS: 15360 # GETS misses
   mGETXIM: 28647 # GETX I->M misses
   mGETXSM: 0 # GETX S->M misses (upgrade misses)
   PUTS: 139135 # Clean evictions (from lower level)
   PUTX: 32250 # Dirty evictions (from lower level)
   INV: 0 # Invalidates (from upper level)
   INVX: 0 # Downgrades (from upper level)
   FWD: 0 # Forwards (from upper level)
   latGETnl: 1364217 # GET request latency on next level
   latGETnet: 0 # GET request latency on network to next level
  gbuf-0b2: # Cache stats
   hGETS: 123776 # GETS hits
   hGETX: 3615 # GETX hits
   mGETS: 15360 # GETS misses
   mGETXIM: 28641 # GETX I->M misses
   mGETXSM: 0 # GETX S->M misses (upgrade misses)
   PUTS: 139134 # Clean evictions (from lower level)
   PUTX: 32253 # Dirty evictions (from lower level)
   INV: 0 # Invalidates (from upper level)
   INVX: 0 # Downgrades (from upper level)
   FWD: 0 # Forwards (from upper level)
   latGETnl: 1364031 # GET request latency on next level
   latGETnet: 0 # GET request latency on network to next level
  gbuf-0b3: # Cache stats
   hGETS: 123776 # GETS hits
   hGETX: 3609 # GETX hits
   mGETS: 15360 # GETS misses
   mGETXIM: 28648 # GETX I->M misses
   mGETXSM: 0 # GETX S->M misses (upgrade misses)
   PUTS: 139136 # Clean evictions (from lower level)
   PUTX: 32252 # Dirty evictions (from lower level)
   INV: 0 # Invalidates (from upper level)
   INVX: 0 # Downgrades (from upper level)
   FWD: 0 # Forwards (from upper level)
   latGETnl: 1364248 # GET request latency on next level
   latGETnet: 0 # GET request latency on network to next level
  gbuf-0b4: # Cache stats
   hGETS: 123776 # GETS hits
   hGETX: 3616 # GETX hits
   mGETS: 15360 # GETS misses
   mGETXIM: 28640 # GETX I->M misses
   mGETXSM: 0 # GETX S->M misses (upgrade misses)
   PUTS: 139133 # Clean evictions (from lower level)
   PUTX: 32251 # Dirty evictions (from lower level)
   INV: 0 # Invalidates (from upper level)
   INVX: 0 # Downgrades (from upper level)
   FWD: 0 # Forwards (from upper level)
   latGETnl: 1364000 # GET request latency on next level
   latGETnet: 0 # GET request latency on network to next level
  gbuf-0b5: # Cache stats
   hGETS: 123776 # GETS hits
   hGETX: 3607 # GETX hits
   mGETS: 15360 # GETS misses
   mGETXIM: 28648 # GETX I->M misses
   mGETXSM: 0 # GETX S->M misses (upgrade misses)
   PUTS: 139136 # Clean evictions (from lower level)
   PUTX: 32249 # Dirty evictions (from lower level)
   INV: 0 # Invalidates (from upper level)
   INVX: 0 # Downgrades (from upper level)
   FWD: 0 # Forwards (from upper level)
   latGETnl: 1364248 # GET request latency on next level
   latGETnet: 0 # GET request latency on network to next level
  gbuf-0b6: # Cache stats
   hGETS: 123776 # GETS hits
   hGETX: 3617 # GETX hits
   mGETS: 15360 # GETS misses
   mGETXIM: 28639 # GETX I->M misses
   mGETXSM: 0 # GETX S->M misses (upgrade misses)
   PUTS: 139134 # Clean evictions (from lower level)
   PUTX: 32249 # Dirty evictions (from lower level)
   INV: 0 # Invalidates (from upper level)
   INVX: 0 # Downgrades (from upper level)
   FWD: 0 # Forwards (from upper level)
   latGETnl: 1363969 # GET request latency on next level
   latGETnet: 0 # GET request latency on network to next level
  gbuf-0b7: # Cache stats
   hGETS: 123776 # GETS hits
   hGETX: 3608 # GETX hits
   mGETS: 15360 # GETS misses
   mGETXIM: 28649 # GETX I->M misses
   mGETXSM: 0 # GETX S->M misses (upgrade misses)
   PUTS: 139135 # Clean evictions (from lower level)
   PUTX: 32252 # Dirty evictions (from lower level)
   INV: 0 # Invalidates (from upper level)
   INVX: 0 # Downgrades (from upper level)
   FWD: 0 # Forwards (from upper level)
   latGETnl: 1364279 # GET request latency on next level
   latGETnet: 0 # GET request latency on network to next level
 mem: # Memory controller stats
  mem-0: # Memory channel stats
   rd: 354281 # Read requests
   wr: 215201 # Write requests
   rdlat: 111460761389 # Total latency experienced by read requests
   wrlat: 55886242419 # Total latency experienced by write requests
   rdmlh: # Latency histogram for read requests
    0: 0
    1: 0
    2: 0
    3: 0
    4: 0
    5: 593
    6: 449
    7: 488
    8: 243
    9: 355
    10: 130
    11: 136
    12: 603
    13: 368
    14: 342
    15: 62
    16: 55
    17: 434
    18: 440
    19: 367
    20: 61
    21: 53
    22: 199
    23: 340
    24: 486
    25: 111
    26: 90
    27: 35
    28: 130
    29: 142
    30: 223
    31: 126
    32: 34
    33: 18
    34: 28
    35: 231
    36: 223
    37: 136
    38: 40
    39: 29
    40: 202
    41: 219
    42: 124
    43: 106
    44: 54
    45: 44
    46: 116
    47: 192
    48: 580
    49: 391
    50: 429
    51: 288
    52: 369
    53: 295
    54: 379
    55: 331
    56: 343
    57: 341
    58: 314
    59: 376
    60: 360
    61: 336
    62: 378
    63: 381
    64: 299
    65: 299
    66: 389
    67: 451
    68: 360
    69: 337
    70: 365
    71: 340
    72: 420
    73: 399
    74: 424
    75: 362
    76: 380
    77: 415
    78: 413
    79: 463
    80: 448
    81: 383
    82: 444
    83: 411
    84: 404
    85: 434
    86: 447
    87: 375
    88: 400
    89: 340
    90: 433
    91: 382
    92: 440
    93: 416
    94: 362
    95: 335
    96: 339
    97: 330
    98: 347
    99: 325947
   wrmlh: # Latency histogram for write requests
    0: 0
    1: 0
    2: 0
    3: 0
    4: 0
    5: 258
    6: 471
    7: 855
    8: 538
    9: 805
    10: 561
    11: 805
    12: 918
    13: 763
    14: 475
    15: 839
    16: 682
    17: 892
    18: 773
    19: 1053
    20: 883
    21: 1159
    22: 819
    23: 933
    24: 894
    25: 1080
    26: 921
    27: 1279
    28: 1006
    29: 1182
    30: 1097
    31: 1249
    32: 1088
    33: 1297
    34: 1081
    35: 1408
    36: 1273
    37: 1370
    38: 1179
    39: 1284
    40: 1229
    41: 958
    42: 853
    43: 973
    44: 950
    45: 776
    46: 741
    47: 852
    48: 892
    49: 787
    50: 636
    51: 677
    52: 754
    53: 731
    54: 713
    55: 763
    56: 739
    57: 786
    58: 723
    59: 815
    60: 694
    61: 715
    62: 652
    63: 652
    64: 626
    65: 600
    66: 587
    67: 715
    68: 557
    69: 590
    70: 539
    71: 608
    72: 531
    73: 535
    74: 471
    75: 577
    76: 544
    77: 465
    78: 454
    79: 594
    80: 490
    81: 482
    82: 473
    83: 518
    84: 487
    85: 440
    86: 405
    87: 439
    88: 375
    89: 395
    90: 381
    91: 384
    92: 383
    93: 385
    94: 326
    95: 329
    96: 336
    97: 340
    98: 358
    99: 146251
   ACT: 569482 # Activate commands
   PRE: 582201 # Precharge commands
   RD: 354281 # Read commands
   WR: 215201 # Write commands
   REF: 4382 # Refresh commands
   eACTPRE: 172553046 # Activate/precharge energy
   eRDWR: 774763369 # Read/write energy
   eREF: 14578914 # Refresh energy
   eBKGD: 334415923 # Background energy
   eWIRE: 87130746 # Channel wire energy
 sched: # Scheduler stats
  thCr: 0 # Threads created
  thFn: 0 # Threads finished
  schedEvs: 0 # Schedule events
  waitEvs: 0 # Wait events
  handoffEvs: 0 # Handoff events
  sleepEvs: 0 # Sleep events
  idlePhases: 0 # Phases with no thread active
  idlePeriods: 0 # Periods with no thread active
  occHist: # Occupancy histogram
   0: 854
   1: 0
  rqSzHist: # Run queue size histogram
   0: 854
   1: 0
   2: 0
   3: 0
   4: 0
   5: 0
   6: 0
   7: 0
   8: 0
   9: 0
   10: 0
   11: 0
   12: 0
   13: 0
   14: 0
   15: 0
   16: 0
 procCycles: # Per-process unhalted core cycles
  0: 0
  1: 0
  2: 0
  3: 0
  4: 0
  5: 0
  6: 0
  7: 0
  8: 0
  9: 0
  10: 0
  11: 0
  12: 0
  13: 0
  14: 0
  15: 0
  16: 0
  17: 0
  18: 0
  19: 0
  20: 0
  21: 0
  22: 0
  23: 0
  24: 0
  25: 0
  26: 0
  27: 0
  28: 0
  29: 0
  30: 0
  31: 0
 procInstrs: # Per-process instructions
  0: 0
  1: 0
  2: 0
  3: 0
  4: 0
  5: 0
  6: 0
  7: 0
  8: 0
  9: 0
  10: 0
  11: 0
  12: 0
  13: 0
  14: 0
  15: 0
  16: 0
  17: 0
  18: 0
  19: 0
  20: 0
  21: 0
  22: 0
  23: 0
  24: 0
  25: 0
  26: 0
  27: 0
  28: 0
  29: 0
  30: 0
  31: 0
 heartbeats: # Per-process heartbeats
  0: 0
  1: 0
  2: 0
  3: 0
  4: 0
  5: 0
  6: 0
  7: 0
  8: 0
  9: 0
  10: 0
  11: 0
  12: 0
  13: 0
  14: 0
  15: 0
  16: 0
  17: 0
  18: 0
  19: 0
  20: 0
  21: 0
  22: 0
  23: 0
  24: 0
  25: 0
  26: 0
  27: 0
  28: 0
  29: 0
  30: 0
  31: 0
===
