# zsim stats
===
root: # Stats
 contention: # Contention simulation stats
  domain-0: # Domain stats
   time: 306978823220 # Weave simulation time
 time: # Simulator time breakdown
  init: 943998004
  bound: 473352028471
  weave: 317399504105
  ff: 1263861163
 trigger: 20000 # Reason for this stats dump
 phase: 111817 # Simulated phases
 l: # Logic unit stats
  l-0: # Logic unit stats
   cycles: 1118160563 # Simulated unhalted cycles
   cCycles: 1046462131 # Cycles due to contention stalls
   ops: 16847360 # Simulated operations
   compOps: 4096 # Simulated compute operations
 c: # Core stats
  c-0: # Core stats
   cycles: 0 # Simulated cycles
   instrs: 0 # Simulated instructions
 rdbuf: # Cache stats
  rdbuf-0: # Filter cache stats
   fhGETS: 0 # Filtered GETS hits
   fhGETX: 0 # Filtered GETX hits
   hGETS: 0 # GETS hits
   hGETX: 0 # GETX hits
   mGETS: 16842752 # GETS misses
   mGETXIM: 0 # GETX I->M misses
   mGETXSM: 0 # GETX S->M misses (upgrade misses)
   PUTS: 0 # Clean evictions (from lower level)
   PUTX: 0 # Dirty evictions (from lower level)
   INV: 1 # Invalidates (from upper level)
   INVX: 0 # Downgrades (from upper level)
   FWD: 0 # Forwards (from upper level)
   latGETnl: 538968064 # GET request latency on next level
   latGETnet: 0 # GET request latency on network to next level
 wrbuf: # Cache stats
  wrbuf-0: # Filter cache stats
   fhGETS: 0 # Filtered GETS hits
   fhGETX: 0 # Filtered GETX hits
   hGETS: 0 # GETS hits
   hGETX: 0 # GETX hits
   mGETS: 0 # GETS misses
   mGETXIM: 4096 # GETX I->M misses
   mGETXSM: 0 # GETX S->M misses (upgrade misses)
   PUTS: 0 # Clean evictions (from lower level)
   PUTX: 0 # Dirty evictions (from lower level)
   INV: 1 # Invalidates (from upper level)
   INVX: 0 # Downgrades (from upper level)
   FWD: 0 # Forwards (from upper level)
   latGETnl: 130576 # GET request latency on next level
   latGETnet: 0 # GET request latency on network to next level
 gbuf: # Cache stats
  gbuf-0: # Cache stats
   hGETS: 0 # GETS hits
   hGETX: 16 # GETX hits
   mGETS: 16842752 # GETS misses
   mGETXIM: 4080 # GETX I->M misses
   mGETXSM: 0 # GETX S->M misses (upgrade misses)
   PUTS: 16842750 # Clean evictions (from lower level)
   PUTX: 4095 # Dirty evictions (from lower level)
   INV: 0 # Invalidates (from upper level)
   INVX: 0 # Downgrades (from upper level)
   FWD: 0 # Forwards (from upper level)
   latGETnl: 522251792 # GET request latency on next level
   latGETnet: 0 # GET request latency on network to next level
 mem: # Memory controller stats
  mem-0: # Memory channel stats
   rd: 16846832 # Read requests
   wr: 4096 # Write requests
   rdlat: 2152497167581 # Total latency experienced by read requests
   wrlat: 513452390 # Total latency experienced by write requests
   rdmlh: # Latency histogram for read requests
    0: 0
    1: 0
    2: 0
    3: 0
    4: 0
    5: 4085
    6: 2
    7: 2
    8: 0
    9: 1
    10: 2
    11: 4089
    12: 1
    13: 2
    14: 1
    15: 1
    16: 0
    17: 4090
    18: 6
    19: 1
    20: 1
    21: 1
    22: 1
    23: 4
    24: 4093
    25: 1
    26: 2
    27: 0
    28: 1
    29: 3
    30: 4095
    31: 1
    32: 1
    33: 2
    34: 1
    35: 2
    36: 4092
    37: 4
    38: 1
    39: 1
    40: 1
    41: 3
    42: 4089
    43: 6
    44: 1
    45: 2
    46: 0
    47: 1
    48: 4089
    49: 9
    50: 0
    51: 2
    52: 1
    53: 1
    54: 3
    55: 4094
    56: 1
    57: 1
    58: 1
    59: 1
    60: 2
    61: 4094
    62: 2
    63: 1
    64: 2
    65: 0
    66: 2
    67: 4093
    68: 4
    69: 0
    70: 1
    71: 2
    72: 2
    73: 4090
    74: 6
    75: 1
    76: 1
    77: 1
    78: 1
    79: 4090
    80: 7
    81: 1
    82: 1
    83: 2
    84: 0
    85: 4
    86: 4093
    87: 2
    88: 0
    89: 2
    90: 1
    91: 2
    92: 4093
    93: 3
    94: 1
    95: 1
    96: 1
    97: 2
    98: 4092
    99: 16781233
   wrmlh: # Latency histogram for write requests
    0: 0
    1: 0
    2: 0
    3: 0
    4: 0
    5: 0
    6: 0
    7: 0
    8: 0
    9: 0
    10: 0
    11: 0
    12: 0
    13: 0
    14: 0
    15: 0
    16: 0
    17: 0
    18: 0
    19: 0
    20: 2
    21: 1
    22: 0
    23: 0
    24: 3
    25: 1
    26: 3
    27: 1
    28: 0
    29: 1
    30: 3
    31: 2
    32: 2
    33: 0
    34: 0
    35: 11
    36: 2
    37: 4
    38: 0
    39: 9
    40: 10
    41: 2
    42: 14
    43: 10
    44: 19
    45: 18
    46: 10
    47: 5
    48: 11
    49: 38
    50: 9
    51: 10
    52: 41
    53: 21
    54: 21
    55: 27
    56: 12
    57: 14
    58: 39
    59: 47
    60: 31
    61: 34
    62: 32
    63: 51
    64: 14
    65: 35
    66: 45
    67: 44
    68: 26
    69: 61
    70: 34
    71: 27
    72: 31
    73: 33
    74: 54
    75: 50
    76: 35
    77: 23
    78: 13
    79: 30
    80: 41
    81: 19
    82: 21
    83: 48
    84: 37
    85: 40
    86: 18
    87: 2
    88: 18
    89: 26
    90: 0
    91: 19
    92: 10
    93: 10
    94: 10
    95: 17
    96: 9
    97: 0
    98: 10
    99: 2615
   ACT: 16850928 # Activate commands
   PRE: 16850928 # Precharge commands
   RD: 16846832 # Read commands
   WR: 4096 # Write commands
   REF: 71683 # Refresh commands
   eACTPRE: 5105831184 # Activate/precharge energy
   eRDWR: 22715186112 # Read/write energy
   eREF: 238489341 # Refresh energy
   eBKGD: 5521791383 # Background energy
   eWIRE: 2578191984 # Channel wire energy
 sched: # Scheduler stats
  thCr: 0 # Threads created
  thFn: 0 # Threads finished
  schedEvs: 0 # Schedule events
  waitEvs: 0 # Wait events
  handoffEvs: 0 # Handoff events
  sleepEvs: 0 # Sleep events
  idlePhases: 0 # Phases with no thread active
  idlePeriods: 0 # Periods with no thread active
  occHist: # Occupancy histogram
   0: 111817
   1: 0
  rqSzHist: # Run queue size histogram
   0: 111817
   1: 0
   2: 0
   3: 0
   4: 0
   5: 0
   6: 0
   7: 0
   8: 0
   9: 0
   10: 0
   11: 0
   12: 0
   13: 0
   14: 0
   15: 0
   16: 0
 procCycles: # Per-process unhalted core cycles
  0: 0
  1: 0
  2: 0
  3: 0
  4: 0
  5: 0
  6: 0
  7: 0
  8: 0
  9: 0
  10: 0
  11: 0
  12: 0
  13: 0
  14: 0
  15: 0
  16: 0
  17: 0
  18: 0
  19: 0
  20: 0
  21: 0
  22: 0
  23: 0
  24: 0
  25: 0
  26: 0
  27: 0
  28: 0
  29: 0
  30: 0
  31: 0
 procInstrs: # Per-process instructions
  0: 0
  1: 0
  2: 0
  3: 0
  4: 0
  5: 0
  6: 0
  7: 0
  8: 0
  9: 0
  10: 0
  11: 0
  12: 0
  13: 0
  14: 0
  15: 0
  16: 0
  17: 0
  18: 0
  19: 0
  20: 0
  21: 0
  22: 0
  23: 0
  24: 0
  25: 0
  26: 0
  27: 0
  28: 0
  29: 0
  30: 0
  31: 0
 heartbeats: # Per-process heartbeats
  0: 0
  1: 0
  2: 0
  3: 0
  4: 0
  5: 0
  6: 0
  7: 0
  8: 0
  9: 0
  10: 0
  11: 0
  12: 0
  13: 0
  14: 0
  15: 0
  16: 0
  17: 0
  18: 0
  19: 0
  20: 0
  21: 0
  22: 0
  23: 0
  24: 0
  25: 0
  26: 0
  27: 0
  28: 0
  29: 0
  30: 0
  31: 0
===
