# zsim stats
===
root: # Stats
 contention: # Contention simulation stats
  domain-0: # Domain stats
   time: 3286126 # Weave simulation time
 time: # Simulator time breakdown
  init: 1045748159
  bound: 83503363590
  weave: 3313328
  ff: 1211098300
 trigger: 20000 # Reason for this stats dump
 phase: 5556 # Simulated phases
 l: # Logic unit stats
  l-0: # Logic unit stats
   cycles: 55553743 # Simulated unhalted cycles
   cCycles: 19533455 # Cycles due to contention stalls
   ops: 503808 # Simulated operations
   compOps: 2048 # Simulated compute operations
 c: # Core stats
  c-0: # Core stats
   cycles: 0 # Simulated cycles
   instrs: 0 # Simulated instructions
 rdbuf: # Cache stats
  rdbuf-0: # Filter cache stats
   fhGETS: 221184 # Filtered GETS hits
   fhGETX: 0 # Filtered GETX hits
   hGETS: 0 # GETS hits
   hGETX: 0 # GETX hits
   mGETS: 1613824 # GETS misses
   mGETXIM: 0 # GETX I->M misses
   mGETXSM: 0 # GETX S->M misses (upgrade misses)
   PUTS: 0 # Clean evictions (from lower level)
   PUTX: 0 # Dirty evictions (from lower level)
   INV: 0 # Invalidates (from upper level)
   INVX: 0 # Downgrades (from upper level)
   FWD: 0 # Forwards (from upper level)
   latGETnl: 51642368 # GET request latency on next level
   latGETnet: 0 # GET request latency on network to next level
 wrbuf: # Cache stats
  wrbuf-0: # Filter cache stats
   fhGETS: 0 # Filtered GETS hits
   fhGETX: 32768 # Filtered GETX hits
   hGETS: 0 # GETS hits
   hGETX: 0 # GETX hits
   mGETS: 0 # GETS misses
   mGETXIM: 401408 # GETX I->M misses
   mGETXSM: 0 # GETX S->M misses (upgrade misses)
   PUTS: 0 # Clean evictions (from lower level)
   PUTX: 0 # Dirty evictions (from lower level)
   INV: 7 # Invalidates (from upper level)
   INVX: 0 # Downgrades (from upper level)
   FWD: 0 # Forwards (from upper level)
   latGETnl: 12845056 # GET request latency on next level
   latGETnet: 0 # GET request latency on network to next level
 gbuf: # Cache stats
  gbuf-0b0: # Cache stats
   hGETS: 0 # GETS hits
   hGETX: 0 # GETX hits
   mGETS: 201790 # GETS misses
   mGETXIM: 50176 # GETX I->M misses
   mGETXSM: 0 # GETX S->M misses (upgrade misses)
   PUTS: 201790 # Clean evictions (from lower level)
   PUTX: 50176 # Dirty evictions (from lower level)
   INV: 0 # Invalidates (from upper level)
   INVX: 0 # Downgrades (from upper level)
   FWD: 0 # Forwards (from upper level)
   latGETnl: 7810946 # GET request latency on next level
   latGETnet: 0 # GET request latency on network to next level
  gbuf-0b1: # Cache stats
   hGETS: 0 # GETS hits
   hGETX: 0 # GETX hits
   mGETS: 201706 # GETS misses
   mGETXIM: 50176 # GETX I->M misses
   mGETXSM: 0 # GETX S->M misses (upgrade misses)
   PUTS: 201706 # Clean evictions (from lower level)
   PUTX: 50175 # Dirty evictions (from lower level)
   INV: 0 # Invalidates (from upper level)
   INVX: 0 # Downgrades (from upper level)
   FWD: 0 # Forwards (from upper level)
   latGETnl: 7808342 # GET request latency on next level
   latGETnet: 0 # GET request latency on network to next level
  gbuf-0b2: # Cache stats
   hGETS: 0 # GETS hits
   hGETX: 0 # GETX hits
   mGETS: 201706 # GETS misses
   mGETXIM: 50176 # GETX I->M misses
   mGETXSM: 0 # GETX S->M misses (upgrade misses)
   PUTS: 201706 # Clean evictions (from lower level)
   PUTX: 50175 # Dirty evictions (from lower level)
   INV: 0 # Invalidates (from upper level)
   INVX: 0 # Downgrades (from upper level)
   FWD: 0 # Forwards (from upper level)
   latGETnl: 7808342 # GET request latency on next level
   latGETnet: 0 # GET request latency on network to next level
  gbuf-0b3: # Cache stats
   hGETS: 0 # GETS hits
   hGETX: 0 # GETX hits
   mGETS: 201704 # GETS misses
   mGETXIM: 50176 # GETX I->M misses
   mGETXSM: 0 # GETX S->M misses (upgrade misses)
   PUTS: 201704 # Clean evictions (from lower level)
   PUTX: 50174 # Dirty evictions (from lower level)
   INV: 0 # Invalidates (from upper level)
   INVX: 0 # Downgrades (from upper level)
   FWD: 0 # Forwards (from upper level)
   latGETnl: 7808280 # GET request latency on next level
   latGETnet: 0 # GET request latency on network to next level
  gbuf-0b4: # Cache stats
   hGETS: 0 # GETS hits
   hGETX: 0 # GETX hits
   mGETS: 201792 # GETS misses
   mGETXIM: 50176 # GETX I->M misses
   mGETXSM: 0 # GETX S->M misses (upgrade misses)
   PUTS: 201792 # Clean evictions (from lower level)
   PUTX: 50175 # Dirty evictions (from lower level)
   INV: 0 # Invalidates (from upper level)
   INVX: 0 # Downgrades (from upper level)
   FWD: 0 # Forwards (from upper level)
   latGETnl: 7811008 # GET request latency on next level
   latGETnet: 0 # GET request latency on network to next level
  gbuf-0b5: # Cache stats
   hGETS: 0 # GETS hits
   hGETX: 0 # GETX hits
   mGETS: 201708 # GETS misses
   mGETXIM: 50176 # GETX I->M misses
   mGETXSM: 0 # GETX S->M misses (upgrade misses)
   PUTS: 201708 # Clean evictions (from lower level)
   PUTX: 50175 # Dirty evictions (from lower level)
   INV: 0 # Invalidates (from upper level)
   INVX: 0 # Downgrades (from upper level)
   FWD: 0 # Forwards (from upper level)
   latGETnl: 7808404 # GET request latency on next level
   latGETnet: 0 # GET request latency on network to next level
  gbuf-0b6: # Cache stats
   hGETS: 0 # GETS hits
   hGETX: 0 # GETX hits
   mGETS: 201710 # GETS misses
   mGETXIM: 50176 # GETX I->M misses
   mGETXSM: 0 # GETX S->M misses (upgrade misses)
   PUTS: 201710 # Clean evictions (from lower level)
   PUTX: 50174 # Dirty evictions (from lower level)
   INV: 0 # Invalidates (from upper level)
   INVX: 0 # Downgrades (from upper level)
   FWD: 0 # Forwards (from upper level)
   latGETnl: 7808466 # GET request latency on next level
   latGETnet: 0 # GET request latency on network to next level
  gbuf-0b7: # Cache stats
   hGETS: 0 # GETS hits
   hGETX: 0 # GETX hits
   mGETS: 201708 # GETS misses
   mGETXIM: 50176 # GETX I->M misses
   mGETXSM: 0 # GETX S->M misses (upgrade misses)
   PUTS: 201707 # Clean evictions (from lower level)
   PUTX: 50176 # Dirty evictions (from lower level)
   INV: 0 # Invalidates (from upper level)
   INVX: 0 # Downgrades (from upper level)
   FWD: 0 # Forwards (from upper level)
   latGETnl: 7808404 # GET request latency on next level
   latGETnet: 0 # GET request latency on network to next level
 mem: # Memory controller stats
  mem-0: # Memory channel stats
   rd: 2015232 # Read requests
   wr: 397616 # Write requests
   rdlat: 1153853218316 # Total latency experienced by read requests
   wrlat: 2414102956 # Total latency experienced by write requests
   rdmlh: # Latency histogram for read requests
    0: 0
    1: 0
    2: 0
    3: 0
    4: 0
    5: 2090
    6: 279
    7: 380
    8: 309
    9: 173
    10: 28
    11: 20
    12: 336
    13: 221
    14: 423
    15: 170
    16: 82
    17: 42
    18: 175
    19: 282
    20: 338
    21: 264
    22: 120
    23: 59
    24: 42
    25: 190
    26: 438
    27: 266
    28: 214
    29: 97
    30: 81
    31: 212
    32: 410
    33: 448
    34: 318
    35: 312
    36: 392
    37: 322
    38: 561
    39: 941
    40: 932
    41: 501
    42: 374
    43: 447
    44: 454
    45: 444
    46: 467
    47: 302
    48: 109
    49: 143
    50: 80
    51: 257
    52: 405
    53: 285
    54: 82
    55: 155
    56: 174
    57: 343
    58: 239
    59: 113
    60: 686
    61: 1104
    62: 2180
    63: 2782
    64: 3046
    65: 2086
    66: 2032
    67: 1953
    68: 2769
    69: 2817
    70: 3062
    71: 2250
    72: 1841
    73: 1789
    74: 1889
    75: 3199
    76: 3165
    77: 3283
    78: 2078
    79: 1888
    80: 2064
    81: 2397
    82: 3141
    83: 2973
    84: 2977
    85: 2275
    86: 2067
    87: 2573
    88: 2968
    89: 3605
    90: 2776
    91: 2443
    92: 1816
    93: 2189
    94: 2449
    95: 2784
    96: 2901
    97: 2760
    98: 1901
    99: 1902933
   wrmlh: # Latency histogram for write requests
    0: 0
    1: 0
    2: 0
    3: 0
    4: 0
    5: 248
    6: 1960
    7: 4483
    8: 2771
    9: 5744
    10: 4703
    11: 2464
    12: 105
    13: 226
    14: 535
    15: 3028
    16: 2892
    17: 2651
    18: 4028
    19: 4719
    20: 1823
    21: 541
    22: 421
    23: 652
    24: 2653
    25: 2801
    26: 2841
    27: 3030
    28: 3620
    29: 1175
    30: 329
    31: 535
    32: 1093
    33: 2464
    34: 2628
    35: 2763
    36: 2677
    37: 2403
    38: 717
    39: 655
    40: 1110
    41: 1746
    42: 1998
    43: 2009
    44: 2509
    45: 2141
    46: 1546
    47: 813
    48: 1253
    49: 1238
    50: 1445
    51: 1267
    52: 1486
    53: 2184
    54: 1933
    55: 1116
    56: 820
    57: 518
    58: 258
    59: 179
    60: 136
    61: 128
    62: 141
    63: 180
    64: 127
    65: 110
    66: 80
    67: 109
    68: 91
    69: 76
    70: 88
    71: 110
    72: 64
    73: 51
    74: 56
    75: 66
    76: 62
    77: 34
    78: 49
    79: 70
    80: 49
    81: 43
    82: 34
    83: 40
    84: 37
    85: 19
    86: 23
    87: 27
    88: 16
    89: 14
    90: 18
    91: 11
    92: 11
    93: 6
    94: 12
    95: 8
    96: 8
    97: 3
    98: 7
    99: 291455
   ACT: 2412848 # Activate commands
   PRE: 2489062 # Precharge commands
   RD: 2015232 # Read commands
   WR: 397616 # Write commands
   REF: 28507 # Refresh commands
   eACTPRE: 731092944 # Activate/precharge energy
   eRDWR: 3265640432 # Read/write energy
   eREF: 94842789 # Refresh energy
   eBKGD: 2144926158 # Background energy
   eWIRE: 369165744 # Channel wire energy
 sched: # Scheduler stats
  thCr: 0 # Threads created
  thFn: 0 # Threads finished
  schedEvs: 0 # Schedule events
  waitEvs: 0 # Wait events
  handoffEvs: 0 # Handoff events
  sleepEvs: 0 # Sleep events
  idlePhases: 0 # Phases with no thread active
  idlePeriods: 0 # Periods with no thread active
  occHist: # Occupancy histogram
   0: 5556
   1: 0
  rqSzHist: # Run queue size histogram
   0: 5556
   1: 0
   2: 0
   3: 0
   4: 0
   5: 0
   6: 0
   7: 0
   8: 0
   9: 0
   10: 0
   11: 0
   12: 0
   13: 0
   14: 0
   15: 0
   16: 0
 procCycles: # Per-process unhalted core cycles
  0: 0
  1: 0
  2: 0
  3: 0
  4: 0
  5: 0
  6: 0
  7: 0
  8: 0
  9: 0
  10: 0
  11: 0
  12: 0
  13: 0
  14: 0
  15: 0
  16: 0
  17: 0
  18: 0
  19: 0
  20: 0
  21: 0
  22: 0
  23: 0
  24: 0
  25: 0
  26: 0
  27: 0
  28: 0
  29: 0
  30: 0
  31: 0
 procInstrs: # Per-process instructions
  0: 0
  1: 0
  2: 0
  3: 0
  4: 0
  5: 0
  6: 0
  7: 0
  8: 0
  9: 0
  10: 0
  11: 0
  12: 0
  13: 0
  14: 0
  15: 0
  16: 0
  17: 0
  18: 0
  19: 0
  20: 0
  21: 0
  22: 0
  23: 0
  24: 0
  25: 0
  26: 0
  27: 0
  28: 0
  29: 0
  30: 0
  31: 0
 heartbeats: # Per-process heartbeats
  0: 0
  1: 0
  2: 0
  3: 0
  4: 0
  5: 0
  6: 0
  7: 0
  8: 0
  9: 0
  10: 0
  11: 0
  12: 0
  13: 0
  14: 0
  15: 0
  16: 0
  17: 0
  18: 0
  19: 0
  20: 0
  21: 0
  22: 0
  23: 0
  24: 0
  25: 0
  26: 0
  27: 0
  28: 0
  29: 0
  30: 0
  31: 0
===
