# zsim stats
===
root: # Stats
 contention: # Contention simulation stats
  domain-0: # Domain stats
   time: 2671059039 # Weave simulation time
 time: # Simulator time breakdown
  init: 6522816660
  bound: 23287237183
  weave: 2804439645
  ff: 1248789697
 trigger: 20000 # Reason for this stats dump
 phase: 614 # Simulated phases
 l: # Logic unit stats
  l-0: # Logic unit stats
   cycles: 6115067 # Simulated unhalted cycles
   cCycles: 510131 # Cycles due to contention stalls
   ops: 6864 # Simulated operations
   compOps: 96 # Simulated compute operations
  l-1: # Logic unit stats
   cycles: 6105939 # Simulated unhalted cycles
   cCycles: 499743 # Cycles due to contention stalls
   ops: 7056 # Simulated operations
   compOps: 96 # Simulated compute operations
  l-2: # Logic unit stats
   cycles: 6130041 # Simulated unhalted cycles
   cCycles: 524713 # Cycles due to contention stalls
   ops: 7056 # Simulated operations
   compOps: 96 # Simulated compute operations
  l-3: # Logic unit stats
   cycles: 6073351 # Simulated unhalted cycles
   cCycles: 467434 # Cycles due to contention stalls
   ops: 6912 # Simulated operations
   compOps: 96 # Simulated compute operations
 c: # Core stats
  c-0: # Core stats
   cycles: 0 # Simulated cycles
   instrs: 0 # Simulated instructions
 rdbuf: # Cache stats
  rdbuf-0: # Filter cache stats
   fhGETS: 59 # Filtered GETS hits
   fhGETX: 0 # Filtered GETX hits
   hGETS: 29 # GETS hits
   hGETX: 0 # GETX hits
   mGETS: 41828 # GETS misses
   mGETXIM: 0 # GETX I->M misses
   mGETXSM: 0 # GETX S->M misses (upgrade misses)
   PUTS: 0 # Clean evictions (from lower level)
   PUTX: 0 # Dirty evictions (from lower level)
   INV: 0 # Invalidates (from upper level)
   INVX: 251 # Downgrades (from upper level)
   FWD: 0 # Forwards (from upper level)
   latGETnl: 1158727 # GET request latency on next level
   latGETnet: 0 # GET request latency on network to next level
  rdbuf-1: # Filter cache stats
   fhGETS: 29 # Filtered GETS hits
   fhGETX: 0 # Filtered GETX hits
   hGETS: 59 # GETS hits
   hGETX: 0 # GETX hits
   mGETS: 44516 # GETS misses
   mGETXIM: 0 # GETX I->M misses
   mGETXSM: 0 # GETX S->M misses (upgrade misses)
   PUTS: 0 # Clean evictions (from lower level)
   PUTX: 0 # Dirty evictions (from lower level)
   INV: 0 # Invalidates (from upper level)
   INVX: 282 # Downgrades (from upper level)
   FWD: 0 # Forwards (from upper level)
   latGETnl: 1308789 # GET request latency on next level
   latGETnet: 0 # GET request latency on network to next level
  rdbuf-2: # Filter cache stats
   fhGETS: 85 # Filtered GETS hits
   fhGETX: 0 # Filtered GETX hits
   hGETS: 3 # GETS hits
   hGETX: 0 # GETX hits
   mGETS: 44516 # GETS misses
   mGETXIM: 0 # GETX I->M misses
   mGETXSM: 0 # GETX S->M misses (upgrade misses)
   PUTS: 0 # Clean evictions (from lower level)
   PUTX: 0 # Dirty evictions (from lower level)
   INV: 0 # Invalidates (from upper level)
   INVX: 207 # Downgrades (from upper level)
   FWD: 0 # Forwards (from upper level)
   latGETnl: 1168390 # GET request latency on next level
   latGETnet: 0 # GET request latency on network to next level
  rdbuf-3: # Filter cache stats
   fhGETS: 27 # Filtered GETS hits
   fhGETX: 0 # Filtered GETX hits
   hGETS: 61 # GETS hits
   hGETX: 0 # GETX hits
   mGETS: 42500 # GETS misses
   mGETXIM: 0 # GETX I->M misses
   mGETXSM: 0 # GETX S->M misses (upgrade misses)
   PUTS: 0 # Clean evictions (from lower level)
   PUTX: 0 # Dirty evictions (from lower level)
   INV: 0 # Invalidates (from upper level)
   INVX: 267 # Downgrades (from upper level)
   FWD: 0 # Forwards (from upper level)
   latGETnl: 1338858 # GET request latency on next level
   latGETnet: 0 # GET request latency on network to next level
 wrbuf: # Cache stats
  wrbuf-0: # Filter cache stats
   fhGETS: 0 # Filtered GETS hits
   fhGETX: 2880 # Filtered GETX hits
   hGETS: 0 # GETS hits
   hGETX: 0 # GETX hits
   mGETS: 0 # GETS misses
   mGETXIM: 35040 # GETX I->M misses
   mGETXSM: 0 # GETX S->M misses (upgrade misses)
   PUTS: 0 # Clean evictions (from lower level)
   PUTX: 0 # Dirty evictions (from lower level)
   INV: 29 # Invalidates (from upper level)
   INVX: 0 # Downgrades (from upper level)
   FWD: 0 # Forwards (from upper level)
   latGETnl: 812086 # GET request latency on next level
   latGETnet: 0 # GET request latency on network to next level
  wrbuf-1: # Filter cache stats
   fhGETS: 0 # Filtered GETS hits
   fhGETX: 2880 # Filtered GETX hits
   hGETS: 0 # GETS hits
   hGETX: 0 # GETX hits
   mGETS: 0 # GETS misses
   mGETXIM: 37680 # GETX I->M misses
   mGETXSM: 0 # GETX S->M misses (upgrade misses)
   PUTS: 0 # Clean evictions (from lower level)
   PUTX: 0 # Dirty evictions (from lower level)
   INV: 3 # Invalidates (from upper level)
   INVX: 0 # Downgrades (from upper level)
   FWD: 0 # Forwards (from upper level)
   latGETnl: 883639 # GET request latency on next level
   latGETnet: 0 # GET request latency on network to next level
  wrbuf-2: # Filter cache stats
   fhGETS: 0 # Filtered GETS hits
   fhGETX: 2880 # Filtered GETX hits
   hGETS: 0 # GETS hits
   hGETX: 0 # GETX hits
   mGETS: 0 # GETS misses
   mGETXIM: 37680 # GETX I->M misses
   mGETXSM: 0 # GETX S->M misses (upgrade misses)
   PUTS: 0 # Clean evictions (from lower level)
   PUTX: 0 # Dirty evictions (from lower level)
   INV: 4 # Invalidates (from upper level)
   INVX: 0 # Downgrades (from upper level)
   FWD: 0 # Forwards (from upper level)
   latGETnl: 869782 # GET request latency on next level
   latGETnet: 0 # GET request latency on network to next level
  wrbuf-3: # Filter cache stats
   fhGETS: 0 # Filtered GETS hits
   fhGETX: 2880 # Filtered GETX hits
   hGETS: 0 # GETS hits
   hGETX: 0 # GETX hits
   mGETS: 0 # GETS misses
   mGETXIM: 37680 # GETX I->M misses
   mGETXSM: 0 # GETX S->M misses (upgrade misses)
   PUTS: 0 # Clean evictions (from lower level)
   PUTX: 0 # Dirty evictions (from lower level)
   INV: 1 # Invalidates (from upper level)
   INVX: 0 # Downgrades (from upper level)
   FWD: 0 # Forwards (from upper level)
   latGETnl: 866465 # GET request latency on next level
   latGETnet: 0 # GET request latency on network to next level
 gbuf: # Cache stats
  gbuf-0b0: # Cache stats
   hGETS: 2402 # GETS hits
   hGETX: 5277 # GETX hits
   mGETS: 19364 # GETS misses
   mGETXIM: 13234 # GETX I->M misses
   mGETXSM: 0 # GETX S->M misses (upgrade misses)
   PUTS: 21762 # Clean evictions (from lower level)
   PUTX: 18507 # Dirty evictions (from lower level)
   INV: 0 # Invalidates (from upper level)
   INVX: 0 # Downgrades (from upper level)
   FWD: 0 # Forwards (from upper level)
   latGETnl: 1010538 # GET request latency on next level
   latGETnet: 0 # GET request latency on network to next level
  gbuf-0b1: # Cache stats
   hGETS: 2398 # GETS hits
   hGETX: 5273 # GETX hits
   mGETS: 19360 # GETS misses
   mGETXIM: 13237 # GETX I->M misses
   mGETXSM: 0 # GETX S->M misses (upgrade misses)
   PUTS: 21758 # Clean evictions (from lower level)
   PUTX: 18507 # Dirty evictions (from lower level)
   INV: 0 # Invalidates (from upper level)
   INVX: 0 # Downgrades (from upper level)
   FWD: 0 # Forwards (from upper level)
   latGETnl: 1010507 # GET request latency on next level
   latGETnet: 0 # GET request latency on network to next level
  gbuf-0b2: # Cache stats
   hGETS: 2290 # GETS hits
   hGETX: 5270 # GETX hits
   mGETS: 19360 # GETS misses
   mGETXIM: 13240 # GETX I->M misses
   mGETXSM: 0 # GETX S->M misses (upgrade misses)
   PUTS: 21650 # Clean evictions (from lower level)
   PUTX: 18504 # Dirty evictions (from lower level)
   INV: 0 # Invalidates (from upper level)
   INVX: 0 # Downgrades (from upper level)
   FWD: 0 # Forwards (from upper level)
   latGETnl: 1010600 # GET request latency on next level
   latGETnet: 0 # GET request latency on network to next level
  gbuf-0b3: # Cache stats
   hGETS: 2290 # GETS hits
   hGETX: 5267 # GETX hits
   mGETS: 19360 # GETS misses
   mGETXIM: 13242 # GETX I->M misses
   mGETXSM: 0 # GETX S->M misses (upgrade misses)
   PUTS: 21650 # Clean evictions (from lower level)
   PUTX: 18505 # Dirty evictions (from lower level)
   INV: 0 # Invalidates (from upper level)
   INVX: 0 # Downgrades (from upper level)
   FWD: 0 # Forwards (from upper level)
   latGETnl: 1010662 # GET request latency on next level
   latGETnet: 0 # GET request latency on network to next level
  gbuf-0b4: # Cache stats
   hGETS: 2272 # GETS hits
   hGETX: 5264 # GETX hits
   mGETS: 19360 # GETS misses
   mGETXIM: 13248 # GETX I->M misses
   mGETXSM: 0 # GETX S->M misses (upgrade misses)
   PUTS: 21632 # Clean evictions (from lower level)
   PUTX: 18508 # Dirty evictions (from lower level)
   INV: 0 # Invalidates (from upper level)
   INVX: 0 # Downgrades (from upper level)
   FWD: 0 # Forwards (from upper level)
   latGETnl: 1010848 # GET request latency on next level
   latGETnet: 0 # GET request latency on network to next level
  gbuf-0b5: # Cache stats
   hGETS: 2272 # GETS hits
   hGETX: 5261 # GETX hits
   mGETS: 19360 # GETS misses
   mGETXIM: 13250 # GETX I->M misses
   mGETXSM: 0 # GETX S->M misses (upgrade misses)
   PUTS: 21632 # Clean evictions (from lower level)
   PUTX: 18504 # Dirty evictions (from lower level)
   INV: 0 # Invalidates (from upper level)
   INVX: 0 # Downgrades (from upper level)
   FWD: 0 # Forwards (from upper level)
   latGETnl: 1010910 # GET request latency on next level
   latGETnet: 0 # GET request latency on network to next level
  gbuf-0b6: # Cache stats
   hGETS: 2280 # GETS hits
   hGETX: 5267 # GETX hits
   mGETS: 19360 # GETS misses
   mGETXIM: 13239 # GETX I->M misses
   mGETXSM: 0 # GETX S->M misses (upgrade misses)
   PUTS: 21640 # Clean evictions (from lower level)
   PUTX: 18499 # Dirty evictions (from lower level)
   INV: 0 # Invalidates (from upper level)
   INVX: 0 # Downgrades (from upper level)
   FWD: 0 # Forwards (from upper level)
   latGETnl: 1010569 # GET request latency on next level
   latGETnet: 0 # GET request latency on network to next level
  gbuf-0b7: # Cache stats
   hGETS: 2272 # GETS hits
   hGETX: 5269 # GETX hits
   mGETS: 19360 # GETS misses
   mGETXIM: 13242 # GETX I->M misses
   mGETXSM: 0 # GETX S->M misses (upgrade misses)
   PUTS: 21632 # Clean evictions (from lower level)
   PUTX: 18505 # Dirty evictions (from lower level)
   INV: 0 # Invalidates (from upper level)
   INVX: 0 # Downgrades (from upper level)
   FWD: 0 # Forwards (from upper level)
   latGETnl: 1010662 # GET request latency on next level
   latGETnet: 0 # GET request latency on network to next level
 mem: # Memory controller stats
  mem-0: # Memory channel stats
   rd: 65205 # Read requests
   wr: 18351 # Write requests
   rdlat: 4624161525 # Total latency experienced by read requests
   wrlat: 2684231227 # Total latency experienced by write requests
   rdmlh: # Latency histogram for read requests
    0: 0
    1: 0
    2: 0
    3: 0
    4: 0
    5: 803
    6: 1196
    7: 992
    8: 151
    9: 220
    10: 29
    11: 128
    12: 1229
    13: 1040
    14: 430
    15: 324
    16: 133
    17: 169
    18: 832
    19: 1446
    20: 387
    21: 271
    22: 199
    23: 271
    24: 510
    25: 1476
    26: 508
    27: 341
    28: 242
    29: 343
    30: 537
    31: 1226
    32: 491
    33: 455
    34: 220
    35: 378
    36: 392
    37: 986
    38: 595
    39: 485
    40: 273
    41: 306
    42: 326
    43: 496
    44: 429
    45: 408
    46: 263
    47: 268
    48: 264
    49: 324
    50: 339
    51: 313
    52: 259
    53: 234
    54: 206
    55: 257
    56: 214
    57: 227
    58: 207
    59: 191
    60: 159
    61: 169
    62: 145
    63: 155
    64: 155
    65: 104
    66: 97
    67: 91
    68: 86
    69: 93
    70: 77
    71: 75
    72: 46
    73: 40
    74: 57
    75: 52
    76: 46
    77: 43
    78: 40
    79: 19
    80: 26
    81: 25
    82: 30
    83: 23
    84: 21
    85: 14
    86: 9
    87: 16
    88: 11
    89: 14
    90: 10
    91: 4
    92: 10
    93: 6
    94: 11
    95: 11
    96: 5
    97: 3
    98: 2
    99: 37966
   wrmlh: # Latency histogram for write requests
    0: 0
    1: 0
    2: 0
    3: 0
    4: 0
    5: 0
    6: 0
    7: 2
    8: 1
    9: 3
    10: 1
    11: 1
    12: 4
    13: 3
    14: 0
    15: 1
    16: 3
    17: 3
    18: 1
    19: 2
    20: 1
    21: 5
    22: 0
    23: 1
    24: 2
    25: 3
    26: 2
    27: 5
    28: 4
    29: 2
    30: 5
    31: 6
    32: 11
    33: 13
    34: 11
    35: 32
    36: 38
    37: 23
    38: 35
    39: 57
    40: 70
    41: 51
    42: 36
    43: 92
    44: 70
    45: 66
    46: 57
    47: 103
    48: 83
    49: 48
    50: 44
    51: 44
    52: 41
    53: 38
    54: 32
    55: 39
    56: 28
    57: 21
    58: 31
    59: 30
    60: 24
    61: 22
    62: 11
    63: 16
    64: 18
    65: 17
    66: 12
    67: 11
    68: 14
    69: 6
    70: 11
    71: 12
    72: 14
    73: 4
    74: 9
    75: 13
    76: 9
    77: 8
    78: 4
    79: 15
    80: 11
    81: 6
    82: 2
    83: 15
    84: 11
    85: 6
    86: 3
    87: 7
    88: 6
    89: 3
    90: 6
    91: 3
    92: 5
    93: 5
    94: 3
    95: 6
    96: 7
    97: 1
    98: 2
    99: 16688
   ACT: 83556 # Activate commands
   PRE: 88582 # Precharge commands
   RD: 65205 # Read commands
   WR: 18351 # Write commands
   REF: 3151 # Refresh commands
   eACTPRE: 25317468 # Activate/precharge energy
   eRDWR: 113239071 # Read/write energy
   eREF: 10483377 # Refresh energy
   eBKGD: 234042499 # Background energy
   eWIRE: 12784068 # Channel wire energy
  mem-1: # Memory channel stats
   rd: 65198 # Read requests
   wr: 18352 # Write requests
   rdlat: 4622828916 # Total latency experienced by read requests
   wrlat: 2682755376 # Total latency experienced by write requests
   rdmlh: # Latency histogram for read requests
    0: 0
    1: 0
    2: 0
    3: 0
    4: 0
    5: 807
    6: 1210
    7: 1008
    8: 138
    9: 205
    10: 31
    11: 128
    12: 1213
    13: 1079
    14: 426
    15: 304
    16: 134
    17: 164
    18: 836
    19: 1470
    20: 387
    21: 265
    22: 185
    23: 270
    24: 534
    25: 1475
    26: 506
    27: 320
    28: 261
    29: 338
    30: 523
    31: 1253
    32: 510
    33: 419
    34: 227
    35: 369
    36: 385
    37: 1043
    38: 565
    39: 456
    40: 272
    41: 317
    42: 342
    43: 516
    44: 457
    45: 374
    46: 232
    47: 290
    48: 262
    49: 318
    50: 320
    51: 325
    52: 225
    53: 269
    54: 207
    55: 240
    56: 193
    57: 255
    58: 190
    59: 197
    60: 166
    61: 152
    62: 131
    63: 156
    64: 145
    65: 131
    66: 108
    67: 80
    68: 96
    69: 87
    70: 75
    71: 58
    72: 54
    73: 43
    74: 43
    75: 65
    76: 49
    77: 37
    78: 31
    79: 16
    80: 20
    81: 31
    82: 29
    83: 24
    84: 14
    85: 15
    86: 13
    87: 21
    88: 14
    89: 10
    90: 8
    91: 7
    92: 7
    93: 11
    94: 9
    95: 5
    96: 4
    97: 6
    98: 3
    99: 37979
   wrmlh: # Latency histogram for write requests
    0: 0
    1: 0
    2: 0
    3: 0
    4: 0
    5: 2
    6: 0
    7: 2
    8: 1
    9: 2
    10: 1
    11: 3
    12: 3
    13: 3
    14: 0
    15: 0
    16: 4
    17: 5
    18: 1
    19: 2
    20: 4
    21: 5
    22: 2
    23: 1
    24: 1
    25: 5
    26: 3
    27: 5
    28: 7
    29: 3
    30: 11
    31: 11
    32: 24
    33: 18
    34: 14
    35: 16
    36: 26
    37: 22
    38: 20
    39: 42
    40: 49
    41: 54
    42: 38
    43: 83
    44: 90
    45: 75
    46: 66
    47: 87
    48: 63
    49: 52
    50: 43
    51: 61
    52: 47
    53: 24
    54: 35
    55: 36
    56: 40
    57: 42
    58: 22
    59: 34
    60: 32
    61: 11
    62: 18
    63: 25
    64: 24
    65: 17
    66: 6
    67: 17
    68: 11
    69: 8
    70: 13
    71: 11
    72: 9
    73: 7
    74: 3
    75: 11
    76: 11
    77: 9
    78: 10
    79: 10
    80: 8
    81: 4
    82: 4
    83: 8
    84: 6
    85: 3
    86: 6
    87: 3
    88: 4
    89: 1
    90: 1
    91: 2
    92: 5
    93: 2
    94: 1
    95: 8
    96: 1
    97: 5
    98: 2
    99: 16705
   ACT: 83550 # Activate commands
   PRE: 88566 # Precharge commands
   RD: 65198 # Read commands
   WR: 18352 # Write commands
   REF: 3151 # Refresh commands
   eACTPRE: 25315650 # Activate/precharge energy
   eRDWR: 113231016 # Read/write energy
   eREF: 10483377 # Refresh energy
   eBKGD: 234046823 # Background energy
   eWIRE: 12783150 # Channel wire energy
  mem-2: # Memory channel stats
   rd: 65206 # Read requests
   wr: 18352 # Write requests
   rdlat: 4615056502 # Total latency experienced by read requests
   wrlat: 2688198018 # Total latency experienced by write requests
   rdmlh: # Latency histogram for read requests
    0: 0
    1: 0
    2: 0
    3: 0
    4: 0
    5: 808
    6: 1194
    7: 1020
    8: 151
    9: 198
    10: 31
    11: 122
    12: 1213
    13: 1073
    14: 442
    15: 296
    16: 149
    17: 147
    18: 834
    19: 1471
    20: 397
    21: 263
    22: 196
    23: 241
    24: 516
    25: 1479
    26: 515
    27: 349
    28: 227
    29: 334
    30: 515
    31: 1256
    32: 502
    33: 444
    34: 233
    35: 373
    36: 361
    37: 1012
    38: 577
    39: 479
    40: 276
    41: 313
    42: 334
    43: 484
    44: 452
    45: 398
    46: 247
    47: 289
    48: 241
    49: 313
    50: 345
    51: 322
    52: 260
    53: 257
    54: 209
    55: 234
    56: 207
    57: 251
    58: 204
    59: 185
    60: 148
    61: 175
    62: 138
    63: 164
    64: 140
    65: 115
    66: 91
    67: 103
    68: 88
    69: 84
    70: 70
    71: 78
    72: 46
    73: 55
    74: 42
    75: 59
    76: 41
    77: 43
    78: 33
    79: 24
    80: 26
    81: 30
    82: 25
    83: 26
    84: 23
    85: 19
    86: 18
    87: 17
    88: 16
    89: 11
    90: 9
    91: 12
    92: 8
    93: 8
    94: 11
    95: 9
    96: 4
    97: 3
    98: 5
    99: 37950
   wrmlh: # Latency histogram for write requests
    0: 0
    1: 0
    2: 0
    3: 0
    4: 0
    5: 0
    6: 1
    7: 2
    8: 1
    9: 2
    10: 3
    11: 3
    12: 1
    13: 0
    14: 0
    15: 3
    16: 2
    17: 0
    18: 2
    19: 1
    20: 3
    21: 2
    22: 1
    23: 0
    24: 2
    25: 2
    26: 1
    27: 4
    28: 2
    29: 3
    30: 5
    31: 3
    32: 17
    33: 12
    34: 12
    35: 18
    36: 25
    37: 19
    38: 20
    39: 39
    40: 38
    41: 26
    42: 40
    43: 60
    44: 70
    45: 76
    46: 70
    47: 118
    48: 100
    49: 58
    50: 55
    51: 73
    52: 57
    53: 52
    54: 25
    55: 48
    56: 48
    57: 25
    58: 34
    59: 50
    60: 36
    61: 20
    62: 19
    63: 25
    64: 24
    65: 14
    66: 15
    67: 9
    68: 14
    69: 14
    70: 18
    71: 11
    72: 13
    73: 9
    74: 6
    75: 15
    76: 6
    77: 3
    78: 5
    79: 5
    80: 9
    81: 4
    82: 1
    83: 7
    84: 1
    85: 4
    86: 1
    87: 0
    88: 2
    89: 2
    90: 0
    91: 1
    92: 1
    93: 1
    94: 0
    95: 1
    96: 1
    97: 3
    98: 1
    99: 16697
   ACT: 83558 # Activate commands
   PRE: 88609 # Precharge commands
   RD: 65206 # Read commands
   WR: 18352 # Write commands
   REF: 3151 # Refresh commands
   eACTPRE: 25318074 # Activate/precharge energy
   eRDWR: 113241800 # Read/write energy
   eREF: 10483377 # Refresh energy
   eBKGD: 234036333 # Background energy
   eWIRE: 12784374 # Channel wire energy
  mem-3: # Memory channel stats
   rd: 65207 # Read requests
   wr: 18351 # Write requests
   rdlat: 4593051241 # Total latency experienced by read requests
   wrlat: 2686934933 # Total latency experienced by write requests
   rdmlh: # Latency histogram for read requests
    0: 0
    1: 0
    2: 0
    3: 0
    4: 0
    5: 792
    6: 1187
    7: 1049
    8: 146
    9: 191
    10: 30
    11: 118
    12: 1209
    13: 1108
    14: 430
    15: 308
    16: 124
    17: 151
    18: 804
    19: 1494
    20: 398
    21: 270
    22: 193
    23: 260
    24: 504
    25: 1503
    26: 512
    27: 333
    28: 226
    29: 342
    30: 535
    31: 1252
    32: 495
    33: 466
    34: 196
    35: 371
    36: 365
    37: 1014
    38: 586
    39: 463
    40: 264
    41: 340
    42: 324
    43: 503
    44: 443
    45: 379
    46: 240
    47: 310
    48: 238
    49: 320
    50: 353
    51: 300
    52: 236
    53: 280
    54: 212
    55: 242
    56: 221
    57: 234
    58: 184
    59: 215
    60: 152
    61: 169
    62: 159
    63: 150
    64: 127
    65: 123
    66: 101
    67: 103
    68: 89
    69: 79
    70: 69
    71: 68
    72: 53
    73: 42
    74: 47
    75: 58
    76: 43
    77: 38
    78: 35
    79: 25
    80: 33
    81: 27
    82: 29
    83: 21
    84: 16
    85: 15
    86: 16
    87: 20
    88: 14
    89: 9
    90: 5
    91: 7
    92: 10
    93: 11
    94: 8
    95: 13
    96: 3
    97: 3
    98: 5
    99: 37949
   wrmlh: # Latency histogram for write requests
    0: 0
    1: 0
    2: 0
    3: 0
    4: 0
    5: 0
    6: 0
    7: 3
    8: 3
    9: 2
    10: 1
    11: 3
    12: 1
    13: 0
    14: 1
    15: 2
    16: 2
    17: 2
    18: 3
    19: 0
    20: 1
    21: 3
    22: 2
    23: 2
    24: 1
    25: 4
    26: 1
    27: 5
    28: 1
    29: 7
    30: 4
    31: 13
    32: 11
    33: 12
    34: 19
    35: 11
    36: 20
    37: 17
    38: 20
    39: 37
    40: 41
    41: 49
    42: 47
    43: 85
    44: 90
    45: 57
    46: 63
    47: 111
    48: 86
    49: 57
    50: 36
    51: 59
    52: 67
    53: 33
    54: 35
    55: 53
    56: 45
    57: 34
    58: 24
    59: 38
    60: 34
    61: 23
    62: 21
    63: 26
    64: 20
    65: 23
    66: 8
    67: 19
    68: 19
    69: 14
    70: 11
    71: 9
    72: 9
    73: 8
    74: 4
    75: 9
    76: 8
    77: 4
    78: 2
    79: 7
    80: 6
    81: 5
    82: 5
    83: 4
    84: 5
    85: 1
    86: 1
    87: 5
    88: 0
    89: 0
    90: 3
    91: 3
    92: 3
    93: 1
    94: 1
    95: 2
    96: 0
    97: 2
    98: 3
    99: 16699
   ACT: 83558 # Activate commands
   PRE: 88627 # Precharge commands
   RD: 65207 # Read commands
   WR: 18351 # Write commands
   REF: 3151 # Refresh commands
   eACTPRE: 25318074 # Activate/precharge energy
   eRDWR: 113241767 # Read/write energy
   eREF: 10483377 # Refresh energy
   eBKGD: 234043813 # Background energy
   eWIRE: 12784374 # Channel wire energy
 sched: # Scheduler stats
  thCr: 0 # Threads created
  thFn: 0 # Threads finished
  schedEvs: 0 # Schedule events
  waitEvs: 0 # Wait events
  handoffEvs: 0 # Handoff events
  sleepEvs: 0 # Sleep events
  idlePhases: 0 # Phases with no thread active
  idlePeriods: 0 # Periods with no thread active
  occHist: # Occupancy histogram
   0: 614
   1: 0
  rqSzHist: # Run queue size histogram
   0: 614
   1: 0
   2: 0
   3: 0
   4: 0
   5: 0
   6: 0
   7: 0
   8: 0
   9: 0
   10: 0
   11: 0
   12: 0
   13: 0
   14: 0
   15: 0
   16: 0
 procCycles: # Per-process unhalted core cycles
  0: 0
  1: 0
  2: 0
  3: 0
  4: 0
  5: 0
  6: 0
  7: 0
  8: 0
  9: 0
  10: 0
  11: 0
  12: 0
  13: 0
  14: 0
  15: 0
  16: 0
  17: 0
  18: 0
  19: 0
  20: 0
  21: 0
  22: 0
  23: 0
  24: 0
  25: 0
  26: 0
  27: 0
  28: 0
  29: 0
  30: 0
  31: 0
 procInstrs: # Per-process instructions
  0: 0
  1: 0
  2: 0
  3: 0
  4: 0
  5: 0
  6: 0
  7: 0
  8: 0
  9: 0
  10: 0
  11: 0
  12: 0
  13: 0
  14: 0
  15: 0
  16: 0
  17: 0
  18: 0
  19: 0
  20: 0
  21: 0
  22: 0
  23: 0
  24: 0
  25: 0
  26: 0
  27: 0
  28: 0
  29: 0
  30: 0
  31: 0
 heartbeats: # Per-process heartbeats
  0: 0
  1: 0
  2: 0
  3: 0
  4: 0
  5: 0
  6: 0
  7: 0
  8: 0
  9: 0
  10: 0
  11: 0
  12: 0
  13: 0
  14: 0
  15: 0
  16: 0
  17: 0
  18: 0
  19: 0
  20: 0
  21: 0
  22: 0
  23: 0
  24: 0
  25: 0
  26: 0
  27: 0
  28: 0
  29: 0
  30: 0
  31: 0
===
