# zsim stats
===
root: # Stats
 contention: # Contention simulation stats
  domain-0: # Domain stats
   time: 54701929 # Weave simulation time
 time: # Simulator time breakdown
  init: 711788166
  bound: 26349516868
  weave: 59159855
  ff: 1133693619
 trigger: 20000 # Reason for this stats dump
 phase: 1359 # Simulated phases
 l: # Logic unit stats
  l-0: # Logic unit stats
   cycles: 13178839 # Simulated unhalted cycles
   cCycles: 8282390 # Cycles due to contention stalls
   ops: 303616 # Simulated operations
   compOps: 512 # Simulated compute operations
  l-1: # Logic unit stats
   cycles: 13195425 # Simulated unhalted cycles
   cCycles: 8297345 # Cycles due to contention stalls
   ops: 303616 # Simulated operations
   compOps: 512 # Simulated compute operations
  l-2: # Logic unit stats
   cycles: 13586345 # Simulated unhalted cycles
   cCycles: 8687809 # Cycles due to contention stalls
   ops: 303616 # Simulated operations
   compOps: 512 # Simulated compute operations
  l-3: # Logic unit stats
   cycles: 13583375 # Simulated unhalted cycles
   cCycles: 8685006 # Cycles due to contention stalls
   ops: 303616 # Simulated operations
   compOps: 512 # Simulated compute operations
 c: # Core stats
  c-0: # Core stats
   cycles: 0 # Simulated cycles
   instrs: 0 # Simulated instructions
 rdbuf: # Cache stats
  rdbuf-0: # Filter cache stats
   fhGETS: 0 # Filtered GETS hits
   fhGETX: 0 # Filtered GETX hits
   hGETS: 0 # GETS hits
   hGETX: 0 # GETX hits
   mGETS: 307200 # GETS misses
   mGETXIM: 0 # GETX I->M misses
   mGETXSM: 0 # GETX S->M misses (upgrade misses)
   PUTS: 0 # Clean evictions (from lower level)
   PUTX: 0 # Dirty evictions (from lower level)
   INV: 0 # Invalidates (from upper level)
   INVX: 219 # Downgrades (from upper level)
   FWD: 0 # Forwards (from upper level)
   latGETnl: 2733508 # GET request latency on next level
   latGETnet: 0 # GET request latency on network to next level
  rdbuf-1: # Filter cache stats
   fhGETS: 0 # Filtered GETS hits
   fhGETX: 0 # Filtered GETX hits
   hGETS: 0 # GETS hits
   hGETX: 0 # GETX hits
   mGETS: 321536 # GETS misses
   mGETXIM: 0 # GETX I->M misses
   mGETXSM: 0 # GETX S->M misses (upgrade misses)
   PUTS: 0 # Clean evictions (from lower level)
   PUTX: 0 # Dirty evictions (from lower level)
   INV: 0 # Invalidates (from upper level)
   INVX: 90 # Downgrades (from upper level)
   FWD: 0 # Forwards (from upper level)
   latGETnl: 2105214 # GET request latency on next level
   latGETnet: 0 # GET request latency on network to next level
  rdbuf-2: # Filter cache stats
   fhGETS: 0 # Filtered GETS hits
   fhGETX: 0 # Filtered GETX hits
   hGETS: 0 # GETS hits
   hGETX: 0 # GETX hits
   mGETS: 321536 # GETS misses
   mGETXIM: 0 # GETX I->M misses
   mGETXSM: 0 # GETX S->M misses (upgrade misses)
   PUTS: 0 # Clean evictions (from lower level)
   PUTX: 0 # Dirty evictions (from lower level)
   INV: 0 # Invalidates (from upper level)
   INVX: 326 # Downgrades (from upper level)
   FWD: 0 # Forwards (from upper level)
   latGETnl: 2503347 # GET request latency on next level
   latGETnet: 0 # GET request latency on network to next level
  rdbuf-3: # Filter cache stats
   fhGETS: 0 # Filtered GETS hits
   fhGETX: 0 # Filtered GETX hits
   hGETS: 0 # GETS hits
   hGETX: 0 # GETX hits
   mGETS: 321536 # GETS misses
   mGETXIM: 0 # GETX I->M misses
   mGETXSM: 0 # GETX S->M misses (upgrade misses)
   PUTS: 0 # Clean evictions (from lower level)
   PUTX: 0 # Dirty evictions (from lower level)
   INV: 0 # Invalidates (from upper level)
   INVX: 206 # Downgrades (from upper level)
   FWD: 0 # Forwards (from upper level)
   latGETnl: 2777604 # GET request latency on next level
   latGETnet: 0 # GET request latency on network to next level
 wrbuf: # Cache stats
  wrbuf-0: # Filter cache stats
   fhGETS: 0 # Filtered GETS hits
   fhGETX: 0 # Filtered GETX hits
   hGETS: 0 # GETS hits
   hGETX: 0 # GETX hits
   mGETS: 0 # GETS misses
   mGETXIM: 11264 # GETX I->M misses
   mGETXSM: 0 # GETX S->M misses (upgrade misses)
   PUTS: 0 # Clean evictions (from lower level)
   PUTX: 0 # Dirty evictions (from lower level)
   INV: 193 # Invalidates (from upper level)
   INVX: 0 # Downgrades (from upper level)
   FWD: 0 # Forwards (from upper level)
   latGETnl: 291752 # GET request latency on next level
   latGETnet: 0 # GET request latency on network to next level
  wrbuf-1: # Filter cache stats
   fhGETS: 0 # Filtered GETS hits
   fhGETX: 0 # Filtered GETX hits
   hGETS: 0 # GETS hits
   hGETX: 0 # GETX hits
   mGETS: 0 # GETS misses
   mGETXIM: 14848 # GETX I->M misses
   mGETXSM: 0 # GETX S->M misses (upgrade misses)
   PUTS: 0 # Clean evictions (from lower level)
   PUTX: 0 # Dirty evictions (from lower level)
   INV: 120 # Invalidates (from upper level)
   INVX: 0 # Downgrades (from upper level)
   FWD: 0 # Forwards (from upper level)
   latGETnl: 304760 # GET request latency on next level
   latGETnet: 0 # GET request latency on network to next level
  wrbuf-2: # Filter cache stats
   fhGETS: 0 # Filtered GETS hits
   fhGETX: 0 # Filtered GETX hits
   hGETS: 0 # GETS hits
   hGETX: 0 # GETX hits
   mGETS: 0 # GETS misses
   mGETXIM: 14848 # GETX I->M misses
   mGETXSM: 0 # GETX S->M misses (upgrade misses)
   PUTS: 0 # Clean evictions (from lower level)
   PUTX: 0 # Dirty evictions (from lower level)
   INV: 553 # Invalidates (from upper level)
   INVX: 0 # Downgrades (from upper level)
   FWD: 0 # Forwards (from upper level)
   latGETnl: 354794 # GET request latency on next level
   latGETnet: 0 # GET request latency on network to next level
  wrbuf-3: # Filter cache stats
   fhGETS: 0 # Filtered GETS hits
   fhGETX: 0 # Filtered GETX hits
   hGETS: 0 # GETS hits
   hGETX: 0 # GETX hits
   mGETS: 0 # GETS misses
   mGETXIM: 14848 # GETX I->M misses
   mGETXSM: 0 # GETX S->M misses (upgrade misses)
   PUTS: 0 # Clean evictions (from lower level)
   PUTX: 0 # Dirty evictions (from lower level)
   INV: 447 # Invalidates (from upper level)
   INVX: 0 # Downgrades (from upper level)
   FWD: 0 # Forwards (from upper level)
   latGETnl: 355910 # GET request latency on next level
   latGETnet: 0 # GET request latency on network to next level
 gbuf: # Cache stats
  gbuf-0b0: # Cache stats
   hGETS: 123240 # GETS hits
   hGETX: 1928 # GETX hits
   mGETS: 35737 # GETS misses
   mGETXIM: 5048 # GETX I->M misses
   mGETXSM: 0 # GETX S->M misses (upgrade misses)
   PUTS: 158977 # Clean evictions (from lower level)
   PUTX: 6808 # Dirty evictions (from lower level)
   INV: 0 # Invalidates (from upper level)
   INVX: 0 # Downgrades (from upper level)
   FWD: 0 # Forwards (from upper level)
   latGETnl: 1264335 # GET request latency on next level
   latGETnet: 0 # GET request latency on network to next level
  gbuf-0b1: # Cache stats
   hGETS: 123242 # GETS hits
   hGETX: 1936 # GETX hits
   mGETS: 35733 # GETS misses
   mGETXIM: 5040 # GETX I->M misses
   mGETXSM: 0 # GETX S->M misses (upgrade misses)
   PUTS: 158975 # Clean evictions (from lower level)
   PUTX: 6799 # Dirty evictions (from lower level)
   INV: 0 # Invalidates (from upper level)
   INVX: 0 # Downgrades (from upper level)
   FWD: 0 # Forwards (from upper level)
   latGETnl: 1263963 # GET request latency on next level
   latGETnet: 0 # GET request latency on network to next level
  gbuf-0b2: # Cache stats
   hGETS: 123256 # GETS hits
   hGETX: 1932 # GETX hits
   mGETS: 35720 # GETS misses
   mGETXIM: 5044 # GETX I->M misses
   mGETXSM: 0 # GETX S->M misses (upgrade misses)
   PUTS: 158976 # Clean evictions (from lower level)
   PUTX: 6822 # Dirty evictions (from lower level)
   INV: 0 # Invalidates (from upper level)
   INVX: 0 # Downgrades (from upper level)
   FWD: 0 # Forwards (from upper level)
   latGETnl: 1263684 # GET request latency on next level
   latGETnet: 0 # GET request latency on network to next level
  gbuf-0b3: # Cache stats
   hGETS: 123275 # GETS hits
   hGETX: 1932 # GETX hits
   mGETS: 35701 # GETS misses
   mGETXIM: 5044 # GETX I->M misses
   mGETXSM: 0 # GETX S->M misses (upgrade misses)
   PUTS: 158976 # Clean evictions (from lower level)
   PUTX: 6811 # Dirty evictions (from lower level)
   INV: 0 # Invalidates (from upper level)
   INVX: 0 # Downgrades (from upper level)
   FWD: 0 # Forwards (from upper level)
   latGETnl: 1263095 # GET request latency on next level
   latGETnet: 0 # GET request latency on network to next level
  gbuf-0b4: # Cache stats
   hGETS: 123301 # GETS hits
   hGETX: 1932 # GETX hits
   mGETS: 35674 # GETS misses
   mGETXIM: 5044 # GETX I->M misses
   mGETXSM: 0 # GETX S->M misses (upgrade misses)
   PUTS: 158974 # Clean evictions (from lower level)
   PUTX: 6813 # Dirty evictions (from lower level)
   INV: 0 # Invalidates (from upper level)
   INVX: 0 # Downgrades (from upper level)
   FWD: 0 # Forwards (from upper level)
   latGETnl: 1262258 # GET request latency on next level
   latGETnet: 0 # GET request latency on network to next level
  gbuf-0b5: # Cache stats
   hGETS: 123343 # GETS hits
   hGETX: 1924 # GETX hits
   mGETS: 35634 # GETS misses
   mGETXIM: 5052 # GETX I->M misses
   mGETXSM: 0 # GETX S->M misses (upgrade misses)
   PUTS: 158977 # Clean evictions (from lower level)
   PUTX: 6820 # Dirty evictions (from lower level)
   INV: 0 # Invalidates (from upper level)
   INVX: 0 # Downgrades (from upper level)
   FWD: 0 # Forwards (from upper level)
   latGETnl: 1261266 # GET request latency on next level
   latGETnet: 0 # GET request latency on network to next level
  gbuf-0b6: # Cache stats
   hGETS: 123359 # GETS hits
   hGETX: 1928 # GETX hits
   mGETS: 35617 # GETS misses
   mGETXIM: 5048 # GETX I->M misses
   mGETXSM: 0 # GETX S->M misses (upgrade misses)
   PUTS: 158974 # Clean evictions (from lower level)
   PUTX: 6816 # Dirty evictions (from lower level)
   INV: 0 # Invalidates (from upper level)
   INVX: 0 # Downgrades (from upper level)
   FWD: 0 # Forwards (from upper level)
   latGETnl: 1260615 # GET request latency on next level
   latGETnet: 0 # GET request latency on network to next level
  gbuf-0b7: # Cache stats
   hGETS: 123377 # GETS hits
   hGETX: 1928 # GETX hits
   mGETS: 35599 # GETS misses
   mGETXIM: 5048 # GETX I->M misses
   mGETXSM: 0 # GETX S->M misses (upgrade misses)
   PUTS: 158975 # Clean evictions (from lower level)
   PUTX: 6806 # Dirty evictions (from lower level)
   INV: 0 # Invalidates (from upper level)
   INVX: 0 # Downgrades (from upper level)
   FWD: 0 # Forwards (from upper level)
   latGETnl: 1260057 # GET request latency on next level
   latGETnet: 0 # GET request latency on network to next level
 mem: # Memory controller stats
  mem-0: # Memory channel stats
   rd: 325783 # Read requests
   wr: 40448 # Write requests
   rdlat: 11752051373 # Total latency experienced by read requests
   wrlat: 475438282 # Total latency experienced by write requests
   rdmlh: # Latency histogram for read requests
    0: 0
    1: 0
    2: 0
    3: 0
    4: 0
    5: 1228
    6: 556
    7: 161
    8: 32
    9: 19
    10: 522
    11: 878
    12: 428
    13: 57
    14: 40
    15: 501
    16: 227
    17: 827
    18: 241
    19: 71
    20: 502
    21: 239
    22: 271
    23: 313
    24: 495
    25: 503
    26: 244
    27: 135
    28: 235
    29: 312
    30: 812
    31: 312
    32: 144
    33: 58
    34: 336
    35: 632
    36: 580
    37: 222
    38: 70
    39: 69
    40: 778
    41: 409
    42: 460
    43: 122
    44: 68
    45: 491
    46: 558
    47: 245
    48: 410
    49: 141
    50: 494
    51: 429
    52: 353
    53: 136
    54: 177
    55: 763
    56: 246
    57: 330
    58: 310
    59: 118
    60: 644
    61: 458
    62: 216
    63: 381
    64: 207
    65: 461
    66: 333
    67: 411
    68: 142
    69: 406
    70: 535
    71: 252
    72: 296
    73: 338
    74: 160
    75: 795
    76: 272
    77: 190
    78: 238
    79: 335
    80: 590
    81: 420
    82: 263
    83: 123
    84: 253
    85: 184
    86: 505
    87: 324
    88: 165
    89: 139
    90: 209
    91: 202
    92: 537
    93: 274
    94: 159
    95: 152
    96: 245
    97: 147
    98: 546
    99: 293966
   wrmlh: # Latency histogram for write requests
    0: 0
    1: 0
    2: 0
    3: 0
    4: 0
    5: 163
    6: 87
    7: 92
    8: 82
    9: 70
    10: 54
    11: 85
    12: 98
    13: 129
    14: 133
    15: 130
    16: 133
    17: 106
    18: 128
    19: 156
    20: 167
    21: 190
    22: 190
    23: 215
    24: 238
    25: 244
    26: 348
    27: 293
    28: 281
    29: 261
    30: 301
    31: 316
    32: 331
    33: 355
    34: 320
    35: 316
    36: 353
    37: 326
    38: 389
    39: 316
    40: 371
    41: 320
    42: 333
    43: 338
    44: 295
    45: 312
    46: 306
    47: 253
    48: 246
    49: 247
    50: 242
    51: 212
    52: 220
    53: 193
    54: 207
    55: 194
    56: 207
    57: 192
    58: 189
    59: 216
    60: 182
    61: 179
    62: 154
    63: 156
    64: 167
    65: 178
    66: 159
    67: 139
    68: 127
    69: 146
    70: 161
    71: 124
    72: 126
    73: 136
    74: 130
    75: 151
    76: 129
    77: 107
    78: 120
    79: 159
    80: 139
    81: 113
    82: 113
    83: 108
    84: 107
    85: 119
    86: 86
    87: 85
    88: 97
    89: 103
    90: 90
    91: 70
    92: 82
    93: 99
    94: 73
    95: 68
    96: 63
    97: 80
    98: 65
    99: 23269
   ACT: 366231 # Activate commands
   PRE: 386703 # Precharge commands
   RD: 325783 # Read commands
   WR: 40448 # Write commands
   REF: 6973 # Refresh commands
   eACTPRE: 110967993 # Activate/precharge energy
   eRDWR: 495014172 # Read/write energy
   eREF: 23199171 # Refresh energy
   eBKGD: 522534410 # Background energy
   eWIRE: 56033343 # Channel wire energy
 sched: # Scheduler stats
  thCr: 0 # Threads created
  thFn: 0 # Threads finished
  schedEvs: 0 # Schedule events
  waitEvs: 0 # Wait events
  handoffEvs: 0 # Handoff events
  sleepEvs: 0 # Sleep events
  idlePhases: 0 # Phases with no thread active
  idlePeriods: 0 # Periods with no thread active
  occHist: # Occupancy histogram
   0: 1359
   1: 0
  rqSzHist: # Run queue size histogram
   0: 1359
   1: 0
   2: 0
   3: 0
   4: 0
   5: 0
   6: 0
   7: 0
   8: 0
   9: 0
   10: 0
   11: 0
   12: 0
   13: 0
   14: 0
   15: 0
   16: 0
 procCycles: # Per-process unhalted core cycles
  0: 0
  1: 0
  2: 0
  3: 0
  4: 0
  5: 0
  6: 0
  7: 0
  8: 0
  9: 0
  10: 0
  11: 0
  12: 0
  13: 0
  14: 0
  15: 0
  16: 0
  17: 0
  18: 0
  19: 0
  20: 0
  21: 0
  22: 0
  23: 0
  24: 0
  25: 0
  26: 0
  27: 0
  28: 0
  29: 0
  30: 0
  31: 0
 procInstrs: # Per-process instructions
  0: 0
  1: 0
  2: 0
  3: 0
  4: 0
  5: 0
  6: 0
  7: 0
  8: 0
  9: 0
  10: 0
  11: 0
  12: 0
  13: 0
  14: 0
  15: 0
  16: 0
  17: 0
  18: 0
  19: 0
  20: 0
  21: 0
  22: 0
  23: 0
  24: 0
  25: 0
  26: 0
  27: 0
  28: 0
  29: 0
  30: 0
  31: 0
 heartbeats: # Per-process heartbeats
  0: 0
  1: 0
  2: 0
  3: 0
  4: 0
  5: 0
  6: 0
  7: 0
  8: 0
  9: 0
  10: 0
  11: 0
  12: 0
  13: 0
  14: 0
  15: 0
  16: 0
  17: 0
  18: 0
  19: 0
  20: 0
  21: 0
  22: 0
  23: 0
  24: 0
  25: 0
  26: 0
  27: 0
  28: 0
  29: 0
  30: 0
  31: 0
===
