# zsim stats
===
root: # Stats
 contention: # Contention simulation stats
  domain-0: # Domain stats
   time: 4405694533 # Weave simulation time
 time: # Simulator time breakdown
  init: 3947866075
  bound: 66741144677
  weave: 4420100328
  ff: 1136558434
 trigger: 20000 # Reason for this stats dump
 phase: 251 # Simulated phases
 l: # Logic unit stats
  l-0: # Logic unit stats
   cycles: 2504351 # Simulated unhalted cycles
   cCycles: 2350211 # Cycles due to contention stalls
   ops: 24156 # Simulated operations
   compOps: 4 # Simulated compute operations
 c: # Core stats
  c-0: # Core stats
   cycles: 0 # Simulated cycles
   instrs: 0 # Simulated instructions
 rdbuf: # Cache stats
  rdbuf-0: # Filter cache stats
   fhGETS: 11320 # Filtered GETS hits
   fhGETX: 0 # Filtered GETX hits
   hGETS: 0 # GETS hits
   hGETX: 0 # GETX hits
   mGETS: 100368 # GETS misses
   mGETXIM: 0 # GETX I->M misses
   mGETXSM: 0 # GETX S->M misses (upgrade misses)
   PUTS: 0 # Clean evictions (from lower level)
   PUTX: 0 # Dirty evictions (from lower level)
   INV: 4 # Invalidates (from upper level)
   INVX: 0 # Downgrades (from upper level)
   FWD: 0 # Forwards (from upper level)
   latGETnl: 3211776 # GET request latency on next level
   latGETnet: 0 # GET request latency on network to next level
 wrbuf: # Cache stats
  wrbuf-0: # Filter cache stats
   fhGETS: 0 # Filtered GETS hits
   fhGETX: 11320 # Filtered GETX hits
   hGETS: 0 # GETS hits
   hGETX: 0 # GETX hits
   mGETS: 0 # GETS misses
   mGETXIM: 100352 # GETX I->M misses
   mGETXSM: 0 # GETX S->M misses (upgrade misses)
   PUTS: 0 # Clean evictions (from lower level)
   PUTX: 0 # Dirty evictions (from lower level)
   INV: 3 # Invalidates (from upper level)
   INVX: 0 # Downgrades (from upper level)
   FWD: 0 # Forwards (from upper level)
   latGETnl: 3211264 # GET request latency on next level
   latGETnet: 0 # GET request latency on network to next level
 gbuf: # Cache stats
  gbuf-0b0: # Cache stats
   hGETS: 0 # GETS hits
   hGETX: 0 # GETX hits
   mGETS: 12548 # GETS misses
   mGETXIM: 12544 # GETX I->M misses
   mGETXSM: 0 # GETX S->M misses (upgrade misses)
   PUTS: 12548 # Clean evictions (from lower level)
   PUTX: 12544 # Dirty evictions (from lower level)
   INV: 0 # Invalidates (from upper level)
   INVX: 0 # Downgrades (from upper level)
   FWD: 0 # Forwards (from upper level)
   latGETnl: 777852 # GET request latency on next level
   latGETnet: 0 # GET request latency on network to next level
  gbuf-0b1: # Cache stats
   hGETS: 0 # GETS hits
   hGETX: 0 # GETX hits
   mGETS: 12548 # GETS misses
   mGETXIM: 12544 # GETX I->M misses
   mGETXSM: 0 # GETX S->M misses (upgrade misses)
   PUTS: 12548 # Clean evictions (from lower level)
   PUTX: 12544 # Dirty evictions (from lower level)
   INV: 0 # Invalidates (from upper level)
   INVX: 0 # Downgrades (from upper level)
   FWD: 0 # Forwards (from upper level)
   latGETnl: 777852 # GET request latency on next level
   latGETnet: 0 # GET request latency on network to next level
  gbuf-0b2: # Cache stats
   hGETS: 0 # GETS hits
   hGETX: 0 # GETX hits
   mGETS: 12548 # GETS misses
   mGETXIM: 12544 # GETX I->M misses
   mGETXSM: 0 # GETX S->M misses (upgrade misses)
   PUTS: 12546 # Clean evictions (from lower level)
   PUTX: 12544 # Dirty evictions (from lower level)
   INV: 0 # Invalidates (from upper level)
   INVX: 0 # Downgrades (from upper level)
   FWD: 0 # Forwards (from upper level)
   latGETnl: 777852 # GET request latency on next level
   latGETnet: 0 # GET request latency on network to next level
  gbuf-0b3: # Cache stats
   hGETS: 0 # GETS hits
   hGETX: 0 # GETX hits
   mGETS: 12548 # GETS misses
   mGETXIM: 12544 # GETX I->M misses
   mGETXSM: 0 # GETX S->M misses (upgrade misses)
   PUTS: 12546 # Clean evictions (from lower level)
   PUTX: 12544 # Dirty evictions (from lower level)
   INV: 0 # Invalidates (from upper level)
   INVX: 0 # Downgrades (from upper level)
   FWD: 0 # Forwards (from upper level)
   latGETnl: 777852 # GET request latency on next level
   latGETnet: 0 # GET request latency on network to next level
  gbuf-0b4: # Cache stats
   hGETS: 0 # GETS hits
   hGETX: 0 # GETX hits
   mGETS: 12544 # GETS misses
   mGETXIM: 12544 # GETX I->M misses
   mGETXSM: 0 # GETX S->M misses (upgrade misses)
   PUTS: 12544 # Clean evictions (from lower level)
   PUTX: 12544 # Dirty evictions (from lower level)
   INV: 0 # Invalidates (from upper level)
   INVX: 0 # Downgrades (from upper level)
   FWD: 0 # Forwards (from upper level)
   latGETnl: 777728 # GET request latency on next level
   latGETnet: 0 # GET request latency on network to next level
  gbuf-0b5: # Cache stats
   hGETS: 0 # GETS hits
   hGETX: 0 # GETX hits
   mGETS: 12544 # GETS misses
   mGETXIM: 12544 # GETX I->M misses
   mGETXSM: 0 # GETX S->M misses (upgrade misses)
   PUTS: 12544 # Clean evictions (from lower level)
   PUTX: 12544 # Dirty evictions (from lower level)
   INV: 0 # Invalidates (from upper level)
   INVX: 0 # Downgrades (from upper level)
   FWD: 0 # Forwards (from upper level)
   latGETnl: 777728 # GET request latency on next level
   latGETnet: 0 # GET request latency on network to next level
  gbuf-0b6: # Cache stats
   hGETS: 0 # GETS hits
   hGETX: 0 # GETX hits
   mGETS: 12544 # GETS misses
   mGETXIM: 12544 # GETX I->M misses
   mGETXSM: 0 # GETX S->M misses (upgrade misses)
   PUTS: 12544 # Clean evictions (from lower level)
   PUTX: 12542 # Dirty evictions (from lower level)
   INV: 0 # Invalidates (from upper level)
   INVX: 0 # Downgrades (from upper level)
   FWD: 0 # Forwards (from upper level)
   latGETnl: 777728 # GET request latency on next level
   latGETnet: 0 # GET request latency on network to next level
  gbuf-0b7: # Cache stats
   hGETS: 0 # GETS hits
   hGETX: 0 # GETX hits
   mGETS: 12544 # GETS misses
   mGETXIM: 12544 # GETX I->M misses
   mGETXSM: 0 # GETX S->M misses (upgrade misses)
   PUTS: 12544 # Clean evictions (from lower level)
   PUTX: 12542 # Dirty evictions (from lower level)
   INV: 0 # Invalidates (from upper level)
   INVX: 0 # Downgrades (from upper level)
   FWD: 0 # Forwards (from upper level)
   latGETnl: 777728 # GET request latency on next level
   latGETnet: 0 # GET request latency on network to next level
 mem: # Memory controller stats
  mem-0: # Memory channel stats
   rd: 200720 # Read requests
   wr: 82344 # Write requests
   rdlat: 49795829141 # Total latency experienced by read requests
   wrlat: 26948786972 # Total latency experienced by write requests
   rdmlh: # Latency histogram for read requests
    0: 0
    1: 0
    2: 0
    3: 0
    4: 0
    5: 5
    6: 9
    7: 11
    8: 10
    9: 10
    10: 0
    11: 0
    12: 5
    13: 10
    14: 10
    15: 14
    16: 1
    17: 0
    18: 0
    19: 14
    20: 9
    21: 12
    22: 5
    23: 1
    24: 0
    25: 5
    26: 9
    27: 18
    28: 6
    29: 4
    30: 1
    31: 7
    32: 10
    33: 6
    34: 5
    35: 14
    36: 2
    37: 2
    38: 7
    39: 9
    40: 8
    41: 13
    42: 2
    43: 1
    44: 2
    45: 15
    46: 8
    47: 11
    48: 4
    49: 3
    50: 2
    51: 5
    52: 13
    53: 9
    54: 8
    55: 11
    56: 7
    57: 13
    58: 10
    59: 3
    60: 0
    61: 11
    62: 3
    63: 6
    64: 11
    65: 13
    66: 1
    67: 1
    68: 11
    69: 3
    70: 1
    71: 21
    72: 3
    73: 1
    74: 5
    75: 10
    76: 1
    77: 14
    78: 9
    79: 1
    80: 4
    81: 11
    82: 0
    83: 13
    84: 9
    85: 4
    86: 1
    87: 16
    88: 0
    89: 2
    90: 8
    91: 14
    92: 3
    93: 3
    94: 10
    95: 5
    96: 5
    97: 14
    98: 6
    99: 200087
   wrmlh: # Latency histogram for write requests
    0: 0
    1: 0
    2: 0
    3: 0
    4: 0
    5: 10
    6: 7
    7: 20
    8: 12
    9: 2
    10: 0
    11: 13
    12: 5
    13: 2
    14: 6
    15: 21
    16: 6
    17: 11
    18: 16
    19: 7
    20: 3
    21: 8
    22: 8
    23: 6
    24: 12
    25: 9
    26: 9
    27: 27
    28: 5
    29: 4
    30: 5
    31: 10
    32: 9
    33: 3
    34: 10
    35: 20
    36: 18
    37: 12
    38: 14
    39: 18
    40: 25
    41: 27
    42: 24
    43: 76
    44: 146
    45: 117
    46: 121
    47: 201
    48: 416
    49: 330
    50: 308
    51: 567
    52: 569
    53: 254
    54: 226
    55: 319
    56: 234
    57: 126
    58: 104
    59: 72
    60: 37
    61: 33
    62: 39
    63: 26
    64: 20
    65: 22
    66: 18
    67: 14
    68: 11
    69: 15
    70: 12
    71: 18
    72: 17
    73: 15
    74: 25
    75: 25
    76: 12
    77: 16
    78: 20
    79: 15
    80: 12
    81: 11
    82: 8
    83: 11
    84: 7
    85: 5
    86: 1
    87: 2
    88: 1
    89: 0
    90: 0
    91: 2
    92: 0
    93: 0
    94: 0
    95: 0
    96: 0
    97: 0
    98: 0
    99: 77264
   ACT: 283064 # Activate commands
   PRE: 286888 # Precharge commands
   RD: 200720 # Read commands
   WR: 82344 # Write commands
   REF: 1288 # Refresh commands
   eACTPRE: 85768392 # Activate/precharge energy
   eRDWR: 384287624 # Read/write energy
   eREF: 4285176 # Refresh energy
   eBKGD: 99530733 # Background energy
   eWIRE: 43308792 # Channel wire energy
 sched: # Scheduler stats
  thCr: 0 # Threads created
  thFn: 0 # Threads finished
  schedEvs: 0 # Schedule events
  waitEvs: 0 # Wait events
  handoffEvs: 0 # Handoff events
  sleepEvs: 0 # Sleep events
  idlePhases: 0 # Phases with no thread active
  idlePeriods: 0 # Periods with no thread active
  occHist: # Occupancy histogram
   0: 251
   1: 0
  rqSzHist: # Run queue size histogram
   0: 251
   1: 0
   2: 0
   3: 0
   4: 0
   5: 0
   6: 0
   7: 0
   8: 0
   9: 0
   10: 0
   11: 0
   12: 0
   13: 0
   14: 0
   15: 0
   16: 0
 procCycles: # Per-process unhalted core cycles
  0: 0
  1: 0
  2: 0
  3: 0
  4: 0
  5: 0
  6: 0
  7: 0
  8: 0
  9: 0
  10: 0
  11: 0
  12: 0
  13: 0
  14: 0
  15: 0
  16: 0
  17: 0
  18: 0
  19: 0
  20: 0
  21: 0
  22: 0
  23: 0
  24: 0
  25: 0
  26: 0
  27: 0
  28: 0
  29: 0
  30: 0
  31: 0
 procInstrs: # Per-process instructions
  0: 0
  1: 0
  2: 0
  3: 0
  4: 0
  5: 0
  6: 0
  7: 0
  8: 0
  9: 0
  10: 0
  11: 0
  12: 0
  13: 0
  14: 0
  15: 0
  16: 0
  17: 0
  18: 0
  19: 0
  20: 0
  21: 0
  22: 0
  23: 0
  24: 0
  25: 0
  26: 0
  27: 0
  28: 0
  29: 0
  30: 0
  31: 0
 heartbeats: # Per-process heartbeats
  0: 0
  1: 0
  2: 0
  3: 0
  4: 0
  5: 0
  6: 0
  7: 0
  8: 0
  9: 0
  10: 0
  11: 0
  12: 0
  13: 0
  14: 0
  15: 0
  16: 0
  17: 0
  18: 0
  19: 0
  20: 0
  21: 0
  22: 0
  23: 0
  24: 0
  25: 0
  26: 0
  27: 0
  28: 0
  29: 0
  30: 0
  31: 0
===
