# zsim stats
===
root: # Stats
 contention: # Contention simulation stats
  domain-0: # Domain stats
   time: 15059416 # Weave simulation time
 time: # Simulator time breakdown
  init: 1021933638
  bound: 14474404925
  weave: 15332332
  ff: 1243874255
 trigger: 20000 # Reason for this stats dump
 phase: 764 # Simulated phases
 l: # Logic unit stats
  l-0: # Logic unit stats
   cycles: 7544245 # Simulated unhalted cycles
   cCycles: 2708853 # Cycles due to contention stalls
   ops: 144384 # Simulated operations
   compOps: 512 # Simulated compute operations
  l-1: # Logic unit stats
   cycles: 7629843 # Simulated unhalted cycles
   cCycles: 2794451 # Cycles due to contention stalls
   ops: 144384 # Simulated operations
   compOps: 512 # Simulated compute operations
  l-2: # Logic unit stats
   cycles: 7636315 # Simulated unhalted cycles
   cCycles: 2800923 # Cycles due to contention stalls
   ops: 144384 # Simulated operations
   compOps: 512 # Simulated compute operations
  l-3: # Logic unit stats
   cycles: 7543959 # Simulated unhalted cycles
   cCycles: 2708567 # Cycles due to contention stalls
   ops: 144384 # Simulated operations
   compOps: 512 # Simulated compute operations
 c: # Core stats
  c-0: # Core stats
   cycles: 0 # Simulated cycles
   instrs: 0 # Simulated instructions
  c-1: # Core stats
   cycles: 0 # Simulated cycles
   instrs: 0 # Simulated instructions
  c-2: # Core stats
   cycles: 0 # Simulated cycles
   instrs: 0 # Simulated instructions
  c-3: # Core stats
   cycles: 0 # Simulated cycles
   instrs: 0 # Simulated instructions
 rdbuf: # Cache stats
  rdbuf-0: # Filter cache stats
   fhGETS: 0 # Filtered GETS hits
   fhGETX: 0 # Filtered GETX hits
   hGETS: 0 # GETS hits
   hGETX: 0 # GETX hits
   mGETS: 212992 # GETS misses
   mGETXIM: 0 # GETX I->M misses
   mGETXSM: 0 # GETX S->M misses (upgrade misses)
   PUTS: 0 # Clean evictions (from lower level)
   PUTX: 0 # Dirty evictions (from lower level)
   INV: 0 # Invalidates (from upper level)
   INVX: 0 # Downgrades (from upper level)
   FWD: 0 # Forwards (from upper level)
   latGETnl: 6815744 # GET request latency on next level
   latGETnet: 0 # GET request latency on network to next level
  rdbuf-1: # Filter cache stats
   fhGETS: 0 # Filtered GETS hits
   fhGETX: 0 # Filtered GETX hits
   hGETS: 0 # GETS hits
   hGETX: 0 # GETX hits
   mGETS: 221184 # GETS misses
   mGETXIM: 0 # GETX I->M misses
   mGETXSM: 0 # GETX S->M misses (upgrade misses)
   PUTS: 0 # Clean evictions (from lower level)
   PUTX: 0 # Dirty evictions (from lower level)
   INV: 0 # Invalidates (from upper level)
   INVX: 0 # Downgrades (from upper level)
   FWD: 0 # Forwards (from upper level)
   latGETnl: 7077888 # GET request latency on next level
   latGETnet: 0 # GET request latency on network to next level
  rdbuf-2: # Filter cache stats
   fhGETS: 0 # Filtered GETS hits
   fhGETX: 0 # Filtered GETX hits
   hGETS: 0 # GETS hits
   hGETX: 0 # GETX hits
   mGETS: 221184 # GETS misses
   mGETXIM: 0 # GETX I->M misses
   mGETXSM: 0 # GETX S->M misses (upgrade misses)
   PUTS: 0 # Clean evictions (from lower level)
   PUTX: 0 # Dirty evictions (from lower level)
   INV: 0 # Invalidates (from upper level)
   INVX: 0 # Downgrades (from upper level)
   FWD: 0 # Forwards (from upper level)
   latGETnl: 7077888 # GET request latency on next level
   latGETnet: 0 # GET request latency on network to next level
  rdbuf-3: # Filter cache stats
   fhGETS: 0 # Filtered GETS hits
   fhGETX: 0 # Filtered GETX hits
   hGETS: 0 # GETS hits
   hGETX: 0 # GETX hits
   mGETS: 212992 # GETS misses
   mGETXIM: 0 # GETX I->M misses
   mGETXSM: 0 # GETX S->M misses (upgrade misses)
   PUTS: 0 # Clean evictions (from lower level)
   PUTX: 0 # Dirty evictions (from lower level)
   INV: 0 # Invalidates (from upper level)
   INVX: 0 # Downgrades (from upper level)
   FWD: 0 # Forwards (from upper level)
   latGETnl: 6815744 # GET request latency on next level
   latGETnet: 0 # GET request latency on network to next level
 wrbuf: # Cache stats
  wrbuf-0: # Filter cache stats
   fhGETS: 0 # Filtered GETS hits
   fhGETX: 0 # Filtered GETX hits
   hGETS: 0 # GETS hits
   hGETX: 0 # GETX hits
   mGETS: 0 # GETS misses
   mGETXIM: 49152 # GETX I->M misses
   mGETXSM: 0 # GETX S->M misses (upgrade misses)
   PUTS: 0 # Clean evictions (from lower level)
   PUTX: 0 # Dirty evictions (from lower level)
   INV: 6 # Invalidates (from upper level)
   INVX: 0 # Downgrades (from upper level)
   FWD: 0 # Forwards (from upper level)
   latGETnl: 1572864 # GET request latency on next level
   latGETnet: 0 # GET request latency on network to next level
  wrbuf-1: # Filter cache stats
   fhGETS: 0 # Filtered GETS hits
   fhGETX: 0 # Filtered GETX hits
   hGETS: 0 # GETS hits
   hGETX: 0 # GETX hits
   mGETS: 0 # GETS misses
   mGETXIM: 51200 # GETX I->M misses
   mGETXSM: 0 # GETX S->M misses (upgrade misses)
   PUTS: 0 # Clean evictions (from lower level)
   PUTX: 0 # Dirty evictions (from lower level)
   INV: 6 # Invalidates (from upper level)
   INVX: 0 # Downgrades (from upper level)
   FWD: 0 # Forwards (from upper level)
   latGETnl: 1638400 # GET request latency on next level
   latGETnet: 0 # GET request latency on network to next level
  wrbuf-2: # Filter cache stats
   fhGETS: 0 # Filtered GETS hits
   fhGETX: 0 # Filtered GETX hits
   hGETS: 0 # GETS hits
   hGETX: 0 # GETX hits
   mGETS: 0 # GETS misses
   mGETXIM: 51200 # GETX I->M misses
   mGETXSM: 0 # GETX S->M misses (upgrade misses)
   PUTS: 0 # Clean evictions (from lower level)
   PUTX: 0 # Dirty evictions (from lower level)
   INV: 6 # Invalidates (from upper level)
   INVX: 0 # Downgrades (from upper level)
   FWD: 0 # Forwards (from upper level)
   latGETnl: 1638400 # GET request latency on next level
   latGETnet: 0 # GET request latency on network to next level
  wrbuf-3: # Filter cache stats
   fhGETS: 0 # Filtered GETS hits
   fhGETX: 0 # Filtered GETX hits
   hGETS: 0 # GETS hits
   hGETX: 0 # GETX hits
   mGETS: 0 # GETS misses
   mGETXIM: 49152 # GETX I->M misses
   mGETXSM: 0 # GETX S->M misses (upgrade misses)
   PUTS: 0 # Clean evictions (from lower level)
   PUTX: 0 # Dirty evictions (from lower level)
   INV: 6 # Invalidates (from upper level)
   INVX: 0 # Downgrades (from upper level)
   FWD: 0 # Forwards (from upper level)
   latGETnl: 1572864 # GET request latency on next level
   latGETnet: 0 # GET request latency on network to next level
 gbuf: # Cache stats
  gbuf-0b0: # Cache stats
   hGETS: 0 # GETS hits
   hGETX: 0 # GETX hits
   mGETS: 26623 # GETS misses
   mGETXIM: 6143 # GETX I->M misses
   mGETXSM: 0 # GETX S->M misses (upgrade misses)
   PUTS: 26623 # Clean evictions (from lower level)
   PUTX: 6143 # Dirty evictions (from lower level)
   INV: 0 # Invalidates (from upper level)
   INVX: 0 # Downgrades (from upper level)
   FWD: 0 # Forwards (from upper level)
   latGETnl: 1015746 # GET request latency on next level
   latGETnet: 0 # GET request latency on network to next level
  gbuf-0b1: # Cache stats
   hGETS: 0 # GETS hits
   hGETX: 0 # GETX hits
   mGETS: 26625 # GETS misses
   mGETXIM: 6145 # GETX I->M misses
   mGETXSM: 0 # GETX S->M misses (upgrade misses)
   PUTS: 26625 # Clean evictions (from lower level)
   PUTX: 6145 # Dirty evictions (from lower level)
   INV: 0 # Invalidates (from upper level)
   INVX: 0 # Downgrades (from upper level)
   FWD: 0 # Forwards (from upper level)
   latGETnl: 1015870 # GET request latency on next level
   latGETnet: 0 # GET request latency on network to next level
  gbuf-0b2: # Cache stats
   hGETS: 0 # GETS hits
   hGETX: 0 # GETX hits
   mGETS: 26623 # GETS misses
   mGETXIM: 6144 # GETX I->M misses
   mGETXSM: 0 # GETX S->M misses (upgrade misses)
   PUTS: 26623 # Clean evictions (from lower level)
   PUTX: 6144 # Dirty evictions (from lower level)
   INV: 0 # Invalidates (from upper level)
   INVX: 0 # Downgrades (from upper level)
   FWD: 0 # Forwards (from upper level)
   latGETnl: 1015777 # GET request latency on next level
   latGETnet: 0 # GET request latency on network to next level
  gbuf-0b3: # Cache stats
   hGETS: 0 # GETS hits
   hGETX: 0 # GETX hits
   mGETS: 26625 # GETS misses
   mGETXIM: 6144 # GETX I->M misses
   mGETXSM: 0 # GETX S->M misses (upgrade misses)
   PUTS: 26625 # Clean evictions (from lower level)
   PUTX: 6144 # Dirty evictions (from lower level)
   INV: 0 # Invalidates (from upper level)
   INVX: 0 # Downgrades (from upper level)
   FWD: 0 # Forwards (from upper level)
   latGETnl: 1015839 # GET request latency on next level
   latGETnet: 0 # GET request latency on network to next level
  gbuf-0b4: # Cache stats
   hGETS: 0 # GETS hits
   hGETX: 0 # GETX hits
   mGETS: 26624 # GETS misses
   mGETXIM: 6144 # GETX I->M misses
   mGETXSM: 0 # GETX S->M misses (upgrade misses)
   PUTS: 26624 # Clean evictions (from lower level)
   PUTX: 6142 # Dirty evictions (from lower level)
   INV: 0 # Invalidates (from upper level)
   INVX: 0 # Downgrades (from upper level)
   FWD: 0 # Forwards (from upper level)
   latGETnl: 1015808 # GET request latency on next level
   latGETnet: 0 # GET request latency on network to next level
  gbuf-0b5: # Cache stats
   hGETS: 0 # GETS hits
   hGETX: 0 # GETX hits
   mGETS: 26624 # GETS misses
   mGETXIM: 6144 # GETX I->M misses
   mGETXSM: 0 # GETX S->M misses (upgrade misses)
   PUTS: 26624 # Clean evictions (from lower level)
   PUTX: 6142 # Dirty evictions (from lower level)
   INV: 0 # Invalidates (from upper level)
   INVX: 0 # Downgrades (from upper level)
   FWD: 0 # Forwards (from upper level)
   latGETnl: 1015808 # GET request latency on next level
   latGETnet: 0 # GET request latency on network to next level
  gbuf-0b6: # Cache stats
   hGETS: 0 # GETS hits
   hGETX: 0 # GETX hits
   mGETS: 26624 # GETS misses
   mGETXIM: 6144 # GETX I->M misses
   mGETXSM: 0 # GETX S->M misses (upgrade misses)
   PUTS: 26623 # Clean evictions (from lower level)
   PUTX: 6142 # Dirty evictions (from lower level)
   INV: 0 # Invalidates (from upper level)
   INVX: 0 # Downgrades (from upper level)
   FWD: 0 # Forwards (from upper level)
   latGETnl: 1015808 # GET request latency on next level
   latGETnet: 0 # GET request latency on network to next level
  gbuf-0b7: # Cache stats
   hGETS: 0 # GETS hits
   hGETX: 0 # GETX hits
   mGETS: 26624 # GETS misses
   mGETXIM: 6144 # GETX I->M misses
   mGETXSM: 0 # GETX S->M misses (upgrade misses)
   PUTS: 26623 # Clean evictions (from lower level)
   PUTX: 6142 # Dirty evictions (from lower level)
   INV: 0 # Invalidates (from upper level)
   INVX: 0 # Downgrades (from upper level)
   FWD: 0 # Forwards (from upper level)
   latGETnl: 1015808 # GET request latency on next level
   latGETnet: 0 # GET request latency on network to next level
  gbuf-1b0: # Cache stats
   hGETS: 0 # GETS hits
   hGETX: 0 # GETX hits
   mGETS: 27648 # GETS misses
   mGETXIM: 6400 # GETX I->M misses
   mGETXSM: 0 # GETX S->M misses (upgrade misses)
   PUTS: 27648 # Clean evictions (from lower level)
   PUTX: 6400 # Dirty evictions (from lower level)
   INV: 0 # Invalidates (from upper level)
   INVX: 0 # Downgrades (from upper level)
   FWD: 0 # Forwards (from upper level)
   latGETnl: 1055488 # GET request latency on next level
   latGETnet: 0 # GET request latency on network to next level
  gbuf-1b1: # Cache stats
   hGETS: 0 # GETS hits
   hGETX: 0 # GETX hits
   mGETS: 27649 # GETS misses
   mGETXIM: 6400 # GETX I->M misses
   mGETXSM: 0 # GETX S->M misses (upgrade misses)
   PUTS: 27649 # Clean evictions (from lower level)
   PUTX: 6400 # Dirty evictions (from lower level)
   INV: 0 # Invalidates (from upper level)
   INVX: 0 # Downgrades (from upper level)
   FWD: 0 # Forwards (from upper level)
   latGETnl: 1055519 # GET request latency on next level
   latGETnet: 0 # GET request latency on network to next level
  gbuf-1b2: # Cache stats
   hGETS: 0 # GETS hits
   hGETX: 0 # GETX hits
   mGETS: 27648 # GETS misses
   mGETXIM: 6400 # GETX I->M misses
   mGETXSM: 0 # GETX S->M misses (upgrade misses)
   PUTS: 27648 # Clean evictions (from lower level)
   PUTX: 6400 # Dirty evictions (from lower level)
   INV: 0 # Invalidates (from upper level)
   INVX: 0 # Downgrades (from upper level)
   FWD: 0 # Forwards (from upper level)
   latGETnl: 1055488 # GET request latency on next level
   latGETnet: 0 # GET request latency on network to next level
  gbuf-1b3: # Cache stats
   hGETS: 0 # GETS hits
   hGETX: 0 # GETX hits
   mGETS: 27649 # GETS misses
   mGETXIM: 6400 # GETX I->M misses
   mGETXSM: 0 # GETX S->M misses (upgrade misses)
   PUTS: 27649 # Clean evictions (from lower level)
   PUTX: 6400 # Dirty evictions (from lower level)
   INV: 0 # Invalidates (from upper level)
   INVX: 0 # Downgrades (from upper level)
   FWD: 0 # Forwards (from upper level)
   latGETnl: 1055519 # GET request latency on next level
   latGETnet: 0 # GET request latency on network to next level
  gbuf-1b4: # Cache stats
   hGETS: 0 # GETS hits
   hGETX: 0 # GETX hits
   mGETS: 27647 # GETS misses
   mGETXIM: 6400 # GETX I->M misses
   mGETXSM: 0 # GETX S->M misses (upgrade misses)
   PUTS: 27647 # Clean evictions (from lower level)
   PUTX: 6400 # Dirty evictions (from lower level)
   INV: 0 # Invalidates (from upper level)
   INVX: 0 # Downgrades (from upper level)
   FWD: 0 # Forwards (from upper level)
   latGETnl: 1055457 # GET request latency on next level
   latGETnet: 0 # GET request latency on network to next level
  gbuf-1b5: # Cache stats
   hGETS: 0 # GETS hits
   hGETX: 0 # GETX hits
   mGETS: 27648 # GETS misses
   mGETXIM: 6400 # GETX I->M misses
   mGETXSM: 0 # GETX S->M misses (upgrade misses)
   PUTS: 27648 # Clean evictions (from lower level)
   PUTX: 6400 # Dirty evictions (from lower level)
   INV: 0 # Invalidates (from upper level)
   INVX: 0 # Downgrades (from upper level)
   FWD: 0 # Forwards (from upper level)
   latGETnl: 1055488 # GET request latency on next level
   latGETnet: 0 # GET request latency on network to next level
  gbuf-1b6: # Cache stats
   hGETS: 0 # GETS hits
   hGETX: 0 # GETX hits
   mGETS: 27647 # GETS misses
   mGETXIM: 6400 # GETX I->M misses
   mGETXSM: 0 # GETX S->M misses (upgrade misses)
   PUTS: 27646 # Clean evictions (from lower level)
   PUTX: 6396 # Dirty evictions (from lower level)
   INV: 0 # Invalidates (from upper level)
   INVX: 0 # Downgrades (from upper level)
   FWD: 0 # Forwards (from upper level)
   latGETnl: 1055457 # GET request latency on next level
   latGETnet: 0 # GET request latency on network to next level
  gbuf-1b7: # Cache stats
   hGETS: 0 # GETS hits
   hGETX: 0 # GETX hits
   mGETS: 27648 # GETS misses
   mGETXIM: 6400 # GETX I->M misses
   mGETXSM: 0 # GETX S->M misses (upgrade misses)
   PUTS: 27647 # Clean evictions (from lower level)
   PUTX: 6396 # Dirty evictions (from lower level)
   INV: 0 # Invalidates (from upper level)
   INVX: 0 # Downgrades (from upper level)
   FWD: 0 # Forwards (from upper level)
   latGETnl: 1055488 # GET request latency on next level
   latGETnet: 0 # GET request latency on network to next level
  gbuf-2b0: # Cache stats
   hGETS: 0 # GETS hits
   hGETX: 0 # GETX hits
   mGETS: 27649 # GETS misses
   mGETXIM: 6401 # GETX I->M misses
   mGETXSM: 0 # GETX S->M misses (upgrade misses)
   PUTS: 27649 # Clean evictions (from lower level)
   PUTX: 6401 # Dirty evictions (from lower level)
   INV: 0 # Invalidates (from upper level)
   INVX: 0 # Downgrades (from upper level)
   FWD: 0 # Forwards (from upper level)
   latGETnl: 1055550 # GET request latency on next level
   latGETnet: 0 # GET request latency on network to next level
  gbuf-2b1: # Cache stats
   hGETS: 0 # GETS hits
   hGETX: 0 # GETX hits
   mGETS: 27647 # GETS misses
   mGETXIM: 6399 # GETX I->M misses
   mGETXSM: 0 # GETX S->M misses (upgrade misses)
   PUTS: 27647 # Clean evictions (from lower level)
   PUTX: 6399 # Dirty evictions (from lower level)
   INV: 0 # Invalidates (from upper level)
   INVX: 0 # Downgrades (from upper level)
   FWD: 0 # Forwards (from upper level)
   latGETnl: 1055426 # GET request latency on next level
   latGETnet: 0 # GET request latency on network to next level
  gbuf-2b2: # Cache stats
   hGETS: 0 # GETS hits
   hGETX: 0 # GETX hits
   mGETS: 27649 # GETS misses
   mGETXIM: 6400 # GETX I->M misses
   mGETXSM: 0 # GETX S->M misses (upgrade misses)
   PUTS: 27649 # Clean evictions (from lower level)
   PUTX: 6400 # Dirty evictions (from lower level)
   INV: 0 # Invalidates (from upper level)
   INVX: 0 # Downgrades (from upper level)
   FWD: 0 # Forwards (from upper level)
   latGETnl: 1055519 # GET request latency on next level
   latGETnet: 0 # GET request latency on network to next level
  gbuf-2b3: # Cache stats
   hGETS: 0 # GETS hits
   hGETX: 0 # GETX hits
   mGETS: 27647 # GETS misses
   mGETXIM: 6400 # GETX I->M misses
   mGETXSM: 0 # GETX S->M misses (upgrade misses)
   PUTS: 27647 # Clean evictions (from lower level)
   PUTX: 6400 # Dirty evictions (from lower level)
   INV: 0 # Invalidates (from upper level)
   INVX: 0 # Downgrades (from upper level)
   FWD: 0 # Forwards (from upper level)
   latGETnl: 1055457 # GET request latency on next level
   latGETnet: 0 # GET request latency on network to next level
  gbuf-2b4: # Cache stats
   hGETS: 0 # GETS hits
   hGETX: 0 # GETX hits
   mGETS: 27648 # GETS misses
   mGETXIM: 6400 # GETX I->M misses
   mGETXSM: 0 # GETX S->M misses (upgrade misses)
   PUTS: 27648 # Clean evictions (from lower level)
   PUTX: 6400 # Dirty evictions (from lower level)
   INV: 0 # Invalidates (from upper level)
   INVX: 0 # Downgrades (from upper level)
   FWD: 0 # Forwards (from upper level)
   latGETnl: 1055488 # GET request latency on next level
   latGETnet: 0 # GET request latency on network to next level
  gbuf-2b5: # Cache stats
   hGETS: 0 # GETS hits
   hGETX: 0 # GETX hits
   mGETS: 27648 # GETS misses
   mGETXIM: 6400 # GETX I->M misses
   mGETXSM: 0 # GETX S->M misses (upgrade misses)
   PUTS: 27648 # Clean evictions (from lower level)
   PUTX: 6400 # Dirty evictions (from lower level)
   INV: 0 # Invalidates (from upper level)
   INVX: 0 # Downgrades (from upper level)
   FWD: 0 # Forwards (from upper level)
   latGETnl: 1055488 # GET request latency on next level
   latGETnet: 0 # GET request latency on network to next level
  gbuf-2b6: # Cache stats
   hGETS: 0 # GETS hits
   hGETX: 0 # GETX hits
   mGETS: 27648 # GETS misses
   mGETXIM: 6400 # GETX I->M misses
   mGETXSM: 0 # GETX S->M misses (upgrade misses)
   PUTS: 27647 # Clean evictions (from lower level)
   PUTX: 6396 # Dirty evictions (from lower level)
   INV: 0 # Invalidates (from upper level)
   INVX: 0 # Downgrades (from upper level)
   FWD: 0 # Forwards (from upper level)
   latGETnl: 1055488 # GET request latency on next level
   latGETnet: 0 # GET request latency on network to next level
  gbuf-2b7: # Cache stats
   hGETS: 0 # GETS hits
   hGETX: 0 # GETX hits
   mGETS: 27648 # GETS misses
   mGETXIM: 6400 # GETX I->M misses
   mGETXSM: 0 # GETX S->M misses (upgrade misses)
   PUTS: 27647 # Clean evictions (from lower level)
   PUTX: 6396 # Dirty evictions (from lower level)
   INV: 0 # Invalidates (from upper level)
   INVX: 0 # Downgrades (from upper level)
   FWD: 0 # Forwards (from upper level)
   latGETnl: 1055488 # GET request latency on next level
   latGETnet: 0 # GET request latency on network to next level
  gbuf-3b0: # Cache stats
   hGETS: 0 # GETS hits
   hGETX: 0 # GETX hits
   mGETS: 26624 # GETS misses
   mGETXIM: 6144 # GETX I->M misses
   mGETXSM: 0 # GETX S->M misses (upgrade misses)
   PUTS: 26624 # Clean evictions (from lower level)
   PUTX: 6144 # Dirty evictions (from lower level)
   INV: 0 # Invalidates (from upper level)
   INVX: 0 # Downgrades (from upper level)
   FWD: 0 # Forwards (from upper level)
   latGETnl: 1015808 # GET request latency on next level
   latGETnet: 0 # GET request latency on network to next level
  gbuf-3b1: # Cache stats
   hGETS: 0 # GETS hits
   hGETX: 0 # GETX hits
   mGETS: 26623 # GETS misses
   mGETXIM: 6144 # GETX I->M misses
   mGETXSM: 0 # GETX S->M misses (upgrade misses)
   PUTS: 26623 # Clean evictions (from lower level)
   PUTX: 6144 # Dirty evictions (from lower level)
   INV: 0 # Invalidates (from upper level)
   INVX: 0 # Downgrades (from upper level)
   FWD: 0 # Forwards (from upper level)
   latGETnl: 1015777 # GET request latency on next level
   latGETnet: 0 # GET request latency on network to next level
  gbuf-3b2: # Cache stats
   hGETS: 0 # GETS hits
   hGETX: 0 # GETX hits
   mGETS: 26624 # GETS misses
   mGETXIM: 6144 # GETX I->M misses
   mGETXSM: 0 # GETX S->M misses (upgrade misses)
   PUTS: 26624 # Clean evictions (from lower level)
   PUTX: 6144 # Dirty evictions (from lower level)
   INV: 0 # Invalidates (from upper level)
   INVX: 0 # Downgrades (from upper level)
   FWD: 0 # Forwards (from upper level)
   latGETnl: 1015808 # GET request latency on next level
   latGETnet: 0 # GET request latency on network to next level
  gbuf-3b3: # Cache stats
   hGETS: 0 # GETS hits
   hGETX: 0 # GETX hits
   mGETS: 26623 # GETS misses
   mGETXIM: 6144 # GETX I->M misses
   mGETXSM: 0 # GETX S->M misses (upgrade misses)
   PUTS: 26623 # Clean evictions (from lower level)
   PUTX: 6144 # Dirty evictions (from lower level)
   INV: 0 # Invalidates (from upper level)
   INVX: 0 # Downgrades (from upper level)
   FWD: 0 # Forwards (from upper level)
   latGETnl: 1015777 # GET request latency on next level
   latGETnet: 0 # GET request latency on network to next level
  gbuf-3b4: # Cache stats
   hGETS: 0 # GETS hits
   hGETX: 0 # GETX hits
   mGETS: 26625 # GETS misses
   mGETXIM: 6144 # GETX I->M misses
   mGETXSM: 0 # GETX S->M misses (upgrade misses)
   PUTS: 26625 # Clean evictions (from lower level)
   PUTX: 6144 # Dirty evictions (from lower level)
   INV: 0 # Invalidates (from upper level)
   INVX: 0 # Downgrades (from upper level)
   FWD: 0 # Forwards (from upper level)
   latGETnl: 1015839 # GET request latency on next level
   latGETnet: 0 # GET request latency on network to next level
  gbuf-3b5: # Cache stats
   hGETS: 0 # GETS hits
   hGETX: 0 # GETX hits
   mGETS: 26624 # GETS misses
   mGETXIM: 6144 # GETX I->M misses
   mGETXSM: 0 # GETX S->M misses (upgrade misses)
   PUTS: 26624 # Clean evictions (from lower level)
   PUTX: 6144 # Dirty evictions (from lower level)
   INV: 0 # Invalidates (from upper level)
   INVX: 0 # Downgrades (from upper level)
   FWD: 0 # Forwards (from upper level)
   latGETnl: 1015808 # GET request latency on next level
   latGETnet: 0 # GET request latency on network to next level
  gbuf-3b6: # Cache stats
   hGETS: 0 # GETS hits
   hGETX: 0 # GETX hits
   mGETS: 26625 # GETS misses
   mGETXIM: 6144 # GETX I->M misses
   mGETXSM: 0 # GETX S->M misses (upgrade misses)
   PUTS: 26624 # Clean evictions (from lower level)
   PUTX: 6140 # Dirty evictions (from lower level)
   INV: 0 # Invalidates (from upper level)
   INVX: 0 # Downgrades (from upper level)
   FWD: 0 # Forwards (from upper level)
   latGETnl: 1015839 # GET request latency on next level
   latGETnet: 0 # GET request latency on network to next level
  gbuf-3b7: # Cache stats
   hGETS: 0 # GETS hits
   hGETX: 0 # GETX hits
   mGETS: 26624 # GETS misses
   mGETXIM: 6144 # GETX I->M misses
   mGETXSM: 0 # GETX S->M misses (upgrade misses)
   PUTS: 26623 # Clean evictions (from lower level)
   PUTX: 6140 # Dirty evictions (from lower level)
   INV: 0 # Invalidates (from upper level)
   INVX: 0 # Downgrades (from upper level)
   FWD: 0 # Forwards (from upper level)
   latGETnl: 1015808 # GET request latency on next level
   latGETnet: 0 # GET request latency on network to next level
 mem: # Memory controller stats
  mem-0: # Memory channel stats
   rd: 262144 # Read requests
   wr: 46080 # Write requests
   rdlat: 33958009024 # Total latency experienced by read requests
   wrlat: 369826326 # Total latency experienced by write requests
   rdmlh: # Latency histogram for read requests
    0: 0
    1: 0
    2: 0
    3: 0
    4: 0
    5: 1905
    6: 525
    7: 113
    8: 45
    9: 22
    10: 24
    11: 555
    12: 302
    13: 60
    14: 8
    15: 10
    16: 3
    17: 208
    18: 268
    19: 91
    20: 73
    21: 33
    22: 19
    23: 52
    24: 359
    25: 68
    26: 146
    27: 42
    28: 94
    29: 149
    30: 216
    31: 54
    32: 202
    33: 98
    34: 103
    35: 68
    36: 316
    37: 99
    38: 119
    39: 287
    40: 287
    41: 217
    42: 291
    43: 280
    44: 235
    45: 292
    46: 301
    47: 232
    48: 269
    49: 122
    50: 51
    51: 156
    52: 228
    53: 242
    54: 165
    55: 75
    56: 37
    57: 108
    58: 263
    59: 242
    60: 200
    61: 120
    62: 53
    63: 88
    64: 160
    65: 247
    66: 166
    67: 174
    68: 104
    69: 45
    70: 148
    71: 238
    72: 148
    73: 169
    74: 184
    75: 62
    76: 85
    77: 221
    78: 163
    79: 155
    80: 240
    81: 141
    82: 130
    83: 240
    84: 240
    85: 229
    86: 322
    87: 237
    88: 215
    89: 271
    90: 249
    91: 167
    92: 258
    93: 240
    94: 155
    95: 176
    96: 228
    97: 155
    98: 154
    99: 244338
   wrmlh: # Latency histogram for write requests
    0: 0
    1: 0
    2: 0
    3: 0
    4: 0
    5: 23
    6: 27
    7: 35
    8: 26
    9: 26
    10: 110
    11: 322
    12: 681
    13: 589
    14: 293
    15: 66
    16: 119
    17: 114
    18: 44
    19: 263
    20: 353
    21: 941
    22: 210
    23: 136
    24: 83
    25: 91
    26: 55
    27: 320
    28: 371
    29: 294
    30: 579
    31: 208
    32: 126
    33: 459
    34: 81
    35: 62
    36: 384
    37: 413
    38: 408
    39: 229
    40: 119
    41: 339
    42: 366
    43: 135
    44: 194
    45: 253
    46: 455
    47: 251
    48: 175
    49: 372
    50: 354
    51: 148
    52: 233
    53: 213
    54: 278
    55: 348
    56: 97
    57: 156
    58: 270
    59: 359
    60: 232
    61: 210
    62: 275
    63: 206
    64: 300
    65: 191
    66: 240
    67: 237
    68: 272
    69: 115
    70: 187
    71: 298
    72: 231
    73: 267
    74: 205
    75: 177
    76: 195
    77: 207
    78: 153
    79: 295
    80: 257
    81: 151
    82: 192
    83: 152
    84: 259
    85: 179
    86: 102
    87: 234
    88: 255
    89: 131
    90: 48
    91: 137
    92: 273
    93: 253
    94: 216
    95: 168
    96: 132
    97: 139
    98: 211
    99: 24442
   ACT: 308224 # Activate commands
   PRE: 319643 # Precharge commands
   RD: 262144 # Read commands
   WR: 46080 # Write commands
   REF: 3920 # Refresh commands
   eACTPRE: 93391872 # Activate/precharge energy
   eRDWR: 417006592 # Read/write energy
   eREF: 13041840 # Refresh energy
   eBKGD: 294754536 # Background energy
   eWIRE: 47158272 # Channel wire energy
  mem-1: # Memory channel stats
   rd: 272384 # Read requests
   wr: 48096 # Write requests
   rdlat: 37134615564 # Total latency experienced by read requests
   wrlat: 390583814 # Total latency experienced by write requests
   rdmlh: # Latency histogram for read requests
    0: 0
    1: 0
    2: 0
    3: 0
    4: 0
    5: 1409
    6: 1038
    7: 137
    8: 48
    9: 24
    10: 29
    11: 594
    12: 303
    13: 66
    14: 4
    15: 2
    16: 3
    17: 203
    18: 262
    19: 97
    20: 90
    21: 34
    22: 4
    23: 44
    24: 345
    25: 53
    26: 91
    27: 68
    28: 56
    29: 75
    30: 265
    31: 78
    32: 153
    33: 119
    34: 131
    35: 96
    36: 337
    37: 96
    38: 135
    39: 284
    40: 267
    41: 171
    42: 255
    43: 292
    44: 195
    45: 202
    46: 289
    47: 236
    48: 265
    49: 126
    50: 57
    51: 166
    52: 199
    53: 232
    54: 171
    55: 75
    56: 51
    57: 79
    58: 220
    59: 208
    60: 230
    61: 103
    62: 69
    63: 62
    64: 146
    65: 225
    66: 182
    67: 144
    68: 121
    69: 49
    70: 150
    71: 208
    72: 121
    73: 167
    74: 177
    75: 87
    76: 74
    77: 206
    78: 169
    79: 158
    80: 219
    81: 135
    82: 119
    83: 248
    84: 221
    85: 226
    86: 248
    87: 252
    88: 246
    89: 252
    90: 253
    91: 163
    92: 246
    93: 282
    94: 188
    95: 217
    96: 239
    97: 182
    98: 180
    99: 254891
   wrmlh: # Latency histogram for write requests
    0: 0
    1: 0
    2: 0
    3: 0
    4: 0
    5: 27
    6: 53
    7: 42
    8: 90
    9: 226
    10: 429
    11: 155
    12: 131
    13: 241
    14: 341
    15: 385
    16: 347
    17: 159
    18: 299
    19: 313
    20: 110
    21: 146
    22: 296
    23: 612
    24: 427
    25: 207
    26: 164
    27: 220
    28: 210
    29: 110
    30: 240
    31: 671
    32: 617
    33: 192
    34: 148
    35: 230
    36: 134
    37: 166
    38: 264
    39: 429
    40: 510
    41: 225
    42: 245
    43: 119
    44: 212
    45: 188
    46: 267
    47: 270
    48: 533
    49: 256
    50: 142
    51: 301
    52: 274
    53: 167
    54: 167
    55: 188
    56: 320
    57: 282
    58: 387
    59: 284
    60: 195
    61: 159
    62: 284
    63: 129
    64: 249
    65: 353
    66: 352
    67: 173
    68: 214
    69: 237
    70: 167
    71: 213
    72: 130
    73: 280
    74: 299
    75: 277
    76: 274
    77: 109
    78: 122
    79: 97
    80: 267
    81: 131
    82: 323
    83: 247
    84: 235
    85: 155
    86: 148
    87: 125
    88: 162
    89: 343
    90: 177
    91: 188
    92: 182
    93: 125
    94: 129
    95: 232
    96: 182
    97: 75
    98: 233
    99: 25956
   ACT: 320480 # Activate commands
   PRE: 332034 # Precharge commands
   RD: 272384 # Read commands
   WR: 48096 # Write commands
   REF: 3920 # Refresh commands
   eACTPRE: 97105440 # Activate/precharge energy
   eRDWR: 433594208 # Read/write energy
   eREF: 13041840 # Refresh energy
   eBKGD: 294649555 # Background energy
   eWIRE: 49033440 # Channel wire energy
  mem-2: # Memory channel stats
   rd: 272384 # Read requests
   wr: 48096 # Write requests
   rdlat: 37298763598 # Total latency experienced by read requests
   wrlat: 391005584 # Total latency experienced by write requests
   rdmlh: # Latency histogram for read requests
    0: 0
    1: 0
    2: 0
    3: 0
    4: 0
    5: 1451
    6: 1032
    7: 103
    8: 47
    9: 31
    10: 27
    11: 607
    12: 292
    13: 54
    14: 4
    15: 15
    16: 7
    17: 207
    18: 263
    19: 78
    20: 77
    21: 39
    22: 7
    23: 63
    24: 366
    25: 37
    26: 97
    27: 53
    28: 64
    29: 90
    30: 294
    31: 39
    32: 177
    33: 103
    34: 105
    35: 103
    36: 355
    37: 97
    38: 134
    39: 310
    40: 264
    41: 149
    42: 268
    43: 277
    44: 216
    45: 246
    46: 270
    47: 216
    48: 229
    49: 133
    50: 54
    51: 172
    52: 232
    53: 216
    54: 135
    55: 96
    56: 53
    57: 71
    58: 253
    59: 190
    60: 191
    61: 103
    62: 48
    63: 81
    64: 156
    65: 227
    66: 146
    67: 153
    68: 125
    69: 45
    70: 158
    71: 205
    72: 126
    73: 173
    74: 174
    75: 86
    76: 55
    77: 247
    78: 135
    79: 168
    80: 204
    81: 156
    82: 93
    83: 230
    84: 195
    85: 196
    86: 271
    87: 240
    88: 285
    89: 274
    90: 237
    91: 163
    92: 236
    93: 285
    94: 234
    95: 239
    96: 225
    97: 168
    98: 167
    99: 254916
   wrmlh: # Latency histogram for write requests
    0: 0
    1: 0
    2: 0
    3: 0
    4: 0
    5: 45
    6: 61
    7: 47
    8: 109
    9: 222
    10: 445
    11: 151
    12: 145
    13: 239
    14: 360
    15: 420
    16: 339
    17: 175
    18: 336
    19: 289
    20: 97
    21: 85
    22: 293
    23: 707
    24: 349
    25: 234
    26: 202
    27: 216
    28: 163
    29: 122
    30: 315
    31: 636
    32: 537
    33: 173
    34: 119
    35: 247
    36: 160
    37: 210
    38: 213
    39: 470
    40: 439
    41: 253
    42: 205
    43: 128
    44: 194
    45: 195
    46: 301
    47: 330
    48: 430
    49: 213
    50: 153
    51: 333
    52: 253
    53: 212
    54: 163
    55: 225
    56: 231
    57: 284
    58: 339
    59: 324
    60: 181
    61: 138
    62: 264
    63: 138
    64: 261
    65: 377
    66: 314
    67: 151
    68: 222
    69: 234
    70: 137
    71: 202
    72: 121
    73: 359
    74: 279
    75: 305
    76: 208
    77: 81
    78: 134
    79: 156
    80: 238
    81: 124
    82: 327
    83: 225
    84: 241
    85: 201
    86: 138
    87: 133
    88: 235
    89: 238
    90: 165
    91: 198
    92: 175
    93: 154
    94: 133
    95: 202
    96: 174
    97: 68
    98: 203
    99: 26126
   ACT: 320480 # Activate commands
   PRE: 332070 # Precharge commands
   RD: 272384 # Read commands
   WR: 48096 # Write commands
   REF: 3920 # Refresh commands
   eACTPRE: 97105440 # Activate/precharge energy
   eRDWR: 433594208 # Read/write energy
   eREF: 13041840 # Refresh energy
   eBKGD: 294659222 # Background energy
   eWIRE: 49033440 # Channel wire energy
  mem-3: # Memory channel stats
   rd: 262144 # Read requests
   wr: 46080 # Write requests
   rdlat: 33962164098 # Total latency experienced by read requests
   wrlat: 372160918 # Total latency experienced by write requests
   rdmlh: # Latency histogram for read requests
    0: 0
    1: 0
    2: 0
    3: 0
    4: 0
    5: 1418
    6: 1007
    7: 109
    8: 47
    9: 32
    10: 27
    11: 605
    12: 293
    13: 60
    14: 7
    15: 19
    16: 2
    17: 228
    18: 251
    19: 77
    20: 83
    21: 38
    22: 21
    23: 67
    24: 349
    25: 64
    26: 137
    27: 54
    28: 80
    29: 104
    30: 264
    31: 52
    32: 203
    33: 89
    34: 116
    35: 81
    36: 316
    37: 110
    38: 131
    39: 284
    40: 274
    41: 190
    42: 283
    43: 308
    44: 252
    45: 280
    46: 304
    47: 234
    48: 286
    49: 125
    50: 54
    51: 172
    52: 232
    53: 228
    54: 150
    55: 72
    56: 44
    57: 100
    58: 257
    59: 243
    60: 176
    61: 138
    62: 55
    63: 86
    64: 154
    65: 245
    66: 166
    67: 168
    68: 107
    69: 45
    70: 154
    71: 212
    72: 157
    73: 178
    74: 168
    75: 54
    76: 89
    77: 245
    78: 149
    79: 147
    80: 205
    81: 119
    82: 116
    83: 237
    84: 218
    85: 220
    86: 296
    87: 245
    88: 214
    89: 257
    90: 214
    91: 147
    92: 246
    93: 204
    94: 169
    95: 182
    96: 237
    97: 123
    98: 202
    99: 244487
   wrmlh: # Latency histogram for write requests
    0: 0
    1: 0
    2: 0
    3: 0
    4: 0
    5: 42
    6: 29
    7: 29
    8: 30
    9: 35
    10: 109
    11: 268
    12: 772
    13: 648
    14: 307
    15: 95
    16: 84
    17: 138
    18: 88
    19: 205
    20: 315
    21: 707
    22: 616
    23: 152
    24: 88
    25: 44
    26: 92
    27: 325
    28: 279
    29: 377
    30: 579
    31: 161
    32: 181
    33: 485
    34: 55
    35: 57
    36: 131
    37: 624
    38: 270
    39: 408
    40: 108
    41: 326
    42: 204
    43: 342
    44: 130
    45: 374
    46: 199
    47: 233
    48: 240
    49: 341
    50: 348
    51: 170
    52: 177
    53: 265
    54: 310
    55: 313
    56: 132
    57: 104
    58: 199
    59: 353
    60: 220
    61: 333
    62: 277
    63: 182
    64: 241
    65: 140
    66: 260
    67: 326
    68: 179
    69: 129
    70: 168
    71: 351
    72: 202
    73: 211
    74: 215
    75: 288
    76: 124
    77: 198
    78: 229
    79: 199
    80: 321
    81: 137
    82: 132
    83: 171
    84: 210
    85: 257
    86: 76
    87: 292
    88: 160
    89: 177
    90: 60
    91: 126
    92: 176
    93: 289
    94: 203
    95: 204
    96: 164
    97: 111
    98: 204
    99: 24445
   ACT: 308224 # Activate commands
   PRE: 319680 # Precharge commands
   RD: 262144 # Read commands
   WR: 46080 # Write commands
   REF: 3920 # Refresh commands
   eACTPRE: 93391872 # Activate/precharge energy
   eRDWR: 417006592 # Read/write energy
   eREF: 13041840 # Refresh energy
   eBKGD: 294741215 # Background energy
   eWIRE: 47158272 # Channel wire energy
 itcn: # Interconnect stats
  itcn-r0: # Router stats
   trans: 0 # Transfers
   size: 0 # Total transferred data
  itcn-r1: # Router stats
   trans: 0 # Transfers
   size: 0 # Total transferred data
  itcn-r2: # Router stats
   trans: 0 # Transfers
   size: 0 # Total transferred data
  itcn-r3: # Router stats
   trans: 0 # Transfers
   size: 0 # Total transferred data
 sched: # Scheduler stats
  thCr: 0 # Threads created
  thFn: 0 # Threads finished
  schedEvs: 0 # Schedule events
  waitEvs: 0 # Wait events
  handoffEvs: 0 # Handoff events
  sleepEvs: 0 # Sleep events
  idlePhases: 0 # Phases with no thread active
  idlePeriods: 0 # Periods with no thread active
  occHist: # Occupancy histogram
   0: 764
   1: 0
   2: 0
   3: 0
   4: 0
  rqSzHist: # Run queue size histogram
   0: 764
   1: 0
   2: 0
   3: 0
   4: 0
   5: 0
   6: 0
   7: 0
   8: 0
   9: 0
   10: 0
   11: 0
   12: 0
   13: 0
   14: 0
   15: 0
   16: 0
 procCycles: # Per-process unhalted core cycles
  0: 0
  1: 0
  2: 0
  3: 0
  4: 0
  5: 0
  6: 0
  7: 0
  8: 0
  9: 0
  10: 0
  11: 0
  12: 0
  13: 0
  14: 0
  15: 0
  16: 0
  17: 0
  18: 0
  19: 0
  20: 0
  21: 0
  22: 0
  23: 0
  24: 0
  25: 0
  26: 0
  27: 0
  28: 0
  29: 0
  30: 0
  31: 0
 procInstrs: # Per-process instructions
  0: 0
  1: 0
  2: 0
  3: 0
  4: 0
  5: 0
  6: 0
  7: 0
  8: 0
  9: 0
  10: 0
  11: 0
  12: 0
  13: 0
  14: 0
  15: 0
  16: 0
  17: 0
  18: 0
  19: 0
  20: 0
  21: 0
  22: 0
  23: 0
  24: 0
  25: 0
  26: 0
  27: 0
  28: 0
  29: 0
  30: 0
  31: 0
 heartbeats: # Per-process heartbeats
  0: 0
  1: 0
  2: 0
  3: 0
  4: 0
  5: 0
  6: 0
  7: 0
  8: 0
  9: 0
  10: 0
  11: 0
  12: 0
  13: 0
  14: 0
  15: 0
  16: 0
  17: 0
  18: 0
  19: 0
  20: 0
  21: 0
  22: 0
  23: 0
  24: 0
  25: 0
  26: 0
  27: 0
  28: 0
  29: 0
  30: 0
  31: 0
===
