# zsim stats
===
root: # Stats
 contention: # Contention simulation stats
  domain-0: # Domain stats
   time: 7163912301 # Weave simulation time
 time: # Simulator time breakdown
  init: 3637320466
  bound: 13629056245
  weave: 7169287020
  ff: 1194491979
 trigger: 20000 # Reason for this stats dump
 phase: 117 # Simulated phases
 l: # Logic unit stats
  l-0: # Logic unit stats
   cycles: 1166815 # Simulated unhalted cycles
   cCycles: 1046831 # Cycles due to contention stalls
   ops: 13728 # Simulated operations
   compOps: 4 # Simulated compute operations
 c: # Core stats
  c-0: # Core stats
   cycles: 0 # Simulated cycles
   instrs: 0 # Simulated instructions
 rdbuf: # Cache stats
  rdbuf-0: # Filter cache stats
   fhGETS: 10368 # Filtered GETS hits
   fhGETX: 0 # Filtered GETX hits
   hGETS: 0 # GETS hits
   hGETX: 0 # GETX hits
   mGETS: 93312 # GETS misses
   mGETXIM: 0 # GETX I->M misses
   mGETXSM: 0 # GETX S->M misses (upgrade misses)
   PUTS: 0 # Clean evictions (from lower level)
   PUTX: 0 # Dirty evictions (from lower level)
   INV: 0 # Invalidates (from upper level)
   INVX: 0 # Downgrades (from upper level)
   FWD: 0 # Forwards (from upper level)
   latGETnl: 2985984 # GET request latency on next level
   latGETnet: 0 # GET request latency on network to next level
 wrbuf: # Cache stats
  wrbuf-0: # Filter cache stats
   fhGETS: 0 # Filtered GETS hits
   fhGETX: 2328 # Filtered GETX hits
   hGETS: 0 # GETS hits
   hGETX: 0 # GETX hits
   mGETS: 0 # GETS misses
   mGETXIM: 21632 # GETX I->M misses
   mGETXSM: 0 # GETX S->M misses (upgrade misses)
   PUTS: 0 # Clean evictions (from lower level)
   PUTX: 0 # Dirty evictions (from lower level)
   INV: 3 # Invalidates (from upper level)
   INVX: 0 # Downgrades (from upper level)
   FWD: 0 # Forwards (from upper level)
   latGETnl: 692224 # GET request latency on next level
   latGETnet: 0 # GET request latency on network to next level
 gbuf: # Cache stats
  gbuf-0b0: # Cache stats
   hGETS: 0 # GETS hits
   hGETX: 0 # GETX hits
   mGETS: 11664 # GETS misses
   mGETXIM: 2704 # GETX I->M misses
   mGETXSM: 0 # GETX S->M misses (upgrade misses)
   PUTS: 11664 # Clean evictions (from lower level)
   PUTX: 2704 # Dirty evictions (from lower level)
   INV: 0 # Invalidates (from upper level)
   INVX: 0 # Downgrades (from upper level)
   FWD: 0 # Forwards (from upper level)
   latGETnl: 445408 # GET request latency on next level
   latGETnet: 0 # GET request latency on network to next level
  gbuf-0b1: # Cache stats
   hGETS: 0 # GETS hits
   hGETX: 0 # GETX hits
   mGETS: 11664 # GETS misses
   mGETXIM: 2704 # GETX I->M misses
   mGETXSM: 0 # GETX S->M misses (upgrade misses)
   PUTS: 11664 # Clean evictions (from lower level)
   PUTX: 2704 # Dirty evictions (from lower level)
   INV: 0 # Invalidates (from upper level)
   INVX: 0 # Downgrades (from upper level)
   FWD: 0 # Forwards (from upper level)
   latGETnl: 445408 # GET request latency on next level
   latGETnet: 0 # GET request latency on network to next level
  gbuf-0b2: # Cache stats
   hGETS: 0 # GETS hits
   hGETX: 0 # GETX hits
   mGETS: 11664 # GETS misses
   mGETXIM: 2704 # GETX I->M misses
   mGETXSM: 0 # GETX S->M misses (upgrade misses)
   PUTS: 11664 # Clean evictions (from lower level)
   PUTX: 2704 # Dirty evictions (from lower level)
   INV: 0 # Invalidates (from upper level)
   INVX: 0 # Downgrades (from upper level)
   FWD: 0 # Forwards (from upper level)
   latGETnl: 445408 # GET request latency on next level
   latGETnet: 0 # GET request latency on network to next level
  gbuf-0b3: # Cache stats
   hGETS: 0 # GETS hits
   hGETX: 0 # GETX hits
   mGETS: 11664 # GETS misses
   mGETXIM: 2704 # GETX I->M misses
   mGETXSM: 0 # GETX S->M misses (upgrade misses)
   PUTS: 11664 # Clean evictions (from lower level)
   PUTX: 2704 # Dirty evictions (from lower level)
   INV: 0 # Invalidates (from upper level)
   INVX: 0 # Downgrades (from upper level)
   FWD: 0 # Forwards (from upper level)
   latGETnl: 445408 # GET request latency on next level
   latGETnet: 0 # GET request latency on network to next level
  gbuf-0b4: # Cache stats
   hGETS: 0 # GETS hits
   hGETX: 0 # GETX hits
   mGETS: 11664 # GETS misses
   mGETXIM: 2704 # GETX I->M misses
   mGETXSM: 0 # GETX S->M misses (upgrade misses)
   PUTS: 11664 # Clean evictions (from lower level)
   PUTX: 2704 # Dirty evictions (from lower level)
   INV: 0 # Invalidates (from upper level)
   INVX: 0 # Downgrades (from upper level)
   FWD: 0 # Forwards (from upper level)
   latGETnl: 445408 # GET request latency on next level
   latGETnet: 0 # GET request latency on network to next level
  gbuf-0b5: # Cache stats
   hGETS: 0 # GETS hits
   hGETX: 0 # GETX hits
   mGETS: 11664 # GETS misses
   mGETXIM: 2704 # GETX I->M misses
   mGETXSM: 0 # GETX S->M misses (upgrade misses)
   PUTS: 11664 # Clean evictions (from lower level)
   PUTX: 2704 # Dirty evictions (from lower level)
   INV: 0 # Invalidates (from upper level)
   INVX: 0 # Downgrades (from upper level)
   FWD: 0 # Forwards (from upper level)
   latGETnl: 445408 # GET request latency on next level
   latGETnet: 0 # GET request latency on network to next level
  gbuf-0b6: # Cache stats
   hGETS: 0 # GETS hits
   hGETX: 0 # GETX hits
   mGETS: 11664 # GETS misses
   mGETXIM: 2704 # GETX I->M misses
   mGETXSM: 0 # GETX S->M misses (upgrade misses)
   PUTS: 11663 # Clean evictions (from lower level)
   PUTX: 2704 # Dirty evictions (from lower level)
   INV: 0 # Invalidates (from upper level)
   INVX: 0 # Downgrades (from upper level)
   FWD: 0 # Forwards (from upper level)
   latGETnl: 445408 # GET request latency on next level
   latGETnet: 0 # GET request latency on network to next level
  gbuf-0b7: # Cache stats
   hGETS: 0 # GETS hits
   hGETX: 0 # GETX hits
   mGETS: 11664 # GETS misses
   mGETXIM: 2704 # GETX I->M misses
   mGETXSM: 0 # GETX S->M misses (upgrade misses)
   PUTS: 11664 # Clean evictions (from lower level)
   PUTX: 2700 # Dirty evictions (from lower level)
   INV: 0 # Invalidates (from upper level)
   INVX: 0 # Downgrades (from upper level)
   FWD: 0 # Forwards (from upper level)
   latGETnl: 445408 # GET request latency on next level
   latGETnet: 0 # GET request latency on network to next level
 mem: # Memory controller stats
  mem-0: # Memory channel stats
   rd: 114944 # Read requests
   wr: 16224 # Write requests
   rdlat: 13319639999 # Total latency experienced by read requests
   wrlat: 2821192674 # Total latency experienced by write requests
   rdmlh: # Latency histogram for read requests
    0: 0
    1: 0
    2: 0
    3: 0
    4: 0
    5: 5
    6: 9
    7: 13
    8: 8
    9: 5
    10: 0
    11: 0
    12: 7
    13: 9
    14: 8
    15: 11
    16: 1
    17: 0
    18: 1
    19: 13
    20: 8
    21: 10
    22: 4
    23: 2
    24: 0
    25: 5
    26: 9
    27: 16
    28: 8
    29: 2
    30: 3
    31: 5
    32: 7
    33: 13
    34: 10
    35: 6
    36: 2
    37: 2
    38: 5
    39: 11
    40: 8
    41: 13
    42: 3
    43: 2
    44: 2
    45: 13
    46: 9
    47: 11
    48: 4
    49: 2
    50: 1
    51: 5
    52: 11
    53: 15
    54: 7
    55: 8
    56: 8
    57: 12
    58: 5
    59: 6
    60: 5
    61: 5
    62: 9
    63: 10
    64: 6
    65: 6
    66: 4
    67: 5
    68: 7
    69: 8
    70: 5
    71: 9
    72: 5
    73: 3
    74: 5
    75: 11
    76: 7
    77: 11
    78: 2
    79: 5
    80: 7
    81: 6
    82: 8
    83: 9
    84: 5
    85: 5
    86: 4
    87: 8
    88: 8
    89: 8
    90: 9
    91: 4
    92: 4
    93: 5
    94: 6
    95: 8
    96: 9
    97: 9
    98: 7
    99: 114324
   wrmlh: # Latency histogram for write requests
    0: 0
    1: 0
    2: 0
    3: 0
    4: 0
    5: 6
    6: 5
    7: 16
    8: 7
    9: 1
    10: 0
    11: 11
    12: 7
    13: 3
    14: 0
    15: 13
    16: 9
    17: 9
    18: 7
    19: 7
    20: 1
    21: 3
    22: 9
    23: 1
    24: 5
    25: 9
    26: 10
    27: 11
    28: 4
    29: 5
    30: 1
    31: 7
    32: 7
    33: 1
    34: 6
    35: 16
    36: 12
    37: 4
    38: 4
    39: 10
    40: 4
    41: 5
    42: 3
    43: 9
    44: 14
    45: 13
    46: 15
    47: 29
    48: 54
    49: 42
    50: 74
    51: 166
    52: 72
    53: 43
    54: 21
    55: 82
    56: 26
    57: 9
    58: 5
    59: 12
    60: 9
    61: 4
    62: 11
    63: 10
    64: 16
    65: 11
    66: 4
    67: 9
    68: 11
    69: 5
    70: 4
    71: 12
    72: 11
    73: 11
    74: 8
    75: 8
    76: 5
    77: 1
    78: 3
    79: 2
    80: 1
    81: 2
    82: 0
    83: 3
    84: 0
    85: 0
    86: 0
    87: 1
    88: 0
    89: 0
    90: 0
    91: 0
    92: 0
    93: 0
    94: 0
    95: 0
    96: 0
    97: 0
    98: 0
    99: 15137
   ACT: 131168 # Activate commands
   PRE: 132935 # Precharge commands
   RD: 114944 # Read commands
   WR: 16224 # Write commands
   REF: 601 # Refresh commands
   eACTPRE: 39743904 # Activate/precharge energy
   eRDWR: 177349856 # Read/write energy
   eREF: 1999527 # Refresh energy
   eBKGD: 46167544 # Background energy
   eWIRE: 20068704 # Channel wire energy
 sched: # Scheduler stats
  thCr: 0 # Threads created
  thFn: 0 # Threads finished
  schedEvs: 0 # Schedule events
  waitEvs: 0 # Wait events
  handoffEvs: 0 # Handoff events
  sleepEvs: 0 # Sleep events
  idlePhases: 0 # Phases with no thread active
  idlePeriods: 0 # Periods with no thread active
  occHist: # Occupancy histogram
   0: 117
   1: 0
  rqSzHist: # Run queue size histogram
   0: 117
   1: 0
   2: 0
   3: 0
   4: 0
   5: 0
   6: 0
   7: 0
   8: 0
   9: 0
   10: 0
   11: 0
   12: 0
   13: 0
   14: 0
   15: 0
   16: 0
 procCycles: # Per-process unhalted core cycles
  0: 0
  1: 0
  2: 0
  3: 0
  4: 0
  5: 0
  6: 0
  7: 0
  8: 0
  9: 0
  10: 0
  11: 0
  12: 0
  13: 0
  14: 0
  15: 0
  16: 0
  17: 0
  18: 0
  19: 0
  20: 0
  21: 0
  22: 0
  23: 0
  24: 0
  25: 0
  26: 0
  27: 0
  28: 0
  29: 0
  30: 0
  31: 0
 procInstrs: # Per-process instructions
  0: 0
  1: 0
  2: 0
  3: 0
  4: 0
  5: 0
  6: 0
  7: 0
  8: 0
  9: 0
  10: 0
  11: 0
  12: 0
  13: 0
  14: 0
  15: 0
  16: 0
  17: 0
  18: 0
  19: 0
  20: 0
  21: 0
  22: 0
  23: 0
  24: 0
  25: 0
  26: 0
  27: 0
  28: 0
  29: 0
  30: 0
  31: 0
 heartbeats: # Per-process heartbeats
  0: 0
  1: 0
  2: 0
  3: 0
  4: 0
  5: 0
  6: 0
  7: 0
  8: 0
  9: 0
  10: 0
  11: 0
  12: 0
  13: 0
  14: 0
  15: 0
  16: 0
  17: 0
  18: 0
  19: 0
  20: 0
  21: 0
  22: 0
  23: 0
  24: 0
  25: 0
  26: 0
  27: 0
  28: 0
  29: 0
  30: 0
  31: 0
===
