# zsim stats
===
root: # Stats
 contention: # Contention simulation stats
  domain-0: # Domain stats
   time: 59850250 # Weave simulation time
 time: # Simulator time breakdown
  init: 1259774580
  bound: 102527260102
  weave: 59855590
  ff: 1205514517
 trigger: 20000 # Reason for this stats dump
 phase: 732 # Simulated phases
 l: # Logic unit stats
  l-0: # Logic unit stats
   cycles: 7316143 # Simulated unhalted cycles
   cCycles: 6263919 # Cycles due to contention stalls
   ops: 229832 # Simulated operations
   compOps: 8 # Simulated compute operations
  l-1: # Logic unit stats
   cycles: 7308211 # Simulated unhalted cycles
   cCycles: 6255987 # Cycles due to contention stalls
   ops: 229832 # Simulated operations
   compOps: 8 # Simulated compute operations
  l-2: # Logic unit stats
   cycles: 7307569 # Simulated unhalted cycles
   cCycles: 6255345 # Cycles due to contention stalls
   ops: 229832 # Simulated operations
   compOps: 8 # Simulated compute operations
  l-3: # Logic unit stats
   cycles: 7310565 # Simulated unhalted cycles
   cCycles: 6258341 # Cycles due to contention stalls
   ops: 229832 # Simulated operations
   compOps: 8 # Simulated compute operations
 c: # Core stats
  c-0: # Core stats
   cycles: 0 # Simulated cycles
   instrs: 0 # Simulated instructions
  c-1: # Core stats
   cycles: 0 # Simulated cycles
   instrs: 0 # Simulated instructions
  c-2: # Core stats
   cycles: 0 # Simulated cycles
   instrs: 0 # Simulated instructions
  c-3: # Core stats
   cycles: 0 # Simulated cycles
   instrs: 0 # Simulated instructions
 rdbuf: # Cache stats
  rdbuf-0: # Filter cache stats
   fhGETS: 0 # Filtered GETS hits
   fhGETX: 0 # Filtered GETX hits
   hGETS: 0 # GETS hits
   hGETX: 0 # GETX hits
   mGETS: 287840 # GETS misses
   mGETXIM: 0 # GETX I->M misses
   mGETXSM: 0 # GETX S->M misses (upgrade misses)
   PUTS: 0 # Clean evictions (from lower level)
   PUTX: 0 # Dirty evictions (from lower level)
   INV: 16 # Invalidates (from upper level)
   INVX: 0 # Downgrades (from upper level)
   FWD: 0 # Forwards (from upper level)
   latGETnl: 9193520 # GET request latency on next level
   latGETnet: 0 # GET request latency on network to next level
  rdbuf-1: # Filter cache stats
   fhGETS: 0 # Filtered GETS hits
   fhGETX: 0 # Filtered GETX hits
   hGETS: 0 # GETS hits
   hGETX: 0 # GETX hits
   mGETS: 287840 # GETS misses
   mGETXIM: 0 # GETX I->M misses
   mGETXSM: 0 # GETX S->M misses (upgrade misses)
   PUTS: 0 # Clean evictions (from lower level)
   PUTX: 0 # Dirty evictions (from lower level)
   INV: 16 # Invalidates (from upper level)
   INVX: 0 # Downgrades (from upper level)
   FWD: 0 # Forwards (from upper level)
   latGETnl: 9193520 # GET request latency on next level
   latGETnet: 0 # GET request latency on network to next level
  rdbuf-2: # Filter cache stats
   fhGETS: 0 # Filtered GETS hits
   fhGETX: 0 # Filtered GETX hits
   hGETS: 0 # GETS hits
   hGETX: 0 # GETX hits
   mGETS: 287840 # GETS misses
   mGETXIM: 0 # GETX I->M misses
   mGETXSM: 0 # GETX S->M misses (upgrade misses)
   PUTS: 0 # Clean evictions (from lower level)
   PUTX: 0 # Dirty evictions (from lower level)
   INV: 16 # Invalidates (from upper level)
   INVX: 0 # Downgrades (from upper level)
   FWD: 0 # Forwards (from upper level)
   latGETnl: 9193520 # GET request latency on next level
   latGETnet: 0 # GET request latency on network to next level
  rdbuf-3: # Filter cache stats
   fhGETS: 0 # Filtered GETS hits
   fhGETX: 0 # Filtered GETX hits
   hGETS: 0 # GETS hits
   hGETX: 0 # GETX hits
   mGETS: 287840 # GETS misses
   mGETXIM: 0 # GETX I->M misses
   mGETXSM: 0 # GETX S->M misses (upgrade misses)
   PUTS: 0 # Clean evictions (from lower level)
   PUTX: 0 # Dirty evictions (from lower level)
   INV: 16 # Invalidates (from upper level)
   INVX: 0 # Downgrades (from upper level)
   FWD: 0 # Forwards (from upper level)
   latGETnl: 9193520 # GET request latency on next level
   latGETnet: 0 # GET request latency on network to next level
 wrbuf: # Cache stats
  wrbuf-0: # Filter cache stats
   fhGETS: 0 # Filtered GETS hits
   fhGETX: 0 # Filtered GETX hits
   hGETS: 0 # GETS hits
   hGETX: 0 # GETX hits
   mGETS: 0 # GETS misses
   mGETXIM: 286720 # GETX I->M misses
   mGETXSM: 0 # GETX S->M misses (upgrade misses)
   PUTS: 0 # Clean evictions (from lower level)
   PUTX: 0 # Dirty evictions (from lower level)
   INV: 14 # Invalidates (from upper level)
   INVX: 0 # Downgrades (from upper level)
   FWD: 0 # Forwards (from upper level)
   latGETnl: 9175040 # GET request latency on next level
   latGETnet: 0 # GET request latency on network to next level
  wrbuf-1: # Filter cache stats
   fhGETS: 0 # Filtered GETS hits
   fhGETX: 0 # Filtered GETX hits
   hGETS: 0 # GETS hits
   hGETX: 0 # GETX hits
   mGETS: 0 # GETS misses
   mGETXIM: 286720 # GETX I->M misses
   mGETXSM: 0 # GETX S->M misses (upgrade misses)
   PUTS: 0 # Clean evictions (from lower level)
   PUTX: 0 # Dirty evictions (from lower level)
   INV: 14 # Invalidates (from upper level)
   INVX: 0 # Downgrades (from upper level)
   FWD: 0 # Forwards (from upper level)
   latGETnl: 9175040 # GET request latency on next level
   latGETnet: 0 # GET request latency on network to next level
  wrbuf-2: # Filter cache stats
   fhGETS: 0 # Filtered GETS hits
   fhGETX: 0 # Filtered GETX hits
   hGETS: 0 # GETS hits
   hGETX: 0 # GETX hits
   mGETS: 0 # GETS misses
   mGETXIM: 286720 # GETX I->M misses
   mGETXSM: 0 # GETX S->M misses (upgrade misses)
   PUTS: 0 # Clean evictions (from lower level)
   PUTX: 0 # Dirty evictions (from lower level)
   INV: 14 # Invalidates (from upper level)
   INVX: 0 # Downgrades (from upper level)
   FWD: 0 # Forwards (from upper level)
   latGETnl: 9175040 # GET request latency on next level
   latGETnet: 0 # GET request latency on network to next level
  wrbuf-3: # Filter cache stats
   fhGETS: 0 # Filtered GETS hits
   fhGETX: 0 # Filtered GETX hits
   hGETS: 0 # GETS hits
   hGETX: 0 # GETX hits
   mGETS: 0 # GETS misses
   mGETXIM: 286720 # GETX I->M misses
   mGETXSM: 0 # GETX S->M misses (upgrade misses)
   PUTS: 0 # Clean evictions (from lower level)
   PUTX: 0 # Dirty evictions (from lower level)
   INV: 14 # Invalidates (from upper level)
   INVX: 0 # Downgrades (from upper level)
   FWD: 0 # Forwards (from upper level)
   latGETnl: 9175040 # GET request latency on next level
   latGETnet: 0 # GET request latency on network to next level
 gbuf: # Cache stats
  gbuf-0b0: # Cache stats
   hGETS: 71 # GETS hits
   hGETX: 0 # GETX hits
   mGETS: 35972 # GETS misses
   mGETXIM: 35902 # GETX I->M misses
   mGETXSM: 0 # GETX S->M misses (upgrade misses)
   PUTS: 36042 # Clean evictions (from lower level)
   PUTX: 35899 # Dirty evictions (from lower level)
   INV: 0 # Invalidates (from upper level)
   INVX: 0 # Downgrades (from upper level)
   FWD: 0 # Forwards (from upper level)
   latGETnl: 2228094 # GET request latency on next level
   latGETnet: 0 # GET request latency on network to next level
  gbuf-0b1: # Cache stats
   hGETS: 71 # GETS hits
   hGETX: 0 # GETX hits
   mGETS: 35890 # GETS misses
   mGETXIM: 35820 # GETX I->M misses
   mGETXSM: 0 # GETX S->M misses (upgrade misses)
   PUTS: 35958 # Clean evictions (from lower level)
   PUTX: 35819 # Dirty evictions (from lower level)
   INV: 0 # Invalidates (from upper level)
   INVX: 0 # Downgrades (from upper level)
   FWD: 0 # Forwards (from upper level)
   latGETnl: 2223010 # GET request latency on next level
   latGETnet: 0 # GET request latency on network to next level
  gbuf-0b2: # Cache stats
   hGETS: 71 # GETS hits
   hGETX: 0 # GETX hits
   mGETS: 35847 # GETS misses
   mGETXIM: 35777 # GETX I->M misses
   mGETXSM: 0 # GETX S->M misses (upgrade misses)
   PUTS: 35917 # Clean evictions (from lower level)
   PUTX: 35774 # Dirty evictions (from lower level)
   INV: 0 # Invalidates (from upper level)
   INVX: 0 # Downgrades (from upper level)
   FWD: 0 # Forwards (from upper level)
   latGETnl: 2220344 # GET request latency on next level
   latGETnet: 0 # GET request latency on network to next level
  gbuf-0b3: # Cache stats
   hGETS: 71 # GETS hits
   hGETX: 0 # GETX hits
   mGETS: 35928 # GETS misses
   mGETXIM: 35858 # GETX I->M misses
   mGETXSM: 0 # GETX S->M misses (upgrade misses)
   PUTS: 35996 # Clean evictions (from lower level)
   PUTX: 35857 # Dirty evictions (from lower level)
   INV: 0 # Invalidates (from upper level)
   INVX: 0 # Downgrades (from upper level)
   FWD: 0 # Forwards (from upper level)
   latGETnl: 2225366 # GET request latency on next level
   latGETnet: 0 # GET request latency on network to next level
  gbuf-0b4: # Cache stats
   hGETS: 69 # GETS hits
   hGETX: 0 # GETX hits
   mGETS: 35973 # GETS misses
   mGETXIM: 35903 # GETX I->M misses
   mGETXSM: 0 # GETX S->M misses (upgrade misses)
   PUTS: 36039 # Clean evictions (from lower level)
   PUTX: 35902 # Dirty evictions (from lower level)
   INV: 0 # Invalidates (from upper level)
   INVX: 0 # Downgrades (from upper level)
   FWD: 0 # Forwards (from upper level)
   latGETnl: 2228156 # GET request latency on next level
   latGETnet: 0 # GET request latency on network to next level
  gbuf-0b5: # Cache stats
   hGETS: 69 # GETS hits
   hGETX: 0 # GETX hits
   mGETS: 35891 # GETS misses
   mGETXIM: 35821 # GETX I->M misses
   mGETXSM: 0 # GETX S->M misses (upgrade misses)
   PUTS: 35959 # Clean evictions (from lower level)
   PUTX: 35818 # Dirty evictions (from lower level)
   INV: 0 # Invalidates (from upper level)
   INVX: 0 # Downgrades (from upper level)
   FWD: 0 # Forwards (from upper level)
   latGETnl: 2223072 # GET request latency on next level
   latGETnet: 0 # GET request latency on network to next level
  gbuf-0b6: # Cache stats
   hGETS: 69 # GETS hits
   hGETX: 0 # GETX hits
   mGETS: 35848 # GETS misses
   mGETXIM: 35778 # GETX I->M misses
   mGETXSM: 0 # GETX S->M misses (upgrade misses)
   PUTS: 35914 # Clean evictions (from lower level)
   PUTX: 35777 # Dirty evictions (from lower level)
   INV: 0 # Invalidates (from upper level)
   INVX: 0 # Downgrades (from upper level)
   FWD: 0 # Forwards (from upper level)
   latGETnl: 2220406 # GET request latency on next level
   latGETnet: 0 # GET request latency on network to next level
  gbuf-0b7: # Cache stats
   hGETS: 69 # GETS hits
   hGETX: 0 # GETX hits
   mGETS: 35931 # GETS misses
   mGETXIM: 35861 # GETX I->M misses
   mGETXSM: 0 # GETX S->M misses (upgrade misses)
   PUTS: 35999 # Clean evictions (from lower level)
   PUTX: 35858 # Dirty evictions (from lower level)
   INV: 0 # Invalidates (from upper level)
   INVX: 0 # Downgrades (from upper level)
   FWD: 0 # Forwards (from upper level)
   latGETnl: 2225552 # GET request latency on next level
   latGETnet: 0 # GET request latency on network to next level
  gbuf-1b0: # Cache stats
   hGETS: 71 # GETS hits
   hGETX: 0 # GETX hits
   mGETS: 35890 # GETS misses
   mGETXIM: 35820 # GETX I->M misses
   mGETXSM: 0 # GETX S->M misses (upgrade misses)
   PUTS: 35959 # Clean evictions (from lower level)
   PUTX: 35818 # Dirty evictions (from lower level)
   INV: 0 # Invalidates (from upper level)
   INVX: 0 # Downgrades (from upper level)
   FWD: 0 # Forwards (from upper level)
   latGETnl: 2223010 # GET request latency on next level
   latGETnet: 0 # GET request latency on network to next level
  gbuf-1b1: # Cache stats
   hGETS: 71 # GETS hits
   hGETX: 0 # GETX hits
   mGETS: 35973 # GETS misses
   mGETXIM: 35903 # GETX I->M misses
   mGETXSM: 0 # GETX S->M misses (upgrade misses)
   PUTS: 36042 # Clean evictions (from lower level)
   PUTX: 35901 # Dirty evictions (from lower level)
   INV: 0 # Invalidates (from upper level)
   INVX: 0 # Downgrades (from upper level)
   FWD: 0 # Forwards (from upper level)
   latGETnl: 2228156 # GET request latency on next level
   latGETnet: 0 # GET request latency on network to next level
  gbuf-1b2: # Cache stats
   hGETS: 71 # GETS hits
   hGETX: 0 # GETX hits
   mGETS: 35928 # GETS misses
   mGETXIM: 35858 # GETX I->M misses
   mGETXSM: 0 # GETX S->M misses (upgrade misses)
   PUTS: 35997 # Clean evictions (from lower level)
   PUTX: 35856 # Dirty evictions (from lower level)
   INV: 0 # Invalidates (from upper level)
   INVX: 0 # Downgrades (from upper level)
   FWD: 0 # Forwards (from upper level)
   latGETnl: 2225366 # GET request latency on next level
   latGETnet: 0 # GET request latency on network to next level
  gbuf-1b3: # Cache stats
   hGETS: 71 # GETS hits
   hGETX: 0 # GETX hits
   mGETS: 35847 # GETS misses
   mGETXIM: 35777 # GETX I->M misses
   mGETXSM: 0 # GETX S->M misses (upgrade misses)
   PUTS: 35916 # Clean evictions (from lower level)
   PUTX: 35775 # Dirty evictions (from lower level)
   INV: 0 # Invalidates (from upper level)
   INVX: 0 # Downgrades (from upper level)
   FWD: 0 # Forwards (from upper level)
   latGETnl: 2220344 # GET request latency on next level
   latGETnet: 0 # GET request latency on network to next level
  gbuf-1b4: # Cache stats
   hGETS: 69 # GETS hits
   hGETX: 0 # GETX hits
   mGETS: 35890 # GETS misses
   mGETXIM: 35820 # GETX I->M misses
   mGETXSM: 0 # GETX S->M misses (upgrade misses)
   PUTS: 35957 # Clean evictions (from lower level)
   PUTX: 35818 # Dirty evictions (from lower level)
   INV: 0 # Invalidates (from upper level)
   INVX: 0 # Downgrades (from upper level)
   FWD: 0 # Forwards (from upper level)
   latGETnl: 2223010 # GET request latency on next level
   latGETnet: 0 # GET request latency on network to next level
  gbuf-1b5: # Cache stats
   hGETS: 69 # GETS hits
   hGETX: 0 # GETX hits
   mGETS: 35973 # GETS misses
   mGETXIM: 35903 # GETX I->M misses
   mGETXSM: 0 # GETX S->M misses (upgrade misses)
   PUTS: 36040 # Clean evictions (from lower level)
   PUTX: 35901 # Dirty evictions (from lower level)
   INV: 0 # Invalidates (from upper level)
   INVX: 0 # Downgrades (from upper level)
   FWD: 0 # Forwards (from upper level)
   latGETnl: 2228156 # GET request latency on next level
   latGETnet: 0 # GET request latency on network to next level
  gbuf-1b6: # Cache stats
   hGETS: 69 # GETS hits
   hGETX: 0 # GETX hits
   mGETS: 35929 # GETS misses
   mGETXIM: 35859 # GETX I->M misses
   mGETXSM: 0 # GETX S->M misses (upgrade misses)
   PUTS: 35996 # Clean evictions (from lower level)
   PUTX: 35857 # Dirty evictions (from lower level)
   INV: 0 # Invalidates (from upper level)
   INVX: 0 # Downgrades (from upper level)
   FWD: 0 # Forwards (from upper level)
   latGETnl: 2225428 # GET request latency on next level
   latGETnet: 0 # GET request latency on network to next level
  gbuf-1b7: # Cache stats
   hGETS: 69 # GETS hits
   hGETX: 0 # GETX hits
   mGETS: 35850 # GETS misses
   mGETXIM: 35780 # GETX I->M misses
   mGETXSM: 0 # GETX S->M misses (upgrade misses)
   PUTS: 35917 # Clean evictions (from lower level)
   PUTX: 35778 # Dirty evictions (from lower level)
   INV: 0 # Invalidates (from upper level)
   INVX: 0 # Downgrades (from upper level)
   FWD: 0 # Forwards (from upper level)
   latGETnl: 2220530 # GET request latency on next level
   latGETnet: 0 # GET request latency on network to next level
  gbuf-2b0: # Cache stats
   hGETS: 71 # GETS hits
   hGETX: 0 # GETX hits
   mGETS: 35848 # GETS misses
   mGETXIM: 35778 # GETX I->M misses
   mGETXSM: 0 # GETX S->M misses (upgrade misses)
   PUTS: 35916 # Clean evictions (from lower level)
   PUTX: 35777 # Dirty evictions (from lower level)
   INV: 0 # Invalidates (from upper level)
   INVX: 0 # Downgrades (from upper level)
   FWD: 0 # Forwards (from upper level)
   latGETnl: 2220406 # GET request latency on next level
   latGETnet: 0 # GET request latency on network to next level
  gbuf-2b1: # Cache stats
   hGETS: 71 # GETS hits
   hGETX: 0 # GETX hits
   mGETS: 35930 # GETS misses
   mGETXIM: 35860 # GETX I->M misses
   mGETXSM: 0 # GETX S->M misses (upgrade misses)
   PUTS: 36000 # Clean evictions (from lower level)
   PUTX: 35857 # Dirty evictions (from lower level)
   INV: 0 # Invalidates (from upper level)
   INVX: 0 # Downgrades (from upper level)
   FWD: 0 # Forwards (from upper level)
   latGETnl: 2225490 # GET request latency on next level
   latGETnet: 0 # GET request latency on network to next level
  gbuf-2b2: # Cache stats
   hGETS: 71 # GETS hits
   hGETX: 0 # GETX hits
   mGETS: 35974 # GETS misses
   mGETXIM: 35904 # GETX I->M misses
   mGETXSM: 0 # GETX S->M misses (upgrade misses)
   PUTS: 36044 # Clean evictions (from lower level)
   PUTX: 35901 # Dirty evictions (from lower level)
   INV: 0 # Invalidates (from upper level)
   INVX: 0 # Downgrades (from upper level)
   FWD: 0 # Forwards (from upper level)
   latGETnl: 2228218 # GET request latency on next level
   latGETnet: 0 # GET request latency on network to next level
  gbuf-2b3: # Cache stats
   hGETS: 71 # GETS hits
   hGETX: 0 # GETX hits
   mGETS: 35892 # GETS misses
   mGETXIM: 35822 # GETX I->M misses
   mGETXSM: 0 # GETX S->M misses (upgrade misses)
   PUTS: 35960 # Clean evictions (from lower level)
   PUTX: 35821 # Dirty evictions (from lower level)
   INV: 0 # Invalidates (from upper level)
   INVX: 0 # Downgrades (from upper level)
   FWD: 0 # Forwards (from upper level)
   latGETnl: 2223134 # GET request latency on next level
   latGETnet: 0 # GET request latency on network to next level
  gbuf-2b4: # Cache stats
   hGETS: 69 # GETS hits
   hGETX: 0 # GETX hits
   mGETS: 35848 # GETS misses
   mGETXIM: 35778 # GETX I->M misses
   mGETXSM: 0 # GETX S->M misses (upgrade misses)
   PUTS: 35916 # Clean evictions (from lower level)
   PUTX: 35775 # Dirty evictions (from lower level)
   INV: 0 # Invalidates (from upper level)
   INVX: 0 # Downgrades (from upper level)
   FWD: 0 # Forwards (from upper level)
   latGETnl: 2220406 # GET request latency on next level
   latGETnet: 0 # GET request latency on network to next level
  gbuf-2b5: # Cache stats
   hGETS: 69 # GETS hits
   hGETX: 0 # GETX hits
   mGETS: 35928 # GETS misses
   mGETXIM: 35858 # GETX I->M misses
   mGETXSM: 0 # GETX S->M misses (upgrade misses)
   PUTS: 35994 # Clean evictions (from lower level)
   PUTX: 35857 # Dirty evictions (from lower level)
   INV: 0 # Invalidates (from upper level)
   INVX: 0 # Downgrades (from upper level)
   FWD: 0 # Forwards (from upper level)
   latGETnl: 2225366 # GET request latency on next level
   latGETnet: 0 # GET request latency on network to next level
  gbuf-2b6: # Cache stats
   hGETS: 69 # GETS hits
   hGETX: 0 # GETX hits
   mGETS: 35971 # GETS misses
   mGETXIM: 35901 # GETX I->M misses
   mGETXSM: 0 # GETX S->M misses (upgrade misses)
   PUTS: 36037 # Clean evictions (from lower level)
   PUTX: 35900 # Dirty evictions (from lower level)
   INV: 0 # Invalidates (from upper level)
   INVX: 0 # Downgrades (from upper level)
   FWD: 0 # Forwards (from upper level)
   latGETnl: 2228032 # GET request latency on next level
   latGETnet: 0 # GET request latency on network to next level
  gbuf-2b7: # Cache stats
   hGETS: 69 # GETS hits
   hGETX: 0 # GETX hits
   mGETS: 35889 # GETS misses
   mGETXIM: 35819 # GETX I->M misses
   mGETXSM: 0 # GETX S->M misses (upgrade misses)
   PUTS: 35957 # Clean evictions (from lower level)
   PUTX: 35816 # Dirty evictions (from lower level)
   INV: 0 # Invalidates (from upper level)
   INVX: 0 # Downgrades (from upper level)
   FWD: 0 # Forwards (from upper level)
   latGETnl: 2222948 # GET request latency on next level
   latGETnet: 0 # GET request latency on network to next level
  gbuf-3b0: # Cache stats
   hGETS: 71 # GETS hits
   hGETX: 0 # GETX hits
   mGETS: 35931 # GETS misses
   mGETXIM: 35861 # GETX I->M misses
   mGETXSM: 0 # GETX S->M misses (upgrade misses)
   PUTS: 36000 # Clean evictions (from lower level)
   PUTX: 35859 # Dirty evictions (from lower level)
   INV: 0 # Invalidates (from upper level)
   INVX: 0 # Downgrades (from upper level)
   FWD: 0 # Forwards (from upper level)
   latGETnl: 2225552 # GET request latency on next level
   latGETnet: 0 # GET request latency on network to next level
  gbuf-3b1: # Cache stats
   hGETS: 71 # GETS hits
   hGETX: 0 # GETX hits
   mGETS: 35847 # GETS misses
   mGETXIM: 35777 # GETX I->M misses
   mGETXSM: 0 # GETX S->M misses (upgrade misses)
   PUTS: 35916 # Clean evictions (from lower level)
   PUTX: 35775 # Dirty evictions (from lower level)
   INV: 0 # Invalidates (from upper level)
   INVX: 0 # Downgrades (from upper level)
   FWD: 0 # Forwards (from upper level)
   latGETnl: 2220344 # GET request latency on next level
   latGETnet: 0 # GET request latency on network to next level
  gbuf-3b2: # Cache stats
   hGETS: 71 # GETS hits
   hGETX: 0 # GETX hits
   mGETS: 35892 # GETS misses
   mGETXIM: 35822 # GETX I->M misses
   mGETXSM: 0 # GETX S->M misses (upgrade misses)
   PUTS: 35961 # Clean evictions (from lower level)
   PUTX: 35820 # Dirty evictions (from lower level)
   INV: 0 # Invalidates (from upper level)
   INVX: 0 # Downgrades (from upper level)
   FWD: 0 # Forwards (from upper level)
   latGETnl: 2223134 # GET request latency on next level
   latGETnet: 0 # GET request latency on network to next level
  gbuf-3b3: # Cache stats
   hGETS: 71 # GETS hits
   hGETX: 0 # GETX hits
   mGETS: 35973 # GETS misses
   mGETXIM: 35903 # GETX I->M misses
   mGETXSM: 0 # GETX S->M misses (upgrade misses)
   PUTS: 36042 # Clean evictions (from lower level)
   PUTX: 35901 # Dirty evictions (from lower level)
   INV: 0 # Invalidates (from upper level)
   INVX: 0 # Downgrades (from upper level)
   FWD: 0 # Forwards (from upper level)
   latGETnl: 2228156 # GET request latency on next level
   latGETnet: 0 # GET request latency on network to next level
  gbuf-3b4: # Cache stats
   hGETS: 69 # GETS hits
   hGETX: 0 # GETX hits
   mGETS: 35929 # GETS misses
   mGETXIM: 35859 # GETX I->M misses
   mGETXSM: 0 # GETX S->M misses (upgrade misses)
   PUTS: 35996 # Clean evictions (from lower level)
   PUTX: 35857 # Dirty evictions (from lower level)
   INV: 0 # Invalidates (from upper level)
   INVX: 0 # Downgrades (from upper level)
   FWD: 0 # Forwards (from upper level)
   latGETnl: 2225428 # GET request latency on next level
   latGETnet: 0 # GET request latency on network to next level
  gbuf-3b5: # Cache stats
   hGETS: 69 # GETS hits
   hGETX: 0 # GETX hits
   mGETS: 35847 # GETS misses
   mGETXIM: 35777 # GETX I->M misses
   mGETXSM: 0 # GETX S->M misses (upgrade misses)
   PUTS: 35914 # Clean evictions (from lower level)
   PUTX: 35775 # Dirty evictions (from lower level)
   INV: 0 # Invalidates (from upper level)
   INVX: 0 # Downgrades (from upper level)
   FWD: 0 # Forwards (from upper level)
   latGETnl: 2220344 # GET request latency on next level
   latGETnet: 0 # GET request latency on network to next level
  gbuf-3b6: # Cache stats
   hGETS: 69 # GETS hits
   hGETX: 0 # GETX hits
   mGETS: 35891 # GETS misses
   mGETXIM: 35821 # GETX I->M misses
   mGETXSM: 0 # GETX S->M misses (upgrade misses)
   PUTS: 35958 # Clean evictions (from lower level)
   PUTX: 35819 # Dirty evictions (from lower level)
   INV: 0 # Invalidates (from upper level)
   INVX: 0 # Downgrades (from upper level)
   FWD: 0 # Forwards (from upper level)
   latGETnl: 2223072 # GET request latency on next level
   latGETnet: 0 # GET request latency on network to next level
  gbuf-3b7: # Cache stats
   hGETS: 69 # GETS hits
   hGETX: 0 # GETX hits
   mGETS: 35970 # GETS misses
   mGETXIM: 35900 # GETX I->M misses
   mGETXSM: 0 # GETX S->M misses (upgrade misses)
   PUTS: 36037 # Clean evictions (from lower level)
   PUTX: 35898 # Dirty evictions (from lower level)
   INV: 0 # Invalidates (from upper level)
   INVX: 0 # Downgrades (from upper level)
   FWD: 0 # Forwards (from upper level)
   latGETnl: 2227970 # GET request latency on next level
   latGETnet: 0 # GET request latency on network to next level
 mem: # Memory controller stats
  mem-0: # Memory channel stats
   rd: 574000 # Read requests
   wr: 282624 # Write requests
   rdlat: 250107864112 # Total latency experienced by read requests
   wrlat: 75579816030 # Total latency experienced by write requests
   rdmlh: # Latency histogram for read requests
    0: 0
    1: 0
    2: 0
    3: 0
    4: 0
    5: 39
    6: 38
    7: 0
    8: 2
    9: 1
    10: 11
    11: 11
    12: 49
    13: 12
    14: 1
    15: 5
    16: 2
    17: 19
    18: 49
    19: 19
    20: 7
    21: 3
    22: 5
    23: 12
    24: 29
    25: 72
    26: 20
    27: 27
    28: 36
    29: 21
    30: 44
    31: 98
    32: 48
    33: 49
    34: 40
    35: 71
    36: 82
    37: 124
    38: 77
    39: 108
    40: 108
    41: 76
    42: 105
    43: 122
    44: 114
    45: 76
    46: 81
    47: 84
    48: 50
    49: 33
    50: 34
    51: 28
    52: 25
    53: 27
    54: 15
    55: 28
    56: 23
    57: 18
    58: 27
    59: 33
    60: 36
    61: 43
    62: 50
    63: 43
    64: 58
    65: 86
    66: 84
    67: 76
    68: 115
    69: 133
    70: 148
    71: 191
    72: 173
    73: 220
    74: 229
    75: 188
    76: 166
    77: 193
    78: 211
    79: 141
    80: 133
    81: 135
    82: 101
    83: 90
    84: 85
    85: 102
    86: 97
    87: 64
    88: 94
    89: 106
    90: 94
    91: 71
    92: 87
    93: 75
    94: 77
    95: 62
    96: 57
    97: 67
    98: 72
    99: 567409
   wrmlh: # Latency histogram for write requests
    0: 0
    1: 0
    2: 0
    3: 0
    4: 0
    5: 16
    6: 5
    7: 11
    8: 18
    9: 8
    10: 37
    11: 10
    12: 21
    13: 13
    14: 21
    15: 26
    16: 25
    17: 37
    18: 30
    19: 28
    20: 26
    21: 40
    22: 32
    23: 60
    24: 79
    25: 64
    26: 79
    27: 96
    28: 120
    29: 112
    30: 117
    31: 124
    32: 202
    33: 199
    34: 201
    35: 395
    36: 624
    37: 703
    38: 806
    39: 1159
    40: 2023
    41: 1205
    42: 1537
    43: 2509
    44: 3392
    45: 2549
    46: 2585
    47: 2656
    48: 3221
    49: 1588
    50: 1507
    51: 2144
    52: 2318
    53: 1429
    54: 1074
    55: 1277
    56: 1729
    57: 1184
    58: 1287
    59: 1093
    60: 1499
    61: 714
    62: 768
    63: 948
    64: 1136
    65: 731
    66: 510
    67: 562
    68: 647
    69: 529
    70: 388
    71: 574
    72: 320
    73: 273
    74: 241
    75: 238
    76: 391
    77: 238
    78: 331
    79: 277
    80: 224
    81: 81
    82: 116
    83: 129
    84: 114
    85: 79
    86: 88
    87: 100
    88: 78
    89: 57
    90: 65
    91: 73
    92: 57
    93: 55
    94: 47
    95: 43
    96: 37
    97: 29
    98: 33
    99: 225953
   ACT: 856624 # Activate commands
   PRE: 867291 # Precharge commands
   RD: 574000 # Read commands
   WR: 282624 # Write commands
   REF: 3756 # Refresh commands
   eACTPRE: 259557072 # Activate/precharge energy
   eRDWR: 1164055744 # Read/write energy
   eREF: 12496212 # Refresh energy
   eBKGD: 291820614 # Background energy
   eWIRE: 131063472 # Channel wire energy
  mem-1: # Memory channel stats
   rd: 574000 # Read requests
   wr: 282624 # Write requests
   rdlat: 249791508855 # Total latency experienced by read requests
   wrlat: 75487829448 # Total latency experienced by write requests
   rdmlh: # Latency histogram for read requests
    0: 0
    1: 0
    2: 0
    3: 0
    4: 0
    5: 49
    6: 31
    7: 2
    8: 11
    9: 2
    10: 1
    11: 12
    12: 47
    13: 11
    14: 1
    15: 10
    16: 1
    17: 17
    18: 45
    19: 17
    20: 2
    21: 8
    22: 3
    23: 12
    24: 46
    25: 66
    26: 12
    27: 23
    28: 41
    29: 19
    30: 28
    31: 104
    32: 74
    33: 45
    34: 58
    35: 71
    36: 91
    37: 111
    38: 47
    39: 109
    40: 94
    41: 79
    42: 88
    43: 92
    44: 120
    45: 89
    46: 80
    47: 133
    48: 77
    49: 63
    50: 25
    51: 26
    52: 29
    53: 31
    54: 18
    55: 39
    56: 17
    57: 19
    58: 23
    59: 41
    60: 25
    61: 57
    62: 60
    63: 43
    64: 54
    65: 82
    66: 86
    67: 101
    68: 136
    69: 182
    70: 144
    71: 144
    72: 208
    73: 253
    74: 194
    75: 169
    76: 198
    77: 249
    78: 160
    79: 138
    80: 112
    81: 100
    82: 78
    83: 60
    84: 97
    85: 101
    86: 73
    87: 82
    88: 86
    89: 95
    90: 102
    91: 69
    92: 73
    93: 84
    94: 73
    95: 48
    96: 70
    97: 80
    98: 66
    99: 567358
   wrmlh: # Latency histogram for write requests
    0: 0
    1: 0
    2: 0
    3: 0
    4: 0
    5: 30
    6: 7
    7: 12
    8: 6
    9: 23
    10: 16
    11: 21
    12: 13
    13: 6
    14: 10
    15: 26
    16: 26
    17: 21
    18: 31
    19: 31
    20: 51
    21: 37
    22: 45
    23: 80
    24: 74
    25: 57
    26: 74
    27: 126
    28: 120
    29: 113
    30: 116
    31: 211
    32: 228
    33: 241
    34: 267
    35: 616
    36: 848
    37: 616
    38: 735
    39: 1064
    40: 1779
    41: 1299
    42: 1394
    43: 2246
    44: 2915
    45: 2068
    46: 2175
    47: 2721
    48: 2754
    49: 2166
    50: 1629
    51: 2198
    52: 2962
    53: 1558
    54: 1694
    55: 1810
    56: 1571
    57: 1011
    58: 1039
    59: 1284
    60: 1539
    61: 695
    62: 720
    63: 1096
    64: 932
    65: 527
    66: 584
    67: 584
    68: 867
    69: 483
    70: 365
    71: 463
    72: 415
    73: 259
    74: 206
    75: 266
    76: 269
    77: 248
    78: 269
    79: 228
    80: 119
    81: 96
    82: 125
    83: 130
    84: 105
    85: 87
    86: 70
    87: 95
    88: 76
    89: 51
    90: 73
    91: 65
    92: 47
    93: 45
    94: 41
    95: 43
    96: 27
    97: 24
    98: 30
    99: 225989
   ACT: 856624 # Activate commands
   PRE: 867290 # Precharge commands
   RD: 574000 # Read commands
   WR: 282624 # Write commands
   REF: 3756 # Refresh commands
   eACTPRE: 259557072 # Activate/precharge energy
   eRDWR: 1164055744 # Read/write energy
   eREF: 12496212 # Refresh energy
   eBKGD: 291831932 # Background energy
   eWIRE: 131063472 # Channel wire energy
  mem-2: # Memory channel stats
   rd: 574000 # Read requests
   wr: 282624 # Write requests
   rdlat: 249728548148 # Total latency experienced by read requests
   wrlat: 75462367400 # Total latency experienced by write requests
   rdmlh: # Latency histogram for read requests
    0: 0
    1: 0
    2: 0
    3: 0
    4: 0
    5: 42
    6: 38
    7: 3
    8: 15
    9: 1
    10: 3
    11: 19
    12: 38
    13: 9
    14: 0
    15: 5
    16: 17
    17: 11
    18: 61
    19: 20
    20: 18
    21: 8
    22: 10
    23: 13
    24: 28
    25: 68
    26: 16
    27: 20
    28: 27
    29: 24
    30: 33
    31: 124
    32: 46
    33: 68
    34: 58
    35: 63
    36: 78
    37: 131
    38: 71
    39: 87
    40: 113
    41: 58
    42: 70
    43: 156
    44: 100
    45: 65
    46: 55
    47: 107
    48: 56
    49: 49
    50: 42
    51: 33
    52: 22
    53: 38
    54: 28
    55: 28
    56: 32
    57: 22
    58: 18
    59: 55
    60: 37
    61: 40
    62: 39
    63: 49
    64: 32
    65: 64
    66: 82
    67: 98
    68: 104
    69: 134
    70: 142
    71: 145
    72: 184
    73: 225
    74: 227
    75: 199
    76: 230
    77: 218
    78: 166
    79: 141
    80: 106
    81: 130
    82: 102
    83: 88
    84: 88
    85: 108
    86: 68
    87: 70
    88: 72
    89: 119
    90: 96
    91: 73
    92: 84
    93: 78
    94: 81
    95: 53
    96: 39
    97: 61
    98: 54
    99: 567454
   wrmlh: # Latency histogram for write requests
    0: 0
    1: 0
    2: 0
    3: 0
    4: 0
    5: 12
    6: 3
    7: 4
    8: 9
    9: 6
    10: 12
    11: 24
    12: 9
    13: 11
    14: 15
    15: 23
    16: 19
    17: 28
    18: 21
    19: 30
    20: 40
    21: 35
    22: 47
    23: 42
    24: 75
    25: 58
    26: 61
    27: 66
    28: 118
    29: 83
    30: 88
    31: 143
    32: 180
    33: 172
    34: 187
    35: 310
    36: 590
    37: 520
    38: 695
    39: 1499
    40: 1793
    41: 1298
    42: 1504
    43: 2207
    44: 3127
    45: 2158
    46: 2470
    47: 3608
    48: 3362
    49: 1637
    50: 1519
    51: 2108
    52: 2695
    53: 1322
    54: 1081
    55: 1822
    56: 1762
    57: 1113
    58: 1018
    59: 1249
    60: 1411
    61: 819
    62: 830
    63: 933
    64: 1067
    65: 592
    66: 746
    67: 882
    68: 699
    69: 511
    70: 479
    71: 506
    72: 305
    73: 245
    74: 196
    75: 298
    76: 284
    77: 178
    78: 166
    79: 175
    80: 136
    81: 99
    82: 106
    83: 136
    84: 121
    85: 79
    86: 77
    87: 78
    88: 69
    89: 55
    90: 61
    91: 70
    92: 61
    93: 57
    94: 39
    95: 46
    96: 41
    97: 31
    98: 38
    99: 225814
   ACT: 856624 # Activate commands
   PRE: 867293 # Precharge commands
   RD: 574000 # Read commands
   WR: 282624 # Write commands
   REF: 3756 # Refresh commands
   eACTPRE: 259557072 # Activate/precharge energy
   eRDWR: 1164055744 # Read/write energy
   eREF: 12496212 # Refresh energy
   eBKGD: 291763072 # Background energy
   eWIRE: 131063472 # Channel wire energy
  mem-3: # Memory channel stats
   rd: 574000 # Read requests
   wr: 282624 # Write requests
   rdlat: 249854364415 # Total latency experienced by read requests
   wrlat: 75474760962 # Total latency experienced by write requests
   rdmlh: # Latency histogram for read requests
    0: 0
    1: 0
    2: 0
    3: 0
    4: 0
    5: 44
    6: 37
    7: 2
    8: 2
    9: 4
    10: 8
    11: 13
    12: 61
    13: 8
    14: 5
    15: 2
    16: 7
    17: 34
    18: 53
    19: 10
    20: 15
    21: 8
    22: 9
    23: 13
    24: 29
    25: 57
    26: 13
    27: 12
    28: 42
    29: 23
    30: 36
    31: 110
    32: 69
    33: 48
    34: 47
    35: 66
    36: 87
    37: 111
    38: 81
    39: 103
    40: 108
    41: 77
    42: 87
    43: 132
    44: 122
    45: 79
    46: 69
    47: 94
    48: 56
    49: 34
    50: 37
    51: 29
    52: 15
    53: 47
    54: 21
    55: 28
    56: 36
    57: 21
    58: 17
    59: 57
    60: 34
    61: 43
    62: 56
    63: 43
    64: 46
    65: 97
    66: 108
    67: 89
    68: 119
    69: 149
    70: 169
    71: 139
    72: 203
    73: 239
    74: 201
    75: 172
    76: 230
    77: 229
    78: 173
    79: 118
    80: 116
    81: 99
    82: 96
    83: 79
    84: 79
    85: 85
    86: 82
    87: 68
    88: 86
    89: 100
    90: 81
    91: 65
    92: 62
    93: 89
    94: 75
    95: 71
    96: 65
    97: 58
    98: 54
    99: 567398
   wrmlh: # Latency histogram for write requests
    0: 0
    1: 0
    2: 0
    3: 0
    4: 0
    5: 19
    6: 8
    7: 10
    8: 5
    9: 14
    10: 3
    11: 25
    12: 16
    13: 15
    14: 12
    15: 14
    16: 23
    17: 18
    18: 35
    19: 31
    20: 50
    21: 58
    22: 49
    23: 67
    24: 59
    25: 72
    26: 70
    27: 97
    28: 124
    29: 124
    30: 127
    31: 206
    32: 242
    33: 193
    34: 208
    35: 462
    36: 660
    37: 619
    38: 811
    39: 1638
    40: 2027
    41: 1244
    42: 1671
    43: 2570
    44: 2749
    45: 1892
    46: 2063
    47: 2829
    48: 3418
    49: 1852
    50: 1433
    51: 2254
    52: 2055
    53: 1292
    54: 1320
    55: 1733
    56: 2182
    57: 1212
    58: 900
    59: 1272
    60: 1372
    61: 1021
    62: 828
    63: 1016
    64: 657
    65: 533
    66: 491
    67: 610
    68: 841
    69: 333
    70: 520
    71: 752
    72: 721
    73: 228
    74: 303
    75: 192
    76: 221
    77: 155
    78: 147
    79: 169
    80: 105
    81: 106
    82: 117
    83: 133
    84: 112
    85: 98
    86: 93
    87: 97
    88: 76
    89: 59
    90: 61
    91: 77
    92: 42
    93: 45
    94: 42
    95: 50
    96: 29
    97: 40
    98: 36
    99: 225944
   ACT: 856624 # Activate commands
   PRE: 867297 # Precharge commands
   RD: 574000 # Read commands
   WR: 282624 # Write commands
   REF: 3756 # Refresh commands
   eACTPRE: 259557072 # Activate/precharge energy
   eRDWR: 1164055744 # Read/write energy
   eREF: 12496212 # Refresh energy
   eBKGD: 291816900 # Background energy
   eWIRE: 131063472 # Channel wire energy
 itcn: # Interconnect stats
  itcn-r0: # Router stats
   trans: 0 # Transfers
   size: 0 # Total transferred data
  itcn-r1: # Router stats
   trans: 0 # Transfers
   size: 0 # Total transferred data
  itcn-r2: # Router stats
   trans: 0 # Transfers
   size: 0 # Total transferred data
  itcn-r3: # Router stats
   trans: 0 # Transfers
   size: 0 # Total transferred data
 sched: # Scheduler stats
  thCr: 0 # Threads created
  thFn: 0 # Threads finished
  schedEvs: 0 # Schedule events
  waitEvs: 0 # Wait events
  handoffEvs: 0 # Handoff events
  sleepEvs: 0 # Sleep events
  idlePhases: 0 # Phases with no thread active
  idlePeriods: 0 # Periods with no thread active
  occHist: # Occupancy histogram
   0: 732
   1: 0
   2: 0
   3: 0
   4: 0
  rqSzHist: # Run queue size histogram
   0: 732
   1: 0
   2: 0
   3: 0
   4: 0
   5: 0
   6: 0
   7: 0
   8: 0
   9: 0
   10: 0
   11: 0
   12: 0
   13: 0
   14: 0
   15: 0
   16: 0
 procCycles: # Per-process unhalted core cycles
  0: 0
  1: 0
  2: 0
  3: 0
  4: 0
  5: 0
  6: 0
  7: 0
  8: 0
  9: 0
  10: 0
  11: 0
  12: 0
  13: 0
  14: 0
  15: 0
  16: 0
  17: 0
  18: 0
  19: 0
  20: 0
  21: 0
  22: 0
  23: 0
  24: 0
  25: 0
  26: 0
  27: 0
  28: 0
  29: 0
  30: 0
  31: 0
 procInstrs: # Per-process instructions
  0: 0
  1: 0
  2: 0
  3: 0
  4: 0
  5: 0
  6: 0
  7: 0
  8: 0
  9: 0
  10: 0
  11: 0
  12: 0
  13: 0
  14: 0
  15: 0
  16: 0
  17: 0
  18: 0
  19: 0
  20: 0
  21: 0
  22: 0
  23: 0
  24: 0
  25: 0
  26: 0
  27: 0
  28: 0
  29: 0
  30: 0
  31: 0
 heartbeats: # Per-process heartbeats
  0: 0
  1: 0
  2: 0
  3: 0
  4: 0
  5: 0
  6: 0
  7: 0
  8: 0
  9: 0
  10: 0
  11: 0
  12: 0
  13: 0
  14: 0
  15: 0
  16: 0
  17: 0
  18: 0
  19: 0
  20: 0
  21: 0
  22: 0
  23: 0
  24: 0
  25: 0
  26: 0
  27: 0
  28: 0
  29: 0
  30: 0
  31: 0
===
