# zsim stats
===
root: # Stats
 contention: # Contention simulation stats
  domain-0: # Domain stats
   time: 160501858 # Weave simulation time
 time: # Simulator time breakdown
  init: 11259575221
  bound: 94488576013
  weave: 163182123
  ff: 1287458872
 trigger: 20000 # Reason for this stats dump
 phase: 1148 # Simulated phases
 l: # Logic unit stats
  l-0: # Logic unit stats
   cycles: 11446327 # Simulated unhalted cycles
   cCycles: 7671462 # Cycles due to contention stalls
   ops: 25792 # Simulated operations
   compOps: 64 # Simulated compute operations
  l-1: # Logic unit stats
   cycles: 11458197 # Simulated unhalted cycles
   cCycles: 7683461 # Cycles due to contention stalls
   ops: 25792 # Simulated operations
   compOps: 64 # Simulated compute operations
  l-2: # Logic unit stats
   cycles: 11430241 # Simulated unhalted cycles
   cCycles: 7655368 # Cycles due to contention stalls
   ops: 25792 # Simulated operations
   compOps: 64 # Simulated compute operations
  l-3: # Logic unit stats
   cycles: 11474611 # Simulated unhalted cycles
   cCycles: 7699883 # Cycles due to contention stalls
   ops: 25792 # Simulated operations
   compOps: 64 # Simulated compute operations
 c: # Core stats
  c-0: # Core stats
   cycles: 0 # Simulated cycles
   instrs: 0 # Simulated instructions
 rdbuf: # Cache stats
  rdbuf-0: # Filter cache stats
   fhGETS: 8192 # Filtered GETS hits
   fhGETX: 0 # Filtered GETX hits
   hGETS: 0 # GETS hits
   hGETX: 0 # GETX hits
   mGETS: 202752 # GETS misses
   mGETXIM: 0 # GETX I->M misses
   mGETXSM: 0 # GETX S->M misses (upgrade misses)
   PUTS: 0 # Clean evictions (from lower level)
   PUTX: 0 # Dirty evictions (from lower level)
   INV: 0 # Invalidates (from upper level)
   INVX: 96 # Downgrades (from upper level)
   FWD: 0 # Forwards (from upper level)
   latGETnl: 6466829 # GET request latency on next level
   latGETnet: 0 # GET request latency on network to next level
  rdbuf-1: # Filter cache stats
   fhGETS: 8192 # Filtered GETS hits
   fhGETX: 0 # Filtered GETX hits
   hGETS: 0 # GETS hits
   hGETX: 0 # GETX hits
   mGETS: 202752 # GETS misses
   mGETXIM: 0 # GETX I->M misses
   mGETXSM: 0 # GETX S->M misses (upgrade misses)
   PUTS: 0 # Clean evictions (from lower level)
   PUTX: 0 # Dirty evictions (from lower level)
   INV: 0 # Invalidates (from upper level)
   INVX: 74 # Downgrades (from upper level)
   FWD: 0 # Forwards (from upper level)
   latGETnl: 6445811 # GET request latency on next level
   latGETnet: 0 # GET request latency on network to next level
  rdbuf-2: # Filter cache stats
   fhGETS: 8192 # Filtered GETS hits
   fhGETX: 0 # Filtered GETX hits
   hGETS: 0 # GETS hits
   hGETX: 0 # GETX hits
   mGETS: 202752 # GETS misses
   mGETXIM: 0 # GETX I->M misses
   mGETXSM: 0 # GETX S->M misses (upgrade misses)
   PUTS: 0 # Clean evictions (from lower level)
   PUTX: 0 # Dirty evictions (from lower level)
   INV: 0 # Invalidates (from upper level)
   INVX: 98 # Downgrades (from upper level)
   FWD: 0 # Forwards (from upper level)
   latGETnl: 6466798 # GET request latency on next level
   latGETnet: 0 # GET request latency on network to next level
  rdbuf-3: # Filter cache stats
   fhGETS: 8192 # Filtered GETS hits
   fhGETX: 0 # Filtered GETX hits
   hGETS: 0 # GETS hits
   hGETX: 0 # GETX hits
   mGETS: 202752 # GETS misses
   mGETXIM: 0 # GETX I->M misses
   mGETXSM: 0 # GETX S->M misses (upgrade misses)
   PUTS: 0 # Clean evictions (from lower level)
   PUTX: 0 # Dirty evictions (from lower level)
   INV: 0 # Invalidates (from upper level)
   INVX: 78 # Downgrades (from upper level)
   FWD: 0 # Forwards (from upper level)
   latGETnl: 6445842 # GET request latency on next level
   latGETnet: 0 # GET request latency on network to next level
 wrbuf: # Cache stats
  wrbuf-0: # Filter cache stats
   fhGETS: 0 # Filtered GETS hits
   fhGETX: 2048 # Filtered GETX hits
   hGETS: 0 # GETS hits
   hGETX: 0 # GETX hits
   mGETS: 0 # GETS misses
   mGETXIM: 50176 # GETX I->M misses
   mGETXSM: 0 # GETX S->M misses (upgrade misses)
   PUTS: 0 # Clean evictions (from lower level)
   PUTX: 0 # Dirty evictions (from lower level)
   INV: 1 # Invalidates (from upper level)
   INVX: 0 # Downgrades (from upper level)
   FWD: 0 # Forwards (from upper level)
   latGETnl: 1605632 # GET request latency on next level
   latGETnet: 0 # GET request latency on network to next level
  wrbuf-1: # Filter cache stats
   fhGETS: 0 # Filtered GETS hits
   fhGETX: 2048 # Filtered GETX hits
   hGETS: 0 # GETS hits
   hGETX: 0 # GETX hits
   mGETS: 0 # GETS misses
   mGETXIM: 50176 # GETX I->M misses
   mGETXSM: 0 # GETX S->M misses (upgrade misses)
   PUTS: 0 # Clean evictions (from lower level)
   PUTX: 0 # Dirty evictions (from lower level)
   INV: 1 # Invalidates (from upper level)
   INVX: 0 # Downgrades (from upper level)
   FWD: 0 # Forwards (from upper level)
   latGETnl: 1605632 # GET request latency on next level
   latGETnet: 0 # GET request latency on network to next level
  wrbuf-2: # Filter cache stats
   fhGETS: 0 # Filtered GETS hits
   fhGETX: 2048 # Filtered GETX hits
   hGETS: 0 # GETS hits
   hGETX: 0 # GETX hits
   mGETS: 0 # GETS misses
   mGETXIM: 50176 # GETX I->M misses
   mGETXSM: 0 # GETX S->M misses (upgrade misses)
   PUTS: 0 # Clean evictions (from lower level)
   PUTX: 0 # Dirty evictions (from lower level)
   INV: 1 # Invalidates (from upper level)
   INVX: 0 # Downgrades (from upper level)
   FWD: 0 # Forwards (from upper level)
   latGETnl: 1605632 # GET request latency on next level
   latGETnet: 0 # GET request latency on network to next level
  wrbuf-3: # Filter cache stats
   fhGETS: 0 # Filtered GETS hits
   fhGETX: 2048 # Filtered GETX hits
   hGETS: 0 # GETS hits
   hGETX: 0 # GETX hits
   mGETS: 0 # GETS misses
   mGETXIM: 50176 # GETX I->M misses
   mGETXSM: 0 # GETX S->M misses (upgrade misses)
   PUTS: 0 # Clean evictions (from lower level)
   PUTX: 0 # Dirty evictions (from lower level)
   INV: 1 # Invalidates (from upper level)
   INVX: 0 # Downgrades (from upper level)
   FWD: 0 # Forwards (from upper level)
   latGETnl: 1605632 # GET request latency on next level
   latGETnet: 0 # GET request latency on network to next level
 gbuf: # Cache stats
  gbuf-0b0: # Cache stats
   hGETS: 512 # GETS hits
   hGETX: 0 # GETX hits
   mGETS: 100864 # GETS misses
   mGETXIM: 25088 # GETX I->M misses
   mGETXSM: 0 # GETX S->M misses (upgrade misses)
   PUTS: 101376 # Clean evictions (from lower level)
   PUTX: 25088 # Dirty evictions (from lower level)
   INV: 0 # Invalidates (from upper level)
   INVX: 0 # Downgrades (from upper level)
   FWD: 0 # Forwards (from upper level)
   latGETnl: 3904512 # GET request latency on next level
   latGETnet: 0 # GET request latency on network to next level
  gbuf-0b1: # Cache stats
   hGETS: 512 # GETS hits
   hGETX: 0 # GETX hits
   mGETS: 100864 # GETS misses
   mGETXIM: 25088 # GETX I->M misses
   mGETXSM: 0 # GETX S->M misses (upgrade misses)
   PUTS: 101376 # Clean evictions (from lower level)
   PUTX: 25088 # Dirty evictions (from lower level)
   INV: 0 # Invalidates (from upper level)
   INVX: 0 # Downgrades (from upper level)
   FWD: 0 # Forwards (from upper level)
   latGETnl: 3904512 # GET request latency on next level
   latGETnet: 0 # GET request latency on network to next level
  gbuf-0b2: # Cache stats
   hGETS: 512 # GETS hits
   hGETX: 0 # GETX hits
   mGETS: 100864 # GETS misses
   mGETXIM: 25088 # GETX I->M misses
   mGETXSM: 0 # GETX S->M misses (upgrade misses)
   PUTS: 101376 # Clean evictions (from lower level)
   PUTX: 25088 # Dirty evictions (from lower level)
   INV: 0 # Invalidates (from upper level)
   INVX: 0 # Downgrades (from upper level)
   FWD: 0 # Forwards (from upper level)
   latGETnl: 3904512 # GET request latency on next level
   latGETnet: 0 # GET request latency on network to next level
  gbuf-0b3: # Cache stats
   hGETS: 512 # GETS hits
   hGETX: 0 # GETX hits
   mGETS: 100864 # GETS misses
   mGETXIM: 25088 # GETX I->M misses
   mGETXSM: 0 # GETX S->M misses (upgrade misses)
   PUTS: 101376 # Clean evictions (from lower level)
   PUTX: 25088 # Dirty evictions (from lower level)
   INV: 0 # Invalidates (from upper level)
   INVX: 0 # Downgrades (from upper level)
   FWD: 0 # Forwards (from upper level)
   latGETnl: 3904512 # GET request latency on next level
   latGETnet: 0 # GET request latency on network to next level
  gbuf-0b4: # Cache stats
   hGETS: 512 # GETS hits
   hGETX: 0 # GETX hits
   mGETS: 100864 # GETS misses
   mGETXIM: 25088 # GETX I->M misses
   mGETXSM: 0 # GETX S->M misses (upgrade misses)
   PUTS: 101376 # Clean evictions (from lower level)
   PUTX: 25086 # Dirty evictions (from lower level)
   INV: 0 # Invalidates (from upper level)
   INVX: 0 # Downgrades (from upper level)
   FWD: 0 # Forwards (from upper level)
   latGETnl: 3904512 # GET request latency on next level
   latGETnet: 0 # GET request latency on network to next level
  gbuf-0b5: # Cache stats
   hGETS: 512 # GETS hits
   hGETX: 0 # GETX hits
   mGETS: 100864 # GETS misses
   mGETXIM: 25088 # GETX I->M misses
   mGETXSM: 0 # GETX S->M misses (upgrade misses)
   PUTS: 101376 # Clean evictions (from lower level)
   PUTX: 25086 # Dirty evictions (from lower level)
   INV: 0 # Invalidates (from upper level)
   INVX: 0 # Downgrades (from upper level)
   FWD: 0 # Forwards (from upper level)
   latGETnl: 3904512 # GET request latency on next level
   latGETnet: 0 # GET request latency on network to next level
  gbuf-0b6: # Cache stats
   hGETS: 512 # GETS hits
   hGETX: 0 # GETX hits
   mGETS: 100864 # GETS misses
   mGETXIM: 25088 # GETX I->M misses
   mGETXSM: 0 # GETX S->M misses (upgrade misses)
   PUTS: 101376 # Clean evictions (from lower level)
   PUTX: 25086 # Dirty evictions (from lower level)
   INV: 0 # Invalidates (from upper level)
   INVX: 0 # Downgrades (from upper level)
   FWD: 0 # Forwards (from upper level)
   latGETnl: 3904512 # GET request latency on next level
   latGETnet: 0 # GET request latency on network to next level
  gbuf-0b7: # Cache stats
   hGETS: 512 # GETS hits
   hGETX: 0 # GETX hits
   mGETS: 100864 # GETS misses
   mGETXIM: 25088 # GETX I->M misses
   mGETXSM: 0 # GETX S->M misses (upgrade misses)
   PUTS: 101372 # Clean evictions (from lower level)
   PUTX: 25086 # Dirty evictions (from lower level)
   INV: 0 # Invalidates (from upper level)
   INVX: 0 # Downgrades (from upper level)
   FWD: 0 # Forwards (from upper level)
   latGETnl: 3904512 # GET request latency on next level
   latGETnet: 0 # GET request latency on network to next level
 mem: # Memory controller stats
  mem-0: # Memory channel stats
   rd: 1007616 # Read requests
   wr: 126808 # Write requests
   rdlat: 1523074380934 # Total latency experienced by read requests
   wrlat: 85752012362 # Total latency experienced by write requests
   rdmlh: # Latency histogram for read requests
    0: 0
    1: 0
    2: 0
    3: 0
    4: 0
    5: 197
    6: 243
    7: 391
    8: 241
    9: 401
    10: 19
    11: 8
    12: 168
    13: 252
    14: 226
    15: 424
    16: 200
    17: 59
    18: 21
    19: 327
    20: 207
    21: 453
    22: 234
    23: 143
    24: 74
    25: 133
    26: 257
    27: 341
    28: 307
    29: 261
    30: 100
    31: 146
    32: 194
    33: 317
    34: 250
    35: 364
    36: 162
    37: 127
    38: 68
    39: 349
    40: 266
    41: 474
    42: 239
    43: 152
    44: 82
    45: 250
    46: 237
    47: 465
    48: 238
    49: 288
    50: 97
    51: 88
    52: 137
    53: 379
    54: 338
    55: 314
    56: 299
    57: 316
    58: 154
    59: 238
    60: 123
    61: 231
    62: 190
    63: 432
    64: 260
    65: 135
    66: 170
    67: 282
    68: 159
    69: 419
    70: 299
    71: 353
    72: 229
    73: 354
    74: 247
    75: 385
    76: 362
    77: 394
    78: 229
    79: 351
    80: 292
    81: 279
    82: 284
    83: 429
    84: 218
    85: 319
    86: 216
    87: 305
    88: 297
    89: 420
    90: 272
    91: 261
    92: 316
    93: 271
    94: 248
    95: 331
    96: 345
    97: 333
    98: 293
    99: 983568
   wrmlh: # Latency histogram for write requests
    0: 0
    1: 0
    2: 0
    3: 0
    4: 0
    5: 20
    6: 53
    7: 105
    8: 50
    9: 68
    10: 72
    11: 90
    12: 67
    13: 75
    14: 37
    15: 83
    16: 67
    17: 77
    18: 69
    19: 105
    20: 89
    21: 90
    22: 82
    23: 88
    24: 51
    25: 97
    26: 85
    27: 141
    28: 100
    29: 118
    30: 81
    31: 147
    32: 102
    33: 113
    34: 112
    35: 196
    36: 143
    37: 172
    38: 164
    39: 296
    40: 217
    41: 222
    42: 200
    43: 350
    44: 200
    45: 212
    46: 188
    47: 292
    48: 176
    49: 160
    50: 133
    51: 235
    52: 123
    53: 129
    54: 110
    55: 175
    56: 116
    57: 120
    58: 107
    59: 141
    60: 80
    61: 104
    62: 89
    63: 125
    64: 69
    65: 76
    66: 70
    67: 92
    68: 69
    69: 49
    70: 48
    71: 60
    72: 40
    73: 37
    74: 38
    75: 47
    76: 37
    77: 33
    78: 17
    79: 39
    80: 15
    81: 9
    82: 14
    83: 19
    84: 15
    85: 11
    86: 10
    87: 10
    88: 7
    89: 6
    90: 7
    91: 9
    92: 6
    93: 5
    94: 6
    95: 7
    96: 4
    97: 3
    98: 2
    99: 118313
   ACT: 1134424 # Activate commands
   PRE: 1150843 # Precharge commands
   RD: 1007616 # Read commands
   WR: 126808 # Write commands
   REF: 5891 # Refresh commands
   eACTPRE: 343730472 # Activate/precharge energy
   eRDWR: 1533388216 # Read/write energy
   eREF: 19599357 # Refresh energy
   eBKGD: 451657028 # Background energy
   eWIRE: 173566872 # Channel wire energy
 sched: # Scheduler stats
  thCr: 0 # Threads created
  thFn: 0 # Threads finished
  schedEvs: 0 # Schedule events
  waitEvs: 0 # Wait events
  handoffEvs: 0 # Handoff events
  sleepEvs: 0 # Sleep events
  idlePhases: 0 # Phases with no thread active
  idlePeriods: 0 # Periods with no thread active
  occHist: # Occupancy histogram
   0: 1148
   1: 0
  rqSzHist: # Run queue size histogram
   0: 1148
   1: 0
   2: 0
   3: 0
   4: 0
   5: 0
   6: 0
   7: 0
   8: 0
   9: 0
   10: 0
   11: 0
   12: 0
   13: 0
   14: 0
   15: 0
   16: 0
 procCycles: # Per-process unhalted core cycles
  0: 0
  1: 0
  2: 0
  3: 0
  4: 0
  5: 0
  6: 0
  7: 0
  8: 0
  9: 0
  10: 0
  11: 0
  12: 0
  13: 0
  14: 0
  15: 0
  16: 0
  17: 0
  18: 0
  19: 0
  20: 0
  21: 0
  22: 0
  23: 0
  24: 0
  25: 0
  26: 0
  27: 0
  28: 0
  29: 0
  30: 0
  31: 0
 procInstrs: # Per-process instructions
  0: 0
  1: 0
  2: 0
  3: 0
  4: 0
  5: 0
  6: 0
  7: 0
  8: 0
  9: 0
  10: 0
  11: 0
  12: 0
  13: 0
  14: 0
  15: 0
  16: 0
  17: 0
  18: 0
  19: 0
  20: 0
  21: 0
  22: 0
  23: 0
  24: 0
  25: 0
  26: 0
  27: 0
  28: 0
  29: 0
  30: 0
  31: 0
 heartbeats: # Per-process heartbeats
  0: 0
  1: 0
  2: 0
  3: 0
  4: 0
  5: 0
  6: 0
  7: 0
  8: 0
  9: 0
  10: 0
  11: 0
  12: 0
  13: 0
  14: 0
  15: 0
  16: 0
  17: 0
  18: 0
  19: 0
  20: 0
  21: 0
  22: 0
  23: 0
  24: 0
  25: 0
  26: 0
  27: 0
  28: 0
  29: 0
  30: 0
  31: 0
===
