# zsim stats
===
root: # Stats
 contention: # Contention simulation stats
  domain-0: # Domain stats
   time: 11583071001 # Weave simulation time
 time: # Simulator time breakdown
  init: 1974209415
  bound: 32352191478
  weave: 11631367321
  ff: 1134959567
 trigger: 20000 # Reason for this stats dump
 phase: 507 # Simulated phases
 l: # Logic unit stats
  l-0: # Logic unit stats
   cycles: 5020077 # Simulated unhalted cycles
   cCycles: 4860173 # Cycles due to contention stalls
   ops: 32785 # Simulated operations
   compOps: 1 # Simulated compute operations
  l-1: # Logic unit stats
   cycles: 4902871 # Simulated unhalted cycles
   cCycles: 4742967 # Cycles due to contention stalls
   ops: 32785 # Simulated operations
   compOps: 1 # Simulated compute operations
  l-2: # Logic unit stats
   cycles: 5047437 # Simulated unhalted cycles
   cCycles: 4887533 # Cycles due to contention stalls
   ops: 32785 # Simulated operations
   compOps: 1 # Simulated compute operations
  l-3: # Logic unit stats
   cycles: 5066283 # Simulated unhalted cycles
   cCycles: 4906379 # Cycles due to contention stalls
   ops: 32785 # Simulated operations
   compOps: 1 # Simulated compute operations
 c: # Core stats
  c-0: # Core stats
   cycles: 0 # Simulated cycles
   instrs: 0 # Simulated instructions
 rdbuf: # Cache stats
  rdbuf-0: # Filter cache stats
   fhGETS: 0 # Filtered GETS hits
   fhGETX: 0 # Filtered GETX hits
   hGETS: 0 # GETS hits
   hGETX: 0 # GETX hits
   mGETS: 57392 # GETS misses
   mGETXIM: 0 # GETX I->M misses
   mGETXSM: 0 # GETX S->M misses (upgrade misses)
   PUTS: 0 # Clean evictions (from lower level)
   PUTX: 0 # Dirty evictions (from lower level)
   INV: 1 # Invalidates (from upper level)
   INVX: 70 # Downgrades (from upper level)
   FWD: 0 # Forwards (from upper level)
   latGETnl: 1750860 # GET request latency on next level
   latGETnet: 0 # GET request latency on network to next level
  rdbuf-1: # Filter cache stats
   fhGETS: 0 # Filtered GETS hits
   fhGETX: 0 # Filtered GETX hits
   hGETS: 0 # GETS hits
   hGETX: 0 # GETX hits
   mGETS: 73808 # GETS misses
   mGETXIM: 0 # GETX I->M misses
   mGETXSM: 0 # GETX S->M misses (upgrade misses)
   PUTS: 0 # Clean evictions (from lower level)
   PUTX: 0 # Dirty evictions (from lower level)
   INV: 1 # Invalidates (from upper level)
   INVX: 37 # Downgrades (from upper level)
   FWD: 0 # Forwards (from upper level)
   latGETnl: 1935885 # GET request latency on next level
   latGETnet: 0 # GET request latency on network to next level
  rdbuf-2: # Filter cache stats
   fhGETS: 0 # Filtered GETS hits
   fhGETX: 0 # Filtered GETX hits
   hGETS: 0 # GETS hits
   hGETX: 0 # GETX hits
   mGETS: 57392 # GETS misses
   mGETXIM: 0 # GETX I->M misses
   mGETXSM: 0 # GETX S->M misses (upgrade misses)
   PUTS: 0 # Clean evictions (from lower level)
   PUTX: 0 # Dirty evictions (from lower level)
   INV: 1 # Invalidates (from upper level)
   INVX: 16 # Downgrades (from upper level)
   FWD: 0 # Forwards (from upper level)
   latGETnl: 1803529 # GET request latency on next level
   latGETnet: 0 # GET request latency on network to next level
  rdbuf-3: # Filter cache stats
   fhGETS: 0 # Filtered GETS hits
   fhGETX: 0 # Filtered GETX hits
   hGETS: 0 # GETS hits
   hGETX: 0 # GETX hits
   mGETS: 69712 # GETS misses
   mGETXIM: 0 # GETX I->M misses
   mGETXSM: 0 # GETX S->M misses (upgrade misses)
   PUTS: 0 # Clean evictions (from lower level)
   PUTX: 0 # Dirty evictions (from lower level)
   INV: 1 # Invalidates (from upper level)
   INVX: 7 # Downgrades (from upper level)
   FWD: 0 # Forwards (from upper level)
   latGETnl: 1879120 # GET request latency on next level
   latGETnet: 0 # GET request latency on network to next level
 wrbuf: # Cache stats
  wrbuf-0: # Filter cache stats
   fhGETS: 0 # Filtered GETS hits
   fhGETX: 0 # Filtered GETX hits
   hGETS: 0 # GETS hits
   hGETX: 0 # GETX hits
   mGETS: 0 # GETS misses
   mGETXIM: 57344 # GETX I->M misses
   mGETXSM: 0 # GETX S->M misses (upgrade misses)
   PUTS: 0 # Clean evictions (from lower level)
   PUTX: 0 # Dirty evictions (from lower level)
   INV: 45 # Invalidates (from upper level)
   INVX: 0 # Downgrades (from upper level)
   FWD: 0 # Forwards (from upper level)
   latGETnl: 1768668 # GET request latency on next level
   latGETnet: 0 # GET request latency on network to next level
  wrbuf-1: # Filter cache stats
   fhGETS: 0 # Filtered GETS hits
   fhGETX: 0 # Filtered GETX hits
   hGETS: 0 # GETS hits
   hGETX: 0 # GETX hits
   mGETS: 0 # GETS misses
   mGETXIM: 73728 # GETX I->M misses
   mGETXSM: 0 # GETX S->M misses (upgrade misses)
   PUTS: 0 # Clean evictions (from lower level)
   PUTX: 0 # Dirty evictions (from lower level)
   INV: 20 # Invalidates (from upper level)
   INVX: 0 # Downgrades (from upper level)
   FWD: 0 # Forwards (from upper level)
   latGETnl: 1917732 # GET request latency on next level
   latGETnet: 0 # GET request latency on network to next level
  wrbuf-2: # Filter cache stats
   fhGETS: 0 # Filtered GETS hits
   fhGETX: 0 # Filtered GETX hits
   hGETS: 0 # GETS hits
   hGETX: 0 # GETX hits
   mGETS: 0 # GETS misses
   mGETXIM: 57344 # GETX I->M misses
   mGETXSM: 0 # GETX S->M misses (upgrade misses)
   PUTS: 0 # Clean evictions (from lower level)
   PUTX: 0 # Dirty evictions (from lower level)
   INV: 35 # Invalidates (from upper level)
   INVX: 0 # Downgrades (from upper level)
   FWD: 0 # Forwards (from upper level)
   latGETnl: 1796320 # GET request latency on next level
   latGETnet: 0 # GET request latency on network to next level
  wrbuf-3: # Filter cache stats
   fhGETS: 0 # Filtered GETS hits
   fhGETX: 0 # Filtered GETX hits
   hGETS: 0 # GETS hits
   hGETX: 0 # GETX hits
   mGETS: 0 # GETS misses
   mGETXIM: 69632 # GETX I->M misses
   mGETXSM: 0 # GETX S->M misses (upgrade misses)
   PUTS: 0 # Clean evictions (from lower level)
   PUTX: 0 # Dirty evictions (from lower level)
   INV: 13 # Invalidates (from upper level)
   INVX: 0 # Downgrades (from upper level)
   FWD: 0 # Forwards (from upper level)
   latGETnl: 1885984 # GET request latency on next level
   latGETnet: 0 # GET request latency on network to next level
 gbuf: # Cache stats
  gbuf-0b0: # Cache stats
   hGETS: 3624 # GETS hits
   hGETX: 3584 # GETX hits
   mGETS: 28674 # GETS misses
   mGETXIM: 28672 # GETX I->M misses
   mGETXSM: 0 # GETX S->M misses (upgrade misses)
   PUTS: 32298 # Clean evictions (from lower level)
   PUTX: 32239 # Dirty evictions (from lower level)
   INV: 0 # Invalidates (from upper level)
   INVX: 0 # Downgrades (from upper level)
   FWD: 0 # Forwards (from upper level)
   latGETnl: 1777726 # GET request latency on next level
   latGETnet: 0 # GET request latency on network to next level
  gbuf-0b1: # Cache stats
   hGETS: 3620 # GETS hits
   hGETX: 3584 # GETX hits
   mGETS: 28673 # GETS misses
   mGETXIM: 28671 # GETX I->M misses
   mGETXSM: 0 # GETX S->M misses (upgrade misses)
   PUTS: 32292 # Clean evictions (from lower level)
   PUTX: 32243 # Dirty evictions (from lower level)
   INV: 0 # Invalidates (from upper level)
   INVX: 0 # Downgrades (from upper level)
   FWD: 0 # Forwards (from upper level)
   latGETnl: 1777664 # GET request latency on next level
   latGETnet: 0 # GET request latency on network to next level
  gbuf-0b2: # Cache stats
   hGETS: 3623 # GETS hits
   hGETX: 3583 # GETX hits
   mGETS: 28675 # GETS misses
   mGETXIM: 28673 # GETX I->M misses
   mGETXSM: 0 # GETX S->M misses (upgrade misses)
   PUTS: 32298 # Clean evictions (from lower level)
   PUTX: 32245 # Dirty evictions (from lower level)
   INV: 0 # Invalidates (from upper level)
   INVX: 0 # Downgrades (from upper level)
   FWD: 0 # Forwards (from upper level)
   latGETnl: 1777788 # GET request latency on next level
   latGETnet: 0 # GET request latency on network to next level
  gbuf-0b3: # Cache stats
   hGETS: 3621 # GETS hits
   hGETX: 3585 # GETX hits
   mGETS: 28674 # GETS misses
   mGETXIM: 28672 # GETX I->M misses
   mGETXSM: 0 # GETX S->M misses (upgrade misses)
   PUTS: 32294 # Clean evictions (from lower level)
   PUTX: 32239 # Dirty evictions (from lower level)
   INV: 0 # Invalidates (from upper level)
   INVX: 0 # Downgrades (from upper level)
   FWD: 0 # Forwards (from upper level)
   latGETnl: 1777726 # GET request latency on next level
   latGETnet: 0 # GET request latency on network to next level
  gbuf-0b4: # Cache stats
   hGETS: 3609 # GETS hits
   hGETX: 3584 # GETX hits
   mGETS: 28673 # GETS misses
   mGETXIM: 28672 # GETX I->M misses
   mGETXSM: 0 # GETX S->M misses (upgrade misses)
   PUTS: 32282 # Clean evictions (from lower level)
   PUTX: 32242 # Dirty evictions (from lower level)
   INV: 0 # Invalidates (from upper level)
   INVX: 0 # Downgrades (from upper level)
   FWD: 0 # Forwards (from upper level)
   latGETnl: 1777695 # GET request latency on next level
   latGETnet: 0 # GET request latency on network to next level
  gbuf-0b5: # Cache stats
   hGETS: 3603 # GETS hits
   hGETX: 3583 # GETX hits
   mGETS: 28674 # GETS misses
   mGETXIM: 28672 # GETX I->M misses
   mGETXSM: 0 # GETX S->M misses (upgrade misses)
   PUTS: 32276 # Clean evictions (from lower level)
   PUTX: 32241 # Dirty evictions (from lower level)
   INV: 0 # Invalidates (from upper level)
   INVX: 0 # Downgrades (from upper level)
   FWD: 0 # Forwards (from upper level)
   latGETnl: 1777726 # GET request latency on next level
   latGETnet: 0 # GET request latency on network to next level
  gbuf-0b6: # Cache stats
   hGETS: 3610 # GETS hits
   hGETX: 3585 # GETX hits
   mGETS: 28672 # GETS misses
   mGETXIM: 28671 # GETX I->M misses
   mGETXSM: 0 # GETX S->M misses (upgrade misses)
   PUTS: 32282 # Clean evictions (from lower level)
   PUTX: 32243 # Dirty evictions (from lower level)
   INV: 0 # Invalidates (from upper level)
   INVX: 0 # Downgrades (from upper level)
   FWD: 0 # Forwards (from upper level)
   latGETnl: 1777633 # GET request latency on next level
   latGETnet: 0 # GET request latency on network to next level
  gbuf-0b7: # Cache stats
   hGETS: 3604 # GETS hits
   hGETX: 3584 # GETX hits
   mGETS: 28675 # GETS misses
   mGETXIM: 28673 # GETX I->M misses
   mGETXSM: 0 # GETX S->M misses (upgrade misses)
   PUTS: 32278 # Clean evictions (from lower level)
   PUTX: 32241 # Dirty evictions (from lower level)
   INV: 0 # Invalidates (from upper level)
   INVX: 0 # Downgrades (from upper level)
   FWD: 0 # Forwards (from upper level)
   latGETnl: 1777788 # GET request latency on next level
   latGETnet: 0 # GET request latency on network to next level
 mem: # Memory controller stats
  mem-0: # Memory channel stats
   rd: 458766 # Read requests
   wr: 154008 # Write requests
   rdlat: 520392483244 # Total latency experienced by read requests
   wrlat: 277621852748 # Total latency experienced by write requests
   rdmlh: # Latency histogram for read requests
    0: 0
    1: 0
    2: 0
    3: 0
    4: 0
    5: 1
    6: 3
    7: 4
    8: 4
    9: 2
    10: 1
    11: 0
    12: 2
    13: 2
    14: 5
    15: 2
    16: 4
    17: 0
    18: 1
    19: 3
    20: 5
    21: 2
    22: 4
    23: 0
    24: 2
    25: 2
    26: 4
    27: 3
    28: 2
    29: 2
    30: 5
    31: 3
    32: 4
    33: 2
    34: 2
    35: 2
    36: 2
    37: 6
    38: 4
    39: 2
    40: 3
    41: 2
    42: 2
    43: 5
    44: 5
    45: 3
    46: 1
    47: 4
    48: 3
    49: 1
    50: 4
    51: 5
    52: 3
    53: 1
    54: 4
    55: 4
    56: 4
    57: 3
    58: 5
    59: 0
    60: 4
    61: 3
    62: 2
    63: 5
    64: 5
    65: 4
    66: 1
    67: 5
    68: 1
    69: 0
    70: 5
    71: 3
    72: 5
    73: 3
    74: 3
    75: 1
    76: 4
    77: 3
    78: 5
    79: 1
    80: 3
    81: 4
    82: 3
    83: 0
    84: 5
    85: 3
    86: 3
    87: 4
    88: 4
    89: 0
    90: 2
    91: 4
    92: 5
    93: 2
    94: 3
    95: 3
    96: 2
    97: 2
    98: 3
    99: 458494
   wrmlh: # Latency histogram for write requests
    0: 0
    1: 0
    2: 0
    3: 0
    4: 0
    5: 1
    6: 3
    7: 3
    8: 1
    9: 5
    10: 1
    11: 3
    12: 1
    13: 4
    14: 2
    15: 2
    16: 5
    17: 3
    18: 6
    19: 3
    20: 1
    21: 7
    22: 4
    23: 5
    24: 11
    25: 7
    26: 9
    27: 29
    28: 18
    29: 17
    30: 30
    31: 87
    32: 59
    33: 71
    34: 78
    35: 134
    36: 126
    37: 130
    38: 168
    39: 303
    40: 215
    41: 182
    42: 203
    43: 334
    44: 212
    45: 194
    46: 177
    47: 265
    48: 189
    49: 134
    50: 116
    51: 227
    52: 148
    53: 91
    54: 95
    55: 179
    56: 106
    57: 96
    58: 79
    59: 113
    60: 79
    61: 80
    62: 50
    63: 104
    64: 74
    65: 47
    66: 48
    67: 58
    68: 48
    69: 35
    70: 43
    71: 51
    72: 32
    73: 32
    74: 47
    75: 31
    76: 26
    77: 26
    78: 19
    79: 34
    80: 15
    81: 16
    82: 17
    83: 36
    84: 11
    85: 19
    86: 18
    87: 29
    88: 14
    89: 13
    90: 16
    91: 22
    92: 18
    93: 8
    94: 16
    95: 19
    96: 12
    97: 12
    98: 3
    99: 148038
   ACT: 612774 # Activate commands
   PRE: 620449 # Precharge commands
   RD: 458766 # Read commands
   WR: 154008 # Write commands
   REF: 2602 # Refresh commands
   eACTPRE: 185670522 # Activate/precharge energy
   eRDWR: 831101616 # Read/write energy
   eREF: 8656854 # Refresh energy
   eBKGD: 203235324 # Background energy
   eWIRE: 93754422 # Channel wire energy
 sched: # Scheduler stats
  thCr: 0 # Threads created
  thFn: 0 # Threads finished
  schedEvs: 0 # Schedule events
  waitEvs: 0 # Wait events
  handoffEvs: 0 # Handoff events
  sleepEvs: 0 # Sleep events
  idlePhases: 0 # Phases with no thread active
  idlePeriods: 0 # Periods with no thread active
  occHist: # Occupancy histogram
   0: 507
   1: 0
  rqSzHist: # Run queue size histogram
   0: 507
   1: 0
   2: 0
   3: 0
   4: 0
   5: 0
   6: 0
   7: 0
   8: 0
   9: 0
   10: 0
   11: 0
   12: 0
   13: 0
   14: 0
   15: 0
   16: 0
 procCycles: # Per-process unhalted core cycles
  0: 0
  1: 0
  2: 0
  3: 0
  4: 0
  5: 0
  6: 0
  7: 0
  8: 0
  9: 0
  10: 0
  11: 0
  12: 0
  13: 0
  14: 0
  15: 0
  16: 0
  17: 0
  18: 0
  19: 0
  20: 0
  21: 0
  22: 0
  23: 0
  24: 0
  25: 0
  26: 0
  27: 0
  28: 0
  29: 0
  30: 0
  31: 0
 procInstrs: # Per-process instructions
  0: 0
  1: 0
  2: 0
  3: 0
  4: 0
  5: 0
  6: 0
  7: 0
  8: 0
  9: 0
  10: 0
  11: 0
  12: 0
  13: 0
  14: 0
  15: 0
  16: 0
  17: 0
  18: 0
  19: 0
  20: 0
  21: 0
  22: 0
  23: 0
  24: 0
  25: 0
  26: 0
  27: 0
  28: 0
  29: 0
  30: 0
  31: 0
 heartbeats: # Per-process heartbeats
  0: 0
  1: 0
  2: 0
  3: 0
  4: 0
  5: 0
  6: 0
  7: 0
  8: 0
  9: 0
  10: 0
  11: 0
  12: 0
  13: 0
  14: 0
  15: 0
  16: 0
  17: 0
  18: 0
  19: 0
  20: 0
  21: 0
  22: 0
  23: 0
  24: 0
  25: 0
  26: 0
  27: 0
  28: 0
  29: 0
  30: 0
  31: 0
===
