# zsim stats
===
root: # Stats
 contention: # Contention simulation stats
  domain-0: # Domain stats
   time: 1685563526 # Weave simulation time
 time: # Simulator time breakdown
  init: 13882610781
  bound: 19959735557
  weave: 1690113184
  ff: 1274715065
 trigger: 20000 # Reason for this stats dump
 phase: 35 # Simulated phases
 l: # Logic unit stats
  l-0: # Logic unit stats
   cycles: 296261 # Simulated unhalted cycles
   cCycles: 259589 # Cycles due to contention stalls
   ops: 4146 # Simulated operations
   compOps: 2 # Simulated compute operations
  l-1: # Logic unit stats
   cycles: 294291 # Simulated unhalted cycles
   cCycles: 257811 # Cycles due to contention stalls
   ops: 4098 # Simulated operations
   compOps: 2 # Simulated compute operations
  l-2: # Logic unit stats
   cycles: 342159 # Simulated unhalted cycles
   cCycles: 301327 # Cycles due to contention stalls
   ops: 5186 # Simulated operations
   compOps: 2 # Simulated compute operations
  l-3: # Logic unit stats
   cycles: 339253 # Simulated unhalted cycles
   cCycles: 298677 # Cycles due to contention stalls
   ops: 5122 # Simulated operations
   compOps: 2 # Simulated compute operations
 c: # Core stats
  c-0: # Core stats
   cycles: 0 # Simulated cycles
   instrs: 0 # Simulated instructions
  c-1: # Core stats
   cycles: 0 # Simulated cycles
   instrs: 0 # Simulated instructions
  c-2: # Core stats
   cycles: 0 # Simulated cycles
   instrs: 0 # Simulated instructions
  c-3: # Core stats
   cycles: 0 # Simulated cycles
   instrs: 0 # Simulated instructions
 rdbuf: # Cache stats
  rdbuf-0: # Filter cache stats
   fhGETS: 1952 # Filtered GETS hits
   fhGETX: 0 # Filtered GETX hits
   hGETS: 0 # GETS hits
   hGETX: 0 # GETX hits
   mGETS: 23776 # GETS misses
   mGETXIM: 0 # GETX I->M misses
   mGETXSM: 0 # GETX S->M misses (upgrade misses)
   PUTS: 0 # Clean evictions (from lower level)
   PUTX: 0 # Dirty evictions (from lower level)
   INV: 0 # Invalidates (from upper level)
   INVX: 0 # Downgrades (from upper level)
   FWD: 0 # Forwards (from upper level)
   latGETnl: 760832 # GET request latency on next level
   latGETnet: 0 # GET request latency on network to next level
  rdbuf-1: # Filter cache stats
   fhGETS: 1920 # Filtered GETS hits
   fhGETX: 0 # Filtered GETX hits
   hGETS: 0 # GETS hits
   hGETX: 0 # GETX hits
   mGETS: 23424 # GETS misses
   mGETXIM: 0 # GETX I->M misses
   mGETXSM: 0 # GETX S->M misses (upgrade misses)
   PUTS: 0 # Clean evictions (from lower level)
   PUTX: 0 # Dirty evictions (from lower level)
   INV: 0 # Invalidates (from upper level)
   INVX: 0 # Downgrades (from upper level)
   FWD: 0 # Forwards (from upper level)
   latGETnl: 749568 # GET request latency on next level
   latGETnet: 0 # GET request latency on network to next level
  rdbuf-2: # Filter cache stats
   fhGETS: 1952 # Filtered GETS hits
   fhGETX: 0 # Filtered GETX hits
   hGETS: 0 # GETS hits
   hGETX: 0 # GETX hits
   mGETS: 28272 # GETS misses
   mGETXIM: 0 # GETX I->M misses
   mGETXSM: 0 # GETX S->M misses (upgrade misses)
   PUTS: 0 # Clean evictions (from lower level)
   PUTX: 0 # Dirty evictions (from lower level)
   INV: 0 # Invalidates (from upper level)
   INVX: 0 # Downgrades (from upper level)
   FWD: 0 # Forwards (from upper level)
   latGETnl: 904704 # GET request latency on next level
   latGETnet: 0 # GET request latency on network to next level
  rdbuf-3: # Filter cache stats
   fhGETS: 1920 # Filtered GETS hits
   fhGETX: 0 # Filtered GETX hits
   hGETS: 0 # GETS hits
   hGETX: 0 # GETX hits
   mGETS: 27840 # GETS misses
   mGETXIM: 0 # GETX I->M misses
   mGETXSM: 0 # GETX S->M misses (upgrade misses)
   PUTS: 0 # Clean evictions (from lower level)
   PUTX: 0 # Dirty evictions (from lower level)
   INV: 0 # Invalidates (from upper level)
   INVX: 0 # Downgrades (from upper level)
   FWD: 0 # Forwards (from upper level)
   latGETnl: 890880 # GET request latency on next level
   latGETnet: 0 # GET request latency on network to next level
 wrbuf: # Cache stats
  wrbuf-0: # Filter cache stats
   fhGETS: 0 # Filtered GETS hits
   fhGETX: 0 # Filtered GETX hits
   hGETS: 0 # GETS hits
   hGETX: 0 # GETX hits
   mGETS: 0 # GETS misses
   mGETXIM: 5952 # GETX I->M misses
   mGETXSM: 0 # GETX S->M misses (upgrade misses)
   PUTS: 0 # Clean evictions (from lower level)
   PUTX: 0 # Dirty evictions (from lower level)
   INV: 1 # Invalidates (from upper level)
   INVX: 0 # Downgrades (from upper level)
   FWD: 0 # Forwards (from upper level)
   latGETnl: 190464 # GET request latency on next level
   latGETnet: 0 # GET request latency on network to next level
  wrbuf-1: # Filter cache stats
   fhGETS: 0 # Filtered GETS hits
   fhGETX: 0 # Filtered GETX hits
   hGETS: 0 # GETS hits
   hGETX: 0 # GETX hits
   mGETS: 0 # GETS misses
   mGETXIM: 5952 # GETX I->M misses
   mGETXSM: 0 # GETX S->M misses (upgrade misses)
   PUTS: 0 # Clean evictions (from lower level)
   PUTX: 0 # Dirty evictions (from lower level)
   INV: 1 # Invalidates (from upper level)
   INVX: 0 # Downgrades (from upper level)
   FWD: 0 # Forwards (from upper level)
   latGETnl: 190464 # GET request latency on next level
   latGETnet: 0 # GET request latency on network to next level
  wrbuf-2: # Filter cache stats
   fhGETS: 0 # Filtered GETS hits
   fhGETX: 0 # Filtered GETX hits
   hGETS: 0 # GETS hits
   hGETX: 0 # GETX hits
   mGETS: 0 # GETS misses
   mGETXIM: 6784 # GETX I->M misses
   mGETXSM: 0 # GETX S->M misses (upgrade misses)
   PUTS: 0 # Clean evictions (from lower level)
   PUTX: 0 # Dirty evictions (from lower level)
   INV: 1 # Invalidates (from upper level)
   INVX: 0 # Downgrades (from upper level)
   FWD: 0 # Forwards (from upper level)
   latGETnl: 217088 # GET request latency on next level
   latGETnet: 0 # GET request latency on network to next level
  wrbuf-3: # Filter cache stats
   fhGETS: 0 # Filtered GETS hits
   fhGETX: 0 # Filtered GETX hits
   hGETS: 0 # GETS hits
   hGETX: 0 # GETX hits
   mGETS: 0 # GETS misses
   mGETXIM: 6784 # GETX I->M misses
   mGETXSM: 0 # GETX S->M misses (upgrade misses)
   PUTS: 0 # Clean evictions (from lower level)
   PUTX: 0 # Dirty evictions (from lower level)
   INV: 1 # Invalidates (from upper level)
   INVX: 0 # Downgrades (from upper level)
   FWD: 0 # Forwards (from upper level)
   latGETnl: 217088 # GET request latency on next level
   latGETnet: 0 # GET request latency on network to next level
 gbuf: # Cache stats
  gbuf-0b0: # Cache stats
   hGETS: 0 # GETS hits
   hGETX: 0 # GETX hits
   mGETS: 2975 # GETS misses
   mGETXIM: 720 # GETX I->M misses
   mGETXSM: 0 # GETX S->M misses (upgrade misses)
   PUTS: 2974 # Clean evictions (from lower level)
   PUTX: 720 # Dirty evictions (from lower level)
   INV: 0 # Invalidates (from upper level)
   INVX: 0 # Downgrades (from upper level)
   FWD: 0 # Forwards (from upper level)
   latGETnl: 114545 # GET request latency on next level
   latGETnet: 0 # GET request latency on network to next level
  gbuf-0b1: # Cache stats
   hGETS: 0 # GETS hits
   hGETX: 0 # GETX hits
   mGETS: 2977 # GETS misses
   mGETXIM: 768 # GETX I->M misses
   mGETXSM: 0 # GETX S->M misses (upgrade misses)
   PUTS: 2977 # Clean evictions (from lower level)
   PUTX: 768 # Dirty evictions (from lower level)
   INV: 0 # Invalidates (from upper level)
   INVX: 0 # Downgrades (from upper level)
   FWD: 0 # Forwards (from upper level)
   latGETnl: 116095 # GET request latency on next level
   latGETnet: 0 # GET request latency on network to next level
  gbuf-0b2: # Cache stats
   hGETS: 0 # GETS hits
   hGETX: 0 # GETX hits
   mGETS: 2952 # GETS misses
   mGETXIM: 752 # GETX I->M misses
   mGETXSM: 0 # GETX S->M misses (upgrade misses)
   PUTS: 2952 # Clean evictions (from lower level)
   PUTX: 752 # Dirty evictions (from lower level)
   INV: 0 # Invalidates (from upper level)
   INVX: 0 # Downgrades (from upper level)
   FWD: 0 # Forwards (from upper level)
   latGETnl: 114824 # GET request latency on next level
   latGETnet: 0 # GET request latency on network to next level
  gbuf-0b3: # Cache stats
   hGETS: 0 # GETS hits
   hGETX: 0 # GETX hits
   mGETS: 2968 # GETS misses
   mGETXIM: 752 # GETX I->M misses
   mGETXSM: 0 # GETX S->M misses (upgrade misses)
   PUTS: 2968 # Clean evictions (from lower level)
   PUTX: 752 # Dirty evictions (from lower level)
   INV: 0 # Invalidates (from upper level)
   INVX: 0 # Downgrades (from upper level)
   FWD: 0 # Forwards (from upper level)
   latGETnl: 115320 # GET request latency on next level
   latGETnet: 0 # GET request latency on network to next level
  gbuf-0b4: # Cache stats
   hGETS: 0 # GETS hits
   hGETX: 0 # GETX hits
   mGETS: 2976 # GETS misses
   mGETXIM: 768 # GETX I->M misses
   mGETXSM: 0 # GETX S->M misses (upgrade misses)
   PUTS: 2976 # Clean evictions (from lower level)
   PUTX: 768 # Dirty evictions (from lower level)
   INV: 0 # Invalidates (from upper level)
   INVX: 0 # Downgrades (from upper level)
   FWD: 0 # Forwards (from upper level)
   latGETnl: 116064 # GET request latency on next level
   latGETnet: 0 # GET request latency on network to next level
  gbuf-0b5: # Cache stats
   hGETS: 0 # GETS hits
   hGETX: 0 # GETX hits
   mGETS: 2976 # GETS misses
   mGETXIM: 720 # GETX I->M misses
   mGETXSM: 0 # GETX S->M misses (upgrade misses)
   PUTS: 2976 # Clean evictions (from lower level)
   PUTX: 720 # Dirty evictions (from lower level)
   INV: 0 # Invalidates (from upper level)
   INVX: 0 # Downgrades (from upper level)
   FWD: 0 # Forwards (from upper level)
   latGETnl: 114576 # GET request latency on next level
   latGETnet: 0 # GET request latency on network to next level
  gbuf-0b6: # Cache stats
   hGETS: 0 # GETS hits
   hGETX: 0 # GETX hits
   mGETS: 2983 # GETS misses
   mGETXIM: 736 # GETX I->M misses
   mGETXSM: 0 # GETX S->M misses (upgrade misses)
   PUTS: 2983 # Clean evictions (from lower level)
   PUTX: 734 # Dirty evictions (from lower level)
   INV: 0 # Invalidates (from upper level)
   INVX: 0 # Downgrades (from upper level)
   FWD: 0 # Forwards (from upper level)
   latGETnl: 115289 # GET request latency on next level
   latGETnet: 0 # GET request latency on network to next level
  gbuf-0b7: # Cache stats
   hGETS: 0 # GETS hits
   hGETX: 0 # GETX hits
   mGETS: 2969 # GETS misses
   mGETXIM: 736 # GETX I->M misses
   mGETXSM: 0 # GETX S->M misses (upgrade misses)
   PUTS: 2969 # Clean evictions (from lower level)
   PUTX: 736 # Dirty evictions (from lower level)
   INV: 0 # Invalidates (from upper level)
   INVX: 0 # Downgrades (from upper level)
   FWD: 0 # Forwards (from upper level)
   latGETnl: 114855 # GET request latency on next level
   latGETnet: 0 # GET request latency on network to next level
  gbuf-1b0: # Cache stats
   hGETS: 0 # GETS hits
   hGETX: 0 # GETX hits
   mGETS: 2928 # GETS misses
   mGETXIM: 768 # GETX I->M misses
   mGETXSM: 0 # GETX S->M misses (upgrade misses)
   PUTS: 2928 # Clean evictions (from lower level)
   PUTX: 768 # Dirty evictions (from lower level)
   INV: 0 # Invalidates (from upper level)
   INVX: 0 # Downgrades (from upper level)
   FWD: 0 # Forwards (from upper level)
   latGETnl: 114576 # GET request latency on next level
   latGETnet: 0 # GET request latency on network to next level
  gbuf-1b1: # Cache stats
   hGETS: 0 # GETS hits
   hGETX: 0 # GETX hits
   mGETS: 2928 # GETS misses
   mGETXIM: 720 # GETX I->M misses
   mGETXSM: 0 # GETX S->M misses (upgrade misses)
   PUTS: 2927 # Clean evictions (from lower level)
   PUTX: 720 # Dirty evictions (from lower level)
   INV: 0 # Invalidates (from upper level)
   INVX: 0 # Downgrades (from upper level)
   FWD: 0 # Forwards (from upper level)
   latGETnl: 113088 # GET request latency on next level
   latGETnet: 0 # GET request latency on network to next level
  gbuf-1b2: # Cache stats
   hGETS: 0 # GETS hits
   hGETX: 0 # GETX hits
   mGETS: 2934 # GETS misses
   mGETXIM: 736 # GETX I->M misses
   mGETXSM: 0 # GETX S->M misses (upgrade misses)
   PUTS: 2934 # Clean evictions (from lower level)
   PUTX: 734 # Dirty evictions (from lower level)
   INV: 0 # Invalidates (from upper level)
   INVX: 0 # Downgrades (from upper level)
   FWD: 0 # Forwards (from upper level)
   latGETnl: 113770 # GET request latency on next level
   latGETnet: 0 # GET request latency on network to next level
  gbuf-1b3: # Cache stats
   hGETS: 0 # GETS hits
   hGETX: 0 # GETX hits
   mGETS: 2922 # GETS misses
   mGETXIM: 736 # GETX I->M misses
   mGETXSM: 0 # GETX S->M misses (upgrade misses)
   PUTS: 2922 # Clean evictions (from lower level)
   PUTX: 736 # Dirty evictions (from lower level)
   INV: 0 # Invalidates (from upper level)
   INVX: 0 # Downgrades (from upper level)
   FWD: 0 # Forwards (from upper level)
   latGETnl: 113398 # GET request latency on next level
   latGETnet: 0 # GET request latency on network to next level
  gbuf-1b4: # Cache stats
   hGETS: 0 # GETS hits
   hGETX: 0 # GETX hits
   mGETS: 2928 # GETS misses
   mGETXIM: 720 # GETX I->M misses
   mGETXSM: 0 # GETX S->M misses (upgrade misses)
   PUTS: 2928 # Clean evictions (from lower level)
   PUTX: 720 # Dirty evictions (from lower level)
   INV: 0 # Invalidates (from upper level)
   INVX: 0 # Downgrades (from upper level)
   FWD: 0 # Forwards (from upper level)
   latGETnl: 113088 # GET request latency on next level
   latGETnet: 0 # GET request latency on network to next level
  gbuf-1b5: # Cache stats
   hGETS: 0 # GETS hits
   hGETX: 0 # GETX hits
   mGETS: 2928 # GETS misses
   mGETXIM: 768 # GETX I->M misses
   mGETXSM: 0 # GETX S->M misses (upgrade misses)
   PUTS: 2928 # Clean evictions (from lower level)
   PUTX: 768 # Dirty evictions (from lower level)
   INV: 0 # Invalidates (from upper level)
   INVX: 0 # Downgrades (from upper level)
   FWD: 0 # Forwards (from upper level)
   latGETnl: 114576 # GET request latency on next level
   latGETnet: 0 # GET request latency on network to next level
  gbuf-1b6: # Cache stats
   hGETS: 0 # GETS hits
   hGETX: 0 # GETX hits
   mGETS: 2922 # GETS misses
   mGETXIM: 752 # GETX I->M misses
   mGETXSM: 0 # GETX S->M misses (upgrade misses)
   PUTS: 2922 # Clean evictions (from lower level)
   PUTX: 752 # Dirty evictions (from lower level)
   INV: 0 # Invalidates (from upper level)
   INVX: 0 # Downgrades (from upper level)
   FWD: 0 # Forwards (from upper level)
   latGETnl: 113894 # GET request latency on next level
   latGETnet: 0 # GET request latency on network to next level
  gbuf-1b7: # Cache stats
   hGETS: 0 # GETS hits
   hGETX: 0 # GETX hits
   mGETS: 2934 # GETS misses
   mGETXIM: 752 # GETX I->M misses
   mGETXSM: 0 # GETX S->M misses (upgrade misses)
   PUTS: 2934 # Clean evictions (from lower level)
   PUTX: 752 # Dirty evictions (from lower level)
   INV: 0 # Invalidates (from upper level)
   INVX: 0 # Downgrades (from upper level)
   FWD: 0 # Forwards (from upper level)
   latGETnl: 114266 # GET request latency on next level
   latGETnet: 0 # GET request latency on network to next level
  gbuf-2b0: # Cache stats
   hGETS: 0 # GETS hits
   hGETX: 0 # GETX hits
   mGETS: 3507 # GETS misses
   mGETXIM: 832 # GETX I->M misses
   mGETXSM: 0 # GETX S->M misses (upgrade misses)
   PUTS: 3506 # Clean evictions (from lower level)
   PUTX: 832 # Dirty evictions (from lower level)
   INV: 0 # Invalidates (from upper level)
   INVX: 0 # Downgrades (from upper level)
   FWD: 0 # Forwards (from upper level)
   latGETnl: 134509 # GET request latency on next level
   latGETnet: 0 # GET request latency on network to next level
  gbuf-2b1: # Cache stats
   hGETS: 0 # GETS hits
   hGETX: 0 # GETX hits
   mGETS: 3517 # GETS misses
   mGETXIM: 864 # GETX I->M misses
   mGETXSM: 0 # GETX S->M misses (upgrade misses)
   PUTS: 3517 # Clean evictions (from lower level)
   PUTX: 864 # Dirty evictions (from lower level)
   INV: 0 # Invalidates (from upper level)
   INVX: 0 # Downgrades (from upper level)
   FWD: 0 # Forwards (from upper level)
   latGETnl: 135811 # GET request latency on next level
   latGETnet: 0 # GET request latency on network to next level
  gbuf-2b2: # Cache stats
   hGETS: 0 # GETS hits
   hGETX: 0 # GETX hits
   mGETS: 3518 # GETS misses
   mGETXIM: 832 # GETX I->M misses
   mGETXSM: 0 # GETX S->M misses (upgrade misses)
   PUTS: 3518 # Clean evictions (from lower level)
   PUTX: 832 # Dirty evictions (from lower level)
   INV: 0 # Invalidates (from upper level)
   INVX: 0 # Downgrades (from upper level)
   FWD: 0 # Forwards (from upper level)
   latGETnl: 134850 # GET request latency on next level
   latGETnet: 0 # GET request latency on network to next level
  gbuf-2b3: # Cache stats
   hGETS: 0 # GETS hits
   hGETX: 0 # GETX hits
   mGETS: 3538 # GETS misses
   mGETXIM: 816 # GETX I->M misses
   mGETXSM: 0 # GETX S->M misses (upgrade misses)
   PUTS: 3538 # Clean evictions (from lower level)
   PUTX: 814 # Dirty evictions (from lower level)
   INV: 0 # Invalidates (from upper level)
   INVX: 0 # Downgrades (from upper level)
   FWD: 0 # Forwards (from upper level)
   latGETnl: 134974 # GET request latency on next level
   latGETnet: 0 # GET request latency on network to next level
  gbuf-2b4: # Cache stats
   hGETS: 0 # GETS hits
   hGETX: 0 # GETX hits
   mGETS: 3567 # GETS misses
   mGETXIM: 864 # GETX I->M misses
   mGETXSM: 0 # GETX S->M misses (upgrade misses)
   PUTS: 3567 # Clean evictions (from lower level)
   PUTX: 864 # Dirty evictions (from lower level)
   INV: 0 # Invalidates (from upper level)
   INVX: 0 # Downgrades (from upper level)
   FWD: 0 # Forwards (from upper level)
   latGETnl: 137361 # GET request latency on next level
   latGETnet: 0 # GET request latency on network to next level
  gbuf-2b5: # Cache stats
   hGETS: 0 # GETS hits
   hGETX: 0 # GETX hits
   mGETS: 3569 # GETS misses
   mGETXIM: 832 # GETX I->M misses
   mGETXSM: 0 # GETX S->M misses (upgrade misses)
   PUTS: 3569 # Clean evictions (from lower level)
   PUTX: 832 # Dirty evictions (from lower level)
   INV: 0 # Invalidates (from upper level)
   INVX: 0 # Downgrades (from upper level)
   FWD: 0 # Forwards (from upper level)
   latGETnl: 136431 # GET request latency on next level
   latGETnet: 0 # GET request latency on network to next level
  gbuf-2b6: # Cache stats
   hGETS: 0 # GETS hits
   hGETX: 0 # GETX hits
   mGETS: 3539 # GETS misses
   mGETXIM: 864 # GETX I->M misses
   mGETXSM: 0 # GETX S->M misses (upgrade misses)
   PUTS: 3539 # Clean evictions (from lower level)
   PUTX: 864 # Dirty evictions (from lower level)
   INV: 0 # Invalidates (from upper level)
   INVX: 0 # Downgrades (from upper level)
   FWD: 0 # Forwards (from upper level)
   latGETnl: 136493 # GET request latency on next level
   latGETnet: 0 # GET request latency on network to next level
  gbuf-2b7: # Cache stats
   hGETS: 0 # GETS hits
   hGETX: 0 # GETX hits
   mGETS: 3517 # GETS misses
   mGETXIM: 880 # GETX I->M misses
   mGETXSM: 0 # GETX S->M misses (upgrade misses)
   PUTS: 3517 # Clean evictions (from lower level)
   PUTX: 880 # Dirty evictions (from lower level)
   INV: 0 # Invalidates (from upper level)
   INVX: 0 # Downgrades (from upper level)
   FWD: 0 # Forwards (from upper level)
   latGETnl: 136307 # GET request latency on next level
   latGETnet: 0 # GET request latency on network to next level
  gbuf-3b0: # Cache stats
   hGETS: 0 # GETS hits
   hGETX: 0 # GETX hits
   mGETS: 3520 # GETS misses
   mGETXIM: 864 # GETX I->M misses
   mGETXSM: 0 # GETX S->M misses (upgrade misses)
   PUTS: 3520 # Clean evictions (from lower level)
   PUTX: 864 # Dirty evictions (from lower level)
   INV: 0 # Invalidates (from upper level)
   INVX: 0 # Downgrades (from upper level)
   FWD: 0 # Forwards (from upper level)
   latGETnl: 135904 # GET request latency on next level
   latGETnet: 0 # GET request latency on network to next level
  gbuf-3b1: # Cache stats
   hGETS: 0 # GETS hits
   hGETX: 0 # GETX hits
   mGETS: 3520 # GETS misses
   mGETXIM: 832 # GETX I->M misses
   mGETXSM: 0 # GETX S->M misses (upgrade misses)
   PUTS: 3520 # Clean evictions (from lower level)
   PUTX: 832 # Dirty evictions (from lower level)
   INV: 0 # Invalidates (from upper level)
   INVX: 0 # Downgrades (from upper level)
   FWD: 0 # Forwards (from upper level)
   latGETnl: 134912 # GET request latency on next level
   latGETnet: 0 # GET request latency on network to next level
  gbuf-3b2: # Cache stats
   hGETS: 0 # GETS hits
   hGETX: 0 # GETX hits
   mGETS: 3489 # GETS misses
   mGETXIM: 864 # GETX I->M misses
   mGETXSM: 0 # GETX S->M misses (upgrade misses)
   PUTS: 3489 # Clean evictions (from lower level)
   PUTX: 864 # Dirty evictions (from lower level)
   INV: 0 # Invalidates (from upper level)
   INVX: 0 # Downgrades (from upper level)
   FWD: 0 # Forwards (from upper level)
   latGETnl: 134943 # GET request latency on next level
   latGETnet: 0 # GET request latency on network to next level
  gbuf-3b3: # Cache stats
   hGETS: 0 # GETS hits
   hGETX: 0 # GETX hits
   mGETS: 3471 # GETS misses
   mGETXIM: 880 # GETX I->M misses
   mGETXSM: 0 # GETX S->M misses (upgrade misses)
   PUTS: 3471 # Clean evictions (from lower level)
   PUTX: 880 # Dirty evictions (from lower level)
   INV: 0 # Invalidates (from upper level)
   INVX: 0 # Downgrades (from upper level)
   FWD: 0 # Forwards (from upper level)
   latGETnl: 134881 # GET request latency on next level
   latGETnet: 0 # GET request latency on network to next level
  gbuf-3b4: # Cache stats
   hGETS: 0 # GETS hits
   hGETX: 0 # GETX hits
   mGETS: 3440 # GETS misses
   mGETXIM: 832 # GETX I->M misses
   mGETXSM: 0 # GETX S->M misses (upgrade misses)
   PUTS: 3440 # Clean evictions (from lower level)
   PUTX: 832 # Dirty evictions (from lower level)
   INV: 0 # Invalidates (from upper level)
   INVX: 0 # Downgrades (from upper level)
   FWD: 0 # Forwards (from upper level)
   latGETnl: 132432 # GET request latency on next level
   latGETnet: 0 # GET request latency on network to next level
  gbuf-3b5: # Cache stats
   hGETS: 0 # GETS hits
   hGETX: 0 # GETX hits
   mGETS: 3440 # GETS misses
   mGETXIM: 864 # GETX I->M misses
   mGETXSM: 0 # GETX S->M misses (upgrade misses)
   PUTS: 3440 # Clean evictions (from lower level)
   PUTX: 864 # Dirty evictions (from lower level)
   INV: 0 # Invalidates (from upper level)
   INVX: 0 # Downgrades (from upper level)
   FWD: 0 # Forwards (from upper level)
   latGETnl: 133424 # GET request latency on next level
   latGETnet: 0 # GET request latency on network to next level
  gbuf-3b6: # Cache stats
   hGETS: 0 # GETS hits
   hGETX: 0 # GETX hits
   mGETS: 3471 # GETS misses
   mGETXIM: 832 # GETX I->M misses
   mGETXSM: 0 # GETX S->M misses (upgrade misses)
   PUTS: 3470 # Clean evictions (from lower level)
   PUTX: 832 # Dirty evictions (from lower level)
   INV: 0 # Invalidates (from upper level)
   INVX: 0 # Downgrades (from upper level)
   FWD: 0 # Forwards (from upper level)
   latGETnl: 133393 # GET request latency on next level
   latGETnet: 0 # GET request latency on network to next level
  gbuf-3b7: # Cache stats
   hGETS: 0 # GETS hits
   hGETX: 0 # GETX hits
   mGETS: 3489 # GETS misses
   mGETXIM: 816 # GETX I->M misses
   mGETXSM: 0 # GETX S->M misses (upgrade misses)
   PUTS: 3489 # Clean evictions (from lower level)
   PUTX: 814 # Dirty evictions (from lower level)
   INV: 0 # Invalidates (from upper level)
   INVX: 0 # Downgrades (from upper level)
   FWD: 0 # Forwards (from upper level)
   latGETnl: 133455 # GET request latency on next level
   latGETnet: 0 # GET request latency on network to next level
 mem: # Memory controller stats
  mem-0: # Memory channel stats
   rd: 29728 # Read requests
   wr: 2976 # Write requests
   rdlat: 1746238771 # Total latency experienced by read requests
   wrlat: 153533196 # Total latency experienced by write requests
   rdmlh: # Latency histogram for read requests
    0: 0
    1: 0
    2: 0
    3: 0
    4: 0
    5: 3
    6: 5
    7: 7
    8: 5
    9: 5
    10: 2
    11: 0
    12: 3
    13: 6
    14: 5
    15: 6
    16: 4
    17: 0
    18: 0
    19: 8
    20: 8
    21: 3
    22: 3
    23: 2
    24: 1
    25: 11
    26: 2
    27: 6
    28: 2
    29: 3
    30: 2
    31: 8
    32: 5
    33: 4
    34: 6
    35: 2
    36: 4
    37: 5
    38: 5
    39: 4
    40: 4
    41: 8
    42: 3
    43: 1
    44: 7
    45: 4
    46: 2
    47: 6
    48: 3
    49: 3
    50: 5
    51: 10
    52: 1
    53: 6
    54: 3
    55: 5
    56: 1
    57: 7
    58: 4
    59: 7
    60: 5
    61: 2
    62: 0
    63: 6
    64: 5
    65: 5
    66: 3
    67: 6
    68: 1
    69: 3
    70: 5
    71: 5
    72: 3
    73: 5
    74: 3
    75: 1
    76: 4
    77: 8
    78: 4
    79: 4
    80: 6
    81: 3
    82: 1
    83: 8
    84: 2
    85: 5
    86: 4
    87: 6
    88: 1
    89: 5
    90: 7
    91: 2
    92: 2
    93: 6
    94: 3
    95: 5
    96: 2
    97: 7
    98: 3
    99: 29337
   wrmlh: # Latency histogram for write requests
    0: 0
    1: 0
    2: 0
    3: 0
    4: 0
    5: 0
    6: 0
    7: 0
    8: 2
    9: 2
    10: 2
    11: 2
    12: 2
    13: 2
    14: 0
    15: 2
    16: 1
    17: 2
    18: 2
    19: 2
    20: 1
    21: 2
    22: 1
    23: 2
    24: 1
    25: 2
    26: 0
    27: 5
    28: 1
    29: 0
    30: 3
    31: 1
    32: 1
    33: 3
    34: 6
    35: 3
    36: 4
    37: 6
    38: 5
    39: 10
    40: 11
    41: 8
    42: 7
    43: 17
    44: 13
    45: 7
    46: 5
    47: 8
    48: 2
    49: 3
    50: 5
    51: 8
    52: 4
    53: 3
    54: 4
    55: 4
    56: 3
    57: 2
    58: 2
    59: 9
    60: 3
    61: 1
    62: 3
    63: 4
    64: 0
    65: 2
    66: 1
    67: 4
    68: 1
    69: 3
    70: 1
    71: 1
    72: 1
    73: 2
    74: 3
    75: 3
    76: 2
    77: 0
    78: 0
    79: 2
    80: 1
    81: 0
    82: 1
    83: 0
    84: 0
    85: 1
    86: 0
    87: 0
    88: 0
    89: 0
    90: 0
    91: 0
    92: 0
    93: 0
    94: 0
    95: 0
    96: 0
    97: 0
    98: 0
    99: 2733
   ACT: 32704 # Activate commands
   PRE: 33184 # Precharge commands
   RD: 29728 # Read commands
   WR: 2976 # Write commands
   REF: 180 # Refresh commands
   eACTPRE: 9909312 # Activate/precharge energy
   eRDWR: 44183200 # Read/write energy
   eREF: 598860 # Refresh energy
   eBKGD: 13398188 # Background energy
   eWIRE: 5003712 # Channel wire energy
  mem-1: # Memory channel stats
   rd: 29376 # Read requests
   wr: 2976 # Write requests
   rdlat: 1720673195 # Total latency experienced by read requests
   wrlat: 154933556 # Total latency experienced by write requests
   rdmlh: # Latency histogram for read requests
    0: 0
    1: 0
    2: 0
    3: 0
    4: 0
    5: 3
    6: 5
    7: 7
    8: 6
    9: 8
    10: 0
    11: 0
    12: 3
    13: 5
    14: 6
    15: 8
    16: 4
    17: 1
    18: 0
    19: 7
    20: 4
    21: 8
    22: 6
    23: 3
    24: 0
    25: 4
    26: 3
    27: 7
    28: 5
    29: 7
    30: 2
    31: 2
    32: 8
    33: 4
    34: 2
    35: 6
    36: 4
    37: 6
    38: 4
    39: 4
    40: 4
    41: 2
    42: 4
    43: 5
    44: 6
    45: 2
    46: 4
    47: 4
    48: 6
    49: 2
    50: 0
    51: 9
    52: 3
    53: 5
    54: 5
    55: 2
    56: 2
    57: 6
    58: 7
    59: 2
    60: 2
    61: 7
    62: 4
    63: 4
    64: 4
    65: 5
    66: 1
    67: 7
    68: 3
    69: 7
    70: 2
    71: 5
    72: 0
    73: 6
    74: 3
    75: 7
    76: 3
    77: 5
    78: 2
    79: 4
    80: 4
    81: 4
    82: 1
    83: 7
    84: 5
    85: 4
    86: 0
    87: 7
    88: 4
    89: 6
    90: 5
    91: 4
    92: 2
    93: 4
    94: 5
    95: 4
    96: 1
    97: 7
    98: 5
    99: 28984
   wrmlh: # Latency histogram for write requests
    0: 0
    1: 0
    2: 0
    3: 0
    4: 0
    5: 0
    6: 0
    7: 0
    8: 2
    9: 2
    10: 1
    11: 3
    12: 1
    13: 3
    14: 1
    15: 2
    16: 2
    17: 1
    18: 1
    19: 0
    20: 3
    21: 1
    22: 1
    23: 3
    24: 0
    25: 2
    26: 1
    27: 3
    28: 1
    29: 4
    30: 2
    31: 6
    32: 4
    33: 3
    34: 3
    35: 12
    36: 4
    37: 5
    38: 2
    39: 10
    40: 2
    41: 3
    42: 13
    43: 11
    44: 6
    45: 8
    46: 12
    47: 5
    48: 9
    49: 4
    50: 5
    51: 8
    52: 6
    53: 5
    54: 2
    55: 9
    56: 2
    57: 4
    58: 3
    59: 5
    60: 2
    61: 2
    62: 1
    63: 6
    64: 3
    65: 2
    66: 2
    67: 1
    68: 1
    69: 0
    70: 1
    71: 3
    72: 0
    73: 0
    74: 0
    75: 2
    76: 0
    77: 1
    78: 0
    79: 0
    80: 0
    81: 0
    82: 0
    83: 1
    84: 0
    85: 0
    86: 0
    87: 0
    88: 0
    89: 0
    90: 1
    91: 0
    92: 0
    93: 0
    94: 0
    95: 1
    96: 0
    97: 0
    98: 1
    99: 2734
   ACT: 32352 # Activate commands
   PRE: 32825 # Precharge commands
   RD: 29376 # Read commands
   WR: 2976 # Write commands
   REF: 180 # Refresh commands
   eACTPRE: 9802656 # Activate/precharge energy
   eRDWR: 43708704 # Read/write energy
   eREF: 598860 # Refresh energy
   eBKGD: 13393292 # Background energy
   eWIRE: 4949856 # Channel wire energy
  mem-2: # Memory channel stats
   rd: 35056 # Read requests
   wr: 3392 # Write requests
   rdlat: 2420500808 # Total latency experienced by read requests
   wrlat: 187145852 # Total latency experienced by write requests
   rdmlh: # Latency histogram for read requests
    0: 0
    1: 0
    2: 0
    3: 0
    4: 0
    5: 3
    6: 6
    7: 6
    8: 6
    9: 6
    10: 0
    11: 0
    12: 3
    13: 6
    14: 6
    15: 6
    16: 3
    17: 0
    18: 0
    19: 6
    20: 4
    21: 9
    22: 5
    23: 0
    24: 0
    25: 5
    26: 4
    27: 10
    28: 3
    29: 4
    30: 5
    31: 2
    32: 2
    33: 6
    34: 6
    35: 6
    36: 2
    37: 2
    38: 1
    39: 7
    40: 4
    41: 6
    42: 5
    43: 4
    44: 3
    45: 5
    46: 3
    47: 6
    48: 4
    49: 6
    50: 2
    51: 6
    52: 4
    53: 4
    54: 1
    55: 4
    56: 3
    57: 3
    58: 6
    59: 6
    60: 2
    61: 3
    62: 3
    63: 5
    64: 5
    65: 4
    66: 3
    67: 5
    68: 5
    69: 5
    70: 1
    71: 4
    72: 4
    73: 9
    74: 3
    75: 4
    76: 4
    77: 5
    78: 1
    79: 3
    80: 4
    81: 6
    82: 4
    83: 7
    84: 2
    85: 1
    86: 2
    87: 7
    88: 5
    89: 5
    90: 5
    91: 2
    92: 2
    93: 6
    94: 4
    95: 4
    96: 5
    97: 6
    98: 2
    99: 34674
   wrmlh: # Latency histogram for write requests
    0: 0
    1: 0
    2: 0
    3: 0
    4: 0
    5: 0
    6: 0
    7: 0
    8: 0
    9: 5
    10: 2
    11: 3
    12: 2
    13: 0
    14: 0
    15: 1
    16: 1
    17: 0
    18: 2
    19: 4
    20: 1
    21: 3
    22: 0
    23: 1
    24: 1
    25: 3
    26: 2
    27: 1
    28: 2
    29: 5
    30: 2
    31: 3
    32: 4
    33: 2
    34: 9
    35: 7
    36: 8
    37: 4
    38: 3
    39: 23
    40: 9
    41: 10
    42: 7
    43: 20
    44: 6
    45: 10
    46: 8
    47: 6
    48: 13
    49: 4
    50: 1
    51: 9
    52: 3
    53: 6
    54: 8
    55: 6
    56: 4
    57: 3
    58: 3
    59: 5
    60: 2
    61: 4
    62: 1
    63: 10
    64: 1
    65: 2
    66: 2
    67: 5
    68: 2
    69: 1
    70: 1
    71: 1
    72: 1
    73: 0
    74: 2
    75: 1
    76: 4
    77: 0
    78: 1
    79: 1
    80: 1
    81: 0
    82: 0
    83: 0
    84: 2
    85: 0
    86: 0
    87: 0
    88: 1
    89: 0
    90: 0
    91: 1
    92: 0
    93: 1
    94: 0
    95: 0
    96: 0
    97: 1
    98: 0
    99: 3098
   ACT: 38448 # Activate commands
   PRE: 38979 # Precharge commands
   RD: 35056 # Read commands
   WR: 3392 # Write commands
   REF: 180 # Refresh commands
   eACTPRE: 11649744 # Activate/precharge energy
   eRDWR: 51939840 # Read/write energy
   eREF: 598860 # Refresh energy
   eBKGD: 13526226 # Background energy
   eWIRE: 5882544 # Channel wire energy
  mem-3: # Memory channel stats
   rd: 34624 # Read requests
   wr: 3392 # Write requests
   rdlat: 2366240752 # Total latency experienced by read requests
   wrlat: 184563228 # Total latency experienced by write requests
   rdmlh: # Latency histogram for read requests
    0: 0
    1: 0
    2: 0
    3: 0
    4: 0
    5: 5
    6: 7
    7: 3
    8: 3
    9: 3
    10: 2
    11: 0
    12: 10
    13: 4
    14: 2
    15: 3
    16: 1
    17: 0
    18: 3
    19: 7
    20: 4
    21: 6
    22: 2
    23: 3
    24: 2
    25: 4
    26: 3
    27: 7
    28: 7
    29: 4
    30: 2
    31: 3
    32: 3
    33: 3
    34: 5
    35: 8
    36: 3
    37: 4
    38: 2
    39: 3
    40: 3
    41: 6
    42: 4
    43: 3
    44: 3
    45: 3
    46: 5
    47: 4
    48: 6
    49: 3
    50: 4
    51: 3
    52: 5
    53: 4
    54: 6
    55: 2
    56: 4
    57: 4
    58: 5
    59: 4
    60: 3
    61: 6
    62: 3
    63: 2
    64: 5
    65: 7
    66: 4
    67: 5
    68: 4
    69: 2
    70: 3
    71: 9
    72: 4
    73: 3
    74: 5
    75: 3
    76: 2
    77: 4
    78: 6
    79: 4
    80: 3
    81: 5
    82: 3
    83: 2
    84: 4
    85: 6
    86: 2
    87: 6
    88: 3
    89: 5
    90: 5
    91: 4
    92: 5
    93: 3
    94: 3
    95: 5
    96: 2
    97: 6
    98: 5
    99: 34251
   wrmlh: # Latency histogram for write requests
    0: 0
    1: 0
    2: 0
    3: 0
    4: 0
    5: 0
    6: 0
    7: 0
    8: 1
    9: 4
    10: 1
    11: 2
    12: 3
    13: 1
    14: 0
    15: 1
    16: 2
    17: 0
    18: 2
    19: 3
    20: 1
    21: 2
    22: 2
    23: 1
    24: 0
    25: 5
    26: 0
    27: 1
    28: 1
    29: 0
    30: 3
    31: 2
    32: 0
    33: 3
    34: 2
    35: 6
    36: 0
    37: 3
    38: 8
    39: 15
    40: 12
    41: 7
    42: 14
    43: 22
    44: 17
    45: 12
    46: 11
    47: 19
    48: 4
    49: 11
    50: 8
    51: 10
    52: 5
    53: 4
    54: 9
    55: 8
    56: 2
    57: 2
    58: 4
    59: 5
    60: 0
    61: 2
    62: 1
    63: 2
    64: 3
    65: 0
    66: 3
    67: 0
    68: 3
    69: 2
    70: 0
    71: 2
    72: 1
    73: 2
    74: 3
    75: 1
    76: 0
    77: 1
    78: 0
    79: 3
    80: 1
    81: 1
    82: 0
    83: 3
    84: 0
    85: 0
    86: 1
    87: 1
    88: 0
    89: 1
    90: 0
    91: 1
    92: 1
    93: 0
    94: 0
    95: 0
    96: 0
    97: 0
    98: 0
    99: 3092
   ACT: 38016 # Activate commands
   PRE: 38549 # Precharge commands
   RD: 34624 # Read commands
   WR: 3392 # Write commands
   REF: 180 # Refresh commands
   eACTPRE: 11518848 # Activate/precharge energy
   eRDWR: 51357504 # Read/write energy
   eREF: 598860 # Refresh energy
   eBKGD: 13486808 # Background energy
   eWIRE: 5816448 # Channel wire energy
 itcn: # Interconnect stats
  itcn-r0: # Router stats
   trans: 0 # Transfers
   size: 0 # Total transferred data
  itcn-r1: # Router stats
   trans: 0 # Transfers
   size: 0 # Total transferred data
  itcn-r2: # Router stats
   trans: 0 # Transfers
   size: 0 # Total transferred data
  itcn-r3: # Router stats
   trans: 0 # Transfers
   size: 0 # Total transferred data
 sched: # Scheduler stats
  thCr: 0 # Threads created
  thFn: 0 # Threads finished
  schedEvs: 0 # Schedule events
  waitEvs: 0 # Wait events
  handoffEvs: 0 # Handoff events
  sleepEvs: 0 # Sleep events
  idlePhases: 0 # Phases with no thread active
  idlePeriods: 0 # Periods with no thread active
  occHist: # Occupancy histogram
   0: 35
   1: 0
   2: 0
   3: 0
   4: 0
  rqSzHist: # Run queue size histogram
   0: 35
   1: 0
   2: 0
   3: 0
   4: 0
   5: 0
   6: 0
   7: 0
   8: 0
   9: 0
   10: 0
   11: 0
   12: 0
   13: 0
   14: 0
   15: 0
   16: 0
 procCycles: # Per-process unhalted core cycles
  0: 0
  1: 0
  2: 0
  3: 0
  4: 0
  5: 0
  6: 0
  7: 0
  8: 0
  9: 0
  10: 0
  11: 0
  12: 0
  13: 0
  14: 0
  15: 0
  16: 0
  17: 0
  18: 0
  19: 0
  20: 0
  21: 0
  22: 0
  23: 0
  24: 0
  25: 0
  26: 0
  27: 0
  28: 0
  29: 0
  30: 0
  31: 0
 procInstrs: # Per-process instructions
  0: 0
  1: 0
  2: 0
  3: 0
  4: 0
  5: 0
  6: 0
  7: 0
  8: 0
  9: 0
  10: 0
  11: 0
  12: 0
  13: 0
  14: 0
  15: 0
  16: 0
  17: 0
  18: 0
  19: 0
  20: 0
  21: 0
  22: 0
  23: 0
  24: 0
  25: 0
  26: 0
  27: 0
  28: 0
  29: 0
  30: 0
  31: 0
 heartbeats: # Per-process heartbeats
  0: 0
  1: 0
  2: 0
  3: 0
  4: 0
  5: 0
  6: 0
  7: 0
  8: 0
  9: 0
  10: 0
  11: 0
  12: 0
  13: 0
  14: 0
  15: 0
  16: 0
  17: 0
  18: 0
  19: 0
  20: 0
  21: 0
  22: 0
  23: 0
  24: 0
  25: 0
  26: 0
  27: 0
  28: 0
  29: 0
  30: 0
  31: 0
===
