# zsim stats
===
root: # Stats
 contention: # Contention simulation stats
  domain-0: # Domain stats
   time: 3009208821 # Weave simulation time
 time: # Simulator time breakdown
  init: 629098848
  bound: 11602787445
  weave: 3114758087
  ff: 1219287479
 trigger: 20000 # Reason for this stats dump
 phase: 1044 # Simulated phases
 l: # Logic unit stats
  l-0: # Logic unit stats
   cycles: 10437073 # Simulated unhalted cycles
   cCycles: 1239988 # Cycles due to contention stalls
   ops: 18016 # Simulated operations
   compOps: 96 # Simulated compute operations
  l-1: # Logic unit stats
   cycles: 10439623 # Simulated unhalted cycles
   cCycles: 1239591 # Cycles due to contention stalls
   ops: 18784 # Simulated operations
   compOps: 96 # Simulated compute operations
  l-2: # Logic unit stats
   cycles: 10343869 # Simulated unhalted cycles
   cCycles: 1143817 # Cycles due to contention stalls
   ops: 18784 # Simulated operations
   compOps: 96 # Simulated compute operations
  l-3: # Logic unit stats
   cycles: 10342879 # Simulated unhalted cycles
   cCycles: 1145774 # Cycles due to contention stalls
   ops: 18016 # Simulated operations
   compOps: 96 # Simulated compute operations
 c: # Core stats
  c-0: # Core stats
   cycles: 0 # Simulated cycles
   instrs: 0 # Simulated instructions
 rdbuf: # Cache stats
  rdbuf-0: # Filter cache stats
   fhGETS: 720 # Filtered GETS hits
   fhGETX: 0 # Filtered GETX hits
   hGETS: 0 # GETS hits
   hGETX: 0 # GETX hits
   mGETS: 44400 # GETS misses
   mGETXIM: 0 # GETX I->M misses
   mGETXSM: 0 # GETX S->M misses (upgrade misses)
   PUTS: 0 # Clean evictions (from lower level)
   PUTX: 0 # Dirty evictions (from lower level)
   INV: 1 # Invalidates (from upper level)
   INVX: 508 # Downgrades (from upper level)
   FWD: 0 # Forwards (from upper level)
   latGETnl: 637523 # GET request latency on next level
   latGETnet: 0 # GET request latency on network to next level
  rdbuf-1: # Filter cache stats
   fhGETS: 720 # Filtered GETS hits
   fhGETX: 0 # Filtered GETX hits
   hGETS: 0 # GETS hits
   hGETX: 0 # GETX hits
   mGETS: 46416 # GETS misses
   mGETXIM: 0 # GETX I->M misses
   mGETXSM: 0 # GETX S->M misses (upgrade misses)
   PUTS: 0 # Clean evictions (from lower level)
   PUTX: 0 # Dirty evictions (from lower level)
   INV: 1 # Invalidates (from upper level)
   INVX: 408 # Downgrades (from upper level)
   FWD: 0 # Forwards (from upper level)
   latGETnl: 320797 # GET request latency on next level
   latGETnet: 0 # GET request latency on network to next level
  rdbuf-2: # Filter cache stats
   fhGETS: 1438 # Filtered GETS hits
   fhGETX: 0 # Filtered GETX hits
   hGETS: 2 # GETS hits
   hGETX: 0 # GETX hits
   mGETS: 45696 # GETS misses
   mGETXIM: 0 # GETX I->M misses
   mGETXSM: 0 # GETX S->M misses (upgrade misses)
   PUTS: 0 # Clean evictions (from lower level)
   PUTX: 0 # Dirty evictions (from lower level)
   INV: 1 # Invalidates (from upper level)
   INVX: 673 # Downgrades (from upper level)
   FWD: 0 # Forwards (from upper level)
   latGETnl: 323983 # GET request latency on next level
   latGETnet: 0 # GET request latency on network to next level
  rdbuf-3: # Filter cache stats
   fhGETS: 720 # Filtered GETS hits
   fhGETX: 0 # Filtered GETX hits
   hGETS: 0 # GETS hits
   hGETX: 0 # GETX hits
   mGETS: 40512 # GETS misses
   mGETXIM: 0 # GETX I->M misses
   mGETXSM: 0 # GETX S->M misses (upgrade misses)
   PUTS: 0 # Clean evictions (from lower level)
   PUTX: 0 # Dirty evictions (from lower level)
   INV: 1 # Invalidates (from upper level)
   INVX: 716 # Downgrades (from upper level)
   FWD: 0 # Forwards (from upper level)
   latGETnl: 625017 # GET request latency on next level
   latGETnet: 0 # GET request latency on network to next level
 wrbuf: # Cache stats
  wrbuf-0: # Filter cache stats
   fhGETS: 0 # Filtered GETS hits
   fhGETX: 1920 # Filtered GETX hits
   hGETS: 0 # GETS hits
   hGETX: 0 # GETX hits
   mGETS: 0 # GETS misses
   mGETXIM: 22656 # GETX I->M misses
   mGETXSM: 0 # GETX S->M misses (upgrade misses)
   PUTS: 0 # Clean evictions (from lower level)
   PUTX: 0 # Dirty evictions (from lower level)
   INV: 2 # Invalidates (from upper level)
   INVX: 0 # Downgrades (from upper level)
   FWD: 0 # Forwards (from upper level)
   latGETnl: 719505 # GET request latency on next level
   latGETnet: 0 # GET request latency on network to next level
  wrbuf-1: # Filter cache stats
   fhGETS: 0 # Filtered GETS hits
   fhGETX: 1920 # Filtered GETX hits
   hGETS: 0 # GETS hits
   hGETX: 0 # GETX hits
   mGETS: 0 # GETS misses
   mGETXIM: 26112 # GETX I->M misses
   mGETXSM: 0 # GETX S->M misses (upgrade misses)
   PUTS: 0 # Clean evictions (from lower level)
   PUTX: 0 # Dirty evictions (from lower level)
   INV: 1 # Invalidates (from upper level)
   INVX: 0 # Downgrades (from upper level)
   FWD: 0 # Forwards (from upper level)
   latGETnl: 776095 # GET request latency on next level
   latGETnet: 0 # GET request latency on network to next level
  wrbuf-2: # Filter cache stats
   fhGETS: 0 # Filtered GETS hits
   fhGETX: 1920 # Filtered GETX hits
   hGETS: 0 # GETS hits
   hGETX: 0 # GETX hits
   mGETS: 0 # GETS misses
   mGETXIM: 26112 # GETX I->M misses
   mGETXSM: 0 # GETX S->M misses (upgrade misses)
   PUTS: 0 # Clean evictions (from lower level)
   PUTX: 0 # Dirty evictions (from lower level)
   INV: 0 # Invalidates (from upper level)
   INVX: 0 # Downgrades (from upper level)
   FWD: 0 # Forwards (from upper level)
   latGETnl: 773088 # GET request latency on next level
   latGETnet: 0 # GET request latency on network to next level
  wrbuf-3: # Filter cache stats
   fhGETS: 0 # Filtered GETS hits
   fhGETX: 1920 # Filtered GETX hits
   hGETS: 0 # GETS hits
   hGETX: 0 # GETX hits
   mGETS: 0 # GETS misses
   mGETXIM: 26112 # GETX I->M misses
   mGETXSM: 0 # GETX S->M misses (upgrade misses)
   PUTS: 0 # Clean evictions (from lower level)
   PUTX: 0 # Dirty evictions (from lower level)
   INV: 0 # Invalidates (from upper level)
   INVX: 0 # Downgrades (from upper level)
   FWD: 0 # Forwards (from upper level)
   latGETnl: 832360 # GET request latency on next level
   latGETnet: 0 # GET request latency on network to next level
 gbuf: # Cache stats
  gbuf-0b0: # Cache stats
   hGETS: 15152 # GETS hits
   hGETX: 526 # GETX hits
   mGETS: 6976 # GETS misses
   mGETXIM: 12095 # GETX I->M misses
   mGETXSM: 0 # GETX S->M misses (upgrade misses)
   PUTS: 22128 # Clean evictions (from lower level)
   PUTX: 12621 # Dirty evictions (from lower level)
   INV: 0 # Invalidates (from upper level)
   INVX: 0 # Downgrades (from upper level)
   FWD: 0 # Forwards (from upper level)
   latGETnl: 591201 # GET request latency on next level
   latGETnet: 0 # GET request latency on network to next level
  gbuf-0b1: # Cache stats
   hGETS: 15151 # GETS hits
   hGETX: 528 # GETX hits
   mGETS: 6977 # GETS misses
   mGETXIM: 12099 # GETX I->M misses
   mGETXSM: 0 # GETX S->M misses (upgrade misses)
   PUTS: 22127 # Clean evictions (from lower level)
   PUTX: 12626 # Dirty evictions (from lower level)
   INV: 0 # Invalidates (from upper level)
   INVX: 0 # Downgrades (from upper level)
   FWD: 0 # Forwards (from upper level)
   latGETnl: 591356 # GET request latency on next level
   latGETnet: 0 # GET request latency on network to next level
  gbuf-0b2: # Cache stats
   hGETS: 15151 # GETS hits
   hGETX: 528 # GETX hits
   mGETS: 6977 # GETS misses
   mGETXIM: 12094 # GETX I->M misses
   mGETXSM: 0 # GETX S->M misses (upgrade misses)
   PUTS: 22126 # Clean evictions (from lower level)
   PUTX: 12622 # Dirty evictions (from lower level)
   INV: 0 # Invalidates (from upper level)
   INVX: 0 # Downgrades (from upper level)
   FWD: 0 # Forwards (from upper level)
   latGETnl: 591201 # GET request latency on next level
   latGETnet: 0 # GET request latency on network to next level
  gbuf-0b3: # Cache stats
   hGETS: 15151 # GETS hits
   hGETX: 526 # GETX hits
   mGETS: 6977 # GETS misses
   mGETXIM: 12100 # GETX I->M misses
   mGETXSM: 0 # GETX S->M misses (upgrade misses)
   PUTS: 22127 # Clean evictions (from lower level)
   PUTX: 12626 # Dirty evictions (from lower level)
   INV: 0 # Invalidates (from upper level)
   INVX: 0 # Downgrades (from upper level)
   FWD: 0 # Forwards (from upper level)
   latGETnl: 591387 # GET request latency on next level
   latGETnet: 0 # GET request latency on network to next level
  gbuf-0b4: # Cache stats
   hGETS: 15150 # GETS hits
   hGETX: 525 # GETX hits
   mGETS: 6978 # GETS misses
   mGETXIM: 12096 # GETX I->M misses
   mGETXSM: 0 # GETX S->M misses (upgrade misses)
   PUTS: 22128 # Clean evictions (from lower level)
   PUTX: 12619 # Dirty evictions (from lower level)
   INV: 0 # Invalidates (from upper level)
   INVX: 0 # Downgrades (from upper level)
   FWD: 0 # Forwards (from upper level)
   latGETnl: 591294 # GET request latency on next level
   latGETnet: 0 # GET request latency on network to next level
  gbuf-0b5: # Cache stats
   hGETS: 15151 # GETS hits
   hGETX: 529 # GETX hits
   mGETS: 6977 # GETS misses
   mGETXIM: 12098 # GETX I->M misses
   mGETXSM: 0 # GETX S->M misses (upgrade misses)
   PUTS: 22126 # Clean evictions (from lower level)
   PUTX: 12625 # Dirty evictions (from lower level)
   INV: 0 # Invalidates (from upper level)
   INVX: 0 # Downgrades (from upper level)
   FWD: 0 # Forwards (from upper level)
   latGETnl: 591325 # GET request latency on next level
   latGETnet: 0 # GET request latency on network to next level
  gbuf-0b6: # Cache stats
   hGETS: 15151 # GETS hits
   hGETX: 526 # GETX hits
   mGETS: 6977 # GETS misses
   mGETXIM: 12100 # GETX I->M misses
   mGETXSM: 0 # GETX S->M misses (upgrade misses)
   PUTS: 22128 # Clean evictions (from lower level)
   PUTX: 12625 # Dirty evictions (from lower level)
   INV: 0 # Invalidates (from upper level)
   INVX: 0 # Downgrades (from upper level)
   FWD: 0 # Forwards (from upper level)
   latGETnl: 591387 # GET request latency on next level
   latGETnet: 0 # GET request latency on network to next level
  gbuf-0b7: # Cache stats
   hGETS: 15151 # GETS hits
   hGETX: 528 # GETX hits
   mGETS: 6977 # GETS misses
   mGETXIM: 12094 # GETX I->M misses
   mGETXSM: 0 # GETX S->M misses (upgrade misses)
   PUTS: 22126 # Clean evictions (from lower level)
   PUTX: 12622 # Dirty evictions (from lower level)
   INV: 0 # Invalidates (from upper level)
   INVX: 0 # Downgrades (from upper level)
   FWD: 0 # Forwards (from upper level)
   latGETnl: 591201 # GET request latency on next level
   latGETnet: 0 # GET request latency on network to next level
 mem: # Memory controller stats
  mem-0: # Memory channel stats
   rd: 152592 # Read requests
   wr: 58536 # Write requests
   rdlat: 25130033058 # Total latency experienced by read requests
   wrlat: 11423999977 # Total latency experienced by write requests
   rdmlh: # Latency histogram for read requests
    0: 0
    1: 0
    2: 0
    3: 0
    4: 0
    5: 357
    6: 420
    7: 474
    8: 270
    9: 400
    10: 257
    11: 378
    12: 309
    13: 387
    14: 232
    15: 333
    16: 215
    17: 307
    18: 269
    19: 340
    20: 215
    21: 301
    22: 179
    23: 271
    24: 219
    25: 284
    26: 197
    27: 272
    28: 164
    29: 252
    30: 215
    31: 265
    32: 172
    33: 256
    34: 169
    35: 237
    36: 200
    37: 240
    38: 160
    39: 241
    40: 150
    41: 223
    42: 187
    43: 243
    44: 151
    45: 236
    46: 168
    47: 239
    48: 182
    49: 225
    50: 149
    51: 215
    52: 140
    53: 213
    54: 186
    55: 226
    56: 123
    57: 133
    58: 85
    59: 126
    60: 136
    61: 113
    62: 75
    63: 137
    64: 79
    65: 127
    66: 131
    67: 137
    68: 86
    69: 135
    70: 89
    71: 134
    72: 151
    73: 152
    74: 108
    75: 144
    76: 101
    77: 132
    78: 141
    79: 157
    80: 121
    81: 168
    82: 126
    83: 141
    84: 138
    85: 155
    86: 139
    87: 157
    88: 126
    89: 163
    90: 167
    91: 161
    92: 144
    93: 196
    94: 148
    95: 177
    96: 192
    97: 190
    98: 168
    99: 134093
   wrmlh: # Latency histogram for write requests
    0: 0
    1: 0
    2: 0
    3: 0
    4: 0
    5: 53
    6: 64
    7: 124
    8: 113
    9: 115
    10: 91
    11: 145
    12: 133
    13: 144
    14: 134
    15: 191
    16: 182
    17: 190
    18: 155
    19: 196
    20: 200
    21: 228
    22: 180
    23: 219
    24: 205
    25: 261
    26: 214
    27: 266
    28: 222
    29: 258
    30: 174
    31: 224
    32: 228
    33: 253
    34: 275
    35: 286
    36: 245
    37: 299
    38: 246
    39: 257
    40: 292
    41: 314
    42: 261
    43: 325
    44: 298
    45: 333
    46: 260
    47: 220
    48: 243
    49: 212
    50: 189
    51: 178
    52: 194
    53: 234
    54: 164
    55: 180
    56: 174
    57: 172
    58: 119
    59: 124
    60: 129
    61: 115
    62: 112
    63: 104
    64: 108
    65: 106
    66: 87
    67: 66
    68: 86
    69: 75
    70: 50
    71: 70
    72: 69
    73: 67
    74: 59
    75: 51
    76: 34
    77: 48
    78: 42
    79: 42
    80: 34
    81: 48
    82: 41
    83: 30
    84: 27
    85: 31
    86: 25
    87: 19
    88: 29
    89: 36
    90: 21
    91: 20
    92: 17
    93: 23
    94: 26
    95: 27
    96: 20
    97: 10
    98: 16
    99: 45260
   ACT: 211128 # Activate commands
   PRE: 217113 # Precharge commands
   RD: 152592 # Read commands
   WR: 58536 # Write commands
   REF: 5357 # Refresh commands
   eACTPRE: 63971784 # Activate/precharge energy
   eRDWR: 286532232 # Read/write energy
   eREF: 17822739 # Refresh energy
   eBKGD: 399422588 # Background energy
   eWIRE: 32302584 # Channel wire energy
 sched: # Scheduler stats
  thCr: 0 # Threads created
  thFn: 0 # Threads finished
  schedEvs: 0 # Schedule events
  waitEvs: 0 # Wait events
  handoffEvs: 0 # Handoff events
  sleepEvs: 0 # Sleep events
  idlePhases: 0 # Phases with no thread active
  idlePeriods: 0 # Periods with no thread active
  occHist: # Occupancy histogram
   0: 1044
   1: 0
  rqSzHist: # Run queue size histogram
   0: 1044
   1: 0
   2: 0
   3: 0
   4: 0
   5: 0
   6: 0
   7: 0
   8: 0
   9: 0
   10: 0
   11: 0
   12: 0
   13: 0
   14: 0
   15: 0
   16: 0
 procCycles: # Per-process unhalted core cycles
  0: 0
  1: 0
  2: 0
  3: 0
  4: 0
  5: 0
  6: 0
  7: 0
  8: 0
  9: 0
  10: 0
  11: 0
  12: 0
  13: 0
  14: 0
  15: 0
  16: 0
  17: 0
  18: 0
  19: 0
  20: 0
  21: 0
  22: 0
  23: 0
  24: 0
  25: 0
  26: 0
  27: 0
  28: 0
  29: 0
  30: 0
  31: 0
 procInstrs: # Per-process instructions
  0: 0
  1: 0
  2: 0
  3: 0
  4: 0
  5: 0
  6: 0
  7: 0
  8: 0
  9: 0
  10: 0
  11: 0
  12: 0
  13: 0
  14: 0
  15: 0
  16: 0
  17: 0
  18: 0
  19: 0
  20: 0
  21: 0
  22: 0
  23: 0
  24: 0
  25: 0
  26: 0
  27: 0
  28: 0
  29: 0
  30: 0
  31: 0
 heartbeats: # Per-process heartbeats
  0: 0
  1: 0
  2: 0
  3: 0
  4: 0
  5: 0
  6: 0
  7: 0
  8: 0
  9: 0
  10: 0
  11: 0
  12: 0
  13: 0
  14: 0
  15: 0
  16: 0
  17: 0
  18: 0
  19: 0
  20: 0
  21: 0
  22: 0
  23: 0
  24: 0
  25: 0
  26: 0
  27: 0
  28: 0
  29: 0
  30: 0
  31: 0
===
