# zsim stats
===
root: # Stats
 contention: # Contention simulation stats
  domain-0: # Domain stats
   time: 13489606200 # Weave simulation time
 time: # Simulator time breakdown
  init: 760985928
  bound: 13825650773
  weave: 13881394219
  ff: 1134719155
 trigger: 20000 # Reason for this stats dump
 phase: 4123 # Simulated phases
 l: # Logic unit stats
  l-0: # Logic unit stats
   cycles: 41229927 # Simulated unhalted cycles
   cCycles: 10780199 # Cycles due to contention stalls
   ops: 258048 # Simulated operations
   compOps: 2048 # Simulated compute operations
 c: # Core stats
  c-0: # Core stats
   cycles: 0 # Simulated cycles
   instrs: 0 # Simulated instructions
 rdbuf: # Cache stats
  rdbuf-0: # Filter cache stats
   fhGETS: 163840 # Filtered GETS hits
   fhGETX: 0 # Filtered GETX hits
   hGETS: 0 # GETS hits
   hGETX: 0 # GETX hits
   mGETS: 458752 # GETS misses
   mGETXIM: 0 # GETX I->M misses
   mGETXSM: 0 # GETX S->M misses (upgrade misses)
   PUTS: 0 # Clean evictions (from lower level)
   PUTX: 0 # Dirty evictions (from lower level)
   INV: 0 # Invalidates (from upper level)
   INVX: 0 # Downgrades (from upper level)
   FWD: 0 # Forwards (from upper level)
   latGETnl: 14680064 # GET request latency on next level
   latGETnet: 0 # GET request latency on network to next level
 wrbuf: # Cache stats
  wrbuf-0: # Filter cache stats
   fhGETS: 0 # Filtered GETS hits
   fhGETX: 12288 # Filtered GETX hits
   hGETS: 0 # GETS hits
   hGETX: 0 # GETX hits
   mGETS: 0 # GETS misses
   mGETXIM: 212992 # GETX I->M misses
   mGETXSM: 0 # GETX S->M misses (upgrade misses)
   PUTS: 0 # Clean evictions (from lower level)
   PUTX: 0 # Dirty evictions (from lower level)
   INV: 1 # Invalidates (from upper level)
   INVX: 0 # Downgrades (from upper level)
   FWD: 0 # Forwards (from upper level)
   latGETnl: 6434816 # GET request latency on next level
   latGETnet: 0 # GET request latency on network to next level
 gbuf: # Cache stats
  gbuf-0b0: # Cache stats
   hGETS: 0 # GETS hits
   hGETX: 1537 # GETX hits
   mGETS: 57342 # GETS misses
   mGETXIM: 25088 # GETX I->M misses
   mGETXSM: 0 # GETX S->M misses (upgrade misses)
   PUTS: 57342 # Clean evictions (from lower level)
   PUTX: 26625 # Dirty evictions (from lower level)
   INV: 0 # Invalidates (from upper level)
   INVX: 0 # Downgrades (from upper level)
   FWD: 0 # Forwards (from upper level)
   latGETnl: 2555330 # GET request latency on next level
   latGETnet: 0 # GET request latency on network to next level
  gbuf-0b1: # Cache stats
   hGETS: 0 # GETS hits
   hGETX: 1536 # GETX hits
   mGETS: 57343 # GETS misses
   mGETXIM: 25088 # GETX I->M misses
   mGETXSM: 0 # GETX S->M misses (upgrade misses)
   PUTS: 57343 # Clean evictions (from lower level)
   PUTX: 26624 # Dirty evictions (from lower level)
   INV: 0 # Invalidates (from upper level)
   INVX: 0 # Downgrades (from upper level)
   FWD: 0 # Forwards (from upper level)
   latGETnl: 2555361 # GET request latency on next level
   latGETnet: 0 # GET request latency on network to next level
  gbuf-0b2: # Cache stats
   hGETS: 0 # GETS hits
   hGETX: 1536 # GETX hits
   mGETS: 57343 # GETS misses
   mGETXIM: 25088 # GETX I->M misses
   mGETXSM: 0 # GETX S->M misses (upgrade misses)
   PUTS: 57343 # Clean evictions (from lower level)
   PUTX: 26624 # Dirty evictions (from lower level)
   INV: 0 # Invalidates (from upper level)
   INVX: 0 # Downgrades (from upper level)
   FWD: 0 # Forwards (from upper level)
   latGETnl: 2555361 # GET request latency on next level
   latGETnet: 0 # GET request latency on network to next level
  gbuf-0b3: # Cache stats
   hGETS: 0 # GETS hits
   hGETX: 1535 # GETX hits
   mGETS: 57345 # GETS misses
   mGETXIM: 25088 # GETX I->M misses
   mGETXSM: 0 # GETX S->M misses (upgrade misses)
   PUTS: 57345 # Clean evictions (from lower level)
   PUTX: 26623 # Dirty evictions (from lower level)
   INV: 0 # Invalidates (from upper level)
   INVX: 0 # Downgrades (from upper level)
   FWD: 0 # Forwards (from upper level)
   latGETnl: 2555423 # GET request latency on next level
   latGETnet: 0 # GET request latency on network to next level
  gbuf-0b4: # Cache stats
   hGETS: 0 # GETS hits
   hGETX: 1537 # GETX hits
   mGETS: 57345 # GETS misses
   mGETXIM: 25088 # GETX I->M misses
   mGETXSM: 0 # GETX S->M misses (upgrade misses)
   PUTS: 57345 # Clean evictions (from lower level)
   PUTX: 26624 # Dirty evictions (from lower level)
   INV: 0 # Invalidates (from upper level)
   INVX: 0 # Downgrades (from upper level)
   FWD: 0 # Forwards (from upper level)
   latGETnl: 2555423 # GET request latency on next level
   latGETnet: 0 # GET request latency on network to next level
  gbuf-0b5: # Cache stats
   hGETS: 0 # GETS hits
   hGETX: 1537 # GETX hits
   mGETS: 57345 # GETS misses
   mGETXIM: 25088 # GETX I->M misses
   mGETXSM: 0 # GETX S->M misses (upgrade misses)
   PUTS: 57345 # Clean evictions (from lower level)
   PUTX: 26625 # Dirty evictions (from lower level)
   INV: 0 # Invalidates (from upper level)
   INVX: 0 # Downgrades (from upper level)
   FWD: 0 # Forwards (from upper level)
   latGETnl: 2555423 # GET request latency on next level
   latGETnet: 0 # GET request latency on network to next level
  gbuf-0b6: # Cache stats
   hGETS: 0 # GETS hits
   hGETX: 1534 # GETX hits
   mGETS: 57345 # GETS misses
   mGETXIM: 25088 # GETX I->M misses
   mGETXSM: 0 # GETX S->M misses (upgrade misses)
   PUTS: 57345 # Clean evictions (from lower level)
   PUTX: 26621 # Dirty evictions (from lower level)
   INV: 0 # Invalidates (from upper level)
   INVX: 0 # Downgrades (from upper level)
   FWD: 0 # Forwards (from upper level)
   latGETnl: 2555423 # GET request latency on next level
   latGETnet: 0 # GET request latency on network to next level
  gbuf-0b7: # Cache stats
   hGETS: 0 # GETS hits
   hGETX: 1536 # GETX hits
   mGETS: 57344 # GETS misses
   mGETXIM: 25088 # GETX I->M misses
   mGETXSM: 0 # GETX S->M misses (upgrade misses)
   PUTS: 57343 # Clean evictions (from lower level)
   PUTX: 26624 # Dirty evictions (from lower level)
   INV: 0 # Invalidates (from upper level)
   INVX: 0 # Downgrades (from upper level)
   FWD: 0 # Forwards (from upper level)
   latGETnl: 2555392 # GET request latency on next level
   latGETnet: 0 # GET request latency on network to next level
 mem: # Memory controller stats
  mem-0: # Memory channel stats
   rd: 659456 # Read requests
   wr: 187098 # Write requests
   rdlat: 278658904426 # Total latency experienced by read requests
   wrlat: 2854054862 # Total latency experienced by write requests
   rdmlh: # Latency histogram for read requests
    0: 0
    1: 0
    2: 0
    3: 0
    4: 0
    5: 2024
    6: 347
    7: 289
    8: 10
    9: 9
    10: 8
    11: 8
    12: 606
    13: 207
    14: 91
    15: 4
    16: 10
    17: 58
    18: 305
    19: 441
    20: 107
    21: 18
    22: 6
    23: 38
    24: 171
    25: 375
    26: 358
    27: 48
    28: 33
    29: 88
    30: 128
    31: 445
    32: 368
    33: 116
    34: 100
    35: 191
    36: 268
    37: 263
    38: 606
    39: 325
    40: 253
    41: 201
    42: 228
    43: 272
    44: 485
    45: 424
    46: 118
    47: 106
    48: 116
    49: 98
    50: 360
    51: 361
    52: 124
    53: 39
    54: 34
    55: 85
    56: 205
    57: 462
    58: 225
    59: 55
    60: 43
    61: 53
    62: 156
    63: 224
    64: 483
    65: 60
    66: 30
    67: 52
    68: 63
    69: 290
    70: 393
    71: 193
    72: 18
    73: 29
    74: 87
    75: 120
    76: 478
    77: 334
    78: 42
    79: 44
    80: 48
    81: 149
    82: 248
    83: 579
    84: 117
    85: 16
    86: 59
    87: 75
    88: 271
    89: 384
    90: 390
    91: 43
    92: 55
    93: 80
    94: 165
    95: 314
    96: 429
    97: 237
    98: 42
    99: 639843
   wrmlh: # Latency histogram for write requests
    0: 0
    1: 0
    2: 0
    3: 0
    4: 0
    5: 1082
    6: 2986
    7: 3509
    8: 954
    9: 36
    10: 25
    11: 51
    12: 313
    13: 851
    14: 1282
    15: 2377
    16: 3198
    17: 471
    18: 51
    19: 58
    20: 89
    21: 2225
    22: 1161
    23: 969
    24: 1498
    25: 2028
    26: 222
    27: 312
    28: 1186
    29: 338
    30: 1780
    31: 1907
    32: 691
    33: 714
    34: 1019
    35: 416
    36: 1276
    37: 1900
    38: 668
    39: 1180
    40: 878
    41: 240
    42: 531
    43: 1122
    44: 1217
    45: 1596
    46: 1623
    47: 800
    48: 396
    49: 410
    50: 210
    51: 718
    52: 1161
    53: 1907
    54: 1522
    55: 673
    56: 367
    57: 182
    58: 325
    59: 857
    60: 1220
    61: 1416
    62: 689
    63: 1321
    64: 352
    65: 433
    66: 1052
    67: 199
    68: 778
    69: 1675
    70: 1110
    71: 402
    72: 641
    73: 394
    74: 916
    75: 1754
    76: 640
    77: 330
    78: 668
    79: 734
    80: 399
    81: 709
    82: 1083
    83: 1417
    84: 860
    85: 695
    86: 312
    87: 329
    88: 385
    89: 712
    90: 815
    91: 1174
    92: 1309
    93: 551
    94: 287
    95: 340
    96: 411
    97: 749
    98: 751
    99: 101528
   ACT: 846554 # Activate commands
   PRE: 903550 # Precharge commands
   RD: 659456 # Read commands
   WR: 187098 # Write commands
   REF: 21155 # Refresh commands
   eACTPRE: 256505862 # Activate/precharge energy
   eRDWR: 1147329026 # Read/write energy
   eREF: 70382685 # Refresh energy
   eBKGD: 1576765941 # Background energy
   eWIRE: 129522762 # Channel wire energy
 sched: # Scheduler stats
  thCr: 0 # Threads created
  thFn: 0 # Threads finished
  schedEvs: 0 # Schedule events
  waitEvs: 0 # Wait events
  handoffEvs: 0 # Handoff events
  sleepEvs: 0 # Sleep events
  idlePhases: 0 # Phases with no thread active
  idlePeriods: 0 # Periods with no thread active
  occHist: # Occupancy histogram
   0: 4123
   1: 0
  rqSzHist: # Run queue size histogram
   0: 4123
   1: 0
   2: 0
   3: 0
   4: 0
   5: 0
   6: 0
   7: 0
   8: 0
   9: 0
   10: 0
   11: 0
   12: 0
   13: 0
   14: 0
   15: 0
   16: 0
 procCycles: # Per-process unhalted core cycles
  0: 0
  1: 0
  2: 0
  3: 0
  4: 0
  5: 0
  6: 0
  7: 0
  8: 0
  9: 0
  10: 0
  11: 0
  12: 0
  13: 0
  14: 0
  15: 0
  16: 0
  17: 0
  18: 0
  19: 0
  20: 0
  21: 0
  22: 0
  23: 0
  24: 0
  25: 0
  26: 0
  27: 0
  28: 0
  29: 0
  30: 0
  31: 0
 procInstrs: # Per-process instructions
  0: 0
  1: 0
  2: 0
  3: 0
  4: 0
  5: 0
  6: 0
  7: 0
  8: 0
  9: 0
  10: 0
  11: 0
  12: 0
  13: 0
  14: 0
  15: 0
  16: 0
  17: 0
  18: 0
  19: 0
  20: 0
  21: 0
  22: 0
  23: 0
  24: 0
  25: 0
  26: 0
  27: 0
  28: 0
  29: 0
  30: 0
  31: 0
 heartbeats: # Per-process heartbeats
  0: 0
  1: 0
  2: 0
  3: 0
  4: 0
  5: 0
  6: 0
  7: 0
  8: 0
  9: 0
  10: 0
  11: 0
  12: 0
  13: 0
  14: 0
  15: 0
  16: 0
  17: 0
  18: 0
  19: 0
  20: 0
  21: 0
  22: 0
  23: 0
  24: 0
  25: 0
  26: 0
  27: 0
  28: 0
  29: 0
  30: 0
  31: 0
===
