# zsim stats
===
root: # Stats
 contention: # Contention simulation stats
  domain-0: # Domain stats
   time: 87072507479 # Weave simulation time
 time: # Simulator time breakdown
  init: 4674674083
  bound: 38372584258
  weave: 87118979603
  ff: 1199737856
 trigger: 20000 # Reason for this stats dump
 phase: 476 # Simulated phases
 l: # Logic unit stats
  l-0: # Logic unit stats
   cycles: 4759791 # Simulated unhalted cycles
   cCycles: 4632687 # Cycles due to contention stalls
   ops: 24578 # Simulated operations
   compOps: 2 # Simulated compute operations
  l-1: # Logic unit stats
   cycles: 4417573 # Simulated unhalted cycles
   cCycles: 4290469 # Cycles due to contention stalls
   ops: 24578 # Simulated operations
   compOps: 2 # Simulated compute operations
  l-2: # Logic unit stats
   cycles: 4597583 # Simulated unhalted cycles
   cCycles: 4470479 # Cycles due to contention stalls
   ops: 24578 # Simulated operations
   compOps: 2 # Simulated compute operations
  l-3: # Logic unit stats
   cycles: 4738909 # Simulated unhalted cycles
   cCycles: 4611805 # Cycles due to contention stalls
   ops: 24578 # Simulated operations
   compOps: 2 # Simulated compute operations
 c: # Core stats
  c-0: # Core stats
   cycles: 0 # Simulated cycles
   instrs: 0 # Simulated instructions
 rdbuf: # Cache stats
  rdbuf-0: # Filter cache stats
   fhGETS: 8192 # Filtered GETS hits
   fhGETX: 0 # Filtered GETX hits
   hGETS: 0 # GETS hits
   hGETX: 0 # GETX hits
   mGETS: 90112 # GETS misses
   mGETXIM: 0 # GETX I->M misses
   mGETXSM: 0 # GETX S->M misses (upgrade misses)
   PUTS: 0 # Clean evictions (from lower level)
   PUTX: 0 # Dirty evictions (from lower level)
   INV: 0 # Invalidates (from upper level)
   INVX: 7 # Downgrades (from upper level)
   FWD: 0 # Forwards (from upper level)
   latGETnl: 2862628 # GET request latency on next level
   latGETnet: 0 # GET request latency on network to next level
  rdbuf-1: # Filter cache stats
   fhGETS: 8192 # Filtered GETS hits
   fhGETX: 0 # Filtered GETX hits
   hGETS: 0 # GETS hits
   hGETX: 0 # GETX hits
   mGETS: 122880 # GETS misses
   mGETXIM: 0 # GETX I->M misses
   mGETXSM: 0 # GETX S->M misses (upgrade misses)
   PUTS: 0 # Clean evictions (from lower level)
   PUTX: 0 # Dirty evictions (from lower level)
   INV: 0 # Invalidates (from upper level)
   INVX: 1 # Downgrades (from upper level)
   FWD: 0 # Forwards (from upper level)
   latGETnl: 3699164 # GET request latency on next level
   latGETnet: 0 # GET request latency on network to next level
  rdbuf-2: # Filter cache stats
   fhGETS: 8192 # Filtered GETS hits
   fhGETX: 0 # Filtered GETX hits
   hGETS: 0 # GETS hits
   hGETX: 0 # GETX hits
   mGETS: 90112 # GETS misses
   mGETXIM: 0 # GETX I->M misses
   mGETXSM: 0 # GETX S->M misses (upgrade misses)
   PUTS: 0 # Clean evictions (from lower level)
   PUTX: 0 # Dirty evictions (from lower level)
   INV: 0 # Invalidates (from upper level)
   INVX: 0 # Downgrades (from upper level)
   FWD: 0 # Forwards (from upper level)
   latGETnl: 2883584 # GET request latency on next level
   latGETnet: 0 # GET request latency on network to next level
  rdbuf-3: # Filter cache stats
   fhGETS: 8192 # Filtered GETS hits
   fhGETX: 0 # Filtered GETX hits
   hGETS: 0 # GETS hits
   hGETX: 0 # GETX hits
   mGETS: 114688 # GETS misses
   mGETXIM: 0 # GETX I->M misses
   mGETXSM: 0 # GETX S->M misses (upgrade misses)
   PUTS: 0 # Clean evictions (from lower level)
   PUTX: 0 # Dirty evictions (from lower level)
   INV: 0 # Invalidates (from upper level)
   INVX: 0 # Downgrades (from upper level)
   FWD: 0 # Forwards (from upper level)
   latGETnl: 3670016 # GET request latency on next level
   latGETnet: 0 # GET request latency on network to next level
 wrbuf: # Cache stats
  wrbuf-0: # Filter cache stats
   fhGETS: 0 # Filtered GETS hits
   fhGETX: 0 # Filtered GETX hits
   hGETS: 0 # GETS hits
   hGETX: 0 # GETX hits
   mGETS: 0 # GETS misses
   mGETXIM: 28672 # GETX I->M misses
   mGETXSM: 0 # GETX S->M misses (upgrade misses)
   PUTS: 0 # Clean evictions (from lower level)
   PUTX: 0 # Dirty evictions (from lower level)
   INV: 84 # Invalidates (from upper level)
   INVX: 0 # Downgrades (from upper level)
   FWD: 0 # Forwards (from upper level)
   latGETnl: 894688 # GET request latency on next level
   latGETnet: 0 # GET request latency on network to next level
  wrbuf-1: # Filter cache stats
   fhGETS: 0 # Filtered GETS hits
   fhGETX: 0 # Filtered GETX hits
   hGETS: 0 # GETS hits
   hGETX: 0 # GETX hits
   mGETS: 0 # GETS misses
   mGETXIM: 36864 # GETX I->M misses
   mGETXSM: 0 # GETX S->M misses (upgrade misses)
   PUTS: 0 # Clean evictions (from lower level)
   PUTX: 0 # Dirty evictions (from lower level)
   INV: 30 # Invalidates (from upper level)
   INVX: 0 # Downgrades (from upper level)
   FWD: 0 # Forwards (from upper level)
   latGETnl: 948512 # GET request latency on next level
   latGETnet: 0 # GET request latency on network to next level
  wrbuf-2: # Filter cache stats
   fhGETS: 0 # Filtered GETS hits
   fhGETX: 0 # Filtered GETX hits
   hGETS: 0 # GETS hits
   hGETX: 0 # GETX hits
   mGETS: 0 # GETS misses
   mGETXIM: 28672 # GETX I->M misses
   mGETXSM: 0 # GETX S->M misses (upgrade misses)
   PUTS: 0 # Clean evictions (from lower level)
   PUTX: 0 # Dirty evictions (from lower level)
   INV: 56 # Invalidates (from upper level)
   INVX: 0 # Downgrades (from upper level)
   FWD: 0 # Forwards (from upper level)
   latGETnl: 886411 # GET request latency on next level
   latGETnet: 0 # GET request latency on network to next level
  wrbuf-3: # Filter cache stats
   fhGETS: 0 # Filtered GETS hits
   fhGETX: 0 # Filtered GETX hits
   hGETS: 0 # GETS hits
   hGETX: 0 # GETX hits
   mGETS: 0 # GETS misses
   mGETXIM: 34816 # GETX I->M misses
   mGETXSM: 0 # GETX S->M misses (upgrade misses)
   PUTS: 0 # Clean evictions (from lower level)
   PUTX: 0 # Dirty evictions (from lower level)
   INV: 27 # Invalidates (from upper level)
   INVX: 0 # Downgrades (from upper level)
   FWD: 0 # Forwards (from upper level)
   latGETnl: 954741 # GET request latency on next level
   latGETnet: 0 # GET request latency on network to next level
 gbuf: # Cache stats
  gbuf-0b0: # Cache stats
   hGETS: 1023 # GETS hits
   hGETX: 1791 # GETX hits
   mGETS: 51201 # GETS misses
   mGETXIM: 14337 # GETX I->M misses
   mGETXSM: 0 # GETX S->M misses (upgrade misses)
   PUTS: 52224 # Clean evictions (from lower level)
   PUTX: 16103 # Dirty evictions (from lower level)
   INV: 0 # Invalidates (from upper level)
   INVX: 0 # Downgrades (from upper level)
   FWD: 0 # Forwards (from upper level)
   latGETnl: 2031678 # GET request latency on next level
   latGETnet: 0 # GET request latency on network to next level
  gbuf-0b1: # Cache stats
   hGETS: 1023 # GETS hits
   hGETX: 1793 # GETX hits
   mGETS: 51200 # GETS misses
   mGETXIM: 14335 # GETX I->M misses
   mGETXSM: 0 # GETX S->M misses (upgrade misses)
   PUTS: 52221 # Clean evictions (from lower level)
   PUTX: 16101 # Dirty evictions (from lower level)
   INV: 0 # Invalidates (from upper level)
   INVX: 0 # Downgrades (from upper level)
   FWD: 0 # Forwards (from upper level)
   latGETnl: 2031585 # GET request latency on next level
   latGETnet: 0 # GET request latency on network to next level
  gbuf-0b2: # Cache stats
   hGETS: 1024 # GETS hits
   hGETX: 1791 # GETX hits
   mGETS: 51201 # GETS misses
   mGETXIM: 14337 # GETX I->M misses
   mGETXSM: 0 # GETX S->M misses (upgrade misses)
   PUTS: 52225 # Clean evictions (from lower level)
   PUTX: 16104 # Dirty evictions (from lower level)
   INV: 0 # Invalidates (from upper level)
   INVX: 0 # Downgrades (from upper level)
   FWD: 0 # Forwards (from upper level)
   latGETnl: 2031678 # GET request latency on next level
   latGETnet: 0 # GET request latency on network to next level
  gbuf-0b3: # Cache stats
   hGETS: 1024 # GETS hits
   hGETX: 1793 # GETX hits
   mGETS: 51200 # GETS misses
   mGETXIM: 14335 # GETX I->M misses
   mGETXSM: 0 # GETX S->M misses (upgrade misses)
   PUTS: 52224 # Clean evictions (from lower level)
   PUTX: 16103 # Dirty evictions (from lower level)
   INV: 0 # Invalidates (from upper level)
   INVX: 0 # Downgrades (from upper level)
   FWD: 0 # Forwards (from upper level)
   latGETnl: 2031585 # GET request latency on next level
   latGETnet: 0 # GET request latency on network to next level
  gbuf-0b4: # Cache stats
   hGETS: 1025 # GETS hits
   hGETX: 1791 # GETX hits
   mGETS: 51199 # GETS misses
   mGETXIM: 14337 # GETX I->M misses
   mGETXSM: 0 # GETX S->M misses (upgrade misses)
   PUTS: 52224 # Clean evictions (from lower level)
   PUTX: 16104 # Dirty evictions (from lower level)
   INV: 0 # Invalidates (from upper level)
   INVX: 0 # Downgrades (from upper level)
   FWD: 0 # Forwards (from upper level)
   latGETnl: 2031616 # GET request latency on next level
   latGETnet: 0 # GET request latency on network to next level
  gbuf-0b5: # Cache stats
   hGETS: 1025 # GETS hits
   hGETX: 1793 # GETX hits
   mGETS: 51200 # GETS misses
   mGETXIM: 14335 # GETX I->M misses
   mGETXSM: 0 # GETX S->M misses (upgrade misses)
   PUTS: 52225 # Clean evictions (from lower level)
   PUTX: 16102 # Dirty evictions (from lower level)
   INV: 0 # Invalidates (from upper level)
   INVX: 0 # Downgrades (from upper level)
   FWD: 0 # Forwards (from upper level)
   latGETnl: 2031585 # GET request latency on next level
   latGETnet: 0 # GET request latency on network to next level
  gbuf-0b6: # Cache stats
   hGETS: 1023 # GETS hits
   hGETX: 1791 # GETX hits
   mGETS: 51199 # GETS misses
   mGETXIM: 14337 # GETX I->M misses
   mGETXSM: 0 # GETX S->M misses (upgrade misses)
   PUTS: 52222 # Clean evictions (from lower level)
   PUTX: 16108 # Dirty evictions (from lower level)
   INV: 0 # Invalidates (from upper level)
   INVX: 0 # Downgrades (from upper level)
   FWD: 0 # Forwards (from upper level)
   latGETnl: 2031616 # GET request latency on next level
   latGETnet: 0 # GET request latency on network to next level
  gbuf-0b7: # Cache stats
   hGETS: 1025 # GETS hits
   hGETX: 1793 # GETX hits
   mGETS: 51200 # GETS misses
   mGETXIM: 14335 # GETX I->M misses
   mGETXSM: 0 # GETX S->M misses (upgrade misses)
   PUTS: 52223 # Clean evictions (from lower level)
   PUTX: 16100 # Dirty evictions (from lower level)
   INV: 0 # Invalidates (from upper level)
   INVX: 0 # Downgrades (from upper level)
   FWD: 0 # Forwards (from upper level)
   latGETnl: 2031585 # GET request latency on next level
   latGETnet: 0 # GET request latency on network to next level
 mem: # Memory controller stats
  mem-0: # Memory channel stats
   rd: 524288 # Read requests
   wr: 57333 # Write requests
   rdlat: 535176944483 # Total latency experienced by read requests
   wrlat: 60037977207 # Total latency experienced by write requests
   rdmlh: # Latency histogram for read requests
    0: 0
    1: 0
    2: 0
    3: 0
    4: 0
    5: 2
    6: 2
    7: 2
    8: 2
    9: 2
    10: 0
    11: 2
    12: 1
    13: 2
    14: 2
    15: 2
    16: 1
    17: 1
    18: 1
    19: 4
    20: 1
    21: 2
    22: 1
    23: 4
    24: 0
    25: 3
    26: 2
    27: 1
    28: 5
    29: 4
    30: 3
    31: 6
    32: 3
    33: 3
    34: 3
    35: 2
    36: 3
    37: 3
    38: 4
    39: 7
    40: 2
    41: 3
    42: 3
    43: 6
    44: 2
    45: 5
    46: 5
    47: 4
    48: 1
    49: 2
    50: 6
    51: 4
    52: 4
    53: 3
    54: 4
    55: 2
    56: 4
    57: 5
    58: 6
    59: 1
    60: 3
    61: 5
    62: 2
    63: 6
    64: 3
    65: 2
    66: 4
    67: 7
    68: 1
    69: 5
    70: 2
    71: 3
    72: 3
    73: 3
    74: 2
    75: 5
    76: 1
    77: 5
    78: 2
    79: 2
    80: 1
    81: 4
    82: 1
    83: 5
    84: 2
    85: 4
    86: 2
    87: 2
    88: 3
    89: 5
    90: 2
    91: 4
    92: 1
    93: 3
    94: 1
    95: 3
    96: 5
    97: 4
    98: 0
    99: 524012
   wrmlh: # Latency histogram for write requests
    0: 0
    1: 0
    2: 0
    3: 0
    4: 0
    5: 2
    6: 1
    7: 2
    8: 2
    9: 3
    10: 2
    11: 1
    12: 1
    13: 3
    14: 0
    15: 2
    16: 1
    17: 6
    18: 1
    19: 3
    20: 4
    21: 2
    22: 3
    23: 1
    24: 4
    25: 5
    26: 3
    27: 7
    28: 7
    29: 9
    30: 4
    31: 7
    32: 22
    33: 18
    34: 29
    35: 28
    36: 73
    37: 48
    38: 63
    39: 51
    40: 121
    41: 53
    42: 83
    43: 82
    44: 153
    45: 65
    46: 62
    47: 61
    48: 110
    49: 53
    50: 42
    51: 53
    52: 94
    53: 39
    54: 49
    55: 39
    56: 82
    57: 41
    58: 30
    59: 35
    60: 60
    61: 32
    62: 30
    63: 32
    64: 33
    65: 22
    66: 23
    67: 23
    68: 48
    69: 15
    70: 23
    71: 19
    72: 24
    73: 14
    74: 15
    75: 12
    76: 17
    77: 9
    78: 9
    79: 5
    80: 16
    81: 10
    82: 7
    83: 12
    84: 16
    85: 7
    86: 4
    87: 4
    88: 11
    89: 2
    90: 9
    91: 3
    92: 3
    93: 3
    94: 4
    95: 4
    96: 2
    97: 2
    98: 3
    99: 54981
   ACT: 581621 # Activate commands
   PRE: 588901 # Precharge commands
   RD: 524288 # Read commands
   WR: 57333 # Write commands
   REF: 2443 # Refresh commands
   eACTPRE: 176231163 # Activate/precharge energy
   eRDWR: 785917097 # Read/write energy
   eREF: 8127861 # Refresh energy
   eBKGD: 136961946 # Background energy
   eWIRE: 88988013 # Channel wire energy
 sched: # Scheduler stats
  thCr: 0 # Threads created
  thFn: 0 # Threads finished
  schedEvs: 0 # Schedule events
  waitEvs: 0 # Wait events
  handoffEvs: 0 # Handoff events
  sleepEvs: 0 # Sleep events
  idlePhases: 0 # Phases with no thread active
  idlePeriods: 0 # Periods with no thread active
  occHist: # Occupancy histogram
   0: 476
   1: 0
  rqSzHist: # Run queue size histogram
   0: 476
   1: 0
   2: 0
   3: 0
   4: 0
   5: 0
   6: 0
   7: 0
   8: 0
   9: 0
   10: 0
   11: 0
   12: 0
   13: 0
   14: 0
   15: 0
   16: 0
 procCycles: # Per-process unhalted core cycles
  0: 0
  1: 0
  2: 0
  3: 0
  4: 0
  5: 0
  6: 0
  7: 0
  8: 0
  9: 0
  10: 0
  11: 0
  12: 0
  13: 0
  14: 0
  15: 0
  16: 0
  17: 0
  18: 0
  19: 0
  20: 0
  21: 0
  22: 0
  23: 0
  24: 0
  25: 0
  26: 0
  27: 0
  28: 0
  29: 0
  30: 0
  31: 0
 procInstrs: # Per-process instructions
  0: 0
  1: 0
  2: 0
  3: 0
  4: 0
  5: 0
  6: 0
  7: 0
  8: 0
  9: 0
  10: 0
  11: 0
  12: 0
  13: 0
  14: 0
  15: 0
  16: 0
  17: 0
  18: 0
  19: 0
  20: 0
  21: 0
  22: 0
  23: 0
  24: 0
  25: 0
  26: 0
  27: 0
  28: 0
  29: 0
  30: 0
  31: 0
 heartbeats: # Per-process heartbeats
  0: 0
  1: 0
  2: 0
  3: 0
  4: 0
  5: 0
  6: 0
  7: 0
  8: 0
  9: 0
  10: 0
  11: 0
  12: 0
  13: 0
  14: 0
  15: 0
  16: 0
  17: 0
  18: 0
  19: 0
  20: 0
  21: 0
  22: 0
  23: 0
  24: 0
  25: 0
  26: 0
  27: 0
  28: 0
  29: 0
  30: 0
  31: 0
===
