# zsim stats
===
root: # Stats
 contention: # Contention simulation stats
  domain-0: # Domain stats
   time: 82861637 # Weave simulation time
 time: # Simulator time breakdown
  init: 688183408
  bound: 112862092317
  weave: 84109304
  ff: 1140186197
 trigger: 20000 # Reason for this stats dump
 phase: 1048 # Simulated phases
 l: # Logic unit stats
  l-0: # Logic unit stats
   cycles: 10469023 # Simulated unhalted cycles
   cCycles: 6450815 # Cycles due to contention stalls
   ops: 86144 # Simulated operations
   compOps: 128 # Simulated compute operations
  l-1: # Logic unit stats
   cycles: 10443369 # Simulated unhalted cycles
   cCycles: 6425192 # Cycles due to contention stalls
   ops: 86144 # Simulated operations
   compOps: 128 # Simulated compute operations
  l-2: # Logic unit stats
   cycles: 10474949 # Simulated unhalted cycles
   cCycles: 6456741 # Cycles due to contention stalls
   ops: 86144 # Simulated operations
   compOps: 128 # Simulated compute operations
  l-3: # Logic unit stats
   cycles: 10449825 # Simulated unhalted cycles
   cCycles: 6431648 # Cycles due to contention stalls
   ops: 86144 # Simulated operations
   compOps: 128 # Simulated compute operations
 c: # Core stats
  c-0: # Core stats
   cycles: 0 # Simulated cycles
   instrs: 0 # Simulated instructions
 rdbuf: # Cache stats
  rdbuf-0: # Filter cache stats
   fhGETS: 2048 # Filtered GETS hits
   fhGETX: 0 # Filtered GETX hits
   hGETS: 0 # GETS hits
   hGETX: 0 # GETX hits
   mGETS: 92160 # GETS misses
   mGETXIM: 0 # GETX I->M misses
   mGETXSM: 0 # GETX S->M misses (upgrade misses)
   PUTS: 0 # Clean evictions (from lower level)
   PUTX: 0 # Dirty evictions (from lower level)
   INV: 2 # Invalidates (from upper level)
   INVX: 77 # Downgrades (from upper level)
   FWD: 0 # Forwards (from upper level)
   latGETnl: 976776 # GET request latency on next level
   latGETnet: 0 # GET request latency on network to next level
  rdbuf-1: # Filter cache stats
   fhGETS: 0 # Filtered GETS hits
   fhGETX: 0 # Filtered GETX hits
   hGETS: 0 # GETS hits
   hGETX: 0 # GETX hits
   mGETS: 92160 # GETS misses
   mGETXIM: 0 # GETX I->M misses
   mGETXSM: 0 # GETX S->M misses (upgrade misses)
   PUTS: 0 # Clean evictions (from lower level)
   PUTX: 0 # Dirty evictions (from lower level)
   INV: 2 # Invalidates (from upper level)
   INVX: 52 # Downgrades (from upper level)
   FWD: 0 # Forwards (from upper level)
   latGETnl: 1064568 # GET request latency on next level
   latGETnet: 0 # GET request latency on network to next level
  rdbuf-2: # Filter cache stats
   fhGETS: 2048 # Filtered GETS hits
   fhGETX: 0 # Filtered GETX hits
   hGETS: 0 # GETS hits
   hGETX: 0 # GETX hits
   mGETS: 92160 # GETS misses
   mGETXIM: 0 # GETX I->M misses
   mGETXSM: 0 # GETX S->M misses (upgrade misses)
   PUTS: 0 # Clean evictions (from lower level)
   PUTX: 0 # Dirty evictions (from lower level)
   INV: 2 # Invalidates (from upper level)
   INVX: 84 # Downgrades (from upper level)
   FWD: 0 # Forwards (from upper level)
   latGETnl: 929470 # GET request latency on next level
   latGETnet: 0 # GET request latency on network to next level
  rdbuf-3: # Filter cache stats
   fhGETS: 2048 # Filtered GETS hits
   fhGETX: 0 # Filtered GETX hits
   hGETS: 0 # GETS hits
   hGETX: 0 # GETX hits
   mGETS: 92160 # GETS misses
   mGETXIM: 0 # GETX I->M misses
   mGETXSM: 0 # GETX S->M misses (upgrade misses)
   PUTS: 0 # Clean evictions (from lower level)
   PUTX: 0 # Dirty evictions (from lower level)
   INV: 2 # Invalidates (from upper level)
   INVX: 48 # Downgrades (from upper level)
   FWD: 0 # Forwards (from upper level)
   latGETnl: 1111874 # GET request latency on next level
   latGETnet: 0 # GET request latency on network to next level
 wrbuf: # Cache stats
  wrbuf-0: # Filter cache stats
   fhGETS: 0 # Filtered GETS hits
   fhGETX: 8192 # Filtered GETX hits
   hGETS: 0 # GETS hits
   hGETX: 0 # GETX hits
   mGETS: 0 # GETS misses
   mGETXIM: 106496 # GETX I->M misses
   mGETXSM: 0 # GETX S->M misses (upgrade misses)
   PUTS: 0 # Clean evictions (from lower level)
   PUTX: 0 # Dirty evictions (from lower level)
   INV: 20 # Invalidates (from upper level)
   INVX: 0 # Downgrades (from upper level)
   FWD: 0 # Forwards (from upper level)
   latGETnl: 3167188 # GET request latency on next level
   latGETnet: 0 # GET request latency on network to next level
  wrbuf-1: # Filter cache stats
   fhGETS: 0 # Filtered GETS hits
   fhGETX: 0 # Filtered GETX hits
   hGETS: 0 # GETS hits
   hGETX: 0 # GETX hits
   mGETS: 0 # GETS misses
   mGETXIM: 106496 # GETX I->M misses
   mGETXSM: 0 # GETX S->M misses (upgrade misses)
   PUTS: 0 # Clean evictions (from lower level)
   PUTX: 0 # Dirty evictions (from lower level)
   INV: 4 # Invalidates (from upper level)
   INVX: 0 # Downgrades (from upper level)
   FWD: 0 # Forwards (from upper level)
   latGETnl: 3382204 # GET request latency on next level
   latGETnet: 0 # GET request latency on network to next level
  wrbuf-2: # Filter cache stats
   fhGETS: 0 # Filtered GETS hits
   fhGETX: 8192 # Filtered GETX hits
   hGETS: 0 # GETS hits
   hGETX: 0 # GETX hits
   mGETS: 0 # GETS misses
   mGETXIM: 106496 # GETX I->M misses
   mGETXSM: 0 # GETX S->M misses (upgrade misses)
   PUTS: 0 # Clean evictions (from lower level)
   PUTX: 0 # Dirty evictions (from lower level)
   INV: 22 # Invalidates (from upper level)
   INVX: 0 # Downgrades (from upper level)
   FWD: 0 # Forwards (from upper level)
   latGETnl: 3161329 # GET request latency on next level
   latGETnet: 0 # GET request latency on network to next level
  wrbuf-3: # Filter cache stats
   fhGETS: 0 # Filtered GETS hits
   fhGETX: 8192 # Filtered GETX hits
   hGETS: 0 # GETS hits
   hGETX: 0 # GETX hits
   mGETS: 0 # GETS misses
   mGETXIM: 106496 # GETX I->M misses
   mGETXSM: 0 # GETX S->M misses (upgrade misses)
   PUTS: 0 # Clean evictions (from lower level)
   PUTX: 0 # Dirty evictions (from lower level)
   INV: 16 # Invalidates (from upper level)
   INVX: 0 # Downgrades (from upper level)
   FWD: 0 # Forwards (from upper level)
   latGETnl: 3388063 # GET request latency on next level
   latGETnet: 0 # GET request latency on network to next level
 gbuf: # Cache stats
  gbuf-0b0: # Cache stats
   hGETS: 30208 # GETS hits
   hGETX: 2158 # GETX hits
   mGETS: 15873 # GETS misses
   mGETXIM: 51089 # GETX I->M misses
   mGETXSM: 0 # GETX S->M misses (upgrade misses)
   PUTS: 46079 # Clean evictions (from lower level)
   PUTX: 53236 # Dirty evictions (from lower level)
   INV: 0 # Invalidates (from upper level)
   INVX: 0 # Downgrades (from upper level)
   FWD: 0 # Forwards (from upper level)
   latGETnl: 2075822 # GET request latency on next level
   latGETnet: 0 # GET request latency on network to next level
  gbuf-0b1: # Cache stats
   hGETS: 31232 # GETS hits
   hGETX: 2160 # GETX hits
   mGETS: 14847 # GETS misses
   mGETXIM: 51088 # GETX I->M misses
   mGETXSM: 0 # GETX S->M misses (upgrade misses)
   PUTS: 46077 # Clean evictions (from lower level)
   PUTX: 53235 # Dirty evictions (from lower level)
   INV: 0 # Invalidates (from upper level)
   INVX: 0 # Downgrades (from upper level)
   FWD: 0 # Forwards (from upper level)
   latGETnl: 2043985 # GET request latency on next level
   latGETnet: 0 # GET request latency on network to next level
  gbuf-0b2: # Cache stats
   hGETS: 31232 # GETS hits
   hGETX: 2143 # GETX hits
   mGETS: 14848 # GETS misses
   mGETXIM: 51105 # GETX I->M misses
   mGETXSM: 0 # GETX S->M misses (upgrade misses)
   PUTS: 46078 # Clean evictions (from lower level)
   PUTX: 53242 # Dirty evictions (from lower level)
   INV: 0 # Invalidates (from upper level)
   INVX: 0 # Downgrades (from upper level)
   FWD: 0 # Forwards (from upper level)
   latGETnl: 2044543 # GET request latency on next level
   latGETnet: 0 # GET request latency on network to next level
  gbuf-0b3: # Cache stats
   hGETS: 31232 # GETS hits
   hGETX: 2143 # GETX hits
   mGETS: 14848 # GETS misses
   mGETXIM: 51104 # GETX I->M misses
   mGETXSM: 0 # GETX S->M misses (upgrade misses)
   PUTS: 46080 # Clean evictions (from lower level)
   PUTX: 53239 # Dirty evictions (from lower level)
   INV: 0 # Invalidates (from upper level)
   INVX: 0 # Downgrades (from upper level)
   FWD: 0 # Forwards (from upper level)
   latGETnl: 2044512 # GET request latency on next level
   latGETnet: 0 # GET request latency on network to next level
  gbuf-0b4: # Cache stats
   hGETS: 31233 # GETS hits
   hGETX: 2145 # GETX hits
   mGETS: 14848 # GETS misses
   mGETXIM: 51103 # GETX I->M misses
   mGETXSM: 0 # GETX S->M misses (upgrade misses)
   PUTS: 46079 # Clean evictions (from lower level)
   PUTX: 53241 # Dirty evictions (from lower level)
   INV: 0 # Invalidates (from upper level)
   INVX: 0 # Downgrades (from upper level)
   FWD: 0 # Forwards (from upper level)
   latGETnl: 2044481 # GET request latency on next level
   latGETnet: 0 # GET request latency on network to next level
  gbuf-0b5: # Cache stats
   hGETS: 31231 # GETS hits
   hGETX: 2145 # GETX hits
   mGETS: 14848 # GETS misses
   mGETXIM: 51104 # GETX I->M misses
   mGETXSM: 0 # GETX S->M misses (upgrade misses)
   PUTS: 46077 # Clean evictions (from lower level)
   PUTX: 53243 # Dirty evictions (from lower level)
   INV: 0 # Invalidates (from upper level)
   INVX: 0 # Downgrades (from upper level)
   FWD: 0 # Forwards (from upper level)
   latGETnl: 2044512 # GET request latency on next level
   latGETnet: 0 # GET request latency on network to next level
  gbuf-0b6: # Cache stats
   hGETS: 31232 # GETS hits
   hGETX: 2145 # GETX hits
   mGETS: 14848 # GETS misses
   mGETXIM: 51103 # GETX I->M misses
   mGETXSM: 0 # GETX S->M misses (upgrade misses)
   PUTS: 46078 # Clean evictions (from lower level)
   PUTX: 53241 # Dirty evictions (from lower level)
   INV: 0 # Invalidates (from upper level)
   INVX: 0 # Downgrades (from upper level)
   FWD: 0 # Forwards (from upper level)
   latGETnl: 2044481 # GET request latency on next level
   latGETnet: 0 # GET request latency on network to next level
  gbuf-0b7: # Cache stats
   hGETS: 31232 # GETS hits
   hGETX: 2145 # GETX hits
   mGETS: 14848 # GETS misses
   mGETXIM: 51104 # GETX I->M misses
   mGETXSM: 0 # GETX S->M misses (upgrade misses)
   PUTS: 46080 # Clean evictions (from lower level)
   PUTX: 53241 # Dirty evictions (from lower level)
   INV: 0 # Invalidates (from upper level)
   INVX: 0 # Downgrades (from upper level)
   FWD: 0 # Forwards (from upper level)
   latGETnl: 2044512 # GET request latency on next level
   latGETnet: 0 # GET request latency on network to next level
 mem: # Memory controller stats
  mem-0: # Memory channel stats
   rd: 528608 # Read requests
   wr: 392824 # Write requests
   rdlat: 532928046616 # Total latency experienced by read requests
   wrlat: 447623262424 # Total latency experienced by write requests
   rdmlh: # Latency histogram for read requests
    0: 0
    1: 0
    2: 0
    3: 0
    4: 0
    5: 445
    6: 13
    7: 9
    8: 1
    9: 2
    10: 2
    11: 95
    12: 51
    13: 10
    14: 0
    15: 4
    16: 0
    17: 1
    18: 1
    19: 8
    20: 3
    21: 0
    22: 3
    23: 2
    24: 4
    25: 11
    26: 5
    27: 2
    28: 3
    29: 3
    30: 8
    31: 3
    32: 7
    33: 4
    34: 1
    35: 4
    36: 1
    37: 3
    38: 6
    39: 5
    40: 3
    41: 8
    42: 4
    43: 6
    44: 7
    45: 6
    46: 2
    47: 10
    48: 5
    49: 4
    50: 10
    51: 5
    52: 7
    53: 3
    54: 20
    55: 348
    56: 576
    57: 351
    58: 330
    59: 305
    60: 494
    61: 375
    62: 388
    63: 339
    64: 431
    65: 400
    66: 281
    67: 435
    68: 368
    69: 470
    70: 404
    71: 287
    72: 282
    73: 329
    74: 498
    75: 400
    76: 375
    77: 335
    78: 294
    79: 445
    80: 426
    81: 425
    82: 360
    83: 316
    84: 337
    85: 319
    86: 438
    87: 396
    88: 380
    89: 362
    90: 307
    91: 317
    92: 391
    93: 469
    94: 365
    95: 288
    96: 259
    97: 260
    98: 429
    99: 511404
   wrmlh: # Latency histogram for write requests
    0: 0
    1: 0
    2: 0
    3: 0
    4: 0
    5: 72
    6: 364
    7: 705
    8: 394
    9: 415
    10: 476
    11: 661
    12: 544
    13: 550
    14: 346
    15: 551
    16: 430
    17: 516
    18: 478
    19: 751
    20: 506
    21: 589
    22: 523
    23: 675
    24: 454
    25: 622
    26: 558
    27: 799
    28: 614
    29: 647
    30: 600
    31: 918
    32: 632
    33: 667
    34: 675
    35: 1053
    36: 895
    37: 882
    38: 850
    39: 1226
    40: 1112
    41: 999
    42: 875
    43: 1270
    44: 1149
    45: 864
    46: 812
    47: 987
    48: 754
    49: 512
    50: 420
    51: 444
    52: 514
    53: 322
    54: 298
    55: 370
    56: 369
    57: 252
    58: 244
    59: 284
    60: 294
    61: 204
    62: 209
    63: 251
    64: 207
    65: 190
    66: 186
    67: 183
    68: 172
    69: 162
    70: 162
    71: 174
    72: 172
    73: 136
    74: 119
    75: 152
    76: 169
    77: 114
    78: 107
    79: 125
    80: 126
    81: 95
    82: 97
    83: 84
    84: 96
    85: 107
    86: 85
    87: 92
    88: 78
    89: 72
    90: 49
    91: 54
    92: 76
    93: 49
    94: 54
    95: 43
    96: 53
    97: 67
    98: 73
    99: 353397
   ACT: 921432 # Activate commands
   PRE: 937232 # Precharge commands
   RD: 528608 # Read commands
   WR: 392824 # Write commands
   REF: 5378 # Refresh commands
   eACTPRE: 279193896 # Activate/precharge energy
   eRDWR: 1255053528 # Read/write energy
   eREF: 17892606 # Refresh energy
   eBKGD: 414854042 # Background energy
   eWIRE: 140979096 # Channel wire energy
 sched: # Scheduler stats
  thCr: 0 # Threads created
  thFn: 0 # Threads finished
  schedEvs: 0 # Schedule events
  waitEvs: 0 # Wait events
  handoffEvs: 0 # Handoff events
  sleepEvs: 0 # Sleep events
  idlePhases: 0 # Phases with no thread active
  idlePeriods: 0 # Periods with no thread active
  occHist: # Occupancy histogram
   0: 1048
   1: 0
  rqSzHist: # Run queue size histogram
   0: 1048
   1: 0
   2: 0
   3: 0
   4: 0
   5: 0
   6: 0
   7: 0
   8: 0
   9: 0
   10: 0
   11: 0
   12: 0
   13: 0
   14: 0
   15: 0
   16: 0
 procCycles: # Per-process unhalted core cycles
  0: 0
  1: 0
  2: 0
  3: 0
  4: 0
  5: 0
  6: 0
  7: 0
  8: 0
  9: 0
  10: 0
  11: 0
  12: 0
  13: 0
  14: 0
  15: 0
  16: 0
  17: 0
  18: 0
  19: 0
  20: 0
  21: 0
  22: 0
  23: 0
  24: 0
  25: 0
  26: 0
  27: 0
  28: 0
  29: 0
  30: 0
  31: 0
 procInstrs: # Per-process instructions
  0: 0
  1: 0
  2: 0
  3: 0
  4: 0
  5: 0
  6: 0
  7: 0
  8: 0
  9: 0
  10: 0
  11: 0
  12: 0
  13: 0
  14: 0
  15: 0
  16: 0
  17: 0
  18: 0
  19: 0
  20: 0
  21: 0
  22: 0
  23: 0
  24: 0
  25: 0
  26: 0
  27: 0
  28: 0
  29: 0
  30: 0
  31: 0
 heartbeats: # Per-process heartbeats
  0: 0
  1: 0
  2: 0
  3: 0
  4: 0
  5: 0
  6: 0
  7: 0
  8: 0
  9: 0
  10: 0
  11: 0
  12: 0
  13: 0
  14: 0
  15: 0
  16: 0
  17: 0
  18: 0
  19: 0
  20: 0
  21: 0
  22: 0
  23: 0
  24: 0
  25: 0
  26: 0
  27: 0
  28: 0
  29: 0
  30: 0
  31: 0
===
