# zsim stats
===
root: # Stats
 contention: # Contention simulation stats
  domain-0: # Domain stats
   time: 1966038750 # Weave simulation time
 time: # Simulator time breakdown
  init: 5324500271
  bound: 50875362629
  weave: 1993242601
  ff: 1324702093
 trigger: 20000 # Reason for this stats dump
 phase: 121 # Simulated phases
 l: # Logic unit stats
  l-0: # Logic unit stats
   cycles: 1207585 # Simulated unhalted cycles
   cCycles: 1072481 # Cycles due to contention stalls
   ops: 13736 # Simulated operations
   compOps: 8 # Simulated compute operations
 c: # Core stats
  c-0: # Core stats
   cycles: 0 # Simulated cycles
   instrs: 0 # Simulated instructions
 rdbuf: # Cache stats
  rdbuf-0: # Filter cache stats
   fhGETS: 10368 # Filtered GETS hits
   fhGETX: 0 # Filtered GETX hits
   hGETS: 0 # GETS hits
   hGETX: 0 # GETX hits
   mGETS: 93312 # GETS misses
   mGETXIM: 0 # GETX I->M misses
   mGETXSM: 0 # GETX S->M misses (upgrade misses)
   PUTS: 0 # Clean evictions (from lower level)
   PUTX: 0 # Dirty evictions (from lower level)
   INV: 0 # Invalidates (from upper level)
   INVX: 0 # Downgrades (from upper level)
   FWD: 0 # Forwards (from upper level)
   latGETnl: 2985984 # GET request latency on next level
   latGETnet: 0 # GET request latency on network to next level
 wrbuf: # Cache stats
  wrbuf-0: # Filter cache stats
   fhGETS: 0 # Filtered GETS hits
   fhGETX: 2328 # Filtered GETX hits
   hGETS: 0 # GETS hits
   hGETX: 0 # GETX hits
   mGETS: 0 # GETS misses
   mGETXIM: 21632 # GETX I->M misses
   mGETXSM: 0 # GETX S->M misses (upgrade misses)
   PUTS: 0 # Clean evictions (from lower level)
   PUTX: 0 # Dirty evictions (from lower level)
   INV: 7 # Invalidates (from upper level)
   INVX: 0 # Downgrades (from upper level)
   FWD: 0 # Forwards (from upper level)
   latGETnl: 692224 # GET request latency on next level
   latGETnet: 0 # GET request latency on network to next level
 gbuf: # Cache stats
  gbuf-0b0: # Cache stats
   hGETS: 0 # GETS hits
   hGETX: 0 # GETX hits
   mGETS: 11664 # GETS misses
   mGETXIM: 2704 # GETX I->M misses
   mGETXSM: 0 # GETX S->M misses (upgrade misses)
   PUTS: 11664 # Clean evictions (from lower level)
   PUTX: 2704 # Dirty evictions (from lower level)
   INV: 0 # Invalidates (from upper level)
   INVX: 0 # Downgrades (from upper level)
   FWD: 0 # Forwards (from upper level)
   latGETnl: 445408 # GET request latency on next level
   latGETnet: 0 # GET request latency on network to next level
  gbuf-0b1: # Cache stats
   hGETS: 0 # GETS hits
   hGETX: 0 # GETX hits
   mGETS: 11664 # GETS misses
   mGETXIM: 2704 # GETX I->M misses
   mGETXSM: 0 # GETX S->M misses (upgrade misses)
   PUTS: 11664 # Clean evictions (from lower level)
   PUTX: 2704 # Dirty evictions (from lower level)
   INV: 0 # Invalidates (from upper level)
   INVX: 0 # Downgrades (from upper level)
   FWD: 0 # Forwards (from upper level)
   latGETnl: 445408 # GET request latency on next level
   latGETnet: 0 # GET request latency on network to next level
  gbuf-0b2: # Cache stats
   hGETS: 0 # GETS hits
   hGETX: 0 # GETX hits
   mGETS: 11664 # GETS misses
   mGETXIM: 2704 # GETX I->M misses
   mGETXSM: 0 # GETX S->M misses (upgrade misses)
   PUTS: 11664 # Clean evictions (from lower level)
   PUTX: 2704 # Dirty evictions (from lower level)
   INV: 0 # Invalidates (from upper level)
   INVX: 0 # Downgrades (from upper level)
   FWD: 0 # Forwards (from upper level)
   latGETnl: 445408 # GET request latency on next level
   latGETnet: 0 # GET request latency on network to next level
  gbuf-0b3: # Cache stats
   hGETS: 0 # GETS hits
   hGETX: 0 # GETX hits
   mGETS: 11664 # GETS misses
   mGETXIM: 2704 # GETX I->M misses
   mGETXSM: 0 # GETX S->M misses (upgrade misses)
   PUTS: 11664 # Clean evictions (from lower level)
   PUTX: 2704 # Dirty evictions (from lower level)
   INV: 0 # Invalidates (from upper level)
   INVX: 0 # Downgrades (from upper level)
   FWD: 0 # Forwards (from upper level)
   latGETnl: 445408 # GET request latency on next level
   latGETnet: 0 # GET request latency on network to next level
  gbuf-0b4: # Cache stats
   hGETS: 0 # GETS hits
   hGETX: 0 # GETX hits
   mGETS: 11664 # GETS misses
   mGETXIM: 2704 # GETX I->M misses
   mGETXSM: 0 # GETX S->M misses (upgrade misses)
   PUTS: 11664 # Clean evictions (from lower level)
   PUTX: 2704 # Dirty evictions (from lower level)
   INV: 0 # Invalidates (from upper level)
   INVX: 0 # Downgrades (from upper level)
   FWD: 0 # Forwards (from upper level)
   latGETnl: 445408 # GET request latency on next level
   latGETnet: 0 # GET request latency on network to next level
  gbuf-0b5: # Cache stats
   hGETS: 0 # GETS hits
   hGETX: 0 # GETX hits
   mGETS: 11664 # GETS misses
   mGETXIM: 2704 # GETX I->M misses
   mGETXSM: 0 # GETX S->M misses (upgrade misses)
   PUTS: 11664 # Clean evictions (from lower level)
   PUTX: 2704 # Dirty evictions (from lower level)
   INV: 0 # Invalidates (from upper level)
   INVX: 0 # Downgrades (from upper level)
   FWD: 0 # Forwards (from upper level)
   latGETnl: 445408 # GET request latency on next level
   latGETnet: 0 # GET request latency on network to next level
  gbuf-0b6: # Cache stats
   hGETS: 0 # GETS hits
   hGETX: 0 # GETX hits
   mGETS: 11664 # GETS misses
   mGETXIM: 2704 # GETX I->M misses
   mGETXSM: 0 # GETX S->M misses (upgrade misses)
   PUTS: 11663 # Clean evictions (from lower level)
   PUTX: 2704 # Dirty evictions (from lower level)
   INV: 0 # Invalidates (from upper level)
   INVX: 0 # Downgrades (from upper level)
   FWD: 0 # Forwards (from upper level)
   latGETnl: 445408 # GET request latency on next level
   latGETnet: 0 # GET request latency on network to next level
  gbuf-0b7: # Cache stats
   hGETS: 0 # GETS hits
   hGETX: 0 # GETX hits
   mGETS: 11664 # GETS misses
   mGETXIM: 2704 # GETX I->M misses
   mGETXSM: 0 # GETX S->M misses (upgrade misses)
   PUTS: 11664 # Clean evictions (from lower level)
   PUTX: 2696 # Dirty evictions (from lower level)
   INV: 0 # Invalidates (from upper level)
   INVX: 0 # Downgrades (from upper level)
   FWD: 0 # Forwards (from upper level)
   latGETnl: 445408 # GET request latency on next level
   latGETnet: 0 # GET request latency on network to next level
 mem: # Memory controller stats
  mem-0: # Memory channel stats
   rd: 114944 # Read requests
   wr: 18928 # Write requests
   rdlat: 7863485421 # Total latency experienced by read requests
   wrlat: 982383882 # Total latency experienced by write requests
   rdmlh: # Latency histogram for read requests
    0: 0
    1: 0
    2: 0
    3: 0
    4: 0
    5: 9
    6: 17
    7: 27
    8: 18
    9: 10
    10: 0
    11: 0
    12: 9
    13: 18
    14: 18
    15: 26
    16: 1
    17: 0
    18: 0
    19: 26
    20: 17
    21: 20
    22: 9
    23: 1
    24: 0
    25: 9
    26: 17
    27: 34
    28: 10
    29: 2
    30: 2
    31: 10
    32: 16
    33: 26
    34: 17
    35: 10
    36: 2
    37: 2
    38: 9
    39: 18
    40: 16
    41: 27
    42: 2
    43: 1
    44: 1
    45: 26
    46: 17
    47: 19
    48: 9
    49: 2
    50: 2
    51: 9
    52: 17
    53: 33
    54: 9
    55: 19
    56: 11
    57: 33
    58: 2
    59: 4
    60: 8
    61: 15
    62: 15
    63: 26
    64: 11
    65: 3
    66: 2
    67: 9
    68: 15
    69: 17
    70: 17
    71: 11
    72: 3
    73: 1
    74: 9
    75: 31
    76: 16
    77: 13
    78: 0
    79: 3
    80: 10
    81: 16
    82: 15
    83: 25
    84: 2
    85: 5
    86: 8
    87: 16
    88: 15
    89: 25
    90: 10
    91: 3
    92: 3
    93: 9
    94: 16
    95: 16
    96: 17
    97: 19
    98: 10
    99: 113810
   wrmlh: # Latency histogram for write requests
    0: 0
    1: 0
    2: 0
    3: 0
    4: 0
    5: 16
    6: 10
    7: 21
    8: 36
    9: 9
    10: 0
    11: 14
    12: 21
    13: 2
    14: 3
    15: 40
    16: 7
    17: 22
    18: 14
    19: 18
    20: 2
    21: 14
    22: 8
    23: 13
    24: 2
    25: 28
    26: 21
    27: 21
    28: 12
    29: 15
    30: 0
    31: 13
    32: 18
    33: 1
    34: 13
    35: 33
    36: 17
    37: 11
    38: 10
    39: 19
    40: 4
    41: 15
    42: 15
    43: 12
    44: 17
    45: 28
    46: 38
    47: 45
    48: 29
    49: 84
    50: 19
    51: 50
    52: 17
    53: 26
    54: 24
    55: 50
    56: 29
    57: 13
    58: 24
    59: 29
    60: 25
    61: 11
    62: 18
    63: 43
    64: 23
    65: 20
    66: 11
    67: 24
    68: 5
    69: 16
    70: 13
    71: 20
    72: 15
    73: 16
    74: 22
    75: 14
    76: 6
    77: 7
    78: 5
    79: 3
    80: 0
    81: 3
    82: 1
    83: 3
    84: 0
    85: 0
    86: 0
    87: 1
    88: 1
    89: 0
    90: 0
    91: 1
    92: 2
    93: 1
    94: 1
    95: 1
    96: 0
    97: 0
    98: 1
    99: 17523
   ACT: 133872 # Activate commands
   PRE: 135708 # Precharge commands
   RD: 114944 # Read commands
   WR: 18928 # Write commands
   REF: 621 # Refresh commands
   eACTPRE: 40563216 # Activate/precharge energy
   eRDWR: 181084080 # Read/write energy
   eREF: 2066067 # Refresh energy
   eBKGD: 47647987 # Background energy
   eWIRE: 20482416 # Channel wire energy
 sched: # Scheduler stats
  thCr: 0 # Threads created
  thFn: 0 # Threads finished
  schedEvs: 0 # Schedule events
  waitEvs: 0 # Wait events
  handoffEvs: 0 # Handoff events
  sleepEvs: 0 # Sleep events
  idlePhases: 0 # Phases with no thread active
  idlePeriods: 0 # Periods with no thread active
  occHist: # Occupancy histogram
   0: 121
   1: 0
  rqSzHist: # Run queue size histogram
   0: 121
   1: 0
   2: 0
   3: 0
   4: 0
   5: 0
   6: 0
   7: 0
   8: 0
   9: 0
   10: 0
   11: 0
   12: 0
   13: 0
   14: 0
   15: 0
   16: 0
 procCycles: # Per-process unhalted core cycles
  0: 0
  1: 0
  2: 0
  3: 0
  4: 0
  5: 0
  6: 0
  7: 0
  8: 0
  9: 0
  10: 0
  11: 0
  12: 0
  13: 0
  14: 0
  15: 0
  16: 0
  17: 0
  18: 0
  19: 0
  20: 0
  21: 0
  22: 0
  23: 0
  24: 0
  25: 0
  26: 0
  27: 0
  28: 0
  29: 0
  30: 0
  31: 0
 procInstrs: # Per-process instructions
  0: 0
  1: 0
  2: 0
  3: 0
  4: 0
  5: 0
  6: 0
  7: 0
  8: 0
  9: 0
  10: 0
  11: 0
  12: 0
  13: 0
  14: 0
  15: 0
  16: 0
  17: 0
  18: 0
  19: 0
  20: 0
  21: 0
  22: 0
  23: 0
  24: 0
  25: 0
  26: 0
  27: 0
  28: 0
  29: 0
  30: 0
  31: 0
 heartbeats: # Per-process heartbeats
  0: 0
  1: 0
  2: 0
  3: 0
  4: 0
  5: 0
  6: 0
  7: 0
  8: 0
  9: 0
  10: 0
  11: 0
  12: 0
  13: 0
  14: 0
  15: 0
  16: 0
  17: 0
  18: 0
  19: 0
  20: 0
  21: 0
  22: 0
  23: 0
  24: 0
  25: 0
  26: 0
  27: 0
  28: 0
  29: 0
  30: 0
  31: 0
===
