# zsim stats
===
root: # Stats
 contention: # Contention simulation stats
  domain-0: # Domain stats
   time: 11691972836 # Weave simulation time
 time: # Simulator time breakdown
  init: 638310351
  bound: 33093590542
  weave: 14497607716
  ff: 1231253013
 trigger: 20000 # Reason for this stats dump
 phase: 27996 # Simulated phases
 l: # Logic unit stats
  l-0: # Logic unit stats
   cycles: 279954443 # Simulated unhalted cycles
   cCycles: 13203387 # Cycles due to contention stalls
   ops: 1156960 # Simulated operations
   compOps: 5120 # Simulated compute operations
 c: # Core stats
  c-0: # Core stats
   cycles: 0 # Simulated cycles
   instrs: 0 # Simulated instructions
 rdbuf: # Cache stats
  rdbuf-0: # Filter cache stats
   fhGETS: 38400 # Filtered GETS hits
   fhGETX: 0 # Filtered GETX hits
   hGETS: 0 # GETS hits
   hGETX: 0 # GETX hits
   mGETS: 2043904 # GETS misses
   mGETXIM: 0 # GETX I->M misses
   mGETXSM: 0 # GETX S->M misses (upgrade misses)
   PUTS: 0 # Clean evictions (from lower level)
   PUTX: 0 # Dirty evictions (from lower level)
   INV: 1 # Invalidates (from upper level)
   INVX: 0 # Downgrades (from upper level)
   FWD: 0 # Forwards (from upper level)
   latGETnl: 33734646 # GET request latency on next level
   latGETnet: 0 # GET request latency on network to next level
 wrbuf: # Cache stats
  wrbuf-0: # Filter cache stats
   fhGETS: 0 # Filtered GETS hits
   fhGETX: 19664 # Filtered GETX hits
   hGETS: 0 # GETS hits
   hGETX: 0 # GETX hits
   mGETS: 0 # GETS misses
   mGETXIM: 173120 # GETX I->M misses
   mGETXSM: 0 # GETX S->M misses (upgrade misses)
   PUTS: 0 # Clean evictions (from lower level)
   PUTX: 0 # Dirty evictions (from lower level)
   INV: 10 # Invalidates (from upper level)
   INVX: 0 # Downgrades (from upper level)
   FWD: 0 # Forwards (from upper level)
   latGETnl: 5345408 # GET request latency on next level
   latGETnet: 0 # GET request latency on network to next level
 gbuf: # Cache stats
  gbuf-0b0: # Cache stats
   hGETS: 127483 # GETS hits
   hGETX: 826 # GETX hits
   mGETS: 128000 # GETS misses
   mGETXIM: 20820 # GETX I->M misses
   mGETXSM: 0 # GETX S->M misses (upgrade misses)
   PUTS: 255483 # Clean evictions (from lower level)
   PUTX: 21644 # Dirty evictions (from lower level)
   INV: 0 # Invalidates (from upper level)
   INVX: 0 # Downgrades (from upper level)
   FWD: 0 # Forwards (from upper level)
   latGETnl: 4613420 # GET request latency on next level
   latGETnet: 0 # GET request latency on network to next level
  gbuf-0b1: # Cache stats
   hGETS: 127544 # GETS hits
   hGETX: 815 # GETX hits
   mGETS: 127949 # GETS misses
   mGETXIM: 20823 # GETX I->M misses
   mGETXSM: 0 # GETX S->M misses (upgrade misses)
   PUTS: 255493 # Clean evictions (from lower level)
   PUTX: 21637 # Dirty evictions (from lower level)
   INV: 0 # Invalidates (from upper level)
   INVX: 0 # Downgrades (from upper level)
   FWD: 0 # Forwards (from upper level)
   latGETnl: 4611932 # GET request latency on next level
   latGETnet: 0 # GET request latency on network to next level
  gbuf-0b2: # Cache stats
   hGETS: 127556 # GETS hits
   hGETX: 783 # GETX hits
   mGETS: 127942 # GETS misses
   mGETXIM: 20865 # GETX I->M misses
   mGETXSM: 0 # GETX S->M misses (upgrade misses)
   PUTS: 255497 # Clean evictions (from lower level)
   PUTX: 21647 # Dirty evictions (from lower level)
   INV: 0 # Invalidates (from upper level)
   INVX: 0 # Downgrades (from upper level)
   FWD: 0 # Forwards (from upper level)
   latGETnl: 4613017 # GET request latency on next level
   latGETnet: 0 # GET request latency on network to next level
  gbuf-0b3: # Cache stats
   hGETS: 127437 # GETS hits
   hGETX: 802 # GETX hits
   mGETS: 128041 # GETS misses
   mGETXIM: 20842 # GETX I->M misses
   mGETXSM: 0 # GETX S->M misses (upgrade misses)
   PUTS: 255478 # Clean evictions (from lower level)
   PUTX: 21642 # Dirty evictions (from lower level)
   INV: 0 # Invalidates (from upper level)
   INVX: 0 # Downgrades (from upper level)
   FWD: 0 # Forwards (from upper level)
   latGETnl: 4615373 # GET request latency on next level
   latGETnet: 0 # GET request latency on network to next level
  gbuf-0b4: # Cache stats
   hGETS: 127731 # GETS hits
   hGETX: 734 # GETX hits
   mGETS: 127764 # GETS misses
   mGETXIM: 20904 # GETX I->M misses
   mGETXSM: 0 # GETX S->M misses (upgrade misses)
   PUTS: 255495 # Clean evictions (from lower level)
   PUTX: 21637 # Dirty evictions (from lower level)
   INV: 0 # Invalidates (from upper level)
   INVX: 0 # Downgrades (from upper level)
   FWD: 0 # Forwards (from upper level)
   latGETnl: 4608708 # GET request latency on next level
   latGETnet: 0 # GET request latency on network to next level
  gbuf-0b5: # Cache stats
   hGETS: 127955 # GETS hits
   hGETX: 775 # GETX hits
   mGETS: 127528 # GETS misses
   mGETXIM: 20863 # GETX I->M misses
   mGETXSM: 0 # GETX S->M misses (upgrade misses)
   PUTS: 255483 # Clean evictions (from lower level)
   PUTX: 21637 # Dirty evictions (from lower level)
   INV: 0 # Invalidates (from upper level)
   INVX: 0 # Downgrades (from upper level)
   FWD: 0 # Forwards (from upper level)
   latGETnl: 4600121 # GET request latency on next level
   latGETnet: 0 # GET request latency on network to next level
  gbuf-0b6: # Cache stats
   hGETS: 127938 # GETS hits
   hGETX: 764 # GETX hits
   mGETS: 127533 # GETS misses
   mGETXIM: 20868 # GETX I->M misses
   mGETXSM: 0 # GETX S->M misses (upgrade misses)
   PUTS: 255470 # Clean evictions (from lower level)
   PUTX: 21631 # Dirty evictions (from lower level)
   INV: 0 # Invalidates (from upper level)
   INVX: 0 # Downgrades (from upper level)
   FWD: 0 # Forwards (from upper level)
   latGETnl: 4600431 # GET request latency on next level
   latGETnet: 0 # GET request latency on network to next level
  gbuf-0b7: # Cache stats
   hGETS: 127978 # GETS hits
   hGETX: 773 # GETX hits
   mGETS: 127525 # GETS misses
   mGETXIM: 20863 # GETX I->M misses
   mGETXSM: 0 # GETX S->M misses (upgrade misses)
   PUTS: 255503 # Clean evictions (from lower level)
   PUTX: 21635 # Dirty evictions (from lower level)
   INV: 0 # Invalidates (from upper level)
   INVX: 0 # Downgrades (from upper level)
   FWD: 0 # Forwards (from upper level)
   latGETnl: 4600028 # GET request latency on next level
   latGETnet: 0 # GET request latency on network to next level
 mem: # Memory controller stats
  mem-0: # Memory channel stats
   rd: 1189130 # Read requests
   wr: 173120 # Write requests
   rdlat: 13045545191 # Total latency experienced by read requests
   wrlat: 528915852 # Total latency experienced by write requests
   rdmlh: # Latency histogram for read requests
    0: 0
    1: 0
    2: 0
    3: 0
    4: 0
    5: 8010
    6: 8502
    7: 6154
    8: 2098
    9: 1424
    10: 7204
    11: 5442
    12: 3760
    13: 3509
    14: 3110
    15: 9257
    16: 5186
    17: 637
    18: 1143
    19: 4975
    20: 7490
    21: 8087
    22: 1152
    23: 1751
    24: 872
    25: 7324
    26: 8672
    27: 3530
    28: 2058
    29: 2157
    30: 5631
    31: 6865
    32: 3083
    33: 4802
    34: 2138
    35: 7485
    36: 8232
    37: 2651
    38: 2627
    39: 2520
    40: 5770
    41: 5908
    42: 3095
    43: 3312
    44: 3010
    45: 7135
    46: 5264
    47: 2224
    48: 2390
    49: 3402
    50: 9011
    51: 7204
    52: 1853
    53: 2252
    54: 1694
    55: 9146
    56: 6971
    57: 3396
    58: 2477
    59: 1683
    60: 5985
    61: 5959
    62: 4113
    63: 2830
    64: 2482
    65: 5949
    66: 4454
    67: 1058
    68: 1071
    69: 1120
    70: 5602
    71: 4267
    72: 1032
    73: 925
    74: 1095
    75: 5350
    76: 4232
    77: 1056
    78: 853
    79: 876
    80: 5420
    81: 3959
    82: 1013
    83: 699
    84: 992
    85: 5314
    86: 3852
    87: 956
    88: 790
    89: 906
    90: 5239
    91: 3728
    92: 959
    93: 731
    94: 931
    95: 5131
    96: 3596
    97: 939
    98: 692
    99: 836239
   wrmlh: # Latency histogram for write requests
    0: 0
    1: 0
    2: 0
    3: 0
    4: 0
    5: 317
    6: 553
    7: 1298
    8: 914
    9: 729
    10: 647
    11: 964
    12: 686
    13: 512
    14: 472
    15: 652
    16: 698
    17: 1135
    18: 936
    19: 1713
    20: 3005
    21: 953
    22: 697
    23: 1182
    24: 752
    25: 813
    26: 940
    27: 1526
    28: 1970
    29: 2928
    30: 1137
    31: 1750
    32: 1518
    33: 1861
    34: 689
    35: 952
    36: 1011
    37: 1030
    38: 1064
    39: 2093
    40: 1461
    41: 1585
    42: 1973
    43: 863
    44: 834
    45: 1295
    46: 774
    47: 675
    48: 1161
    49: 1241
    50: 1219
    51: 1312
    52: 1739
    53: 1402
    54: 1536
    55: 1331
    56: 875
    57: 1473
    58: 1123
    59: 1021
    60: 826
    61: 929
    62: 1138
    63: 903
    64: 1120
    65: 1049
    66: 987
    67: 1350
    68: 767
    69: 669
    70: 1009
    71: 576
    72: 496
    73: 518
    74: 390
    75: 384
    76: 347
    77: 307
    78: 310
    79: 403
    80: 318
    81: 229
    82: 179
    83: 255
    84: 136
    85: 110
    86: 126
    87: 96
    88: 101
    89: 125
    90: 114
    91: 85
    92: 97
    93: 84
    94: 66
    95: 74
    96: 78
    97: 76
    98: 88
    99: 91215
   ACT: 1362250 # Activate commands
   PRE: 1500955 # Precharge commands
   RD: 1189130 # Read commands
   WR: 173120 # Write commands
   REF: 143643 # Refresh commands
   eACTPRE: 412761750 # Activate/precharge energy
   eRDWR: 1842025960 # Read/write energy
   eREF: 477900261 # Refresh energy
   eBKGD: 10636347098 # Background energy
   eWIRE: 208424250 # Channel wire energy
 sched: # Scheduler stats
  thCr: 0 # Threads created
  thFn: 0 # Threads finished
  schedEvs: 0 # Schedule events
  waitEvs: 0 # Wait events
  handoffEvs: 0 # Handoff events
  sleepEvs: 0 # Sleep events
  idlePhases: 0 # Phases with no thread active
  idlePeriods: 0 # Periods with no thread active
  occHist: # Occupancy histogram
   0: 27996
   1: 0
  rqSzHist: # Run queue size histogram
   0: 27996
   1: 0
   2: 0
   3: 0
   4: 0
   5: 0
   6: 0
   7: 0
   8: 0
   9: 0
   10: 0
   11: 0
   12: 0
   13: 0
   14: 0
   15: 0
   16: 0
 procCycles: # Per-process unhalted core cycles
  0: 0
  1: 0
  2: 0
  3: 0
  4: 0
  5: 0
  6: 0
  7: 0
  8: 0
  9: 0
  10: 0
  11: 0
  12: 0
  13: 0
  14: 0
  15: 0
  16: 0
  17: 0
  18: 0
  19: 0
  20: 0
  21: 0
  22: 0
  23: 0
  24: 0
  25: 0
  26: 0
  27: 0
  28: 0
  29: 0
  30: 0
  31: 0
 procInstrs: # Per-process instructions
  0: 0
  1: 0
  2: 0
  3: 0
  4: 0
  5: 0
  6: 0
  7: 0
  8: 0
  9: 0
  10: 0
  11: 0
  12: 0
  13: 0
  14: 0
  15: 0
  16: 0
  17: 0
  18: 0
  19: 0
  20: 0
  21: 0
  22: 0
  23: 0
  24: 0
  25: 0
  26: 0
  27: 0
  28: 0
  29: 0
  30: 0
  31: 0
 heartbeats: # Per-process heartbeats
  0: 0
  1: 0
  2: 0
  3: 0
  4: 0
  5: 0
  6: 0
  7: 0
  8: 0
  9: 0
  10: 0
  11: 0
  12: 0
  13: 0
  14: 0
  15: 0
  16: 0
  17: 0
  18: 0
  19: 0
  20: 0
  21: 0
  22: 0
  23: 0
  24: 0
  25: 0
  26: 0
  27: 0
  28: 0
  29: 0
  30: 0
  31: 0
===
