# zsim stats
===
root: # Stats
 contention: # Contention simulation stats
  domain-0: # Domain stats
   time: 19860528 # Weave simulation time
 time: # Simulator time breakdown
  init: 641333070
  bound: 417876585209
  weave: 10375560
  ff: 1195443414
 trigger: 20000 # Reason for this stats dump
 phase: 60795 # Simulated phases
 l: # Logic unit stats
  l-0: # Logic unit stats
   cycles: 607947225 # Simulated unhalted cycles
   cCycles: 505728281 # Cycles due to contention stalls
   ops: 17010480 # Simulated operations
   compOps: 8192 # Simulated compute operations
 c: # Core stats
  c-0: # Core stats
   cycles: 0 # Simulated cycles
   instrs: 0 # Simulated instructions
 rdbuf: # Cache stats
  rdbuf-0: # Filter cache stats
   fhGETS: 172032 # Filtered GETS hits
   fhGETX: 0 # Filtered GETX hits
   hGETS: 0 # GETS hits
   hGETX: 0 # GETX hits
   mGETS: 16977920 # GETS misses
   mGETXIM: 0 # GETX I->M misses
   mGETXSM: 0 # GETX S->M misses (upgrade misses)
   PUTS: 0 # Clean evictions (from lower level)
   PUTX: 0 # Dirty evictions (from lower level)
   INV: 8 # Invalidates (from upper level)
   INVX: 0 # Downgrades (from upper level)
   FWD: 0 # Forwards (from upper level)
   latGETnl: 543293440 # GET request latency on next level
   latGETnet: 0 # GET request latency on network to next level
 wrbuf: # Cache stats
  wrbuf-0: # Filter cache stats
   fhGETS: 0 # Filtered GETS hits
   fhGETX: 11320 # Filtered GETX hits
   hGETS: 0 # GETS hits
   hGETX: 0 # GETX hits
   mGETS: 0 # GETS misses
   mGETXIM: 100352 # GETX I->M misses
   mGETXSM: 0 # GETX S->M misses (upgrade misses)
   PUTS: 0 # Clean evictions (from lower level)
   PUTX: 0 # Dirty evictions (from lower level)
   INV: 8 # Invalidates (from upper level)
   INVX: 0 # Downgrades (from upper level)
   FWD: 0 # Forwards (from upper level)
   latGETnl: 3210892 # GET request latency on next level
   latGETnet: 0 # GET request latency on network to next level
 gbuf: # Cache stats
  gbuf-0b0: # Cache stats
   hGETS: 0 # GETS hits
   hGETX: 2 # GETX hits
   mGETS: 2122240 # GETS misses
   mGETXIM: 12542 # GETX I->M misses
   mGETXSM: 0 # GETX S->M misses (upgrade misses)
   PUTS: 2122240 # Clean evictions (from lower level)
   PUTX: 12544 # Dirty evictions (from lower level)
   INV: 0 # Invalidates (from upper level)
   INVX: 0 # Downgrades (from upper level)
   FWD: 0 # Forwards (from upper level)
   latGETnl: 66178242 # GET request latency on next level
   latGETnet: 0 # GET request latency on network to next level
  gbuf-0b1: # Cache stats
   hGETS: 0 # GETS hits
   hGETX: 2 # GETX hits
   mGETS: 2122240 # GETS misses
   mGETXIM: 12542 # GETX I->M misses
   mGETXSM: 0 # GETX S->M misses (upgrade misses)
   PUTS: 2122237 # Clean evictions (from lower level)
   PUTX: 12544 # Dirty evictions (from lower level)
   INV: 0 # Invalidates (from upper level)
   INVX: 0 # Downgrades (from upper level)
   FWD: 0 # Forwards (from upper level)
   latGETnl: 66178242 # GET request latency on next level
   latGETnet: 0 # GET request latency on network to next level
  gbuf-0b2: # Cache stats
   hGETS: 0 # GETS hits
   hGETX: 2 # GETX hits
   mGETS: 2122240 # GETS misses
   mGETXIM: 12542 # GETX I->M misses
   mGETXSM: 0 # GETX S->M misses (upgrade misses)
   PUTS: 2122238 # Clean evictions (from lower level)
   PUTX: 12544 # Dirty evictions (from lower level)
   INV: 0 # Invalidates (from upper level)
   INVX: 0 # Downgrades (from upper level)
   FWD: 0 # Forwards (from upper level)
   latGETnl: 66178242 # GET request latency on next level
   latGETnet: 0 # GET request latency on network to next level
  gbuf-0b3: # Cache stats
   hGETS: 0 # GETS hits
   hGETX: 2 # GETX hits
   mGETS: 2122240 # GETS misses
   mGETXIM: 12542 # GETX I->M misses
   mGETXSM: 0 # GETX S->M misses (upgrade misses)
   PUTS: 2122237 # Clean evictions (from lower level)
   PUTX: 12544 # Dirty evictions (from lower level)
   INV: 0 # Invalidates (from upper level)
   INVX: 0 # Downgrades (from upper level)
   FWD: 0 # Forwards (from upper level)
   latGETnl: 66178242 # GET request latency on next level
   latGETnet: 0 # GET request latency on network to next level
  gbuf-0b4: # Cache stats
   hGETS: 0 # GETS hits
   hGETX: 1 # GETX hits
   mGETS: 2122240 # GETS misses
   mGETXIM: 12543 # GETX I->M misses
   mGETXSM: 0 # GETX S->M misses (upgrade misses)
   PUTS: 2122239 # Clean evictions (from lower level)
   PUTX: 12544 # Dirty evictions (from lower level)
   INV: 0 # Invalidates (from upper level)
   INVX: 0 # Downgrades (from upper level)
   FWD: 0 # Forwards (from upper level)
   latGETnl: 66178273 # GET request latency on next level
   latGETnet: 0 # GET request latency on network to next level
  gbuf-0b5: # Cache stats
   hGETS: 0 # GETS hits
   hGETX: 1 # GETX hits
   mGETS: 2122240 # GETS misses
   mGETXIM: 12543 # GETX I->M misses
   mGETXSM: 0 # GETX S->M misses (upgrade misses)
   PUTS: 2122240 # Clean evictions (from lower level)
   PUTX: 12544 # Dirty evictions (from lower level)
   INV: 0 # Invalidates (from upper level)
   INVX: 0 # Downgrades (from upper level)
   FWD: 0 # Forwards (from upper level)
   latGETnl: 66178273 # GET request latency on next level
   latGETnet: 0 # GET request latency on network to next level
  gbuf-0b6: # Cache stats
   hGETS: 0 # GETS hits
   hGETX: 1 # GETX hits
   mGETS: 2122240 # GETS misses
   mGETXIM: 12543 # GETX I->M misses
   mGETXSM: 0 # GETX S->M misses (upgrade misses)
   PUTS: 2122240 # Clean evictions (from lower level)
   PUTX: 12541 # Dirty evictions (from lower level)
   INV: 0 # Invalidates (from upper level)
   INVX: 0 # Downgrades (from upper level)
   FWD: 0 # Forwards (from upper level)
   latGETnl: 66178273 # GET request latency on next level
   latGETnet: 0 # GET request latency on network to next level
  gbuf-0b7: # Cache stats
   hGETS: 0 # GETS hits
   hGETX: 1 # GETX hits
   mGETS: 2122240 # GETS misses
   mGETXIM: 12543 # GETX I->M misses
   mGETXSM: 0 # GETX S->M misses (upgrade misses)
   PUTS: 2122240 # Clean evictions (from lower level)
   PUTX: 12539 # Dirty evictions (from lower level)
   INV: 0 # Invalidates (from upper level)
   INVX: 0 # Downgrades (from upper level)
   FWD: 0 # Forwards (from upper level)
   latGETnl: 66178273 # GET request latency on next level
   latGETnet: 0 # GET request latency on network to next level
 mem: # Memory controller stats
  mem-0: # Memory channel stats
   rd: 17078260 # Read requests
   wr: 100352 # Write requests
   rdlat: 538462946259 # Total latency experienced by read requests
   wrlat: 8890778764 # Total latency experienced by write requests
   rdmlh: # Latency histogram for read requests
    0: 0
    1: 0
    2: 0
    3: 0
    4: 0
    5: 16091
    6: 29
    7: 30
    8: 20
    9: 19
    10: 15
    11: 15983
    12: 29
    13: 54
    14: 30
    15: 33
    16: 17
    17: 15866
    18: 37
    19: 65
    20: 48
    21: 29
    22: 8171
    23: 7545
    24: 41
    25: 61
    26: 68
    27: 59
    28: 8173
    29: 7401
    30: 83
    31: 88
    32: 92
    33: 60
    34: 15377
    35: 122
    36: 125
    37: 94
    38: 115
    39: 92
    40: 15274
    41: 157
    42: 128
    43: 123
    44: 129
    45: 94
    46: 15178
    47: 197
    48: 158
    49: 132
    50: 158
    51: 8120
    52: 7055
    53: 251
    54: 162
    55: 180
    56: 200
    57: 8321
    58: 6801
    59: 237
    60: 176
    61: 247
    62: 187
    63: 14756
    64: 268
    65: 301
    66: 183
    67: 263
    68: 205
    69: 14668
    70: 328
    71: 256
    72: 235
    73: 290
    74: 171
    75: 14586
    76: 361
    77: 279
    78: 229
    79: 342
    80: 8086
    81: 6553
    82: 426
    83: 253
    84: 278
    85: 346
    86: 8415
    87: 6196
    88: 395
    89: 263
    90: 384
    91: 313
    92: 14112
    93: 406
    94: 457
    95: 259
    96: 424
    97: 298
    98: 14047
    99: 16808801
   wrmlh: # Latency histogram for write requests
    0: 0
    1: 0
    2: 0
    3: 0
    4: 0
    5: 17
    6: 16
    7: 34
    8: 49
    9: 18
    10: 17
    11: 26
    12: 28
    13: 12
    14: 3
    15: 51
    16: 19
    17: 40
    18: 66
    19: 89
    20: 136
    21: 35
    22: 31
    23: 36
    24: 61
    25: 58
    26: 56
    27: 66
    28: 194
    29: 76
    30: 54
    31: 180
    32: 77
    33: 84
    34: 62
    35: 83
    36: 73
    37: 83
    38: 101
    39: 115
    40: 181
    41: 132
    42: 149
    43: 216
    44: 178
    45: 187
    46: 178
    47: 254
    48: 364
    49: 384
    50: 301
    51: 724
    52: 482
    53: 334
    54: 318
    55: 485
    56: 306
    57: 315
    58: 319
    59: 281
    60: 310
    61: 351
    62: 312
    63: 350
    64: 319
    65: 290
    66: 291
    67: 299
    68: 216
    69: 276
    70: 314
    71: 261
    72: 289
    73: 183
    74: 208
    75: 243
    76: 162
    77: 119
    78: 161
    79: 141
    80: 145
    81: 67
    82: 86
    83: 83
    84: 62
    85: 61
    86: 57
    87: 50
    88: 52
    89: 75
    90: 41
    91: 37
    92: 37
    93: 47
    94: 31
    95: 26
    96: 29
    97: 30
    98: 30
    99: 85977
   ACT: 17178612 # Activate commands
   PRE: 18083047 # Precharge commands
   RD: 17078260 # Read commands
   WR: 100352 # Write commands
   REF: 311930 # Refresh commands
   eACTPRE: 5205119436 # Activate/precharge energy
   eRDWR: 23160080592 # Read/write energy
   eREF: 1037791110 # Refresh energy
   eBKGD: 23283080002 # Background energy
   eWIRE: 2628327636 # Channel wire energy
 sched: # Scheduler stats
  thCr: 0 # Threads created
  thFn: 0 # Threads finished
  schedEvs: 0 # Schedule events
  waitEvs: 0 # Wait events
  handoffEvs: 0 # Handoff events
  sleepEvs: 0 # Sleep events
  idlePhases: 0 # Phases with no thread active
  idlePeriods: 0 # Periods with no thread active
  occHist: # Occupancy histogram
   0: 60795
   1: 0
  rqSzHist: # Run queue size histogram
   0: 60795
   1: 0
   2: 0
   3: 0
   4: 0
   5: 0
   6: 0
   7: 0
   8: 0
   9: 0
   10: 0
   11: 0
   12: 0
   13: 0
   14: 0
   15: 0
   16: 0
 procCycles: # Per-process unhalted core cycles
  0: 0
  1: 0
  2: 0
  3: 0
  4: 0
  5: 0
  6: 0
  7: 0
  8: 0
  9: 0
  10: 0
  11: 0
  12: 0
  13: 0
  14: 0
  15: 0
  16: 0
  17: 0
  18: 0
  19: 0
  20: 0
  21: 0
  22: 0
  23: 0
  24: 0
  25: 0
  26: 0
  27: 0
  28: 0
  29: 0
  30: 0
  31: 0
 procInstrs: # Per-process instructions
  0: 0
  1: 0
  2: 0
  3: 0
  4: 0
  5: 0
  6: 0
  7: 0
  8: 0
  9: 0
  10: 0
  11: 0
  12: 0
  13: 0
  14: 0
  15: 0
  16: 0
  17: 0
  18: 0
  19: 0
  20: 0
  21: 0
  22: 0
  23: 0
  24: 0
  25: 0
  26: 0
  27: 0
  28: 0
  29: 0
  30: 0
  31: 0
 heartbeats: # Per-process heartbeats
  0: 0
  1: 0
  2: 0
  3: 0
  4: 0
  5: 0
  6: 0
  7: 0
  8: 0
  9: 0
  10: 0
  11: 0
  12: 0
  13: 0
  14: 0
  15: 0
  16: 0
  17: 0
  18: 0
  19: 0
  20: 0
  21: 0
  22: 0
  23: 0
  24: 0
  25: 0
  26: 0
  27: 0
  28: 0
  29: 0
  30: 0
  31: 0
===
