# zsim stats
===
root: # Stats
 contention: # Contention simulation stats
  domain-0: # Domain stats
   time: 1386341272 # Weave simulation time
 time: # Simulator time breakdown
  init: 1069566322
  bound: 5841343522
  weave: 1342537706
  ff: 1206821255
 trigger: 20000 # Reason for this stats dump
 phase: 267 # Simulated phases
 l: # Logic unit stats
  l-0: # Logic unit stats
   cycles: 2668531 # Simulated unhalted cycles
   cCycles: 2183399 # Cycles due to contention stalls
   ops: 78311 # Simulated operations
   compOps: 293 # Simulated compute operations
  l-1: # Logic unit stats
   cycles: 2664149 # Simulated unhalted cycles
   cCycles: 2179048 # Cycles due to contention stalls
   ops: 78311 # Simulated operations
   compOps: 293 # Simulated compute operations
  l-2: # Logic unit stats
   cycles: 2667911 # Simulated unhalted cycles
   cCycles: 2182778 # Cycles due to contention stalls
   ops: 78311 # Simulated operations
   compOps: 293 # Simulated compute operations
  l-3: # Logic unit stats
   cycles: 2666921 # Simulated unhalted cycles
   cCycles: 2181788 # Cycles due to contention stalls
   ops: 78311 # Simulated operations
   compOps: 293 # Simulated compute operations
 c: # Core stats
  c-0: # Core stats
   cycles: 0 # Simulated cycles
   instrs: 0 # Simulated instructions
  c-1: # Core stats
   cycles: 0 # Simulated cycles
   instrs: 0 # Simulated instructions
  c-2: # Core stats
   cycles: 0 # Simulated cycles
   instrs: 0 # Simulated instructions
  c-3: # Core stats
   cycles: 0 # Simulated cycles
   instrs: 0 # Simulated instructions
 rdbuf: # Cache stats
  rdbuf-0: # Filter cache stats
   fhGETS: 0 # Filtered GETS hits
   fhGETX: 0 # Filtered GETX hits
   hGETS: 0 # GETS hits
   hGETX: 0 # GETX hits
   mGETS: 106932 # GETS misses
   mGETXIM: 0 # GETX I->M misses
   mGETXSM: 0 # GETX S->M misses (upgrade misses)
   PUTS: 0 # Clean evictions (from lower level)
   PUTX: 0 # Dirty evictions (from lower level)
   INV: 0 # Invalidates (from upper level)
   INVX: 0 # Downgrades (from upper level)
   FWD: 0 # Forwards (from upper level)
   latGETnl: 1161490 # GET request latency on next level
   latGETnet: 0 # GET request latency on network to next level
  rdbuf-1: # Filter cache stats
   fhGETS: 0 # Filtered GETS hits
   fhGETX: 0 # Filtered GETX hits
   hGETS: 0 # GETS hits
   hGETX: 0 # GETX hits
   mGETS: 106932 # GETS misses
   mGETXIM: 0 # GETX I->M misses
   mGETXSM: 0 # GETX S->M misses (upgrade misses)
   PUTS: 0 # Clean evictions (from lower level)
   PUTX: 0 # Dirty evictions (from lower level)
   INV: 0 # Invalidates (from upper level)
   INVX: 0 # Downgrades (from upper level)
   FWD: 0 # Forwards (from upper level)
   latGETnl: 1162420 # GET request latency on next level
   latGETnet: 0 # GET request latency on network to next level
  rdbuf-2: # Filter cache stats
   fhGETS: 0 # Filtered GETS hits
   fhGETX: 0 # Filtered GETX hits
   hGETS: 0 # GETS hits
   hGETX: 0 # GETX hits
   mGETS: 106932 # GETS misses
   mGETXIM: 0 # GETX I->M misses
   mGETXSM: 0 # GETX S->M misses (upgrade misses)
   PUTS: 0 # Clean evictions (from lower level)
   PUTX: 0 # Dirty evictions (from lower level)
   INV: 0 # Invalidates (from upper level)
   INVX: 0 # Downgrades (from upper level)
   FWD: 0 # Forwards (from upper level)
   latGETnl: 1162420 # GET request latency on next level
   latGETnet: 0 # GET request latency on network to next level
  rdbuf-3: # Filter cache stats
   fhGETS: 0 # Filtered GETS hits
   fhGETX: 0 # Filtered GETX hits
   hGETS: 0 # GETS hits
   hGETX: 0 # GETX hits
   mGETS: 106932 # GETS misses
   mGETXIM: 0 # GETX I->M misses
   mGETXSM: 0 # GETX S->M misses (upgrade misses)
   PUTS: 0 # Clean evictions (from lower level)
   PUTX: 0 # Dirty evictions (from lower level)
   INV: 0 # Invalidates (from upper level)
   INVX: 0 # Downgrades (from upper level)
   FWD: 0 # Forwards (from upper level)
   latGETnl: 1162420 # GET request latency on next level
   latGETnet: 0 # GET request latency on network to next level
 wrbuf: # Cache stats
  wrbuf-0: # Filter cache stats
   fhGETS: 0 # Filtered GETS hits
   fhGETX: 8 # Filtered GETX hits
   hGETS: 0 # GETS hits
   hGETX: 0 # GETX hits
   mGETS: 0 # GETS misses
   mGETXIM: 264 # GETX I->M misses
   mGETXSM: 0 # GETX S->M misses (upgrade misses)
   PUTS: 0 # Clean evictions (from lower level)
   PUTX: 0 # Dirty evictions (from lower level)
   INV: 2 # Invalidates (from upper level)
   INVX: 0 # Downgrades (from upper level)
   FWD: 0 # Forwards (from upper level)
   latGETnl: 8262 # GET request latency on next level
   latGETnet: 0 # GET request latency on network to next level
  wrbuf-1: # Filter cache stats
   fhGETS: 0 # Filtered GETS hits
   fhGETX: 16 # Filtered GETX hits
   hGETS: 0 # GETS hits
   hGETX: 0 # GETX hits
   mGETS: 0 # GETS misses
   mGETXIM: 264 # GETX I->M misses
   mGETXSM: 0 # GETX S->M misses (upgrade misses)
   PUTS: 0 # Clean evictions (from lower level)
   PUTX: 0 # Dirty evictions (from lower level)
   INV: 2 # Invalidates (from upper level)
   INVX: 0 # Downgrades (from upper level)
   FWD: 0 # Forwards (from upper level)
   latGETnl: 8448 # GET request latency on next level
   latGETnet: 0 # GET request latency on network to next level
  wrbuf-2: # Filter cache stats
   fhGETS: 0 # Filtered GETS hits
   fhGETX: 16 # Filtered GETX hits
   hGETS: 0 # GETS hits
   hGETX: 0 # GETX hits
   mGETS: 0 # GETS misses
   mGETXIM: 264 # GETX I->M misses
   mGETXSM: 0 # GETX S->M misses (upgrade misses)
   PUTS: 0 # Clean evictions (from lower level)
   PUTX: 0 # Dirty evictions (from lower level)
   INV: 2 # Invalidates (from upper level)
   INVX: 0 # Downgrades (from upper level)
   FWD: 0 # Forwards (from upper level)
   latGETnl: 8448 # GET request latency on next level
   latGETnet: 0 # GET request latency on network to next level
  wrbuf-3: # Filter cache stats
   fhGETS: 0 # Filtered GETS hits
   fhGETX: 16 # Filtered GETX hits
   hGETS: 0 # GETS hits
   hGETX: 0 # GETX hits
   mGETS: 0 # GETS misses
   mGETXIM: 264 # GETX I->M misses
   mGETXSM: 0 # GETX S->M misses (upgrade misses)
   PUTS: 0 # Clean evictions (from lower level)
   PUTX: 0 # Dirty evictions (from lower level)
   INV: 2 # Invalidates (from upper level)
   INVX: 0 # Downgrades (from upper level)
   FWD: 0 # Forwards (from upper level)
   latGETnl: 8448 # GET request latency on next level
   latGETnet: 0 # GET request latency on network to next level
 gbuf: # Cache stats
  gbuf-0b0: # Cache stats
   hGETS: 9044 # GETS hits
   hGETX: 6 # GETX hits
   mGETS: 4256 # GETS misses
   mGETXIM: 27 # GETX I->M misses
   mGETXSM: 0 # GETX S->M misses (upgrade misses)
   PUTS: 13300 # Clean evictions (from lower level)
   PUTX: 32 # Dirty evictions (from lower level)
   INV: 0 # Invalidates (from upper level)
   INVX: 0 # Downgrades (from upper level)
   FWD: 0 # Forwards (from upper level)
   latGETnl: 132773 # GET request latency on next level
   latGETnet: 0 # GET request latency on network to next level
  gbuf-0b1: # Cache stats
   hGETS: 9315 # GETS hits
   hGETX: 0 # GETX hits
   mGETS: 4251 # GETS misses
   mGETXIM: 33 # GETX I->M misses
   mGETXSM: 0 # GETX S->M misses (upgrade misses)
   PUTS: 13566 # Clean evictions (from lower level)
   PUTX: 32 # Dirty evictions (from lower level)
   INV: 0 # Invalidates (from upper level)
   INVX: 0 # Downgrades (from upper level)
   FWD: 0 # Forwards (from upper level)
   latGETnl: 132804 # GET request latency on next level
   latGETnet: 0 # GET request latency on network to next level
  gbuf-0b2: # Cache stats
   hGETS: 9049 # GETS hits
   hGETX: 0 # GETX hits
   mGETS: 4251 # GETS misses
   mGETXIM: 33 # GETX I->M misses
   mGETXSM: 0 # GETX S->M misses (upgrade misses)
   PUTS: 13300 # Clean evictions (from lower level)
   PUTX: 33 # Dirty evictions (from lower level)
   INV: 0 # Invalidates (from upper level)
   INVX: 0 # Downgrades (from upper level)
   FWD: 0 # Forwards (from upper level)
   latGETnl: 132804 # GET request latency on next level
   latGETnet: 0 # GET request latency on network to next level
  gbuf-0b3: # Cache stats
   hGETS: 9049 # GETS hits
   hGETX: 0 # GETX hits
   mGETS: 4251 # GETS misses
   mGETXIM: 33 # GETX I->M misses
   mGETXSM: 0 # GETX S->M misses (upgrade misses)
   PUTS: 13300 # Clean evictions (from lower level)
   PUTX: 33 # Dirty evictions (from lower level)
   INV: 0 # Invalidates (from upper level)
   INVX: 0 # Downgrades (from upper level)
   FWD: 0 # Forwards (from upper level)
   latGETnl: 132804 # GET request latency on next level
   latGETnet: 0 # GET request latency on network to next level
  gbuf-0b4: # Cache stats
   hGETS: 9314 # GETS hits
   hGETX: 0 # GETX hits
   mGETS: 4252 # GETS misses
   mGETXIM: 33 # GETX I->M misses
   mGETXSM: 0 # GETX S->M misses (upgrade misses)
   PUTS: 13566 # Clean evictions (from lower level)
   PUTX: 33 # Dirty evictions (from lower level)
   INV: 0 # Invalidates (from upper level)
   INVX: 0 # Downgrades (from upper level)
   FWD: 0 # Forwards (from upper level)
   latGETnl: 132835 # GET request latency on next level
   latGETnet: 0 # GET request latency on network to next level
  gbuf-0b5: # Cache stats
   hGETS: 9048 # GETS hits
   hGETX: 0 # GETX hits
   mGETS: 4252 # GETS misses
   mGETXIM: 33 # GETX I->M misses
   mGETXSM: 0 # GETX S->M misses (upgrade misses)
   PUTS: 13300 # Clean evictions (from lower level)
   PUTX: 33 # Dirty evictions (from lower level)
   INV: 0 # Invalidates (from upper level)
   INVX: 0 # Downgrades (from upper level)
   FWD: 0 # Forwards (from upper level)
   latGETnl: 132835 # GET request latency on next level
   latGETnet: 0 # GET request latency on network to next level
  gbuf-0b6: # Cache stats
   hGETS: 9048 # GETS hits
   hGETX: 0 # GETX hits
   mGETS: 4252 # GETS misses
   mGETXIM: 33 # GETX I->M misses
   mGETXSM: 0 # GETX S->M misses (upgrade misses)
   PUTS: 13299 # Clean evictions (from lower level)
   PUTX: 33 # Dirty evictions (from lower level)
   INV: 0 # Invalidates (from upper level)
   INVX: 0 # Downgrades (from upper level)
   FWD: 0 # Forwards (from upper level)
   latGETnl: 132835 # GET request latency on next level
   latGETnet: 0 # GET request latency on network to next level
  gbuf-0b7: # Cache stats
   hGETS: 9047 # GETS hits
   hGETX: 0 # GETX hits
   mGETS: 4253 # GETS misses
   mGETXIM: 33 # GETX I->M misses
   mGETXSM: 0 # GETX S->M misses (upgrade misses)
   PUTS: 13299 # Clean evictions (from lower level)
   PUTX: 33 # Dirty evictions (from lower level)
   INV: 0 # Invalidates (from upper level)
   INVX: 0 # Downgrades (from upper level)
   FWD: 0 # Forwards (from upper level)
   latGETnl: 132866 # GET request latency on next level
   latGETnet: 0 # GET request latency on network to next level
  gbuf-1b0: # Cache stats
   hGETS: 9044 # GETS hits
   hGETX: 0 # GETX hits
   mGETS: 4256 # GETS misses
   mGETXIM: 33 # GETX I->M misses
   mGETXSM: 0 # GETX S->M misses (upgrade misses)
   PUTS: 13300 # Clean evictions (from lower level)
   PUTX: 32 # Dirty evictions (from lower level)
   INV: 0 # Invalidates (from upper level)
   INVX: 0 # Downgrades (from upper level)
   FWD: 0 # Forwards (from upper level)
   latGETnl: 132959 # GET request latency on next level
   latGETnet: 0 # GET request latency on network to next level
  gbuf-1b1: # Cache stats
   hGETS: 9310 # GETS hits
   hGETX: 0 # GETX hits
   mGETS: 4256 # GETS misses
   mGETXIM: 33 # GETX I->M misses
   mGETXSM: 0 # GETX S->M misses (upgrade misses)
   PUTS: 13566 # Clean evictions (from lower level)
   PUTX: 33 # Dirty evictions (from lower level)
   INV: 0 # Invalidates (from upper level)
   INVX: 0 # Downgrades (from upper level)
   FWD: 0 # Forwards (from upper level)
   latGETnl: 132959 # GET request latency on next level
   latGETnet: 0 # GET request latency on network to next level
  gbuf-1b2: # Cache stats
   hGETS: 9044 # GETS hits
   hGETX: 0 # GETX hits
   mGETS: 4256 # GETS misses
   mGETXIM: 33 # GETX I->M misses
   mGETXSM: 0 # GETX S->M misses (upgrade misses)
   PUTS: 13300 # Clean evictions (from lower level)
   PUTX: 33 # Dirty evictions (from lower level)
   INV: 0 # Invalidates (from upper level)
   INVX: 0 # Downgrades (from upper level)
   FWD: 0 # Forwards (from upper level)
   latGETnl: 132959 # GET request latency on next level
   latGETnet: 0 # GET request latency on network to next level
  gbuf-1b3: # Cache stats
   hGETS: 9044 # GETS hits
   hGETX: 0 # GETX hits
   mGETS: 4256 # GETS misses
   mGETXIM: 33 # GETX I->M misses
   mGETXSM: 0 # GETX S->M misses (upgrade misses)
   PUTS: 13300 # Clean evictions (from lower level)
   PUTX: 33 # Dirty evictions (from lower level)
   INV: 0 # Invalidates (from upper level)
   INVX: 0 # Downgrades (from upper level)
   FWD: 0 # Forwards (from upper level)
   latGETnl: 132959 # GET request latency on next level
   latGETnet: 0 # GET request latency on network to next level
  gbuf-1b4: # Cache stats
   hGETS: 9310 # GETS hits
   hGETX: 0 # GETX hits
   mGETS: 4256 # GETS misses
   mGETXIM: 33 # GETX I->M misses
   mGETXSM: 0 # GETX S->M misses (upgrade misses)
   PUTS: 13566 # Clean evictions (from lower level)
   PUTX: 33 # Dirty evictions (from lower level)
   INV: 0 # Invalidates (from upper level)
   INVX: 0 # Downgrades (from upper level)
   FWD: 0 # Forwards (from upper level)
   latGETnl: 132959 # GET request latency on next level
   latGETnet: 0 # GET request latency on network to next level
  gbuf-1b5: # Cache stats
   hGETS: 9044 # GETS hits
   hGETX: 0 # GETX hits
   mGETS: 4256 # GETS misses
   mGETXIM: 33 # GETX I->M misses
   mGETXSM: 0 # GETX S->M misses (upgrade misses)
   PUTS: 13300 # Clean evictions (from lower level)
   PUTX: 33 # Dirty evictions (from lower level)
   INV: 0 # Invalidates (from upper level)
   INVX: 0 # Downgrades (from upper level)
   FWD: 0 # Forwards (from upper level)
   latGETnl: 132959 # GET request latency on next level
   latGETnet: 0 # GET request latency on network to next level
  gbuf-1b6: # Cache stats
   hGETS: 9044 # GETS hits
   hGETX: 0 # GETX hits
   mGETS: 4256 # GETS misses
   mGETXIM: 33 # GETX I->M misses
   mGETXSM: 0 # GETX S->M misses (upgrade misses)
   PUTS: 13299 # Clean evictions (from lower level)
   PUTX: 33 # Dirty evictions (from lower level)
   INV: 0 # Invalidates (from upper level)
   INVX: 0 # Downgrades (from upper level)
   FWD: 0 # Forwards (from upper level)
   latGETnl: 132959 # GET request latency on next level
   latGETnet: 0 # GET request latency on network to next level
  gbuf-1b7: # Cache stats
   hGETS: 9044 # GETS hits
   hGETX: 0 # GETX hits
   mGETS: 4256 # GETS misses
   mGETXIM: 33 # GETX I->M misses
   mGETXSM: 0 # GETX S->M misses (upgrade misses)
   PUTS: 13299 # Clean evictions (from lower level)
   PUTX: 32 # Dirty evictions (from lower level)
   INV: 0 # Invalidates (from upper level)
   INVX: 0 # Downgrades (from upper level)
   FWD: 0 # Forwards (from upper level)
   latGETnl: 132959 # GET request latency on next level
   latGETnet: 0 # GET request latency on network to next level
  gbuf-2b0: # Cache stats
   hGETS: 9282 # GETS hits
   hGETX: 0 # GETX hits
   mGETS: 4256 # GETS misses
   mGETXIM: 33 # GETX I->M misses
   mGETXSM: 0 # GETX S->M misses (upgrade misses)
   PUTS: 13538 # Clean evictions (from lower level)
   PUTX: 32 # Dirty evictions (from lower level)
   INV: 0 # Invalidates (from upper level)
   INVX: 0 # Downgrades (from upper level)
   FWD: 0 # Forwards (from upper level)
   latGETnl: 132959 # GET request latency on next level
   latGETnet: 0 # GET request latency on network to next level
  gbuf-2b1: # Cache stats
   hGETS: 9072 # GETS hits
   hGETX: 0 # GETX hits
   mGETS: 4256 # GETS misses
   mGETXIM: 33 # GETX I->M misses
   mGETXSM: 0 # GETX S->M misses (upgrade misses)
   PUTS: 13328 # Clean evictions (from lower level)
   PUTX: 33 # Dirty evictions (from lower level)
   INV: 0 # Invalidates (from upper level)
   INVX: 0 # Downgrades (from upper level)
   FWD: 0 # Forwards (from upper level)
   latGETnl: 132959 # GET request latency on next level
   latGETnet: 0 # GET request latency on network to next level
  gbuf-2b2: # Cache stats
   hGETS: 9044 # GETS hits
   hGETX: 0 # GETX hits
   mGETS: 4256 # GETS misses
   mGETXIM: 33 # GETX I->M misses
   mGETXSM: 0 # GETX S->M misses (upgrade misses)
   PUTS: 13300 # Clean evictions (from lower level)
   PUTX: 33 # Dirty evictions (from lower level)
   INV: 0 # Invalidates (from upper level)
   INVX: 0 # Downgrades (from upper level)
   FWD: 0 # Forwards (from upper level)
   latGETnl: 132959 # GET request latency on next level
   latGETnet: 0 # GET request latency on network to next level
  gbuf-2b3: # Cache stats
   hGETS: 9044 # GETS hits
   hGETX: 0 # GETX hits
   mGETS: 4256 # GETS misses
   mGETXIM: 33 # GETX I->M misses
   mGETXSM: 0 # GETX S->M misses (upgrade misses)
   PUTS: 13300 # Clean evictions (from lower level)
   PUTX: 33 # Dirty evictions (from lower level)
   INV: 0 # Invalidates (from upper level)
   INVX: 0 # Downgrades (from upper level)
   FWD: 0 # Forwards (from upper level)
   latGETnl: 132959 # GET request latency on next level
   latGETnet: 0 # GET request latency on network to next level
  gbuf-2b4: # Cache stats
   hGETS: 9072 # GETS hits
   hGETX: 0 # GETX hits
   mGETS: 4256 # GETS misses
   mGETXIM: 33 # GETX I->M misses
   mGETXSM: 0 # GETX S->M misses (upgrade misses)
   PUTS: 13328 # Clean evictions (from lower level)
   PUTX: 33 # Dirty evictions (from lower level)
   INV: 0 # Invalidates (from upper level)
   INVX: 0 # Downgrades (from upper level)
   FWD: 0 # Forwards (from upper level)
   latGETnl: 132959 # GET request latency on next level
   latGETnet: 0 # GET request latency on network to next level
  gbuf-2b5: # Cache stats
   hGETS: 9282 # GETS hits
   hGETX: 0 # GETX hits
   mGETS: 4256 # GETS misses
   mGETXIM: 33 # GETX I->M misses
   mGETXSM: 0 # GETX S->M misses (upgrade misses)
   PUTS: 13538 # Clean evictions (from lower level)
   PUTX: 33 # Dirty evictions (from lower level)
   INV: 0 # Invalidates (from upper level)
   INVX: 0 # Downgrades (from upper level)
   FWD: 0 # Forwards (from upper level)
   latGETnl: 132959 # GET request latency on next level
   latGETnet: 0 # GET request latency on network to next level
  gbuf-2b6: # Cache stats
   hGETS: 9044 # GETS hits
   hGETX: 0 # GETX hits
   mGETS: 4256 # GETS misses
   mGETXIM: 33 # GETX I->M misses
   mGETXSM: 0 # GETX S->M misses (upgrade misses)
   PUTS: 13299 # Clean evictions (from lower level)
   PUTX: 33 # Dirty evictions (from lower level)
   INV: 0 # Invalidates (from upper level)
   INVX: 0 # Downgrades (from upper level)
   FWD: 0 # Forwards (from upper level)
   latGETnl: 132959 # GET request latency on next level
   latGETnet: 0 # GET request latency on network to next level
  gbuf-2b7: # Cache stats
   hGETS: 9044 # GETS hits
   hGETX: 0 # GETX hits
   mGETS: 4256 # GETS misses
   mGETXIM: 33 # GETX I->M misses
   mGETXSM: 0 # GETX S->M misses (upgrade misses)
   PUTS: 13299 # Clean evictions (from lower level)
   PUTX: 32 # Dirty evictions (from lower level)
   INV: 0 # Invalidates (from upper level)
   INVX: 0 # Downgrades (from upper level)
   FWD: 0 # Forwards (from upper level)
   latGETnl: 132959 # GET request latency on next level
   latGETnet: 0 # GET request latency on network to next level
  gbuf-3b0: # Cache stats
   hGETS: 9294 # GETS hits
   hGETX: 0 # GETX hits
   mGETS: 4256 # GETS misses
   mGETXIM: 33 # GETX I->M misses
   mGETXSM: 0 # GETX S->M misses (upgrade misses)
   PUTS: 13550 # Clean evictions (from lower level)
   PUTX: 33 # Dirty evictions (from lower level)
   INV: 0 # Invalidates (from upper level)
   INVX: 0 # Downgrades (from upper level)
   FWD: 0 # Forwards (from upper level)
   latGETnl: 132959 # GET request latency on next level
   latGETnet: 0 # GET request latency on network to next level
  gbuf-3b1: # Cache stats
   hGETS: 9060 # GETS hits
   hGETX: 0 # GETX hits
   mGETS: 4256 # GETS misses
   mGETXIM: 33 # GETX I->M misses
   mGETXSM: 0 # GETX S->M misses (upgrade misses)
   PUTS: 13316 # Clean evictions (from lower level)
   PUTX: 33 # Dirty evictions (from lower level)
   INV: 0 # Invalidates (from upper level)
   INVX: 0 # Downgrades (from upper level)
   FWD: 0 # Forwards (from upper level)
   latGETnl: 132959 # GET request latency on next level
   latGETnet: 0 # GET request latency on network to next level
  gbuf-3b2: # Cache stats
   hGETS: 9044 # GETS hits
   hGETX: 0 # GETX hits
   mGETS: 4256 # GETS misses
   mGETXIM: 33 # GETX I->M misses
   mGETXSM: 0 # GETX S->M misses (upgrade misses)
   PUTS: 13300 # Clean evictions (from lower level)
   PUTX: 33 # Dirty evictions (from lower level)
   INV: 0 # Invalidates (from upper level)
   INVX: 0 # Downgrades (from upper level)
   FWD: 0 # Forwards (from upper level)
   latGETnl: 132959 # GET request latency on next level
   latGETnet: 0 # GET request latency on network to next level
  gbuf-3b3: # Cache stats
   hGETS: 9044 # GETS hits
   hGETX: 0 # GETX hits
   mGETS: 4256 # GETS misses
   mGETXIM: 33 # GETX I->M misses
   mGETXSM: 0 # GETX S->M misses (upgrade misses)
   PUTS: 13300 # Clean evictions (from lower level)
   PUTX: 33 # Dirty evictions (from lower level)
   INV: 0 # Invalidates (from upper level)
   INVX: 0 # Downgrades (from upper level)
   FWD: 0 # Forwards (from upper level)
   latGETnl: 132959 # GET request latency on next level
   latGETnet: 0 # GET request latency on network to next level
  gbuf-3b4: # Cache stats
   hGETS: 9060 # GETS hits
   hGETX: 0 # GETX hits
   mGETS: 4256 # GETS misses
   mGETXIM: 33 # GETX I->M misses
   mGETXSM: 0 # GETX S->M misses (upgrade misses)
   PUTS: 13316 # Clean evictions (from lower level)
   PUTX: 33 # Dirty evictions (from lower level)
   INV: 0 # Invalidates (from upper level)
   INVX: 0 # Downgrades (from upper level)
   FWD: 0 # Forwards (from upper level)
   latGETnl: 132959 # GET request latency on next level
   latGETnet: 0 # GET request latency on network to next level
  gbuf-3b5: # Cache stats
   hGETS: 9294 # GETS hits
   hGETX: 0 # GETX hits
   mGETS: 4256 # GETS misses
   mGETXIM: 33 # GETX I->M misses
   mGETXSM: 0 # GETX S->M misses (upgrade misses)
   PUTS: 13550 # Clean evictions (from lower level)
   PUTX: 33 # Dirty evictions (from lower level)
   INV: 0 # Invalidates (from upper level)
   INVX: 0 # Downgrades (from upper level)
   FWD: 0 # Forwards (from upper level)
   latGETnl: 132959 # GET request latency on next level
   latGETnet: 0 # GET request latency on network to next level
  gbuf-3b6: # Cache stats
   hGETS: 9044 # GETS hits
   hGETX: 0 # GETX hits
   mGETS: 4256 # GETS misses
   mGETXIM: 33 # GETX I->M misses
   mGETXSM: 0 # GETX S->M misses (upgrade misses)
   PUTS: 13299 # Clean evictions (from lower level)
   PUTX: 32 # Dirty evictions (from lower level)
   INV: 0 # Invalidates (from upper level)
   INVX: 0 # Downgrades (from upper level)
   FWD: 0 # Forwards (from upper level)
   latGETnl: 132959 # GET request latency on next level
   latGETnet: 0 # GET request latency on network to next level
  gbuf-3b7: # Cache stats
   hGETS: 9044 # GETS hits
   hGETX: 0 # GETX hits
   mGETS: 4256 # GETS misses
   mGETXIM: 33 # GETX I->M misses
   mGETXSM: 0 # GETX S->M misses (upgrade misses)
   PUTS: 13299 # Clean evictions (from lower level)
   PUTX: 32 # Dirty evictions (from lower level)
   INV: 0 # Invalidates (from upper level)
   INVX: 0 # Downgrades (from upper level)
   FWD: 0 # Forwards (from upper level)
   latGETnl: 132959 # GET request latency on next level
   latGETnet: 0 # GET request latency on network to next level
 mem: # Memory controller stats
  mem-0: # Memory channel stats
   rd: 34276 # Read requests
   wr: 264 # Write requests
   rdlat: 292519840 # Total latency experienced by read requests
   wrlat: 4600072 # Total latency experienced by write requests
   rdmlh: # Latency histogram for read requests
    0: 0
    1: 0
    2: 0
    3: 0
    4: 0
    5: 120
    6: 3
    7: 2
    8: 2
    9: 1
    10: 0
    11: 117
    12: 5
    13: 0
    14: 4
    15: 0
    16: 0
    17: 114
    18: 6
    19: 2
    20: 2
    21: 3
    22: 2
    23: 0
    24: 117
    25: 4
    26: 4
    27: 2
    28: 2
    29: 0
    30: 118
    31: 3
    32: 6
    33: 1
    34: 2
    35: 1
    36: 112
    37: 7
    38: 4
    39: 3
    40: 2
    41: 3
    42: 112
    43: 6
    44: 4
    45: 5
    46: 2
    47: 4
    48: 109
    49: 7
    50: 6
    51: 4
    52: 4
    53: 4
    54: 1
    55: 112
    56: 8
    57: 6
    58: 1
    59: 6
    60: 1
    61: 110
    62: 5
    63: 7
    64: 3
    65: 5
    66: 3
    67: 108
    68: 7
    69: 5
    70: 5
    71: 4
    72: 4
    73: 104
    74: 5
    75: 6
    76: 4
    77: 3
    78: 5
    79: 101
    80: 8
    81: 4
    82: 4
    83: 3
    84: 5
    85: 1
    86: 104
    87: 9
    88: 3
    89: 5
    90: 5
    91: 1
    92: 102
    93: 6
    94: 7
    95: 2
    96: 5
    97: 5
    98: 99
    99: 32228
   wrmlh: # Latency histogram for write requests
    0: 0
    1: 0
    2: 0
    3: 0
    4: 0
    5: 0
    6: 0
    7: 0
    8: 0
    9: 0
    10: 0
    11: 0
    12: 0
    13: 0
    14: 0
    15: 0
    16: 0
    17: 0
    18: 0
    19: 0
    20: 0
    21: 0
    22: 0
    23: 0
    24: 0
    25: 0
    26: 0
    27: 0
    28: 0
    29: 0
    30: 0
    31: 0
    32: 0
    33: 0
    34: 0
    35: 0
    36: 0
    37: 0
    38: 0
    39: 0
    40: 0
    41: 0
    42: 0
    43: 0
    44: 0
    45: 0
    46: 0
    47: 0
    48: 0
    49: 0
    50: 0
    51: 0
    52: 0
    53: 0
    54: 0
    55: 0
    56: 0
    57: 0
    58: 0
    59: 0
    60: 0
    61: 0
    62: 0
    63: 0
    64: 0
    65: 0
    66: 0
    67: 0
    68: 0
    69: 0
    70: 0
    71: 0
    72: 0
    73: 0
    74: 0
    75: 0
    76: 0
    77: 0
    78: 0
    79: 0
    80: 0
    81: 0
    82: 0
    83: 0
    84: 0
    85: 0
    86: 0
    87: 0
    88: 0
    89: 0
    90: 0
    91: 0
    92: 0
    93: 0
    94: 0
    95: 0
    96: 0
    97: 0
    98: 0
    99: 264
   ACT: 34540 # Activate commands
   PRE: 38476 # Precharge commands
   RD: 34276 # Read commands
   WR: 264 # Write commands
   REF: 1370 # Refresh commands
   eACTPRE: 10465620 # Activate/precharge energy
   eRDWR: 46568632 # Read/write energy
   eREF: 4557990 # Refresh energy
   eBKGD: 101407676 # Background energy
   eWIRE: 5284620 # Channel wire energy
  mem-1: # Memory channel stats
   rd: 34312 # Read requests
   wr: 264 # Write requests
   rdlat: 292229729 # Total latency experienced by read requests
   wrlat: 4592412 # Total latency experienced by write requests
   rdmlh: # Latency histogram for read requests
    0: 0
    1: 0
    2: 0
    3: 0
    4: 0
    5: 121
    6: 3
    7: 3
    8: 1
    9: 2
    10: 0
    11: 117
    12: 5
    13: 2
    14: 1
    15: 2
    16: 0
    17: 117
    18: 4
    19: 1
    20: 2
    21: 3
    22: 0
    23: 2
    24: 118
    25: 1
    26: 5
    27: 1
    28: 1
    29: 2
    30: 120
    31: 4
    32: 2
    33: 4
    34: 1
    35: 2
    36: 116
    37: 7
    38: 4
    39: 4
    40: 2
    41: 2
    42: 114
    43: 7
    44: 4
    45: 5
    46: 2
    47: 2
    48: 116
    49: 6
    50: 3
    51: 6
    52: 2
    53: 2
    54: 2
    55: 118
    56: 8
    57: 2
    58: 3
    59: 2
    60: 3
    61: 118
    62: 5
    63: 4
    64: 4
    65: 2
    66: 3
    67: 113
    68: 9
    69: 3
    70: 4
    71: 3
    72: 2
    73: 112
    74: 6
    75: 4
    76: 4
    77: 2
    78: 2
    79: 112
    80: 6
    81: 4
    82: 4
    83: 0
    84: 3
    85: 2
    86: 113
    87: 6
    88: 2
    89: 2
    90: 3
    91: 3
    92: 112
    93: 5
    94: 3
    95: 3
    96: 2
    97: 5
    98: 107
    99: 32226
   wrmlh: # Latency histogram for write requests
    0: 0
    1: 0
    2: 0
    3: 0
    4: 0
    5: 0
    6: 0
    7: 0
    8: 0
    9: 0
    10: 0
    11: 0
    12: 0
    13: 0
    14: 0
    15: 0
    16: 0
    17: 0
    18: 0
    19: 0
    20: 0
    21: 0
    22: 0
    23: 0
    24: 0
    25: 0
    26: 0
    27: 0
    28: 0
    29: 0
    30: 0
    31: 0
    32: 0
    33: 0
    34: 0
    35: 0
    36: 0
    37: 0
    38: 0
    39: 0
    40: 0
    41: 0
    42: 0
    43: 0
    44: 0
    45: 0
    46: 0
    47: 0
    48: 0
    49: 0
    50: 0
    51: 0
    52: 0
    53: 0
    54: 0
    55: 0
    56: 0
    57: 0
    58: 0
    59: 0
    60: 0
    61: 0
    62: 0
    63: 0
    64: 0
    65: 0
    66: 0
    67: 0
    68: 0
    69: 0
    70: 0
    71: 0
    72: 0
    73: 0
    74: 0
    75: 0
    76: 0
    77: 0
    78: 0
    79: 0
    80: 0
    81: 0
    82: 0
    83: 0
    84: 0
    85: 0
    86: 0
    87: 0
    88: 0
    89: 0
    90: 0
    91: 0
    92: 0
    93: 0
    94: 0
    95: 0
    96: 0
    97: 0
    98: 0
    99: 264
   ACT: 34576 # Activate commands
   PRE: 38511 # Precharge commands
   RD: 34312 # Read commands
   WR: 264 # Write commands
   REF: 1370 # Refresh commands
   eACTPRE: 10476528 # Activate/precharge energy
   eRDWR: 46617160 # Read/write energy
   eREF: 4557990 # Refresh energy
   eBKGD: 101382714 # Background energy
   eWIRE: 5290128 # Channel wire energy
  mem-2: # Memory channel stats
   rd: 34312 # Read requests
   wr: 264 # Write requests
   rdlat: 292906439 # Total latency experienced by read requests
   wrlat: 4626894 # Total latency experienced by write requests
   rdmlh: # Latency histogram for read requests
    0: 0
    1: 0
    2: 0
    3: 0
    4: 0
    5: 125
    6: 2
    7: 3
    8: 1
    9: 2
    10: 0
    11: 124
    12: 4
    13: 1
    14: 1
    15: 3
    16: 0
    17: 123
    18: 5
    19: 2
    20: 0
    21: 4
    22: 0
    23: 2
    24: 121
    25: 3
    26: 1
    27: 3
    28: 1
    29: 1
    30: 122
    31: 2
    32: 2
    33: 3
    34: 1
    35: 1
    36: 117
    37: 2
    38: 3
    39: 2
    40: 1
    41: 2
    42: 114
    43: 5
    44: 4
    45: 4
    46: 0
    47: 3
    48: 114
    49: 4
    50: 4
    51: 3
    52: 3
    53: 2
    54: 2
    55: 113
    56: 5
    57: 4
    58: 3
    59: 1
    60: 3
    61: 110
    62: 4
    63: 7
    64: 2
    65: 1
    66: 3
    67: 108
    68: 8
    69: 5
    70: 3
    71: 1
    72: 3
    73: 109
    74: 7
    75: 4
    76: 2
    77: 1
    78: 4
    79: 110
    80: 6
    81: 4
    82: 3
    83: 2
    84: 3
    85: 3
    86: 110
    87: 6
    88: 4
    89: 2
    90: 3
    91: 3
    92: 106
    93: 7
    94: 8
    95: 1
    96: 1
    97: 5
    98: 102
    99: 32260
   wrmlh: # Latency histogram for write requests
    0: 0
    1: 0
    2: 0
    3: 0
    4: 0
    5: 0
    6: 0
    7: 0
    8: 0
    9: 0
    10: 0
    11: 0
    12: 0
    13: 0
    14: 0
    15: 0
    16: 0
    17: 0
    18: 0
    19: 0
    20: 0
    21: 0
    22: 0
    23: 0
    24: 0
    25: 0
    26: 0
    27: 0
    28: 0
    29: 0
    30: 0
    31: 0
    32: 0
    33: 0
    34: 0
    35: 0
    36: 0
    37: 0
    38: 0
    39: 0
    40: 0
    41: 0
    42: 0
    43: 0
    44: 0
    45: 0
    46: 0
    47: 0
    48: 0
    49: 0
    50: 0
    51: 0
    52: 0
    53: 0
    54: 0
    55: 0
    56: 0
    57: 0
    58: 0
    59: 0
    60: 0
    61: 0
    62: 0
    63: 0
    64: 0
    65: 0
    66: 0
    67: 0
    68: 0
    69: 0
    70: 0
    71: 0
    72: 0
    73: 0
    74: 0
    75: 0
    76: 0
    77: 0
    78: 0
    79: 0
    80: 0
    81: 0
    82: 0
    83: 0
    84: 0
    85: 0
    86: 0
    87: 0
    88: 0
    89: 0
    90: 0
    91: 0
    92: 0
    93: 0
    94: 0
    95: 0
    96: 0
    97: 0
    98: 0
    99: 264
   ACT: 34576 # Activate commands
   PRE: 38500 # Precharge commands
   RD: 34312 # Read commands
   WR: 264 # Write commands
   REF: 1370 # Refresh commands
   eACTPRE: 10476528 # Activate/precharge energy
   eRDWR: 46617160 # Read/write energy
   eREF: 4557990 # Refresh energy
   eBKGD: 101407503 # Background energy
   eWIRE: 5290128 # Channel wire energy
  mem-3: # Memory channel stats
   rd: 34312 # Read requests
   wr: 264 # Write requests
   rdlat: 292349229 # Total latency experienced by read requests
   wrlat: 4587314 # Total latency experienced by write requests
   rdmlh: # Latency histogram for read requests
    0: 0
    1: 0
    2: 0
    3: 0
    4: 0
    5: 127
    6: 2
    7: 3
    8: 1
    9: 1
    10: 1
    11: 125
    12: 2
    13: 2
    14: 2
    15: 1
    16: 1
    17: 124
    18: 3
    19: 0
    20: 1
    21: 3
    22: 1
    23: 0
    24: 125
    25: 2
    26: 2
    27: 1
    28: 2
    29: 2
    30: 125
    31: 2
    32: 2
    33: 3
    34: 0
    35: 3
    36: 123
    37: 2
    38: 2
    39: 2
    40: 2
    41: 1
    42: 122
    43: 3
    44: 2
    45: 1
    46: 2
    47: 3
    48: 119
    49: 4
    50: 2
    51: 3
    52: 1
    53: 3
    54: 2
    55: 119
    56: 2
    57: 2
    58: 2
    59: 3
    60: 3
    61: 117
    62: 1
    63: 3
    64: 3
    65: 1
    66: 5
    67: 115
    68: 6
    69: 2
    70: 1
    71: 3
    72: 3
    73: 116
    74: 5
    75: 2
    76: 1
    77: 1
    78: 4
    79: 114
    80: 5
    81: 2
    82: 2
    83: 1
    84: 4
    85: 3
    86: 110
    87: 5
    88: 2
    89: 1
    90: 3
    91: 3
    92: 110
    93: 4
    94: 3
    95: 0
    96: 4
    97: 4
    98: 108
    99: 32236
   wrmlh: # Latency histogram for write requests
    0: 0
    1: 0
    2: 0
    3: 0
    4: 0
    5: 0
    6: 0
    7: 0
    8: 0
    9: 0
    10: 0
    11: 0
    12: 0
    13: 0
    14: 0
    15: 0
    16: 0
    17: 0
    18: 0
    19: 0
    20: 0
    21: 0
    22: 0
    23: 0
    24: 0
    25: 0
    26: 0
    27: 0
    28: 0
    29: 0
    30: 0
    31: 0
    32: 0
    33: 0
    34: 0
    35: 0
    36: 0
    37: 0
    38: 0
    39: 0
    40: 0
    41: 0
    42: 0
    43: 0
    44: 0
    45: 0
    46: 0
    47: 0
    48: 0
    49: 0
    50: 0
    51: 0
    52: 0
    53: 0
    54: 0
    55: 0
    56: 0
    57: 0
    58: 0
    59: 0
    60: 0
    61: 0
    62: 0
    63: 0
    64: 0
    65: 0
    66: 0
    67: 0
    68: 0
    69: 0
    70: 0
    71: 0
    72: 0
    73: 0
    74: 0
    75: 0
    76: 0
    77: 0
    78: 0
    79: 0
    80: 0
    81: 0
    82: 0
    83: 0
    84: 0
    85: 0
    86: 0
    87: 0
    88: 0
    89: 0
    90: 0
    91: 0
    92: 0
    93: 0
    94: 0
    95: 0
    96: 0
    97: 0
    98: 0
    99: 264
   ACT: 34576 # Activate commands
   PRE: 38501 # Precharge commands
   RD: 34312 # Read commands
   WR: 264 # Write commands
   REF: 1370 # Refresh commands
   eACTPRE: 10476528 # Activate/precharge energy
   eRDWR: 46617160 # Read/write energy
   eREF: 4557990 # Refresh energy
   eBKGD: 101411396 # Background energy
   eWIRE: 5290128 # Channel wire energy
 itcn: # Interconnect stats
  itcn-r0: # Router stats
   trans: 0 # Transfers
   size: 0 # Total transferred data
  itcn-r1: # Router stats
   trans: 0 # Transfers
   size: 0 # Total transferred data
  itcn-r2: # Router stats
   trans: 0 # Transfers
   size: 0 # Total transferred data
  itcn-r3: # Router stats
   trans: 0 # Transfers
   size: 0 # Total transferred data
 sched: # Scheduler stats
  thCr: 0 # Threads created
  thFn: 0 # Threads finished
  schedEvs: 0 # Schedule events
  waitEvs: 0 # Wait events
  handoffEvs: 0 # Handoff events
  sleepEvs: 0 # Sleep events
  idlePhases: 0 # Phases with no thread active
  idlePeriods: 0 # Periods with no thread active
  occHist: # Occupancy histogram
   0: 267
   1: 0
   2: 0
   3: 0
   4: 0
  rqSzHist: # Run queue size histogram
   0: 267
   1: 0
   2: 0
   3: 0
   4: 0
   5: 0
   6: 0
   7: 0
   8: 0
   9: 0
   10: 0
   11: 0
   12: 0
   13: 0
   14: 0
   15: 0
   16: 0
 procCycles: # Per-process unhalted core cycles
  0: 0
  1: 0
  2: 0
  3: 0
  4: 0
  5: 0
  6: 0
  7: 0
  8: 0
  9: 0
  10: 0
  11: 0
  12: 0
  13: 0
  14: 0
  15: 0
  16: 0
  17: 0
  18: 0
  19: 0
  20: 0
  21: 0
  22: 0
  23: 0
  24: 0
  25: 0
  26: 0
  27: 0
  28: 0
  29: 0
  30: 0
  31: 0
 procInstrs: # Per-process instructions
  0: 0
  1: 0
  2: 0
  3: 0
  4: 0
  5: 0
  6: 0
  7: 0
  8: 0
  9: 0
  10: 0
  11: 0
  12: 0
  13: 0
  14: 0
  15: 0
  16: 0
  17: 0
  18: 0
  19: 0
  20: 0
  21: 0
  22: 0
  23: 0
  24: 0
  25: 0
  26: 0
  27: 0
  28: 0
  29: 0
  30: 0
  31: 0
 heartbeats: # Per-process heartbeats
  0: 0
  1: 0
  2: 0
  3: 0
  4: 0
  5: 0
  6: 0
  7: 0
  8: 0
  9: 0
  10: 0
  11: 0
  12: 0
  13: 0
  14: 0
  15: 0
  16: 0
  17: 0
  18: 0
  19: 0
  20: 0
  21: 0
  22: 0
  23: 0
  24: 0
  25: 0
  26: 0
  27: 0
  28: 0
  29: 0
  30: 0
  31: 0
===
