# zsim stats
===
root: # Stats
 contention: # Contention simulation stats
  domain-0: # Domain stats
   time: 1363839680 # Weave simulation time
 time: # Simulator time breakdown
  init: 4062144341
  bound: 15789448966
  weave: 1368575442
  ff: 1168509936
 trigger: 20000 # Reason for this stats dump
 phase: 125 # Simulated phases
 l: # Logic unit stats
  l-0: # Logic unit stats
   cycles: 1242673 # Simulated unhalted cycles
   cCycles: 1155841 # Cycles due to contention stalls
   ops: 14496 # Simulated operations
   compOps: 4 # Simulated compute operations
 c: # Core stats
  c-0: # Core stats
   cycles: 0 # Simulated cycles
   instrs: 0 # Simulated instructions
 rdbuf: # Cache stats
  rdbuf-0: # Filter cache stats
   fhGETS: 8604 # Filtered GETS hits
   fhGETX: 0 # Filtered GETX hits
   hGETS: 0 # GETS hits
   hGETX: 0 # GETX hits
   mGETS: 100352 # GETS misses
   mGETXIM: 0 # GETX I->M misses
   mGETXSM: 0 # GETX S->M misses (upgrade misses)
   PUTS: 0 # Clean evictions (from lower level)
   PUTX: 0 # Dirty evictions (from lower level)
   INV: 0 # Invalidates (from upper level)
   INVX: 0 # Downgrades (from upper level)
   FWD: 0 # Forwards (from upper level)
   latGETnl: 3211264 # GET request latency on next level
   latGETnet: 0 # GET request latency on network to next level
 wrbuf: # Cache stats
  wrbuf-0: # Filter cache stats
   fhGETS: 0 # Filtered GETS hits
   fhGETX: 2828 # Filtered GETX hits
   hGETS: 0 # GETS hits
   hGETX: 0 # GETX hits
   mGETS: 0 # GETS misses
   mGETXIM: 25088 # GETX I->M misses
   mGETXSM: 0 # GETX S->M misses (upgrade misses)
   PUTS: 0 # Clean evictions (from lower level)
   PUTX: 0 # Dirty evictions (from lower level)
   INV: 3 # Invalidates (from upper level)
   INVX: 0 # Downgrades (from upper level)
   FWD: 0 # Forwards (from upper level)
   latGETnl: 802816 # GET request latency on next level
   latGETnet: 0 # GET request latency on network to next level
 gbuf: # Cache stats
  gbuf-0b0: # Cache stats
   hGETS: 0 # GETS hits
   hGETX: 0 # GETX hits
   mGETS: 12544 # GETS misses
   mGETXIM: 3136 # GETX I->M misses
   mGETXSM: 0 # GETX S->M misses (upgrade misses)
   PUTS: 12544 # Clean evictions (from lower level)
   PUTX: 3136 # Dirty evictions (from lower level)
   INV: 0 # Invalidates (from upper level)
   INVX: 0 # Downgrades (from upper level)
   FWD: 0 # Forwards (from upper level)
   latGETnl: 486080 # GET request latency on next level
   latGETnet: 0 # GET request latency on network to next level
  gbuf-0b1: # Cache stats
   hGETS: 0 # GETS hits
   hGETX: 0 # GETX hits
   mGETS: 12544 # GETS misses
   mGETXIM: 3136 # GETX I->M misses
   mGETXSM: 0 # GETX S->M misses (upgrade misses)
   PUTS: 12544 # Clean evictions (from lower level)
   PUTX: 3136 # Dirty evictions (from lower level)
   INV: 0 # Invalidates (from upper level)
   INVX: 0 # Downgrades (from upper level)
   FWD: 0 # Forwards (from upper level)
   latGETnl: 486080 # GET request latency on next level
   latGETnet: 0 # GET request latency on network to next level
  gbuf-0b2: # Cache stats
   hGETS: 0 # GETS hits
   hGETX: 0 # GETX hits
   mGETS: 12544 # GETS misses
   mGETXIM: 3136 # GETX I->M misses
   mGETXSM: 0 # GETX S->M misses (upgrade misses)
   PUTS: 12544 # Clean evictions (from lower level)
   PUTX: 3136 # Dirty evictions (from lower level)
   INV: 0 # Invalidates (from upper level)
   INVX: 0 # Downgrades (from upper level)
   FWD: 0 # Forwards (from upper level)
   latGETnl: 486080 # GET request latency on next level
   latGETnet: 0 # GET request latency on network to next level
  gbuf-0b3: # Cache stats
   hGETS: 0 # GETS hits
   hGETX: 0 # GETX hits
   mGETS: 12544 # GETS misses
   mGETXIM: 3136 # GETX I->M misses
   mGETXSM: 0 # GETX S->M misses (upgrade misses)
   PUTS: 12544 # Clean evictions (from lower level)
   PUTX: 3136 # Dirty evictions (from lower level)
   INV: 0 # Invalidates (from upper level)
   INVX: 0 # Downgrades (from upper level)
   FWD: 0 # Forwards (from upper level)
   latGETnl: 486080 # GET request latency on next level
   latGETnet: 0 # GET request latency on network to next level
  gbuf-0b4: # Cache stats
   hGETS: 0 # GETS hits
   hGETX: 0 # GETX hits
   mGETS: 12544 # GETS misses
   mGETXIM: 3136 # GETX I->M misses
   mGETXSM: 0 # GETX S->M misses (upgrade misses)
   PUTS: 12544 # Clean evictions (from lower level)
   PUTX: 3136 # Dirty evictions (from lower level)
   INV: 0 # Invalidates (from upper level)
   INVX: 0 # Downgrades (from upper level)
   FWD: 0 # Forwards (from upper level)
   latGETnl: 486080 # GET request latency on next level
   latGETnet: 0 # GET request latency on network to next level
  gbuf-0b5: # Cache stats
   hGETS: 0 # GETS hits
   hGETX: 0 # GETX hits
   mGETS: 12544 # GETS misses
   mGETXIM: 3136 # GETX I->M misses
   mGETXSM: 0 # GETX S->M misses (upgrade misses)
   PUTS: 12544 # Clean evictions (from lower level)
   PUTX: 3136 # Dirty evictions (from lower level)
   INV: 0 # Invalidates (from upper level)
   INVX: 0 # Downgrades (from upper level)
   FWD: 0 # Forwards (from upper level)
   latGETnl: 486080 # GET request latency on next level
   latGETnet: 0 # GET request latency on network to next level
  gbuf-0b6: # Cache stats
   hGETS: 0 # GETS hits
   hGETX: 0 # GETX hits
   mGETS: 12544 # GETS misses
   mGETXIM: 3136 # GETX I->M misses
   mGETXSM: 0 # GETX S->M misses (upgrade misses)
   PUTS: 12543 # Clean evictions (from lower level)
   PUTX: 3136 # Dirty evictions (from lower level)
   INV: 0 # Invalidates (from upper level)
   INVX: 0 # Downgrades (from upper level)
   FWD: 0 # Forwards (from upper level)
   latGETnl: 486080 # GET request latency on next level
   latGETnet: 0 # GET request latency on network to next level
  gbuf-0b7: # Cache stats
   hGETS: 0 # GETS hits
   hGETX: 0 # GETX hits
   mGETS: 12544 # GETS misses
   mGETXIM: 3136 # GETX I->M misses
   mGETXSM: 0 # GETX S->M misses (upgrade misses)
   PUTS: 12544 # Clean evictions (from lower level)
   PUTX: 3132 # Dirty evictions (from lower level)
   INV: 0 # Invalidates (from upper level)
   INVX: 0 # Downgrades (from upper level)
   FWD: 0 # Forwards (from upper level)
   latGETnl: 486080 # GET request latency on next level
   latGETnet: 0 # GET request latency on network to next level
 mem: # Memory controller stats
  mem-0: # Memory channel stats
   rd: 125440 # Read requests
   wr: 18816 # Write requests
   rdlat: 16164042147 # Total latency experienced by read requests
   wrlat: 3426465454 # Total latency experienced by write requests
   rdmlh: # Latency histogram for read requests
    0: 0
    1: 0
    2: 0
    3: 0
    4: 0
    5: 5
    6: 9
    7: 11
    8: 10
    9: 10
    10: 0
    11: 0
    12: 5
    13: 10
    14: 9
    15: 15
    16: 1
    17: 0
    18: 0
    19: 14
    20: 9
    21: 11
    22: 6
    23: 1
    24: 0
    25: 5
    26: 9
    27: 18
    28: 6
    29: 2
    30: 2
    31: 5
    32: 12
    33: 7
    34: 6
    35: 14
    36: 1
    37: 2
    38: 5
    39: 10
    40: 8
    41: 16
    42: 1
    43: 2
    44: 2
    45: 12
    46: 8
    47: 9
    48: 7
    49: 3
    50: 1
    51: 7
    52: 12
    53: 8
    54: 10
    55: 11
    56: 6
    57: 14
    58: 8
    59: 4
    60: 0
    61: 13
    62: 1
    63: 6
    64: 9
    65: 13
    66: 2
    67: 3
    68: 9
    69: 3
    70: 2
    71: 21
    72: 2
    73: 2
    74: 8
    75: 4
    76: 2
    77: 14
    78: 9
    79: 3
    80: 6
    81: 6
    82: 2
    83: 12
    84: 11
    85: 3
    86: 1
    87: 14
    88: 0
    89: 4
    90: 6
    91: 18
    92: 1
    93: 3
    94: 10
    95: 3
    96: 7
    97: 14
    98: 5
    99: 124809
   wrmlh: # Latency histogram for write requests
    0: 0
    1: 0
    2: 0
    3: 0
    4: 0
    5: 11
    6: 3
    7: 9
    8: 15
    9: 5
    10: 1
    11: 9
    12: 7
    13: 0
    14: 2
    15: 14
    16: 4
    17: 9
    18: 7
    19: 10
    20: 0
    21: 3
    22: 9
    23: 5
    24: 2
    25: 6
    26: 10
    27: 16
    28: 4
    29: 3
    30: 6
    31: 6
    32: 5
    33: 5
    34: 5
    35: 7
    36: 18
    37: 10
    38: 3
    39: 14
    40: 5
    41: 10
    42: 13
    43: 19
    44: 14
    45: 28
    46: 19
    47: 52
    48: 28
    49: 50
    50: 105
    51: 215
    52: 37
    53: 50
    54: 27
    55: 46
    56: 13
    57: 8
    58: 6
    59: 16
    60: 12
    61: 4
    62: 6
    63: 13
    64: 8
    65: 18
    66: 4
    67: 14
    68: 5
    69: 12
    70: 6
    71: 16
    72: 9
    73: 13
    74: 12
    75: 15
    76: 5
    77: 7
    78: 5
    79: 11
    80: 1
    81: 1
    82: 1
    83: 0
    84: 0
    85: 0
    86: 0
    87: 0
    88: 0
    89: 0
    90: 0
    91: 0
    92: 0
    93: 0
    94: 0
    95: 0
    96: 0
    97: 0
    98: 0
    99: 17614
   ACT: 144256 # Activate commands
   PRE: 146150 # Precharge commands
   RD: 125440 # Read commands
   WR: 18816 # Write commands
   REF: 642 # Refresh commands
   eACTPRE: 43709568 # Activate/precharge energy
   eRDWR: 195078016 # Read/write energy
   eREF: 2135934 # Refresh energy
   eBKGD: 49244195 # Background energy
   eWIRE: 22071168 # Channel wire energy
 sched: # Scheduler stats
  thCr: 0 # Threads created
  thFn: 0 # Threads finished
  schedEvs: 0 # Schedule events
  waitEvs: 0 # Wait events
  handoffEvs: 0 # Handoff events
  sleepEvs: 0 # Sleep events
  idlePhases: 0 # Phases with no thread active
  idlePeriods: 0 # Periods with no thread active
  occHist: # Occupancy histogram
   0: 125
   1: 0
  rqSzHist: # Run queue size histogram
   0: 125
   1: 0
   2: 0
   3: 0
   4: 0
   5: 0
   6: 0
   7: 0
   8: 0
   9: 0
   10: 0
   11: 0
   12: 0
   13: 0
   14: 0
   15: 0
   16: 0
 procCycles: # Per-process unhalted core cycles
  0: 0
  1: 0
  2: 0
  3: 0
  4: 0
  5: 0
  6: 0
  7: 0
  8: 0
  9: 0
  10: 0
  11: 0
  12: 0
  13: 0
  14: 0
  15: 0
  16: 0
  17: 0
  18: 0
  19: 0
  20: 0
  21: 0
  22: 0
  23: 0
  24: 0
  25: 0
  26: 0
  27: 0
  28: 0
  29: 0
  30: 0
  31: 0
 procInstrs: # Per-process instructions
  0: 0
  1: 0
  2: 0
  3: 0
  4: 0
  5: 0
  6: 0
  7: 0
  8: 0
  9: 0
  10: 0
  11: 0
  12: 0
  13: 0
  14: 0
  15: 0
  16: 0
  17: 0
  18: 0
  19: 0
  20: 0
  21: 0
  22: 0
  23: 0
  24: 0
  25: 0
  26: 0
  27: 0
  28: 0
  29: 0
  30: 0
  31: 0
 heartbeats: # Per-process heartbeats
  0: 0
  1: 0
  2: 0
  3: 0
  4: 0
  5: 0
  6: 0
  7: 0
  8: 0
  9: 0
  10: 0
  11: 0
  12: 0
  13: 0
  14: 0
  15: 0
  16: 0
  17: 0
  18: 0
  19: 0
  20: 0
  21: 0
  22: 0
  23: 0
  24: 0
  25: 0
  26: 0
  27: 0
  28: 0
  29: 0
  30: 0
  31: 0
===
