# zsim stats
===
root: # Stats
 contention: # Contention simulation stats
  domain-0: # Domain stats
   time: 8822201044 # Weave simulation time
 time: # Simulator time breakdown
  init: 631079968
  bound: 224625764823
  weave: 8239527014
  ff: 1246087428
 trigger: 20000 # Reason for this stats dump
 phase: 2977 # Simulated phases
 l: # Logic unit stats
  l-0: # Logic unit stats
   cycles: 29765913 # Simulated unhalted cycles
   cCycles: 10429465 # Cycles due to contention stalls
   ops: 583480 # Simulated operations
   compOps: 1024 # Simulated compute operations
 c: # Core stats
  c-0: # Core stats
   cycles: 0 # Simulated cycles
   instrs: 0 # Simulated instructions
 rdbuf: # Cache stats
  rdbuf-0: # Filter cache stats
   fhGETS: 8192 # Filtered GETS hits
   fhGETX: 0 # Filtered GETX hits
   hGETS: 0 # GETS hits
   hGETX: 0 # GETX hits
   mGETS: 624640 # GETS misses
   mGETXIM: 0 # GETX I->M misses
   mGETXSM: 0 # GETX S->M misses (upgrade misses)
   PUTS: 0 # Clean evictions (from lower level)
   PUTX: 0 # Dirty evictions (from lower level)
   INV: 8 # Invalidates (from upper level)
   INVX: 0 # Downgrades (from upper level)
   FWD: 0 # Forwards (from upper level)
   latGETnl: 19988480 # GET request latency on next level
   latGETnet: 0 # GET request latency on network to next level
 wrbuf: # Cache stats
  wrbuf-0: # Filter cache stats
   fhGETS: 0 # Filtered GETS hits
   fhGETX: 34408 # Filtered GETX hits
   hGETS: 0 # GETS hits
   hGETX: 0 # GETX hits
   mGETS: 0 # GETS misses
   mGETXIM: 401408 # GETX I->M misses
   mGETXSM: 0 # GETX S->M misses (upgrade misses)
   PUTS: 0 # Clean evictions (from lower level)
   PUTX: 0 # Dirty evictions (from lower level)
   INV: 8 # Invalidates (from upper level)
   INVX: 0 # Downgrades (from upper level)
   FWD: 0 # Forwards (from upper level)
   latGETnl: 12843537 # GET request latency on next level
   latGETnet: 0 # GET request latency on network to next level
 gbuf: # Cache stats
  gbuf-0b0: # Cache stats
   hGETS: 0 # GETS hits
   hGETX: 7 # GETX hits
   mGETS: 78080 # GETS misses
   mGETXIM: 50169 # GETX I->M misses
   mGETXSM: 0 # GETX S->M misses (upgrade misses)
   PUTS: 78075 # Clean evictions (from lower level)
   PUTX: 50176 # Dirty evictions (from lower level)
   INV: 0 # Invalidates (from upper level)
   INVX: 0 # Downgrades (from upper level)
   FWD: 0 # Forwards (from upper level)
   latGETnl: 3975719 # GET request latency on next level
   latGETnet: 0 # GET request latency on network to next level
  gbuf-0b1: # Cache stats
   hGETS: 0 # GETS hits
   hGETX: 6 # GETX hits
   mGETS: 78080 # GETS misses
   mGETXIM: 50170 # GETX I->M misses
   mGETXSM: 0 # GETX S->M misses (upgrade misses)
   PUTS: 78077 # Clean evictions (from lower level)
   PUTX: 50175 # Dirty evictions (from lower level)
   INV: 0 # Invalidates (from upper level)
   INVX: 0 # Downgrades (from upper level)
   FWD: 0 # Forwards (from upper level)
   latGETnl: 3975750 # GET request latency on next level
   latGETnet: 0 # GET request latency on network to next level
  gbuf-0b2: # Cache stats
   hGETS: 0 # GETS hits
   hGETX: 6 # GETX hits
   mGETS: 78080 # GETS misses
   mGETXIM: 50170 # GETX I->M misses
   mGETXSM: 0 # GETX S->M misses (upgrade misses)
   PUTS: 78080 # Clean evictions (from lower level)
   PUTX: 50175 # Dirty evictions (from lower level)
   INV: 0 # Invalidates (from upper level)
   INVX: 0 # Downgrades (from upper level)
   FWD: 0 # Forwards (from upper level)
   latGETnl: 3975750 # GET request latency on next level
   latGETnet: 0 # GET request latency on network to next level
  gbuf-0b3: # Cache stats
   hGETS: 0 # GETS hits
   hGETX: 6 # GETX hits
   mGETS: 78080 # GETS misses
   mGETXIM: 50170 # GETX I->M misses
   mGETXSM: 0 # GETX S->M misses (upgrade misses)
   PUTS: 78080 # Clean evictions (from lower level)
   PUTX: 50175 # Dirty evictions (from lower level)
   INV: 0 # Invalidates (from upper level)
   INVX: 0 # Downgrades (from upper level)
   FWD: 0 # Forwards (from upper level)
   latGETnl: 3975750 # GET request latency on next level
   latGETnet: 0 # GET request latency on network to next level
  gbuf-0b4: # Cache stats
   hGETS: 0 # GETS hits
   hGETX: 6 # GETX hits
   mGETS: 78080 # GETS misses
   mGETXIM: 50170 # GETX I->M misses
   mGETXSM: 0 # GETX S->M misses (upgrade misses)
   PUTS: 78080 # Clean evictions (from lower level)
   PUTX: 50174 # Dirty evictions (from lower level)
   INV: 0 # Invalidates (from upper level)
   INVX: 0 # Downgrades (from upper level)
   FWD: 0 # Forwards (from upper level)
   latGETnl: 3975750 # GET request latency on next level
   latGETnet: 0 # GET request latency on network to next level
  gbuf-0b5: # Cache stats
   hGETS: 0 # GETS hits
   hGETX: 6 # GETX hits
   mGETS: 78080 # GETS misses
   mGETXIM: 50170 # GETX I->M misses
   mGETXSM: 0 # GETX S->M misses (upgrade misses)
   PUTS: 78080 # Clean evictions (from lower level)
   PUTX: 50175 # Dirty evictions (from lower level)
   INV: 0 # Invalidates (from upper level)
   INVX: 0 # Downgrades (from upper level)
   FWD: 0 # Forwards (from upper level)
   latGETnl: 3975750 # GET request latency on next level
   latGETnet: 0 # GET request latency on network to next level
  gbuf-0b6: # Cache stats
   hGETS: 0 # GETS hits
   hGETX: 6 # GETX hits
   mGETS: 78080 # GETS misses
   mGETXIM: 50170 # GETX I->M misses
   mGETXSM: 0 # GETX S->M misses (upgrade misses)
   PUTS: 78079 # Clean evictions (from lower level)
   PUTX: 50175 # Dirty evictions (from lower level)
   INV: 0 # Invalidates (from upper level)
   INVX: 0 # Downgrades (from upper level)
   FWD: 0 # Forwards (from upper level)
   latGETnl: 3975750 # GET request latency on next level
   latGETnet: 0 # GET request latency on network to next level
  gbuf-0b7: # Cache stats
   hGETS: 0 # GETS hits
   hGETX: 6 # GETX hits
   mGETS: 78080 # GETS misses
   mGETXIM: 50170 # GETX I->M misses
   mGETXSM: 0 # GETX S->M misses (upgrade misses)
   PUTS: 78080 # Clean evictions (from lower level)
   PUTX: 50175 # Dirty evictions (from lower level)
   INV: 0 # Invalidates (from upper level)
   INVX: 0 # Downgrades (from upper level)
   FWD: 0 # Forwards (from upper level)
   latGETnl: 3975750 # GET request latency on next level
   latGETnet: 0 # GET request latency on network to next level
 mem: # Memory controller stats
  mem-0: # Memory channel stats
   rd: 1025999 # Read requests
   wr: 401408 # Write requests
   rdlat: 170679690690 # Total latency experienced by read requests
   wrlat: 157628722258 # Total latency experienced by write requests
   rdmlh: # Latency histogram for read requests
    0: 0
    1: 0
    2: 0
    3: 0
    4: 0
    5: 7957
    6: 31
    7: 17
    8: 28
    9: 19
    10: 0
    11: 7890
    12: 7826
    13: 17
    14: 34
    15: 66
    16: 23
    17: 21
    18: 7699
    19: 7613
    20: 29
    21: 75
    22: 84
    23: 16
    24: 47
    25: 14629
    26: 331
    27: 84
    28: 95
    29: 115
    30: 43
    31: 90
    32: 14208
    33: 440
    34: 136
    35: 196
    36: 97
    37: 95
    38: 6795
    39: 7180
    40: 516
    41: 220
    42: 224
    43: 145
    44: 157
    45: 6634
    46: 7190
    47: 591
    48: 242
    49: 222
    50: 214
    51: 259
    52: 6570
    53: 7263
    54: 464
    55: 285
    56: 320
    57: 247
    58: 413
    59: 12024
    60: 1520
    61: 423
    62: 322
    63: 376
    64: 268
    65: 589
    66: 11814
    67: 1312
    68: 469
    69: 477
    70: 293
    71: 379
    72: 5533
    73: 6499
    74: 1376
    75: 539
    76: 523
    77: 357
    78: 469
    79: 5362
    80: 6672
    81: 1298
    82: 543
    83: 482
    84: 427
    85: 544
    86: 5452
    87: 6839
    88: 917
    89: 564
    90: 562
    91: 476
    92: 782
    93: 9230
    94: 2721
    95: 833
    96: 608
    97: 641
    98: 488
    99: 818794
   wrmlh: # Latency histogram for write requests
    0: 0
    1: 0
    2: 0
    3: 0
    4: 0
    5: 442
    6: 452
    7: 763
    8: 680
    9: 713
    10: 222
    11: 543
    12: 135
    13: 174
    14: 102
    15: 557
    16: 511
    17: 638
    18: 628
    19: 639
    20: 415
    21: 185
    22: 122
    23: 225
    24: 301
    25: 661
    26: 657
    27: 693
    28: 527
    29: 349
    30: 244
    31: 198
    32: 213
    33: 325
    34: 536
    35: 805
    36: 506
    37: 583
    38: 208
    39: 171
    40: 249
    41: 266
    42: 278
    43: 516
    44: 490
    45: 262
    46: 270
    47: 380
    48: 935
    49: 976
    50: 2702
    51: 7046
    52: 2134
    53: 1544
    54: 831
    55: 1355
    56: 298
    57: 156
    58: 157
    59: 174
    60: 130
    61: 176
    62: 156
    63: 180
    64: 241
    65: 181
    66: 156
    67: 201
    68: 121
    69: 203
    70: 166
    71: 194
    72: 196
    73: 120
    74: 161
    75: 128
    76: 136
    77: 82
    78: 127
    79: 133
    80: 92
    81: 57
    82: 72
    83: 48
    84: 27
    85: 35
    86: 28
    87: 16
    88: 17
    89: 19
    90: 9
    91: 8
    92: 13
    93: 12
    94: 10
    95: 15
    96: 14
    97: 11
    98: 16
    99: 361559
   ACT: 1427407 # Activate commands
   PRE: 1468957 # Precharge commands
   RD: 1025999 # Read commands
   WR: 401408 # Write commands
   REF: 15275 # Refresh commands
   eACTPRE: 432504321 # Activate/precharge energy
   eRDWR: 1937391100 # Read/write energy
   eREF: 50819925 # Refresh energy
   eBKGD: 1148720724 # Background energy
   eWIRE: 218393271 # Channel wire energy
 sched: # Scheduler stats
  thCr: 0 # Threads created
  thFn: 0 # Threads finished
  schedEvs: 0 # Schedule events
  waitEvs: 0 # Wait events
  handoffEvs: 0 # Handoff events
  sleepEvs: 0 # Sleep events
  idlePhases: 0 # Phases with no thread active
  idlePeriods: 0 # Periods with no thread active
  occHist: # Occupancy histogram
   0: 2977
   1: 0
  rqSzHist: # Run queue size histogram
   0: 2977
   1: 0
   2: 0
   3: 0
   4: 0
   5: 0
   6: 0
   7: 0
   8: 0
   9: 0
   10: 0
   11: 0
   12: 0
   13: 0
   14: 0
   15: 0
   16: 0
 procCycles: # Per-process unhalted core cycles
  0: 0
  1: 0
  2: 0
  3: 0
  4: 0
  5: 0
  6: 0
  7: 0
  8: 0
  9: 0
  10: 0
  11: 0
  12: 0
  13: 0
  14: 0
  15: 0
  16: 0
  17: 0
  18: 0
  19: 0
  20: 0
  21: 0
  22: 0
  23: 0
  24: 0
  25: 0
  26: 0
  27: 0
  28: 0
  29: 0
  30: 0
  31: 0
 procInstrs: # Per-process instructions
  0: 0
  1: 0
  2: 0
  3: 0
  4: 0
  5: 0
  6: 0
  7: 0
  8: 0
  9: 0
  10: 0
  11: 0
  12: 0
  13: 0
  14: 0
  15: 0
  16: 0
  17: 0
  18: 0
  19: 0
  20: 0
  21: 0
  22: 0
  23: 0
  24: 0
  25: 0
  26: 0
  27: 0
  28: 0
  29: 0
  30: 0
  31: 0
 heartbeats: # Per-process heartbeats
  0: 0
  1: 0
  2: 0
  3: 0
  4: 0
  5: 0
  6: 0
  7: 0
  8: 0
  9: 0
  10: 0
  11: 0
  12: 0
  13: 0
  14: 0
  15: 0
  16: 0
  17: 0
  18: 0
  19: 0
  20: 0
  21: 0
  22: 0
  23: 0
  24: 0
  25: 0
  26: 0
  27: 0
  28: 0
  29: 0
  30: 0
  31: 0
===
