# zsim stats
===
root: # Stats
 contention: # Contention simulation stats
  domain-0: # Domain stats
   time: 149830809 # Weave simulation time
 time: # Simulator time breakdown
  init: 624272166
  bound: 1540139337040
  weave: 157418091
  ff: 1186506179
 trigger: 20000 # Reason for this stats dump
 phase: 78730 # Simulated phases
 l: # Logic unit stats
  l-0: # Logic unit stats
   cycles: 787292273 # Simulated unhalted cycles
   cCycles: 79700049 # Cycles due to contention stalls
   ops: 708608 # Simulated operations
   compOps: 4096 # Simulated compute operations
 c: # Core stats
  c-0: # Core stats
   cycles: 0 # Simulated cycles
   instrs: 0 # Simulated instructions
 rdbuf: # Cache stats
  rdbuf-0: # Filter cache stats
   fhGETS: 0 # Filtered GETS hits
   fhGETX: 0 # Filtered GETX hits
   hGETS: 0 # GETS hits
   hGETX: 0 # GETX hits
   mGETS: 6619136 # GETS misses
   mGETXIM: 0 # GETX I->M misses
   mGETXSM: 0 # GETX S->M misses (upgrade misses)
   PUTS: 0 # Clean evictions (from lower level)
   PUTX: 0 # Dirty evictions (from lower level)
   INV: 32 # Invalidates (from upper level)
   INVX: 0 # Downgrades (from upper level)
   FWD: 0 # Forwards (from upper level)
   latGETnl: 208034816 # GET request latency on next level
   latGETnet: 0 # GET request latency on network to next level
 wrbuf: # Cache stats
  wrbuf-0: # Filter cache stats
   fhGETS: 0 # Filtered GETS hits
   fhGETX: 0 # Filtered GETX hits
   hGETS: 0 # GETS hits
   hGETX: 0 # GETX hits
   mGETS: 0 # GETS misses
   mGETXIM: 1605632 # GETX I->M misses
   mGETXSM: 0 # GETX S->M misses (upgrade misses)
   PUTS: 0 # Clean evictions (from lower level)
   PUTX: 0 # Dirty evictions (from lower level)
   INV: 32 # Invalidates (from upper level)
   INVX: 0 # Downgrades (from upper level)
   FWD: 0 # Forwards (from upper level)
   latGETnl: 51185792 # GET request latency on next level
   latGETnet: 0 # GET request latency on network to next level
 gbuf: # Cache stats
  gbuf-0b0: # Cache stats
   hGETS: 14336 # GETS hits
   hGETX: 784 # GETX hits
   mGETS: 813056 # GETS misses
   mGETXIM: 199920 # GETX I->M misses
   mGETXSM: 0 # GETX S->M misses (upgrade misses)
   PUTS: 827388 # Clean evictions (from lower level)
   PUTX: 200701 # Dirty evictions (from lower level)
   INV: 0 # Invalidates (from upper level)
   INVX: 0 # Downgrades (from upper level)
   FWD: 0 # Forwards (from upper level)
   latGETnl: 31402256 # GET request latency on next level
   latGETnet: 0 # GET request latency on network to next level
  gbuf-0b1: # Cache stats
   hGETS: 15360 # GETS hits
   hGETX: 784 # GETX hits
   mGETS: 812032 # GETS misses
   mGETXIM: 199920 # GETX I->M misses
   mGETXSM: 0 # GETX S->M misses (upgrade misses)
   PUTS: 827388 # Clean evictions (from lower level)
   PUTX: 200700 # Dirty evictions (from lower level)
   INV: 0 # Invalidates (from upper level)
   INVX: 0 # Downgrades (from upper level)
   FWD: 0 # Forwards (from upper level)
   latGETnl: 31370512 # GET request latency on next level
   latGETnet: 0 # GET request latency on network to next level
  gbuf-0b2: # Cache stats
   hGETS: 15360 # GETS hits
   hGETX: 784 # GETX hits
   mGETS: 812032 # GETS misses
   mGETXIM: 199920 # GETX I->M misses
   mGETXSM: 0 # GETX S->M misses (upgrade misses)
   PUTS: 827388 # Clean evictions (from lower level)
   PUTX: 200700 # Dirty evictions (from lower level)
   INV: 0 # Invalidates (from upper level)
   INVX: 0 # Downgrades (from upper level)
   FWD: 0 # Forwards (from upper level)
   latGETnl: 31370512 # GET request latency on next level
   latGETnet: 0 # GET request latency on network to next level
  gbuf-0b3: # Cache stats
   hGETS: 15360 # GETS hits
   hGETX: 784 # GETX hits
   mGETS: 812032 # GETS misses
   mGETXIM: 199920 # GETX I->M misses
   mGETXSM: 0 # GETX S->M misses (upgrade misses)
   PUTS: 827388 # Clean evictions (from lower level)
   PUTX: 200700 # Dirty evictions (from lower level)
   INV: 0 # Invalidates (from upper level)
   INVX: 0 # Downgrades (from upper level)
   FWD: 0 # Forwards (from upper level)
   latGETnl: 31370512 # GET request latency on next level
   latGETnet: 0 # GET request latency on network to next level
  gbuf-0b4: # Cache stats
   hGETS: 15360 # GETS hits
   hGETX: 784 # GETX hits
   mGETS: 812032 # GETS misses
   mGETXIM: 199920 # GETX I->M misses
   mGETXSM: 0 # GETX S->M misses (upgrade misses)
   PUTS: 827388 # Clean evictions (from lower level)
   PUTX: 200700 # Dirty evictions (from lower level)
   INV: 0 # Invalidates (from upper level)
   INVX: 0 # Downgrades (from upper level)
   FWD: 0 # Forwards (from upper level)
   latGETnl: 31370512 # GET request latency on next level
   latGETnet: 0 # GET request latency on network to next level
  gbuf-0b5: # Cache stats
   hGETS: 15360 # GETS hits
   hGETX: 784 # GETX hits
   mGETS: 812032 # GETS misses
   mGETXIM: 199920 # GETX I->M misses
   mGETXSM: 0 # GETX S->M misses (upgrade misses)
   PUTS: 827388 # Clean evictions (from lower level)
   PUTX: 200701 # Dirty evictions (from lower level)
   INV: 0 # Invalidates (from upper level)
   INVX: 0 # Downgrades (from upper level)
   FWD: 0 # Forwards (from upper level)
   latGETnl: 31370512 # GET request latency on next level
   latGETnet: 0 # GET request latency on network to next level
  gbuf-0b6: # Cache stats
   hGETS: 15360 # GETS hits
   hGETX: 784 # GETX hits
   mGETS: 812032 # GETS misses
   mGETXIM: 199920 # GETX I->M misses
   mGETXSM: 0 # GETX S->M misses (upgrade misses)
   PUTS: 827388 # Clean evictions (from lower level)
   PUTX: 200699 # Dirty evictions (from lower level)
   INV: 0 # Invalidates (from upper level)
   INVX: 0 # Downgrades (from upper level)
   FWD: 0 # Forwards (from upper level)
   latGETnl: 31370512 # GET request latency on next level
   latGETnet: 0 # GET request latency on network to next level
  gbuf-0b7: # Cache stats
   hGETS: 15360 # GETS hits
   hGETX: 784 # GETX hits
   mGETS: 812032 # GETS misses
   mGETXIM: 199920 # GETX I->M misses
   mGETXSM: 0 # GETX S->M misses (upgrade misses)
   PUTS: 827387 # Clean evictions (from lower level)
   PUTX: 200699 # Dirty evictions (from lower level)
   INV: 0 # Invalidates (from upper level)
   INVX: 0 # Downgrades (from upper level)
   FWD: 0 # Forwards (from upper level)
   latGETnl: 31370512 # GET request latency on next level
   latGETnet: 0 # GET request latency on network to next level
 mem: # Memory controller stats
  mem-0: # Memory channel stats
   rd: 8096640 # Read requests
   wr: 1605632 # Write requests
   rdlat: 747485911703 # Total latency experienced by read requests
   wrlat: 678767605966 # Total latency experienced by write requests
   rdmlh: # Latency histogram for read requests
    0: 0
    1: 0
    2: 0
    3: 0
    4: 0
    5: 8660
    6: 8033
    7: 11187
    8: 4350
    9: 9143
    10: 8350
    11: 4350
    12: 4348
    13: 8153
    14: 8361
    15: 7819
    16: 8466
    17: 6146
    18: 6620
    19: 7359
    20: 5914
    21: 6200
    22: 7043
    23: 3087
    24: 2616
    25: 4456
    26: 6940
    27: 6112
    28: 5302
    29: 5746
    30: 2194
    31: 2886
    32: 6079
    33: 6090
    34: 5204
    35: 7343
    36: 4499
    37: 1430
    38: 3665
    39: 6036
    40: 5739
    41: 6991
    42: 5440
    43: 2986
    44: 3008
    45: 4747
    46: 6761
    47: 5661
    48: 7323
    49: 3709
    50: 1753
    51: 5422
    52: 6529
    53: 5762
    54: 5679
    55: 5661
    56: 4737
    57: 4675
    58: 5542
    59: 6992
    60: 4459
    61: 3756
    62: 4990
    63: 5537
    64: 5739
    65: 5922
    66: 6142
    67: 3627
    68: 4458
    69: 5945
    70: 5382
    71: 6324
    72: 6669
    73: 4669
    74: 3133
    75: 4987
    76: 5773
    77: 5745
    78: 6692
    79: 6123
    80: 3372
    81: 3547
    82: 5422
    83: 5434
    84: 5668
    85: 5847
    86: 5570
    87: 2619
    88: 4396
    89: 6089
    90: 6227
    91: 6360
    92: 5736
    93: 4516
    94: 3625
    95: 4611
    96: 6158
    97: 5866
    98: 5584
    99: 7578617
   wrmlh: # Latency histogram for write requests
    0: 0
    1: 0
    2: 0
    3: 0
    4: 0
    5: 150
    6: 125
    7: 263
    8: 189
    9: 207
    10: 155
    11: 154
    12: 204
    13: 72
    14: 218
    15: 252
    16: 135
    17: 349
    18: 302
    19: 273
    20: 238
    21: 239
    22: 220
    23: 468
    24: 393
    25: 430
    26: 585
    27: 909
    28: 869
    29: 761
    30: 604
    31: 1414
    32: 1106
    33: 1104
    34: 1154
    35: 1662
    36: 1899
    37: 1091
    38: 1053
    39: 1735
    40: 1533
    41: 1239
    42: 1144
    43: 1583
    44: 1608
    45: 1088
    46: 1133
    47: 1570
    48: 1490
    49: 949
    50: 903
    51: 1164
    52: 959
    53: 727
    54: 791
    55: 1080
    56: 1058
    57: 648
    58: 667
    59: 837
    60: 842
    61: 654
    62: 563
    63: 1011
    64: 729
    65: 757
    66: 700
    67: 797
    68: 664
    69: 498
    70: 501
    71: 878
    72: 619
    73: 546
    74: 571
    75: 604
    76: 489
    77: 244
    78: 392
    79: 403
    80: 351
    81: 287
    82: 303
    83: 357
    84: 318
    85: 187
    86: 338
    87: 308
    88: 365
    89: 201
    90: 194
    91: 272
    92: 230
    93: 162
    94: 212
    95: 124
    96: 204
    97: 69
    98: 107
    99: 1545428
   ACT: 9702272 # Activate commands
   PRE: 9922679 # Precharge commands
   RD: 8096640 # Read commands
   WR: 1605632 # Write commands
   REF: 403951 # Refresh commands
   eACTPRE: 2939788416 # Activate/precharge energy
   eRDWR: 13131648512 # Read/write energy
   eREF: 1343944977 # Refresh energy
   eBKGD: 29990170116 # Background energy
   eWIRE: 1484447616 # Channel wire energy
 sched: # Scheduler stats
  thCr: 0 # Threads created
  thFn: 0 # Threads finished
  schedEvs: 0 # Schedule events
  waitEvs: 0 # Wait events
  handoffEvs: 0 # Handoff events
  sleepEvs: 0 # Sleep events
  idlePhases: 0 # Phases with no thread active
  idlePeriods: 0 # Periods with no thread active
  occHist: # Occupancy histogram
   0: 78730
   1: 0
  rqSzHist: # Run queue size histogram
   0: 78730
   1: 0
   2: 0
   3: 0
   4: 0
   5: 0
   6: 0
   7: 0
   8: 0
   9: 0
   10: 0
   11: 0
   12: 0
   13: 0
   14: 0
   15: 0
   16: 0
 procCycles: # Per-process unhalted core cycles
  0: 0
  1: 0
  2: 0
  3: 0
  4: 0
  5: 0
  6: 0
  7: 0
  8: 0
  9: 0
  10: 0
  11: 0
  12: 0
  13: 0
  14: 0
  15: 0
  16: 0
  17: 0
  18: 0
  19: 0
  20: 0
  21: 0
  22: 0
  23: 0
  24: 0
  25: 0
  26: 0
  27: 0
  28: 0
  29: 0
  30: 0
  31: 0
 procInstrs: # Per-process instructions
  0: 0
  1: 0
  2: 0
  3: 0
  4: 0
  5: 0
  6: 0
  7: 0
  8: 0
  9: 0
  10: 0
  11: 0
  12: 0
  13: 0
  14: 0
  15: 0
  16: 0
  17: 0
  18: 0
  19: 0
  20: 0
  21: 0
  22: 0
  23: 0
  24: 0
  25: 0
  26: 0
  27: 0
  28: 0
  29: 0
  30: 0
  31: 0
 heartbeats: # Per-process heartbeats
  0: 0
  1: 0
  2: 0
  3: 0
  4: 0
  5: 0
  6: 0
  7: 0
  8: 0
  9: 0
  10: 0
  11: 0
  12: 0
  13: 0
  14: 0
  15: 0
  16: 0
  17: 0
  18: 0
  19: 0
  20: 0
  21: 0
  22: 0
  23: 0
  24: 0
  25: 0
  26: 0
  27: 0
  28: 0
  29: 0
  30: 0
  31: 0
===
