# zsim stats
===
root: # Stats
 contention: # Contention simulation stats
  domain-0: # Domain stats
   time: 97368605970 # Weave simulation time
 time: # Simulator time breakdown
  init: 707753928
  bound: 333901088265
  weave: 91560852897
  ff: 1122994499
 trigger: 20000 # Reason for this stats dump
 phase: 15859 # Simulated phases
 l: # Logic unit stats
  l-0: # Logic unit stats
   cycles: 158582919 # Simulated unhalted cycles
   cCycles: 14194466 # Cycles due to contention stalls
   ops: 308224 # Simulated operations
   compOps: 1024 # Simulated compute operations
  l-1: # Logic unit stats
   cycles: 158586389 # Simulated unhalted cycles
   cCycles: 14199469 # Cycles due to contention stalls
   ops: 308224 # Simulated operations
   compOps: 1024 # Simulated compute operations
  l-2: # Logic unit stats
   cycles: 158588379 # Simulated unhalted cycles
   cCycles: 14204455 # Cycles due to contention stalls
   ops: 308224 # Simulated operations
   compOps: 1024 # Simulated compute operations
  l-3: # Logic unit stats
   cycles: 158578781 # Simulated unhalted cycles
   cCycles: 14203192 # Cycles due to contention stalls
   ops: 304128 # Simulated operations
   compOps: 1024 # Simulated compute operations
 c: # Core stats
  c-0: # Core stats
   cycles: 0 # Simulated cycles
   instrs: 0 # Simulated instructions
 rdbuf: # Cache stats
  rdbuf-0: # Filter cache stats
   fhGETS: 12284 # Filtered GETS hits
   fhGETX: 0 # Filtered GETX hits
   hGETS: 4 # GETS hits
   hGETX: 0 # GETX hits
   mGETS: 622592 # GETS misses
   mGETXIM: 0 # GETX I->M misses
   mGETXSM: 0 # GETX S->M misses (upgrade misses)
   PUTS: 0 # Clean evictions (from lower level)
   PUTX: 0 # Dirty evictions (from lower level)
   INV: 4 # Invalidates (from upper level)
   INVX: 1490 # Downgrades (from upper level)
   FWD: 0 # Forwards (from upper level)
   latGETnl: 10367845 # GET request latency on next level
   latGETnet: 0 # GET request latency on network to next level
  rdbuf-1: # Filter cache stats
   fhGETS: 8192 # Filtered GETS hits
   fhGETX: 0 # Filtered GETX hits
   hGETS: 0 # GETS hits
   hGETX: 0 # GETX hits
   mGETS: 622592 # GETS misses
   mGETXIM: 0 # GETX I->M misses
   mGETXSM: 0 # GETX S->M misses (upgrade misses)
   PUTS: 0 # Clean evictions (from lower level)
   PUTX: 0 # Dirty evictions (from lower level)
   INV: 4 # Invalidates (from upper level)
   INVX: 1410 # Downgrades (from upper level)
   FWD: 0 # Forwards (from upper level)
   latGETnl: 8112440 # GET request latency on next level
   latGETnet: 0 # GET request latency on network to next level
  rdbuf-2: # Filter cache stats
   fhGETS: 12286 # Filtered GETS hits
   fhGETX: 0 # Filtered GETX hits
   hGETS: 2 # GETS hits
   hGETX: 0 # GETX hits
   mGETS: 622592 # GETS misses
   mGETXIM: 0 # GETX I->M misses
   mGETXSM: 0 # GETX S->M misses (upgrade misses)
   PUTS: 0 # Clean evictions (from lower level)
   PUTX: 0 # Dirty evictions (from lower level)
   INV: 4 # Invalidates (from upper level)
   INVX: 166 # Downgrades (from upper level)
   FWD: 0 # Forwards (from upper level)
   latGETnl: 6288462 # GET request latency on next level
   latGETnet: 0 # GET request latency on network to next level
  rdbuf-3: # Filter cache stats
   fhGETS: 8192 # Filtered GETS hits
   fhGETX: 0 # Filtered GETX hits
   hGETS: 0 # GETS hits
   hGETX: 0 # GETX hits
   mGETS: 593920 # GETS misses
   mGETXIM: 0 # GETX I->M misses
   mGETXSM: 0 # GETX S->M misses (upgrade misses)
   PUTS: 0 # Clean evictions (from lower level)
   PUTX: 0 # Dirty evictions (from lower level)
   INV: 4 # Invalidates (from upper level)
   INVX: 123 # Downgrades (from upper level)
   FWD: 0 # Forwards (from upper level)
   latGETnl: 10979819 # GET request latency on next level
   latGETnet: 0 # GET request latency on network to next level
 wrbuf: # Cache stats
  wrbuf-0: # Filter cache stats
   fhGETS: 0 # Filtered GETS hits
   fhGETX: 8192 # Filtered GETX hits
   hGETS: 0 # GETS hits
   hGETX: 0 # GETX hits
   mGETS: 0 # GETS misses
   mGETXIM: 200704 # GETX I->M misses
   mGETXSM: 0 # GETX S->M misses (upgrade misses)
   PUTS: 0 # Clean evictions (from lower level)
   PUTX: 0 # Dirty evictions (from lower level)
   INV: 4 # Invalidates (from upper level)
   INVX: 0 # Downgrades (from upper level)
   FWD: 0 # Forwards (from upper level)
   latGETnl: 6410376 # GET request latency on next level
   latGETnet: 0 # GET request latency on network to next level
  wrbuf-1: # Filter cache stats
   fhGETS: 0 # Filtered GETS hits
   fhGETX: 8192 # Filtered GETX hits
   hGETS: 0 # GETS hits
   hGETX: 0 # GETX hits
   mGETS: 0 # GETS misses
   mGETXIM: 200704 # GETX I->M misses
   mGETXSM: 0 # GETX S->M misses (upgrade misses)
   PUTS: 0 # Clean evictions (from lower level)
   PUTX: 0 # Dirty evictions (from lower level)
   INV: 4 # Invalidates (from upper level)
   INVX: 0 # Downgrades (from upper level)
   FWD: 0 # Forwards (from upper level)
   latGETnl: 6410376 # GET request latency on next level
   latGETnet: 0 # GET request latency on network to next level
  wrbuf-2: # Filter cache stats
   fhGETS: 0 # Filtered GETS hits
   fhGETX: 8192 # Filtered GETX hits
   hGETS: 0 # GETS hits
   hGETX: 0 # GETX hits
   mGETS: 0 # GETS misses
   mGETXIM: 200704 # GETX I->M misses
   mGETXSM: 0 # GETX S->M misses (upgrade misses)
   PUTS: 0 # Clean evictions (from lower level)
   PUTX: 0 # Dirty evictions (from lower level)
   INV: 4 # Invalidates (from upper level)
   INVX: 0 # Downgrades (from upper level)
   FWD: 0 # Forwards (from upper level)
   latGETnl: 6414933 # GET request latency on next level
   latGETnet: 0 # GET request latency on network to next level
  wrbuf-3: # Filter cache stats
   fhGETS: 0 # Filtered GETS hits
   fhGETX: 8192 # Filtered GETX hits
   hGETS: 0 # GETS hits
   hGETX: 0 # GETX hits
   mGETS: 0 # GETS misses
   mGETXIM: 200704 # GETX I->M misses
   mGETXSM: 0 # GETX S->M misses (upgrade misses)
   PUTS: 0 # Clean evictions (from lower level)
   PUTX: 0 # Dirty evictions (from lower level)
   INV: 4 # Invalidates (from upper level)
   INVX: 0 # Downgrades (from upper level)
   FWD: 0 # Forwards (from upper level)
   latGETnl: 6405974 # GET request latency on next level
   latGETnet: 0 # GET request latency on network to next level
 gbuf: # Cache stats
  gbuf-0b0: # Cache stats
   hGETS: 171527 # GETS hits
   hGETX: 193 # GETX hits
   mGETS: 136173 # GETS misses
   mGETXIM: 100159 # GETX I->M misses
   mGETXSM: 0 # GETX S->M misses (upgrade misses)
   PUTS: 307697 # Clean evictions (from lower level)
   PUTX: 100350 # Dirty evictions (from lower level)
   INV: 0 # Invalidates (from upper level)
   INVX: 0 # Downgrades (from upper level)
   FWD: 0 # Forwards (from upper level)
   latGETnl: 7326292 # GET request latency on next level
   latGETnet: 0 # GET request latency on network to next level
  gbuf-0b1: # Cache stats
   hGETS: 173675 # GETS hits
   hGETX: 198 # GETX hits
   mGETS: 134027 # GETS misses
   mGETXIM: 100154 # GETX I->M misses
   mGETXSM: 0 # GETX S->M misses (upgrade misses)
   PUTS: 307699 # Clean evictions (from lower level)
   PUTX: 100350 # Dirty evictions (from lower level)
   INV: 0 # Invalidates (from upper level)
   INVX: 0 # Downgrades (from upper level)
   FWD: 0 # Forwards (from upper level)
   latGETnl: 7259611 # GET request latency on next level
   latGETnet: 0 # GET request latency on network to next level
  gbuf-0b2: # Cache stats
   hGETS: 173716 # GETS hits
   hGETX: 198 # GETX hits
   mGETS: 133986 # GETS misses
   mGETXIM: 100154 # GETX I->M misses
   mGETXSM: 0 # GETX S->M misses (upgrade misses)
   PUTS: 307699 # Clean evictions (from lower level)
   PUTX: 100350 # Dirty evictions (from lower level)
   INV: 0 # Invalidates (from upper level)
   INVX: 0 # Downgrades (from upper level)
   FWD: 0 # Forwards (from upper level)
   latGETnl: 7258340 # GET request latency on next level
   latGETnet: 0 # GET request latency on network to next level
  gbuf-0b3: # Cache stats
   hGETS: 173792 # GETS hits
   hGETX: 197 # GETX hits
   mGETS: 133952 # GETS misses
   mGETXIM: 100155 # GETX I->M misses
   mGETXSM: 0 # GETX S->M misses (upgrade misses)
   PUTS: 307740 # Clean evictions (from lower level)
   PUTX: 100350 # Dirty evictions (from lower level)
   INV: 0 # Invalidates (from upper level)
   INVX: 0 # Downgrades (from upper level)
   FWD: 0 # Forwards (from upper level)
   latGETnl: 7257317 # GET request latency on next level
   latGETnet: 0 # GET request latency on network to next level
  gbuf-0b4: # Cache stats
   hGETS: 173763 # GETS hits
   hGETX: 194 # GETX hits
   mGETS: 133938 # GETS misses
   mGETXIM: 100158 # GETX I->M misses
   mGETXSM: 0 # GETX S->M misses (upgrade misses)
   PUTS: 307699 # Clean evictions (from lower level)
   PUTX: 100350 # Dirty evictions (from lower level)
   INV: 0 # Invalidates (from upper level)
   INVX: 0 # Downgrades (from upper level)
   FWD: 0 # Forwards (from upper level)
   latGETnl: 7256976 # GET request latency on next level
   latGETnet: 0 # GET request latency on network to next level
  gbuf-0b5: # Cache stats
   hGETS: 173768 # GETS hits
   hGETX: 194 # GETX hits
   mGETS: 133934 # GETS misses
   mGETXIM: 100158 # GETX I->M misses
   mGETXSM: 0 # GETX S->M misses (upgrade misses)
   PUTS: 307700 # Clean evictions (from lower level)
   PUTX: 100350 # Dirty evictions (from lower level)
   INV: 0 # Invalidates (from upper level)
   INVX: 0 # Downgrades (from upper level)
   FWD: 0 # Forwards (from upper level)
   latGETnl: 7256852 # GET request latency on next level
   latGETnet: 0 # GET request latency on network to next level
  gbuf-0b6: # Cache stats
   hGETS: 173795 # GETS hits
   hGETX: 194 # GETX hits
   mGETS: 133907 # GETS misses
   mGETXIM: 100158 # GETX I->M misses
   mGETXSM: 0 # GETX S->M misses (upgrade misses)
   PUTS: 307701 # Clean evictions (from lower level)
   PUTX: 100350 # Dirty evictions (from lower level)
   INV: 0 # Invalidates (from upper level)
   INVX: 0 # Downgrades (from upper level)
   FWD: 0 # Forwards (from upper level)
   latGETnl: 7256015 # GET request latency on next level
   latGETnet: 0 # GET request latency on network to next level
  gbuf-0b7: # Cache stats
   hGETS: 173890 # GETS hits
   hGETX: 195 # GETX hits
   mGETS: 133853 # GETS misses
   mGETXIM: 100157 # GETX I->M misses
   mGETXSM: 0 # GETX S->M misses (upgrade misses)
   PUTS: 307741 # Clean evictions (from lower level)
   PUTX: 100350 # Dirty evictions (from lower level)
   INV: 0 # Invalidates (from upper level)
   INVX: 0 # Downgrades (from upper level)
   FWD: 0 # Forwards (from upper level)
   latGETnl: 7254310 # GET request latency on next level
   latGETnet: 0 # GET request latency on network to next level
 mem: # Memory controller stats
  mem-0: # Memory channel stats
   rd: 1875023 # Read requests
   wr: 802816 # Write requests
   rdlat: 954415025497 # Total latency experienced by read requests
   wrlat: 841830760258 # Total latency experienced by write requests
   rdmlh: # Latency histogram for read requests
    0: 0
    1: 0
    2: 0
    3: 0
    4: 0
    5: 4204
    6: 4227
    7: 5959
    8: 4209
    9: 3959
    10: 3182
    11: 1998
    12: 4644
    13: 3696
    14: 4479
    15: 3446
    16: 3346
    17: 2046
    18: 2519
    19: 4448
    20: 3846
    21: 4495
    22: 2804
    23: 2441
    24: 2422
    25: 2750
    26: 4391
    27: 4489
    28: 3290
    29: 2881
    30: 2643
    31: 2498
    32: 3388
    33: 5458
    34: 3435
    35: 2542
    36: 3199
    37: 2039
    38: 3744
    39: 3929
    40: 4807
    41: 3636
    42: 2783
    43: 2463
    44: 2759
    45: 3804
    46: 4278
    47: 4668
    48: 2393
    49: 2776
    50: 3277
    51: 3247
    52: 4872
    53: 5625
    54: 4009
    55: 3640
    56: 3859
    57: 4913
    58: 4841
    59: 4022
    60: 3566
    61: 3198
    62: 3460
    63: 4061
    64: 5506
    65: 4525
    66: 3638
    67: 3513
    68: 2953
    69: 3806
    70: 5156
    71: 5250
    72: 4142
    73: 3418
    74: 3234
    75: 3519
    76: 4534
    77: 5251
    78: 5188
    79: 3592
    80: 3256
    81: 3345
    82: 3778
    83: 5173
    84: 5551
    85: 4143
    86: 3346
    87: 3265
    88: 3623
    89: 4643
    90: 5218
    91: 5197
    92: 3588
    93: 3345
    94: 3012
    95: 4078
    96: 4978
    97: 5168
    98: 4262
    99: 1514826
   wrmlh: # Latency histogram for write requests
    0: 0
    1: 0
    2: 0
    3: 0
    4: 0
    5: 322
    6: 864
    7: 1648
    8: 1120
    9: 1381
    10: 977
    11: 1135
    12: 1026
    13: 1311
    14: 724
    15: 1142
    16: 1145
    17: 1527
    18: 1277
    19: 1900
    20: 1847
    21: 2044
    22: 1278
    23: 1477
    24: 1147
    25: 1865
    26: 1488
    27: 2067
    28: 1932
    29: 2315
    30: 1595
    31: 2090
    32: 1650
    33: 1803
    34: 1953
    35: 2380
    36: 2146
    37: 2368
    38: 2059
    39: 2409
    40: 2256
    41: 2178
    42: 1905
    43: 2493
    44: 2255
    45: 1739
    46: 1536
    47: 1688
    48: 1377
    49: 1129
    50: 1051
    51: 1251
    52: 1178
    53: 1028
    54: 865
    55: 1062
    56: 975
    57: 832
    58: 718
    59: 789
    60: 736
    61: 694
    62: 586
    63: 674
    64: 637
    65: 553
    66: 486
    67: 507
    68: 496
    69: 412
    70: 472
    71: 425
    72: 399
    73: 350
    74: 348
    75: 361
    76: 338
    77: 281
    78: 315
    79: 356
    80: 297
    81: 252
    82: 248
    83: 240
    84: 292
    85: 223
    86: 204
    87: 230
    88: 212
    89: 205
    90: 157
    91: 170
    92: 178
    93: 162
    94: 152
    95: 156
    96: 200
    97: 197
    98: 216
    99: 705682
   ACT: 2677839 # Activate commands
   PRE: 2749420 # Precharge commands
   RD: 1875023 # Read commands
   WR: 802816 # Write commands
   REF: 81370 # Refresh commands
   eACTPRE: 811385217 # Activate/precharge energy
   eRDWR: 3636219900 # Read/write energy
   eREF: 270717990 # Refresh energy
   eBKGD: 6055831317 # Background energy
   eWIRE: 409709367 # Channel wire energy
 sched: # Scheduler stats
  thCr: 0 # Threads created
  thFn: 0 # Threads finished
  schedEvs: 0 # Schedule events
  waitEvs: 0 # Wait events
  handoffEvs: 0 # Handoff events
  sleepEvs: 0 # Sleep events
  idlePhases: 0 # Phases with no thread active
  idlePeriods: 0 # Periods with no thread active
  occHist: # Occupancy histogram
   0: 15859
   1: 0
  rqSzHist: # Run queue size histogram
   0: 15859
   1: 0
   2: 0
   3: 0
   4: 0
   5: 0
   6: 0
   7: 0
   8: 0
   9: 0
   10: 0
   11: 0
   12: 0
   13: 0
   14: 0
   15: 0
   16: 0
 procCycles: # Per-process unhalted core cycles
  0: 0
  1: 0
  2: 0
  3: 0
  4: 0
  5: 0
  6: 0
  7: 0
  8: 0
  9: 0
  10: 0
  11: 0
  12: 0
  13: 0
  14: 0
  15: 0
  16: 0
  17: 0
  18: 0
  19: 0
  20: 0
  21: 0
  22: 0
  23: 0
  24: 0
  25: 0
  26: 0
  27: 0
  28: 0
  29: 0
  30: 0
  31: 0
 procInstrs: # Per-process instructions
  0: 0
  1: 0
  2: 0
  3: 0
  4: 0
  5: 0
  6: 0
  7: 0
  8: 0
  9: 0
  10: 0
  11: 0
  12: 0
  13: 0
  14: 0
  15: 0
  16: 0
  17: 0
  18: 0
  19: 0
  20: 0
  21: 0
  22: 0
  23: 0
  24: 0
  25: 0
  26: 0
  27: 0
  28: 0
  29: 0
  30: 0
  31: 0
 heartbeats: # Per-process heartbeats
  0: 0
  1: 0
  2: 0
  3: 0
  4: 0
  5: 0
  6: 0
  7: 0
  8: 0
  9: 0
  10: 0
  11: 0
  12: 0
  13: 0
  14: 0
  15: 0
  16: 0
  17: 0
  18: 0
  19: 0
  20: 0
  21: 0
  22: 0
  23: 0
  24: 0
  25: 0
  26: 0
  27: 0
  28: 0
  29: 0
  30: 0
  31: 0
===
