# zsim stats
===
root: # Stats
 contention: # Contention simulation stats
  domain-0: # Domain stats
   time: 30357218847 # Weave simulation time
 time: # Simulator time breakdown
  init: 1246196494
  bound: 24096550702
  weave: 30406508970
  ff: 1199708672
 trigger: 20000 # Reason for this stats dump
 phase: 550 # Simulated phases
 l: # Logic unit stats
  l-0: # Logic unit stats
   cycles: 5465979 # Simulated unhalted cycles
   cCycles: 2776891 # Cycles due to contention stalls
   ops: 140032 # Simulated operations
   compOps: 256 # Simulated compute operations
  l-1: # Logic unit stats
   cycles: 5472543 # Simulated unhalted cycles
   cCycles: 2783455 # Cycles due to contention stalls
   ops: 140032 # Simulated operations
   compOps: 256 # Simulated compute operations
  l-2: # Logic unit stats
   cycles: 5448283 # Simulated unhalted cycles
   cCycles: 2759195 # Cycles due to contention stalls
   ops: 140032 # Simulated operations
   compOps: 256 # Simulated compute operations
  l-3: # Logic unit stats
   cycles: 5490621 # Simulated unhalted cycles
   cCycles: 2801533 # Cycles due to contention stalls
   ops: 140032 # Simulated operations
   compOps: 256 # Simulated compute operations
 c: # Core stats
  c-0: # Core stats
   cycles: 0 # Simulated cycles
   instrs: 0 # Simulated instructions
  c-1: # Core stats
   cycles: 0 # Simulated cycles
   instrs: 0 # Simulated instructions
  c-2: # Core stats
   cycles: 0 # Simulated cycles
   instrs: 0 # Simulated instructions
  c-3: # Core stats
   cycles: 0 # Simulated cycles
   instrs: 0 # Simulated instructions
 rdbuf: # Cache stats
  rdbuf-0: # Filter cache stats
   fhGETS: 0 # Filtered GETS hits
   fhGETX: 0 # Filtered GETX hits
   hGETS: 0 # GETS hits
   hGETX: 0 # GETX hits
   mGETS: 282624 # GETS misses
   mGETXIM: 0 # GETX I->M misses
   mGETXSM: 0 # GETX S->M misses (upgrade misses)
   PUTS: 0 # Clean evictions (from lower level)
   PUTX: 0 # Dirty evictions (from lower level)
   INV: 0 # Invalidates (from upper level)
   INVX: 0 # Downgrades (from upper level)
   FWD: 0 # Forwards (from upper level)
   latGETnl: 9043968 # GET request latency on next level
   latGETnet: 0 # GET request latency on network to next level
  rdbuf-1: # Filter cache stats
   fhGETS: 0 # Filtered GETS hits
   fhGETX: 0 # Filtered GETX hits
   hGETS: 0 # GETS hits
   hGETX: 0 # GETX hits
   mGETS: 286720 # GETS misses
   mGETXIM: 0 # GETX I->M misses
   mGETXSM: 0 # GETX S->M misses (upgrade misses)
   PUTS: 0 # Clean evictions (from lower level)
   PUTX: 0 # Dirty evictions (from lower level)
   INV: 0 # Invalidates (from upper level)
   INVX: 0 # Downgrades (from upper level)
   FWD: 0 # Forwards (from upper level)
   latGETnl: 9175040 # GET request latency on next level
   latGETnet: 0 # GET request latency on network to next level
  rdbuf-2: # Filter cache stats
   fhGETS: 0 # Filtered GETS hits
   fhGETX: 0 # Filtered GETX hits
   hGETS: 0 # GETS hits
   hGETX: 0 # GETX hits
   mGETS: 282624 # GETS misses
   mGETXIM: 0 # GETX I->M misses
   mGETXSM: 0 # GETX S->M misses (upgrade misses)
   PUTS: 0 # Clean evictions (from lower level)
   PUTX: 0 # Dirty evictions (from lower level)
   INV: 0 # Invalidates (from upper level)
   INVX: 0 # Downgrades (from upper level)
   FWD: 0 # Forwards (from upper level)
   latGETnl: 9043968 # GET request latency on next level
   latGETnet: 0 # GET request latency on network to next level
  rdbuf-3: # Filter cache stats
   fhGETS: 0 # Filtered GETS hits
   fhGETX: 0 # Filtered GETX hits
   hGETS: 0 # GETS hits
   hGETX: 0 # GETX hits
   mGETS: 286720 # GETS misses
   mGETXIM: 0 # GETX I->M misses
   mGETXSM: 0 # GETX S->M misses (upgrade misses)
   PUTS: 0 # Clean evictions (from lower level)
   PUTX: 0 # Dirty evictions (from lower level)
   INV: 0 # Invalidates (from upper level)
   INVX: 0 # Downgrades (from upper level)
   FWD: 0 # Forwards (from upper level)
   latGETnl: 9175040 # GET request latency on next level
   latGETnet: 0 # GET request latency on network to next level
 wrbuf: # Cache stats
  wrbuf-0: # Filter cache stats
   fhGETS: 0 # Filtered GETS hits
   fhGETX: 0 # Filtered GETX hits
   hGETS: 0 # GETS hits
   hGETX: 0 # GETX hits
   mGETS: 0 # GETS misses
   mGETXIM: 49152 # GETX I->M misses
   mGETXSM: 0 # GETX S->M misses (upgrade misses)
   PUTS: 0 # Clean evictions (from lower level)
   PUTX: 0 # Dirty evictions (from lower level)
   INV: 6 # Invalidates (from upper level)
   INVX: 0 # Downgrades (from upper level)
   FWD: 0 # Forwards (from upper level)
   latGETnl: 1572864 # GET request latency on next level
   latGETnet: 0 # GET request latency on network to next level
  wrbuf-1: # Filter cache stats
   fhGETS: 0 # Filtered GETS hits
   fhGETX: 0 # Filtered GETX hits
   hGETS: 0 # GETS hits
   hGETX: 0 # GETX hits
   mGETS: 0 # GETS misses
   mGETXIM: 51200 # GETX I->M misses
   mGETXSM: 0 # GETX S->M misses (upgrade misses)
   PUTS: 0 # Clean evictions (from lower level)
   PUTX: 0 # Dirty evictions (from lower level)
   INV: 6 # Invalidates (from upper level)
   INVX: 0 # Downgrades (from upper level)
   FWD: 0 # Forwards (from upper level)
   latGETnl: 1638400 # GET request latency on next level
   latGETnet: 0 # GET request latency on network to next level
  wrbuf-2: # Filter cache stats
   fhGETS: 0 # Filtered GETS hits
   fhGETX: 0 # Filtered GETX hits
   hGETS: 0 # GETS hits
   hGETX: 0 # GETX hits
   mGETS: 0 # GETS misses
   mGETXIM: 51200 # GETX I->M misses
   mGETXSM: 0 # GETX S->M misses (upgrade misses)
   PUTS: 0 # Clean evictions (from lower level)
   PUTX: 0 # Dirty evictions (from lower level)
   INV: 6 # Invalidates (from upper level)
   INVX: 0 # Downgrades (from upper level)
   FWD: 0 # Forwards (from upper level)
   latGETnl: 1638400 # GET request latency on next level
   latGETnet: 0 # GET request latency on network to next level
  wrbuf-3: # Filter cache stats
   fhGETS: 0 # Filtered GETS hits
   fhGETX: 0 # Filtered GETX hits
   hGETS: 0 # GETS hits
   hGETX: 0 # GETX hits
   mGETS: 0 # GETS misses
   mGETXIM: 49152 # GETX I->M misses
   mGETXSM: 0 # GETX S->M misses (upgrade misses)
   PUTS: 0 # Clean evictions (from lower level)
   PUTX: 0 # Dirty evictions (from lower level)
   INV: 6 # Invalidates (from upper level)
   INVX: 0 # Downgrades (from upper level)
   FWD: 0 # Forwards (from upper level)
   latGETnl: 1572864 # GET request latency on next level
   latGETnet: 0 # GET request latency on network to next level
 gbuf: # Cache stats
  gbuf-0b0: # Cache stats
   hGETS: 0 # GETS hits
   hGETX: 0 # GETX hits
   mGETS: 35379 # GETS misses
   mGETXIM: 6143 # GETX I->M misses
   mGETXSM: 0 # GETX S->M misses (upgrade misses)
   PUTS: 35379 # Clean evictions (from lower level)
   PUTX: 6143 # Dirty evictions (from lower level)
   INV: 0 # Invalidates (from upper level)
   INVX: 0 # Downgrades (from upper level)
   FWD: 0 # Forwards (from upper level)
   latGETnl: 1287182 # GET request latency on next level
   latGETnet: 0 # GET request latency on network to next level
  gbuf-0b1: # Cache stats
   hGETS: 0 # GETS hits
   hGETX: 0 # GETX hits
   mGETS: 35339 # GETS misses
   mGETXIM: 6145 # GETX I->M misses
   mGETXSM: 0 # GETX S->M misses (upgrade misses)
   PUTS: 35339 # Clean evictions (from lower level)
   PUTX: 6145 # Dirty evictions (from lower level)
   INV: 0 # Invalidates (from upper level)
   INVX: 0 # Downgrades (from upper level)
   FWD: 0 # Forwards (from upper level)
   latGETnl: 1286004 # GET request latency on next level
   latGETnet: 0 # GET request latency on network to next level
  gbuf-0b2: # Cache stats
   hGETS: 0 # GETS hits
   hGETX: 0 # GETX hits
   mGETS: 35255 # GETS misses
   mGETXIM: 6144 # GETX I->M misses
   mGETXSM: 0 # GETX S->M misses (upgrade misses)
   PUTS: 35255 # Clean evictions (from lower level)
   PUTX: 6144 # Dirty evictions (from lower level)
   INV: 0 # Invalidates (from upper level)
   INVX: 0 # Downgrades (from upper level)
   FWD: 0 # Forwards (from upper level)
   latGETnl: 1283369 # GET request latency on next level
   latGETnet: 0 # GET request latency on network to next level
  gbuf-0b3: # Cache stats
   hGETS: 0 # GETS hits
   hGETX: 0 # GETX hits
   mGETS: 35336 # GETS misses
   mGETXIM: 6144 # GETX I->M misses
   mGETXSM: 0 # GETX S->M misses (upgrade misses)
   PUTS: 35336 # Clean evictions (from lower level)
   PUTX: 6144 # Dirty evictions (from lower level)
   INV: 0 # Invalidates (from upper level)
   INVX: 0 # Downgrades (from upper level)
   FWD: 0 # Forwards (from upper level)
   latGETnl: 1285880 # GET request latency on next level
   latGETnet: 0 # GET request latency on network to next level
  gbuf-0b4: # Cache stats
   hGETS: 0 # GETS hits
   hGETX: 0 # GETX hits
   mGETS: 35382 # GETS misses
   mGETXIM: 6144 # GETX I->M misses
   mGETXSM: 0 # GETX S->M misses (upgrade misses)
   PUTS: 35382 # Clean evictions (from lower level)
   PUTX: 6142 # Dirty evictions (from lower level)
   INV: 0 # Invalidates (from upper level)
   INVX: 0 # Downgrades (from upper level)
   FWD: 0 # Forwards (from upper level)
   latGETnl: 1287306 # GET request latency on next level
   latGETnet: 0 # GET request latency on network to next level
  gbuf-0b5: # Cache stats
   hGETS: 0 # GETS hits
   hGETX: 0 # GETX hits
   mGETS: 35341 # GETS misses
   mGETXIM: 6144 # GETX I->M misses
   mGETXSM: 0 # GETX S->M misses (upgrade misses)
   PUTS: 35341 # Clean evictions (from lower level)
   PUTX: 6142 # Dirty evictions (from lower level)
   INV: 0 # Invalidates (from upper level)
   INVX: 0 # Downgrades (from upper level)
   FWD: 0 # Forwards (from upper level)
   latGETnl: 1286035 # GET request latency on next level
   latGETnet: 0 # GET request latency on network to next level
  gbuf-0b6: # Cache stats
   hGETS: 0 # GETS hits
   hGETX: 0 # GETX hits
   mGETS: 35254 # GETS misses
   mGETXIM: 6144 # GETX I->M misses
   mGETXSM: 0 # GETX S->M misses (upgrade misses)
   PUTS: 35253 # Clean evictions (from lower level)
   PUTX: 6142 # Dirty evictions (from lower level)
   INV: 0 # Invalidates (from upper level)
   INVX: 0 # Downgrades (from upper level)
   FWD: 0 # Forwards (from upper level)
   latGETnl: 1283338 # GET request latency on next level
   latGETnet: 0 # GET request latency on network to next level
  gbuf-0b7: # Cache stats
   hGETS: 0 # GETS hits
   hGETX: 0 # GETX hits
   mGETS: 35338 # GETS misses
   mGETXIM: 6144 # GETX I->M misses
   mGETXSM: 0 # GETX S->M misses (upgrade misses)
   PUTS: 35337 # Clean evictions (from lower level)
   PUTX: 6142 # Dirty evictions (from lower level)
   INV: 0 # Invalidates (from upper level)
   INVX: 0 # Downgrades (from upper level)
   FWD: 0 # Forwards (from upper level)
   latGETnl: 1285942 # GET request latency on next level
   latGETnet: 0 # GET request latency on network to next level
  gbuf-1b0: # Cache stats
   hGETS: 0 # GETS hits
   hGETX: 0 # GETX hits
   mGETS: 35798 # GETS misses
   mGETXIM: 6400 # GETX I->M misses
   mGETXSM: 0 # GETX S->M misses (upgrade misses)
   PUTS: 35798 # Clean evictions (from lower level)
   PUTX: 6400 # Dirty evictions (from lower level)
   INV: 0 # Invalidates (from upper level)
   INVX: 0 # Downgrades (from upper level)
   FWD: 0 # Forwards (from upper level)
   latGETnl: 1308138 # GET request latency on next level
   latGETnet: 0 # GET request latency on network to next level
  gbuf-1b1: # Cache stats
   hGETS: 0 # GETS hits
   hGETX: 0 # GETX hits
   mGETS: 35881 # GETS misses
   mGETXIM: 6400 # GETX I->M misses
   mGETXSM: 0 # GETX S->M misses (upgrade misses)
   PUTS: 35881 # Clean evictions (from lower level)
   PUTX: 6400 # Dirty evictions (from lower level)
   INV: 0 # Invalidates (from upper level)
   INVX: 0 # Downgrades (from upper level)
   FWD: 0 # Forwards (from upper level)
   latGETnl: 1310711 # GET request latency on next level
   latGETnet: 0 # GET request latency on network to next level
  gbuf-1b2: # Cache stats
   hGETS: 0 # GETS hits
   hGETX: 0 # GETX hits
   mGETS: 35880 # GETS misses
   mGETXIM: 6400 # GETX I->M misses
   mGETXSM: 0 # GETX S->M misses (upgrade misses)
   PUTS: 35880 # Clean evictions (from lower level)
   PUTX: 6400 # Dirty evictions (from lower level)
   INV: 0 # Invalidates (from upper level)
   INVX: 0 # Downgrades (from upper level)
   FWD: 0 # Forwards (from upper level)
   latGETnl: 1310680 # GET request latency on next level
   latGETnet: 0 # GET request latency on network to next level
  gbuf-1b3: # Cache stats
   hGETS: 0 # GETS hits
   hGETX: 0 # GETX hits
   mGETS: 35799 # GETS misses
   mGETXIM: 6400 # GETX I->M misses
   mGETXSM: 0 # GETX S->M misses (upgrade misses)
   PUTS: 35799 # Clean evictions (from lower level)
   PUTX: 6400 # Dirty evictions (from lower level)
   INV: 0 # Invalidates (from upper level)
   INVX: 0 # Downgrades (from upper level)
   FWD: 0 # Forwards (from upper level)
   latGETnl: 1308169 # GET request latency on next level
   latGETnet: 0 # GET request latency on network to next level
  gbuf-1b4: # Cache stats
   hGETS: 0 # GETS hits
   hGETX: 0 # GETX hits
   mGETS: 35799 # GETS misses
   mGETXIM: 6400 # GETX I->M misses
   mGETXSM: 0 # GETX S->M misses (upgrade misses)
   PUTS: 35799 # Clean evictions (from lower level)
   PUTX: 6400 # Dirty evictions (from lower level)
   INV: 0 # Invalidates (from upper level)
   INVX: 0 # Downgrades (from upper level)
   FWD: 0 # Forwards (from upper level)
   latGETnl: 1308169 # GET request latency on next level
   latGETnet: 0 # GET request latency on network to next level
  gbuf-1b5: # Cache stats
   hGETS: 0 # GETS hits
   hGETX: 0 # GETX hits
   mGETS: 35882 # GETS misses
   mGETXIM: 6400 # GETX I->M misses
   mGETXSM: 0 # GETX S->M misses (upgrade misses)
   PUTS: 35882 # Clean evictions (from lower level)
   PUTX: 6400 # Dirty evictions (from lower level)
   INV: 0 # Invalidates (from upper level)
   INVX: 0 # Downgrades (from upper level)
   FWD: 0 # Forwards (from upper level)
   latGETnl: 1310742 # GET request latency on next level
   latGETnet: 0 # GET request latency on network to next level
  gbuf-1b6: # Cache stats
   hGETS: 0 # GETS hits
   hGETX: 0 # GETX hits
   mGETS: 35880 # GETS misses
   mGETXIM: 6400 # GETX I->M misses
   mGETXSM: 0 # GETX S->M misses (upgrade misses)
   PUTS: 35879 # Clean evictions (from lower level)
   PUTX: 6396 # Dirty evictions (from lower level)
   INV: 0 # Invalidates (from upper level)
   INVX: 0 # Downgrades (from upper level)
   FWD: 0 # Forwards (from upper level)
   latGETnl: 1310680 # GET request latency on next level
   latGETnet: 0 # GET request latency on network to next level
  gbuf-1b7: # Cache stats
   hGETS: 0 # GETS hits
   hGETX: 0 # GETX hits
   mGETS: 35801 # GETS misses
   mGETXIM: 6400 # GETX I->M misses
   mGETXSM: 0 # GETX S->M misses (upgrade misses)
   PUTS: 35800 # Clean evictions (from lower level)
   PUTX: 6396 # Dirty evictions (from lower level)
   INV: 0 # Invalidates (from upper level)
   INVX: 0 # Downgrades (from upper level)
   FWD: 0 # Forwards (from upper level)
   latGETnl: 1308231 # GET request latency on next level
   latGETnet: 0 # GET request latency on network to next level
  gbuf-2b0: # Cache stats
   hGETS: 0 # GETS hits
   hGETX: 0 # GETX hits
   mGETS: 35254 # GETS misses
   mGETXIM: 6401 # GETX I->M misses
   mGETXSM: 0 # GETX S->M misses (upgrade misses)
   PUTS: 35254 # Clean evictions (from lower level)
   PUTX: 6401 # Dirty evictions (from lower level)
   INV: 0 # Invalidates (from upper level)
   INVX: 0 # Downgrades (from upper level)
   FWD: 0 # Forwards (from upper level)
   latGETnl: 1291305 # GET request latency on next level
   latGETnet: 0 # GET request latency on network to next level
  gbuf-2b1: # Cache stats
   hGETS: 0 # GETS hits
   hGETX: 0 # GETX hits
   mGETS: 35337 # GETS misses
   mGETXIM: 6399 # GETX I->M misses
   mGETXSM: 0 # GETX S->M misses (upgrade misses)
   PUTS: 35337 # Clean evictions (from lower level)
   PUTX: 6399 # Dirty evictions (from lower level)
   INV: 0 # Invalidates (from upper level)
   INVX: 0 # Downgrades (from upper level)
   FWD: 0 # Forwards (from upper level)
   latGETnl: 1293816 # GET request latency on next level
   latGETnet: 0 # GET request latency on network to next level
  gbuf-2b2: # Cache stats
   hGETS: 0 # GETS hits
   hGETX: 0 # GETX hits
   mGETS: 35381 # GETS misses
   mGETXIM: 6400 # GETX I->M misses
   mGETXSM: 0 # GETX S->M misses (upgrade misses)
   PUTS: 35381 # Clean evictions (from lower level)
   PUTX: 6400 # Dirty evictions (from lower level)
   INV: 0 # Invalidates (from upper level)
   INVX: 0 # Downgrades (from upper level)
   FWD: 0 # Forwards (from upper level)
   latGETnl: 1295211 # GET request latency on next level
   latGETnet: 0 # GET request latency on network to next level
  gbuf-2b3: # Cache stats
   hGETS: 0 # GETS hits
   hGETX: 0 # GETX hits
   mGETS: 35341 # GETS misses
   mGETXIM: 6400 # GETX I->M misses
   mGETXSM: 0 # GETX S->M misses (upgrade misses)
   PUTS: 35341 # Clean evictions (from lower level)
   PUTX: 6400 # Dirty evictions (from lower level)
   INV: 0 # Invalidates (from upper level)
   INVX: 0 # Downgrades (from upper level)
   FWD: 0 # Forwards (from upper level)
   latGETnl: 1293971 # GET request latency on next level
   latGETnet: 0 # GET request latency on network to next level
  gbuf-2b4: # Cache stats
   hGETS: 0 # GETS hits
   hGETX: 0 # GETX hits
   mGETS: 35256 # GETS misses
   mGETXIM: 6400 # GETX I->M misses
   mGETXSM: 0 # GETX S->M misses (upgrade misses)
   PUTS: 35256 # Clean evictions (from lower level)
   PUTX: 6400 # Dirty evictions (from lower level)
   INV: 0 # Invalidates (from upper level)
   INVX: 0 # Downgrades (from upper level)
   FWD: 0 # Forwards (from upper level)
   latGETnl: 1291336 # GET request latency on next level
   latGETnet: 0 # GET request latency on network to next level
  gbuf-2b5: # Cache stats
   hGETS: 0 # GETS hits
   hGETX: 0 # GETX hits
   mGETS: 35337 # GETS misses
   mGETXIM: 6400 # GETX I->M misses
   mGETXSM: 0 # GETX S->M misses (upgrade misses)
   PUTS: 35337 # Clean evictions (from lower level)
   PUTX: 6400 # Dirty evictions (from lower level)
   INV: 0 # Invalidates (from upper level)
   INVX: 0 # Downgrades (from upper level)
   FWD: 0 # Forwards (from upper level)
   latGETnl: 1293847 # GET request latency on next level
   latGETnet: 0 # GET request latency on network to next level
  gbuf-2b6: # Cache stats
   hGETS: 0 # GETS hits
   hGETX: 0 # GETX hits
   mGETS: 35379 # GETS misses
   mGETXIM: 6400 # GETX I->M misses
   mGETXSM: 0 # GETX S->M misses (upgrade misses)
   PUTS: 35378 # Clean evictions (from lower level)
   PUTX: 6396 # Dirty evictions (from lower level)
   INV: 0 # Invalidates (from upper level)
   INVX: 0 # Downgrades (from upper level)
   FWD: 0 # Forwards (from upper level)
   latGETnl: 1295149 # GET request latency on next level
   latGETnet: 0 # GET request latency on network to next level
  gbuf-2b7: # Cache stats
   hGETS: 0 # GETS hits
   hGETX: 0 # GETX hits
   mGETS: 35339 # GETS misses
   mGETXIM: 6400 # GETX I->M misses
   mGETXSM: 0 # GETX S->M misses (upgrade misses)
   PUTS: 35338 # Clean evictions (from lower level)
   PUTX: 6396 # Dirty evictions (from lower level)
   INV: 0 # Invalidates (from upper level)
   INVX: 0 # Downgrades (from upper level)
   FWD: 0 # Forwards (from upper level)
   latGETnl: 1293909 # GET request latency on next level
   latGETnet: 0 # GET request latency on network to next level
  gbuf-3b0: # Cache stats
   hGETS: 0 # GETS hits
   hGETX: 0 # GETX hits
   mGETS: 35882 # GETS misses
   mGETXIM: 6144 # GETX I->M misses
   mGETXSM: 0 # GETX S->M misses (upgrade misses)
   PUTS: 35882 # Clean evictions (from lower level)
   PUTX: 6144 # Dirty evictions (from lower level)
   INV: 0 # Invalidates (from upper level)
   INVX: 0 # Downgrades (from upper level)
   FWD: 0 # Forwards (from upper level)
   latGETnl: 1302806 # GET request latency on next level
   latGETnet: 0 # GET request latency on network to next level
  gbuf-3b1: # Cache stats
   hGETS: 0 # GETS hits
   hGETX: 0 # GETX hits
   mGETS: 35798 # GETS misses
   mGETXIM: 6144 # GETX I->M misses
   mGETXSM: 0 # GETX S->M misses (upgrade misses)
   PUTS: 35798 # Clean evictions (from lower level)
   PUTX: 6144 # Dirty evictions (from lower level)
   INV: 0 # Invalidates (from upper level)
   INVX: 0 # Downgrades (from upper level)
   FWD: 0 # Forwards (from upper level)
   latGETnl: 1300202 # GET request latency on next level
   latGETnet: 0 # GET request latency on network to next level
  gbuf-3b2: # Cache stats
   hGETS: 0 # GETS hits
   hGETX: 0 # GETX hits
   mGETS: 35800 # GETS misses
   mGETXIM: 6144 # GETX I->M misses
   mGETXSM: 0 # GETX S->M misses (upgrade misses)
   PUTS: 35800 # Clean evictions (from lower level)
   PUTX: 6144 # Dirty evictions (from lower level)
   INV: 0 # Invalidates (from upper level)
   INVX: 0 # Downgrades (from upper level)
   FWD: 0 # Forwards (from upper level)
   latGETnl: 1300264 # GET request latency on next level
   latGETnet: 0 # GET request latency on network to next level
  gbuf-3b3: # Cache stats
   hGETS: 0 # GETS hits
   hGETX: 0 # GETX hits
   mGETS: 35881 # GETS misses
   mGETXIM: 6144 # GETX I->M misses
   mGETXSM: 0 # GETX S->M misses (upgrade misses)
   PUTS: 35881 # Clean evictions (from lower level)
   PUTX: 6144 # Dirty evictions (from lower level)
   INV: 0 # Invalidates (from upper level)
   INVX: 0 # Downgrades (from upper level)
   FWD: 0 # Forwards (from upper level)
   latGETnl: 1302775 # GET request latency on next level
   latGETnet: 0 # GET request latency on network to next level
  gbuf-3b4: # Cache stats
   hGETS: 0 # GETS hits
   hGETX: 0 # GETX hits
   mGETS: 35880 # GETS misses
   mGETXIM: 6144 # GETX I->M misses
   mGETXSM: 0 # GETX S->M misses (upgrade misses)
   PUTS: 35880 # Clean evictions (from lower level)
   PUTX: 6144 # Dirty evictions (from lower level)
   INV: 0 # Invalidates (from upper level)
   INVX: 0 # Downgrades (from upper level)
   FWD: 0 # Forwards (from upper level)
   latGETnl: 1302744 # GET request latency on next level
   latGETnet: 0 # GET request latency on network to next level
  gbuf-3b5: # Cache stats
   hGETS: 0 # GETS hits
   hGETX: 0 # GETX hits
   mGETS: 35798 # GETS misses
   mGETXIM: 6144 # GETX I->M misses
   mGETXSM: 0 # GETX S->M misses (upgrade misses)
   PUTS: 35798 # Clean evictions (from lower level)
   PUTX: 6144 # Dirty evictions (from lower level)
   INV: 0 # Invalidates (from upper level)
   INVX: 0 # Downgrades (from upper level)
   FWD: 0 # Forwards (from upper level)
   latGETnl: 1300202 # GET request latency on next level
   latGETnet: 0 # GET request latency on network to next level
  gbuf-3b6: # Cache stats
   hGETS: 0 # GETS hits
   hGETX: 0 # GETX hits
   mGETS: 35801 # GETS misses
   mGETXIM: 6144 # GETX I->M misses
   mGETXSM: 0 # GETX S->M misses (upgrade misses)
   PUTS: 35800 # Clean evictions (from lower level)
   PUTX: 6140 # Dirty evictions (from lower level)
   INV: 0 # Invalidates (from upper level)
   INVX: 0 # Downgrades (from upper level)
   FWD: 0 # Forwards (from upper level)
   latGETnl: 1300295 # GET request latency on next level
   latGETnet: 0 # GET request latency on network to next level
  gbuf-3b7: # Cache stats
   hGETS: 0 # GETS hits
   hGETX: 0 # GETX hits
   mGETS: 35880 # GETS misses
   mGETXIM: 6144 # GETX I->M misses
   mGETXSM: 0 # GETX S->M misses (upgrade misses)
   PUTS: 35879 # Clean evictions (from lower level)
   PUTX: 6140 # Dirty evictions (from lower level)
   INV: 0 # Invalidates (from upper level)
   INVX: 0 # Downgrades (from upper level)
   FWD: 0 # Forwards (from upper level)
   latGETnl: 1302744 # GET request latency on next level
   latGETnet: 0 # GET request latency on network to next level
 mem: # Memory controller stats
  mem-0: # Memory channel stats
   rd: 331776 # Read requests
   wr: 45632 # Write requests
   rdlat: 69789975998 # Total latency experienced by read requests
   wrlat: 478055938 # Total latency experienced by write requests
   rdmlh: # Latency histogram for read requests
    0: 0
    1: 0
    2: 0
    3: 0
    4: 0
    5: 1404
    6: 440
    7: 47
    8: 129
    9: 141
    10: 88
    11: 441
    12: 974
    13: 125
    14: 59
    15: 82
    16: 58
    17: 257
    18: 447
    19: 90
    20: 86
    21: 150
    22: 65
    23: 58
    24: 309
    25: 127
    26: 83
    27: 219
    28: 122
    29: 142
    30: 253
    31: 189
    32: 155
    33: 255
    34: 210
    35: 186
    36: 358
    37: 177
    38: 134
    39: 283
    40: 268
    41: 165
    42: 298
    43: 215
    44: 157
    45: 144
    46: 199
    47: 293
    48: 211
    49: 215
    50: 102
    51: 105
    52: 174
    53: 206
    54: 104
    55: 121
    56: 81
    57: 99
    58: 108
    59: 162
    60: 106
    61: 104
    62: 141
    63: 90
    64: 144
    65: 162
    66: 147
    67: 122
    68: 171
    69: 151
    70: 155
    71: 240
    72: 208
    73: 164
    74: 235
    75: 273
    76: 217
    77: 325
    78: 267
    79: 266
    80: 259
    81: 261
    82: 223
    83: 273
    84: 261
    85: 205
    86: 217
    87: 251
    88: 291
    89: 346
    90: 336
    91: 374
    92: 414
    93: 406
    94: 418
    95: 438
    96: 458
    97: 409
    98: 384
    99: 310094
   wrmlh: # Latency histogram for write requests
    0: 0
    1: 0
    2: 0
    3: 0
    4: 0
    5: 89
    6: 55
    7: 39
    8: 93
    9: 257
    10: 164
    11: 59
    12: 72
    13: 118
    14: 86
    15: 139
    16: 90
    17: 196
    18: 232
    19: 426
    20: 556
    21: 435
    22: 385
    23: 274
    24: 144
    25: 130
    26: 228
    27: 382
    28: 419
    29: 605
    30: 374
    31: 343
    32: 249
    33: 111
    34: 170
    35: 326
    36: 305
    37: 572
    38: 553
    39: 583
    40: 330
    41: 226
    42: 135
    43: 241
    44: 303
    45: 336
    46: 365
    47: 580
    48: 365
    49: 220
    50: 128
    51: 150
    52: 157
    53: 256
    54: 347
    55: 385
    56: 284
    57: 289
    58: 132
    59: 77
    60: 89
    61: 183
    62: 227
    63: 280
    64: 256
    65: 230
    66: 125
    67: 72
    68: 102
    69: 90
    70: 95
    71: 193
    72: 127
    73: 190
    74: 85
    75: 66
    76: 30
    77: 38
    78: 26
    79: 49
    80: 62
    81: 62
    82: 101
    83: 19
    84: 13
    85: 9
    86: 5
    87: 12
    88: 10
    89: 9
    90: 8
    91: 13
    92: 3
    93: 6
    94: 4
    95: 4
    96: 6
    97: 4
    98: 4
    99: 28160
   ACT: 377408 # Activate commands
   PRE: 385711 # Precharge commands
   RD: 331776 # Read commands
   WR: 45632 # Write commands
   REF: 2822 # Refresh commands
   eACTPRE: 114354624 # Activate/precharge energy
   eRDWR: 510251840 # Read/write energy
   eREF: 9388794 # Refresh energy
   eBKGD: 214340563 # Background energy
   eWIRE: 57743424 # Channel wire energy
  mem-1: # Memory channel stats
   rd: 337920 # Read requests
   wr: 47648 # Write requests
   rdlat: 71292497362 # Total latency experienced by read requests
   wrlat: 507523386 # Total latency experienced by write requests
   rdmlh: # Latency histogram for read requests
    0: 0
    1: 0
    2: 0
    3: 0
    4: 0
    5: 1009
    6: 537
    7: 76
    8: 33
    9: 53
    10: 24
    11: 131
    12: 300
    13: 86
    14: 41
    15: 94
    16: 46
    17: 114
    18: 280
    19: 109
    20: 63
    21: 142
    22: 66
    23: 77
    24: 331
    25: 137
    26: 83
    27: 206
    28: 120
    29: 105
    30: 287
    31: 228
    32: 94
    33: 232
    34: 199
    35: 158
    36: 332
    37: 250
    38: 136
    39: 266
    40: 270
    41: 220
    42: 212
    43: 309
    44: 182
    45: 152
    46: 252
    47: 265
    48: 229
    49: 247
    50: 91
    51: 136
    52: 179
    53: 227
    54: 108
    55: 128
    56: 100
    57: 79
    58: 83
    59: 201
    60: 123
    61: 112
    62: 161
    63: 119
    64: 117
    65: 230
    66: 184
    67: 167
    68: 208
    69: 255
    70: 228
    71: 305
    72: 300
    73: 285
    74: 293
    75: 305
    76: 289
    77: 322
    78: 327
    79: 214
    80: 207
    81: 240
    82: 202
    83: 202
    84: 276
    85: 203
    86: 151
    87: 203
    88: 227
    89: 285
    90: 354
    91: 310
    92: 300
    93: 306
    94: 258
    95: 370
    96: 386
    97: 297
    98: 273
    99: 318211
   wrmlh: # Latency histogram for write requests
    0: 0
    1: 0
    2: 0
    3: 0
    4: 0
    5: 173
    6: 121
    7: 211
    8: 72
    9: 82
    10: 56
    11: 346
    12: 326
    13: 721
    14: 401
    15: 400
    16: 135
    17: 297
    18: 310
    19: 320
    20: 530
    21: 448
    22: 461
    23: 395
    24: 308
    25: 174
    26: 433
    27: 428
    28: 416
    29: 366
    30: 259
    31: 284
    32: 245
    33: 248
    34: 175
    35: 330
    36: 278
    37: 503
    38: 247
    39: 186
    40: 307
    41: 181
    42: 189
    43: 268
    44: 217
    45: 377
    46: 255
    47: 268
    48: 192
    49: 152
    50: 167
    51: 229
    52: 201
    53: 292
    54: 164
    55: 219
    56: 191
    57: 127
    58: 154
    59: 214
    60: 195
    61: 231
    62: 179
    63: 167
    64: 145
    65: 171
    66: 123
    67: 162
    68: 186
    69: 99
    70: 127
    71: 137
    72: 155
    73: 141
    74: 113
    75: 108
    76: 126
    77: 54
    78: 73
    79: 98
    80: 105
    81: 109
    82: 70
    83: 44
    84: 49
    85: 50
    86: 24
    87: 17
    88: 20
    89: 15
    90: 15
    91: 17
    92: 20
    93: 13
    94: 15
    95: 16
    96: 11
    97: 8
    98: 5
    99: 29186
   ACT: 385568 # Activate commands
   PRE: 393895 # Precharge commands
   RD: 337920 # Read commands
   WR: 47648 # Write commands
   REF: 2822 # Refresh commands
   eACTPRE: 116827104 # Activate/precharge energy
   eRDWR: 521318048 # Read/write energy
   eREF: 9388794 # Refresh energy
   eBKGD: 214272170 # Background energy
   eWIRE: 58991904 # Channel wire energy
  mem-2: # Memory channel stats
   rd: 333824 # Read requests
   wr: 47648 # Write requests
   rdlat: 69808910664 # Total latency experienced by read requests
   wrlat: 503534504 # Total latency experienced by write requests
   rdmlh: # Latency histogram for read requests
    0: 0
    1: 0
    2: 0
    3: 0
    4: 0
    5: 979
    6: 537
    7: 45
    8: 39
    9: 77
    10: 26
    11: 132
    12: 284
    13: 71
    14: 73
    15: 107
    16: 39
    17: 115
    18: 297
    19: 45
    20: 83
    21: 137
    22: 77
    23: 58
    24: 290
    25: 139
    26: 96
    27: 202
    28: 132
    29: 76
    30: 284
    31: 189
    32: 136
    33: 250
    34: 244
    35: 161
    36: 328
    37: 221
    38: 119
    39: 261
    40: 309
    41: 183
    42: 279
    43: 242
    44: 162
    45: 175
    46: 256
    47: 260
    48: 226
    49: 208
    50: 88
    51: 126
    52: 177
    53: 255
    54: 93
    55: 117
    56: 116
    57: 63
    58: 82
    59: 201
    60: 84
    61: 101
    62: 127
    63: 103
    64: 83
    65: 205
    66: 161
    67: 111
    68: 164
    69: 166
    70: 158
    71: 239
    72: 262
    73: 193
    74: 244
    75: 276
    76: 221
    77: 323
    78: 327
    79: 255
    80: 267
    81: 269
    82: 250
    83: 325
    84: 297
    85: 193
    86: 173
    87: 265
    88: 278
    89: 260
    90: 349
    91: 326
    92: 310
    93: 290
    94: 336
    95: 342
    96: 373
    97: 312
    98: 303
    99: 314536
   wrmlh: # Latency histogram for write requests
    0: 0
    1: 0
    2: 0
    3: 0
    4: 0
    5: 178
    6: 118
    7: 184
    8: 52
    9: 81
    10: 62
    11: 368
    12: 392
    13: 726
    14: 356
    15: 430
    16: 113
    17: 296
    18: 352
    19: 339
    20: 507
    21: 475
    22: 445
    23: 338
    24: 273
    25: 278
    26: 386
    27: 518
    28: 325
    29: 384
    30: 269
    31: 230
    32: 260
    33: 285
    34: 137
    35: 412
    36: 230
    37: 486
    38: 316
    39: 209
    40: 164
    41: 208
    42: 147
    43: 305
    44: 261
    45: 344
    46: 331
    47: 294
    48: 163
    49: 159
    50: 197
    51: 285
    52: 169
    53: 332
    54: 168
    55: 265
    56: 153
    57: 128
    58: 157
    59: 275
    60: 178
    61: 214
    62: 130
    63: 180
    64: 141
    65: 145
    66: 191
    67: 187
    68: 147
    69: 115
    70: 113
    71: 169
    72: 115
    73: 97
    74: 159
    75: 166
    76: 125
    77: 83
    78: 37
    79: 85
    80: 118
    81: 78
    82: 87
    83: 51
    84: 64
    85: 30
    86: 22
    87: 25
    88: 20
    89: 15
    90: 16
    91: 19
    92: 10
    93: 4
    94: 5
    95: 11
    96: 10
    97: 9
    98: 9
    99: 28953
   ACT: 381472 # Activate commands
   PRE: 389747 # Precharge commands
   RD: 333824 # Read commands
   WR: 47648 # Write commands
   REF: 2822 # Refresh commands
   eACTPRE: 115586016 # Activate/precharge energy
   eRDWR: 515796640 # Read/write energy
   eREF: 9388794 # Refresh energy
   eBKGD: 214253826 # Background energy
   eWIRE: 58365216 # Channel wire energy
  mem-3: # Memory channel stats
   rd: 335872 # Read requests
   wr: 45632 # Write requests
   rdlat: 71343860232 # Total latency experienced by read requests
   wrlat: 501637094 # Total latency experienced by write requests
   rdmlh: # Latency histogram for read requests
    0: 0
    1: 0
    2: 0
    3: 0
    4: 0
    5: 1062
    6: 736
    7: 51
    8: 103
    9: 263
    10: 70
    11: 523
    12: 929
    13: 116
    14: 100
    15: 93
    16: 51
    17: 189
    18: 404
    19: 74
    20: 83
    21: 155
    22: 80
    23: 77
    24: 285
    25: 144
    26: 62
    27: 215
    28: 131
    29: 123
    30: 291
    31: 181
    32: 131
    33: 223
    34: 182
    35: 191
    36: 346
    37: 215
    38: 132
    39: 266
    40: 277
    41: 173
    42: 248
    43: 287
    44: 190
    45: 187
    46: 229
    47: 218
    48: 219
    49: 225
    50: 135
    51: 125
    52: 191
    53: 166
    54: 116
    55: 151
    56: 78
    57: 114
    58: 104
    59: 146
    60: 137
    61: 122
    62: 121
    63: 137
    64: 169
    65: 196
    66: 196
    67: 180
    68: 209
    69: 188
    70: 233
    71: 263
    72: 277
    73: 248
    74: 294
    75: 309
    76: 292
    77: 334
    78: 329
    79: 272
    80: 203
    81: 243
    82: 239
    83: 207
    84: 235
    85: 219
    86: 231
    87: 264
    88: 322
    89: 384
    90: 477
    91: 282
    92: 410
    93: 505
    94: 330
    95: 531
    96: 276
    97: 318
    98: 356
    99: 313478
   wrmlh: # Latency histogram for write requests
    0: 0
    1: 0
    2: 0
    3: 0
    4: 0
    5: 87
    6: 53
    7: 22
    8: 103
    9: 240
    10: 120
    11: 53
    12: 51
    13: 144
    14: 154
    15: 144
    16: 180
    17: 113
    18: 344
    19: 378
    20: 512
    21: 439
    22: 386
    23: 219
    24: 336
    25: 140
    26: 165
    27: 526
    28: 479
    29: 405
    30: 435
    31: 291
    32: 237
    33: 222
    34: 160
    35: 214
    36: 459
    37: 530
    38: 552
    39: 539
    40: 278
    41: 230
    42: 212
    43: 165
    44: 256
    45: 478
    46: 321
    47: 489
    48: 444
    49: 282
    50: 111
    51: 122
    52: 117
    53: 186
    54: 429
    55: 272
    56: 342
    57: 258
    58: 101
    59: 53
    60: 63
    61: 155
    62: 198
    63: 256
    64: 246
    65: 256
    66: 140
    67: 56
    68: 62
    69: 95
    70: 119
    71: 132
    72: 78
    73: 224
    74: 96
    75: 28
    76: 39
    77: 25
    78: 43
    79: 87
    80: 38
    81: 40
    82: 104
    83: 19
    84: 19
    85: 10
    86: 12
    87: 6
    88: 15
    89: 8
    90: 8
    91: 15
    92: 8
    93: 8
    94: 8
    95: 7
    96: 7
    97: 5
    98: 7
    99: 28312
   ACT: 381504 # Activate commands
   PRE: 389832 # Precharge commands
   RD: 335872 # Read commands
   WR: 45632 # Write commands
   REF: 2822 # Refresh commands
   eACTPRE: 115595712 # Activate/precharge energy
   eRDWR: 515773248 # Read/write energy
   eREF: 9388794 # Refresh energy
   eBKGD: 214352319 # Background energy
   eWIRE: 58370112 # Channel wire energy
 itcn: # Interconnect stats
  itcn-r0: # Router stats
   trans: 0 # Transfers
   size: 0 # Total transferred data
  itcn-r1: # Router stats
   trans: 0 # Transfers
   size: 0 # Total transferred data
  itcn-r2: # Router stats
   trans: 0 # Transfers
   size: 0 # Total transferred data
  itcn-r3: # Router stats
   trans: 0 # Transfers
   size: 0 # Total transferred data
 sched: # Scheduler stats
  thCr: 0 # Threads created
  thFn: 0 # Threads finished
  schedEvs: 0 # Schedule events
  waitEvs: 0 # Wait events
  handoffEvs: 0 # Handoff events
  sleepEvs: 0 # Sleep events
  idlePhases: 0 # Phases with no thread active
  idlePeriods: 0 # Periods with no thread active
  occHist: # Occupancy histogram
   0: 550
   1: 0
   2: 0
   3: 0
   4: 0
  rqSzHist: # Run queue size histogram
   0: 550
   1: 0
   2: 0
   3: 0
   4: 0
   5: 0
   6: 0
   7: 0
   8: 0
   9: 0
   10: 0
   11: 0
   12: 0
   13: 0
   14: 0
   15: 0
   16: 0
 procCycles: # Per-process unhalted core cycles
  0: 0
  1: 0
  2: 0
  3: 0
  4: 0
  5: 0
  6: 0
  7: 0
  8: 0
  9: 0
  10: 0
  11: 0
  12: 0
  13: 0
  14: 0
  15: 0
  16: 0
  17: 0
  18: 0
  19: 0
  20: 0
  21: 0
  22: 0
  23: 0
  24: 0
  25: 0
  26: 0
  27: 0
  28: 0
  29: 0
  30: 0
  31: 0
 procInstrs: # Per-process instructions
  0: 0
  1: 0
  2: 0
  3: 0
  4: 0
  5: 0
  6: 0
  7: 0
  8: 0
  9: 0
  10: 0
  11: 0
  12: 0
  13: 0
  14: 0
  15: 0
  16: 0
  17: 0
  18: 0
  19: 0
  20: 0
  21: 0
  22: 0
  23: 0
  24: 0
  25: 0
  26: 0
  27: 0
  28: 0
  29: 0
  30: 0
  31: 0
 heartbeats: # Per-process heartbeats
  0: 0
  1: 0
  2: 0
  3: 0
  4: 0
  5: 0
  6: 0
  7: 0
  8: 0
  9: 0
  10: 0
  11: 0
  12: 0
  13: 0
  14: 0
  15: 0
  16: 0
  17: 0
  18: 0
  19: 0
  20: 0
  21: 0
  22: 0
  23: 0
  24: 0
  25: 0
  26: 0
  27: 0
  28: 0
  29: 0
  30: 0
  31: 0
===
