# zsim stats
===
root: # Stats
 contention: # Contention simulation stats
  domain-0: # Domain stats
   time: 61058441925 # Weave simulation time
 time: # Simulator time breakdown
  init: 673356101
  bound: 261919874903
  weave: 68180228479
  ff: 1134606200
 trigger: 20000 # Reason for this stats dump
 phase: 8125 # Simulated phases
 l: # Logic unit stats
  l-0: # Logic unit stats
   cycles: 81242351 # Simulated unhalted cycles
   cCycles: 7448891 # Cycles due to contention stalls
   ops: 549888 # Simulated operations
   compOps: 1024 # Simulated compute operations
  l-1: # Logic unit stats
   cycles: 81233881 # Simulated unhalted cycles
   cCycles: 7428100 # Cycles due to contention stalls
   ops: 553984 # Simulated operations
   compOps: 1024 # Simulated compute operations
  l-2: # Logic unit stats
   cycles: 81175609 # Simulated unhalted cycles
   cCycles: 7382200 # Cycles due to contention stalls
   ops: 549888 # Simulated operations
   compOps: 1024 # Simulated compute operations
  l-3: # Logic unit stats
   cycles: 81173503 # Simulated unhalted cycles
   cCycles: 7380047 # Cycles due to contention stalls
   ops: 549888 # Simulated operations
   compOps: 1024 # Simulated compute operations
 c: # Core stats
  c-0: # Core stats
   cycles: 0 # Simulated cycles
   instrs: 0 # Simulated instructions
 rdbuf: # Cache stats
  rdbuf-0: # Filter cache stats
   fhGETS: 4096 # Filtered GETS hits
   fhGETX: 0 # Filtered GETX hits
   hGETS: 0 # GETS hits
   hGETX: 0 # GETX hits
   mGETS: 851968 # GETS misses
   mGETXIM: 0 # GETX I->M misses
   mGETXSM: 0 # GETX S->M misses (upgrade misses)
   PUTS: 0 # Clean evictions (from lower level)
   PUTX: 0 # Dirty evictions (from lower level)
   INV: 4 # Invalidates (from upper level)
   INVX: 1326 # Downgrades (from upper level)
   FWD: 0 # Forwards (from upper level)
   latGETnl: 6090813 # GET request latency on next level
   latGETnet: 0 # GET request latency on network to next level
  rdbuf-1: # Filter cache stats
   fhGETS: 0 # Filtered GETS hits
   fhGETX: 0 # Filtered GETX hits
   hGETS: 0 # GETS hits
   hGETX: 0 # GETX hits
   mGETS: 856064 # GETS misses
   mGETXIM: 0 # GETX I->M misses
   mGETXSM: 0 # GETX S->M misses (upgrade misses)
   PUTS: 0 # Clean evictions (from lower level)
   PUTX: 0 # Dirty evictions (from lower level)
   INV: 4 # Invalidates (from upper level)
   INVX: 692 # Downgrades (from upper level)
   FWD: 0 # Forwards (from upper level)
   latGETnl: 7995860 # GET request latency on next level
   latGETnet: 0 # GET request latency on network to next level
  rdbuf-2: # Filter cache stats
   fhGETS: 4096 # Filtered GETS hits
   fhGETX: 0 # Filtered GETX hits
   hGETS: 0 # GETS hits
   hGETX: 0 # GETX hits
   mGETS: 856064 # GETS misses
   mGETXIM: 0 # GETX I->M misses
   mGETXSM: 0 # GETX S->M misses (upgrade misses)
   PUTS: 0 # Clean evictions (from lower level)
   PUTX: 0 # Dirty evictions (from lower level)
   INV: 1 # Invalidates (from upper level)
   INVX: 1395 # Downgrades (from upper level)
   FWD: 0 # Forwards (from upper level)
   latGETnl: 6249010 # GET request latency on next level
   latGETnet: 0 # GET request latency on network to next level
  rdbuf-3: # Filter cache stats
   fhGETS: 4096 # Filtered GETS hits
   fhGETX: 0 # Filtered GETX hits
   hGETS: 0 # GETS hits
   hGETX: 0 # GETX hits
   mGETS: 839680 # GETS misses
   mGETXIM: 0 # GETX I->M misses
   mGETXSM: 0 # GETX S->M misses (upgrade misses)
   PUTS: 0 # Clean evictions (from lower level)
   PUTX: 0 # Dirty evictions (from lower level)
   INV: 1 # Invalidates (from upper level)
   INVX: 755 # Downgrades (from upper level)
   FWD: 0 # Forwards (from upper level)
   latGETnl: 7751936 # GET request latency on next level
   latGETnet: 0 # GET request latency on network to next level
 wrbuf: # Cache stats
  wrbuf-0: # Filter cache stats
   fhGETS: 0 # Filtered GETS hits
   fhGETX: 8192 # Filtered GETX hits
   hGETS: 0 # GETS hits
   hGETX: 0 # GETX hits
   mGETS: 0 # GETS misses
   mGETXIM: 106496 # GETX I->M misses
   mGETXSM: 0 # GETX S->M misses (upgrade misses)
   PUTS: 0 # Clean evictions (from lower level)
   PUTX: 0 # Dirty evictions (from lower level)
   INV: 119 # Invalidates (from upper level)
   INVX: 0 # Downgrades (from upper level)
   FWD: 0 # Forwards (from upper level)
   latGETnl: 3234551 # GET request latency on next level
   latGETnet: 0 # GET request latency on network to next level
  wrbuf-1: # Filter cache stats
   fhGETS: 0 # Filtered GETS hits
   fhGETX: 0 # Filtered GETX hits
   hGETS: 0 # GETS hits
   hGETX: 0 # GETX hits
   mGETS: 0 # GETS misses
   mGETXIM: 106496 # GETX I->M misses
   mGETXSM: 0 # GETX S->M misses (upgrade misses)
   PUTS: 0 # Clean evictions (from lower level)
   PUTX: 0 # Dirty evictions (from lower level)
   INV: 168 # Invalidates (from upper level)
   INVX: 0 # Downgrades (from upper level)
   FWD: 0 # Forwards (from upper level)
   latGETnl: 3324141 # GET request latency on next level
   latGETnet: 0 # GET request latency on network to next level
  wrbuf-2: # Filter cache stats
   fhGETS: 0 # Filtered GETS hits
   fhGETX: 8192 # Filtered GETX hits
   hGETS: 0 # GETS hits
   hGETX: 0 # GETX hits
   mGETS: 0 # GETS misses
   mGETXIM: 106496 # GETX I->M misses
   mGETXSM: 0 # GETX S->M misses (upgrade misses)
   PUTS: 0 # Clean evictions (from lower level)
   PUTX: 0 # Dirty evictions (from lower level)
   INV: 5 # Invalidates (from upper level)
   INVX: 0 # Downgrades (from upper level)
   FWD: 0 # Forwards (from upper level)
   latGETnl: 3208666 # GET request latency on next level
   latGETnet: 0 # GET request latency on network to next level
  wrbuf-3: # Filter cache stats
   fhGETS: 0 # Filtered GETS hits
   fhGETX: 8192 # Filtered GETX hits
   hGETS: 0 # GETS hits
   hGETX: 0 # GETX hits
   mGETS: 0 # GETS misses
   mGETXIM: 106496 # GETX I->M misses
   mGETXSM: 0 # GETX S->M misses (upgrade misses)
   PUTS: 0 # Clean evictions (from lower level)
   PUTX: 0 # Dirty evictions (from lower level)
   INV: 5 # Invalidates (from upper level)
   INVX: 0 # Downgrades (from upper level)
   FWD: 0 # Forwards (from upper level)
   latGETnl: 3350026 # GET request latency on next level
   latGETnet: 0 # GET request latency on network to next level
 gbuf: # Cache stats
  gbuf-0b0: # Cache stats
   hGETS: 323933 # GETS hits
   hGETX: 2078 # GETX hits
   mGETS: 101528 # GETS misses
   mGETXIM: 51169 # GETX I->M misses
   mGETXSM: 0 # GETX S->M misses (upgrade misses)
   PUTS: 425459 # Clean evictions (from lower level)
   PUTX: 53207 # Dirty evictions (from lower level)
   INV: 0 # Invalidates (from upper level)
   INVX: 0 # Downgrades (from upper level)
   FWD: 0 # Forwards (from upper level)
   latGETnl: 4733607 # GET request latency on next level
   latGETnet: 0 # GET request latency on network to next level
  gbuf-0b1: # Cache stats
   hGETS: 325974 # GETS hits
   hGETX: 2072 # GETX hits
   mGETS: 99514 # GETS misses
   mGETXIM: 51176 # GETX I->M misses
   mGETXSM: 0 # GETX S->M misses (upgrade misses)
   PUTS: 425485 # Clean evictions (from lower level)
   PUTX: 53210 # Dirty evictions (from lower level)
   INV: 0 # Invalidates (from upper level)
   INVX: 0 # Downgrades (from upper level)
   FWD: 0 # Forwards (from upper level)
   latGETnl: 4671390 # GET request latency on next level
   latGETnet: 0 # GET request latency on network to next level
  gbuf-0b2: # Cache stats
   hGETS: 326245 # GETS hits
   hGETX: 2071 # GETX hits
   mGETS: 99224 # GETS misses
   mGETXIM: 51177 # GETX I->M misses
   mGETXSM: 0 # GETX S->M misses (upgrade misses)
   PUTS: 425468 # Clean evictions (from lower level)
   PUTX: 53216 # Dirty evictions (from lower level)
   INV: 0 # Invalidates (from upper level)
   INVX: 0 # Downgrades (from upper level)
   FWD: 0 # Forwards (from upper level)
   latGETnl: 4662431 # GET request latency on next level
   latGETnet: 0 # GET request latency on network to next level
  gbuf-0b3: # Cache stats
   hGETS: 326253 # GETS hits
   hGETX: 2071 # GETX hits
   mGETS: 99217 # GETS misses
   mGETXIM: 51176 # GETX I->M misses
   mGETXSM: 0 # GETX S->M misses (upgrade misses)
   PUTS: 425469 # Clean evictions (from lower level)
   PUTX: 53211 # Dirty evictions (from lower level)
   INV: 0 # Invalidates (from upper level)
   INVX: 0 # Downgrades (from upper level)
   FWD: 0 # Forwards (from upper level)
   latGETnl: 4662183 # GET request latency on next level
   latGETnet: 0 # GET request latency on network to next level
  gbuf-0b4: # Cache stats
   hGETS: 326268 # GETS hits
   hGETX: 2073 # GETX hits
   mGETS: 99201 # GETS misses
   mGETXIM: 51175 # GETX I->M misses
   mGETXSM: 0 # GETX S->M misses (upgrade misses)
   PUTS: 425467 # Clean evictions (from lower level)
   PUTX: 53211 # Dirty evictions (from lower level)
   INV: 0 # Invalidates (from upper level)
   INVX: 0 # Downgrades (from upper level)
   FWD: 0 # Forwards (from upper level)
   latGETnl: 4661656 # GET request latency on next level
   latGETnet: 0 # GET request latency on network to next level
  gbuf-0b5: # Cache stats
   hGETS: 326273 # GETS hits
   hGETX: 2073 # GETX hits
   mGETS: 99199 # GETS misses
   mGETXIM: 51176 # GETX I->M misses
   mGETXSM: 0 # GETX S->M misses (upgrade misses)
   PUTS: 425469 # Clean evictions (from lower level)
   PUTX: 53216 # Dirty evictions (from lower level)
   INV: 0 # Invalidates (from upper level)
   INVX: 0 # Downgrades (from upper level)
   FWD: 0 # Forwards (from upper level)
   latGETnl: 4661625 # GET request latency on next level
   latGETnet: 0 # GET request latency on network to next level
  gbuf-0b6: # Cache stats
   hGETS: 326287 # GETS hits
   hGETX: 2073 # GETX hits
   mGETS: 99186 # GETS misses
   mGETXIM: 51175 # GETX I->M misses
   mGETXSM: 0 # GETX S->M misses (upgrade misses)
   PUTS: 425472 # Clean evictions (from lower level)
   PUTX: 53206 # Dirty evictions (from lower level)
   INV: 0 # Invalidates (from upper level)
   INVX: 0 # Downgrades (from upper level)
   FWD: 0 # Forwards (from upper level)
   latGETnl: 4661191 # GET request latency on next level
   latGETnet: 0 # GET request latency on network to next level
  gbuf-0b7: # Cache stats
   hGETS: 326290 # GETS hits
   hGETX: 2073 # GETX hits
   mGETS: 99184 # GETS misses
   mGETXIM: 51176 # GETX I->M misses
   mGETXSM: 0 # GETX S->M misses (upgrade misses)
   PUTS: 425473 # Clean evictions (from lower level)
   PUTX: 53210 # Dirty evictions (from lower level)
   INV: 0 # Invalidates (from upper level)
   INVX: 0 # Downgrades (from upper level)
   FWD: 0 # Forwards (from upper level)
   latGETnl: 4661160 # GET request latency on next level
   latGETnet: 0 # GET request latency on network to next level
 mem: # Memory controller stats
  mem-0: # Memory channel stats
   rd: 1205653 # Read requests
   wr: 409600 # Write requests
   rdlat: 182941986255 # Total latency experienced by read requests
   wrlat: 84041254420 # Total latency experienced by write requests
   rdmlh: # Latency histogram for read requests
    0: 0
    1: 0
    2: 0
    3: 0
    4: 0
    5: 4852
    6: 4846
    7: 5594
    8: 2683
    9: 2812
    10: 3732
    11: 2533
    12: 6470
    13: 3928
    14: 2264
    15: 1794
    16: 2568
    17: 2177
    18: 3753
    19: 5056
    20: 2376
    21: 2457
    22: 1867
    23: 1965
    24: 3719
    25: 3799
    26: 3466
    27: 2518
    28: 1612
    29: 1862
    30: 2717
    31: 4165
    32: 3062
    33: 2759
    34: 1706
    35: 1670
    36: 2671
    37: 2914
    38: 4877
    39: 2469
    40: 2002
    41: 2319
    42: 2081
    43: 2781
    44: 4066
    45: 3202
    46: 2107
    47: 2367
    48: 1904
    49: 2360
    50: 4549
    51: 3353
    52: 2249
    53: 2572
    54: 1985
    55: 2446
    56: 2824
    57: 3578
    58: 3261
    59: 2063
    60: 2040
    61: 2424
    62: 2172
    63: 3041
    64: 4169
    65: 2107
    66: 2075
    67: 2495
    68: 1976
    69: 2994
    70: 3843
    71: 2622
    72: 2262
    73: 2158
    74: 2068
    75: 2567
    76: 3577
    77: 3133
    78: 2375
    79: 1896
    80: 2182
    81: 2398
    82: 2371
    83: 3640
    84: 2565
    85: 1920
    86: 1926
    87: 2514
    88: 2451
    89: 3065
    90: 2994
    91: 2154
    92: 2092
    93: 2075
    94: 2247
    95: 2818
    96: 2896
    97: 2753
    98: 2187
    99: 942629
   wrmlh: # Latency histogram for write requests
    0: 0
    1: 0
    2: 0
    3: 0
    4: 0
    5: 391
    6: 551
    7: 895
    8: 895
    9: 701
    10: 752
    11: 923
    12: 832
    13: 847
    14: 708
    15: 898
    16: 857
    17: 927
    18: 1088
    19: 1554
    20: 1994
    21: 2055
    22: 1326
    23: 1517
    24: 1478
    25: 1583
    26: 1796
    27: 2002
    28: 1874
    29: 1902
    30: 1692
    31: 2110
    32: 1664
    33: 1730
    34: 1728
    35: 2160
    36: 1999
    37: 1886
    38: 1903
    39: 2402
    40: 2187
    41: 1914
    42: 1823
    43: 2385
    44: 2221
    45: 2099
    46: 2031
    47: 2679
    48: 2328
    49: 2163
    50: 2036
    51: 2189
    52: 1934
    53: 1818
    54: 1691
    55: 2068
    56: 1689
    57: 1830
    58: 1746
    59: 2039
    60: 1668
    61: 1748
    62: 1759
    63: 1656
    64: 1547
    65: 1479
    66: 1572
    67: 1708
    68: 1557
    69: 1566
    70: 1557
    71: 1520
    72: 1282
    73: 1202
    74: 1171
    75: 1290
    76: 1213
    77: 1137
    78: 1231
    79: 1354
    80: 1187
    81: 946
    82: 898
    83: 907
    84: 880
    85: 761
    86: 755
    87: 751
    88: 859
    89: 785
    90: 573
    91: 541
    92: 576
    93: 529
    94: 556
    95: 463
    96: 432
    97: 453
    98: 504
    99: 276537
   ACT: 1615253 # Activate commands
   PRE: 1679247 # Precharge commands
   RD: 1205653 # Read commands
   WR: 409600 # Write commands
   REF: 41689 # Refresh commands
   eACTPRE: 489421659 # Activate/precharge energy
   eRDWR: 2190877844 # Read/write energy
   eREF: 138699303 # Refresh energy
   eBKGD: 3108182008 # Background energy
   eWIRE: 247133709 # Channel wire energy
 sched: # Scheduler stats
  thCr: 0 # Threads created
  thFn: 0 # Threads finished
  schedEvs: 0 # Schedule events
  waitEvs: 0 # Wait events
  handoffEvs: 0 # Handoff events
  sleepEvs: 0 # Sleep events
  idlePhases: 0 # Phases with no thread active
  idlePeriods: 0 # Periods with no thread active
  occHist: # Occupancy histogram
   0: 8125
   1: 0
  rqSzHist: # Run queue size histogram
   0: 8125
   1: 0
   2: 0
   3: 0
   4: 0
   5: 0
   6: 0
   7: 0
   8: 0
   9: 0
   10: 0
   11: 0
   12: 0
   13: 0
   14: 0
   15: 0
   16: 0
 procCycles: # Per-process unhalted core cycles
  0: 0
  1: 0
  2: 0
  3: 0
  4: 0
  5: 0
  6: 0
  7: 0
  8: 0
  9: 0
  10: 0
  11: 0
  12: 0
  13: 0
  14: 0
  15: 0
  16: 0
  17: 0
  18: 0
  19: 0
  20: 0
  21: 0
  22: 0
  23: 0
  24: 0
  25: 0
  26: 0
  27: 0
  28: 0
  29: 0
  30: 0
  31: 0
 procInstrs: # Per-process instructions
  0: 0
  1: 0
  2: 0
  3: 0
  4: 0
  5: 0
  6: 0
  7: 0
  8: 0
  9: 0
  10: 0
  11: 0
  12: 0
  13: 0
  14: 0
  15: 0
  16: 0
  17: 0
  18: 0
  19: 0
  20: 0
  21: 0
  22: 0
  23: 0
  24: 0
  25: 0
  26: 0
  27: 0
  28: 0
  29: 0
  30: 0
  31: 0
 heartbeats: # Per-process heartbeats
  0: 0
  1: 0
  2: 0
  3: 0
  4: 0
  5: 0
  6: 0
  7: 0
  8: 0
  9: 0
  10: 0
  11: 0
  12: 0
  13: 0
  14: 0
  15: 0
  16: 0
  17: 0
  18: 0
  19: 0
  20: 0
  21: 0
  22: 0
  23: 0
  24: 0
  25: 0
  26: 0
  27: 0
  28: 0
  29: 0
  30: 0
  31: 0
===
