# zsim stats
===
root: # Stats
 contention: # Contention simulation stats
  domain-0: # Domain stats
   time: 50440852 # Weave simulation time
 time: # Simulator time breakdown
  init: 1070253730
  bound: 85707979875
  weave: 52983050
  ff: 1135440945
 trigger: 20000 # Reason for this stats dump
 phase: 1234 # Simulated phases
 l: # Logic unit stats
  l-0: # Logic unit stats
   cycles: 12273987 # Simulated unhalted cycles
   cCycles: 4232170 # Cycles due to contention stalls
   ops: 1090048 # Simulated operations
   compOps: 512 # Simulated compute operations
  l-1: # Logic unit stats
   cycles: 12288743 # Simulated unhalted cycles
   cCycles: 4245500 # Cycles due to contention stalls
   ops: 1090048 # Simulated operations
   compOps: 512 # Simulated compute operations
  l-2: # Logic unit stats
   cycles: 12334967 # Simulated unhalted cycles
   cCycles: 4291538 # Cycles due to contention stalls
   ops: 1090048 # Simulated operations
   compOps: 512 # Simulated compute operations
  l-3: # Logic unit stats
   cycles: 12335997 # Simulated unhalted cycles
   cCycles: 4292437 # Cycles due to contention stalls
   ops: 1090048 # Simulated operations
   compOps: 512 # Simulated compute operations
 c: # Core stats
  c-0: # Core stats
   cycles: 0 # Simulated cycles
   instrs: 0 # Simulated instructions
 rdbuf: # Cache stats
  rdbuf-0: # Filter cache stats
   fhGETS: 0 # Filtered GETS hits
   fhGETX: 0 # Filtered GETX hits
   hGETS: 0 # GETS hits
   hGETX: 0 # GETX hits
   mGETS: 1059840 # GETS misses
   mGETXIM: 0 # GETX I->M misses
   mGETXSM: 0 # GETX S->M misses (upgrade misses)
   PUTS: 0 # Clean evictions (from lower level)
   PUTX: 0 # Dirty evictions (from lower level)
   INV: 1 # Invalidates (from upper level)
   INVX: 441 # Downgrades (from upper level)
   FWD: 0 # Forwards (from upper level)
   latGETnl: 2743016 # GET request latency on next level
   latGETnet: 0 # GET request latency on network to next level
  rdbuf-1: # Filter cache stats
   fhGETS: 0 # Filtered GETS hits
   fhGETX: 0 # Filtered GETX hits
   hGETS: 0 # GETS hits
   hGETX: 0 # GETX hits
   mGETS: 1063424 # GETS misses
   mGETXIM: 0 # GETX I->M misses
   mGETXSM: 0 # GETX S->M misses (upgrade misses)
   PUTS: 0 # Clean evictions (from lower level)
   PUTX: 0 # Dirty evictions (from lower level)
   INV: 1 # Invalidates (from upper level)
   INVX: 523 # Downgrades (from upper level)
   FWD: 0 # Forwards (from upper level)
   latGETnl: 2046744 # GET request latency on next level
   latGETnet: 0 # GET request latency on network to next level
  rdbuf-2: # Filter cache stats
   fhGETS: 0 # Filtered GETS hits
   fhGETX: 0 # Filtered GETX hits
   hGETS: 0 # GETS hits
   hGETX: 0 # GETX hits
   mGETS: 1063424 # GETS misses
   mGETXIM: 0 # GETX I->M misses
   mGETXSM: 0 # GETX S->M misses (upgrade misses)
   PUTS: 0 # Clean evictions (from lower level)
   PUTX: 0 # Dirty evictions (from lower level)
   INV: 1 # Invalidates (from upper level)
   INVX: 693 # Downgrades (from upper level)
   FWD: 0 # Forwards (from upper level)
   latGETnl: 2259218 # GET request latency on next level
   latGETnet: 0 # GET request latency on network to next level
  rdbuf-3: # Filter cache stats
   fhGETS: 0 # Filtered GETS hits
   fhGETX: 0 # Filtered GETX hits
   hGETS: 0 # GETS hits
   hGETX: 0 # GETX hits
   mGETS: 1063424 # GETS misses
   mGETXIM: 0 # GETX I->M misses
   mGETXSM: 0 # GETX S->M misses (upgrade misses)
   PUTS: 0 # Clean evictions (from lower level)
   PUTX: 0 # Dirty evictions (from lower level)
   INV: 1 # Invalidates (from upper level)
   INVX: 517 # Downgrades (from upper level)
   FWD: 0 # Forwards (from upper level)
   latGETnl: 2645230 # GET request latency on next level
   latGETnet: 0 # GET request latency on network to next level
 wrbuf: # Cache stats
  wrbuf-0: # Filter cache stats
   fhGETS: 0 # Filtered GETS hits
   fhGETX: 0 # Filtered GETX hits
   hGETS: 0 # GETS hits
   hGETX: 0 # GETX hits
   mGETS: 0 # GETS misses
   mGETXIM: 45056 # GETX I->M misses
   mGETXSM: 0 # GETX S->M misses (upgrade misses)
   PUTS: 0 # Clean evictions (from lower level)
   PUTX: 0 # Dirty evictions (from lower level)
   INV: 833 # Invalidates (from upper level)
   INVX: 0 # Downgrades (from upper level)
   FWD: 0 # Forwards (from upper level)
   latGETnl: 1038761 # GET request latency on next level
   latGETnet: 0 # GET request latency on network to next level
  wrbuf-1: # Filter cache stats
   fhGETS: 0 # Filtered GETS hits
   fhGETX: 0 # Filtered GETX hits
   hGETS: 0 # GETS hits
   hGETX: 0 # GETX hits
   mGETS: 0 # GETS misses
   mGETXIM: 59392 # GETX I->M misses
   mGETXSM: 0 # GETX S->M misses (upgrade misses)
   PUTS: 0 # Clean evictions (from lower level)
   PUTX: 0 # Dirty evictions (from lower level)
   INV: 368 # Invalidates (from upper level)
   INVX: 0 # Downgrades (from upper level)
   FWD: 0 # Forwards (from upper level)
   latGETnl: 1350263 # GET request latency on next level
   latGETnet: 0 # GET request latency on network to next level
  wrbuf-2: # Filter cache stats
   fhGETS: 0 # Filtered GETS hits
   fhGETX: 0 # Filtered GETX hits
   hGETS: 0 # GETS hits
   hGETX: 0 # GETX hits
   mGETS: 0 # GETS misses
   mGETXIM: 59392 # GETX I->M misses
   mGETXSM: 0 # GETX S->M misses (upgrade misses)
   PUTS: 0 # Clean evictions (from lower level)
   PUTX: 0 # Dirty evictions (from lower level)
   INV: 473 # Invalidates (from upper level)
   INVX: 0 # Downgrades (from upper level)
   FWD: 0 # Forwards (from upper level)
   latGETnl: 1585429 # GET request latency on next level
   latGETnet: 0 # GET request latency on network to next level
  wrbuf-3: # Filter cache stats
   fhGETS: 0 # Filtered GETS hits
   fhGETX: 0 # Filtered GETX hits
   hGETS: 0 # GETS hits
   hGETX: 0 # GETX hits
   mGETS: 0 # GETS misses
   mGETXIM: 59392 # GETX I->M misses
   mGETXSM: 0 # GETX S->M misses (upgrade misses)
   PUTS: 0 # Clean evictions (from lower level)
   PUTX: 0 # Dirty evictions (from lower level)
   INV: 379 # Invalidates (from upper level)
   INVX: 0 # Downgrades (from upper level)
   FWD: 0 # Forwards (from upper level)
   latGETnl: 1261851 # GET request latency on next level
   latGETnet: 0 # GET request latency on network to next level
 gbuf: # Cache stats
  gbuf-0b0: # Cache stats
   hGETS: 505728 # GETS hits
   hGETX: 7699 # GETX hits
   mGETS: 25536 # GETS misses
   mGETXIM: 20206 # GETX I->M misses
   mGETXSM: 0 # GETX S->M misses (upgrade misses)
   PUTS: 531263 # Clean evictions (from lower level)
   PUTX: 27649 # Dirty evictions (from lower level)
   INV: 0 # Invalidates (from upper level)
   INVX: 0 # Downgrades (from upper level)
   FWD: 0 # Forwards (from upper level)
   latGETnl: 1418002 # GET request latency on next level
   latGETnet: 0 # GET request latency on network to next level
  gbuf-0b1: # Cache stats
   hGETS: 509824 # GETS hits
   hGETX: 7709 # GETX hits
   mGETS: 21440 # GETS misses
   mGETXIM: 20194 # GETX I->M misses
   mGETXSM: 0 # GETX S->M misses (upgrade misses)
   PUTS: 531263 # Clean evictions (from lower level)
   PUTX: 27656 # Dirty evictions (from lower level)
   INV: 0 # Invalidates (from upper level)
   INVX: 0 # Downgrades (from upper level)
   FWD: 0 # Forwards (from upper level)
   latGETnl: 1290654 # GET request latency on next level
   latGETnet: 0 # GET request latency on network to next level
  gbuf-0b2: # Cache stats
   hGETS: 509824 # GETS hits
   hGETX: 7696 # GETX hits
   mGETS: 21440 # GETS misses
   mGETXIM: 20208 # GETX I->M misses
   mGETXSM: 0 # GETX S->M misses (upgrade misses)
   PUTS: 531263 # Clean evictions (from lower level)
   PUTX: 27634 # Dirty evictions (from lower level)
   INV: 0 # Invalidates (from upper level)
   INVX: 0 # Downgrades (from upper level)
   FWD: 0 # Forwards (from upper level)
   latGETnl: 1291088 # GET request latency on next level
   latGETnet: 0 # GET request latency on network to next level
  gbuf-0b3: # Cache stats
   hGETS: 509824 # GETS hits
   hGETX: 7696 # GETX hits
   mGETS: 21440 # GETS misses
   mGETXIM: 20208 # GETX I->M misses
   mGETXSM: 0 # GETX S->M misses (upgrade misses)
   PUTS: 531263 # Clean evictions (from lower level)
   PUTX: 27644 # Dirty evictions (from lower level)
   INV: 0 # Invalidates (from upper level)
   INVX: 0 # Downgrades (from upper level)
   FWD: 0 # Forwards (from upper level)
   latGETnl: 1291088 # GET request latency on next level
   latGETnet: 0 # GET request latency on network to next level
  gbuf-0b4: # Cache stats
   hGETS: 509824 # GETS hits
   hGETX: 7677 # GETX hits
   mGETS: 21440 # GETS misses
   mGETXIM: 20226 # GETX I->M misses
   mGETXSM: 0 # GETX S->M misses (upgrade misses)
   PUTS: 531264 # Clean evictions (from lower level)
   PUTX: 27644 # Dirty evictions (from lower level)
   INV: 0 # Invalidates (from upper level)
   INVX: 0 # Downgrades (from upper level)
   FWD: 0 # Forwards (from upper level)
   latGETnl: 1291646 # GET request latency on next level
   latGETnet: 0 # GET request latency on network to next level
  gbuf-0b5: # Cache stats
   hGETS: 509824 # GETS hits
   hGETX: 7683 # GETX hits
   mGETS: 21440 # GETS misses
   mGETXIM: 20222 # GETX I->M misses
   mGETXSM: 0 # GETX S->M misses (upgrade misses)
   PUTS: 531263 # Clean evictions (from lower level)
   PUTX: 27636 # Dirty evictions (from lower level)
   INV: 0 # Invalidates (from upper level)
   INVX: 0 # Downgrades (from upper level)
   FWD: 0 # Forwards (from upper level)
   latGETnl: 1291522 # GET request latency on next level
   latGETnet: 0 # GET request latency on network to next level
  gbuf-0b6: # Cache stats
   hGETS: 509824 # GETS hits
   hGETX: 7681 # GETX hits
   mGETS: 21440 # GETS misses
   mGETXIM: 20223 # GETX I->M misses
   mGETXSM: 0 # GETX S->M misses (upgrade misses)
   PUTS: 531263 # Clean evictions (from lower level)
   PUTX: 27671 # Dirty evictions (from lower level)
   INV: 0 # Invalidates (from upper level)
   INVX: 0 # Downgrades (from upper level)
   FWD: 0 # Forwards (from upper level)
   latGETnl: 1291553 # GET request latency on next level
   latGETnet: 0 # GET request latency on network to next level
  gbuf-0b7: # Cache stats
   hGETS: 509824 # GETS hits
   hGETX: 7679 # GETX hits
   mGETS: 21440 # GETS misses
   mGETXIM: 20225 # GETX I->M misses
   mGETXSM: 0 # GETX S->M misses (upgrade misses)
   PUTS: 531262 # Clean evictions (from lower level)
   PUTX: 27645 # Dirty evictions (from lower level)
   INV: 0 # Invalidates (from upper level)
   INVX: 0 # Downgrades (from upper level)
   FWD: 0 # Forwards (from upper level)
   latGETnl: 1291615 # GET request latency on next level
   latGETnet: 0 # GET request latency on network to next level
 mem: # Memory controller stats
  mem-0: # Memory channel stats
   rd: 337328 # Read requests
   wr: 161792 # Write requests
   rdlat: 149836439148 # Total latency experienced by read requests
   wrlat: 108261547053 # Total latency experienced by write requests
   rdmlh: # Latency histogram for read requests
    0: 0
    1: 0
    2: 0
    3: 0
    4: 0
    5: 2459
    6: 2986
    7: 1252
    8: 669
    9: 1232
    10: 2528
    11: 3007
    12: 1253
    13: 699
    14: 1227
    15: 2503
    16: 2968
    17: 1255
    18: 706
    19: 1233
    20: 2478
    21: 2963
    22: 1254
    23: 720
    24: 1210
    25: 159
    26: 126
    27: 67
    28: 77
    29: 65
    30: 111
    31: 101
    32: 48
    33: 57
    34: 50
    35: 98
    36: 99
    37: 49
    38: 40
    39: 51
    40: 93
    41: 81
    42: 28
    43: 28
    44: 35
    45: 83
    46: 86
    47: 33
    48: 32
    49: 30
    50: 86
    51: 81
    52: 29
    53: 21
    54: 17
    55: 85
    56: 71
    57: 21
    58: 18
    59: 21
    60: 89
    61: 72
    62: 30
    63: 28
    64: 26
    65: 90
    66: 79
    67: 32
    68: 26
    69: 24
    70: 76
    71: 72
    72: 26
    73: 26
    74: 22
    75: 77
    76: 70
    77: 24
    78: 22
    79: 22
    80: 80
    81: 59
    82: 24
    83: 18
    84: 19
    85: 78
    86: 50
    87: 17
    88: 14
    89: 20
    90: 81
    91: 51
    92: 18
    93: 14
    94: 18
    95: 77
    96: 46
    97: 15
    98: 6
    99: 298911
   wrmlh: # Latency histogram for write requests
    0: 0
    1: 0
    2: 0
    3: 0
    4: 0
    5: 150
    6: 99
    7: 92
    8: 102
    9: 73
    10: 92
    11: 106
    12: 107
    13: 126
    14: 94
    15: 109
    16: 112
    17: 112
    18: 135
    19: 156
    20: 170
    21: 171
    22: 157
    23: 170
    24: 165
    25: 164
    26: 182
    27: 297
    28: 984
    29: 676
    30: 619
    31: 627
    32: 744
    33: 676
    34: 763
    35: 745
    36: 1056
    37: 919
    38: 743
    39: 786
    40: 1078
    41: 753
    42: 907
    43: 881
    44: 1251
    45: 782
    46: 761
    47: 674
    48: 884
    49: 723
    50: 575
    51: 545
    52: 786
    53: 580
    54: 497
    55: 481
    56: 641
    57: 503
    58: 504
    59: 495
    60: 531
    61: 489
    62: 440
    63: 379
    64: 465
    65: 385
    66: 362
    67: 391
    68: 414
    69: 351
    70: 368
    71: 322
    72: 313
    73: 296
    74: 269
    75: 298
    76: 335
    77: 248
    78: 240
    79: 340
    80: 283
    81: 182
    82: 229
    83: 227
    84: 271
    85: 223
    86: 192
    87: 181
    88: 200
    89: 224
    90: 169
    91: 152
    92: 169
    93: 168
    94: 165
    95: 129
    96: 131
    97: 157
    98: 167
    99: 124157
   ACT: 499120 # Activate commands
   PRE: 512723 # Precharge commands
   RD: 337328 # Read commands
   WR: 161792 # Write commands
   REF: 6332 # Refresh commands
   eACTPRE: 151233360 # Activate/precharge energy
   eRDWR: 678152896 # Read/write energy
   eREF: 21066564 # Refresh energy
   eBKGD: 477388387 # Background energy
   eWIRE: 76365360 # Channel wire energy
 sched: # Scheduler stats
  thCr: 0 # Threads created
  thFn: 0 # Threads finished
  schedEvs: 0 # Schedule events
  waitEvs: 0 # Wait events
  handoffEvs: 0 # Handoff events
  sleepEvs: 0 # Sleep events
  idlePhases: 0 # Phases with no thread active
  idlePeriods: 0 # Periods with no thread active
  occHist: # Occupancy histogram
   0: 1234
   1: 0
  rqSzHist: # Run queue size histogram
   0: 1234
   1: 0
   2: 0
   3: 0
   4: 0
   5: 0
   6: 0
   7: 0
   8: 0
   9: 0
   10: 0
   11: 0
   12: 0
   13: 0
   14: 0
   15: 0
   16: 0
 procCycles: # Per-process unhalted core cycles
  0: 0
  1: 0
  2: 0
  3: 0
  4: 0
  5: 0
  6: 0
  7: 0
  8: 0
  9: 0
  10: 0
  11: 0
  12: 0
  13: 0
  14: 0
  15: 0
  16: 0
  17: 0
  18: 0
  19: 0
  20: 0
  21: 0
  22: 0
  23: 0
  24: 0
  25: 0
  26: 0
  27: 0
  28: 0
  29: 0
  30: 0
  31: 0
 procInstrs: # Per-process instructions
  0: 0
  1: 0
  2: 0
  3: 0
  4: 0
  5: 0
  6: 0
  7: 0
  8: 0
  9: 0
  10: 0
  11: 0
  12: 0
  13: 0
  14: 0
  15: 0
  16: 0
  17: 0
  18: 0
  19: 0
  20: 0
  21: 0
  22: 0
  23: 0
  24: 0
  25: 0
  26: 0
  27: 0
  28: 0
  29: 0
  30: 0
  31: 0
 heartbeats: # Per-process heartbeats
  0: 0
  1: 0
  2: 0
  3: 0
  4: 0
  5: 0
  6: 0
  7: 0
  8: 0
  9: 0
  10: 0
  11: 0
  12: 0
  13: 0
  14: 0
  15: 0
  16: 0
  17: 0
  18: 0
  19: 0
  20: 0
  21: 0
  22: 0
  23: 0
  24: 0
  25: 0
  26: 0
  27: 0
  28: 0
  29: 0
  30: 0
  31: 0
===
