# zsim stats
===
root: # Stats
 contention: # Contention simulation stats
  domain-0: # Domain stats
   time: 1828870942 # Weave simulation time
 time: # Simulator time breakdown
  init: 1725560327
  bound: 44358872800
  weave: 2085197508
  ff: 1281488061
 trigger: 20000 # Reason for this stats dump
 phase: 2645 # Simulated phases
 l: # Logic unit stats
  l-0: # Logic unit stats
   cycles: 26447545 # Simulated unhalted cycles
   cCycles: 4015737 # Cycles due to contention stalls
   ops: 26880 # Simulated operations
   compOps: 768 # Simulated compute operations
 c: # Core stats
  c-0: # Core stats
   cycles: 0 # Simulated cycles
   instrs: 0 # Simulated instructions
 rdbuf: # Cache stats
  rdbuf-0: # Filter cache stats
   fhGETS: 704 # Filtered GETS hits
   fhGETX: 0 # Filtered GETX hits
   hGETS: 0 # GETS hits
   hGETX: 0 # GETX hits
   mGETS: 167968 # GETS misses
   mGETXIM: 0 # GETX I->M misses
   mGETXSM: 0 # GETX S->M misses (upgrade misses)
   PUTS: 0 # Clean evictions (from lower level)
   PUTX: 0 # Dirty evictions (from lower level)
   INV: 0 # Invalidates (from upper level)
   INVX: 0 # Downgrades (from upper level)
   FWD: 0 # Forwards (from upper level)
   latGETnl: 5374976 # GET request latency on next level
   latGETnet: 0 # GET request latency on network to next level
 wrbuf: # Cache stats
  wrbuf-0: # Filter cache stats
   fhGETS: 0 # Filtered GETS hits
   fhGETX: 13680 # Filtered GETX hits
   hGETS: 0 # GETS hits
   hGETX: 0 # GETX hits
   mGETS: 0 # GETS misses
   mGETXIM: 145200 # GETX I->M misses
   mGETXSM: 0 # GETX S->M misses (upgrade misses)
   PUTS: 0 # Clean evictions (from lower level)
   PUTX: 0 # Dirty evictions (from lower level)
   INV: 15 # Invalidates (from upper level)
   INVX: 0 # Downgrades (from upper level)
   FWD: 0 # Forwards (from upper level)
   latGETnl: 4646400 # GET request latency on next level
   latGETnet: 0 # GET request latency on network to next level
 gbuf: # Cache stats
  gbuf-0b0: # Cache stats
   hGETS: 0 # GETS hits
   hGETX: 0 # GETX hits
   mGETS: 21008 # GETS misses
   mGETXIM: 18150 # GETX I->M misses
   mGETXSM: 0 # GETX S->M misses (upgrade misses)
   PUTS: 21007 # Clean evictions (from lower level)
   PUTX: 18148 # Dirty evictions (from lower level)
   INV: 0 # Invalidates (from upper level)
   INVX: 0 # Downgrades (from upper level)
   FWD: 0 # Forwards (from upper level)
   latGETnl: 1213898 # GET request latency on next level
   latGETnet: 0 # GET request latency on network to next level
  gbuf-0b1: # Cache stats
   hGETS: 0 # GETS hits
   hGETX: 0 # GETX hits
   mGETS: 20992 # GETS misses
   mGETXIM: 18150 # GETX I->M misses
   mGETXSM: 0 # GETX S->M misses (upgrade misses)
   PUTS: 20992 # Clean evictions (from lower level)
   PUTX: 18148 # Dirty evictions (from lower level)
   INV: 0 # Invalidates (from upper level)
   INVX: 0 # Downgrades (from upper level)
   FWD: 0 # Forwards (from upper level)
   latGETnl: 1213402 # GET request latency on next level
   latGETnet: 0 # GET request latency on network to next level
  gbuf-0b2: # Cache stats
   hGETS: 0 # GETS hits
   hGETX: 0 # GETX hits
   mGETS: 20992 # GETS misses
   mGETXIM: 18150 # GETX I->M misses
   mGETXSM: 0 # GETX S->M misses (upgrade misses)
   PUTS: 20992 # Clean evictions (from lower level)
   PUTX: 18148 # Dirty evictions (from lower level)
   INV: 0 # Invalidates (from upper level)
   INVX: 0 # Downgrades (from upper level)
   FWD: 0 # Forwards (from upper level)
   latGETnl: 1213402 # GET request latency on next level
   latGETnet: 0 # GET request latency on network to next level
  gbuf-0b3: # Cache stats
   hGETS: 0 # GETS hits
   hGETX: 0 # GETX hits
   mGETS: 20992 # GETS misses
   mGETXIM: 18150 # GETX I->M misses
   mGETXSM: 0 # GETX S->M misses (upgrade misses)
   PUTS: 20992 # Clean evictions (from lower level)
   PUTX: 18148 # Dirty evictions (from lower level)
   INV: 0 # Invalidates (from upper level)
   INVX: 0 # Downgrades (from upper level)
   FWD: 0 # Forwards (from upper level)
   latGETnl: 1213402 # GET request latency on next level
   latGETnet: 0 # GET request latency on network to next level
  gbuf-0b4: # Cache stats
   hGETS: 0 # GETS hits
   hGETX: 0 # GETX hits
   mGETS: 20992 # GETS misses
   mGETXIM: 18150 # GETX I->M misses
   mGETXSM: 0 # GETX S->M misses (upgrade misses)
   PUTS: 20992 # Clean evictions (from lower level)
   PUTX: 18148 # Dirty evictions (from lower level)
   INV: 0 # Invalidates (from upper level)
   INVX: 0 # Downgrades (from upper level)
   FWD: 0 # Forwards (from upper level)
   latGETnl: 1213402 # GET request latency on next level
   latGETnet: 0 # GET request latency on network to next level
  gbuf-0b5: # Cache stats
   hGETS: 0 # GETS hits
   hGETX: 0 # GETX hits
   mGETS: 20992 # GETS misses
   mGETXIM: 18150 # GETX I->M misses
   mGETXSM: 0 # GETX S->M misses (upgrade misses)
   PUTS: 20992 # Clean evictions (from lower level)
   PUTX: 18148 # Dirty evictions (from lower level)
   INV: 0 # Invalidates (from upper level)
   INVX: 0 # Downgrades (from upper level)
   FWD: 0 # Forwards (from upper level)
   latGETnl: 1213402 # GET request latency on next level
   latGETnet: 0 # GET request latency on network to next level
  gbuf-0b6: # Cache stats
   hGETS: 0 # GETS hits
   hGETX: 0 # GETX hits
   mGETS: 21008 # GETS misses
   mGETXIM: 18150 # GETX I->M misses
   mGETXSM: 0 # GETX S->M misses (upgrade misses)
   PUTS: 21008 # Clean evictions (from lower level)
   PUTX: 18147 # Dirty evictions (from lower level)
   INV: 0 # Invalidates (from upper level)
   INVX: 0 # Downgrades (from upper level)
   FWD: 0 # Forwards (from upper level)
   latGETnl: 1213898 # GET request latency on next level
   latGETnet: 0 # GET request latency on network to next level
  gbuf-0b7: # Cache stats
   hGETS: 0 # GETS hits
   hGETX: 0 # GETX hits
   mGETS: 20992 # GETS misses
   mGETXIM: 18150 # GETX I->M misses
   mGETXSM: 0 # GETX S->M misses (upgrade misses)
   PUTS: 20992 # Clean evictions (from lower level)
   PUTX: 18149 # Dirty evictions (from lower level)
   INV: 0 # Invalidates (from upper level)
   INVX: 0 # Downgrades (from upper level)
   FWD: 0 # Forwards (from upper level)
   latGETnl: 1213402 # GET request latency on next level
   latGETnet: 0 # GET request latency on network to next level
 mem: # Memory controller stats
  mem-0: # Memory channel stats
   rd: 313168 # Read requests
   wr: 141535 # Write requests
   rdlat: 10279885883 # Total latency experienced by read requests
   wrlat: 2158012087 # Total latency experienced by write requests
   rdmlh: # Latency histogram for read requests
    0: 0
    1: 0
    2: 0
    3: 0
    4: 0
    5: 771
    6: 434
    7: 715
    8: 484
    9: 734
    10: 52
    11: 7
    12: 312
    13: 510
    14: 455
    15: 769
    16: 333
    17: 122
    18: 9
    19: 559
    20: 387
    21: 739
    22: 473
    23: 278
    24: 79
    25: 248
    26: 477
    27: 650
    28: 529
    29: 441
    30: 162
    31: 239
    32: 293
    33: 601
    34: 462
    35: 649
    36: 255
    37: 174
    38: 162
    39: 520
    40: 451
    41: 742
    42: 391
    43: 344
    44: 29
    45: 357
    46: 378
    47: 630
    48: 474
    49: 557
    50: 206
    51: 94
    52: 295
    53: 637
    54: 494
    55: 651
    56: 365
    57: 617
    58: 442
    59: 683
    60: 507
    61: 872
    62: 1017
    63: 1270
    64: 749
    65: 1202
    66: 627
    67: 964
    68: 819
    69: 1445
    70: 876
    71: 938
    72: 563
    73: 879
    74: 729
    75: 1362
    76: 890
    77: 1170
    78: 723
    79: 822
    80: 758
    81: 1208
    82: 1007
    83: 1177
    84: 791
    85: 1125
    86: 571
    87: 1075
    88: 989
    89: 1217
    90: 835
    91: 1236
    92: 640
    93: 955
    94: 786
    95: 1324
    96: 928
    97: 1173
    98: 752
    99: 253276
   wrmlh: # Latency histogram for write requests
    0: 0
    1: 0
    2: 0
    3: 0
    4: 0
    5: 46
    6: 487
    7: 941
    8: 727
    9: 1436
    10: 870
    11: 405
    12: 43
    13: 31
    14: 33
    15: 459
    16: 779
    17: 698
    18: 1434
    19: 821
    20: 201
    21: 33
    22: 48
    23: 293
    24: 180
    25: 709
    26: 761
    27: 1420
    28: 732
    29: 97
    30: 30
    31: 159
    32: 322
    33: 338
    34: 460
    35: 789
    36: 1351
    37: 626
    38: 136
    39: 121
    40: 361
    41: 380
    42: 410
    43: 354
    44: 753
    45: 1107
    46: 510
    47: 112
    48: 125
    49: 369
    50: 328
    51: 469
    52: 236
    53: 440
    54: 597
    55: 163
    56: 75
    57: 53
    58: 29
    59: 18
    60: 36
    61: 23
    62: 25
    63: 25
    64: 47
    65: 66
    66: 54
    67: 39
    68: 28
    69: 15
    70: 21
    71: 26
    72: 36
    73: 23
    74: 58
    75: 75
    76: 48
    77: 22
    78: 40
    79: 40
    80: 33
    81: 10
    82: 20
    83: 14
    84: 20
    85: 8
    86: 7
    87: 7
    88: 8
    89: 7
    90: 3
    91: 3
    92: 1
    93: 0
    94: 1
    95: 3
    96: 2
    97: 1
    98: 1
    99: 115734
   ACT: 454703 # Activate commands
   PRE: 477311 # Precharge commands
   RD: 313168 # Read commands
   WR: 141535 # Write commands
   REF: 13572 # Refresh commands
   eACTPRE: 137775009 # Activate/precharge energy
   eRDWR: 617610299 # Read/write energy
   eREF: 45154044 # Refresh energy
   eBKGD: 1010173937 # Background energy
   eWIRE: 69569559 # Channel wire energy
 sched: # Scheduler stats
  thCr: 0 # Threads created
  thFn: 0 # Threads finished
  schedEvs: 0 # Schedule events
  waitEvs: 0 # Wait events
  handoffEvs: 0 # Handoff events
  sleepEvs: 0 # Sleep events
  idlePhases: 0 # Phases with no thread active
  idlePeriods: 0 # Periods with no thread active
  occHist: # Occupancy histogram
   0: 2645
   1: 0
  rqSzHist: # Run queue size histogram
   0: 2645
   1: 0
   2: 0
   3: 0
   4: 0
   5: 0
   6: 0
   7: 0
   8: 0
   9: 0
   10: 0
   11: 0
   12: 0
   13: 0
   14: 0
   15: 0
   16: 0
 procCycles: # Per-process unhalted core cycles
  0: 0
  1: 0
  2: 0
  3: 0
  4: 0
  5: 0
  6: 0
  7: 0
  8: 0
  9: 0
  10: 0
  11: 0
  12: 0
  13: 0
  14: 0
  15: 0
  16: 0
  17: 0
  18: 0
  19: 0
  20: 0
  21: 0
  22: 0
  23: 0
  24: 0
  25: 0
  26: 0
  27: 0
  28: 0
  29: 0
  30: 0
  31: 0
 procInstrs: # Per-process instructions
  0: 0
  1: 0
  2: 0
  3: 0
  4: 0
  5: 0
  6: 0
  7: 0
  8: 0
  9: 0
  10: 0
  11: 0
  12: 0
  13: 0
  14: 0
  15: 0
  16: 0
  17: 0
  18: 0
  19: 0
  20: 0
  21: 0
  22: 0
  23: 0
  24: 0
  25: 0
  26: 0
  27: 0
  28: 0
  29: 0
  30: 0
  31: 0
 heartbeats: # Per-process heartbeats
  0: 0
  1: 0
  2: 0
  3: 0
  4: 0
  5: 0
  6: 0
  7: 0
  8: 0
  9: 0
  10: 0
  11: 0
  12: 0
  13: 0
  14: 0
  15: 0
  16: 0
  17: 0
  18: 0
  19: 0
  20: 0
  21: 0
  22: 0
  23: 0
  24: 0
  25: 0
  26: 0
  27: 0
  28: 0
  29: 0
  30: 0
  31: 0
===
