# zsim stats
===
root: # Stats
 contention: # Contention simulation stats
  domain-0: # Domain stats
   time: 702707626 # Weave simulation time
 time: # Simulator time breakdown
  init: 624338098
  bound: 1754528077
  weave: 761815158
  ff: 1264717072
 trigger: 20000 # Reason for this stats dump
 phase: 325 # Simulated phases
 l: # Logic unit stats
  l-0: # Logic unit stats
   cycles: 3248455 # Simulated unhalted cycles
   cCycles: 70534 # Cycles due to contention stalls
   ops: 15182 # Simulated operations
   compOps: 78 # Simulated compute operations
  l-1: # Logic unit stats
   cycles: 3248587 # Simulated unhalted cycles
   cCycles: 58675 # Cycles due to contention stalls
   ops: 18254 # Simulated operations
   compOps: 78 # Simulated compute operations
  l-2: # Logic unit stats
   cycles: 3238379 # Simulated unhalted cycles
   cCycles: 60613 # Cycles due to contention stalls
   ops: 15182 # Simulated operations
   compOps: 78 # Simulated compute operations
  l-3: # Logic unit stats
   cycles: 3234591 # Simulated unhalted cycles
   cCycles: 56670 # Cycles due to contention stalls
   ops: 15182 # Simulated operations
   compOps: 78 # Simulated compute operations
 c: # Core stats
  c-0: # Core stats
   cycles: 0 # Simulated cycles
   instrs: 0 # Simulated instructions
 rdbuf: # Cache stats
  rdbuf-0: # Filter cache stats
   fhGETS: 0 # Filtered GETS hits
   fhGETX: 0 # Filtered GETX hits
   hGETS: 0 # GETS hits
   hGETX: 0 # GETX hits
   mGETS: 52224 # GETS misses
   mGETXIM: 0 # GETX I->M misses
   mGETXSM: 0 # GETX S->M misses (upgrade misses)
   PUTS: 0 # Clean evictions (from lower level)
   PUTX: 0 # Dirty evictions (from lower level)
   INV: 0 # Invalidates (from upper level)
   INVX: 645 # Downgrades (from upper level)
   FWD: 0 # Forwards (from upper level)
   latGETnl: 517751 # GET request latency on next level
   latGETnet: 0 # GET request latency on network to next level
  rdbuf-1: # Filter cache stats
   fhGETS: 0 # Filtered GETS hits
   fhGETX: 0 # Filtered GETX hits
   hGETS: 0 # GETS hits
   hGETX: 0 # GETX hits
   mGETS: 55104 # GETS misses
   mGETXIM: 0 # GETX I->M misses
   mGETXSM: 0 # GETX S->M misses (upgrade misses)
   PUTS: 0 # Clean evictions (from lower level)
   PUTX: 0 # Dirty evictions (from lower level)
   INV: 0 # Invalidates (from upper level)
   INVX: 551 # Downgrades (from upper level)
   FWD: 0 # Forwards (from upper level)
   latGETnl: 310482 # GET request latency on next level
   latGETnet: 0 # GET request latency on network to next level
  rdbuf-2: # Filter cache stats
   fhGETS: 0 # Filtered GETS hits
   fhGETX: 0 # Filtered GETX hits
   hGETS: 0 # GETS hits
   hGETX: 0 # GETX hits
   mGETS: 52224 # GETS misses
   mGETXIM: 0 # GETX I->M misses
   mGETXSM: 0 # GETX S->M misses (upgrade misses)
   PUTS: 0 # Clean evictions (from lower level)
   PUTX: 0 # Dirty evictions (from lower level)
   INV: 0 # Invalidates (from upper level)
   INVX: 524 # Downgrades (from upper level)
   FWD: 0 # Forwards (from upper level)
   latGETnl: 363433 # GET request latency on next level
   latGETnet: 0 # GET request latency on network to next level
  rdbuf-3: # Filter cache stats
   fhGETS: 0 # Filtered GETS hits
   fhGETX: 0 # Filtered GETX hits
   hGETS: 0 # GETS hits
   hGETX: 0 # GETX hits
   mGETS: 49728 # GETS misses
   mGETXIM: 0 # GETX I->M misses
   mGETXSM: 0 # GETX S->M misses (upgrade misses)
   PUTS: 0 # Clean evictions (from lower level)
   PUTX: 0 # Dirty evictions (from lower level)
   INV: 0 # Invalidates (from upper level)
   INVX: 727 # Downgrades (from upper level)
   FWD: 0 # Forwards (from upper level)
   latGETnl: 480597 # GET request latency on next level
   latGETnet: 0 # GET request latency on network to next level
 wrbuf: # Cache stats
  wrbuf-0: # Filter cache stats
   fhGETS: 0 # Filtered GETS hits
   fhGETX: 0 # Filtered GETX hits
   hGETS: 0 # GETS hits
   hGETX: 0 # GETX hits
   mGETS: 0 # GETS misses
   mGETXIM: 6912 # GETX I->M misses
   mGETXSM: 0 # GETX S->M misses (upgrade misses)
   PUTS: 0 # Clean evictions (from lower level)
   PUTX: 0 # Dirty evictions (from lower level)
   INV: 27 # Invalidates (from upper level)
   INVX: 0 # Downgrades (from upper level)
   FWD: 0 # Forwards (from upper level)
   latGETnl: 141111 # GET request latency on next level
   latGETnet: 0 # GET request latency on network to next level
  wrbuf-1: # Filter cache stats
   fhGETS: 0 # Filtered GETS hits
   fhGETX: 0 # Filtered GETX hits
   hGETS: 0 # GETS hits
   hGETX: 0 # GETX hits
   mGETS: 0 # GETS misses
   mGETXIM: 6912 # GETX I->M misses
   mGETXSM: 0 # GETX S->M misses (upgrade misses)
   PUTS: 0 # Clean evictions (from lower level)
   PUTX: 0 # Dirty evictions (from lower level)
   INV: 16 # Invalidates (from upper level)
   INVX: 2 # Downgrades (from upper level)
   FWD: 0 # Forwards (from upper level)
   latGETnl: 143343 # GET request latency on next level
   latGETnet: 0 # GET request latency on network to next level
  wrbuf-2: # Filter cache stats
   fhGETS: 0 # Filtered GETS hits
   fhGETX: 0 # Filtered GETX hits
   hGETS: 0 # GETS hits
   hGETX: 0 # GETX hits
   mGETS: 0 # GETS misses
   mGETXIM: 6912 # GETX I->M misses
   mGETXSM: 0 # GETX S->M misses (upgrade misses)
   PUTS: 0 # Clean evictions (from lower level)
   PUTX: 0 # Dirty evictions (from lower level)
   INV: 3 # Invalidates (from upper level)
   INVX: 0 # Downgrades (from upper level)
   FWD: 0 # Forwards (from upper level)
   latGETnl: 162222 # GET request latency on next level
   latGETnet: 0 # GET request latency on network to next level
  wrbuf-3: # Filter cache stats
   fhGETS: 0 # Filtered GETS hits
   fhGETX: 0 # Filtered GETX hits
   hGETS: 0 # GETS hits
   hGETX: 0 # GETX hits
   mGETS: 0 # GETS misses
   mGETXIM: 8576 # GETX I->M misses
   mGETXSM: 0 # GETX S->M misses (upgrade misses)
   PUTS: 0 # Clean evictions (from lower level)
   PUTX: 0 # Dirty evictions (from lower level)
   INV: 1 # Invalidates (from upper level)
   INVX: 2 # Downgrades (from upper level)
   FWD: 0 # Forwards (from upper level)
   latGETnl: 161189 # GET request latency on next level
   latGETnet: 0 # GET request latency on network to next level
 gbuf: # Cache stats
  gbuf-0b0: # Cache stats
   hGETS: 18722 # GETS hits
   hGETX: 1334 # GETX hits
   mGETS: 5902 # GETS misses
   mGETXIM: 2330 # GETX I->M misses
   mGETXSM: 0 # GETX S->M misses (upgrade misses)
   PUTS: 24624 # Clean evictions (from lower level)
   PUTX: 3661 # Dirty evictions (from lower level)
   INV: 0 # Invalidates (from upper level)
   INVX: 0 # Downgrades (from upper level)
   FWD: 0 # Forwards (from upper level)
   latGETnl: 255192 # GET request latency on next level
   latGETnet: 0 # GET request latency on network to next level
  gbuf-0b1: # Cache stats
   hGETS: 21798 # GETS hits
   hGETX: 1330 # GETX hits
   mGETS: 5898 # GETS misses
   mGETXIM: 2334 # GETX I->M misses
   mGETXSM: 0 # GETX S->M misses (upgrade misses)
   PUTS: 27695 # Clean evictions (from lower level)
   PUTX: 3658 # Dirty evictions (from lower level)
   INV: 0 # Invalidates (from upper level)
   INVX: 0 # Downgrades (from upper level)
   FWD: 0 # Forwards (from upper level)
   latGETnl: 255192 # GET request latency on next level
   latGETnet: 0 # GET request latency on network to next level
  gbuf-0b2: # Cache stats
   hGETS: 20261 # GETS hits
   hGETX: 1331 # GETX hits
   mGETS: 5899 # GETS misses
   mGETXIM: 2333 # GETX I->M misses
   mGETXSM: 0 # GETX S->M misses (upgrade misses)
   PUTS: 26161 # Clean evictions (from lower level)
   PUTX: 3655 # Dirty evictions (from lower level)
   INV: 0 # Invalidates (from upper level)
   INVX: 0 # Downgrades (from upper level)
   FWD: 0 # Forwards (from upper level)
   latGETnl: 255192 # GET request latency on next level
   latGETnet: 0 # GET request latency on network to next level
  gbuf-0b3: # Cache stats
   hGETS: 20263 # GETS hits
   hGETX: 1329 # GETX hits
   mGETS: 5897 # GETS misses
   mGETXIM: 2335 # GETX I->M misses
   mGETXSM: 0 # GETX S->M misses (upgrade misses)
   PUTS: 26159 # Clean evictions (from lower level)
   PUTX: 3659 # Dirty evictions (from lower level)
   INV: 0 # Invalidates (from upper level)
   INVX: 0 # Downgrades (from upper level)
   FWD: 0 # Forwards (from upper level)
   latGETnl: 255192 # GET request latency on next level
   latGETnet: 0 # GET request latency on network to next level
  gbuf-0b4: # Cache stats
   hGETS: 18721 # GETS hits
   hGETX: 1335 # GETX hits
   mGETS: 5903 # GETS misses
   mGETXIM: 2329 # GETX I->M misses
   mGETXSM: 0 # GETX S->M misses (upgrade misses)
   PUTS: 24624 # Clean evictions (from lower level)
   PUTX: 3655 # Dirty evictions (from lower level)
   INV: 0 # Invalidates (from upper level)
   INVX: 0 # Downgrades (from upper level)
   FWD: 0 # Forwards (from upper level)
   latGETnl: 255192 # GET request latency on next level
   latGETnet: 0 # GET request latency on network to next level
  gbuf-0b5: # Cache stats
   hGETS: 21798 # GETS hits
   hGETX: 1330 # GETX hits
   mGETS: 5898 # GETS misses
   mGETXIM: 2334 # GETX I->M misses
   mGETXSM: 0 # GETX S->M misses (upgrade misses)
   PUTS: 27696 # Clean evictions (from lower level)
   PUTX: 3659 # Dirty evictions (from lower level)
   INV: 0 # Invalidates (from upper level)
   INVX: 0 # Downgrades (from upper level)
   FWD: 0 # Forwards (from upper level)
   latGETnl: 255192 # GET request latency on next level
   latGETnet: 0 # GET request latency on network to next level
  gbuf-0b6: # Cache stats
   hGETS: 20263 # GETS hits
   hGETX: 1329 # GETX hits
   mGETS: 5897 # GETS misses
   mGETXIM: 2335 # GETX I->M misses
   mGETXSM: 0 # GETX S->M misses (upgrade misses)
   PUTS: 26159 # Clean evictions (from lower level)
   PUTX: 3660 # Dirty evictions (from lower level)
   INV: 0 # Invalidates (from upper level)
   INVX: 0 # Downgrades (from upper level)
   FWD: 0 # Forwards (from upper level)
   latGETnl: 255192 # GET request latency on next level
   latGETnet: 0 # GET request latency on network to next level
  gbuf-0b7: # Cache stats
   hGETS: 20261 # GETS hits
   hGETX: 1331 # GETX hits
   mGETS: 5899 # GETS misses
   mGETXIM: 2333 # GETX I->M misses
   mGETXSM: 0 # GETX S->M misses (upgrade misses)
   PUTS: 26160 # Clean evictions (from lower level)
   PUTX: 3654 # Dirty evictions (from lower level)
   INV: 0 # Invalidates (from upper level)
   INVX: 0 # Downgrades (from upper level)
   FWD: 0 # Forwards (from upper level)
   latGETnl: 255192 # GET request latency on next level
   latGETnet: 0 # GET request latency on network to next level
 mem: # Memory controller stats
  mem-0: # Memory channel stats
   rd: 16464 # Read requests
   wr: 0 # Write requests
   rdlat: 41925414 # Total latency experienced by read requests
   wrlat: 0 # Total latency experienced by write requests
   rdmlh: # Latency histogram for read requests
    0: 0
    1: 0
    2: 0
    3: 0
    4: 0
    5: 1008
    6: 293
    7: 301
    8: 204
    9: 407
    10: 325
    11: 423
    12: 269
    13: 273
    14: 214
    15: 238
    16: 341
    17: 292
    18: 183
    19: 196
    20: 210
    21: 256
    22: 259
    23: 221
    24: 137
    25: 185
    26: 157
    27: 221
    28: 172
    29: 218
    30: 98
    31: 147
    32: 142
    33: 213
    34: 164
    35: 185
    36: 127
    37: 163
    38: 134
    39: 207
    40: 136
    41: 154
    42: 112
    43: 116
    44: 144
    45: 161
    46: 155
    47: 131
    48: 115
    49: 135
    50: 119
    51: 154
    52: 100
    53: 112
    54: 105
    55: 127
    56: 75
    57: 71
    58: 56
    59: 53
    60: 36
    61: 42
    62: 50
    63: 44
    64: 33
    65: 45
    66: 40
    67: 41
    68: 26
    69: 38
    70: 30
    71: 33
    72: 19
    73: 27
    74: 36
    75: 26
    76: 24
    77: 18
    78: 20
    79: 17
    80: 18
    81: 20
    82: 15
    83: 23
    84: 20
    85: 19
    86: 17
    87: 20
    88: 17
    89: 16
    90: 7
    91: 16
    92: 18
    93: 18
    94: 13
    95: 9
    96: 19
    97: 12
    98: 13
    99: 4595
   wrmlh: # Latency histogram for write requests
    0: 0
    1: 0
    2: 0
    3: 0
    4: 0
    5: 0
    6: 0
    7: 0
    8: 0
    9: 0
    10: 0
    11: 0
    12: 0
    13: 0
    14: 0
    15: 0
    16: 0
    17: 0
    18: 0
    19: 0
    20: 0
    21: 0
    22: 0
    23: 0
    24: 0
    25: 0
    26: 0
    27: 0
    28: 0
    29: 0
    30: 0
    31: 0
    32: 0
    33: 0
    34: 0
    35: 0
    36: 0
    37: 0
    38: 0
    39: 0
    40: 0
    41: 0
    42: 0
    43: 0
    44: 0
    45: 0
    46: 0
    47: 0
    48: 0
    49: 0
    50: 0
    51: 0
    52: 0
    53: 0
    54: 0
    55: 0
    56: 0
    57: 0
    58: 0
    59: 0
    60: 0
    61: 0
    62: 0
    63: 0
    64: 0
    65: 0
    66: 0
    67: 0
    68: 0
    69: 0
    70: 0
    71: 0
    72: 0
    73: 0
    74: 0
    75: 0
    76: 0
    77: 0
    78: 0
    79: 0
    80: 0
    81: 0
    82: 0
    83: 0
    84: 0
    85: 0
    86: 0
    87: 0
    88: 0
    89: 0
    90: 0
    91: 0
    92: 0
    93: 0
    94: 0
    95: 0
    96: 0
    97: 0
    98: 0
    99: 0
   ACT: 16464 # Activate commands
   PRE: 18117 # Precharge commands
   RD: 16464 # Read commands
   WR: 0 # Write commands
   REF: 1668 # Refresh commands
   eACTPRE: 4988592 # Activate/precharge energy
   eRDWR: 22193472 # Read/write energy
   eREF: 5549436 # Refresh energy
   eBKGD: 123103284 # Background energy
   eWIRE: 2518992 # Channel wire energy
  mem-1: # Memory channel stats
   rd: 16464 # Read requests
   wr: 0 # Write requests
   rdlat: 42116814 # Total latency experienced by read requests
   wrlat: 0 # Total latency experienced by write requests
   rdmlh: # Latency histogram for read requests
    0: 0
    1: 0
    2: 0
    3: 0
    4: 0
    5: 1022
    6: 274
    7: 306
    8: 218
    9: 431
    10: 278
    11: 421
    12: 252
    13: 259
    14: 205
    15: 260
    16: 306
    17: 291
    18: 172
    19: 193
    20: 224
    21: 260
    22: 233
    23: 243
    24: 125
    25: 190
    26: 162
    27: 213
    28: 173
    29: 222
    30: 126
    31: 140
    32: 128
    33: 213
    34: 178
    35: 188
    36: 132
    37: 163
    38: 149
    39: 215
    40: 147
    41: 154
    42: 124
    43: 134
    44: 165
    45: 155
    46: 167
    47: 141
    48: 115
    49: 143
    50: 112
    51: 135
    52: 98
    53: 106
    54: 87
    55: 102
    56: 75
    57: 59
    58: 58
    59: 48
    60: 35
    61: 51
    62: 44
    63: 35
    64: 40
    65: 41
    66: 43
    67: 27
    68: 35
    69: 31
    70: 28
    71: 28
    72: 37
    73: 25
    74: 24
    75: 25
    76: 27
    77: 21
    78: 20
    79: 7
    80: 18
    81: 18
    82: 27
    83: 12
    84: 13
    85: 13
    86: 15
    87: 17
    88: 19
    89: 11
    90: 12
    91: 7
    92: 12
    93: 14
    94: 18
    95: 18
    96: 14
    97: 6
    98: 13
    99: 4673
   wrmlh: # Latency histogram for write requests
    0: 0
    1: 0
    2: 0
    3: 0
    4: 0
    5: 0
    6: 0
    7: 0
    8: 0
    9: 0
    10: 0
    11: 0
    12: 0
    13: 0
    14: 0
    15: 0
    16: 0
    17: 0
    18: 0
    19: 0
    20: 0
    21: 0
    22: 0
    23: 0
    24: 0
    25: 0
    26: 0
    27: 0
    28: 0
    29: 0
    30: 0
    31: 0
    32: 0
    33: 0
    34: 0
    35: 0
    36: 0
    37: 0
    38: 0
    39: 0
    40: 0
    41: 0
    42: 0
    43: 0
    44: 0
    45: 0
    46: 0
    47: 0
    48: 0
    49: 0
    50: 0
    51: 0
    52: 0
    53: 0
    54: 0
    55: 0
    56: 0
    57: 0
    58: 0
    59: 0
    60: 0
    61: 0
    62: 0
    63: 0
    64: 0
    65: 0
    66: 0
    67: 0
    68: 0
    69: 0
    70: 0
    71: 0
    72: 0
    73: 0
    74: 0
    75: 0
    76: 0
    77: 0
    78: 0
    79: 0
    80: 0
    81: 0
    82: 0
    83: 0
    84: 0
    85: 0
    86: 0
    87: 0
    88: 0
    89: 0
    90: 0
    91: 0
    92: 0
    93: 0
    94: 0
    95: 0
    96: 0
    97: 0
    98: 0
    99: 0
   ACT: 16464 # Activate commands
   PRE: 18063 # Precharge commands
   RD: 16464 # Read commands
   WR: 0 # Write commands
   REF: 1668 # Refresh commands
   eACTPRE: 4988592 # Activate/precharge energy
   eRDWR: 22193472 # Read/write energy
   eREF: 5549436 # Refresh energy
   eBKGD: 123103892 # Background energy
   eWIRE: 2518992 # Channel wire energy
  mem-2: # Memory channel stats
   rd: 16464 # Read requests
   wr: 0 # Write requests
   rdlat: 37019348 # Total latency experienced by read requests
   wrlat: 0 # Total latency experienced by write requests
   rdmlh: # Latency histogram for read requests
    0: 0
    1: 0
    2: 0
    3: 0
    4: 0
    5: 998
    6: 250
    7: 265
    8: 191
    9: 420
    10: 312
    11: 411
    12: 266
    13: 275
    14: 198
    15: 306
    16: 320
    17: 308
    18: 173
    19: 208
    20: 226
    21: 256
    22: 258
    23: 237
    24: 129
    25: 190
    26: 195
    27: 209
    28: 184
    29: 235
    30: 127
    31: 161
    32: 137
    33: 220
    34: 168
    35: 166
    36: 116
    37: 158
    38: 132
    39: 193
    40: 146
    41: 154
    42: 106
    43: 153
    44: 155
    45: 162
    46: 151
    47: 140
    48: 105
    49: 128
    50: 100
    51: 140
    52: 108
    53: 113
    54: 95
    55: 103
    56: 71
    57: 73
    58: 63
    59: 59
    60: 42
    61: 50
    62: 47
    63: 47
    64: 34
    65: 36
    66: 41
    67: 34
    68: 40
    69: 40
    70: 30
    71: 33
    72: 33
    73: 29
    74: 33
    75: 21
    76: 19
    77: 25
    78: 23
    79: 17
    80: 21
    81: 21
    82: 23
    83: 28
    84: 19
    85: 23
    86: 24
    87: 22
    88: 17
    89: 22
    90: 15
    91: 26
    92: 23
    93: 16
    94: 18
    95: 17
    96: 16
    97: 14
    98: 11
    99: 4491
   wrmlh: # Latency histogram for write requests
    0: 0
    1: 0
    2: 0
    3: 0
    4: 0
    5: 0
    6: 0
    7: 0
    8: 0
    9: 0
    10: 0
    11: 0
    12: 0
    13: 0
    14: 0
    15: 0
    16: 0
    17: 0
    18: 0
    19: 0
    20: 0
    21: 0
    22: 0
    23: 0
    24: 0
    25: 0
    26: 0
    27: 0
    28: 0
    29: 0
    30: 0
    31: 0
    32: 0
    33: 0
    34: 0
    35: 0
    36: 0
    37: 0
    38: 0
    39: 0
    40: 0
    41: 0
    42: 0
    43: 0
    44: 0
    45: 0
    46: 0
    47: 0
    48: 0
    49: 0
    50: 0
    51: 0
    52: 0
    53: 0
    54: 0
    55: 0
    56: 0
    57: 0
    58: 0
    59: 0
    60: 0
    61: 0
    62: 0
    63: 0
    64: 0
    65: 0
    66: 0
    67: 0
    68: 0
    69: 0
    70: 0
    71: 0
    72: 0
    73: 0
    74: 0
    75: 0
    76: 0
    77: 0
    78: 0
    79: 0
    80: 0
    81: 0
    82: 0
    83: 0
    84: 0
    85: 0
    86: 0
    87: 0
    88: 0
    89: 0
    90: 0
    91: 0
    92: 0
    93: 0
    94: 0
    95: 0
    96: 0
    97: 0
    98: 0
    99: 0
   ACT: 16464 # Activate commands
   PRE: 18130 # Precharge commands
   RD: 16464 # Read commands
   WR: 0 # Write commands
   REF: 1668 # Refresh commands
   eACTPRE: 4988592 # Activate/precharge energy
   eRDWR: 22193472 # Read/write energy
   eREF: 5549436 # Refresh energy
   eBKGD: 123104579 # Background energy
   eWIRE: 2518992 # Channel wire energy
  mem-3: # Memory channel stats
   rd: 16464 # Read requests
   wr: 0 # Write requests
   rdlat: 42058500 # Total latency experienced by read requests
   wrlat: 0 # Total latency experienced by write requests
   rdmlh: # Latency histogram for read requests
    0: 0
    1: 0
    2: 0
    3: 0
    4: 0
    5: 1032
    6: 291
    7: 271
    8: 179
    9: 428
    10: 294
    11: 408
    12: 259
    13: 261
    14: 206
    15: 266
    16: 300
    17: 309
    18: 171
    19: 203
    20: 196
    21: 267
    22: 255
    23: 228
    24: 141
    25: 190
    26: 164
    27: 227
    28: 171
    29: 230
    30: 115
    31: 145
    32: 140
    33: 215
    34: 178
    35: 169
    36: 116
    37: 156
    38: 143
    39: 197
    40: 134
    41: 174
    42: 102
    43: 133
    44: 162
    45: 172
    46: 147
    47: 148
    48: 107
    49: 141
    50: 120
    51: 168
    52: 110
    53: 118
    54: 103
    55: 137
    56: 70
    57: 57
    58: 48
    59: 34
    60: 38
    61: 40
    62: 44
    63: 36
    64: 45
    65: 38
    66: 40
    67: 36
    68: 31
    69: 32
    70: 42
    71: 32
    72: 31
    73: 29
    74: 29
    75: 19
    76: 24
    77: 25
    78: 24
    79: 17
    80: 29
    81: 21
    82: 12
    83: 16
    84: 19
    85: 23
    86: 30
    87: 22
    88: 13
    89: 19
    90: 10
    91: 21
    92: 20
    93: 16
    94: 12
    95: 14
    96: 16
    97: 11
    98: 12
    99: 4570
   wrmlh: # Latency histogram for write requests
    0: 0
    1: 0
    2: 0
    3: 0
    4: 0
    5: 0
    6: 0
    7: 0
    8: 0
    9: 0
    10: 0
    11: 0
    12: 0
    13: 0
    14: 0
    15: 0
    16: 0
    17: 0
    18: 0
    19: 0
    20: 0
    21: 0
    22: 0
    23: 0
    24: 0
    25: 0
    26: 0
    27: 0
    28: 0
    29: 0
    30: 0
    31: 0
    32: 0
    33: 0
    34: 0
    35: 0
    36: 0
    37: 0
    38: 0
    39: 0
    40: 0
    41: 0
    42: 0
    43: 0
    44: 0
    45: 0
    46: 0
    47: 0
    48: 0
    49: 0
    50: 0
    51: 0
    52: 0
    53: 0
    54: 0
    55: 0
    56: 0
    57: 0
    58: 0
    59: 0
    60: 0
    61: 0
    62: 0
    63: 0
    64: 0
    65: 0
    66: 0
    67: 0
    68: 0
    69: 0
    70: 0
    71: 0
    72: 0
    73: 0
    74: 0
    75: 0
    76: 0
    77: 0
    78: 0
    79: 0
    80: 0
    81: 0
    82: 0
    83: 0
    84: 0
    85: 0
    86: 0
    87: 0
    88: 0
    89: 0
    90: 0
    91: 0
    92: 0
    93: 0
    94: 0
    95: 0
    96: 0
    97: 0
    98: 0
    99: 0
   ACT: 16464 # Activate commands
   PRE: 18034 # Precharge commands
   RD: 16464 # Read commands
   WR: 0 # Write commands
   REF: 1668 # Refresh commands
   eACTPRE: 4988592 # Activate/precharge energy
   eRDWR: 22193472 # Read/write energy
   eREF: 5549436 # Refresh energy
   eBKGD: 123103662 # Background energy
   eWIRE: 2518992 # Channel wire energy
 sched: # Scheduler stats
  thCr: 0 # Threads created
  thFn: 0 # Threads finished
  schedEvs: 0 # Schedule events
  waitEvs: 0 # Wait events
  handoffEvs: 0 # Handoff events
  sleepEvs: 0 # Sleep events
  idlePhases: 0 # Phases with no thread active
  idlePeriods: 0 # Periods with no thread active
  occHist: # Occupancy histogram
   0: 325
   1: 0
  rqSzHist: # Run queue size histogram
   0: 325
   1: 0
   2: 0
   3: 0
   4: 0
   5: 0
   6: 0
   7: 0
   8: 0
   9: 0
   10: 0
   11: 0
   12: 0
   13: 0
   14: 0
   15: 0
   16: 0
 procCycles: # Per-process unhalted core cycles
  0: 0
  1: 0
  2: 0
  3: 0
  4: 0
  5: 0
  6: 0
  7: 0
  8: 0
  9: 0
  10: 0
  11: 0
  12: 0
  13: 0
  14: 0
  15: 0
  16: 0
  17: 0
  18: 0
  19: 0
  20: 0
  21: 0
  22: 0
  23: 0
  24: 0
  25: 0
  26: 0
  27: 0
  28: 0
  29: 0
  30: 0
  31: 0
 procInstrs: # Per-process instructions
  0: 0
  1: 0
  2: 0
  3: 0
  4: 0
  5: 0
  6: 0
  7: 0
  8: 0
  9: 0
  10: 0
  11: 0
  12: 0
  13: 0
  14: 0
  15: 0
  16: 0
  17: 0
  18: 0
  19: 0
  20: 0
  21: 0
  22: 0
  23: 0
  24: 0
  25: 0
  26: 0
  27: 0
  28: 0
  29: 0
  30: 0
  31: 0
 heartbeats: # Per-process heartbeats
  0: 0
  1: 0
  2: 0
  3: 0
  4: 0
  5: 0
  6: 0
  7: 0
  8: 0
  9: 0
  10: 0
  11: 0
  12: 0
  13: 0
  14: 0
  15: 0
  16: 0
  17: 0
  18: 0
  19: 0
  20: 0
  21: 0
  22: 0
  23: 0
  24: 0
  25: 0
  26: 0
  27: 0
  28: 0
  29: 0
  30: 0
  31: 0
===
