# zsim stats
===
root: # Stats
 contention: # Contention simulation stats
  domain-0: # Domain stats
   time: 670186300 # Weave simulation time
 time: # Simulator time breakdown
  init: 625564855
  bound: 3973753786
  weave: 690272581
  ff: 1182446840
 trigger: 20000 # Reason for this stats dump
 phase: 345 # Simulated phases
 l: # Logic unit stats
  l-0: # Logic unit stats
   cycles: 3443485 # Simulated unhalted cycles
   cCycles: 265533 # Cycles due to contention stalls
   ops: 15182 # Simulated operations
   compOps: 78 # Simulated compute operations
  l-1: # Logic unit stats
   cycles: 3435469 # Simulated unhalted cycles
   cCycles: 245572 # Cycles due to contention stalls
   ops: 18254 # Simulated operations
   compOps: 78 # Simulated compute operations
  l-2: # Logic unit stats
   cycles: 3426719 # Simulated unhalted cycles
   cCycles: 248922 # Cycles due to contention stalls
   ops: 15182 # Simulated operations
   compOps: 78 # Simulated compute operations
  l-3: # Logic unit stats
   cycles: 3443781 # Simulated unhalted cycles
   cCycles: 265829 # Cycles due to contention stalls
   ops: 15182 # Simulated operations
   compOps: 78 # Simulated compute operations
 c: # Core stats
  c-0: # Core stats
   cycles: 0 # Simulated cycles
   instrs: 0 # Simulated instructions
 rdbuf: # Cache stats
  rdbuf-0: # Filter cache stats
   fhGETS: 0 # Filtered GETS hits
   fhGETX: 0 # Filtered GETX hits
   hGETS: 0 # GETS hits
   hGETX: 0 # GETX hits
   mGETS: 52224 # GETS misses
   mGETXIM: 0 # GETX I->M misses
   mGETXSM: 0 # GETX S->M misses (upgrade misses)
   PUTS: 0 # Clean evictions (from lower level)
   PUTX: 0 # Dirty evictions (from lower level)
   INV: 0 # Invalidates (from upper level)
   INVX: 268 # Downgrades (from upper level)
   FWD: 0 # Forwards (from upper level)
   latGETnl: 361728 # GET request latency on next level
   latGETnet: 0 # GET request latency on network to next level
  rdbuf-1: # Filter cache stats
   fhGETS: 0 # Filtered GETS hits
   fhGETX: 0 # Filtered GETX hits
   hGETS: 0 # GETS hits
   hGETX: 0 # GETX hits
   mGETS: 55104 # GETS misses
   mGETXIM: 0 # GETX I->M misses
   mGETXSM: 0 # GETX S->M misses (upgrade misses)
   PUTS: 0 # Clean evictions (from lower level)
   PUTX: 0 # Dirty evictions (from lower level)
   INV: 0 # Invalidates (from upper level)
   INVX: 303 # Downgrades (from upper level)
   FWD: 0 # Forwards (from upper level)
   latGETnl: 468954 # GET request latency on next level
   latGETnet: 0 # GET request latency on network to next level
  rdbuf-2: # Filter cache stats
   fhGETS: 0 # Filtered GETS hits
   fhGETX: 0 # Filtered GETX hits
   hGETS: 0 # GETS hits
   hGETX: 0 # GETX hits
   mGETS: 52224 # GETS misses
   mGETXIM: 0 # GETX I->M misses
   mGETXSM: 0 # GETX S->M misses (upgrade misses)
   PUTS: 0 # Clean evictions (from lower level)
   PUTX: 0 # Dirty evictions (from lower level)
   INV: 0 # Invalidates (from upper level)
   INVX: 121 # Downgrades (from upper level)
   FWD: 0 # Forwards (from upper level)
   latGETnl: 620175 # GET request latency on next level
   latGETnet: 0 # GET request latency on network to next level
  rdbuf-3: # Filter cache stats
   fhGETS: 0 # Filtered GETS hits
   fhGETX: 0 # Filtered GETX hits
   hGETS: 0 # GETS hits
   hGETX: 0 # GETX hits
   mGETS: 49728 # GETS misses
   mGETXIM: 0 # GETX I->M misses
   mGETXSM: 0 # GETX S->M misses (upgrade misses)
   PUTS: 0 # Clean evictions (from lower level)
   PUTX: 0 # Dirty evictions (from lower level)
   INV: 0 # Invalidates (from upper level)
   INVX: 60 # Downgrades (from upper level)
   FWD: 0 # Forwards (from upper level)
   latGETnl: 222398 # GET request latency on next level
   latGETnet: 0 # GET request latency on network to next level
 wrbuf: # Cache stats
  wrbuf-0: # Filter cache stats
   fhGETS: 0 # Filtered GETS hits
   fhGETX: 0 # Filtered GETX hits
   hGETS: 0 # GETS hits
   hGETX: 0 # GETX hits
   mGETS: 0 # GETS misses
   mGETXIM: 6912 # GETX I->M misses
   mGETXSM: 0 # GETX S->M misses (upgrade misses)
   PUTS: 0 # Clean evictions (from lower level)
   PUTX: 0 # Dirty evictions (from lower level)
   INV: 35 # Invalidates (from upper level)
   INVX: 1 # Downgrades (from upper level)
   FWD: 0 # Forwards (from upper level)
   latGETnl: 129827 # GET request latency on next level
   latGETnet: 0 # GET request latency on network to next level
  wrbuf-1: # Filter cache stats
   fhGETS: 0 # Filtered GETS hits
   fhGETX: 0 # Filtered GETX hits
   hGETS: 0 # GETS hits
   hGETX: 0 # GETX hits
   mGETS: 0 # GETS misses
   mGETXIM: 6912 # GETX I->M misses
   mGETXSM: 0 # GETX S->M misses (upgrade misses)
   PUTS: 0 # Clean evictions (from lower level)
   PUTX: 0 # Dirty evictions (from lower level)
   INV: 7 # Invalidates (from upper level)
   INVX: 2 # Downgrades (from upper level)
   FWD: 0 # Forwards (from upper level)
   latGETnl: 154627 # GET request latency on next level
   latGETnet: 0 # GET request latency on network to next level
  wrbuf-2: # Filter cache stats
   fhGETS: 0 # Filtered GETS hits
   fhGETX: 0 # Filtered GETX hits
   hGETS: 0 # GETS hits
   hGETX: 0 # GETX hits
   mGETS: 0 # GETS misses
   mGETXIM: 6912 # GETX I->M misses
   mGETXSM: 0 # GETX S->M misses (upgrade misses)
   PUTS: 0 # Clean evictions (from lower level)
   PUTX: 0 # Dirty evictions (from lower level)
   INV: 2 # Invalidates (from upper level)
   INVX: 0 # Downgrades (from upper level)
   FWD: 0 # Forwards (from upper level)
   latGETnl: 163989 # GET request latency on next level
   latGETnet: 0 # GET request latency on network to next level
  wrbuf-3: # Filter cache stats
   fhGETS: 0 # Filtered GETS hits
   fhGETX: 0 # Filtered GETX hits
   hGETS: 0 # GETS hits
   hGETX: 0 # GETX hits
   mGETS: 0 # GETS misses
   mGETXIM: 8576 # GETX I->M misses
   mGETXSM: 0 # GETX S->M misses (upgrade misses)
   PUTS: 0 # Clean evictions (from lower level)
   PUTX: 0 # Dirty evictions (from lower level)
   INV: 0 # Invalidates (from upper level)
   INVX: 2 # Downgrades (from upper level)
   FWD: 0 # Forwards (from upper level)
   latGETnl: 158430 # GET request latency on next level
   latGETnet: 0 # GET request latency on network to next level
 gbuf: # Cache stats
  gbuf-0b0: # Cache stats
   hGETS: 18718 # GETS hits
   hGETX: 1338 # GETX hits
   mGETS: 5906 # GETS misses
   mGETXIM: 2326 # GETX I->M misses
   mGETXSM: 0 # GETX S->M misses (upgrade misses)
   PUTS: 24624 # Clean evictions (from lower level)
   PUTX: 3659 # Dirty evictions (from lower level)
   INV: 0 # Invalidates (from upper level)
   INVX: 0 # Downgrades (from upper level)
   FWD: 0 # Forwards (from upper level)
   latGETnl: 255192 # GET request latency on next level
   latGETnet: 0 # GET request latency on network to next level
  gbuf-0b1: # Cache stats
   hGETS: 21794 # GETS hits
   hGETX: 1334 # GETX hits
   mGETS: 5902 # GETS misses
   mGETXIM: 2330 # GETX I->M misses
   mGETXSM: 0 # GETX S->M misses (upgrade misses)
   PUTS: 27695 # Clean evictions (from lower level)
   PUTX: 3661 # Dirty evictions (from lower level)
   INV: 0 # Invalidates (from upper level)
   INVX: 0 # Downgrades (from upper level)
   FWD: 0 # Forwards (from upper level)
   latGETnl: 255192 # GET request latency on next level
   latGETnet: 0 # GET request latency on network to next level
  gbuf-0b2: # Cache stats
   hGETS: 20257 # GETS hits
   hGETX: 1335 # GETX hits
   mGETS: 5903 # GETS misses
   mGETXIM: 2329 # GETX I->M misses
   mGETXSM: 0 # GETX S->M misses (upgrade misses)
   PUTS: 26161 # Clean evictions (from lower level)
   PUTX: 3656 # Dirty evictions (from lower level)
   INV: 0 # Invalidates (from upper level)
   INVX: 0 # Downgrades (from upper level)
   FWD: 0 # Forwards (from upper level)
   latGETnl: 255192 # GET request latency on next level
   latGETnet: 0 # GET request latency on network to next level
  gbuf-0b3: # Cache stats
   hGETS: 20259 # GETS hits
   hGETX: 1333 # GETX hits
   mGETS: 5901 # GETS misses
   mGETXIM: 2331 # GETX I->M misses
   mGETXSM: 0 # GETX S->M misses (upgrade misses)
   PUTS: 26159 # Clean evictions (from lower level)
   PUTX: 3660 # Dirty evictions (from lower level)
   INV: 0 # Invalidates (from upper level)
   INVX: 0 # Downgrades (from upper level)
   FWD: 0 # Forwards (from upper level)
   latGETnl: 255192 # GET request latency on next level
   latGETnet: 0 # GET request latency on network to next level
  gbuf-0b4: # Cache stats
   hGETS: 18717 # GETS hits
   hGETX: 1339 # GETX hits
   mGETS: 5907 # GETS misses
   mGETXIM: 2325 # GETX I->M misses
   mGETXSM: 0 # GETX S->M misses (upgrade misses)
   PUTS: 24624 # Clean evictions (from lower level)
   PUTX: 3655 # Dirty evictions (from lower level)
   INV: 0 # Invalidates (from upper level)
   INVX: 0 # Downgrades (from upper level)
   FWD: 0 # Forwards (from upper level)
   latGETnl: 255192 # GET request latency on next level
   latGETnet: 0 # GET request latency on network to next level
  gbuf-0b5: # Cache stats
   hGETS: 21794 # GETS hits
   hGETX: 1334 # GETX hits
   mGETS: 5902 # GETS misses
   mGETXIM: 2330 # GETX I->M misses
   mGETXSM: 0 # GETX S->M misses (upgrade misses)
   PUTS: 27696 # Clean evictions (from lower level)
   PUTX: 3659 # Dirty evictions (from lower level)
   INV: 0 # Invalidates (from upper level)
   INVX: 0 # Downgrades (from upper level)
   FWD: 0 # Forwards (from upper level)
   latGETnl: 255192 # GET request latency on next level
   latGETnet: 0 # GET request latency on network to next level
  gbuf-0b6: # Cache stats
   hGETS: 20259 # GETS hits
   hGETX: 1333 # GETX hits
   mGETS: 5901 # GETS misses
   mGETXIM: 2331 # GETX I->M misses
   mGETXSM: 0 # GETX S->M misses (upgrade misses)
   PUTS: 26159 # Clean evictions (from lower level)
   PUTX: 3659 # Dirty evictions (from lower level)
   INV: 0 # Invalidates (from upper level)
   INVX: 0 # Downgrades (from upper level)
   FWD: 0 # Forwards (from upper level)
   latGETnl: 255192 # GET request latency on next level
   latGETnet: 0 # GET request latency on network to next level
  gbuf-0b7: # Cache stats
   hGETS: 20257 # GETS hits
   hGETX: 1335 # GETX hits
   mGETS: 5903 # GETS misses
   mGETXIM: 2329 # GETX I->M misses
   mGETXSM: 0 # GETX S->M misses (upgrade misses)
   PUTS: 26161 # Clean evictions (from lower level)
   PUTX: 3654 # Dirty evictions (from lower level)
   INV: 0 # Invalidates (from upper level)
   INVX: 0 # Downgrades (from upper level)
   FWD: 0 # Forwards (from upper level)
   latGETnl: 255192 # GET request latency on next level
   latGETnet: 0 # GET request latency on network to next level
 mem: # Memory controller stats
  mem-0: # Memory channel stats
   rd: 65856 # Read requests
   wr: 0 # Write requests
   rdlat: 876199798 # Total latency experienced by read requests
   wrlat: 0 # Total latency experienced by write requests
   rdmlh: # Latency histogram for read requests
    0: 0
    1: 0
    2: 0
    3: 0
    4: 0
    5: 374
    6: 426
    7: 539
    8: 289
    9: 353
    10: 101
    11: 129
    12: 361
    13: 561
    14: 337
    15: 364
    16: 237
    17: 268
    18: 240
    19: 482
    20: 333
    21: 328
    22: 243
    23: 395
    24: 224
    25: 375
    26: 286
    27: 448
    28: 255
    29: 375
    30: 274
    31: 383
    32: 262
    33: 403
    34: 262
    35: 385
    36: 305
    37: 391
    38: 266
    39: 380
    40: 242
    41: 347
    42: 296
    43: 372
    44: 231
    45: 322
    46: 232
    47: 343
    48: 256
    49: 305
    50: 203
    51: 279
    52: 187
    53: 275
    54: 223
    55: 296
    56: 180
    57: 257
    58: 128
    59: 248
    60: 163
    61: 248
    62: 173
    63: 231
    64: 138
    65: 213
    66: 153
    67: 235
    68: 141
    69: 212
    70: 157
    71: 221
    72: 127
    73: 206
    74: 120
    75: 218
    76: 133
    77: 240
    78: 135
    79: 201
    80: 134
    81: 206
    82: 141
    83: 199
    84: 141
    85: 205
    86: 141
    87: 193
    88: 108
    89: 199
    90: 133
    91: 177
    92: 134
    93: 183
    94: 108
    95: 191
    96: 133
    97: 193
    98: 114
    99: 42302
   wrmlh: # Latency histogram for write requests
    0: 0
    1: 0
    2: 0
    3: 0
    4: 0
    5: 0
    6: 0
    7: 0
    8: 0
    9: 0
    10: 0
    11: 0
    12: 0
    13: 0
    14: 0
    15: 0
    16: 0
    17: 0
    18: 0
    19: 0
    20: 0
    21: 0
    22: 0
    23: 0
    24: 0
    25: 0
    26: 0
    27: 0
    28: 0
    29: 0
    30: 0
    31: 0
    32: 0
    33: 0
    34: 0
    35: 0
    36: 0
    37: 0
    38: 0
    39: 0
    40: 0
    41: 0
    42: 0
    43: 0
    44: 0
    45: 0
    46: 0
    47: 0
    48: 0
    49: 0
    50: 0
    51: 0
    52: 0
    53: 0
    54: 0
    55: 0
    56: 0
    57: 0
    58: 0
    59: 0
    60: 0
    61: 0
    62: 0
    63: 0
    64: 0
    65: 0
    66: 0
    67: 0
    68: 0
    69: 0
    70: 0
    71: 0
    72: 0
    73: 0
    74: 0
    75: 0
    76: 0
    77: 0
    78: 0
    79: 0
    80: 0
    81: 0
    82: 0
    83: 0
    84: 0
    85: 0
    86: 0
    87: 0
    88: 0
    89: 0
    90: 0
    91: 0
    92: 0
    93: 0
    94: 0
    95: 0
    96: 0
    97: 0
    98: 0
    99: 0
   ACT: 65856 # Activate commands
   PRE: 69692 # Precharge commands
   RD: 65856 # Read commands
   WR: 0 # Write commands
   REF: 1771 # Refresh commands
   eACTPRE: 19954368 # Activate/precharge energy
   eRDWR: 88773888 # Read/write energy
   eREF: 5892117 # Refresh energy
   eBKGD: 131501165 # Background energy
   eWIRE: 10075968 # Channel wire energy
 sched: # Scheduler stats
  thCr: 0 # Threads created
  thFn: 0 # Threads finished
  schedEvs: 0 # Schedule events
  waitEvs: 0 # Wait events
  handoffEvs: 0 # Handoff events
  sleepEvs: 0 # Sleep events
  idlePhases: 0 # Phases with no thread active
  idlePeriods: 0 # Periods with no thread active
  occHist: # Occupancy histogram
   0: 345
   1: 0
  rqSzHist: # Run queue size histogram
   0: 345
   1: 0
   2: 0
   3: 0
   4: 0
   5: 0
   6: 0
   7: 0
   8: 0
   9: 0
   10: 0
   11: 0
   12: 0
   13: 0
   14: 0
   15: 0
   16: 0
 procCycles: # Per-process unhalted core cycles
  0: 0
  1: 0
  2: 0
  3: 0
  4: 0
  5: 0
  6: 0
  7: 0
  8: 0
  9: 0
  10: 0
  11: 0
  12: 0
  13: 0
  14: 0
  15: 0
  16: 0
  17: 0
  18: 0
  19: 0
  20: 0
  21: 0
  22: 0
  23: 0
  24: 0
  25: 0
  26: 0
  27: 0
  28: 0
  29: 0
  30: 0
  31: 0
 procInstrs: # Per-process instructions
  0: 0
  1: 0
  2: 0
  3: 0
  4: 0
  5: 0
  6: 0
  7: 0
  8: 0
  9: 0
  10: 0
  11: 0
  12: 0
  13: 0
  14: 0
  15: 0
  16: 0
  17: 0
  18: 0
  19: 0
  20: 0
  21: 0
  22: 0
  23: 0
  24: 0
  25: 0
  26: 0
  27: 0
  28: 0
  29: 0
  30: 0
  31: 0
 heartbeats: # Per-process heartbeats
  0: 0
  1: 0
  2: 0
  3: 0
  4: 0
  5: 0
  6: 0
  7: 0
  8: 0
  9: 0
  10: 0
  11: 0
  12: 0
  13: 0
  14: 0
  15: 0
  16: 0
  17: 0
  18: 0
  19: 0
  20: 0
  21: 0
  22: 0
  23: 0
  24: 0
  25: 0
  26: 0
  27: 0
  28: 0
  29: 0
  30: 0
  31: 0
===
