# zsim stats
===
root: # Stats
 contention: # Contention simulation stats
  domain-0: # Domain stats
   time: 14868579462 # Weave simulation time
 time: # Simulator time breakdown
  init: 851085544
  bound: 20595885813
  weave: 17391948075
  ff: 1224292545
 trigger: 20000 # Reason for this stats dump
 phase: 35678 # Simulated phases
 l: # Logic unit stats
  l-0: # Logic unit stats
   cycles: 356777941 # Simulated unhalted cycles
   cCycles: 24031329 # Cycles due to contention stalls
   ops: 1283072 # Simulated operations
   compOps: 16384 # Simulated compute operations
 c: # Core stats
  c-0: # Core stats
   cycles: 0 # Simulated cycles
   instrs: 0 # Simulated instructions
 rdbuf: # Cache stats
  rdbuf-0: # Filter cache stats
   fhGETS: 114688 # Filtered GETS hits
   fhGETX: 0 # Filtered GETX hits
   hGETS: 0 # GETS hits
   hGETX: 0 # GETX hits
   mGETS: 3538944 # GETS misses
   mGETXIM: 0 # GETX I->M misses
   mGETXSM: 0 # GETX S->M misses (upgrade misses)
   PUTS: 0 # Clean evictions (from lower level)
   PUTX: 0 # Dirty evictions (from lower level)
   INV: 1 # Invalidates (from upper level)
   INVX: 0 # Downgrades (from upper level)
   FWD: 0 # Forwards (from upper level)
   latGETnl: 82991696 # GET request latency on next level
   latGETnet: 0 # GET request latency on network to next level
 wrbuf: # Cache stats
  wrbuf-0: # Filter cache stats
   fhGETS: 0 # Filtered GETS hits
   fhGETX: 18688 # Filtered GETX hits
   hGETS: 0 # GETS hits
   hGETX: 0 # GETX hits
   mGETS: 0 # GETS misses
   mGETXIM: 173056 # GETX I->M misses
   mGETXSM: 0 # GETX S->M misses (upgrade misses)
   PUTS: 0 # Clean evictions (from lower level)
   PUTX: 0 # Dirty evictions (from lower level)
   INV: 64 # Invalidates (from upper level)
   INVX: 0 # Downgrades (from upper level)
   FWD: 0 # Forwards (from upper level)
   latGETnl: 5535064 # GET request latency on next level
   latGETnet: 0 # GET request latency on network to next level
 gbuf: # Cache stats
  gbuf-0b0: # Cache stats
   hGETS: 121995 # GETS hits
   hGETX: 12 # GETX hits
   mGETS: 320369 # GETS misses
   mGETXIM: 21620 # GETX I->M misses
   mGETXSM: 0 # GETX S->M misses (upgrade misses)
   PUTS: 442364 # Clean evictions (from lower level)
   PUTX: 21632 # Dirty evictions (from lower level)
   INV: 0 # Invalidates (from upper level)
   INVX: 0 # Downgrades (from upper level)
   FWD: 0 # Forwards (from upper level)
   latGETnl: 10601659 # GET request latency on next level
   latGETnet: 0 # GET request latency on network to next level
  gbuf-0b1: # Cache stats
   hGETS: 121981 # GETS hits
   hGETX: 12 # GETX hits
   mGETS: 320387 # GETS misses
   mGETXIM: 21620 # GETX I->M misses
   mGETXSM: 0 # GETX S->M misses (upgrade misses)
   PUTS: 442368 # Clean evictions (from lower level)
   PUTX: 21624 # Dirty evictions (from lower level)
   INV: 0 # Invalidates (from upper level)
   INVX: 0 # Downgrades (from upper level)
   FWD: 0 # Forwards (from upper level)
   latGETnl: 10602217 # GET request latency on next level
   latGETnet: 0 # GET request latency on network to next level
  gbuf-0b2: # Cache stats
   hGETS: 121999 # GETS hits
   hGETX: 12 # GETX hits
   mGETS: 320373 # GETS misses
   mGETXIM: 21620 # GETX I->M misses
   mGETXSM: 0 # GETX S->M misses (upgrade misses)
   PUTS: 442372 # Clean evictions (from lower level)
   PUTX: 21616 # Dirty evictions (from lower level)
   INV: 0 # Invalidates (from upper level)
   INVX: 0 # Downgrades (from upper level)
   FWD: 0 # Forwards (from upper level)
   latGETnl: 10601783 # GET request latency on next level
   latGETnet: 0 # GET request latency on network to next level
  gbuf-0b3: # Cache stats
   hGETS: 121976 # GETS hits
   hGETX: 12 # GETX hits
   mGETS: 320388 # GETS misses
   mGETXIM: 21620 # GETX I->M misses
   mGETXSM: 0 # GETX S->M misses (upgrade misses)
   PUTS: 442364 # Clean evictions (from lower level)
   PUTX: 21624 # Dirty evictions (from lower level)
   INV: 0 # Invalidates (from upper level)
   INVX: 0 # Downgrades (from upper level)
   FWD: 0 # Forwards (from upper level)
   latGETnl: 10602248 # GET request latency on next level
   latGETnet: 0 # GET request latency on network to next level
  gbuf-0b4: # Cache stats
   hGETS: 122002 # GETS hits
   hGETX: 12 # GETX hits
   mGETS: 320370 # GETS misses
   mGETXIM: 21620 # GETX I->M misses
   mGETXSM: 0 # GETX S->M misses (upgrade misses)
   PUTS: 442372 # Clean evictions (from lower level)
   PUTX: 21632 # Dirty evictions (from lower level)
   INV: 0 # Invalidates (from upper level)
   INVX: 0 # Downgrades (from upper level)
   FWD: 0 # Forwards (from upper level)
   latGETnl: 10601690 # GET request latency on next level
   latGETnet: 0 # GET request latency on network to next level
  gbuf-0b5: # Cache stats
   hGETS: 121999 # GETS hits
   hGETX: 12 # GETX hits
   mGETS: 320369 # GETS misses
   mGETXIM: 21620 # GETX I->M misses
   mGETXSM: 0 # GETX S->M misses (upgrade misses)
   PUTS: 442367 # Clean evictions (from lower level)
   PUTX: 21624 # Dirty evictions (from lower level)
   INV: 0 # Invalidates (from upper level)
   INVX: 0 # Downgrades (from upper level)
   FWD: 0 # Forwards (from upper level)
   latGETnl: 10601659 # GET request latency on next level
   latGETnet: 0 # GET request latency on network to next level
  gbuf-0b6: # Cache stats
   hGETS: 121977 # GETS hits
   hGETX: 8 # GETX hits
   mGETS: 320371 # GETS misses
   mGETXIM: 21624 # GETX I->M misses
   mGETXSM: 0 # GETX S->M misses (upgrade misses)
   PUTS: 442347 # Clean evictions (from lower level)
   PUTX: 21616 # Dirty evictions (from lower level)
   INV: 0 # Invalidates (from upper level)
   INVX: 0 # Downgrades (from upper level)
   FWD: 0 # Forwards (from upper level)
   latGETnl: 10601845 # GET request latency on next level
   latGETnet: 0 # GET request latency on network to next level
  gbuf-0b7: # Cache stats
   hGETS: 122023 # GETS hits
   hGETX: 8 # GETX hits
   mGETS: 320365 # GETS misses
   mGETXIM: 21624 # GETX I->M misses
   mGETXSM: 0 # GETX S->M misses (upgrade misses)
   PUTS: 442388 # Clean evictions (from lower level)
   PUTX: 21624 # Dirty evictions (from lower level)
   INV: 0 # Invalidates (from upper level)
   INVX: 0 # Downgrades (from upper level)
   FWD: 0 # Forwards (from upper level)
   latGETnl: 10601659 # GET request latency on next level
   latGETnet: 0 # GET request latency on network to next level
 mem: # Memory controller stats
  mem-0: # Memory channel stats
   rd: 2735960 # Read requests
   wr: 173056 # Write requests
   rdlat: 3708040078 # Total latency experienced by read requests
   wrlat: 209022338 # Total latency experienced by write requests
   rdmlh: # Latency histogram for read requests
    0: 0
    1: 0
    2: 0
    3: 0
    4: 0
    5: 43787
    6: 32200
    7: 4364
    8: 2797
    9: 23966
    10: 36791
    11: 31643
    12: 15610
    13: 2171
    14: 4674
    15: 36971
    16: 59733
    17: 12254
    18: 9007
    19: 8831
    20: 29177
    21: 31834
    22: 13417
    23: 29871
    24: 7550
    25: 36098
    26: 28437
    27: 4928
    28: 10041
    29: 23395
    30: 45307
    31: 34367
    32: 4867
    33: 3379
    34: 9970
    35: 30737
    36: 55079
    37: 15330
    38: 7619
    39: 4792
    40: 19990
    41: 40416
    42: 40046
    43: 15112
    44: 5382
    45: 20779
    46: 37278
    47: 16307
    48: 19108
    49: 25379
    50: 25621
    51: 33972
    52: 8201
    53: 9006
    54: 16692
    55: 34715
    56: 45208
    57: 12335
    58: 6561
    59: 11316
    60: 29716
    61: 46536
    62: 26600
    63: 6319
    64: 6178
    65: 23584
    66: 48858
    67: 24884
    68: 19467
    69: 8209
    70: 22113
    71: 34672
    72: 15203
    73: 20536
    74: 24577
    75: 21020
    76: 33775
    77: 13148
    78: 12373
    79: 18711
    80: 34304
    81: 41257
    82: 18332
    83: 14196
    84: 18798
    85: 28550
    86: 28069
    87: 20107
    88: 11397
    89: 12247
    90: 16983
    91: 20689
    92: 25334
    93: 20673
    94: 15820
    95: 11986
    96: 11755
    97: 19598
    98: 23976
    99: 690992
   wrmlh: # Latency histogram for write requests
    0: 0
    1: 0
    2: 0
    3: 0
    4: 0
    5: 54
    6: 135
    7: 160
    8: 353
    9: 647
    10: 538
    11: 1093
    12: 1041
    13: 666
    14: 580
    15: 701
    16: 468
    17: 664
    18: 1114
    19: 1910
    20: 5250
    21: 1526
    22: 738
    23: 1178
    24: 1015
    25: 1146
    26: 926
    27: 1554
    28: 3225
    29: 3838
    30: 1911
    31: 1838
    32: 2687
    33: 2010
    34: 1238
    35: 1044
    36: 913
    37: 1241
    38: 1402
    39: 1998
    40: 2064
    41: 3290
    42: 2781
    43: 2342
    44: 2137
    45: 1832
    46: 863
    47: 863
    48: 545
    49: 681
    50: 1126
    51: 1318
    52: 1873
    53: 2036
    54: 1430
    55: 832
    56: 415
    57: 238
    58: 107
    59: 81
    60: 60
    61: 90
    62: 56
    63: 53
    64: 58
    65: 36
    66: 43
    67: 33
    68: 32
    69: 33
    70: 39
    71: 21
    72: 37
    73: 9
    74: 10
    75: 8
    76: 9
    77: 5
    78: 1
    79: 6
    80: 3
    81: 0
    82: 1
    83: 1
    84: 0
    85: 0
    86: 0
    87: 0
    88: 0
    89: 0
    90: 0
    91: 0
    92: 0
    93: 0
    94: 0
    95: 0
    96: 0
    97: 3
    98: 10
    99: 98743
   ACT: 2909016 # Activate commands
   PRE: 3311924 # Precharge commands
   RD: 2735960 # Read commands
   WR: 173056 # Write commands
   REF: 183058 # Refresh commands
   eACTPRE: 881431848 # Activate/precharge energy
   eRDWR: 3927064416 # Read/write energy
   eREF: 609033966 # Refresh energy
   eBKGD: 13566071409 # Background energy
   eWIRE: 445079448 # Channel wire energy
 sched: # Scheduler stats
  thCr: 0 # Threads created
  thFn: 0 # Threads finished
  schedEvs: 0 # Schedule events
  waitEvs: 0 # Wait events
  handoffEvs: 0 # Handoff events
  sleepEvs: 0 # Sleep events
  idlePhases: 0 # Phases with no thread active
  idlePeriods: 0 # Periods with no thread active
  occHist: # Occupancy histogram
   0: 35678
   1: 0
  rqSzHist: # Run queue size histogram
   0: 35678
   1: 0
   2: 0
   3: 0
   4: 0
   5: 0
   6: 0
   7: 0
   8: 0
   9: 0
   10: 0
   11: 0
   12: 0
   13: 0
   14: 0
   15: 0
   16: 0
 procCycles: # Per-process unhalted core cycles
  0: 0
  1: 0
  2: 0
  3: 0
  4: 0
  5: 0
  6: 0
  7: 0
  8: 0
  9: 0
  10: 0
  11: 0
  12: 0
  13: 0
  14: 0
  15: 0
  16: 0
  17: 0
  18: 0
  19: 0
  20: 0
  21: 0
  22: 0
  23: 0
  24: 0
  25: 0
  26: 0
  27: 0
  28: 0
  29: 0
  30: 0
  31: 0
 procInstrs: # Per-process instructions
  0: 0
  1: 0
  2: 0
  3: 0
  4: 0
  5: 0
  6: 0
  7: 0
  8: 0
  9: 0
  10: 0
  11: 0
  12: 0
  13: 0
  14: 0
  15: 0
  16: 0
  17: 0
  18: 0
  19: 0
  20: 0
  21: 0
  22: 0
  23: 0
  24: 0
  25: 0
  26: 0
  27: 0
  28: 0
  29: 0
  30: 0
  31: 0
 heartbeats: # Per-process heartbeats
  0: 0
  1: 0
  2: 0
  3: 0
  4: 0
  5: 0
  6: 0
  7: 0
  8: 0
  9: 0
  10: 0
  11: 0
  12: 0
  13: 0
  14: 0
  15: 0
  16: 0
  17: 0
  18: 0
  19: 0
  20: 0
  21: 0
  22: 0
  23: 0
  24: 0
  25: 0
  26: 0
  27: 0
  28: 0
  29: 0
  30: 0
  31: 0
===
