# zsim stats
===
root: # Stats
 contention: # Contention simulation stats
  domain-0: # Domain stats
   time: 686287810 # Weave simulation time
 time: # Simulator time breakdown
  init: 620668495
  bound: 5601701632
  weave: 615519837
  ff: 1177747282
 trigger: 20000 # Reason for this stats dump
 phase: 1996 # Simulated phases
 l: # Logic unit stats
  l-0: # Logic unit stats
   cycles: 19956325 # Simulated unhalted cycles
   cCycles: 923103 # Cycles due to contention stalls
   ops: 84250 # Simulated operations
   compOps: 384 # Simulated compute operations
 c: # Core stats
  c-0: # Core stats
   cycles: 0 # Simulated cycles
   instrs: 0 # Simulated instructions
 rdbuf: # Cache stats
  rdbuf-0: # Filter cache stats
   fhGETS: 2880 # Filtered GETS hits
   fhGETX: 0 # Filtered GETX hits
   hGETS: 0 # GETS hits
   hGETX: 0 # GETX hits
   mGETS: 145920 # GETS misses
   mGETXIM: 0 # GETX I->M misses
   mGETXSM: 0 # GETX S->M misses (upgrade misses)
   PUTS: 0 # Clean evictions (from lower level)
   PUTX: 0 # Dirty evictions (from lower level)
   INV: 2 # Invalidates (from upper level)
   INVX: 0 # Downgrades (from upper level)
   FWD: 0 # Forwards (from upper level)
   latGETnl: 2145110 # GET request latency on next level
   latGETnet: 0 # GET request latency on network to next level
 wrbuf: # Cache stats
  wrbuf-0: # Filter cache stats
   fhGETS: 0 # Filtered GETS hits
   fhGETX: 3494 # Filtered GETX hits
   hGETS: 0 # GETS hits
   hGETX: 0 # GETX hits
   mGETS: 0 # GETS misses
   mGETXIM: 32448 # GETX I->M misses
   mGETXSM: 0 # GETX S->M misses (upgrade misses)
   PUTS: 0 # Clean evictions (from lower level)
   PUTX: 0 # Dirty evictions (from lower level)
   INV: 2 # Invalidates (from upper level)
   INVX: 0 # Downgrades (from upper level)
   FWD: 0 # Forwards (from upper level)
   latGETnl: 1032880 # GET request latency on next level
   latGETnet: 0 # GET request latency on network to next level
 gbuf: # Cache stats
  gbuf-0b0: # Cache stats
   hGETS: 10136 # GETS hits
   hGETX: 24 # GETX hits
   mGETS: 8104 # GETS misses
   mGETXIM: 4032 # GETX I->M misses
   mGETXSM: 0 # GETX S->M misses (upgrade misses)
   PUTS: 18240 # Clean evictions (from lower level)
   PUTX: 4056 # Dirty evictions (from lower level)
   INV: 0 # Invalidates (from upper level)
   INVX: 0 # Downgrades (from upper level)
   FWD: 0 # Forwards (from upper level)
   latGETnl: 376216 # GET request latency on next level
   latGETnet: 0 # GET request latency on network to next level
  gbuf-0b1: # Cache stats
   hGETS: 10164 # GETS hits
   hGETX: 24 # GETX hits
   mGETS: 8076 # GETS misses
   mGETXIM: 4032 # GETX I->M misses
   mGETXSM: 0 # GETX S->M misses (upgrade misses)
   PUTS: 18240 # Clean evictions (from lower level)
   PUTX: 4056 # Dirty evictions (from lower level)
   INV: 0 # Invalidates (from upper level)
   INVX: 0 # Downgrades (from upper level)
   FWD: 0 # Forwards (from upper level)
   latGETnl: 375348 # GET request latency on next level
   latGETnet: 0 # GET request latency on network to next level
  gbuf-0b2: # Cache stats
   hGETS: 10190 # GETS hits
   hGETX: 24 # GETX hits
   mGETS: 8050 # GETS misses
   mGETXIM: 4032 # GETX I->M misses
   mGETXSM: 0 # GETX S->M misses (upgrade misses)
   PUTS: 18240 # Clean evictions (from lower level)
   PUTX: 4056 # Dirty evictions (from lower level)
   INV: 0 # Invalidates (from upper level)
   INVX: 0 # Downgrades (from upper level)
   FWD: 0 # Forwards (from upper level)
   latGETnl: 374542 # GET request latency on next level
   latGETnet: 0 # GET request latency on network to next level
  gbuf-0b3: # Cache stats
   hGETS: 10228 # GETS hits
   hGETX: 16 # GETX hits
   mGETS: 8012 # GETS misses
   mGETXIM: 4040 # GETX I->M misses
   mGETXSM: 0 # GETX S->M misses (upgrade misses)
   PUTS: 18240 # Clean evictions (from lower level)
   PUTX: 4056 # Dirty evictions (from lower level)
   INV: 0 # Invalidates (from upper level)
   INVX: 0 # Downgrades (from upper level)
   FWD: 0 # Forwards (from upper level)
   latGETnl: 373612 # GET request latency on next level
   latGETnet: 0 # GET request latency on network to next level
  gbuf-0b4: # Cache stats
   hGETS: 10130 # GETS hits
   hGETX: 24 # GETX hits
   mGETS: 8110 # GETS misses
   mGETXIM: 4032 # GETX I->M misses
   mGETXSM: 0 # GETX S->M misses (upgrade misses)
   PUTS: 18240 # Clean evictions (from lower level)
   PUTX: 4056 # Dirty evictions (from lower level)
   INV: 0 # Invalidates (from upper level)
   INVX: 0 # Downgrades (from upper level)
   FWD: 0 # Forwards (from upper level)
   latGETnl: 376402 # GET request latency on next level
   latGETnet: 0 # GET request latency on network to next level
  gbuf-0b5: # Cache stats
   hGETS: 10162 # GETS hits
   hGETX: 24 # GETX hits
   mGETS: 8078 # GETS misses
   mGETXIM: 4032 # GETX I->M misses
   mGETXSM: 0 # GETX S->M misses (upgrade misses)
   PUTS: 18240 # Clean evictions (from lower level)
   PUTX: 4056 # Dirty evictions (from lower level)
   INV: 0 # Invalidates (from upper level)
   INVX: 0 # Downgrades (from upper level)
   FWD: 0 # Forwards (from upper level)
   latGETnl: 375410 # GET request latency on next level
   latGETnet: 0 # GET request latency on network to next level
  gbuf-0b6: # Cache stats
   hGETS: 10188 # GETS hits
   hGETX: 24 # GETX hits
   mGETS: 8052 # GETS misses
   mGETXIM: 4032 # GETX I->M misses
   mGETXSM: 0 # GETX S->M misses (upgrade misses)
   PUTS: 18238 # Clean evictions (from lower level)
   PUTX: 4056 # Dirty evictions (from lower level)
   INV: 0 # Invalidates (from upper level)
   INVX: 0 # Downgrades (from upper level)
   FWD: 0 # Forwards (from upper level)
   latGETnl: 374604 # GET request latency on next level
   latGETnet: 0 # GET request latency on network to next level
  gbuf-0b7: # Cache stats
   hGETS: 10232 # GETS hits
   hGETX: 16 # GETX hits
   mGETS: 8008 # GETS misses
   mGETXIM: 4040 # GETX I->M misses
   mGETXSM: 0 # GETX S->M misses (upgrade misses)
   PUTS: 18239 # Clean evictions (from lower level)
   PUTX: 4054 # Dirty evictions (from lower level)
   INV: 0 # Invalidates (from upper level)
   INVX: 0 # Downgrades (from upper level)
   FWD: 0 # Forwards (from upper level)
   latGETnl: 373488 # GET request latency on next level
   latGETnet: 0 # GET request latency on network to next level
 mem: # Memory controller stats
  mem-0: # Memory channel stats
   rd: 96762 # Read requests
   wr: 32448 # Write requests
   rdlat: 2113349241 # Total latency experienced by read requests
   wrlat: 45329946 # Total latency experienced by write requests
   rdmlh: # Latency histogram for read requests
    0: 0
    1: 0
    2: 0
    3: 0
    4: 0
    5: 592
    6: 789
    7: 1059
    8: 197
    9: 516
    10: 1195
    11: 266
    12: 306
    13: 607
    14: 499
    15: 473
    16: 253
    17: 68
    18: 372
    19: 567
    20: 351
    21: 266
    22: 211
    23: 297
    24: 451
    25: 218
    26: 213
    27: 398
    28: 334
    29: 228
    30: 145
    31: 282
    32: 400
    33: 395
    34: 244
    35: 263
    36: 170
    37: 368
    38: 263
    39: 278
    40: 173
    41: 350
    42: 221
    43: 229
    44: 167
    45: 257
    46: 252
    47: 350
    48: 175
    49: 137
    50: 237
    51: 343
    52: 179
    53: 180
    54: 236
    55: 266
    56: 200
    57: 171
    58: 154
    59: 276
    60: 257
    61: 189
    62: 118
    63: 114
    64: 276
    65: 241
    66: 143
    67: 123
    68: 213
    69: 221
    70: 182
    71: 130
    72: 175
    73: 200
    74: 204
    75: 155
    76: 146
    77: 157
    78: 209
    79: 198
    80: 125
    81: 123
    82: 208
    83: 200
    84: 159
    85: 128
    86: 174
    87: 187
    88: 180
    89: 167
    90: 162
    91: 141
    92: 190
    93: 141
    94: 129
    95: 170
    96: 183
    97: 178
    98: 171
    99: 71908
   wrmlh: # Latency histogram for write requests
    0: 0
    1: 0
    2: 0
    3: 0
    4: 0
    5: 80
    6: 62
    7: 139
    8: 107
    9: 124
    10: 59
    11: 114
    12: 63
    13: 84
    14: 64
    15: 139
    16: 177
    17: 211
    18: 156
    19: 183
    20: 208
    21: 210
    22: 166
    23: 175
    24: 210
    25: 250
    26: 257
    27: 222
    28: 235
    29: 263
    30: 188
    31: 261
    32: 230
    33: 261
    34: 281
    35: 308
    36: 252
    37: 305
    38: 337
    39: 320
    40: 328
    41: 337
    42: 313
    43: 320
    44: 305
    45: 285
    46: 325
    47: 291
    48: 307
    49: 308
    50: 257
    51: 226
    52: 222
    53: 230
    54: 219
    55: 255
    56: 230
    57: 268
    58: 209
    59: 216
    60: 206
    61: 241
    62: 199
    63: 223
    64: 200
    65: 203
    66: 193
    67: 189
    68: 165
    69: 153
    70: 151
    71: 158
    72: 171
    73: 164
    74: 144
    75: 155
    76: 105
    77: 110
    78: 142
    79: 134
    80: 158
    81: 149
    82: 197
    83: 125
    84: 155
    85: 176
    86: 162
    87: 134
    88: 165
    89: 172
    90: 158
    91: 133
    92: 115
    93: 108
    94: 99
    95: 87
    96: 83
    97: 72
    98: 62
    99: 14380
   ACT: 129210 # Activate commands
   PRE: 138670 # Precharge commands
   RD: 96762 # Read commands
   WR: 32448 # Write commands
   REF: 10242 # Refresh commands
   eACTPRE: 39150630 # Activate/precharge energy
   eRDWR: 175245864 # Read/write energy
   eREF: 34075134 # Refresh energy
   eBKGD: 758928671 # Background energy
   eWIRE: 19769130 # Channel wire energy
 sched: # Scheduler stats
  thCr: 0 # Threads created
  thFn: 0 # Threads finished
  schedEvs: 0 # Schedule events
  waitEvs: 0 # Wait events
  handoffEvs: 0 # Handoff events
  sleepEvs: 0 # Sleep events
  idlePhases: 0 # Phases with no thread active
  idlePeriods: 0 # Periods with no thread active
  occHist: # Occupancy histogram
   0: 1996
   1: 0
  rqSzHist: # Run queue size histogram
   0: 1996
   1: 0
   2: 0
   3: 0
   4: 0
   5: 0
   6: 0
   7: 0
   8: 0
   9: 0
   10: 0
   11: 0
   12: 0
   13: 0
   14: 0
   15: 0
   16: 0
 procCycles: # Per-process unhalted core cycles
  0: 0
  1: 0
  2: 0
  3: 0
  4: 0
  5: 0
  6: 0
  7: 0
  8: 0
  9: 0
  10: 0
  11: 0
  12: 0
  13: 0
  14: 0
  15: 0
  16: 0
  17: 0
  18: 0
  19: 0
  20: 0
  21: 0
  22: 0
  23: 0
  24: 0
  25: 0
  26: 0
  27: 0
  28: 0
  29: 0
  30: 0
  31: 0
 procInstrs: # Per-process instructions
  0: 0
  1: 0
  2: 0
  3: 0
  4: 0
  5: 0
  6: 0
  7: 0
  8: 0
  9: 0
  10: 0
  11: 0
  12: 0
  13: 0
  14: 0
  15: 0
  16: 0
  17: 0
  18: 0
  19: 0
  20: 0
  21: 0
  22: 0
  23: 0
  24: 0
  25: 0
  26: 0
  27: 0
  28: 0
  29: 0
  30: 0
  31: 0
 heartbeats: # Per-process heartbeats
  0: 0
  1: 0
  2: 0
  3: 0
  4: 0
  5: 0
  6: 0
  7: 0
  8: 0
  9: 0
  10: 0
  11: 0
  12: 0
  13: 0
  14: 0
  15: 0
  16: 0
  17: 0
  18: 0
  19: 0
  20: 0
  21: 0
  22: 0
  23: 0
  24: 0
  25: 0
  26: 0
  27: 0
  28: 0
  29: 0
  30: 0
  31: 0
===
