# zsim stats
===
root: # Stats
 contention: # Contention simulation stats
  domain-0: # Domain stats
   time: 38311005806 # Weave simulation time
 time: # Simulator time breakdown
  init: 1078187594
  bound: 51293443482
  weave: 38515845021
  ff: 1133361607
 trigger: 20000 # Reason for this stats dump
 phase: 4303 # Simulated phases
 l: # Logic unit stats
  l-0: # Logic unit stats
   cycles: 43025427 # Simulated unhalted cycles
   cCycles: 12526547 # Cycles due to contention stalls
   ops: 277504 # Simulated operations
   compOps: 1024 # Simulated compute operations
 c: # Core stats
  c-0: # Core stats
   cycles: 0 # Simulated cycles
   instrs: 0 # Simulated instructions
 rdbuf: # Cache stats
  rdbuf-0: # Filter cache stats
   fhGETS: 110592 # Filtered GETS hits
   fhGETX: 0 # Filtered GETX hits
   hGETS: 0 # GETS hits
   hGETX: 0 # GETX hits
   mGETS: 823296 # GETS misses
   mGETXIM: 0 # GETX I->M misses
   mGETXSM: 0 # GETX S->M misses (upgrade misses)
   PUTS: 0 # Clean evictions (from lower level)
   PUTX: 0 # Dirty evictions (from lower level)
   INV: 0 # Invalidates (from upper level)
   INVX: 0 # Downgrades (from upper level)
   FWD: 0 # Forwards (from upper level)
   latGETnl: 26345472 # GET request latency on next level
   latGETnet: 0 # GET request latency on network to next level
 wrbuf: # Cache stats
  wrbuf-0: # Filter cache stats
   fhGETS: 0 # Filtered GETS hits
   fhGETX: 36864 # Filtered GETX hits
   hGETS: 0 # GETS hits
   hGETX: 0 # GETX hits
   mGETS: 0 # GETS misses
   mGETXIM: 401408 # GETX I->M misses
   mGETXSM: 0 # GETX S->M misses (upgrade misses)
   PUTS: 0 # Clean evictions (from lower level)
   PUTX: 0 # Dirty evictions (from lower level)
   INV: 3 # Invalidates (from upper level)
   INVX: 0 # Downgrades (from upper level)
   FWD: 0 # Forwards (from upper level)
   latGETnl: 12845056 # GET request latency on next level
   latGETnet: 0 # GET request latency on network to next level
 gbuf: # Cache stats
  gbuf-0b0: # Cache stats
   hGETS: 0 # GETS hits
   hGETX: 0 # GETX hits
   mGETS: 102943 # GETS misses
   mGETXIM: 50176 # GETX I->M misses
   mGETXSM: 0 # GETX S->M misses (upgrade misses)
   PUTS: 102943 # Clean evictions (from lower level)
   PUTX: 50176 # Dirty evictions (from lower level)
   INV: 0 # Invalidates (from upper level)
   INVX: 0 # Downgrades (from upper level)
   FWD: 0 # Forwards (from upper level)
   latGETnl: 4746689 # GET request latency on next level
   latGETnet: 0 # GET request latency on network to next level
  gbuf-0b1: # Cache stats
   hGETS: 0 # GETS hits
   hGETX: 0 # GETX hits
   mGETS: 102901 # GETS misses
   mGETXIM: 50176 # GETX I->M misses
   mGETXSM: 0 # GETX S->M misses (upgrade misses)
   PUTS: 102901 # Clean evictions (from lower level)
   PUTX: 50175 # Dirty evictions (from lower level)
   INV: 0 # Invalidates (from upper level)
   INVX: 0 # Downgrades (from upper level)
   FWD: 0 # Forwards (from upper level)
   latGETnl: 4745387 # GET request latency on next level
   latGETnet: 0 # GET request latency on network to next level
  gbuf-0b2: # Cache stats
   hGETS: 0 # GETS hits
   hGETX: 0 # GETX hits
   mGETS: 102901 # GETS misses
   mGETXIM: 50176 # GETX I->M misses
   mGETXSM: 0 # GETX S->M misses (upgrade misses)
   PUTS: 102901 # Clean evictions (from lower level)
   PUTX: 50176 # Dirty evictions (from lower level)
   INV: 0 # Invalidates (from upper level)
   INVX: 0 # Downgrades (from upper level)
   FWD: 0 # Forwards (from upper level)
   latGETnl: 4745387 # GET request latency on next level
   latGETnet: 0 # GET request latency on network to next level
  gbuf-0b3: # Cache stats
   hGETS: 0 # GETS hits
   hGETX: 0 # GETX hits
   mGETS: 102900 # GETS misses
   mGETXIM: 50176 # GETX I->M misses
   mGETXSM: 0 # GETX S->M misses (upgrade misses)
   PUTS: 102900 # Clean evictions (from lower level)
   PUTX: 50175 # Dirty evictions (from lower level)
   INV: 0 # Invalidates (from upper level)
   INVX: 0 # Downgrades (from upper level)
   FWD: 0 # Forwards (from upper level)
   latGETnl: 4745356 # GET request latency on next level
   latGETnet: 0 # GET request latency on network to next level
  gbuf-0b4: # Cache stats
   hGETS: 0 # GETS hits
   hGETX: 0 # GETX hits
   mGETS: 102944 # GETS misses
   mGETXIM: 50176 # GETX I->M misses
   mGETXSM: 0 # GETX S->M misses (upgrade misses)
   PUTS: 102944 # Clean evictions (from lower level)
   PUTX: 50175 # Dirty evictions (from lower level)
   INV: 0 # Invalidates (from upper level)
   INVX: 0 # Downgrades (from upper level)
   FWD: 0 # Forwards (from upper level)
   latGETnl: 4746720 # GET request latency on next level
   latGETnet: 0 # GET request latency on network to next level
  gbuf-0b5: # Cache stats
   hGETS: 0 # GETS hits
   hGETX: 0 # GETX hits
   mGETS: 102902 # GETS misses
   mGETXIM: 50176 # GETX I->M misses
   mGETXSM: 0 # GETX S->M misses (upgrade misses)
   PUTS: 102902 # Clean evictions (from lower level)
   PUTX: 50176 # Dirty evictions (from lower level)
   INV: 0 # Invalidates (from upper level)
   INVX: 0 # Downgrades (from upper level)
   FWD: 0 # Forwards (from upper level)
   latGETnl: 4745418 # GET request latency on next level
   latGETnet: 0 # GET request latency on network to next level
  gbuf-0b6: # Cache stats
   hGETS: 0 # GETS hits
   hGETX: 0 # GETX hits
   mGETS: 102903 # GETS misses
   mGETXIM: 50176 # GETX I->M misses
   mGETXSM: 0 # GETX S->M misses (upgrade misses)
   PUTS: 102903 # Clean evictions (from lower level)
   PUTX: 50175 # Dirty evictions (from lower level)
   INV: 0 # Invalidates (from upper level)
   INVX: 0 # Downgrades (from upper level)
   FWD: 0 # Forwards (from upper level)
   latGETnl: 4745449 # GET request latency on next level
   latGETnet: 0 # GET request latency on network to next level
  gbuf-0b7: # Cache stats
   hGETS: 0 # GETS hits
   hGETX: 0 # GETX hits
   mGETS: 102902 # GETS misses
   mGETXIM: 50176 # GETX I->M misses
   mGETXSM: 0 # GETX S->M misses (upgrade misses)
   PUTS: 102901 # Clean evictions (from lower level)
   PUTX: 50176 # Dirty evictions (from lower level)
   INV: 0 # Invalidates (from upper level)
   INVX: 0 # Downgrades (from upper level)
   FWD: 0 # Forwards (from upper level)
   latGETnl: 4745418 # GET request latency on next level
   latGETnet: 0 # GET request latency on network to next level
 mem: # Memory controller stats
  mem-0: # Memory channel stats
   rd: 1224704 # Read requests
   wr: 384744 # Write requests
   rdlat: 638317603208 # Total latency experienced by read requests
   wrlat: 9900058706 # Total latency experienced by write requests
   rdmlh: # Latency histogram for read requests
    0: 0
    1: 0
    2: 0
    3: 0
    4: 0
    5: 1061
    6: 287
    7: 421
    8: 319
    9: 357
    10: 9
    11: 16
    12: 192
    13: 294
    14: 289
    15: 410
    16: 187
    17: 53
    18: 18
    19: 326
    20: 221
    21: 500
    22: 213
    23: 162
    24: 27
    25: 151
    26: 281
    27: 458
    28: 321
    29: 202
    30: 126
    31: 182
    32: 275
    33: 524
    34: 368
    35: 507
    36: 441
    37: 272
    38: 407
    39: 864
    40: 925
    41: 660
    42: 542
    43: 520
    44: 364
    45: 368
    46: 378
    47: 486
    48: 325
    49: 337
    50: 94
    51: 104
    52: 232
    53: 435
    54: 300
    55: 342
    56: 342
    57: 375
    58: 263
    59: 200
    60: 55
    61: 301
    62: 272
    63: 572
    64: 601
    65: 1167
    66: 1158
    67: 1247
    68: 1197
    69: 1583
    70: 1775
    71: 2304
    72: 1982
    73: 2292
    74: 2000
    75: 2084
    76: 1742
    77: 1936
    78: 1899
    79: 2131
    80: 1679
    81: 1759
    82: 1302
    83: 1608
    84: 1601
    85: 1764
    86: 1603
    87: 1577
    88: 1409
    89: 1411
    90: 1509
    91: 1956
    92: 1552
    93: 1480
    94: 1330
    95: 1379
    96: 1323
    97: 1683
    98: 1738
    99: 1148410
   wrmlh: # Latency histogram for write requests
    0: 0
    1: 0
    2: 0
    3: 0
    4: 0
    5: 102
    6: 877
    7: 1705
    8: 939
    9: 1463
    10: 1522
    11: 2083
    12: 1259
    13: 464
    14: 333
    15: 1353
    16: 865
    17: 1186
    18: 1302
    19: 2054
    20: 1540
    21: 1701
    22: 752
    23: 629
    24: 706
    25: 1539
    26: 1142
    27: 1901
    28: 1578
    29: 2527
    30: 1274
    31: 1288
    32: 391
    33: 569
    34: 603
    35: 1256
    36: 1343
    37: 1732
    38: 1474
    39: 2072
    40: 1009
    41: 526
    42: 327
    43: 611
    44: 889
    45: 1027
    46: 1218
    47: 1508
    48: 1705
    49: 1056
    50: 298
    51: 378
    52: 396
    53: 470
    54: 1022
    55: 1212
    56: 1328
    57: 1456
    58: 401
    59: 230
    60: 262
    61: 281
    62: 250
    63: 319
    64: 274
    65: 108
    66: 104
    67: 136
    68: 105
    69: 78
    70: 53
    71: 109
    72: 82
    73: 59
    74: 51
    75: 71
    76: 69
    77: 59
    78: 55
    79: 71
    80: 63
    81: 40
    82: 48
    83: 49
    84: 36
    85: 36
    86: 34
    87: 39
    88: 37
    89: 28
    90: 17
    91: 28
    92: 17
    93: 11
    94: 19
    95: 16
    96: 9
    97: 10
    98: 13
    99: 321007
   ACT: 1609448 # Activate commands
   PRE: 1652992 # Precharge commands
   RD: 1224704 # Read commands
   WR: 384744 # Write commands
   REF: 22078 # Refresh commands
   eACTPRE: 487662744 # Activate/precharge energy
   eRDWR: 2182232456 # Read/write energy
   eREF: 73453506 # Refresh energy
   eBKGD: 1657118993 # Background energy
   eWIRE: 246245544 # Channel wire energy
 sched: # Scheduler stats
  thCr: 0 # Threads created
  thFn: 0 # Threads finished
  schedEvs: 0 # Schedule events
  waitEvs: 0 # Wait events
  handoffEvs: 0 # Handoff events
  sleepEvs: 0 # Sleep events
  idlePhases: 0 # Phases with no thread active
  idlePeriods: 0 # Periods with no thread active
  occHist: # Occupancy histogram
   0: 4303
   1: 0
  rqSzHist: # Run queue size histogram
   0: 4303
   1: 0
   2: 0
   3: 0
   4: 0
   5: 0
   6: 0
   7: 0
   8: 0
   9: 0
   10: 0
   11: 0
   12: 0
   13: 0
   14: 0
   15: 0
   16: 0
 procCycles: # Per-process unhalted core cycles
  0: 0
  1: 0
  2: 0
  3: 0
  4: 0
  5: 0
  6: 0
  7: 0
  8: 0
  9: 0
  10: 0
  11: 0
  12: 0
  13: 0
  14: 0
  15: 0
  16: 0
  17: 0
  18: 0
  19: 0
  20: 0
  21: 0
  22: 0
  23: 0
  24: 0
  25: 0
  26: 0
  27: 0
  28: 0
  29: 0
  30: 0
  31: 0
 procInstrs: # Per-process instructions
  0: 0
  1: 0
  2: 0
  3: 0
  4: 0
  5: 0
  6: 0
  7: 0
  8: 0
  9: 0
  10: 0
  11: 0
  12: 0
  13: 0
  14: 0
  15: 0
  16: 0
  17: 0
  18: 0
  19: 0
  20: 0
  21: 0
  22: 0
  23: 0
  24: 0
  25: 0
  26: 0
  27: 0
  28: 0
  29: 0
  30: 0
  31: 0
 heartbeats: # Per-process heartbeats
  0: 0
  1: 0
  2: 0
  3: 0
  4: 0
  5: 0
  6: 0
  7: 0
  8: 0
  9: 0
  10: 0
  11: 0
  12: 0
  13: 0
  14: 0
  15: 0
  16: 0
  17: 0
  18: 0
  19: 0
  20: 0
  21: 0
  22: 0
  23: 0
  24: 0
  25: 0
  26: 0
  27: 0
  28: 0
  29: 0
  30: 0
  31: 0
===
