# zsim stats
===
root: # Stats
 contention: # Contention simulation stats
  domain-0: # Domain stats
   time: 65163438487 # Weave simulation time
 time: # Simulator time breakdown
  init: 685125475
  bound: 184842645095
  weave: 64967086287
  ff: 1172967218
 trigger: 20000 # Reason for this stats dump
 phase: 15814 # Simulated phases
 l: # Logic unit stats
  l-0: # Logic unit stats
   cycles: 158134427 # Simulated unhalted cycles
   cCycles: 12648017 # Cycles due to contention stalls
   ops: 575488 # Simulated operations
   compOps: 2048 # Simulated compute operations
  l-1: # Logic unit stats
   cycles: 158128369 # Simulated unhalted cycles
   cCycles: 12582208 # Cycles due to contention stalls
   ops: 591872 # Simulated operations
   compOps: 2048 # Simulated compute operations
  l-2: # Logic unit stats
   cycles: 158095369 # Simulated unhalted cycles
   cCycles: 12607400 # Cycles due to contention stalls
   ops: 575488 # Simulated operations
   compOps: 2048 # Simulated compute operations
  l-3: # Logic unit stats
   cycles: 158089737 # Simulated unhalted cycles
   cCycles: 12600914 # Cycles due to contention stalls
   ops: 575488 # Simulated operations
   compOps: 2048 # Simulated compute operations
 c: # Core stats
  c-0: # Core stats
   cycles: 0 # Simulated cycles
   instrs: 0 # Simulated instructions
 rdbuf: # Cache stats
  rdbuf-0: # Filter cache stats
   fhGETS: 16384 # Filtered GETS hits
   fhGETX: 0 # Filtered GETX hits
   hGETS: 0 # GETS hits
   hGETX: 0 # GETX hits
   mGETS: 1048576 # GETS misses
   mGETXIM: 0 # GETX I->M misses
   mGETXSM: 0 # GETX S->M misses (upgrade misses)
   PUTS: 0 # Clean evictions (from lower level)
   PUTX: 0 # Dirty evictions (from lower level)
   INV: 3 # Invalidates (from upper level)
   INVX: 6605 # Downgrades (from upper level)
   FWD: 0 # Forwards (from upper level)
   latGETnl: 11306879 # GET request latency on next level
   latGETnet: 0 # GET request latency on network to next level
  rdbuf-1: # Filter cache stats
   fhGETS: 0 # Filtered GETS hits
   fhGETX: 0 # Filtered GETX hits
   hGETS: 0 # GETS hits
   hGETX: 0 # GETX hits
   mGETS: 1064960 # GETS misses
   mGETXIM: 0 # GETX I->M misses
   mGETXSM: 0 # GETX S->M misses (upgrade misses)
   PUTS: 0 # Clean evictions (from lower level)
   PUTX: 0 # Dirty evictions (from lower level)
   INV: 3 # Invalidates (from upper level)
   INVX: 5622 # Downgrades (from upper level)
   FWD: 0 # Forwards (from upper level)
   latGETnl: 12495714 # GET request latency on next level
   latGETnet: 0 # GET request latency on network to next level
  rdbuf-2: # Filter cache stats
   fhGETS: 16384 # Filtered GETS hits
   fhGETX: 0 # Filtered GETX hits
   hGETS: 0 # GETS hits
   hGETX: 0 # GETX hits
   mGETS: 1064960 # GETS misses
   mGETXIM: 0 # GETX I->M misses
   mGETXSM: 0 # GETX S->M misses (upgrade misses)
   PUTS: 0 # Clean evictions (from lower level)
   PUTX: 0 # Dirty evictions (from lower level)
   INV: 3 # Invalidates (from upper level)
   INVX: 6683 # Downgrades (from upper level)
   FWD: 0 # Forwards (from upper level)
   latGETnl: 10382165 # GET request latency on next level
   latGETnet: 0 # GET request latency on network to next level
  rdbuf-3: # Filter cache stats
   fhGETS: 16384 # Filtered GETS hits
   fhGETX: 0 # Filtered GETX hits
   hGETS: 0 # GETS hits
   hGETX: 0 # GETX hits
   mGETS: 999424 # GETS misses
   mGETXIM: 0 # GETX I->M misses
   mGETXSM: 0 # GETX S->M misses (upgrade misses)
   PUTS: 0 # Clean evictions (from lower level)
   PUTX: 0 # Dirty evictions (from lower level)
   INV: 3 # Invalidates (from upper level)
   INVX: 7064 # Downgrades (from upper level)
   FWD: 0 # Forwards (from upper level)
   latGETnl: 12626904 # GET request latency on next level
   latGETnet: 0 # GET request latency on network to next level
 wrbuf: # Cache stats
  wrbuf-0: # Filter cache stats
   fhGETS: 0 # Filtered GETS hits
   fhGETX: 8192 # Filtered GETX hits
   hGETS: 0 # GETS hits
   hGETX: 0 # GETX hits
   mGETS: 0 # GETS misses
   mGETXIM: 106496 # GETX I->M misses
   mGETXSM: 0 # GETX S->M misses (upgrade misses)
   PUTS: 0 # Clean evictions (from lower level)
   PUTX: 0 # Dirty evictions (from lower level)
   INV: 5 # Invalidates (from upper level)
   INVX: 0 # Downgrades (from upper level)
   FWD: 0 # Forwards (from upper level)
   latGETnl: 3282880 # GET request latency on next level
   latGETnet: 0 # GET request latency on network to next level
  wrbuf-1: # Filter cache stats
   fhGETS: 0 # Filtered GETS hits
   fhGETX: 0 # Filtered GETX hits
   hGETS: 0 # GETS hits
   hGETX: 0 # GETX hits
   mGETS: 0 # GETS misses
   mGETXIM: 106496 # GETX I->M misses
   mGETXSM: 0 # GETX S->M misses (upgrade misses)
   PUTS: 0 # Clean evictions (from lower level)
   PUTX: 0 # Dirty evictions (from lower level)
   INV: 4 # Invalidates (from upper level)
   INVX: 0 # Downgrades (from upper level)
   FWD: 0 # Forwards (from upper level)
   latGETnl: 3270697 # GET request latency on next level
   latGETnet: 0 # GET request latency on network to next level
  wrbuf-2: # Filter cache stats
   fhGETS: 0 # Filtered GETS hits
   fhGETX: 8192 # Filtered GETX hits
   hGETS: 0 # GETS hits
   hGETX: 0 # GETX hits
   mGETS: 0 # GETS misses
   mGETXIM: 106496 # GETX I->M misses
   mGETXSM: 0 # GETX S->M misses (upgrade misses)
   PUTS: 0 # Clean evictions (from lower level)
   PUTX: 0 # Dirty evictions (from lower level)
   INV: 114 # Invalidates (from upper level)
   INVX: 0 # Downgrades (from upper level)
   FWD: 0 # Forwards (from upper level)
   latGETnl: 3165979 # GET request latency on next level
   latGETnet: 0 # GET request latency on network to next level
  wrbuf-3: # Filter cache stats
   fhGETS: 0 # Filtered GETS hits
   fhGETX: 8192 # Filtered GETX hits
   hGETS: 0 # GETS hits
   hGETX: 0 # GETX hits
   mGETS: 0 # GETS misses
   mGETXIM: 106496 # GETX I->M misses
   mGETXSM: 0 # GETX S->M misses (upgrade misses)
   PUTS: 0 # Clean evictions (from lower level)
   PUTX: 0 # Dirty evictions (from lower level)
   INV: 145 # Invalidates (from upper level)
   INVX: 0 # Downgrades (from upper level)
   FWD: 0 # Forwards (from upper level)
   latGETnl: 3385025 # GET request latency on next level
   latGETnet: 0 # GET request latency on network to next level
 gbuf: # Cache stats
  gbuf-0b0: # Cache stats
   hGETS: 349849 # GETS hits
   hGETX: 2123 # GETX hits
   mGETS: 172393 # GETS misses
   mGETXIM: 51124 # GETX I->M misses
   mGETXSM: 0 # GETX S->M misses (upgrade misses)
   PUTS: 522241 # Clean evictions (from lower level)
   PUTX: 53215 # Dirty evictions (from lower level)
   INV: 0 # Invalidates (from upper level)
   INVX: 0 # Downgrades (from upper level)
   FWD: 0 # Forwards (from upper level)
   latGETnl: 6929027 # GET request latency on next level
   latGETnet: 0 # GET request latency on network to next level
  gbuf-0b1: # Cache stats
   hGETS: 349819 # GETS hits
   hGETX: 2125 # GETX hits
   mGETS: 172423 # GETS misses
   mGETXIM: 51123 # GETX I->M misses
   mGETXSM: 0 # GETX S->M misses (upgrade misses)
   PUTS: 522239 # Clean evictions (from lower level)
   PUTX: 53211 # Dirty evictions (from lower level)
   INV: 0 # Invalidates (from upper level)
   INVX: 0 # Downgrades (from upper level)
   FWD: 0 # Forwards (from upper level)
   latGETnl: 6929926 # GET request latency on next level
   latGETnet: 0 # GET request latency on network to next level
  gbuf-0b2: # Cache stats
   hGETS: 350256 # GETS hits
   hGETX: 2124 # GETX hits
   mGETS: 171996 # GETS misses
   mGETXIM: 51124 # GETX I->M misses
   mGETXSM: 0 # GETX S->M misses (upgrade misses)
   PUTS: 522245 # Clean evictions (from lower level)
   PUTX: 53212 # Dirty evictions (from lower level)
   INV: 0 # Invalidates (from upper level)
   INVX: 0 # Downgrades (from upper level)
   FWD: 0 # Forwards (from upper level)
   latGETnl: 6916720 # GET request latency on next level
   latGETnet: 0 # GET request latency on network to next level
  gbuf-0b3: # Cache stats
   hGETS: 350405 # GETS hits
   hGETX: 2126 # GETX hits
   mGETS: 171831 # GETS misses
   mGETXIM: 51121 # GETX I->M misses
   mGETXSM: 0 # GETX S->M misses (upgrade misses)
   PUTS: 522236 # Clean evictions (from lower level)
   PUTX: 53211 # Dirty evictions (from lower level)
   INV: 0 # Invalidates (from upper level)
   INVX: 0 # Downgrades (from upper level)
   FWD: 0 # Forwards (from upper level)
   latGETnl: 6911512 # GET request latency on next level
   latGETnet: 0 # GET request latency on network to next level
  gbuf-0b4: # Cache stats
   hGETS: 350488 # GETS hits
   hGETX: 2127 # GETX hits
   mGETS: 171742 # GETS misses
   mGETXIM: 51121 # GETX I->M misses
   mGETXSM: 0 # GETX S->M misses (upgrade misses)
   PUTS: 522229 # Clean evictions (from lower level)
   PUTX: 53213 # Dirty evictions (from lower level)
   INV: 0 # Invalidates (from upper level)
   INVX: 0 # Downgrades (from upper level)
   FWD: 0 # Forwards (from upper level)
   latGETnl: 6908753 # GET request latency on next level
   latGETnet: 0 # GET request latency on network to next level
  gbuf-0b5: # Cache stats
   hGETS: 350529 # GETS hits
   hGETX: 2126 # GETX hits
   mGETS: 171707 # GETS misses
   mGETXIM: 51123 # GETX I->M misses
   mGETXSM: 0 # GETX S->M misses (upgrade misses)
   PUTS: 522234 # Clean evictions (from lower level)
   PUTX: 53215 # Dirty evictions (from lower level)
   INV: 0 # Invalidates (from upper level)
   INVX: 0 # Downgrades (from upper level)
   FWD: 0 # Forwards (from upper level)
   latGETnl: 6907730 # GET request latency on next level
   latGETnet: 0 # GET request latency on network to next level
  gbuf-0b6: # Cache stats
   hGETS: 350619 # GETS hits
   hGETX: 2124 # GETX hits
   mGETS: 171619 # GETS misses
   mGETXIM: 51124 # GETX I->M misses
   mGETXSM: 0 # GETX S->M misses (upgrade misses)
   PUTS: 522236 # Clean evictions (from lower level)
   PUTX: 53220 # Dirty evictions (from lower level)
   INV: 0 # Invalidates (from upper level)
   INVX: 0 # Downgrades (from upper level)
   FWD: 0 # Forwards (from upper level)
   latGETnl: 6905033 # GET request latency on next level
   latGETnet: 0 # GET request latency on network to next level
  gbuf-0b7: # Cache stats
   hGETS: 350673 # GETS hits
   hGETX: 2122 # GETX hits
   mGETS: 171571 # GETS misses
   mGETXIM: 51127 # GETX I->M misses
   mGETXSM: 0 # GETX S->M misses (upgrade misses)
   PUTS: 522244 # Clean evictions (from lower level)
   PUTX: 53219 # Dirty evictions (from lower level)
   INV: 0 # Invalidates (from upper level)
   INVX: 0 # Downgrades (from upper level)
   FWD: 0 # Forwards (from upper level)
   latGETnl: 6903638 # GET request latency on next level
   latGETnet: 0 # GET request latency on network to next level
 mem: # Memory controller stats
  mem-0: # Memory channel stats
   rd: 1784269 # Read requests
   wr: 409600 # Write requests
   rdlat: 181025639909 # Total latency experienced by read requests
   wrlat: 85280907750 # Total latency experienced by write requests
   rdmlh: # Latency histogram for read requests
    0: 0
    1: 0
    2: 0
    3: 0
    4: 0
    5: 9948
    6: 8801
    7: 3691
    8: 332
    9: 244
    10: 5153
    11: 4482
    12: 7788
    13: 2620
    14: 1203
    15: 4925
    16: 3585
    17: 1212
    18: 4246
    19: 4939
    20: 5139
    21: 3549
    22: 670
    23: 594
    24: 2862
    25: 7966
    26: 6394
    27: 850
    28: 527
    29: 950
    30: 5059
    31: 8117
    32: 3018
    33: 1337
    34: 723
    35: 4090
    36: 4135
    37: 2726
    38: 5439
    39: 1664
    40: 4089
    41: 3502
    42: 1574
    43: 2089
    44: 4126
    45: 6592
    46: 3317
    47: 870
    48: 1252
    49: 1500
    50: 7995
    51: 5940
    52: 2065
    53: 1026
    54: 1161
    55: 4907
    56: 4898
    57: 4594
    58: 2723
    59: 1281
    60: 4040
    61: 3779
    62: 2386
    63: 2989
    64: 4778
    65: 4578
    66: 3259
    67: 1801
    68: 1563
    69: 3705
    70: 6507
    71: 4648
    72: 1451
    73: 1225
    74: 1908
    75: 4995
    76: 6344
    77: 3491
    78: 1659
    79: 1644
    80: 4338
    81: 4126
    82: 2875
    83: 4711
    84: 1787
    85: 4056
    86: 3517
    87: 1988
    88: 3152
    89: 3495
    90: 5920
    91: 3233
    92: 1633
    93: 1864
    94: 2175
    95: 5876
    96: 5087
    97: 2824
    98: 1646
    99: 1458737
   wrmlh: # Latency histogram for write requests
    0: 0
    1: 0
    2: 0
    3: 0
    4: 0
    5: 737
    6: 844
    7: 1592
    8: 1050
    9: 1314
    10: 1282
    11: 1653
    12: 1559
    13: 1489
    14: 1065
    15: 1501
    16: 1429
    17: 1622
    18: 1600
    19: 2219
    20: 2532
    21: 2636
    22: 1843
    23: 2215
    24: 1961
    25: 2291
    26: 2319
    27: 2707
    28: 2444
    29: 2523
    30: 2243
    31: 2972
    32: 2202
    33: 2519
    34: 2311
    35: 3038
    36: 2678
    37: 2660
    38: 2545
    39: 3091
    40: 2692
    41: 2548
    42: 2337
    43: 2642
    44: 2254
    45: 2080
    46: 1911
    47: 2344
    48: 2041
    49: 1851
    50: 1706
    51: 1916
    52: 1595
    53: 1488
    54: 1482
    55: 1672
    56: 1434
    57: 1359
    58: 1260
    59: 1468
    60: 1274
    61: 1172
    62: 1083
    63: 1272
    64: 1094
    65: 1084
    66: 989
    67: 1046
    68: 1016
    69: 956
    70: 893
    71: 871
    72: 794
    73: 808
    74: 781
    75: 815
    76: 664
    77: 676
    78: 670
    79: 653
    80: 634
    81: 586
    82: 495
    83: 550
    84: 466
    85: 484
    86: 438
    87: 429
    88: 416
    89: 404
    90: 332
    91: 338
    92: 316
    93: 320
    94: 305
    95: 283
    96: 269
    97: 266
    98: 254
    99: 274638
   ACT: 2193869 # Activate commands
   PRE: 2315560 # Precharge commands
   RD: 1784269 # Read commands
   WR: 409600 # Write commands
   REF: 81140 # Refresh commands
   eACTPRE: 664742307 # Activate/precharge energy
   eRDWR: 2970852212 # Read/write energy
   eREF: 269952780 # Refresh energy
   eBKGD: 6033940295 # Background energy
   eWIRE: 335661957 # Channel wire energy
 sched: # Scheduler stats
  thCr: 0 # Threads created
  thFn: 0 # Threads finished
  schedEvs: 0 # Schedule events
  waitEvs: 0 # Wait events
  handoffEvs: 0 # Handoff events
  sleepEvs: 0 # Sleep events
  idlePhases: 0 # Phases with no thread active
  idlePeriods: 0 # Periods with no thread active
  occHist: # Occupancy histogram
   0: 15814
   1: 0
  rqSzHist: # Run queue size histogram
   0: 15814
   1: 0
   2: 0
   3: 0
   4: 0
   5: 0
   6: 0
   7: 0
   8: 0
   9: 0
   10: 0
   11: 0
   12: 0
   13: 0
   14: 0
   15: 0
   16: 0
 procCycles: # Per-process unhalted core cycles
  0: 0
  1: 0
  2: 0
  3: 0
  4: 0
  5: 0
  6: 0
  7: 0
  8: 0
  9: 0
  10: 0
  11: 0
  12: 0
  13: 0
  14: 0
  15: 0
  16: 0
  17: 0
  18: 0
  19: 0
  20: 0
  21: 0
  22: 0
  23: 0
  24: 0
  25: 0
  26: 0
  27: 0
  28: 0
  29: 0
  30: 0
  31: 0
 procInstrs: # Per-process instructions
  0: 0
  1: 0
  2: 0
  3: 0
  4: 0
  5: 0
  6: 0
  7: 0
  8: 0
  9: 0
  10: 0
  11: 0
  12: 0
  13: 0
  14: 0
  15: 0
  16: 0
  17: 0
  18: 0
  19: 0
  20: 0
  21: 0
  22: 0
  23: 0
  24: 0
  25: 0
  26: 0
  27: 0
  28: 0
  29: 0
  30: 0
  31: 0
 heartbeats: # Per-process heartbeats
  0: 0
  1: 0
  2: 0
  3: 0
  4: 0
  5: 0
  6: 0
  7: 0
  8: 0
  9: 0
  10: 0
  11: 0
  12: 0
  13: 0
  14: 0
  15: 0
  16: 0
  17: 0
  18: 0
  19: 0
  20: 0
  21: 0
  22: 0
  23: 0
  24: 0
  25: 0
  26: 0
  27: 0
  28: 0
  29: 0
  30: 0
  31: 0
===
