# zsim stats
===
root: # Stats
 contention: # Contention simulation stats
  domain-0: # Domain stats
   time: 17656571 # Weave simulation time
 time: # Simulator time breakdown
  init: 617331645
  bound: 4698704146
  weave: 18801476
  ff: 1230083070
 trigger: 20000 # Reason for this stats dump
 phase: 1050 # Simulated phases
 l: # Logic unit stats
  l-0: # Logic unit stats
   cycles: 10491353 # Simulated unhalted cycles
   cCycles: 8574634 # Cycles due to contention stalls
   ops: 308087 # Simulated operations
   compOps: 879 # Simulated compute operations
 c: # Core stats
  c-0: # Core stats
   cycles: 0 # Simulated cycles
   instrs: 0 # Simulated instructions
 rdbuf: # Cache stats
  rdbuf-0: # Filter cache stats
   fhGETS: 0 # Filtered GETS hits
   fhGETX: 0 # Filtered GETX hits
   hGETS: 0 # GETS hits
   hGETX: 0 # GETX hits
   mGETS: 421296 # GETS misses
   mGETXIM: 0 # GETX I->M misses
   mGETXSM: 0 # GETX S->M misses (upgrade misses)
   PUTS: 0 # Clean evictions (from lower level)
   PUTX: 0 # Dirty evictions (from lower level)
   INV: 0 # Invalidates (from upper level)
   INVX: 0 # Downgrades (from upper level)
   FWD: 0 # Forwards (from upper level)
   latGETnl: 4577962 # GET request latency on next level
   latGETnet: 0 # GET request latency on network to next level
 wrbuf: # Cache stats
  wrbuf-0: # Filter cache stats
   fhGETS: 0 # Filtered GETS hits
   fhGETX: 80 # Filtered GETX hits
   hGETS: 0 # GETS hits
   hGETX: 0 # GETX hits
   mGETS: 0 # GETS misses
   mGETXIM: 1040 # GETX I->M misses
   mGETXSM: 0 # GETX S->M misses (upgrade misses)
   PUTS: 0 # Clean evictions (from lower level)
   PUTX: 0 # Dirty evictions (from lower level)
   INV: 3 # Invalidates (from upper level)
   INVX: 0 # Downgrades (from upper level)
   FWD: 0 # Forwards (from upper level)
   latGETnl: 32505 # GET request latency on next level
   latGETnet: 0 # GET request latency on network to next level
 gbuf: # Cache stats
  gbuf-0b0: # Cache stats
   hGETS: 36120 # GETS hits
   hGETX: 10 # GETX hits
   mGETS: 16768 # GETS misses
   mGETXIM: 120 # GETX I->M misses
   mGETXSM: 0 # GETX S->M misses (upgrade misses)
   PUTS: 52888 # Clean evictions (from lower level)
   PUTX: 130 # Dirty evictions (from lower level)
   INV: 0 # Invalidates (from upper level)
   INVX: 0 # Downgrades (from upper level)
   FWD: 0 # Forwards (from upper level)
   latGETnl: 523528 # GET request latency on next level
   latGETnet: 0 # GET request latency on network to next level
  gbuf-0b1: # Cache stats
   hGETS: 36200 # GETS hits
   hGETX: 2 # GETX hits
   mGETS: 16760 # GETS misses
   mGETXIM: 128 # GETX I->M misses
   mGETXSM: 0 # GETX S->M misses (upgrade misses)
   PUTS: 52960 # Clean evictions (from lower level)
   PUTX: 130 # Dirty evictions (from lower level)
   INV: 0 # Invalidates (from upper level)
   INVX: 0 # Downgrades (from upper level)
   FWD: 0 # Forwards (from upper level)
   latGETnl: 523528 # GET request latency on next level
   latGETnet: 0 # GET request latency on network to next level
  gbuf-0b2: # Cache stats
   hGETS: 35641 # GETS hits
   hGETX: 1 # GETX hits
   mGETS: 16759 # GETS misses
   mGETXIM: 129 # GETX I->M misses
   mGETXSM: 0 # GETX S->M misses (upgrade misses)
   PUTS: 52400 # Clean evictions (from lower level)
   PUTX: 130 # Dirty evictions (from lower level)
   INV: 0 # Invalidates (from upper level)
   INVX: 0 # Downgrades (from upper level)
   FWD: 0 # Forwards (from upper level)
   latGETnl: 523528 # GET request latency on next level
   latGETnet: 0 # GET request latency on network to next level
  gbuf-0b3: # Cache stats
   hGETS: 35640 # GETS hits
   hGETX: 5 # GETX hits
   mGETS: 16760 # GETS misses
   mGETXIM: 125 # GETX I->M misses
   mGETXSM: 0 # GETX S->M misses (upgrade misses)
   PUTS: 52400 # Clean evictions (from lower level)
   PUTX: 129 # Dirty evictions (from lower level)
   INV: 0 # Invalidates (from upper level)
   INVX: 0 # Downgrades (from upper level)
   FWD: 0 # Forwards (from upper level)
   latGETnl: 523435 # GET request latency on next level
   latGETnet: 0 # GET request latency on network to next level
  gbuf-0b4: # Cache stats
   hGETS: 36200 # GETS hits
   hGETX: 1 # GETX hits
   mGETS: 16760 # GETS misses
   mGETXIM: 129 # GETX I->M misses
   mGETXSM: 0 # GETX S->M misses (upgrade misses)
   PUTS: 52960 # Clean evictions (from lower level)
   PUTX: 130 # Dirty evictions (from lower level)
   INV: 0 # Invalidates (from upper level)
   INVX: 0 # Downgrades (from upper level)
   FWD: 0 # Forwards (from upper level)
   latGETnl: 523559 # GET request latency on next level
   latGETnet: 0 # GET request latency on network to next level
  gbuf-0b5: # Cache stats
   hGETS: 36129 # GETS hits
   hGETX: 3 # GETX hits
   mGETS: 16759 # GETS misses
   mGETXIM: 127 # GETX I->M misses
   mGETXSM: 0 # GETX S->M misses (upgrade misses)
   PUTS: 52888 # Clean evictions (from lower level)
   PUTX: 130 # Dirty evictions (from lower level)
   INV: 0 # Invalidates (from upper level)
   INVX: 0 # Downgrades (from upper level)
   FWD: 0 # Forwards (from upper level)
   latGETnl: 523466 # GET request latency on next level
   latGETnet: 0 # GET request latency on network to next level
  gbuf-0b6: # Cache stats
   hGETS: 35640 # GETS hits
   hGETX: 0 # GETX hits
   mGETS: 16760 # GETS misses
   mGETXIM: 130 # GETX I->M misses
   mGETXSM: 0 # GETX S->M misses (upgrade misses)
   PUTS: 52400 # Clean evictions (from lower level)
   PUTX: 129 # Dirty evictions (from lower level)
   INV: 0 # Invalidates (from upper level)
   INVX: 0 # Downgrades (from upper level)
   FWD: 0 # Forwards (from upper level)
   latGETnl: 523590 # GET request latency on next level
   latGETnet: 0 # GET request latency on network to next level
  gbuf-0b7: # Cache stats
   hGETS: 35640 # GETS hits
   hGETX: 3 # GETX hits
   mGETS: 16760 # GETS misses
   mGETXIM: 127 # GETX I->M misses
   mGETXSM: 0 # GETX S->M misses (upgrade misses)
   PUTS: 52399 # Clean evictions (from lower level)
   PUTX: 129 # Dirty evictions (from lower level)
   INV: 0 # Invalidates (from upper level)
   INVX: 0 # Downgrades (from upper level)
   FWD: 0 # Forwards (from upper level)
   latGETnl: 523497 # GET request latency on next level
   latGETnet: 0 # GET request latency on network to next level
 mem: # Memory controller stats
  mem-0: # Memory channel stats
   rd: 135101 # Read requests
   wr: 1040 # Write requests
   rdlat: 1504959908 # Total latency experienced by read requests
   wrlat: 19097801 # Total latency experienced by write requests
   rdmlh: # Latency histogram for read requests
    0: 0
    1: 0
    2: 0
    3: 0
    4: 0
    5: 378
    6: 7
    7: 7
    8: 4
    9: 6
    10: 0
    11: 373
    12: 7
    13: 5
    14: 8
    15: 6
    16: 3
    17: 373
    18: 4
    19: 9
    20: 4
    21: 9
    22: 3
    23: 2
    24: 373
    25: 6
    26: 5
    27: 4
    28: 11
    29: 5
    30: 369
    31: 5
    32: 5
    33: 6
    34: 8
    35: 5
    36: 364
    37: 7
    38: 6
    39: 6
    40: 8
    41: 7
    42: 362
    43: 9
    44: 4
    45: 9
    46: 8
    47: 6
    48: 358
    49: 5
    50: 10
    51: 6
    52: 11
    53: 8
    54: 7
    55: 354
    56: 9
    57: 11
    58: 6
    59: 7
    60: 12
    61: 351
    62: 11
    63: 5
    64: 10
    65: 9
    66: 10
    67: 350
    68: 11
    69: 7
    70: 8
    71: 9
    72: 10
    73: 348
    74: 9
    75: 7
    76: 9
    77: 10
    78: 11
    79: 347
    80: 8
    81: 8
    82: 8
    83: 7
    84: 12
    85: 12
    86: 343
    87: 10
    88: 11
    89: 6
    90: 10
    91: 15
    92: 341
    93: 13
    94: 13
    95: 6
    96: 9
    97: 16
    98: 338
    99: 128773
   wrmlh: # Latency histogram for write requests
    0: 0
    1: 0
    2: 0
    3: 0
    4: 0
    5: 1
    6: 3
    7: 1
    8: 2
    9: 11
    10: 3
    11: 2
    12: 1
    13: 4
    14: 1
    15: 1
    16: 4
    17: 5
    18: 4
    19: 2
    20: 5
    21: 1
    22: 0
    23: 1
    24: 2
    25: 5
    26: 4
    27: 2
    28: 1
    29: 0
    30: 0
    31: 0
    32: 4
    33: 4
    34: 1
    35: 1
    36: 1
    37: 0
    38: 0
    39: 1
    40: 3
    41: 5
    42: 0
    43: 0
    44: 0
    45: 0
    46: 0
    47: 2
    48: 4
    49: 2
    50: 1
    51: 0
    52: 0
    53: 0
    54: 1
    55: 4
    56: 2
    57: 1
    58: 0
    59: 0
    60: 0
    61: 0
    62: 0
    63: 0
    64: 0
    65: 1
    66: 0
    67: 0
    68: 0
    69: 0
    70: 1
    71: 0
    72: 2
    73: 1
    74: 2
    75: 0
    76: 8
    77: 10
    78: 1
    79: 2
    80: 0
    81: 3
    82: 0
    83: 4
    84: 6
    85: 5
    86: 4
    87: 1
    88: 2
    89: 1
    90: 2
    91: 2
    92: 4
    93: 5
    94: 4
    95: 1
    96: 2
    97: 2
    98: 0
    99: 861
   ACT: 136141 # Activate commands
   PRE: 151628 # Precharge commands
   RD: 135101 # Read commands
   WR: 1040 # Write commands
   REF: 5388 # Refresh commands
   eACTPRE: 41250723 # Activate/precharge energy
   eRDWR: 183552388 # Read/write energy
   eREF: 17925876 # Refresh energy
   eBKGD: 400242264 # Background energy
   eWIRE: 20829573 # Channel wire energy
 sched: # Scheduler stats
  thCr: 0 # Threads created
  thFn: 0 # Threads finished
  schedEvs: 0 # Schedule events
  waitEvs: 0 # Wait events
  handoffEvs: 0 # Handoff events
  sleepEvs: 0 # Sleep events
  idlePhases: 0 # Phases with no thread active
  idlePeriods: 0 # Periods with no thread active
  occHist: # Occupancy histogram
   0: 1050
   1: 0
  rqSzHist: # Run queue size histogram
   0: 1050
   1: 0
   2: 0
   3: 0
   4: 0
   5: 0
   6: 0
   7: 0
   8: 0
   9: 0
   10: 0
   11: 0
   12: 0
   13: 0
   14: 0
   15: 0
   16: 0
 procCycles: # Per-process unhalted core cycles
  0: 0
  1: 0
  2: 0
  3: 0
  4: 0
  5: 0
  6: 0
  7: 0
  8: 0
  9: 0
  10: 0
  11: 0
  12: 0
  13: 0
  14: 0
  15: 0
  16: 0
  17: 0
  18: 0
  19: 0
  20: 0
  21: 0
  22: 0
  23: 0
  24: 0
  25: 0
  26: 0
  27: 0
  28: 0
  29: 0
  30: 0
  31: 0
 procInstrs: # Per-process instructions
  0: 0
  1: 0
  2: 0
  3: 0
  4: 0
  5: 0
  6: 0
  7: 0
  8: 0
  9: 0
  10: 0
  11: 0
  12: 0
  13: 0
  14: 0
  15: 0
  16: 0
  17: 0
  18: 0
  19: 0
  20: 0
  21: 0
  22: 0
  23: 0
  24: 0
  25: 0
  26: 0
  27: 0
  28: 0
  29: 0
  30: 0
  31: 0
 heartbeats: # Per-process heartbeats
  0: 0
  1: 0
  2: 0
  3: 0
  4: 0
  5: 0
  6: 0
  7: 0
  8: 0
  9: 0
  10: 0
  11: 0
  12: 0
  13: 0
  14: 0
  15: 0
  16: 0
  17: 0
  18: 0
  19: 0
  20: 0
  21: 0
  22: 0
  23: 0
  24: 0
  25: 0
  26: 0
  27: 0
  28: 0
  29: 0
  30: 0
  31: 0
===
