# zsim stats
===
root: # Stats
 contention: # Contention simulation stats
  domain-0: # Domain stats
   time: 12471692176 # Weave simulation time
 time: # Simulator time breakdown
  init: 1993881932
  bound: 31891095431
  weave: 12895426404
  ff: 1135712972
 trigger: 20000 # Reason for this stats dump
 phase: 508 # Simulated phases
 l: # Logic unit stats
  l-0: # Logic unit stats
   cycles: 4984285 # Simulated unhalted cycles
   cCycles: 4824381 # Cycles due to contention stalls
   ops: 32785 # Simulated operations
   compOps: 1 # Simulated compute operations
  l-1: # Logic unit stats
   cycles: 5066487 # Simulated unhalted cycles
   cCycles: 4906583 # Cycles due to contention stalls
   ops: 32785 # Simulated operations
   compOps: 1 # Simulated compute operations
  l-2: # Logic unit stats
   cycles: 4910791 # Simulated unhalted cycles
   cCycles: 4750887 # Cycles due to contention stalls
   ops: 32785 # Simulated operations
   compOps: 1 # Simulated compute operations
  l-3: # Logic unit stats
   cycles: 5077269 # Simulated unhalted cycles
   cCycles: 4917365 # Cycles due to contention stalls
   ops: 32785 # Simulated operations
   compOps: 1 # Simulated compute operations
 c: # Core stats
  c-0: # Core stats
   cycles: 0 # Simulated cycles
   instrs: 0 # Simulated instructions
 rdbuf: # Cache stats
  rdbuf-0: # Filter cache stats
   fhGETS: 0 # Filtered GETS hits
   fhGETX: 0 # Filtered GETX hits
   hGETS: 0 # GETS hits
   hGETX: 0 # GETX hits
   mGETS: 57392 # GETS misses
   mGETXIM: 0 # GETX I->M misses
   mGETXSM: 0 # GETX S->M misses (upgrade misses)
   PUTS: 0 # Clean evictions (from lower level)
   PUTX: 0 # Dirty evictions (from lower level)
   INV: 1 # Invalidates (from upper level)
   INVX: 12 # Downgrades (from upper level)
   FWD: 0 # Forwards (from upper level)
   latGETnl: 1799189 # GET request latency on next level
   latGETnet: 0 # GET request latency on network to next level
  rdbuf-1: # Filter cache stats
   fhGETS: 0 # Filtered GETS hits
   fhGETX: 0 # Filtered GETX hits
   hGETS: 0 # GETS hits
   hGETX: 0 # GETX hits
   mGETS: 73808 # GETS misses
   mGETXIM: 0 # GETX I->M misses
   mGETXSM: 0 # GETX S->M misses (upgrade misses)
   PUTS: 0 # Clean evictions (from lower level)
   PUTX: 0 # Dirty evictions (from lower level)
   INV: 1 # Invalidates (from upper level)
   INVX: 6 # Downgrades (from upper level)
   FWD: 0 # Forwards (from upper level)
   latGETnl: 1887556 # GET request latency on next level
   latGETnet: 0 # GET request latency on network to next level
  rdbuf-2: # Filter cache stats
   fhGETS: 0 # Filtered GETS hits
   fhGETX: 0 # Filtered GETX hits
   hGETS: 0 # GETS hits
   hGETX: 0 # GETX hits
   mGETS: 57392 # GETS misses
   mGETXIM: 0 # GETX I->M misses
   mGETXSM: 0 # GETX S->M misses (upgrade misses)
   PUTS: 0 # Clean evictions (from lower level)
   PUTX: 0 # Dirty evictions (from lower level)
   INV: 1 # Invalidates (from upper level)
   INVX: 14 # Downgrades (from upper level)
   FWD: 0 # Forwards (from upper level)
   latGETnl: 1806970 # GET request latency on next level
   latGETnet: 0 # GET request latency on network to next level
  rdbuf-3: # Filter cache stats
   fhGETS: 0 # Filtered GETS hits
   fhGETX: 0 # Filtered GETX hits
   hGETS: 0 # GETS hits
   hGETX: 0 # GETX hits
   mGETS: 69712 # GETS misses
   mGETXIM: 0 # GETX I->M misses
   mGETXSM: 0 # GETX S->M misses (upgrade misses)
   PUTS: 0 # Clean evictions (from lower level)
   PUTX: 0 # Dirty evictions (from lower level)
   INV: 1 # Invalidates (from upper level)
   INVX: 5 # Downgrades (from upper level)
   FWD: 0 # Forwards (from upper level)
   latGETnl: 1875679 # GET request latency on next level
   latGETnet: 0 # GET request latency on network to next level
 wrbuf: # Cache stats
  wrbuf-0: # Filter cache stats
   fhGETS: 0 # Filtered GETS hits
   fhGETX: 0 # Filtered GETX hits
   hGETS: 0 # GETS hits
   hGETX: 0 # GETX hits
   mGETS: 0 # GETS misses
   mGETXIM: 57344 # GETX I->M misses
   mGETXSM: 0 # GETX S->M misses (upgrade misses)
   PUTS: 0 # Clean evictions (from lower level)
   PUTX: 0 # Dirty evictions (from lower level)
   INV: 54 # Invalidates (from upper level)
   INVX: 0 # Downgrades (from upper level)
   FWD: 0 # Forwards (from upper level)
   latGETnl: 1767087 # GET request latency on next level
   latGETnet: 0 # GET request latency on network to next level
  wrbuf-1: # Filter cache stats
   fhGETS: 0 # Filtered GETS hits
   fhGETX: 0 # Filtered GETX hits
   hGETS: 0 # GETS hits
   hGETX: 0 # GETX hits
   mGETS: 0 # GETS misses
   mGETXIM: 73728 # GETX I->M misses
   mGETXSM: 0 # GETX S->M misses (upgrade misses)
   PUTS: 0 # Clean evictions (from lower level)
   PUTX: 0 # Dirty evictions (from lower level)
   INV: 35 # Invalidates (from upper level)
   INVX: 0 # Downgrades (from upper level)
   FWD: 0 # Forwards (from upper level)
   latGETnl: 1919313 # GET request latency on next level
   latGETnet: 0 # GET request latency on network to next level
  wrbuf-2: # Filter cache stats
   fhGETS: 0 # Filtered GETS hits
   fhGETX: 0 # Filtered GETX hits
   hGETS: 0 # GETS hits
   hGETX: 0 # GETX hits
   mGETS: 0 # GETS misses
   mGETXIM: 57344 # GETX I->M misses
   mGETXSM: 0 # GETX S->M misses (upgrade misses)
   PUTS: 0 # Clean evictions (from lower level)
   PUTX: 0 # Dirty evictions (from lower level)
   INV: 13 # Invalidates (from upper level)
   INVX: 0 # Downgrades (from upper level)
   FWD: 0 # Forwards (from upper level)
   latGETnl: 1816191 # GET request latency on next level
   latGETnet: 0 # GET request latency on network to next level
  wrbuf-3: # Filter cache stats
   fhGETS: 0 # Filtered GETS hits
   fhGETX: 0 # Filtered GETX hits
   hGETS: 0 # GETS hits
   hGETX: 0 # GETX hits
   mGETS: 0 # GETS misses
   mGETXIM: 69632 # GETX I->M misses
   mGETXSM: 0 # GETX S->M misses (upgrade misses)
   PUTS: 0 # Clean evictions (from lower level)
   PUTX: 0 # Dirty evictions (from lower level)
   INV: 7 # Invalidates (from upper level)
   INVX: 0 # Downgrades (from upper level)
   FWD: 0 # Forwards (from upper level)
   latGETnl: 1866113 # GET request latency on next level
   latGETnet: 0 # GET request latency on network to next level
 gbuf: # Cache stats
  gbuf-0b0: # Cache stats
   hGETS: 3624 # GETS hits
   hGETX: 3584 # GETX hits
   mGETS: 28674 # GETS misses
   mGETXIM: 28672 # GETX I->M misses
   mGETXSM: 0 # GETX S->M misses (upgrade misses)
   PUTS: 32298 # Clean evictions (from lower level)
   PUTX: 32243 # Dirty evictions (from lower level)
   INV: 0 # Invalidates (from upper level)
   INVX: 0 # Downgrades (from upper level)
   FWD: 0 # Forwards (from upper level)
   latGETnl: 1777726 # GET request latency on next level
   latGETnet: 0 # GET request latency on network to next level
  gbuf-0b1: # Cache stats
   hGETS: 3620 # GETS hits
   hGETX: 3584 # GETX hits
   mGETS: 28673 # GETS misses
   mGETXIM: 28671 # GETX I->M misses
   mGETXSM: 0 # GETX S->M misses (upgrade misses)
   PUTS: 32292 # Clean evictions (from lower level)
   PUTX: 32243 # Dirty evictions (from lower level)
   INV: 0 # Invalidates (from upper level)
   INVX: 0 # Downgrades (from upper level)
   FWD: 0 # Forwards (from upper level)
   latGETnl: 1777664 # GET request latency on next level
   latGETnet: 0 # GET request latency on network to next level
  gbuf-0b2: # Cache stats
   hGETS: 3623 # GETS hits
   hGETX: 3583 # GETX hits
   mGETS: 28675 # GETS misses
   mGETXIM: 28673 # GETX I->M misses
   mGETXSM: 0 # GETX S->M misses (upgrade misses)
   PUTS: 32298 # Clean evictions (from lower level)
   PUTX: 32239 # Dirty evictions (from lower level)
   INV: 0 # Invalidates (from upper level)
   INVX: 0 # Downgrades (from upper level)
   FWD: 0 # Forwards (from upper level)
   latGETnl: 1777788 # GET request latency on next level
   latGETnet: 0 # GET request latency on network to next level
  gbuf-0b3: # Cache stats
   hGETS: 3621 # GETS hits
   hGETX: 3585 # GETX hits
   mGETS: 28674 # GETS misses
   mGETXIM: 28672 # GETX I->M misses
   mGETXSM: 0 # GETX S->M misses (upgrade misses)
   PUTS: 32294 # Clean evictions (from lower level)
   PUTX: 32247 # Dirty evictions (from lower level)
   INV: 0 # Invalidates (from upper level)
   INVX: 0 # Downgrades (from upper level)
   FWD: 0 # Forwards (from upper level)
   latGETnl: 1777726 # GET request latency on next level
   latGETnet: 0 # GET request latency on network to next level
  gbuf-0b4: # Cache stats
   hGETS: 3609 # GETS hits
   hGETX: 3584 # GETX hits
   mGETS: 28673 # GETS misses
   mGETXIM: 28672 # GETX I->M misses
   mGETXSM: 0 # GETX S->M misses (upgrade misses)
   PUTS: 32282 # Clean evictions (from lower level)
   PUTX: 32244 # Dirty evictions (from lower level)
   INV: 0 # Invalidates (from upper level)
   INVX: 0 # Downgrades (from upper level)
   FWD: 0 # Forwards (from upper level)
   latGETnl: 1777695 # GET request latency on next level
   latGETnet: 0 # GET request latency on network to next level
  gbuf-0b5: # Cache stats
   hGETS: 3603 # GETS hits
   hGETX: 3583 # GETX hits
   mGETS: 28674 # GETS misses
   mGETXIM: 28672 # GETX I->M misses
   mGETXSM: 0 # GETX S->M misses (upgrade misses)
   PUTS: 32276 # Clean evictions (from lower level)
   PUTX: 32237 # Dirty evictions (from lower level)
   INV: 0 # Invalidates (from upper level)
   INVX: 0 # Downgrades (from upper level)
   FWD: 0 # Forwards (from upper level)
   latGETnl: 1777726 # GET request latency on next level
   latGETnet: 0 # GET request latency on network to next level
  gbuf-0b6: # Cache stats
   hGETS: 3610 # GETS hits
   hGETX: 3585 # GETX hits
   mGETS: 28672 # GETS misses
   mGETXIM: 28671 # GETX I->M misses
   mGETXSM: 0 # GETX S->M misses (upgrade misses)
   PUTS: 32282 # Clean evictions (from lower level)
   PUTX: 32246 # Dirty evictions (from lower level)
   INV: 0 # Invalidates (from upper level)
   INVX: 0 # Downgrades (from upper level)
   FWD: 0 # Forwards (from upper level)
   latGETnl: 1777633 # GET request latency on next level
   latGETnet: 0 # GET request latency on network to next level
  gbuf-0b7: # Cache stats
   hGETS: 3604 # GETS hits
   hGETX: 3584 # GETX hits
   mGETS: 28675 # GETS misses
   mGETXIM: 28673 # GETX I->M misses
   mGETXSM: 0 # GETX S->M misses (upgrade misses)
   PUTS: 32278 # Clean evictions (from lower level)
   PUTX: 32238 # Dirty evictions (from lower level)
   INV: 0 # Invalidates (from upper level)
   INVX: 0 # Downgrades (from upper level)
   FWD: 0 # Forwards (from upper level)
   latGETnl: 1777788 # GET request latency on next level
   latGETnet: 0 # GET request latency on network to next level
 mem: # Memory controller stats
  mem-0: # Memory channel stats
   rd: 458766 # Read requests
   wr: 154008 # Write requests
   rdlat: 521638571416 # Total latency experienced by read requests
   wrlat: 278350321150 # Total latency experienced by write requests
   rdmlh: # Latency histogram for read requests
    0: 0
    1: 0
    2: 0
    3: 0
    4: 0
    5: 2
    6: 2
    7: 3
    8: 3
    9: 5
    10: 1
    11: 0
    12: 1
    13: 4
    14: 3
    15: 5
    16: 2
    17: 2
    18: 0
    19: 3
    20: 1
    21: 5
    22: 3
    23: 5
    24: 0
    25: 3
    26: 1
    27: 2
    28: 5
    29: 4
    30: 2
    31: 5
    32: 1
    33: 2
    34: 2
    35: 3
    36: 5
    37: 4
    38: 4
    39: 2
    40: 1
    41: 3
    42: 4
    43: 3
    44: 3
    45: 7
    46: 0
    47: 3
    48: 2
    49: 5
    50: 2
    51: 6
    52: 1
    53: 3
    54: 2
    55: 5
    56: 2
    57: 6
    58: 1
    59: 3
    60: 3
    61: 4
    62: 2
    63: 3
    64: 5
    65: 3
    66: 3
    67: 4
    68: 2
    69: 5
    70: 2
    71: 2
    72: 4
    73: 3
    74: 2
    75: 3
    76: 5
    77: 2
    78: 5
    79: 4
    80: 0
    81: 3
    82: 2
    83: 3
    84: 3
    85: 1
    86: 4
    87: 4
    88: 4
    89: 2
    90: 0
    91: 6
    92: 0
    93: 6
    94: 3
    95: 1
    96: 2
    97: 4
    98: 3
    99: 458492
   wrmlh: # Latency histogram for write requests
    0: 0
    1: 0
    2: 0
    3: 0
    4: 0
    5: 3
    6: 0
    7: 2
    8: 4
    9: 3
    10: 4
    11: 2
    12: 2
    13: 2
    14: 2
    15: 3
    16: 2
    17: 1
    18: 2
    19: 6
    20: 3
    21: 3
    22: 2
    23: 6
    24: 9
    25: 11
    26: 10
    27: 12
    28: 19
    29: 13
    30: 23
    31: 27
    32: 59
    33: 44
    34: 57
    35: 70
    36: 135
    37: 108
    38: 115
    39: 148
    40: 296
    41: 173
    42: 202
    43: 222
    44: 365
    45: 206
    46: 213
    47: 204
    48: 303
    49: 160
    50: 143
    51: 145
    52: 226
    53: 118
    54: 127
    55: 139
    56: 177
    57: 82
    58: 83
    59: 86
    60: 152
    61: 78
    62: 82
    63: 88
    64: 100
    65: 59
    66: 49
    67: 48
    68: 82
    69: 38
    70: 46
    71: 54
    72: 68
    73: 32
    74: 42
    75: 44
    76: 56
    77: 20
    78: 29
    79: 28
    80: 41
    81: 29
    82: 24
    83: 18
    84: 21
    85: 16
    86: 11
    87: 14
    88: 15
    89: 4
    90: 5
    91: 12
    92: 18
    93: 6
    94: 5
    95: 8
    96: 14
    97: 7
    98: 7
    99: 147956
   ACT: 612774 # Activate commands
   PRE: 620475 # Precharge commands
   RD: 458766 # Read commands
   WR: 154008 # Write commands
   REF: 2607 # Refresh commands
   eACTPRE: 185670522 # Activate/precharge energy
   eRDWR: 831101616 # Read/write energy
   eREF: 8673489 # Refresh energy
   eBKGD: 203552197 # Background energy
   eWIRE: 93754422 # Channel wire energy
 sched: # Scheduler stats
  thCr: 0 # Threads created
  thFn: 0 # Threads finished
  schedEvs: 0 # Schedule events
  waitEvs: 0 # Wait events
  handoffEvs: 0 # Handoff events
  sleepEvs: 0 # Sleep events
  idlePhases: 0 # Phases with no thread active
  idlePeriods: 0 # Periods with no thread active
  occHist: # Occupancy histogram
   0: 508
   1: 0
  rqSzHist: # Run queue size histogram
   0: 508
   1: 0
   2: 0
   3: 0
   4: 0
   5: 0
   6: 0
   7: 0
   8: 0
   9: 0
   10: 0
   11: 0
   12: 0
   13: 0
   14: 0
   15: 0
   16: 0
 procCycles: # Per-process unhalted core cycles
  0: 0
  1: 0
  2: 0
  3: 0
  4: 0
  5: 0
  6: 0
  7: 0
  8: 0
  9: 0
  10: 0
  11: 0
  12: 0
  13: 0
  14: 0
  15: 0
  16: 0
  17: 0
  18: 0
  19: 0
  20: 0
  21: 0
  22: 0
  23: 0
  24: 0
  25: 0
  26: 0
  27: 0
  28: 0
  29: 0
  30: 0
  31: 0
 procInstrs: # Per-process instructions
  0: 0
  1: 0
  2: 0
  3: 0
  4: 0
  5: 0
  6: 0
  7: 0
  8: 0
  9: 0
  10: 0
  11: 0
  12: 0
  13: 0
  14: 0
  15: 0
  16: 0
  17: 0
  18: 0
  19: 0
  20: 0
  21: 0
  22: 0
  23: 0
  24: 0
  25: 0
  26: 0
  27: 0
  28: 0
  29: 0
  30: 0
  31: 0
 heartbeats: # Per-process heartbeats
  0: 0
  1: 0
  2: 0
  3: 0
  4: 0
  5: 0
  6: 0
  7: 0
  8: 0
  9: 0
  10: 0
  11: 0
  12: 0
  13: 0
  14: 0
  15: 0
  16: 0
  17: 0
  18: 0
  19: 0
  20: 0
  21: 0
  22: 0
  23: 0
  24: 0
  25: 0
  26: 0
  27: 0
  28: 0
  29: 0
  30: 0
  31: 0
===
