# zsim stats
===
root: # Stats
 contention: # Contention simulation stats
  domain-0: # Domain stats
   time: 1460803187 # Weave simulation time
 time: # Simulator time breakdown
  init: 1253558856
  bound: 1720326197
  weave: 1467475288
  ff: 1190521332
 trigger: 20000 # Reason for this stats dump
 phase: 110 # Simulated phases
 l: # Logic unit stats
  l-0: # Logic unit stats
   cycles: 984851 # Simulated unhalted cycles
   cCycles: 904211 # Cycles due to contention stalls
   ops: 16386 # Simulated operations
   compOps: 2 # Simulated compute operations
  l-1: # Logic unit stats
   cycles: 1090847 # Simulated unhalted cycles
   cCycles: 977451 # Cycles due to contention stalls
   ops: 24578 # Simulated operations
   compOps: 2 # Simulated compute operations
  l-2: # Logic unit stats
   cycles: 1056693 # Simulated unhalted cycles
   cCycles: 976053 # Cycles due to contention stalls
   ops: 16386 # Simulated operations
   compOps: 2 # Simulated compute operations
  l-3: # Logic unit stats
   cycles: 1047285 # Simulated unhalted cycles
   cCycles: 966645 # Cycles due to contention stalls
   ops: 16386 # Simulated operations
   compOps: 2 # Simulated compute operations
 c: # Core stats
  c-0: # Core stats
   cycles: 0 # Simulated cycles
   instrs: 0 # Simulated instructions
 rdbuf: # Cache stats
  rdbuf-0: # Filter cache stats
   fhGETS: 0 # Filtered GETS hits
   fhGETX: 0 # Filtered GETX hits
   hGETS: 0 # GETS hits
   hGETX: 0 # GETX hits
   mGETS: 27648 # GETS misses
   mGETXIM: 0 # GETX I->M misses
   mGETXSM: 0 # GETX S->M misses (upgrade misses)
   PUTS: 0 # Clean evictions (from lower level)
   PUTX: 0 # Dirty evictions (from lower level)
   INV: 0 # Invalidates (from upper level)
   INVX: 3 # Downgrades (from upper level)
   FWD: 0 # Forwards (from upper level)
   latGETnl: 874940 # GET request latency on next level
   latGETnet: 0 # GET request latency on network to next level
  rdbuf-1: # Filter cache stats
   fhGETS: 0 # Filtered GETS hits
   fhGETX: 0 # Filtered GETX hits
   hGETS: 0 # GETS hits
   hGETX: 0 # GETX hits
   mGETS: 48640 # GETS misses
   mGETXIM: 0 # GETX I->M misses
   mGETXSM: 0 # GETX S->M misses (upgrade misses)
   PUTS: 0 # Clean evictions (from lower level)
   PUTX: 0 # Dirty evictions (from lower level)
   INV: 0 # Invalidates (from upper level)
   INVX: 1 # Downgrades (from upper level)
   FWD: 0 # Forwards (from upper level)
   latGETnl: 692324 # GET request latency on next level
   latGETnet: 0 # GET request latency on network to next level
  rdbuf-2: # Filter cache stats
   fhGETS: 0 # Filtered GETS hits
   fhGETX: 0 # Filtered GETX hits
   hGETS: 0 # GETS hits
   hGETX: 0 # GETX hits
   mGETS: 27648 # GETS misses
   mGETXIM: 0 # GETX I->M misses
   mGETXSM: 0 # GETX S->M misses (upgrade misses)
   PUTS: 0 # Clean evictions (from lower level)
   PUTX: 0 # Dirty evictions (from lower level)
   INV: 0 # Invalidates (from upper level)
   INVX: 95 # Downgrades (from upper level)
   FWD: 0 # Forwards (from upper level)
   latGETnl: 830641 # GET request latency on next level
   latGETnet: 0 # GET request latency on network to next level
  rdbuf-3: # Filter cache stats
   fhGETS: 0 # Filtered GETS hits
   fhGETX: 0 # Filtered GETX hits
   hGETS: 0 # GETS hits
   hGETX: 0 # GETX hits
   mGETS: 40960 # GETS misses
   mGETXIM: 0 # GETX I->M misses
   mGETXSM: 0 # GETX S->M misses (upgrade misses)
   PUTS: 0 # Clean evictions (from lower level)
   PUTX: 0 # Dirty evictions (from lower level)
   INV: 0 # Invalidates (from upper level)
   INVX: 38 # Downgrades (from upper level)
   FWD: 0 # Forwards (from upper level)
   latGETnl: 905519 # GET request latency on next level
   latGETnet: 0 # GET request latency on network to next level
 wrbuf: # Cache stats
  wrbuf-0: # Filter cache stats
   fhGETS: 0 # Filtered GETS hits
   fhGETX: 0 # Filtered GETX hits
   hGETS: 0 # GETS hits
   hGETX: 0 # GETX hits
   mGETS: 0 # GETS misses
   mGETXIM: 10240 # GETX I->M misses
   mGETXSM: 0 # GETX S->M misses (upgrade misses)
   PUTS: 0 # Clean evictions (from lower level)
   PUTX: 0 # Dirty evictions (from lower level)
   INV: 2 # Invalidates (from upper level)
   INVX: 0 # Downgrades (from upper level)
   FWD: 0 # Forwards (from upper level)
   latGETnl: 240291 # GET request latency on next level
   latGETnet: 0 # GET request latency on network to next level
  wrbuf-1: # Filter cache stats
   fhGETS: 0 # Filtered GETS hits
   fhGETX: 0 # Filtered GETX hits
   hGETS: 0 # GETS hits
   hGETX: 0 # GETX hits
   mGETS: 0 # GETS misses
   mGETXIM: 14336 # GETX I->M misses
   mGETXSM: 0 # GETX S->M misses (upgrade misses)
   PUTS: 0 # Clean evictions (from lower level)
   PUTX: 0 # Dirty evictions (from lower level)
   INV: 0 # Invalidates (from upper level)
   INVX: 0 # Downgrades (from upper level)
   FWD: 0 # Forwards (from upper level)
   latGETnl: 174668 # GET request latency on next level
   latGETnet: 0 # GET request latency on network to next level
  wrbuf-2: # Filter cache stats
   fhGETS: 0 # Filtered GETS hits
   fhGETX: 0 # Filtered GETX hits
   hGETS: 0 # GETS hits
   hGETX: 0 # GETX hits
   mGETS: 0 # GETS misses
   mGETXIM: 10240 # GETX I->M misses
   mGETXSM: 0 # GETX S->M misses (upgrade misses)
   PUTS: 0 # Clean evictions (from lower level)
   PUTX: 0 # Dirty evictions (from lower level)
   INV: 82 # Invalidates (from upper level)
   INVX: 0 # Downgrades (from upper level)
   FWD: 0 # Forwards (from upper level)
   latGETnl: 179438 # GET request latency on next level
   latGETnet: 0 # GET request latency on network to next level
  wrbuf-3: # Filter cache stats
   fhGETS: 0 # Filtered GETS hits
   fhGETX: 0 # Filtered GETX hits
   hGETS: 0 # GETS hits
   hGETX: 0 # GETX hits
   mGETS: 0 # GETS misses
   mGETXIM: 12288 # GETX I->M misses
   mGETXSM: 0 # GETX S->M misses (upgrade misses)
   PUTS: 0 # Clean evictions (from lower level)
   PUTX: 0 # Dirty evictions (from lower level)
   INV: 55 # Invalidates (from upper level)
   INVX: 0 # Downgrades (from upper level)
   FWD: 0 # Forwards (from upper level)
   latGETnl: 191809 # GET request latency on next level
   latGETnet: 0 # GET request latency on network to next level
 gbuf: # Cache stats
  gbuf-0b0: # Cache stats
   hGETS: 5373 # GETS hits
   hGETX: 2907 # GETX hits
   mGETS: 12733 # GETS misses
   mGETXIM: 2981 # GETX I->M misses
   mGETXSM: 0 # GETX S->M misses (upgrade misses)
   PUTS: 18106 # Clean evictions (from lower level)
   PUTX: 5871 # Dirty evictions (from lower level)
   INV: 0 # Invalidates (from upper level)
   INVX: 0 # Downgrades (from upper level)
   FWD: 0 # Forwards (from upper level)
   latGETnl: 487134 # GET request latency on next level
   latGETnet: 0 # GET request latency on network to next level
  gbuf-0b1: # Cache stats
   hGETS: 5379 # GETS hits
   hGETX: 2907 # GETX hits
   mGETS: 12739 # GETS misses
   mGETXIM: 2981 # GETX I->M misses
   mGETXSM: 0 # GETX S->M misses (upgrade misses)
   PUTS: 18118 # Clean evictions (from lower level)
   PUTX: 5868 # Dirty evictions (from lower level)
   INV: 0 # Invalidates (from upper level)
   INVX: 0 # Downgrades (from upper level)
   FWD: 0 # Forwards (from upper level)
   latGETnl: 487320 # GET request latency on next level
   latGETnet: 0 # GET request latency on network to next level
  gbuf-0b2: # Cache stats
   hGETS: 5374 # GETS hits
   hGETX: 2906 # GETX hits
   mGETS: 12738 # GETS misses
   mGETXIM: 2982 # GETX I->M misses
   mGETXSM: 0 # GETX S->M misses (upgrade misses)
   PUTS: 18111 # Clean evictions (from lower level)
   PUTX: 5875 # Dirty evictions (from lower level)
   INV: 0 # Invalidates (from upper level)
   INVX: 0 # Downgrades (from upper level)
   FWD: 0 # Forwards (from upper level)
   latGETnl: 487320 # GET request latency on next level
   latGETnet: 0 # GET request latency on network to next level
  gbuf-0b3: # Cache stats
   hGETS: 5378 # GETS hits
   hGETX: 2907 # GETX hits
   mGETS: 12734 # GETS misses
   mGETXIM: 2981 # GETX I->M misses
   mGETXSM: 0 # GETX S->M misses (upgrade misses)
   PUTS: 18112 # Clean evictions (from lower level)
   PUTX: 5874 # Dirty evictions (from lower level)
   INV: 0 # Invalidates (from upper level)
   INVX: 0 # Downgrades (from upper level)
   FWD: 0 # Forwards (from upper level)
   latGETnl: 487165 # GET request latency on next level
   latGETnet: 0 # GET request latency on network to next level
  gbuf-0b4: # Cache stats
   hGETS: 5380 # GETS hits
   hGETX: 2910 # GETX hits
   mGETS: 12740 # GETS misses
   mGETXIM: 2978 # GETX I->M misses
   mGETXSM: 0 # GETX S->M misses (upgrade misses)
   PUTS: 18120 # Clean evictions (from lower level)
   PUTX: 5871 # Dirty evictions (from lower level)
   INV: 0 # Invalidates (from upper level)
   INVX: 0 # Downgrades (from upper level)
   FWD: 0 # Forwards (from upper level)
   latGETnl: 487258 # GET request latency on next level
   latGETnet: 0 # GET request latency on network to next level
  gbuf-0b5: # Cache stats
   hGETS: 5372 # GETS hits
   hGETX: 2909 # GETX hits
   mGETS: 12732 # GETS misses
   mGETXIM: 2979 # GETX I->M misses
   mGETXSM: 0 # GETX S->M misses (upgrade misses)
   PUTS: 18103 # Clean evictions (from lower level)
   PUTX: 5870 # Dirty evictions (from lower level)
   INV: 0 # Invalidates (from upper level)
   INVX: 0 # Downgrades (from upper level)
   FWD: 0 # Forwards (from upper level)
   latGETnl: 487041 # GET request latency on next level
   latGETnet: 0 # GET request latency on network to next level
  gbuf-0b6: # Cache stats
   hGETS: 5379 # GETS hits
   hGETX: 2909 # GETX hits
   mGETS: 12733 # GETS misses
   mGETXIM: 2979 # GETX I->M misses
   mGETXSM: 0 # GETX S->M misses (upgrade misses)
   PUTS: 18110 # Clean evictions (from lower level)
   PUTX: 5865 # Dirty evictions (from lower level)
   INV: 0 # Invalidates (from upper level)
   INVX: 0 # Downgrades (from upper level)
   FWD: 0 # Forwards (from upper level)
   latGETnl: 487072 # GET request latency on next level
   latGETnet: 0 # GET request latency on network to next level
  gbuf-0b7: # Cache stats
   hGETS: 5373 # GETS hits
   hGETX: 2907 # GETX hits
   mGETS: 12739 # GETS misses
   mGETXIM: 2981 # GETX I->M misses
   mGETXSM: 0 # GETX S->M misses (upgrade misses)
   PUTS: 18112 # Clean evictions (from lower level)
   PUTX: 5869 # Dirty evictions (from lower level)
   INV: 0 # Invalidates (from upper level)
   INVX: 0 # Downgrades (from upper level)
   FWD: 0 # Forwards (from upper level)
   latGETnl: 487320 # GET request latency on next level
   latGETnet: 0 # GET request latency on network to next level
 mem: # Memory controller stats
  mem-0: # Memory channel stats
   rd: 125730 # Read requests
   wr: 8344 # Write requests
   rdlat: 27851091816 # Total latency experienced by read requests
   wrlat: 793240568 # Total latency experienced by write requests
   rdmlh: # Latency histogram for read requests
    0: 0
    1: 0
    2: 0
    3: 0
    4: 0
    5: 0
    6: 4
    7: 3
    8: 0
    9: 0
    10: 0
    11: 0
    12: 3
    13: 3
    14: 0
    15: 0
    16: 0
    17: 1
    18: 3
    19: 2
    20: 1
    21: 0
    22: 1
    23: 2
    24: 1
    25: 1
    26: 0
    27: 1
    28: 1
    29: 2
    30: 3
    31: 2
    32: 1
    33: 2
    34: 2
    35: 2
    36: 1
    37: 2
    38: 0
    39: 2
    40: 2
    41: 1
    42: 3
    43: 2
    44: 3
    45: 2
    46: 1
    47: 0
    48: 4
    49: 1
    50: 2
    51: 3
    52: 2
    53: 0
    54: 2
    55: 1
    56: 3
    57: 4
    58: 1
    59: 0
    60: 3
    61: 1
    62: 1
    63: 3
    64: 1
    65: 0
    66: 2
    67: 1
    68: 2
    69: 2
    70: 2
    71: 0
    72: 3
    73: 1
    74: 1
    75: 3
    76: 1
    77: 1
    78: 1
    79: 1
    80: 0
    81: 5
    82: 0
    83: 0
    84: 2
    85: 2
    86: 1
    87: 0
    88: 3
    89: 0
    90: 2
    91: 2
    92: 2
    93: 0
    94: 4
    95: 0
    96: 1
    97: 0
    98: 2
    99: 125591
   wrmlh: # Latency histogram for write requests
    0: 0
    1: 0
    2: 0
    3: 0
    4: 0
    5: 2
    6: 4
    7: 3
    8: 4
    9: 8
    10: 7
    11: 8
    12: 7
    13: 10
    14: 6
    15: 10
    16: 9
    17: 10
    18: 13
    19: 10
    20: 22
    21: 23
    22: 20
    23: 22
    24: 23
    25: 26
    26: 34
    27: 16
    28: 43
    29: 30
    30: 28
    31: 39
    32: 47
    33: 43
    34: 60
    35: 59
    36: 64
    37: 76
    38: 93
    39: 95
    40: 98
    41: 125
    42: 119
    43: 160
    44: 175
    45: 172
    46: 203
    47: 311
    48: 289
    49: 317
    50: 160
    51: 194
    52: 139
    53: 87
    54: 107
    55: 169
    56: 114
    57: 74
    58: 74
    59: 80
    60: 42
    61: 63
    62: 52
    63: 44
    64: 53
    65: 31
    66: 52
    67: 37
    68: 27
    69: 16
    70: 20
    71: 24
    72: 16
    73: 17
    74: 19
    75: 19
    76: 16
    77: 12
    78: 13
    79: 12
    80: 13
    81: 8
    82: 7
    83: 12
    84: 15
    85: 6
    86: 7
    87: 6
    88: 8
    89: 6
    90: 12
    91: 8
    92: 8
    93: 6
    94: 4
    95: 2
    96: 6
    97: 2
    98: 4
    99: 3478
   ACT: 134074 # Activate commands
   PRE: 135758 # Precharge commands
   RD: 125730 # Read commands
   WR: 8344 # Write commands
   REF: 565 # Refresh commands
   eACTPRE: 40624422 # Activate/precharge energy
   eRDWR: 181007104 # Read/write energy
   eREF: 1879755 # Refresh energy
   eBKGD: 44079825 # Background energy
   eWIRE: 20513322 # Channel wire energy
 sched: # Scheduler stats
  thCr: 0 # Threads created
  thFn: 0 # Threads finished
  schedEvs: 0 # Schedule events
  waitEvs: 0 # Wait events
  handoffEvs: 0 # Handoff events
  sleepEvs: 0 # Sleep events
  idlePhases: 0 # Phases with no thread active
  idlePeriods: 0 # Periods with no thread active
  occHist: # Occupancy histogram
   0: 110
   1: 0
  rqSzHist: # Run queue size histogram
   0: 110
   1: 0
   2: 0
   3: 0
   4: 0
   5: 0
   6: 0
   7: 0
   8: 0
   9: 0
   10: 0
   11: 0
   12: 0
   13: 0
   14: 0
   15: 0
   16: 0
 procCycles: # Per-process unhalted core cycles
  0: 0
  1: 0
  2: 0
  3: 0
  4: 0
  5: 0
  6: 0
  7: 0
  8: 0
  9: 0
  10: 0
  11: 0
  12: 0
  13: 0
  14: 0
  15: 0
  16: 0
  17: 0
  18: 0
  19: 0
  20: 0
  21: 0
  22: 0
  23: 0
  24: 0
  25: 0
  26: 0
  27: 0
  28: 0
  29: 0
  30: 0
  31: 0
 procInstrs: # Per-process instructions
  0: 0
  1: 0
  2: 0
  3: 0
  4: 0
  5: 0
  6: 0
  7: 0
  8: 0
  9: 0
  10: 0
  11: 0
  12: 0
  13: 0
  14: 0
  15: 0
  16: 0
  17: 0
  18: 0
  19: 0
  20: 0
  21: 0
  22: 0
  23: 0
  24: 0
  25: 0
  26: 0
  27: 0
  28: 0
  29: 0
  30: 0
  31: 0
 heartbeats: # Per-process heartbeats
  0: 0
  1: 0
  2: 0
  3: 0
  4: 0
  5: 0
  6: 0
  7: 0
  8: 0
  9: 0
  10: 0
  11: 0
  12: 0
  13: 0
  14: 0
  15: 0
  16: 0
  17: 0
  18: 0
  19: 0
  20: 0
  21: 0
  22: 0
  23: 0
  24: 0
  25: 0
  26: 0
  27: 0
  28: 0
  29: 0
  30: 0
  31: 0
===
