# zsim stats
===
root: # Stats
 contention: # Contention simulation stats
  domain-0: # Domain stats
   time: 105443138275 # Weave simulation time
 time: # Simulator time breakdown
  init: 688716707
  bound: 347832141875
  weave: 118626353194
  ff: 1134006413
 trigger: 20000 # Reason for this stats dump
 phase: 15875 # Simulated phases
 l: # Logic unit stats
  l-0: # Logic unit stats
   cycles: 158746161 # Simulated unhalted cycles
   cCycles: 14359876 # Cycles due to contention stalls
   ops: 308224 # Simulated operations
   compOps: 1024 # Simulated compute operations
  l-1: # Logic unit stats
   cycles: 158741963 # Simulated unhalted cycles
   cCycles: 14352870 # Cycles due to contention stalls
   ops: 308224 # Simulated operations
   compOps: 1024 # Simulated compute operations
  l-2: # Logic unit stats
   cycles: 158737969 # Simulated unhalted cycles
   cCycles: 14346932 # Cycles due to contention stalls
   ops: 308224 # Simulated operations
   compOps: 1024 # Simulated compute operations
  l-3: # Logic unit stats
   cycles: 158748163 # Simulated unhalted cycles
   cCycles: 14377233 # Cycles due to contention stalls
   ops: 304128 # Simulated operations
   compOps: 1024 # Simulated compute operations
 c: # Core stats
  c-0: # Core stats
   cycles: 0 # Simulated cycles
   instrs: 0 # Simulated instructions
 rdbuf: # Cache stats
  rdbuf-0: # Filter cache stats
   fhGETS: 12287 # Filtered GETS hits
   fhGETX: 0 # Filtered GETX hits
   hGETS: 1 # GETS hits
   hGETX: 0 # GETX hits
   mGETS: 622592 # GETS misses
   mGETXIM: 0 # GETX I->M misses
   mGETXSM: 0 # GETX S->M misses (upgrade misses)
   PUTS: 0 # Clean evictions (from lower level)
   PUTX: 0 # Dirty evictions (from lower level)
   INV: 4 # Invalidates (from upper level)
   INVX: 1004 # Downgrades (from upper level)
   FWD: 0 # Forwards (from upper level)
   latGETnl: 8690745 # GET request latency on next level
   latGETnet: 0 # GET request latency on network to next level
  rdbuf-1: # Filter cache stats
   fhGETS: 8192 # Filtered GETS hits
   fhGETX: 0 # Filtered GETX hits
   hGETS: 0 # GETS hits
   hGETX: 0 # GETX hits
   mGETS: 622592 # GETS misses
   mGETXIM: 0 # GETX I->M misses
   mGETXSM: 0 # GETX S->M misses (upgrade misses)
   PUTS: 0 # Clean evictions (from lower level)
   PUTX: 0 # Dirty evictions (from lower level)
   INV: 4 # Invalidates (from upper level)
   INVX: 1202 # Downgrades (from upper level)
   FWD: 0 # Forwards (from upper level)
   latGETnl: 9623473 # GET request latency on next level
   latGETnet: 0 # GET request latency on network to next level
  rdbuf-2: # Filter cache stats
   fhGETS: 12287 # Filtered GETS hits
   fhGETX: 0 # Filtered GETX hits
   hGETS: 1 # GETS hits
   hGETX: 0 # GETX hits
   mGETS: 622592 # GETS misses
   mGETXIM: 0 # GETX I->M misses
   mGETXSM: 0 # GETX S->M misses (upgrade misses)
   PUTS: 0 # Clean evictions (from lower level)
   PUTX: 0 # Dirty evictions (from lower level)
   INV: 8 # Invalidates (from upper level)
   INVX: 1017 # Downgrades (from upper level)
   FWD: 0 # Forwards (from upper level)
   latGETnl: 11380398 # GET request latency on next level
   latGETnet: 0 # GET request latency on network to next level
  rdbuf-3: # Filter cache stats
   fhGETS: 8192 # Filtered GETS hits
   fhGETX: 0 # Filtered GETX hits
   hGETS: 0 # GETS hits
   hGETX: 0 # GETX hits
   mGETS: 593920 # GETS misses
   mGETXIM: 0 # GETX I->M misses
   mGETXSM: 0 # GETX S->M misses (upgrade misses)
   PUTS: 0 # Clean evictions (from lower level)
   PUTX: 0 # Dirty evictions (from lower level)
   INV: 4 # Invalidates (from upper level)
   INVX: 136 # Downgrades (from upper level)
   FWD: 0 # Forwards (from upper level)
   latGETnl: 6035226 # GET request latency on next level
   latGETnet: 0 # GET request latency on network to next level
 wrbuf: # Cache stats
  wrbuf-0: # Filter cache stats
   fhGETS: 0 # Filtered GETS hits
   fhGETX: 8192 # Filtered GETX hits
   hGETS: 0 # GETS hits
   hGETX: 0 # GETX hits
   mGETS: 0 # GETS misses
   mGETXIM: 200704 # GETX I->M misses
   mGETXSM: 0 # GETX S->M misses (upgrade misses)
   PUTS: 0 # Clean evictions (from lower level)
   PUTX: 0 # Dirty evictions (from lower level)
   INV: 4 # Invalidates (from upper level)
   INVX: 0 # Downgrades (from upper level)
   FWD: 0 # Forwards (from upper level)
   latGETnl: 6410376 # GET request latency on next level
   latGETnet: 0 # GET request latency on network to next level
  wrbuf-1: # Filter cache stats
   fhGETS: 0 # Filtered GETS hits
   fhGETX: 8192 # Filtered GETX hits
   hGETS: 0 # GETS hits
   hGETX: 0 # GETX hits
   mGETS: 0 # GETS misses
   mGETXIM: 200704 # GETX I->M misses
   mGETXSM: 0 # GETX S->M misses (upgrade misses)
   PUTS: 0 # Clean evictions (from lower level)
   PUTX: 0 # Dirty evictions (from lower level)
   INV: 4 # Invalidates (from upper level)
   INVX: 0 # Downgrades (from upper level)
   FWD: 0 # Forwards (from upper level)
   latGETnl: 6410376 # GET request latency on next level
   latGETnet: 0 # GET request latency on network to next level
  wrbuf-2: # Filter cache stats
   fhGETS: 0 # Filtered GETS hits
   fhGETX: 8192 # Filtered GETX hits
   hGETS: 0 # GETS hits
   hGETX: 0 # GETX hits
   mGETS: 0 # GETS misses
   mGETXIM: 200704 # GETX I->M misses
   mGETXSM: 0 # GETX S->M misses (upgrade misses)
   PUTS: 0 # Clean evictions (from lower level)
   PUTX: 0 # Dirty evictions (from lower level)
   INV: 4 # Invalidates (from upper level)
   INVX: 0 # Downgrades (from upper level)
   FWD: 0 # Forwards (from upper level)
   latGETnl: 6405819 # GET request latency on next level
   latGETnet: 0 # GET request latency on network to next level
  wrbuf-3: # Filter cache stats
   fhGETS: 0 # Filtered GETS hits
   fhGETX: 8192 # Filtered GETX hits
   hGETS: 0 # GETS hits
   hGETX: 0 # GETX hits
   mGETS: 0 # GETS misses
   mGETXIM: 200704 # GETX I->M misses
   mGETXSM: 0 # GETX S->M misses (upgrade misses)
   PUTS: 0 # Clean evictions (from lower level)
   PUTX: 0 # Dirty evictions (from lower level)
   INV: 4 # Invalidates (from upper level)
   INVX: 0 # Downgrades (from upper level)
   FWD: 0 # Forwards (from upper level)
   latGETnl: 6414065 # GET request latency on next level
   latGETnet: 0 # GET request latency on network to next level
 gbuf: # Cache stats
  gbuf-0b0: # Cache stats
   hGETS: 171574 # GETS hits
   hGETX: 202 # GETX hits
   mGETS: 136126 # GETS misses
   mGETXIM: 100150 # GETX I->M misses
   mGETXSM: 0 # GETX S->M misses (upgrade misses)
   PUTS: 307696 # Clean evictions (from lower level)
   PUTX: 100350 # Dirty evictions (from lower level)
   INV: 0 # Invalidates (from upper level)
   INVX: 0 # Downgrades (from upper level)
   FWD: 0 # Forwards (from upper level)
   latGETnl: 7324556 # GET request latency on next level
   latGETnet: 0 # GET request latency on network to next level
  gbuf-0b1: # Cache stats
   hGETS: 173735 # GETS hits
   hGETX: 202 # GETX hits
   mGETS: 133967 # GETS misses
   mGETXIM: 100150 # GETX I->M misses
   mGETXSM: 0 # GETX S->M misses (upgrade misses)
   PUTS: 307699 # Clean evictions (from lower level)
   PUTX: 100350 # Dirty evictions (from lower level)
   INV: 0 # Invalidates (from upper level)
   INVX: 0 # Downgrades (from upper level)
   FWD: 0 # Forwards (from upper level)
   latGETnl: 7257627 # GET request latency on next level
   latGETnet: 0 # GET request latency on network to next level
  gbuf-0b2: # Cache stats
   hGETS: 173778 # GETS hits
   hGETX: 201 # GETX hits
   mGETS: 133924 # GETS misses
   mGETXIM: 100151 # GETX I->M misses
   mGETXSM: 0 # GETX S->M misses (upgrade misses)
   PUTS: 307699 # Clean evictions (from lower level)
   PUTX: 100350 # Dirty evictions (from lower level)
   INV: 0 # Invalidates (from upper level)
   INVX: 0 # Downgrades (from upper level)
   FWD: 0 # Forwards (from upper level)
   latGETnl: 7256325 # GET request latency on next level
   latGETnet: 0 # GET request latency on network to next level
  gbuf-0b3: # Cache stats
   hGETS: 173865 # GETS hits
   hGETX: 201 # GETX hits
   mGETS: 133879 # GETS misses
   mGETXIM: 100151 # GETX I->M misses
   mGETXSM: 0 # GETX S->M misses (upgrade misses)
   PUTS: 307740 # Clean evictions (from lower level)
   PUTX: 100350 # Dirty evictions (from lower level)
   INV: 0 # Invalidates (from upper level)
   INVX: 0 # Downgrades (from upper level)
   FWD: 0 # Forwards (from upper level)
   latGETnl: 7254930 # GET request latency on next level
   latGETnet: 0 # GET request latency on network to next level
  gbuf-0b4: # Cache stats
   hGETS: 173832 # GETS hits
   hGETX: 197 # GETX hits
   mGETS: 133869 # GETS misses
   mGETXIM: 100155 # GETX I->M misses
   mGETXSM: 0 # GETX S->M misses (upgrade misses)
   PUTS: 307699 # Clean evictions (from lower level)
   PUTX: 100350 # Dirty evictions (from lower level)
   INV: 0 # Invalidates (from upper level)
   INVX: 0 # Downgrades (from upper level)
   FWD: 0 # Forwards (from upper level)
   latGETnl: 7254744 # GET request latency on next level
   latGETnet: 0 # GET request latency on network to next level
  gbuf-0b5: # Cache stats
   hGETS: 173878 # GETS hits
   hGETX: 197 # GETX hits
   mGETS: 133824 # GETS misses
   mGETXIM: 100155 # GETX I->M misses
   mGETXSM: 0 # GETX S->M misses (upgrade misses)
   PUTS: 307699 # Clean evictions (from lower level)
   PUTX: 100350 # Dirty evictions (from lower level)
   INV: 0 # Invalidates (from upper level)
   INVX: 0 # Downgrades (from upper level)
   FWD: 0 # Forwards (from upper level)
   latGETnl: 7253349 # GET request latency on next level
   latGETnet: 0 # GET request latency on network to next level
  gbuf-0b6: # Cache stats
   hGETS: 173906 # GETS hits
   hGETX: 198 # GETX hits
   mGETS: 133796 # GETS misses
   mGETXIM: 100154 # GETX I->M misses
   mGETXSM: 0 # GETX S->M misses (upgrade misses)
   PUTS: 307700 # Clean evictions (from lower level)
   PUTX: 100350 # Dirty evictions (from lower level)
   INV: 0 # Invalidates (from upper level)
   INVX: 0 # Downgrades (from upper level)
   FWD: 0 # Forwards (from upper level)
   latGETnl: 7252450 # GET request latency on next level
   latGETnet: 0 # GET request latency on network to next level
  gbuf-0b7: # Cache stats
   hGETS: 173962 # GETS hits
   hGETX: 198 # GETX hits
   mGETS: 133781 # GETS misses
   mGETXIM: 100154 # GETX I->M misses
   mGETXSM: 0 # GETX S->M misses (upgrade misses)
   PUTS: 307740 # Clean evictions (from lower level)
   PUTX: 100350 # Dirty evictions (from lower level)
   INV: 0 # Invalidates (from upper level)
   INVX: 0 # Downgrades (from upper level)
   FWD: 0 # Forwards (from upper level)
   latGETnl: 7251985 # GET request latency on next level
   latGETnet: 0 # GET request latency on network to next level
 mem: # Memory controller stats
  mem-0: # Memory channel stats
   rd: 1874386 # Read requests
   wr: 802816 # Write requests
   rdlat: 958236729320 # Total latency experienced by read requests
   wrlat: 844526965372 # Total latency experienced by write requests
   rdmlh: # Latency histogram for read requests
    0: 0
    1: 0
    2: 0
    3: 0
    4: 0
    5: 3936
    6: 4093
    7: 5607
    8: 3837
    9: 3640
    10: 2772
    11: 1796
    12: 4465
    13: 3712
    14: 4130
    15: 3260
    16: 3034
    17: 1768
    18: 2295
    19: 4398
    20: 3689
    21: 4249
    22: 2587
    23: 2141
    24: 2407
    25: 2692
    26: 4316
    27: 4309
    28: 3056
    29: 2524
    30: 2237
    31: 2545
    32: 3653
    33: 4888
    34: 3259
    35: 2390
    36: 2792
    37: 1712
    38: 3975
    39: 4036
    40: 4350
    41: 3319
    42: 2582
    43: 2184
    44: 2616
    45: 4019
    46: 3956
    47: 4166
    48: 2390
    49: 2665
    50: 2928
    51: 3255
    52: 4650
    53: 5098
    54: 3565
    55: 3442
    56: 3891
    57: 4702
    58: 4433
    59: 3791
    60: 3178
    61: 2829
    62: 3536
    63: 3983
    64: 5092
    65: 4152
    66: 3450
    67: 3207
    68: 2812
    69: 4055
    70: 4830
    71: 4717
    72: 3791
    73: 3152
    74: 2862
    75: 3681
    76: 4523
    77: 5101
    78: 4344
    79: 3418
    80: 3063
    81: 3178
    82: 3831
    83: 5119
    84: 4839
    85: 3754
    86: 3200
    87: 3107
    88: 3483
    89: 4707
    90: 4957
    91: 4501
    92: 3401
    93: 3302
    94: 2953
    95: 4242
    96: 4771
    97: 4895
    98: 3756
    99: 1534412
   wrmlh: # Latency histogram for write requests
    0: 0
    1: 0
    2: 0
    3: 0
    4: 0
    5: 391
    6: 864
    7: 1519
    8: 1015
    9: 1242
    10: 906
    11: 1094
    12: 981
    13: 1282
    14: 824
    15: 1123
    16: 1130
    17: 1481
    18: 1235
    19: 1809
    20: 1667
    21: 1875
    22: 1379
    23: 1597
    24: 1194
    25: 1762
    26: 1545
    27: 2093
    28: 1837
    29: 2139
    30: 1704
    31: 2168
    32: 1760
    33: 1818
    34: 1852
    35: 2415
    36: 2239
    37: 2344
    38: 2055
    39: 2491
    40: 2357
    41: 2160
    42: 1871
    43: 2446
    44: 2224
    45: 1837
    46: 1696
    47: 1725
    48: 1381
    49: 1271
    50: 1106
    51: 1248
    52: 1179
    53: 1018
    54: 922
    55: 1077
    56: 903
    57: 773
    58: 715
    59: 818
    60: 827
    61: 681
    62: 627
    63: 680
    64: 651
    65: 504
    66: 480
    67: 527
    68: 519
    69: 499
    70: 483
    71: 499
    72: 401
    73: 340
    74: 334
    75: 354
    76: 368
    77: 296
    78: 337
    79: 372
    80: 313
    81: 237
    82: 258
    83: 245
    84: 264
    85: 226
    86: 216
    87: 247
    88: 219
    89: 201
    90: 169
    91: 155
    92: 142
    93: 148
    94: 140
    95: 142
    96: 177
    97: 216
    98: 244
    99: 705521
   ACT: 2677202 # Activate commands
   PRE: 2745042 # Precharge commands
   RD: 1874386 # Read commands
   WR: 802816 # Write commands
   REF: 81453 # Refresh commands
   eACTPRE: 811192206 # Activate/precharge energy
   eRDWR: 3635361224 # Read/write energy
   eREF: 270994131 # Refresh energy
   eBKGD: 6061456328 # Background energy
   eWIRE: 409611906 # Channel wire energy
 sched: # Scheduler stats
  thCr: 0 # Threads created
  thFn: 0 # Threads finished
  schedEvs: 0 # Schedule events
  waitEvs: 0 # Wait events
  handoffEvs: 0 # Handoff events
  sleepEvs: 0 # Sleep events
  idlePhases: 0 # Phases with no thread active
  idlePeriods: 0 # Periods with no thread active
  occHist: # Occupancy histogram
   0: 15875
   1: 0
  rqSzHist: # Run queue size histogram
   0: 15875
   1: 0
   2: 0
   3: 0
   4: 0
   5: 0
   6: 0
   7: 0
   8: 0
   9: 0
   10: 0
   11: 0
   12: 0
   13: 0
   14: 0
   15: 0
   16: 0
 procCycles: # Per-process unhalted core cycles
  0: 0
  1: 0
  2: 0
  3: 0
  4: 0
  5: 0
  6: 0
  7: 0
  8: 0
  9: 0
  10: 0
  11: 0
  12: 0
  13: 0
  14: 0
  15: 0
  16: 0
  17: 0
  18: 0
  19: 0
  20: 0
  21: 0
  22: 0
  23: 0
  24: 0
  25: 0
  26: 0
  27: 0
  28: 0
  29: 0
  30: 0
  31: 0
 procInstrs: # Per-process instructions
  0: 0
  1: 0
  2: 0
  3: 0
  4: 0
  5: 0
  6: 0
  7: 0
  8: 0
  9: 0
  10: 0
  11: 0
  12: 0
  13: 0
  14: 0
  15: 0
  16: 0
  17: 0
  18: 0
  19: 0
  20: 0
  21: 0
  22: 0
  23: 0
  24: 0
  25: 0
  26: 0
  27: 0
  28: 0
  29: 0
  30: 0
  31: 0
 heartbeats: # Per-process heartbeats
  0: 0
  1: 0
  2: 0
  3: 0
  4: 0
  5: 0
  6: 0
  7: 0
  8: 0
  9: 0
  10: 0
  11: 0
  12: 0
  13: 0
  14: 0
  15: 0
  16: 0
  17: 0
  18: 0
  19: 0
  20: 0
  21: 0
  22: 0
  23: 0
  24: 0
  25: 0
  26: 0
  27: 0
  28: 0
  29: 0
  30: 0
  31: 0
===
