# zsim stats
===
root: # Stats
 contention: # Contention simulation stats
  domain-0: # Domain stats
   time: 12438770699 # Weave simulation time
 time: # Simulator time breakdown
  init: 1947830454
  bound: 31845979881
  weave: 12479343314
  ff: 1135027665
 trigger: 20000 # Reason for this stats dump
 phase: 508 # Simulated phases
 l: # Logic unit stats
  l-0: # Logic unit stats
   cycles: 4883663 # Simulated unhalted cycles
   cCycles: 4723759 # Cycles due to contention stalls
   ops: 32785 # Simulated operations
   compOps: 1 # Simulated compute operations
  l-1: # Logic unit stats
   cycles: 5005879 # Simulated unhalted cycles
   cCycles: 4845975 # Cycles due to contention stalls
   ops: 32785 # Simulated operations
   compOps: 1 # Simulated compute operations
  l-2: # Logic unit stats
   cycles: 5059179 # Simulated unhalted cycles
   cCycles: 4899275 # Cycles due to contention stalls
   ops: 32785 # Simulated operations
   compOps: 1 # Simulated compute operations
  l-3: # Logic unit stats
   cycles: 5073587 # Simulated unhalted cycles
   cCycles: 4913683 # Cycles due to contention stalls
   ops: 32785 # Simulated operations
   compOps: 1 # Simulated compute operations
 c: # Core stats
  c-0: # Core stats
   cycles: 0 # Simulated cycles
   instrs: 0 # Simulated instructions
 rdbuf: # Cache stats
  rdbuf-0: # Filter cache stats
   fhGETS: 0 # Filtered GETS hits
   fhGETX: 0 # Filtered GETX hits
   hGETS: 0 # GETS hits
   hGETX: 0 # GETX hits
   mGETS: 57392 # GETS misses
   mGETXIM: 0 # GETX I->M misses
   mGETXSM: 0 # GETX S->M misses (upgrade misses)
   PUTS: 0 # Clean evictions (from lower level)
   PUTX: 0 # Dirty evictions (from lower level)
   INV: 1 # Invalidates (from upper level)
   INVX: 50 # Downgrades (from upper level)
   FWD: 0 # Forwards (from upper level)
   latGETnl: 1796709 # GET request latency on next level
   latGETnet: 0 # GET request latency on network to next level
  rdbuf-1: # Filter cache stats
   fhGETS: 0 # Filtered GETS hits
   fhGETX: 0 # Filtered GETX hits
   hGETS: 0 # GETS hits
   hGETX: 0 # GETX hits
   mGETS: 73808 # GETS misses
   mGETXIM: 0 # GETX I->M misses
   mGETXSM: 0 # GETX S->M misses (upgrade misses)
   PUTS: 0 # Clean evictions (from lower level)
   PUTX: 0 # Dirty evictions (from lower level)
   INV: 1 # Invalidates (from upper level)
   INVX: 27 # Downgrades (from upper level)
   FWD: 0 # Forwards (from upper level)
   latGETnl: 1890036 # GET request latency on next level
   latGETnet: 0 # GET request latency on network to next level
  rdbuf-2: # Filter cache stats
   fhGETS: 0 # Filtered GETS hits
   fhGETX: 0 # Filtered GETX hits
   hGETS: 0 # GETS hits
   hGETX: 0 # GETX hits
   mGETS: 57392 # GETS misses
   mGETXIM: 0 # GETX I->M misses
   mGETXSM: 0 # GETX S->M misses (upgrade misses)
   PUTS: 0 # Clean evictions (from lower level)
   PUTX: 0 # Dirty evictions (from lower level)
   INV: 1 # Invalidates (from upper level)
   INVX: 38 # Downgrades (from upper level)
   FWD: 0 # Forwards (from upper level)
   latGETnl: 1816487 # GET request latency on next level
   latGETnet: 0 # GET request latency on network to next level
  rdbuf-3: # Filter cache stats
   fhGETS: 0 # Filtered GETS hits
   fhGETX: 0 # Filtered GETX hits
   hGETS: 0 # GETS hits
   hGETX: 0 # GETX hits
   mGETS: 69712 # GETS misses
   mGETXIM: 0 # GETX I->M misses
   mGETXSM: 0 # GETX S->M misses (upgrade misses)
   PUTS: 0 # Clean evictions (from lower level)
   PUTX: 0 # Dirty evictions (from lower level)
   INV: 1 # Invalidates (from upper level)
   INVX: 9 # Downgrades (from upper level)
   FWD: 0 # Forwards (from upper level)
   latGETnl: 1866162 # GET request latency on next level
   latGETnet: 0 # GET request latency on network to next level
 wrbuf: # Cache stats
  wrbuf-0: # Filter cache stats
   fhGETS: 0 # Filtered GETS hits
   fhGETX: 0 # Filtered GETX hits
   hGETS: 0 # GETS hits
   hGETX: 0 # GETX hits
   mGETS: 0 # GETS misses
   mGETXIM: 57344 # GETX I->M misses
   mGETXSM: 0 # GETX S->M misses (upgrade misses)
   PUTS: 0 # Clean evictions (from lower level)
   PUTX: 0 # Dirty evictions (from lower level)
   INV: 35 # Invalidates (from upper level)
   INVX: 0 # Downgrades (from upper level)
   FWD: 0 # Forwards (from upper level)
   latGETnl: 1813122 # GET request latency on next level
   latGETnet: 0 # GET request latency on network to next level
  wrbuf-1: # Filter cache stats
   fhGETS: 0 # Filtered GETS hits
   fhGETX: 0 # Filtered GETX hits
   hGETS: 0 # GETS hits
   hGETX: 0 # GETX hits
   mGETS: 0 # GETS misses
   mGETXIM: 73728 # GETX I->M misses
   mGETXSM: 0 # GETX S->M misses (upgrade misses)
   PUTS: 0 # Clean evictions (from lower level)
   PUTX: 0 # Dirty evictions (from lower level)
   INV: 20 # Invalidates (from upper level)
   INVX: 0 # Downgrades (from upper level)
   FWD: 0 # Forwards (from upper level)
   latGETnl: 1873278 # GET request latency on next level
   latGETnet: 0 # GET request latency on network to next level
  wrbuf-2: # Filter cache stats
   fhGETS: 0 # Filtered GETS hits
   fhGETX: 0 # Filtered GETX hits
   hGETS: 0 # GETS hits
   hGETX: 0 # GETX hits
   mGETS: 0 # GETS misses
   mGETXIM: 57344 # GETX I->M misses
   mGETXSM: 0 # GETX S->M misses (upgrade misses)
   PUTS: 0 # Clean evictions (from lower level)
   PUTX: 0 # Dirty evictions (from lower level)
   INV: 25 # Invalidates (from upper level)
   INVX: 0 # Downgrades (from upper level)
   FWD: 0 # Forwards (from upper level)
   latGETnl: 1782649 # GET request latency on next level
   latGETnet: 0 # GET request latency on network to next level
  wrbuf-3: # Filter cache stats
   fhGETS: 0 # Filtered GETS hits
   fhGETX: 0 # Filtered GETX hits
   hGETS: 0 # GETS hits
   hGETX: 0 # GETX hits
   mGETS: 0 # GETS misses
   mGETXIM: 69632 # GETX I->M misses
   mGETXSM: 0 # GETX S->M misses (upgrade misses)
   PUTS: 0 # Clean evictions (from lower level)
   PUTX: 0 # Dirty evictions (from lower level)
   INV: 5 # Invalidates (from upper level)
   INVX: 0 # Downgrades (from upper level)
   FWD: 0 # Forwards (from upper level)
   latGETnl: 1899655 # GET request latency on next level
   latGETnet: 0 # GET request latency on network to next level
 gbuf: # Cache stats
  gbuf-0b0: # Cache stats
   hGETS: 3624 # GETS hits
   hGETX: 3584 # GETX hits
   mGETS: 28674 # GETS misses
   mGETXIM: 28672 # GETX I->M misses
   mGETXSM: 0 # GETX S->M misses (upgrade misses)
   PUTS: 32298 # Clean evictions (from lower level)
   PUTX: 32245 # Dirty evictions (from lower level)
   INV: 0 # Invalidates (from upper level)
   INVX: 0 # Downgrades (from upper level)
   FWD: 0 # Forwards (from upper level)
   latGETnl: 1777726 # GET request latency on next level
   latGETnet: 0 # GET request latency on network to next level
  gbuf-0b1: # Cache stats
   hGETS: 3620 # GETS hits
   hGETX: 3584 # GETX hits
   mGETS: 28673 # GETS misses
   mGETXIM: 28671 # GETX I->M misses
   mGETXSM: 0 # GETX S->M misses (upgrade misses)
   PUTS: 32292 # Clean evictions (from lower level)
   PUTX: 32240 # Dirty evictions (from lower level)
   INV: 0 # Invalidates (from upper level)
   INVX: 0 # Downgrades (from upper level)
   FWD: 0 # Forwards (from upper level)
   latGETnl: 1777664 # GET request latency on next level
   latGETnet: 0 # GET request latency on network to next level
  gbuf-0b2: # Cache stats
   hGETS: 3623 # GETS hits
   hGETX: 3583 # GETX hits
   mGETS: 28675 # GETS misses
   mGETXIM: 28673 # GETX I->M misses
   mGETXSM: 0 # GETX S->M misses (upgrade misses)
   PUTS: 32298 # Clean evictions (from lower level)
   PUTX: 32245 # Dirty evictions (from lower level)
   INV: 0 # Invalidates (from upper level)
   INVX: 0 # Downgrades (from upper level)
   FWD: 0 # Forwards (from upper level)
   latGETnl: 1777788 # GET request latency on next level
   latGETnet: 0 # GET request latency on network to next level
  gbuf-0b3: # Cache stats
   hGETS: 3621 # GETS hits
   hGETX: 3585 # GETX hits
   mGETS: 28674 # GETS misses
   mGETXIM: 28672 # GETX I->M misses
   mGETXSM: 0 # GETX S->M misses (upgrade misses)
   PUTS: 32294 # Clean evictions (from lower level)
   PUTX: 32247 # Dirty evictions (from lower level)
   INV: 0 # Invalidates (from upper level)
   INVX: 0 # Downgrades (from upper level)
   FWD: 0 # Forwards (from upper level)
   latGETnl: 1777726 # GET request latency on next level
   latGETnet: 0 # GET request latency on network to next level
  gbuf-0b4: # Cache stats
   hGETS: 3609 # GETS hits
   hGETX: 3584 # GETX hits
   mGETS: 28673 # GETS misses
   mGETXIM: 28672 # GETX I->M misses
   mGETXSM: 0 # GETX S->M misses (upgrade misses)
   PUTS: 32282 # Clean evictions (from lower level)
   PUTX: 32246 # Dirty evictions (from lower level)
   INV: 0 # Invalidates (from upper level)
   INVX: 0 # Downgrades (from upper level)
   FWD: 0 # Forwards (from upper level)
   latGETnl: 1777695 # GET request latency on next level
   latGETnet: 0 # GET request latency on network to next level
  gbuf-0b5: # Cache stats
   hGETS: 3603 # GETS hits
   hGETX: 3583 # GETX hits
   mGETS: 28674 # GETS misses
   mGETXIM: 28672 # GETX I->M misses
   mGETXSM: 0 # GETX S->M misses (upgrade misses)
   PUTS: 32276 # Clean evictions (from lower level)
   PUTX: 32246 # Dirty evictions (from lower level)
   INV: 0 # Invalidates (from upper level)
   INVX: 0 # Downgrades (from upper level)
   FWD: 0 # Forwards (from upper level)
   latGETnl: 1777726 # GET request latency on next level
   latGETnet: 0 # GET request latency on network to next level
  gbuf-0b6: # Cache stats
   hGETS: 3610 # GETS hits
   hGETX: 3585 # GETX hits
   mGETS: 28672 # GETS misses
   mGETXIM: 28671 # GETX I->M misses
   mGETXSM: 0 # GETX S->M misses (upgrade misses)
   PUTS: 32282 # Clean evictions (from lower level)
   PUTX: 32246 # Dirty evictions (from lower level)
   INV: 0 # Invalidates (from upper level)
   INVX: 0 # Downgrades (from upper level)
   FWD: 0 # Forwards (from upper level)
   latGETnl: 1777633 # GET request latency on next level
   latGETnet: 0 # GET request latency on network to next level
  gbuf-0b7: # Cache stats
   hGETS: 3604 # GETS hits
   hGETX: 3584 # GETX hits
   mGETS: 28675 # GETS misses
   mGETXIM: 28673 # GETX I->M misses
   mGETXSM: 0 # GETX S->M misses (upgrade misses)
   PUTS: 32278 # Clean evictions (from lower level)
   PUTX: 32245 # Dirty evictions (from lower level)
   INV: 0 # Invalidates (from upper level)
   INVX: 0 # Downgrades (from upper level)
   FWD: 0 # Forwards (from upper level)
   latGETnl: 1777788 # GET request latency on next level
   latGETnet: 0 # GET request latency on network to next level
 mem: # Memory controller stats
  mem-0: # Memory channel stats
   rd: 458766 # Read requests
   wr: 154008 # Write requests
   rdlat: 521284012890 # Total latency experienced by read requests
   wrlat: 277621219740 # Total latency experienced by write requests
   rdmlh: # Latency histogram for read requests
    0: 0
    1: 0
    2: 0
    3: 0
    4: 0
    5: 2
    6: 2
    7: 3
    8: 3
    9: 4
    10: 2
    11: 0
    12: 1
    13: 2
    14: 3
    15: 4
    16: 3
    17: 2
    18: 3
    19: 3
    20: 2
    21: 4
    22: 1
    23: 1
    24: 1
    25: 6
    26: 1
    27: 3
    28: 3
    29: 3
    30: 3
    31: 6
    32: 1
    33: 3
    34: 3
    35: 2
    36: 1
    37: 7
    38: 4
    39: 3
    40: 1
    41: 2
    42: 3
    43: 2
    44: 5
    45: 6
    46: 2
    47: 2
    48: 3
    49: 3
    50: 1
    51: 7
    52: 4
    53: 2
    54: 4
    55: 3
    56: 1
    57: 6
    58: 3
    59: 4
    60: 2
    61: 5
    62: 0
    63: 4
    64: 5
    65: 4
    66: 1
    67: 3
    68: 1
    69: 2
    70: 3
    71: 9
    72: 0
    73: 3
    74: 3
    75: 5
    76: 3
    77: 4
    78: 1
    79: 4
    80: 3
    81: 3
    82: 3
    83: 1
    84: 5
    85: 3
    86: 4
    87: 2
    88: 2
    89: 5
    90: 4
    91: 2
    92: 0
    93: 3
    94: 4
    95: 4
    96: 3
    97: 4
    98: 0
    99: 458490
   wrmlh: # Latency histogram for write requests
    0: 0
    1: 0
    2: 0
    3: 0
    4: 0
    5: 3
    6: 1
    7: 0
    8: 3
    9: 3
    10: 4
    11: 5
    12: 5
    13: 3
    14: 5
    15: 1
    16: 5
    17: 4
    18: 10
    19: 5
    20: 6
    21: 6
    22: 7
    23: 12
    24: 12
    25: 16
    26: 18
    27: 34
    28: 29
    29: 35
    30: 36
    31: 56
    32: 75
    33: 62
    34: 62
    35: 122
    36: 137
    37: 153
    38: 120
    39: 232
    40: 237
    41: 183
    42: 196
    43: 332
    44: 277
    45: 202
    46: 173
    47: 318
    48: 192
    49: 112
    50: 112
    51: 203
    52: 153
    53: 103
    54: 118
    55: 149
    56: 108
    57: 70
    58: 81
    59: 113
    60: 89
    61: 75
    62: 60
    63: 99
    64: 73
    65: 42
    66: 58
    67: 86
    68: 46
    69: 35
    70: 42
    71: 49
    72: 35
    73: 31
    74: 41
    75: 46
    76: 34
    77: 29
    78: 26
    79: 35
    80: 21
    81: 12
    82: 18
    83: 26
    84: 8
    85: 18
    86: 17
    87: 14
    88: 11
    89: 22
    90: 9
    91: 20
    92: 13
    93: 13
    94: 2
    95: 13
    96: 6
    97: 11
    98: 11
    99: 147993
   ACT: 612774 # Activate commands
   PRE: 620475 # Precharge commands
   RD: 458766 # Read commands
   WR: 154008 # Write commands
   REF: 2607 # Refresh commands
   eACTPRE: 185670522 # Activate/precharge energy
   eRDWR: 831101616 # Read/write energy
   eREF: 8673489 # Refresh energy
   eBKGD: 203621361 # Background energy
   eWIRE: 93754422 # Channel wire energy
 sched: # Scheduler stats
  thCr: 0 # Threads created
  thFn: 0 # Threads finished
  schedEvs: 0 # Schedule events
  waitEvs: 0 # Wait events
  handoffEvs: 0 # Handoff events
  sleepEvs: 0 # Sleep events
  idlePhases: 0 # Phases with no thread active
  idlePeriods: 0 # Periods with no thread active
  occHist: # Occupancy histogram
   0: 508
   1: 0
  rqSzHist: # Run queue size histogram
   0: 508
   1: 0
   2: 0
   3: 0
   4: 0
   5: 0
   6: 0
   7: 0
   8: 0
   9: 0
   10: 0
   11: 0
   12: 0
   13: 0
   14: 0
   15: 0
   16: 0
 procCycles: # Per-process unhalted core cycles
  0: 0
  1: 0
  2: 0
  3: 0
  4: 0
  5: 0
  6: 0
  7: 0
  8: 0
  9: 0
  10: 0
  11: 0
  12: 0
  13: 0
  14: 0
  15: 0
  16: 0
  17: 0
  18: 0
  19: 0
  20: 0
  21: 0
  22: 0
  23: 0
  24: 0
  25: 0
  26: 0
  27: 0
  28: 0
  29: 0
  30: 0
  31: 0
 procInstrs: # Per-process instructions
  0: 0
  1: 0
  2: 0
  3: 0
  4: 0
  5: 0
  6: 0
  7: 0
  8: 0
  9: 0
  10: 0
  11: 0
  12: 0
  13: 0
  14: 0
  15: 0
  16: 0
  17: 0
  18: 0
  19: 0
  20: 0
  21: 0
  22: 0
  23: 0
  24: 0
  25: 0
  26: 0
  27: 0
  28: 0
  29: 0
  30: 0
  31: 0
 heartbeats: # Per-process heartbeats
  0: 0
  1: 0
  2: 0
  3: 0
  4: 0
  5: 0
  6: 0
  7: 0
  8: 0
  9: 0
  10: 0
  11: 0
  12: 0
  13: 0
  14: 0
  15: 0
  16: 0
  17: 0
  18: 0
  19: 0
  20: 0
  21: 0
  22: 0
  23: 0
  24: 0
  25: 0
  26: 0
  27: 0
  28: 0
  29: 0
  30: 0
  31: 0
===
