# zsim stats
===
root: # Stats
 contention: # Contention simulation stats
  domain-0: # Domain stats
   time: 12722015370 # Weave simulation time
 time: # Simulator time breakdown
  init: 634205002
  bound: 36135806461
  weave: 14098464301
  ff: 1208042756
 trigger: 20000 # Reason for this stats dump
 phase: 30045 # Simulated phases
 l: # Logic unit stats
  l-0: # Logic unit stats
   cycles: 300448759 # Simulated unhalted cycles
   cCycles: 35468871 # Cycles due to contention stalls
   ops: 706720 # Simulated operations
   compOps: 6560 # Simulated compute operations
 c: # Core stats
  c-0: # Core stats
   cycles: 0 # Simulated cycles
   instrs: 0 # Simulated instructions
 rdbuf: # Cache stats
  rdbuf-0: # Filter cache stats
   fhGETS: 184832 # Filtered GETS hits
   fhGETX: 0 # Filtered GETX hits
   hGETS: 0 # GETS hits
   hGETX: 0 # GETX hits
   mGETS: 3328000 # GETS misses
   mGETXIM: 0 # GETX I->M misses
   mGETXSM: 0 # GETX S->M misses (upgrade misses)
   PUTS: 0 # Clean evictions (from lower level)
   PUTX: 0 # Dirty evictions (from lower level)
   INV: 128 # Invalidates (from upper level)
   INVX: 0 # Downgrades (from upper level)
   FWD: 0 # Forwards (from upper level)
   latGETnl: 89594087 # GET request latency on next level
   latGETnet: 0 # GET request latency on network to next level
 wrbuf: # Cache stats
  wrbuf-0: # Filter cache stats
   fhGETS: 0 # Filtered GETS hits
   fhGETX: 46720 # Filtered GETX hits
   hGETS: 0 # GETS hits
   hGETX: 0 # GETX hits
   mGETS: 0 # GETS misses
   mGETXIM: 432640 # GETX I->M misses
   mGETXSM: 0 # GETX S->M misses (upgrade misses)
   PUTS: 0 # Clean evictions (from lower level)
   PUTX: 0 # Dirty evictions (from lower level)
   INV: 116 # Invalidates (from upper level)
   INVX: 8 # Downgrades (from upper level)
   FWD: 0 # Forwards (from upper level)
   latGETnl: 3020644 # GET request latency on next level
   latGETnet: 0 # GET request latency on network to next level
 gbuf: # Cache stats
  gbuf-0b0: # Cache stats
   hGETS: 67366 # GETS hits
   hGETX: 43646 # GETX hits
   mGETS: 348070 # GETS misses
   mGETXIM: 10434 # GETX I->M misses
   mGETXSM: 0 # GETX S->M misses (upgrade misses)
   PUTS: 415436 # Clean evictions (from lower level)
   PUTX: 54080 # Dirty evictions (from lower level)
   INV: 0 # Invalidates (from upper level)
   INVX: 0 # Downgrades (from upper level)
   FWD: 0 # Forwards (from upper level)
   latGETnl: 11113624 # GET request latency on next level
   latGETnet: 0 # GET request latency on network to next level
  gbuf-0b1: # Cache stats
   hGETS: 67625 # GETS hits
   hGETX: 43646 # GETX hits
   mGETS: 347819 # GETS misses
   mGETXIM: 10434 # GETX I->M misses
   mGETXSM: 0 # GETX S->M misses (upgrade misses)
   PUTS: 415444 # Clean evictions (from lower level)
   PUTX: 54080 # Dirty evictions (from lower level)
   INV: 0 # Invalidates (from upper level)
   INVX: 0 # Downgrades (from upper level)
   FWD: 0 # Forwards (from upper level)
   latGETnl: 11105843 # GET request latency on next level
   latGETnet: 0 # GET request latency on network to next level
  gbuf-0b2: # Cache stats
   hGETS: 66570 # GETS hits
   hGETX: 43646 # GETX hits
   mGETS: 348562 # GETS misses
   mGETXIM: 10434 # GETX I->M misses
   mGETXSM: 0 # GETX S->M misses (upgrade misses)
   PUTS: 415116 # Clean evictions (from lower level)
   PUTX: 54064 # Dirty evictions (from lower level)
   INV: 0 # Invalidates (from upper level)
   INVX: 0 # Downgrades (from upper level)
   FWD: 0 # Forwards (from upper level)
   latGETnl: 11128876 # GET request latency on next level
   latGETnet: 0 # GET request latency on network to next level
  gbuf-0b3: # Cache stats
   hGETS: 67282 # GETS hits
   hGETX: 43642 # GETX hits
   mGETS: 348470 # GETS misses
   mGETXIM: 10438 # GETX I->M misses
   mGETXSM: 0 # GETX S->M misses (upgrade misses)
   PUTS: 415708 # Clean evictions (from lower level)
   PUTX: 54034 # Dirty evictions (from lower level)
   INV: 0 # Invalidates (from upper level)
   INVX: 0 # Downgrades (from upper level)
   FWD: 0 # Forwards (from upper level)
   latGETnl: 11126148 # GET request latency on next level
   latGETnet: 0 # GET request latency on network to next level
  gbuf-0b4: # Cache stats
   hGETS: 68506 # GETS hits
   hGETX: 43644 # GETX hits
   mGETS: 347734 # GETS misses
   mGETXIM: 10436 # GETX I->M misses
   mGETXSM: 0 # GETX S->M misses (upgrade misses)
   PUTS: 416240 # Clean evictions (from lower level)
   PUTX: 54080 # Dirty evictions (from lower level)
   INV: 0 # Invalidates (from upper level)
   INVX: 0 # Downgrades (from upper level)
   FWD: 0 # Forwards (from upper level)
   latGETnl: 11103270 # GET request latency on next level
   latGETnet: 0 # GET request latency on network to next level
  gbuf-0b5: # Cache stats
   hGETS: 69358 # GETS hits
   hGETX: 43644 # GETX hits
   mGETS: 347382 # GETS misses
   mGETXIM: 10436 # GETX I->M misses
   mGETXSM: 0 # GETX S->M misses (upgrade misses)
   PUTS: 416739 # Clean evictions (from lower level)
   PUTX: 54080 # Dirty evictions (from lower level)
   INV: 0 # Invalidates (from upper level)
   INVX: 0 # Downgrades (from upper level)
   FWD: 0 # Forwards (from upper level)
   latGETnl: 11092358 # GET request latency on next level
   latGETnet: 0 # GET request latency on network to next level
  gbuf-0b6: # Cache stats
   hGETS: 69809 # GETS hits
   hGETX: 43644 # GETX hits
   mGETS: 347119 # GETS misses
   mGETXIM: 10436 # GETX I->M misses
   mGETXSM: 0 # GETX S->M misses (upgrade misses)
   PUTS: 416912 # Clean evictions (from lower level)
   PUTX: 54063 # Dirty evictions (from lower level)
   INV: 0 # Invalidates (from upper level)
   INVX: 0 # Downgrades (from upper level)
   FWD: 0 # Forwards (from upper level)
   latGETnl: 11084205 # GET request latency on next level
   latGETnet: 0 # GET request latency on network to next level
  gbuf-0b7: # Cache stats
   hGETS: 68707 # GETS hits
   hGETX: 43644 # GETX hits
   mGETS: 347621 # GETS misses
   mGETXIM: 10436 # GETX I->M misses
   mGETXSM: 0 # GETX S->M misses (upgrade misses)
   PUTS: 416284 # Clean evictions (from lower level)
   PUTX: 54034 # Dirty evictions (from lower level)
   INV: 0 # Invalidates (from upper level)
   INVX: 0 # Downgrades (from upper level)
   FWD: 0 # Forwards (from upper level)
   latGETnl: 11099767 # GET request latency on next level
   latGETnet: 0 # GET request latency on network to next level
 mem: # Memory controller stats
  mem-0: # Memory channel stats
   rd: 2866261 # Read requests
   wr: 430314 # Write requests
   rdlat: 17995602018 # Total latency experienced by read requests
   wrlat: 6562217102 # Total latency experienced by write requests
   rdmlh: # Latency histogram for read requests
    0: 0
    1: 0
    2: 0
    3: 0
    4: 0
    5: 6580
    6: 11998
    7: 6776
    8: 680
    9: 665
    10: 10
    11: 1913
    12: 16730
    13: 5951
    14: 1300
    15: 60
    16: 30
    17: 8190
    18: 10051
    19: 6391
    20: 655
    21: 78
    22: 1869
    23: 2081
    24: 19481
    25: 745
    26: 662
    27: 94
    28: 1875
    29: 3278
    30: 17876
    31: 833
    32: 683
    33: 138
    34: 1879
    35: 3328
    36: 13400
    37: 4580
    38: 768
    39: 125
    40: 1857
    41: 7415
    42: 9399
    43: 4949
    44: 231
    45: 155
    46: 3715
    47: 5724
    48: 5725
    49: 8227
    50: 352
    51: 1850
    52: 2408
    53: 10092
    54: 1022
    55: 8231
    56: 336
    57: 1929
    58: 3521
    59: 8863
    60: 1117
    61: 4787
    62: 3794
    63: 1967
    64: 3692
    65: 8728
    66: 1083
    67: 8156
    68: 495
    69: 2038
    70: 7287
    71: 5282
    72: 1489
    73: 523
    74: 7653
    75: 3923
    76: 5884
    77: 5751
    78: 1336
    79: 4466
    80: 5897
    81: 3110
    82: 9801
    83: 1650
    84: 1353
    85: 946
    86: 9364
    87: 4249
    88: 8745
    89: 2295
    90: 1944
    91: 1144
    92: 9359
    93: 4511
    94: 8677
    95: 1859
    96: 2069
    97: 1578
    98: 6092
    99: 2464413
   wrmlh: # Latency histogram for write requests
    0: 0
    1: 0
    2: 0
    3: 0
    4: 0
    5: 149
    6: 326
    7: 492
    8: 445
    9: 802
    10: 555
    11: 660
    12: 742
    13: 721
    14: 604
    15: 714
    16: 577
    17: 851
    18: 952
    19: 1154
    20: 1093
    21: 1024
    22: 967
    23: 925
    24: 932
    25: 914
    26: 1063
    27: 1307
    28: 1490
    29: 1559
    30: 1240
    31: 1235
    32: 1092
    33: 1117
    34: 849
    35: 1140
    36: 1227
    37: 1551
    38: 1458
    39: 1832
    40: 1607
    41: 1609
    42: 1682
    43: 2295
    44: 1920
    45: 1844
    46: 1643
    47: 2531
    48: 1734
    49: 1525
    50: 1345
    51: 1842
    52: 1205
    53: 1135
    54: 982
    55: 1236
    56: 780
    57: 648
    58: 597
    59: 757
    60: 399
    61: 398
    62: 324
    63: 446
    64: 246
    65: 224
    66: 225
    67: 322
    68: 154
    69: 159
    70: 160
    71: 198
    72: 104
    73: 135
    74: 117
    75: 150
    76: 96
    77: 85
    78: 71
    79: 107
    80: 47
    81: 52
    82: 55
    83: 57
    84: 36
    85: 41
    86: 33
    87: 40
    88: 31
    89: 16
    90: 18
    91: 17
    92: 21
    93: 12
    94: 11
    95: 13
    96: 4
    97: 11
    98: 4
    99: 362999
   ACT: 3296575 # Activate commands
   PRE: 3496724 # Precharge commands
   RD: 2866261 # Read commands
   WR: 430314 # Write commands
   REF: 154156 # Refresh commands
   eACTPRE: 998862225 # Activate/precharge energy
   eRDWR: 4457983462 # Read/write energy
   eREF: 512877012 # Refresh energy
   eBKGD: 11434762174 # Background energy
   eWIRE: 504375975 # Channel wire energy
 sched: # Scheduler stats
  thCr: 0 # Threads created
  thFn: 0 # Threads finished
  schedEvs: 0 # Schedule events
  waitEvs: 0 # Wait events
  handoffEvs: 0 # Handoff events
  sleepEvs: 0 # Sleep events
  idlePhases: 0 # Phases with no thread active
  idlePeriods: 0 # Periods with no thread active
  occHist: # Occupancy histogram
   0: 30045
   1: 0
  rqSzHist: # Run queue size histogram
   0: 30045
   1: 0
   2: 0
   3: 0
   4: 0
   5: 0
   6: 0
   7: 0
   8: 0
   9: 0
   10: 0
   11: 0
   12: 0
   13: 0
   14: 0
   15: 0
   16: 0
 procCycles: # Per-process unhalted core cycles
  0: 0
  1: 0
  2: 0
  3: 0
  4: 0
  5: 0
  6: 0
  7: 0
  8: 0
  9: 0
  10: 0
  11: 0
  12: 0
  13: 0
  14: 0
  15: 0
  16: 0
  17: 0
  18: 0
  19: 0
  20: 0
  21: 0
  22: 0
  23: 0
  24: 0
  25: 0
  26: 0
  27: 0
  28: 0
  29: 0
  30: 0
  31: 0
 procInstrs: # Per-process instructions
  0: 0
  1: 0
  2: 0
  3: 0
  4: 0
  5: 0
  6: 0
  7: 0
  8: 0
  9: 0
  10: 0
  11: 0
  12: 0
  13: 0
  14: 0
  15: 0
  16: 0
  17: 0
  18: 0
  19: 0
  20: 0
  21: 0
  22: 0
  23: 0
  24: 0
  25: 0
  26: 0
  27: 0
  28: 0
  29: 0
  30: 0
  31: 0
 heartbeats: # Per-process heartbeats
  0: 0
  1: 0
  2: 0
  3: 0
  4: 0
  5: 0
  6: 0
  7: 0
  8: 0
  9: 0
  10: 0
  11: 0
  12: 0
  13: 0
  14: 0
  15: 0
  16: 0
  17: 0
  18: 0
  19: 0
  20: 0
  21: 0
  22: 0
  23: 0
  24: 0
  25: 0
  26: 0
  27: 0
  28: 0
  29: 0
  30: 0
  31: 0
===
