# zsim stats
===
root: # Stats
 contention: # Contention simulation stats
  domain-0: # Domain stats
   time: 1273044407 # Weave simulation time
 time: # Simulator time breakdown
  init: 4097429152
  bound: 1934501172
  weave: 1275001452
  ff: 1190981691
 trigger: 20000 # Reason for this stats dump
 phase: 27 # Simulated phases
 l: # Logic unit stats
  l-0: # Logic unit stats
   cycles: 248939 # Simulated unhalted cycles
   cCycles: 206795 # Cycles due to contention stalls
   ops: 6145 # Simulated operations
   compOps: 1 # Simulated compute operations
  l-1: # Logic unit stats
   cycles: 251159 # Simulated unhalted cycles
   cCycles: 209015 # Cycles due to contention stalls
   ops: 6145 # Simulated operations
   compOps: 1 # Simulated compute operations
  l-2: # Logic unit stats
   cycles: 262037 # Simulated unhalted cycles
   cCycles: 211705 # Cycles due to contention stalls
   ops: 8193 # Simulated operations
   compOps: 1 # Simulated compute operations
  l-3: # Logic unit stats
   cycles: 252171 # Simulated unhalted cycles
   cCycles: 210027 # Cycles due to contention stalls
   ops: 6145 # Simulated operations
   compOps: 1 # Simulated compute operations
 c: # Core stats
  c-0: # Core stats
   cycles: 0 # Simulated cycles
   instrs: 0 # Simulated instructions
 rdbuf: # Cache stats
  rdbuf-0: # Filter cache stats
   fhGETS: 1920 # Filtered GETS hits
   fhGETX: 0 # Filtered GETX hits
   hGETS: 0 # GETS hits
   hGETX: 0 # GETX hits
   mGETS: 26112 # GETS misses
   mGETXIM: 0 # GETX I->M misses
   mGETXSM: 0 # GETX S->M misses (upgrade misses)
   PUTS: 0 # Clean evictions (from lower level)
   PUTX: 0 # Dirty evictions (from lower level)
   INV: 0 # Invalidates (from upper level)
   INVX: 703 # Downgrades (from upper level)
   FWD: 0 # Forwards (from upper level)
   latGETnl: 744072 # GET request latency on next level
   latGETnet: 0 # GET request latency on network to next level
  rdbuf-1: # Filter cache stats
   fhGETS: 1920 # Filtered GETS hits
   fhGETX: 0 # Filtered GETX hits
   hGETS: 0 # GETS hits
   hGETX: 0 # GETX hits
   mGETS: 26112 # GETS misses
   mGETXIM: 0 # GETX I->M misses
   mGETXSM: 0 # GETX S->M misses (upgrade misses)
   PUTS: 0 # Clean evictions (from lower level)
   PUTX: 0 # Dirty evictions (from lower level)
   INV: 0 # Invalidates (from upper level)
   INVX: 609 # Downgrades (from upper level)
   FWD: 0 # Forwards (from upper level)
   latGETnl: 736632 # GET request latency on next level
   latGETnet: 0 # GET request latency on network to next level
  rdbuf-2: # Filter cache stats
   fhGETS: 1919 # Filtered GETS hits
   fhGETX: 0 # Filtered GETX hits
   hGETS: 1 # GETS hits
   hGETX: 0 # GETX hits
   mGETS: 28032 # GETS misses
   mGETXIM: 0 # GETX I->M misses
   mGETXSM: 0 # GETX S->M misses (upgrade misses)
   PUTS: 0 # Clean evictions (from lower level)
   PUTX: 0 # Dirty evictions (from lower level)
   INV: 0 # Invalidates (from upper level)
   INVX: 4 # Downgrades (from upper level)
   FWD: 0 # Forwards (from upper level)
   latGETnl: 655100 # GET request latency on next level
   latGETnet: 0 # GET request latency on network to next level
  rdbuf-3: # Filter cache stats
   fhGETS: 1920 # Filtered GETS hits
   fhGETX: 0 # Filtered GETX hits
   hGETS: 0 # GETS hits
   hGETX: 0 # GETX hits
   mGETS: 33024 # GETS misses
   mGETXIM: 0 # GETX I->M misses
   mGETXSM: 0 # GETX S->M misses (upgrade misses)
   PUTS: 0 # Clean evictions (from lower level)
   PUTX: 0 # Dirty evictions (from lower level)
   INV: 0 # Invalidates (from upper level)
   INVX: 0 # Downgrades (from upper level)
   FWD: 0 # Forwards (from upper level)
   latGETnl: 989188 # GET request latency on next level
   latGETnet: 0 # GET request latency on network to next level
 wrbuf: # Cache stats
  wrbuf-0: # Filter cache stats
   fhGETS: 0 # Filtered GETS hits
   fhGETX: 0 # Filtered GETX hits
   hGETS: 0 # GETS hits
   hGETX: 0 # GETX hits
   mGETS: 0 # GETS misses
   mGETXIM: 6912 # GETX I->M misses
   mGETXSM: 0 # GETX S->M misses (upgrade misses)
   PUTS: 0 # Clean evictions (from lower level)
   PUTX: 0 # Dirty evictions (from lower level)
   INV: 169 # Invalidates (from upper level)
   INVX: 0 # Downgrades (from upper level)
   FWD: 0 # Forwards (from upper level)
   latGETnl: 193656 # GET request latency on next level
   latGETnet: 0 # GET request latency on network to next level
  wrbuf-1: # Filter cache stats
   fhGETS: 0 # Filtered GETS hits
   fhGETX: 0 # Filtered GETX hits
   hGETS: 0 # GETS hits
   hGETX: 0 # GETX hits
   mGETS: 0 # GETS misses
   mGETXIM: 6912 # GETX I->M misses
   mGETXSM: 0 # GETX S->M misses (upgrade misses)
   PUTS: 0 # Clean evictions (from lower level)
   PUTX: 0 # Dirty evictions (from lower level)
   INV: 129 # Invalidates (from upper level)
   INVX: 0 # Downgrades (from upper level)
   FWD: 0 # Forwards (from upper level)
   latGETnl: 189192 # GET request latency on next level
   latGETnet: 0 # GET request latency on network to next level
  wrbuf-2: # Filter cache stats
   fhGETS: 0 # Filtered GETS hits
   fhGETX: 0 # Filtered GETX hits
   hGETS: 0 # GETS hits
   hGETX: 0 # GETX hits
   mGETS: 0 # GETS misses
   mGETXIM: 6912 # GETX I->M misses
   mGETXSM: 0 # GETX S->M misses (upgrade misses)
   PUTS: 0 # Clean evictions (from lower level)
   PUTX: 0 # Dirty evictions (from lower level)
   INV: 0 # Invalidates (from upper level)
   INVX: 0 # Downgrades (from upper level)
   FWD: 0 # Forwards (from upper level)
   latGETnl: 161664 # GET request latency on next level
   latGETnet: 0 # GET request latency on network to next level
  wrbuf-3: # Filter cache stats
   fhGETS: 0 # Filtered GETS hits
   fhGETX: 0 # Filtered GETX hits
   hGETS: 0 # GETS hits
   hGETX: 0 # GETX hits
   mGETS: 0 # GETS misses
   mGETXIM: 8576 # GETX I->M misses
   mGETXSM: 0 # GETX S->M misses (upgrade misses)
   PUTS: 0 # Clean evictions (from lower level)
   PUTX: 0 # Dirty evictions (from lower level)
   INV: 0 # Invalidates (from upper level)
   INVX: 0 # Downgrades (from upper level)
   FWD: 0 # Forwards (from upper level)
   latGETnl: 274432 # GET request latency on next level
   latGETnet: 0 # GET request latency on network to next level
 gbuf: # Cache stats
  gbuf-0b0: # Cache stats
   hGETS: 2014 # GETS hits
   hGETX: 480 # GETX hits
   mGETS: 12142 # GETS misses
   mGETXIM: 3184 # GETX I->M misses
   mGETXSM: 0 # GETX S->M misses (upgrade misses)
   PUTS: 14156 # Clean evictions (from lower level)
   PUTX: 3626 # Dirty evictions (from lower level)
   INV: 0 # Invalidates (from upper level)
   INVX: 0 # Downgrades (from upper level)
   FWD: 0 # Forwards (from upper level)
   latGETnl: 475106 # GET request latency on next level
   latGETnet: 0 # GET request latency on network to next level
  gbuf-0b1: # Cache stats
   hGETS: 2018 # GETS hits
   hGETX: 480 # GETX hits
   mGETS: 12146 # GETS misses
   mGETXIM: 3184 # GETX I->M misses
   mGETXSM: 0 # GETX S->M misses (upgrade misses)
   PUTS: 14163 # Clean evictions (from lower level)
   PUTX: 3627 # Dirty evictions (from lower level)
   INV: 0 # Invalidates (from upper level)
   INVX: 0 # Downgrades (from upper level)
   FWD: 0 # Forwards (from upper level)
   latGETnl: 475230 # GET request latency on next level
   latGETnet: 0 # GET request latency on network to next level
  gbuf-0b2: # Cache stats
   hGETS: 2015 # GETS hits
   hGETX: 480 # GETX hits
   mGETS: 12141 # GETS misses
   mGETXIM: 3184 # GETX I->M misses
   mGETXSM: 0 # GETX S->M misses (upgrade misses)
   PUTS: 14156 # Clean evictions (from lower level)
   PUTX: 3625 # Dirty evictions (from lower level)
   INV: 0 # Invalidates (from upper level)
   INVX: 0 # Downgrades (from upper level)
   FWD: 0 # Forwards (from upper level)
   latGETnl: 475075 # GET request latency on next level
   latGETnet: 0 # GET request latency on network to next level
  gbuf-0b3: # Cache stats
   hGETS: 2017 # GETS hits
   hGETX: 480 # GETX hits
   mGETS: 12147 # GETS misses
   mGETXIM: 3184 # GETX I->M misses
   mGETXSM: 0 # GETX S->M misses (upgrade misses)
   PUTS: 14163 # Clean evictions (from lower level)
   PUTX: 3630 # Dirty evictions (from lower level)
   INV: 0 # Invalidates (from upper level)
   INVX: 0 # Downgrades (from upper level)
   FWD: 0 # Forwards (from upper level)
   latGETnl: 475261 # GET request latency on next level
   latGETnet: 0 # GET request latency on network to next level
  gbuf-0b4: # Cache stats
   hGETS: 2016 # GETS hits
   hGETX: 480 # GETX hits
   mGETS: 12143 # GETS misses
   mGETXIM: 3184 # GETX I->M misses
   mGETXSM: 0 # GETX S->M misses (upgrade misses)
   PUTS: 14159 # Clean evictions (from lower level)
   PUTX: 3624 # Dirty evictions (from lower level)
   INV: 0 # Invalidates (from upper level)
   INVX: 0 # Downgrades (from upper level)
   FWD: 0 # Forwards (from upper level)
   latGETnl: 475137 # GET request latency on next level
   latGETnet: 0 # GET request latency on network to next level
  gbuf-0b5: # Cache stats
   hGETS: 2016 # GETS hits
   hGETX: 480 # GETX hits
   mGETS: 12145 # GETS misses
   mGETXIM: 3184 # GETX I->M misses
   mGETXSM: 0 # GETX S->M misses (upgrade misses)
   PUTS: 14161 # Clean evictions (from lower level)
   PUTX: 3627 # Dirty evictions (from lower level)
   INV: 0 # Invalidates (from upper level)
   INVX: 0 # Downgrades (from upper level)
   FWD: 0 # Forwards (from upper level)
   latGETnl: 475199 # GET request latency on next level
   latGETnet: 0 # GET request latency on network to next level
  gbuf-0b6: # Cache stats
   hGETS: 2016 # GETS hits
   hGETX: 480 # GETX hits
   mGETS: 12147 # GETS misses
   mGETXIM: 3184 # GETX I->M misses
   mGETXSM: 0 # GETX S->M misses (upgrade misses)
   PUTS: 14162 # Clean evictions (from lower level)
   PUTX: 3628 # Dirty evictions (from lower level)
   INV: 0 # Invalidates (from upper level)
   INVX: 0 # Downgrades (from upper level)
   FWD: 0 # Forwards (from upper level)
   latGETnl: 475261 # GET request latency on next level
   latGETnet: 0 # GET request latency on network to next level
  gbuf-0b7: # Cache stats
   hGETS: 2016 # GETS hits
   hGETX: 480 # GETX hits
   mGETS: 12141 # GETS misses
   mGETXIM: 3184 # GETX I->M misses
   mGETXSM: 0 # GETX S->M misses (upgrade misses)
   PUTS: 14156 # Clean evictions (from lower level)
   PUTX: 3623 # Dirty evictions (from lower level)
   INV: 0 # Invalidates (from upper level)
   INVX: 0 # Downgrades (from upper level)
   FWD: 0 # Forwards (from upper level)
   latGETnl: 475075 # GET request latency on next level
   latGETnet: 0 # GET request latency on network to next level
 mem: # Memory controller stats
  mem-0: # Memory channel stats
   rd: 30656 # Read requests
   wr: 0 # Write requests
   rdlat: 2504503005 # Total latency experienced by read requests
   wrlat: 0 # Total latency experienced by write requests
   rdmlh: # Latency histogram for read requests
    0: 0
    1: 0
    2: 0
    3: 0
    4: 0
    5: 6
    6: 4
    7: 4
    8: 8
    9: 3
    10: 10
    11: 6
    12: 5
    13: 12
    14: 11
    15: 7
    16: 6
    17: 5
    18: 9
    19: 7
    20: 13
    21: 0
    22: 6
    23: 1
    24: 5
    25: 6
    26: 4
    27: 1
    28: 1
    29: 1
    30: 9
    31: 2
    32: 7
    33: 1
    34: 2
    35: 6
    36: 5
    37: 4
    38: 3
    39: 3
    40: 2
    41: 10
    42: 3
    43: 3
    44: 3
    45: 0
    46: 5
    47: 6
    48: 3
    49: 2
    50: 4
    51: 2
    52: 7
    53: 5
    54: 0
    55: 1
    56: 4
    57: 4
    58: 7
    59: 2
    60: 2
    61: 1
    62: 9
    63: 1
    64: 3
    65: 2
    66: 1
    67: 4
    68: 8
    69: 2
    70: 5
    71: 5
    72: 2
    73: 2
    74: 4
    75: 2
    76: 5
    77: 3
    78: 3
    79: 3
    80: 4
    81: 3
    82: 1
    83: 4
    84: 3
    85: 2
    86: 6
    87: 2
    88: 2
    89: 2
    90: 6
    91: 2
    92: 5
    93: 2
    94: 3
    95: 1
    96: 6
    97: 4
    98: 3
    99: 30272
   wrmlh: # Latency histogram for write requests
    0: 0
    1: 0
    2: 0
    3: 0
    4: 0
    5: 0
    6: 0
    7: 0
    8: 0
    9: 0
    10: 0
    11: 0
    12: 0
    13: 0
    14: 0
    15: 0
    16: 0
    17: 0
    18: 0
    19: 0
    20: 0
    21: 0
    22: 0
    23: 0
    24: 0
    25: 0
    26: 0
    27: 0
    28: 0
    29: 0
    30: 0
    31: 0
    32: 0
    33: 0
    34: 0
    35: 0
    36: 0
    37: 0
    38: 0
    39: 0
    40: 0
    41: 0
    42: 0
    43: 0
    44: 0
    45: 0
    46: 0
    47: 0
    48: 0
    49: 0
    50: 0
    51: 0
    52: 0
    53: 0
    54: 0
    55: 0
    56: 0
    57: 0
    58: 0
    59: 0
    60: 0
    61: 0
    62: 0
    63: 0
    64: 0
    65: 0
    66: 0
    67: 0
    68: 0
    69: 0
    70: 0
    71: 0
    72: 0
    73: 0
    74: 0
    75: 0
    76: 0
    77: 0
    78: 0
    79: 0
    80: 0
    81: 0
    82: 0
    83: 0
    84: 0
    85: 0
    86: 0
    87: 0
    88: 0
    89: 0
    90: 0
    91: 0
    92: 0
    93: 0
    94: 0
    95: 0
    96: 0
    97: 0
    98: 0
    99: 0
   ACT: 30656 # Activate commands
   PRE: 31068 # Precharge commands
   RD: 30656 # Read commands
   WR: 0 # Write commands
   REF: 139 # Refresh commands
   eACTPRE: 9288768 # Activate/precharge energy
   eRDWR: 41324288 # Read/write energy
   eREF: 462453 # Refresh energy
   eBKGD: 10411940 # Background energy
   eWIRE: 4690368 # Channel wire energy
  mem-1: # Memory channel stats
   rd: 30656 # Read requests
   wr: 0 # Write requests
   rdlat: 2513197481 # Total latency experienced by read requests
   wrlat: 0 # Total latency experienced by write requests
   rdmlh: # Latency histogram for read requests
    0: 0
    1: 0
    2: 0
    3: 0
    4: 0
    5: 6
    6: 3
    7: 4
    8: 5
    9: 6
    10: 3
    11: 15
    12: 1
    13: 8
    14: 13
    15: 10
    16: 7
    17: 6
    18: 4
    19: 13
    20: 7
    21: 7
    22: 1
    23: 7
    24: 2
    25: 4
    26: 3
    27: 1
    28: 5
    29: 2
    30: 4
    31: 5
    32: 4
    33: 5
    34: 4
    35: 2
    36: 2
    37: 7
    38: 4
    39: 2
    40: 6
    41: 3
    42: 3
    43: 4
    44: 3
    45: 6
    46: 4
    47: 2
    48: 3
    49: 2
    50: 6
    51: 4
    52: 4
    53: 2
    54: 4
    55: 2
    56: 4
    57: 5
    58: 3
    59: 3
    60: 2
    61: 3
    62: 3
    63: 7
    64: 2
    65: 4
    66: 2
    67: 2
    68: 5
    69: 3
    70: 4
    71: 1
    72: 5
    73: 4
    74: 4
    75: 3
    76: 4
    77: 1
    78: 4
    79: 6
    80: 5
    81: 2
    82: 1
    83: 2
    84: 6
    85: 0
    86: 3
    87: 2
    88: 1
    89: 6
    90: 4
    91: 4
    92: 2
    93: 4
    94: 4
    95: 3
    96: 5
    97: 2
    98: 2
    99: 30274
   wrmlh: # Latency histogram for write requests
    0: 0
    1: 0
    2: 0
    3: 0
    4: 0
    5: 0
    6: 0
    7: 0
    8: 0
    9: 0
    10: 0
    11: 0
    12: 0
    13: 0
    14: 0
    15: 0
    16: 0
    17: 0
    18: 0
    19: 0
    20: 0
    21: 0
    22: 0
    23: 0
    24: 0
    25: 0
    26: 0
    27: 0
    28: 0
    29: 0
    30: 0
    31: 0
    32: 0
    33: 0
    34: 0
    35: 0
    36: 0
    37: 0
    38: 0
    39: 0
    40: 0
    41: 0
    42: 0
    43: 0
    44: 0
    45: 0
    46: 0
    47: 0
    48: 0
    49: 0
    50: 0
    51: 0
    52: 0
    53: 0
    54: 0
    55: 0
    56: 0
    57: 0
    58: 0
    59: 0
    60: 0
    61: 0
    62: 0
    63: 0
    64: 0
    65: 0
    66: 0
    67: 0
    68: 0
    69: 0
    70: 0
    71: 0
    72: 0
    73: 0
    74: 0
    75: 0
    76: 0
    77: 0
    78: 0
    79: 0
    80: 0
    81: 0
    82: 0
    83: 0
    84: 0
    85: 0
    86: 0
    87: 0
    88: 0
    89: 0
    90: 0
    91: 0
    92: 0
    93: 0
    94: 0
    95: 0
    96: 0
    97: 0
    98: 0
    99: 0
   ACT: 30656 # Activate commands
   PRE: 31066 # Precharge commands
   RD: 30656 # Read commands
   WR: 0 # Write commands
   REF: 139 # Refresh commands
   eACTPRE: 9288768 # Activate/precharge energy
   eRDWR: 41324288 # Read/write energy
   eREF: 462453 # Refresh energy
   eBKGD: 10414624 # Background energy
   eWIRE: 4690368 # Channel wire energy
  mem-2: # Memory channel stats
   rd: 30656 # Read requests
   wr: 0 # Write requests
   rdlat: 2508191706 # Total latency experienced by read requests
   wrlat: 0 # Total latency experienced by write requests
   rdmlh: # Latency histogram for read requests
    0: 0
    1: 0
    2: 0
    3: 0
    4: 0
    5: 6
    6: 3
    7: 5
    8: 4
    9: 6
    10: 5
    11: 10
    12: 7
    13: 10
    14: 11
    15: 7
    16: 10
    17: 5
    18: 6
    19: 9
    20: 10
    21: 5
    22: 4
    23: 3
    24: 2
    25: 3
    26: 4
    27: 5
    28: 2
    29: 1
    30: 3
    31: 4
    32: 6
    33: 6
    34: 5
    35: 2
    36: 2
    37: 6
    38: 3
    39: 4
    40: 3
    41: 4
    42: 3
    43: 6
    44: 3
    45: 4
    46: 5
    47: 3
    48: 0
    49: 5
    50: 4
    51: 4
    52: 4
    53: 1
    54: 2
    55: 4
    56: 8
    57: 2
    58: 2
    59: 1
    60: 5
    61: 2
    62: 8
    63: 2
    64: 0
    65: 5
    66: 3
    67: 5
    68: 5
    69: 3
    70: 2
    71: 2
    72: 5
    73: 5
    74: 3
    75: 3
    76: 4
    77: 4
    78: 1
    79: 6
    80: 1
    81: 2
    82: 5
    83: 4
    84: 1
    85: 1
    86: 2
    87: 4
    88: 2
    89: 2
    90: 3
    91: 4
    92: 5
    93: 6
    94: 2
    95: 3
    96: 3
    97: 6
    98: 4
    99: 30271
   wrmlh: # Latency histogram for write requests
    0: 0
    1: 0
    2: 0
    3: 0
    4: 0
    5: 0
    6: 0
    7: 0
    8: 0
    9: 0
    10: 0
    11: 0
    12: 0
    13: 0
    14: 0
    15: 0
    16: 0
    17: 0
    18: 0
    19: 0
    20: 0
    21: 0
    22: 0
    23: 0
    24: 0
    25: 0
    26: 0
    27: 0
    28: 0
    29: 0
    30: 0
    31: 0
    32: 0
    33: 0
    34: 0
    35: 0
    36: 0
    37: 0
    38: 0
    39: 0
    40: 0
    41: 0
    42: 0
    43: 0
    44: 0
    45: 0
    46: 0
    47: 0
    48: 0
    49: 0
    50: 0
    51: 0
    52: 0
    53: 0
    54: 0
    55: 0
    56: 0
    57: 0
    58: 0
    59: 0
    60: 0
    61: 0
    62: 0
    63: 0
    64: 0
    65: 0
    66: 0
    67: 0
    68: 0
    69: 0
    70: 0
    71: 0
    72: 0
    73: 0
    74: 0
    75: 0
    76: 0
    77: 0
    78: 0
    79: 0
    80: 0
    81: 0
    82: 0
    83: 0
    84: 0
    85: 0
    86: 0
    87: 0
    88: 0
    89: 0
    90: 0
    91: 0
    92: 0
    93: 0
    94: 0
    95: 0
    96: 0
    97: 0
    98: 0
    99: 0
   ACT: 30656 # Activate commands
   PRE: 31068 # Precharge commands
   RD: 30656 # Read commands
   WR: 0 # Write commands
   REF: 139 # Refresh commands
   eACTPRE: 9288768 # Activate/precharge energy
   eRDWR: 41324288 # Read/write energy
   eREF: 462453 # Refresh energy
   eBKGD: 10408474 # Background energy
   eWIRE: 4690368 # Channel wire energy
  mem-3: # Memory channel stats
   rd: 30656 # Read requests
   wr: 0 # Write requests
   rdlat: 2515670644 # Total latency experienced by read requests
   wrlat: 0 # Total latency experienced by write requests
   rdmlh: # Latency histogram for read requests
    0: 0
    1: 0
    2: 0
    3: 0
    4: 0
    5: 6
    6: 4
    7: 4
    8: 7
    9: 6
    10: 2
    11: 11
    12: 5
    13: 14
    14: 8
    15: 8
    16: 4
    17: 10
    18: 9
    19: 10
    20: 8
    21: 6
    22: 3
    23: 2
    24: 3
    25: 8
    26: 3
    27: 1
    28: 4
    29: 1
    30: 2
    31: 6
    32: 6
    33: 3
    34: 2
    35: 3
    36: 4
    37: 7
    38: 2
    39: 2
    40: 5
    41: 2
    42: 3
    43: 5
    44: 2
    45: 7
    46: 3
    47: 1
    48: 4
    49: 2
    50: 7
    51: 3
    52: 3
    53: 2
    54: 2
    55: 7
    56: 4
    57: 3
    58: 2
    59: 1
    60: 4
    61: 5
    62: 3
    63: 3
    64: 3
    65: 2
    66: 3
    67: 7
    68: 4
    69: 2
    70: 3
    71: 6
    72: 2
    73: 4
    74: 4
    75: 4
    76: 1
    77: 7
    78: 2
    79: 4
    80: 3
    81: 2
    82: 4
    83: 1
    84: 2
    85: 1
    86: 2
    87: 6
    88: 2
    89: 3
    90: 4
    91: 2
    92: 6
    93: 1
    94: 3
    95: 3
    96: 3
    97: 3
    98: 5
    99: 30275
   wrmlh: # Latency histogram for write requests
    0: 0
    1: 0
    2: 0
    3: 0
    4: 0
    5: 0
    6: 0
    7: 0
    8: 0
    9: 0
    10: 0
    11: 0
    12: 0
    13: 0
    14: 0
    15: 0
    16: 0
    17: 0
    18: 0
    19: 0
    20: 0
    21: 0
    22: 0
    23: 0
    24: 0
    25: 0
    26: 0
    27: 0
    28: 0
    29: 0
    30: 0
    31: 0
    32: 0
    33: 0
    34: 0
    35: 0
    36: 0
    37: 0
    38: 0
    39: 0
    40: 0
    41: 0
    42: 0
    43: 0
    44: 0
    45: 0
    46: 0
    47: 0
    48: 0
    49: 0
    50: 0
    51: 0
    52: 0
    53: 0
    54: 0
    55: 0
    56: 0
    57: 0
    58: 0
    59: 0
    60: 0
    61: 0
    62: 0
    63: 0
    64: 0
    65: 0
    66: 0
    67: 0
    68: 0
    69: 0
    70: 0
    71: 0
    72: 0
    73: 0
    74: 0
    75: 0
    76: 0
    77: 0
    78: 0
    79: 0
    80: 0
    81: 0
    82: 0
    83: 0
    84: 0
    85: 0
    86: 0
    87: 0
    88: 0
    89: 0
    90: 0
    91: 0
    92: 0
    93: 0
    94: 0
    95: 0
    96: 0
    97: 0
    98: 0
    99: 0
   ACT: 30656 # Activate commands
   PRE: 31067 # Precharge commands
   RD: 30656 # Read commands
   WR: 0 # Write commands
   REF: 139 # Refresh commands
   eACTPRE: 9288768 # Activate/precharge energy
   eRDWR: 41324288 # Read/write energy
   eREF: 462453 # Refresh energy
   eBKGD: 10422598 # Background energy
   eWIRE: 4690368 # Channel wire energy
 sched: # Scheduler stats
  thCr: 0 # Threads created
  thFn: 0 # Threads finished
  schedEvs: 0 # Schedule events
  waitEvs: 0 # Wait events
  handoffEvs: 0 # Handoff events
  sleepEvs: 0 # Sleep events
  idlePhases: 0 # Phases with no thread active
  idlePeriods: 0 # Periods with no thread active
  occHist: # Occupancy histogram
   0: 27
   1: 0
  rqSzHist: # Run queue size histogram
   0: 27
   1: 0
   2: 0
   3: 0
   4: 0
   5: 0
   6: 0
   7: 0
   8: 0
   9: 0
   10: 0
   11: 0
   12: 0
   13: 0
   14: 0
   15: 0
   16: 0
 procCycles: # Per-process unhalted core cycles
  0: 0
  1: 0
  2: 0
  3: 0
  4: 0
  5: 0
  6: 0
  7: 0
  8: 0
  9: 0
  10: 0
  11: 0
  12: 0
  13: 0
  14: 0
  15: 0
  16: 0
  17: 0
  18: 0
  19: 0
  20: 0
  21: 0
  22: 0
  23: 0
  24: 0
  25: 0
  26: 0
  27: 0
  28: 0
  29: 0
  30: 0
  31: 0
 procInstrs: # Per-process instructions
  0: 0
  1: 0
  2: 0
  3: 0
  4: 0
  5: 0
  6: 0
  7: 0
  8: 0
  9: 0
  10: 0
  11: 0
  12: 0
  13: 0
  14: 0
  15: 0
  16: 0
  17: 0
  18: 0
  19: 0
  20: 0
  21: 0
  22: 0
  23: 0
  24: 0
  25: 0
  26: 0
  27: 0
  28: 0
  29: 0
  30: 0
  31: 0
 heartbeats: # Per-process heartbeats
  0: 0
  1: 0
  2: 0
  3: 0
  4: 0
  5: 0
  6: 0
  7: 0
  8: 0
  9: 0
  10: 0
  11: 0
  12: 0
  13: 0
  14: 0
  15: 0
  16: 0
  17: 0
  18: 0
  19: 0
  20: 0
  21: 0
  22: 0
  23: 0
  24: 0
  25: 0
  26: 0
  27: 0
  28: 0
  29: 0
  30: 0
  31: 0
===
