# zsim stats
===
root: # Stats
 contention: # Contention simulation stats
  domain-0: # Domain stats
   time: 195184090416 # Weave simulation time
 time: # Simulator time breakdown
  init: 817135072
  bound: 349009169936
  weave: 108766423128
  ff: 1201287749
 trigger: 20000 # Reason for this stats dump
 phase: 10631 # Simulated phases
 l: # Logic unit stats
  l-0: # Logic unit stats
   cycles: 106307991 # Simulated unhalted cycles
   cCycles: 15278455 # Cycles due to contention stalls
   ops: 722944 # Simulated operations
   compOps: 2048 # Simulated compute operations
  l-1: # Logic unit stats
   cycles: 106264949 # Simulated unhalted cycles
   cCycles: 15235413 # Cycles due to contention stalls
   ops: 722944 # Simulated operations
   compOps: 2048 # Simulated compute operations
  l-2: # Logic unit stats
   cycles: 105932349 # Simulated unhalted cycles
   cCycles: 14968349 # Cycles due to contention stalls
   ops: 706560 # Simulated operations
   compOps: 2048 # Simulated compute operations
  l-3: # Logic unit stats
   cycles: 105953169 # Simulated unhalted cycles
   cCycles: 14989169 # Cycles due to contention stalls
   ops: 706560 # Simulated operations
   compOps: 2048 # Simulated compute operations
 c: # Core stats
  c-0: # Core stats
   cycles: 0 # Simulated cycles
   instrs: 0 # Simulated instructions
  c-1: # Core stats
   cycles: 0 # Simulated cycles
   instrs: 0 # Simulated instructions
  c-2: # Core stats
   cycles: 0 # Simulated cycles
   instrs: 0 # Simulated instructions
  c-3: # Core stats
   cycles: 0 # Simulated cycles
   instrs: 0 # Simulated instructions
 rdbuf: # Cache stats
  rdbuf-0: # Filter cache stats
   fhGETS: 0 # Filtered GETS hits
   fhGETX: 0 # Filtered GETX hits
   hGETS: 0 # GETS hits
   hGETX: 0 # GETX hits
   mGETS: 1097728 # GETS misses
   mGETXIM: 0 # GETX I->M misses
   mGETXSM: 0 # GETX S->M misses (upgrade misses)
   PUTS: 0 # Clean evictions (from lower level)
   PUTX: 0 # Dirty evictions (from lower level)
   INV: 64 # Invalidates (from upper level)
   INVX: 0 # Downgrades (from upper level)
   FWD: 0 # Forwards (from upper level)
   latGETnl: 31377164 # GET request latency on next level
   latGETnet: 0 # GET request latency on network to next level
  rdbuf-1: # Filter cache stats
   fhGETS: 0 # Filtered GETS hits
   fhGETX: 0 # Filtered GETX hits
   hGETS: 0 # GETS hits
   hGETX: 0 # GETX hits
   mGETS: 1097728 # GETS misses
   mGETXIM: 0 # GETX I->M misses
   mGETXSM: 0 # GETX S->M misses (upgrade misses)
   PUTS: 0 # Clean evictions (from lower level)
   PUTX: 0 # Dirty evictions (from lower level)
   INV: 64 # Invalidates (from upper level)
   INVX: 0 # Downgrades (from upper level)
   FWD: 0 # Forwards (from upper level)
   latGETnl: 31377164 # GET request latency on next level
   latGETnet: 0 # GET request latency on network to next level
  rdbuf-2: # Filter cache stats
   fhGETS: 0 # Filtered GETS hits
   fhGETX: 0 # Filtered GETX hits
   hGETS: 0 # GETS hits
   hGETX: 0 # GETX hits
   mGETS: 1056768 # GETS misses
   mGETXIM: 0 # GETX I->M misses
   mGETXSM: 0 # GETX S->M misses (upgrade misses)
   PUTS: 0 # Clean evictions (from lower level)
   PUTX: 0 # Dirty evictions (from lower level)
   INV: 64 # Invalidates (from upper level)
   INVX: 0 # Downgrades (from upper level)
   FWD: 0 # Forwards (from upper level)
   latGETnl: 30066444 # GET request latency on next level
   latGETnet: 0 # GET request latency on network to next level
  rdbuf-3: # Filter cache stats
   fhGETS: 0 # Filtered GETS hits
   fhGETX: 0 # Filtered GETX hits
   hGETS: 0 # GETS hits
   hGETX: 0 # GETX hits
   mGETS: 1056768 # GETS misses
   mGETXIM: 0 # GETX I->M misses
   mGETXSM: 0 # GETX S->M misses (upgrade misses)
   PUTS: 0 # Clean evictions (from lower level)
   PUTX: 0 # Dirty evictions (from lower level)
   INV: 64 # Invalidates (from upper level)
   INVX: 0 # Downgrades (from upper level)
   FWD: 0 # Forwards (from upper level)
   latGETnl: 30066444 # GET request latency on next level
   latGETnet: 0 # GET request latency on network to next level
 wrbuf: # Cache stats
  wrbuf-0: # Filter cache stats
   fhGETS: 0 # Filtered GETS hits
   fhGETX: 0 # Filtered GETX hits
   hGETS: 0 # GETS hits
   hGETX: 0 # GETX hits
   mGETS: 0 # GETS misses
   mGETXIM: 573440 # GETX I->M misses
   mGETXSM: 0 # GETX S->M misses (upgrade misses)
   PUTS: 0 # Clean evictions (from lower level)
   PUTX: 0 # Dirty evictions (from lower level)
   INV: 64 # Invalidates (from upper level)
   INVX: 0 # Downgrades (from upper level)
   FWD: 0 # Forwards (from upper level)
   latGETnl: 18345740 # GET request latency on next level
   latGETnet: 0 # GET request latency on network to next level
  wrbuf-1: # Filter cache stats
   fhGETS: 0 # Filtered GETS hits
   fhGETX: 0 # Filtered GETX hits
   hGETS: 0 # GETS hits
   hGETX: 0 # GETX hits
   mGETS: 0 # GETS misses
   mGETXIM: 573440 # GETX I->M misses
   mGETXSM: 0 # GETX S->M misses (upgrade misses)
   PUTS: 0 # Clean evictions (from lower level)
   PUTX: 0 # Dirty evictions (from lower level)
   INV: 64 # Invalidates (from upper level)
   INVX: 0 # Downgrades (from upper level)
   FWD: 0 # Forwards (from upper level)
   latGETnl: 18345740 # GET request latency on next level
   latGETnet: 0 # GET request latency on network to next level
  wrbuf-2: # Filter cache stats
   fhGETS: 0 # Filtered GETS hits
   fhGETX: 0 # Filtered GETX hits
   hGETS: 0 # GETS hits
   hGETX: 0 # GETX hits
   mGETS: 0 # GETS misses
   mGETXIM: 573440 # GETX I->M misses
   mGETXSM: 0 # GETX S->M misses (upgrade misses)
   PUTS: 0 # Clean evictions (from lower level)
   PUTX: 0 # Dirty evictions (from lower level)
   INV: 64 # Invalidates (from upper level)
   INVX: 0 # Downgrades (from upper level)
   FWD: 0 # Forwards (from upper level)
   latGETnl: 18345740 # GET request latency on next level
   latGETnet: 0 # GET request latency on network to next level
  wrbuf-3: # Filter cache stats
   fhGETS: 0 # Filtered GETS hits
   fhGETX: 0 # Filtered GETX hits
   hGETS: 0 # GETS hits
   hGETX: 0 # GETX hits
   mGETS: 0 # GETS misses
   mGETXIM: 573440 # GETX I->M misses
   mGETXSM: 0 # GETX S->M misses (upgrade misses)
   PUTS: 0 # Clean evictions (from lower level)
   PUTX: 0 # Dirty evictions (from lower level)
   INV: 64 # Invalidates (from upper level)
   INVX: 0 # Downgrades (from upper level)
   FWD: 0 # Forwards (from upper level)
   latGETnl: 18345740 # GET request latency on next level
   latGETnet: 0 # GET request latency on network to next level
 gbuf: # Cache stats
  gbuf-0b0: # Cache stats
   hGETS: 14356 # GETS hits
   hGETX: 20 # GETX hits
   mGETS: 122522 # GETS misses
   mGETXIM: 71784 # GETX I->M misses
   mGETXSM: 0 # GETX S->M misses (upgrade misses)
   PUTS: 136873 # Clean evictions (from lower level)
   PUTX: 71794 # Dirty evictions (from lower level)
   INV: 0 # Invalidates (from upper level)
   INVX: 0 # Downgrades (from upper level)
   FWD: 0 # Forwards (from upper level)
   latGETnl: 6023486 # GET request latency on next level
   latGETnet: 0 # GET request latency on network to next level
  gbuf-0b1: # Cache stats
   hGETS: 15378 # GETS hits
   hGETX: 18 # GETX hits
   mGETS: 121582 # GETS misses
   mGETXIM: 71622 # GETX I->M misses
   mGETXSM: 0 # GETX S->M misses (upgrade misses)
   PUTS: 136954 # Clean evictions (from lower level)
   PUTX: 71628 # Dirty evictions (from lower level)
   INV: 0 # Invalidates (from upper level)
   INVX: 0 # Downgrades (from upper level)
   FWD: 0 # Forwards (from upper level)
   latGETnl: 5989324 # GET request latency on next level
   latGETnet: 0 # GET request latency on network to next level
  gbuf-0b2: # Cache stats
   hGETS: 15376 # GETS hits
   hGETX: 16 # GETX hits
   mGETS: 122133 # GETS misses
   mGETXIM: 71538 # GETX I->M misses
   mGETXSM: 0 # GETX S->M misses (upgrade misses)
   PUTS: 137499 # Clean evictions (from lower level)
   PUTX: 71550 # Dirty evictions (from lower level)
   INV: 0 # Invalidates (from upper level)
   INVX: 0 # Downgrades (from upper level)
   FWD: 0 # Forwards (from upper level)
   latGETnl: 6003801 # GET request latency on next level
   latGETnet: 0 # GET request latency on network to next level
  gbuf-0b3: # Cache stats
   hGETS: 15378 # GETS hits
   hGETX: 18 # GETX hits
   mGETS: 122124 # GETS misses
   mGETXIM: 71698 # GETX I->M misses
   mGETXSM: 0 # GETX S->M misses (upgrade misses)
   PUTS: 137491 # Clean evictions (from lower level)
   PUTX: 71710 # Dirty evictions (from lower level)
   INV: 0 # Invalidates (from upper level)
   INVX: 0 # Downgrades (from upper level)
   FWD: 0 # Forwards (from upper level)
   latGETnl: 6008482 # GET request latency on next level
   latGETnet: 0 # GET request latency on network to next level
  gbuf-0b4: # Cache stats
   hGETS: 14354 # GETS hits
   hGETX: 18 # GETX hits
   mGETS: 122533 # GETS misses
   mGETXIM: 71788 # GETX I->M misses
   mGETXSM: 0 # GETX S->M misses (upgrade misses)
   PUTS: 136879 # Clean evictions (from lower level)
   PUTX: 71800 # Dirty evictions (from lower level)
   INV: 0 # Invalidates (from upper level)
   INVX: 0 # Downgrades (from upper level)
   FWD: 0 # Forwards (from upper level)
   latGETnl: 6023951 # GET request latency on next level
   latGETnet: 0 # GET request latency on network to next level
  gbuf-0b5: # Cache stats
   hGETS: 15376 # GETS hits
   hGETX: 16 # GETX hits
   mGETS: 121589 # GETS misses
   mGETXIM: 71626 # GETX I->M misses
   mGETXSM: 0 # GETX S->M misses (upgrade misses)
   PUTS: 136958 # Clean evictions (from lower level)
   PUTX: 71638 # Dirty evictions (from lower level)
   INV: 0 # Invalidates (from upper level)
   INVX: 0 # Downgrades (from upper level)
   FWD: 0 # Forwards (from upper level)
   latGETnl: 5989665 # GET request latency on next level
   latGETnet: 0 # GET request latency on network to next level
  gbuf-0b6: # Cache stats
   hGETS: 15376 # GETS hits
   hGETX: 16 # GETX hits
   mGETS: 122138 # GETS misses
   mGETXIM: 71540 # GETX I->M misses
   mGETXSM: 0 # GETX S->M misses (upgrade misses)
   PUTS: 137504 # Clean evictions (from lower level)
   PUTX: 71544 # Dirty evictions (from lower level)
   INV: 0 # Invalidates (from upper level)
   INVX: 0 # Downgrades (from upper level)
   FWD: 0 # Forwards (from upper level)
   latGETnl: 6004018 # GET request latency on next level
   latGETnet: 0 # GET request latency on network to next level
  gbuf-0b7: # Cache stats
   hGETS: 15378 # GETS hits
   hGETX: 18 # GETX hits
   mGETS: 122135 # GETS misses
   mGETXIM: 71704 # GETX I->M misses
   mGETXSM: 0 # GETX S->M misses (upgrade misses)
   PUTS: 137504 # Clean evictions (from lower level)
   PUTX: 71712 # Dirty evictions (from lower level)
   INV: 0 # Invalidates (from upper level)
   INVX: 0 # Downgrades (from upper level)
   FWD: 0 # Forwards (from upper level)
   latGETnl: 6009009 # GET request latency on next level
   latGETnet: 0 # GET request latency on network to next level
  gbuf-1b0: # Cache stats
   hGETS: 14354 # GETS hits
   hGETX: 18 # GETX hits
   mGETS: 123782 # GETS misses
   mGETXIM: 71622 # GETX I->M misses
   mGETXSM: 0 # GETX S->M misses (upgrade misses)
   PUTS: 138131 # Clean evictions (from lower level)
   PUTX: 71630 # Dirty evictions (from lower level)
   INV: 0 # Invalidates (from upper level)
   INVX: 0 # Downgrades (from upper level)
   FWD: 0 # Forwards (from upper level)
   latGETnl: 6057524 # GET request latency on next level
   latGETnet: 0 # GET request latency on network to next level
  gbuf-1b1: # Cache stats
   hGETS: 15380 # GETS hits
   hGETX: 20 # GETX hits
   mGETS: 122843 # GETS misses
   mGETXIM: 71786 # GETX I->M misses
   mGETXSM: 0 # GETX S->M misses (upgrade misses)
   PUTS: 138214 # Clean evictions (from lower level)
   PUTX: 71796 # Dirty evictions (from lower level)
   INV: 0 # Invalidates (from upper level)
   INVX: 0 # Downgrades (from upper level)
   FWD: 0 # Forwards (from upper level)
   latGETnl: 6033499 # GET request latency on next level
   latGETnet: 0 # GET request latency on network to next level
  gbuf-1b2: # Cache stats
   hGETS: 15378 # GETS hits
   hGETX: 18 # GETX hits
   mGETS: 120868 # GETS misses
   mGETXIM: 71698 # GETX I->M misses
   mGETXSM: 0 # GETX S->M misses (upgrade misses)
   PUTS: 136236 # Clean evictions (from lower level)
   PUTX: 71714 # Dirty evictions (from lower level)
   INV: 0 # Invalidates (from upper level)
   INVX: 0 # Downgrades (from upper level)
   FWD: 0 # Forwards (from upper level)
   latGETnl: 5969546 # GET request latency on next level
   latGETnet: 0 # GET request latency on network to next level
  gbuf-1b3: # Cache stats
   hGETS: 15376 # GETS hits
   hGETX: 16 # GETX hits
   mGETS: 120873 # GETS misses
   mGETXIM: 71538 # GETX I->M misses
   mGETXSM: 0 # GETX S->M misses (upgrade misses)
   PUTS: 136244 # Clean evictions (from lower level)
   PUTX: 71552 # Dirty evictions (from lower level)
   INV: 0 # Invalidates (from upper level)
   INVX: 0 # Downgrades (from upper level)
   FWD: 0 # Forwards (from upper level)
   latGETnl: 5964741 # GET request latency on next level
   latGETnet: 0 # GET request latency on network to next level
  gbuf-1b4: # Cache stats
   hGETS: 14352 # GETS hits
   hGETX: 16 # GETX hits
   mGETS: 123784 # GETS misses
   mGETXIM: 71624 # GETX I->M misses
   mGETXSM: 0 # GETX S->M misses (upgrade misses)
   PUTS: 138128 # Clean evictions (from lower level)
   PUTX: 71632 # Dirty evictions (from lower level)
   INV: 0 # Invalidates (from upper level)
   INVX: 0 # Downgrades (from upper level)
   FWD: 0 # Forwards (from upper level)
   latGETnl: 6057648 # GET request latency on next level
   latGETnet: 0 # GET request latency on network to next level
  gbuf-1b5: # Cache stats
   hGETS: 15378 # GETS hits
   hGETX: 18 # GETX hits
   mGETS: 122849 # GETS misses
   mGETXIM: 71788 # GETX I->M misses
   mGETXSM: 0 # GETX S->M misses (upgrade misses)
   PUTS: 138214 # Clean evictions (from lower level)
   PUTX: 71798 # Dirty evictions (from lower level)
   INV: 0 # Invalidates (from upper level)
   INVX: 0 # Downgrades (from upper level)
   FWD: 0 # Forwards (from upper level)
   latGETnl: 6033747 # GET request latency on next level
   latGETnet: 0 # GET request latency on network to next level
  gbuf-1b6: # Cache stats
   hGETS: 15378 # GETS hits
   hGETX: 18 # GETX hits
   mGETS: 120873 # GETS misses
   mGETXIM: 71700 # GETX I->M misses
   mGETXSM: 0 # GETX S->M misses (upgrade misses)
   PUTS: 136241 # Clean evictions (from lower level)
   PUTX: 71706 # Dirty evictions (from lower level)
   INV: 0 # Invalidates (from upper level)
   INVX: 0 # Downgrades (from upper level)
   FWD: 0 # Forwards (from upper level)
   latGETnl: 5969763 # GET request latency on next level
   latGETnet: 0 # GET request latency on network to next level
  gbuf-1b7: # Cache stats
   hGETS: 15376 # GETS hits
   hGETX: 16 # GETX hits
   mGETS: 120884 # GETS misses
   mGETXIM: 71544 # GETX I->M misses
   mGETXSM: 0 # GETX S->M misses (upgrade misses)
   PUTS: 136254 # Clean evictions (from lower level)
   PUTX: 71548 # Dirty evictions (from lower level)
   INV: 0 # Invalidates (from upper level)
   INVX: 0 # Downgrades (from upper level)
   FWD: 0 # Forwards (from upper level)
   latGETnl: 5965268 # GET request latency on next level
   latGETnet: 0 # GET request latency on network to next level
  gbuf-2b0: # Cache stats
   hGETS: 14352 # GETS hits
   hGETX: 16 # GETX hits
   mGETS: 117138 # GETS misses
   mGETXIM: 71540 # GETX I->M misses
   mGETXSM: 0 # GETX S->M misses (upgrade misses)
   PUTS: 131477 # Clean evictions (from lower level)
   PUTX: 71548 # Dirty evictions (from lower level)
   INV: 0 # Invalidates (from upper level)
   INVX: 0 # Downgrades (from upper level)
   FWD: 0 # Forwards (from upper level)
   latGETnl: 5849018 # GET request latency on next level
   latGETnet: 0 # GET request latency on network to next level
  gbuf-2b1: # Cache stats
   hGETS: 15378 # GETS hits
   hGETX: 18 # GETX hits
   mGETS: 116026 # GETS misses
   mGETXIM: 71702 # GETX I->M misses
   mGETXSM: 0 # GETX S->M misses (upgrade misses)
   PUTS: 131402 # Clean evictions (from lower level)
   PUTX: 71716 # Dirty evictions (from lower level)
   INV: 0 # Invalidates (from upper level)
   INVX: 0 # Downgrades (from upper level)
   FWD: 0 # Forwards (from upper level)
   latGETnl: 5819568 # GET request latency on next level
   latGETnet: 0 # GET request latency on network to next level
  gbuf-2b2: # Cache stats
   hGETS: 15380 # GETS hits
   hGETX: 20 # GETX hits
   mGETS: 117328 # GETS misses
   mGETXIM: 71788 # GETX I->M misses
   mGETXSM: 0 # GETX S->M misses (upgrade misses)
   PUTS: 132706 # Clean evictions (from lower level)
   PUTX: 71804 # Dirty evictions (from lower level)
   INV: 0 # Invalidates (from upper level)
   INVX: 0 # Downgrades (from upper level)
   FWD: 0 # Forwards (from upper level)
   latGETnl: 5862596 # GET request latency on next level
   latGETnet: 0 # GET request latency on network to next level
  gbuf-2b3: # Cache stats
   hGETS: 15378 # GETS hits
   hGETX: 18 # GETX hits
   mGETS: 117416 # GETS misses
   mGETXIM: 71626 # GETX I->M misses
   mGETXSM: 0 # GETX S->M misses (upgrade misses)
   PUTS: 132781 # Clean evictions (from lower level)
   PUTX: 71636 # Dirty evictions (from lower level)
   INV: 0 # Invalidates (from upper level)
   INVX: 0 # Downgrades (from upper level)
   FWD: 0 # Forwards (from upper level)
   latGETnl: 5860302 # GET request latency on next level
   latGETnet: 0 # GET request latency on network to next level
  gbuf-2b4: # Cache stats
   hGETS: 14352 # GETS hits
   hGETX: 16 # GETX hits
   mGETS: 117142 # GETS misses
   mGETXIM: 71540 # GETX I->M misses
   mGETXSM: 0 # GETX S->M misses (upgrade misses)
   PUTS: 131486 # Clean evictions (from lower level)
   PUTX: 71548 # Dirty evictions (from lower level)
   INV: 0 # Invalidates (from upper level)
   INVX: 0 # Downgrades (from upper level)
   FWD: 0 # Forwards (from upper level)
   latGETnl: 5849142 # GET request latency on next level
   latGETnet: 0 # GET request latency on network to next level
  gbuf-2b5: # Cache stats
   hGETS: 15378 # GETS hits
   hGETX: 18 # GETX hits
   mGETS: 116024 # GETS misses
   mGETXIM: 71698 # GETX I->M misses
   mGETXSM: 0 # GETX S->M misses (upgrade misses)
   PUTS: 131392 # Clean evictions (from lower level)
   PUTX: 71704 # Dirty evictions (from lower level)
   INV: 0 # Invalidates (from upper level)
   INVX: 0 # Downgrades (from upper level)
   FWD: 0 # Forwards (from upper level)
   latGETnl: 5819382 # GET request latency on next level
   latGETnet: 0 # GET request latency on network to next level
  gbuf-2b6: # Cache stats
   hGETS: 15378 # GETS hits
   hGETX: 18 # GETX hits
   mGETS: 117315 # GETS misses
   mGETXIM: 71784 # GETX I->M misses
   mGETXSM: 0 # GETX S->M misses (upgrade misses)
   PUTS: 132683 # Clean evictions (from lower level)
   PUTX: 71790 # Dirty evictions (from lower level)
   INV: 0 # Invalidates (from upper level)
   INVX: 0 # Downgrades (from upper level)
   FWD: 0 # Forwards (from upper level)
   latGETnl: 5862069 # GET request latency on next level
   latGETnet: 0 # GET request latency on network to next level
  gbuf-2b7: # Cache stats
   hGETS: 15376 # GETS hits
   hGETX: 16 # GETX hits
   mGETS: 117407 # GETS misses
   mGETXIM: 71622 # GETX I->M misses
   mGETXSM: 0 # GETX S->M misses (upgrade misses)
   PUTS: 132775 # Clean evictions (from lower level)
   PUTX: 71630 # Dirty evictions (from lower level)
   INV: 0 # Invalidates (from upper level)
   INVX: 0 # Downgrades (from upper level)
   FWD: 0 # Forwards (from upper level)
   latGETnl: 5859899 # GET request latency on next level
   latGETnet: 0 # GET request latency on network to next level
  gbuf-3b0: # Cache stats
   hGETS: 14354 # GETS hits
   hGETX: 18 # GETX hits
   mGETS: 117051 # GETS misses
   mGETXIM: 71704 # GETX I->M misses
   mGETXSM: 0 # GETX S->M misses (upgrade misses)
   PUTS: 131399 # Clean evictions (from lower level)
   PUTX: 71720 # Dirty evictions (from lower level)
   INV: 0 # Invalidates (from upper level)
   INVX: 0 # Downgrades (from upper level)
   FWD: 0 # Forwards (from upper level)
   latGETnl: 5851405 # GET request latency on next level
   latGETnet: 0 # GET request latency on network to next level
  gbuf-3b1: # Cache stats
   hGETS: 15376 # GETS hits
   hGETX: 16 # GETX hits
   mGETS: 116113 # GETS misses
   mGETXIM: 71538 # GETX I->M misses
   mGETXSM: 0 # GETX S->M misses (upgrade misses)
   PUTS: 131483 # Clean evictions (from lower level)
   PUTX: 71552 # Dirty evictions (from lower level)
   INV: 0 # Invalidates (from upper level)
   INVX: 0 # Downgrades (from upper level)
   FWD: 0 # Forwards (from upper level)
   latGETnl: 5817181 # GET request latency on next level
   latGETnet: 0 # GET request latency on network to next level
  gbuf-3b2: # Cache stats
   hGETS: 15378 # GETS hits
   hGETX: 18 # GETX hits
   mGETS: 117416 # GETS misses
   mGETXIM: 71626 # GETX I->M misses
   mGETXSM: 0 # GETX S->M misses (upgrade misses)
   PUTS: 132785 # Clean evictions (from lower level)
   PUTX: 71634 # Dirty evictions (from lower level)
   INV: 0 # Invalidates (from upper level)
   INVX: 0 # Downgrades (from upper level)
   FWD: 0 # Forwards (from upper level)
   latGETnl: 5860302 # GET request latency on next level
   latGETnet: 0 # GET request latency on network to next level
  gbuf-3b3: # Cache stats
   hGETS: 15380 # GETS hits
   hGETX: 20 # GETX hits
   mGETS: 117327 # GETS misses
   mGETXIM: 71786 # GETX I->M misses
   mGETXSM: 0 # GETX S->M misses (upgrade misses)
   PUTS: 132698 # Clean evictions (from lower level)
   PUTX: 71796 # Dirty evictions (from lower level)
   INV: 0 # Invalidates (from upper level)
   INVX: 0 # Downgrades (from upper level)
   FWD: 0 # Forwards (from upper level)
   latGETnl: 5862503 # GET request latency on next level
   latGETnet: 0 # GET request latency on network to next level
  gbuf-3b4: # Cache stats
   hGETS: 14354 # GETS hits
   hGETX: 18 # GETX hits
   mGETS: 117045 # GETS misses
   mGETXIM: 71700 # GETX I->M misses
   mGETXSM: 0 # GETX S->M misses (upgrade misses)
   PUTS: 131393 # Clean evictions (from lower level)
   PUTX: 71706 # Dirty evictions (from lower level)
   INV: 0 # Invalidates (from upper level)
   INVX: 0 # Downgrades (from upper level)
   FWD: 0 # Forwards (from upper level)
   latGETnl: 5851095 # GET request latency on next level
   latGETnet: 0 # GET request latency on network to next level
  gbuf-3b5: # Cache stats
   hGETS: 15376 # GETS hits
   hGETX: 16 # GETX hits
   mGETS: 116113 # GETS misses
   mGETXIM: 71538 # GETX I->M misses
   mGETXSM: 0 # GETX S->M misses (upgrade misses)
   PUTS: 131483 # Clean evictions (from lower level)
   PUTX: 71542 # Dirty evictions (from lower level)
   INV: 0 # Invalidates (from upper level)
   INVX: 0 # Downgrades (from upper level)
   FWD: 0 # Forwards (from upper level)
   latGETnl: 5817181 # GET request latency on next level
   latGETnet: 0 # GET request latency on network to next level
  gbuf-3b6: # Cache stats
   hGETS: 15376 # GETS hits
   hGETX: 16 # GETX hits
   mGETS: 117413 # GETS misses
   mGETXIM: 71626 # GETX I->M misses
   mGETXSM: 0 # GETX S->M misses (upgrade misses)
   PUTS: 132777 # Clean evictions (from lower level)
   PUTX: 71634 # Dirty evictions (from lower level)
   INV: 0 # Invalidates (from upper level)
   INVX: 0 # Downgrades (from upper level)
   FWD: 0 # Forwards (from upper level)
   latGETnl: 5860209 # GET request latency on next level
   latGETnet: 0 # GET request latency on network to next level
  gbuf-3b7: # Cache stats
   hGETS: 15378 # GETS hits
   hGETX: 18 # GETX hits
   mGETS: 117318 # GETS misses
   mGETXIM: 71782 # GETX I->M misses
   mGETXSM: 0 # GETX S->M misses (upgrade misses)
   PUTS: 132684 # Clean evictions (from lower level)
   PUTX: 71792 # Dirty evictions (from lower level)
   INV: 0 # Invalidates (from upper level)
   INVX: 0 # Downgrades (from upper level)
   FWD: 0 # Forwards (from upper level)
   latGETnl: 5862100 # GET request latency on next level
   latGETnet: 0 # GET request latency on network to next level
 mem: # Memory controller stats
  mem-0: # Memory channel stats
   rd: 1550056 # Read requests
   wr: 573440 # Write requests
   rdlat: 90238207013 # Total latency experienced by read requests
   wrlat: 54452621696 # Total latency experienced by write requests
   rdmlh: # Latency histogram for read requests
    0: 0
    1: 0
    2: 0
    3: 0
    4: 0
    5: 5269
    6: 6834
    7: 4234
    8: 1256
    9: 2780
    10: 3614
    11: 2810
    12: 6023
    13: 4386
    14: 2237
    15: 1018
    16: 3229
    17: 2539
    18: 6359
    19: 2178
    20: 2757
    21: 1848
    22: 2244
    23: 2352
    24: 4262
    25: 6399
    26: 3245
    27: 2099
    28: 2599
    29: 806
    30: 4057
    31: 6506
    32: 5163
    33: 2431
    34: 1674
    35: 1112
    36: 1340
    37: 6813
    38: 3423
    39: 3278
    40: 1387
    41: 1422
    42: 2006
    43: 2596
    44: 3239
    45: 2421
    46: 2483
    47: 1234
    48: 1469
    49: 2433
    50: 3475
    51: 2670
    52: 2992
    53: 1883
    54: 1344
    55: 1975
    56: 3310
    57: 3183
    58: 3563
    59: 2132
    60: 2029
    61: 2173
    62: 2841
    63: 3882
    64: 3887
    65: 3303
    66: 2349
    67: 1891
    68: 2252
    69: 2976
    70: 3699
    71: 2296
    72: 2113
    73: 2021
    74: 1896
    75: 2576
    76: 3521
    77: 2797
    78: 2412
    79: 2028
    80: 2315
    81: 2326
    82: 3092
    83: 3069
    84: 2491
    85: 2363
    86: 2413
    87: 2478
    88: 2983
    89: 3338
    90: 3195
    91: 2609
    92: 2848
    93: 2581
    94: 2504
    95: 3254
    96: 3470
    97: 2496
    98: 2750
    99: 1278148
   wrmlh: # Latency histogram for write requests
    0: 0
    1: 0
    2: 0
    3: 0
    4: 0
    5: 77
    6: 45
    7: 69
    8: 229
    9: 519
    10: 528
    11: 674
    12: 550
    13: 590
    14: 273
    15: 305
    16: 453
    17: 624
    18: 668
    19: 1019
    20: 1359
    21: 1050
    22: 665
    23: 835
    24: 865
    25: 769
    26: 770
    27: 1035
    28: 1350
    29: 1330
    30: 993
    31: 1145
    32: 1509
    33: 1361
    34: 1266
    35: 1872
    36: 2378
    37: 2156
    38: 2415
    39: 3224
    40: 4062
    41: 3092
    42: 3213
    43: 5090
    44: 5335
    45: 4040
    46: 3851
    47: 4794
    48: 4752
    49: 3039
    50: 2770
    51: 3802
    52: 3497
    53: 2548
    54: 2311
    55: 2919
    56: 2892
    57: 2097
    58: 2030
    59: 2294
    60: 2329
    61: 1366
    62: 1387
    63: 1766
    64: 1782
    65: 1202
    66: 1099
    67: 1312
    68: 1287
    69: 864
    70: 806
    71: 975
    72: 916
    73: 702
    74: 726
    75: 710
    76: 726
    77: 517
    78: 545
    79: 587
    80: 506
    81: 361
    82: 361
    83: 454
    84: 428
    85: 285
    86: 291
    87: 266
    88: 269
    89: 159
    90: 206
    91: 212
    92: 185
    93: 133
    94: 112
    95: 106
    96: 107
    97: 73
    98: 73
    99: 443851
   ACT: 2123496 # Activate commands
   PRE: 2196547 # Precharge commands
   RD: 1550056 # Read commands
   WR: 573440 # Write commands
   REF: 54546 # Refresh commands
   eACTPRE: 643419288 # Activate/precharge energy
   eRDWR: 2881396128 # Read/write energy
   eREF: 181474542 # Refresh energy
   eBKGD: 4065560967 # Background energy
   eWIRE: 324894888 # Channel wire energy
  mem-1: # Memory channel stats
   rd: 1550056 # Read requests
   wr: 573440 # Write requests
   rdlat: 90158323053 # Total latency experienced by read requests
   wrlat: 54398011514 # Total latency experienced by write requests
   rdmlh: # Latency histogram for read requests
    0: 0
    1: 0
    2: 0
    3: 0
    4: 0
    5: 5035
    6: 6581
    7: 4661
    8: 1394
    9: 2774
    10: 3278
    11: 2750
    12: 6081
    13: 4731
    14: 2250
    15: 1140
    16: 3181
    17: 2128
    18: 4952
    19: 3879
    20: 2719
    21: 2036
    22: 2236
    23: 2316
    24: 3615
    25: 6538
    26: 3639
    27: 1972
    28: 2683
    29: 956
    30: 2869
    31: 6409
    32: 5615
    33: 2194
    34: 2442
    35: 813
    36: 1679
    37: 5723
    38: 4453
    39: 3157
    40: 1534
    41: 1381
    42: 1568
    43: 2907
    44: 2778
    45: 2420
    46: 2899
    47: 1444
    48: 1353
    49: 3151
    50: 2473
    51: 2527
    52: 3198
    53: 1577
    54: 1555
    55: 2998
    56: 2259
    57: 2708
    58: 3650
    59: 2013
    60: 2208
    61: 3361
    62: 3074
    63: 3348
    64: 3830
    65: 2590
    66: 3269
    67: 2807
    68: 2084
    69: 2678
    70: 2925
    71: 1763
    72: 2709
    73: 2352
    74: 1837
    75: 2590
    76: 3229
    77: 1944
    78: 2582
    79: 2188
    80: 2567
    81: 2418
    82: 3347
    83: 2587
    84: 2462
    85: 2674
    86: 2374
    87: 2438
    88: 3495
    89: 3042
    90: 3196
    91: 3173
    92: 2566
    93: 2602
    94: 3542
    95: 3176
    96: 2867
    97: 2356
    98: 2284
    99: 1278250
   wrmlh: # Latency histogram for write requests
    0: 0
    1: 0
    2: 0
    3: 0
    4: 0
    5: 68
    6: 31
    7: 99
    8: 214
    9: 480
    10: 446
    11: 729
    12: 562
    13: 514
    14: 242
    15: 292
    16: 397
    17: 551
    18: 648
    19: 971
    20: 1452
    21: 949
    22: 735
    23: 853
    24: 890
    25: 627
    26: 861
    27: 973
    28: 1392
    29: 1137
    30: 983
    31: 1121
    32: 1407
    33: 1191
    34: 1208
    35: 1988
    36: 2229
    37: 2061
    38: 2302
    39: 3571
    40: 3825
    41: 3170
    42: 3417
    43: 5227
    44: 5485
    45: 3764
    46: 3698
    47: 5108
    48: 4637
    49: 3084
    50: 2879
    51: 3934
    52: 3939
    53: 2748
    54: 2645
    55: 3128
    56: 2782
    57: 1931
    58: 1938
    59: 2328
    60: 2198
    61: 1532
    62: 1512
    63: 2032
    64: 1743
    65: 1088
    66: 1027
    67: 1348
    68: 1191
    69: 916
    70: 838
    71: 975
    72: 954
    73: 729
    74: 652
    75: 736
    76: 635
    77: 523
    78: 552
    79: 457
    80: 438
    81: 380
    82: 396
    83: 432
    84: 343
    85: 265
    86: 254
    87: 294
    88: 222
    89: 188
    90: 159
    91: 191
    92: 165
    93: 125
    94: 96
    95: 95
    96: 85
    97: 70
    98: 59
    99: 443704
   ACT: 2123496 # Activate commands
   PRE: 2196791 # Precharge commands
   RD: 1550056 # Read commands
   WR: 573440 # Write commands
   REF: 54546 # Refresh commands
   eACTPRE: 643419288 # Activate/precharge energy
   eRDWR: 2881396128 # Read/write energy
   eREF: 181474542 # Refresh energy
   eBKGD: 4065650426 # Background energy
   eWIRE: 324894888 # Channel wire energy
  mem-2: # Memory channel stats
   rd: 1509096 # Read requests
   wr: 573440 # Write requests
   rdlat: 89735667665 # Total latency experienced by read requests
   wrlat: 54182410026 # Total latency experienced by write requests
   rdmlh: # Latency histogram for read requests
    0: 0
    1: 0
    2: 0
    3: 0
    4: 0
    5: 4881
    6: 6662
    7: 4654
    8: 1367
    9: 2999
    10: 3234
    11: 3442
    12: 5366
    13: 4250
    14: 2231
    15: 1023
    16: 3303
    17: 1984
    18: 5199
    19: 3804
    20: 2733
    21: 1865
    22: 2171
    23: 2281
    24: 4179
    25: 6103
    26: 3309
    27: 1877
    28: 2534
    29: 696
    30: 3483
    31: 6429
    32: 5463
    33: 2290
    34: 1986
    35: 609
    36: 1366
    37: 5945
    38: 4351
    39: 3413
    40: 1577
    41: 898
    42: 1406
    43: 2154
    44: 3426
    45: 3003
    46: 3315
    47: 1455
    48: 1206
    49: 1731
    50: 2510
    51: 3202
    52: 3789
    53: 1661
    54: 1421
    55: 1556
    56: 2844
    57: 2895
    58: 3983
    59: 2126
    60: 2479
    61: 1545
    62: 2208
    63: 3745
    64: 3492
    65: 3337
    66: 3398
    67: 1746
    68: 2684
    69: 2746
    70: 2487
    71: 2389
    72: 2669
    73: 2273
    74: 1610
    75: 2398
    76: 3045
    77: 2511
    78: 2603
    79: 2489
    80: 2263
    81: 2342
    82: 2876
    83: 2551
    84: 2613
    85: 2194
    86: 2649
    87: 2997
    88: 3515
    89: 2992
    90: 3227
    91: 3081
    92: 2816
    93: 2773
    94: 2849
    95: 2349
    96: 2853
    97: 2736
    98: 2425
    99: 1241501
   wrmlh: # Latency histogram for write requests
    0: 0
    1: 0
    2: 0
    3: 0
    4: 0
    5: 80
    6: 48
    7: 51
    8: 290
    9: 580
    10: 496
    11: 767
    12: 637
    13: 604
    14: 258
    15: 340
    16: 454
    17: 625
    18: 703
    19: 1024
    20: 1581
    21: 1210
    22: 776
    23: 785
    24: 939
    25: 797
    26: 823
    27: 971
    28: 1457
    29: 1394
    30: 1021
    31: 1185
    32: 1554
    33: 1324
    34: 1391
    35: 1769
    36: 2396
    37: 2226
    38: 2401
    39: 3243
    40: 4104
    41: 3155
    42: 3318
    43: 4502
    44: 5593
    45: 4029
    46: 4013
    47: 4804
    48: 4864
    49: 2941
    50: 2785
    51: 3555
    52: 4099
    53: 2591
    54: 2371
    55: 2847
    56: 2946
    57: 1921
    58: 1964
    59: 2184
    60: 2404
    61: 1497
    62: 1416
    63: 1713
    64: 1865
    65: 1163
    66: 1214
    67: 1391
    68: 1387
    69: 839
    70: 762
    71: 859
    72: 1026
    73: 718
    74: 651
    75: 677
    76: 757
    77: 483
    78: 489
    79: 436
    80: 462
    81: 381
    82: 413
    83: 420
    84: 420
    85: 284
    86: 275
    87: 235
    88: 241
    89: 203
    90: 189
    91: 177
    92: 186
    93: 106
    94: 105
    95: 119
    96: 99
    97: 84
    98: 101
    99: 442407
   ACT: 2082536 # Activate commands
   PRE: 2154780 # Precharge commands
   RD: 1509096 # Read commands
   WR: 573440 # Write commands
   REF: 54546 # Refresh commands
   eACTPRE: 631008408 # Activate/precharge energy
   eRDWR: 2826182048 # Read/write energy
   eREF: 181474542 # Refresh energy
   eBKGD: 4064629316 # Background energy
   eWIRE: 318628008 # Channel wire energy
  mem-3: # Memory channel stats
   rd: 1509096 # Read requests
   wr: 573440 # Write requests
   rdlat: 89754654189 # Total latency experienced by read requests
   wrlat: 54228277340 # Total latency experienced by write requests
   rdmlh: # Latency histogram for read requests
    0: 0
    1: 0
    2: 0
    3: 0
    4: 0
    5: 5306
    6: 6728
    7: 4392
    8: 1250
    9: 2779
    10: 3559
    11: 2720
    12: 5751
    13: 4265
    14: 2155
    15: 1010
    16: 3154
    17: 2413
    18: 4979
    19: 3849
    20: 2673
    21: 1814
    22: 2202
    23: 2301
    24: 4183
    25: 6126
    26: 3192
    27: 2063
    28: 2500
    29: 726
    30: 3792
    31: 6606
    32: 5022
    33: 2110
    34: 2263
    35: 1066
    36: 1282
    37: 5632
    38: 4251
    39: 2995
    40: 1625
    41: 913
    42: 1733
    43: 2467
    44: 3196
    45: 2372
    46: 2834
    47: 1994
    48: 1687
    49: 1772
    50: 2732
    51: 2952
    52: 2929
    53: 2184
    54: 1356
    55: 2520
    56: 2572
    57: 2833
    58: 3144
    59: 3112
    60: 1804
    61: 2532
    62: 3079
    63: 2273
    64: 3245
    65: 2783
    66: 3098
    67: 2733
    68: 2358
    69: 2271
    70: 2586
    71: 2502
    72: 2681
    73: 2946
    74: 1913
    75: 2530
    76: 2145
    77: 2539
    78: 2668
    79: 2733
    80: 2394
    81: 2526
    82: 2629
    83: 2559
    84: 2841
    85: 2399
    86: 2743
    87: 3081
    88: 2318
    89: 2705
    90: 3127
    91: 2910
    92: 2919
    93: 2995
    94: 2747
    95: 2648
    96: 3067
    97: 2722
    98: 3280
    99: 1241031
   wrmlh: # Latency histogram for write requests
    0: 0
    1: 0
    2: 0
    3: 0
    4: 0
    5: 72
    6: 37
    7: 87
    8: 257
    9: 467
    10: 523
    11: 860
    12: 629
    13: 488
    14: 296
    15: 267
    16: 408
    17: 633
    18: 701
    19: 1083
    20: 1459
    21: 1173
    22: 749
    23: 864
    24: 874
    25: 736
    26: 828
    27: 1074
    28: 1382
    29: 1193
    30: 1065
    31: 1179
    32: 1305
    33: 1224
    34: 1291
    35: 2065
    36: 2161
    37: 2170
    38: 2262
    39: 3661
    40: 3967
    41: 3206
    42: 3561
    43: 5170
    44: 5241
    45: 3720
    46: 3683
    47: 4977
    48: 4703
    49: 3101
    50: 2762
    51: 3899
    52: 3579
    53: 2590
    54: 2562
    55: 3278
    56: 3080
    57: 1982
    58: 1900
    59: 2307
    60: 2214
    61: 1537
    62: 1465
    63: 1901
    64: 1653
    65: 1175
    66: 1040
    67: 1302
    68: 1264
    69: 813
    70: 854
    71: 1062
    72: 1041
    73: 690
    74: 775
    75: 701
    76: 635
    77: 476
    78: 499
    79: 545
    80: 522
    81: 371
    82: 389
    83: 485
    84: 377
    85: 316
    86: 299
    87: 311
    88: 254
    89: 181
    90: 183
    91: 219
    92: 181
    93: 120
    94: 116
    95: 143
    96: 94
    97: 84
    98: 102
    99: 442260
   ACT: 2082536 # Activate commands
   PRE: 2154730 # Precharge commands
   RD: 1509096 # Read commands
   WR: 573440 # Write commands
   REF: 54546 # Refresh commands
   eACTPRE: 631008408 # Activate/precharge energy
   eRDWR: 2826182048 # Read/write energy
   eREF: 181474542 # Refresh energy
   eBKGD: 4064658510 # Background energy
   eWIRE: 318628008 # Channel wire energy
 itcn: # Interconnect stats
  itcn-r0: # Router stats
   trans: 0 # Transfers
   size: 0 # Total transferred data
  itcn-r1: # Router stats
   trans: 0 # Transfers
   size: 0 # Total transferred data
  itcn-r2: # Router stats
   trans: 0 # Transfers
   size: 0 # Total transferred data
  itcn-r3: # Router stats
   trans: 0 # Transfers
   size: 0 # Total transferred data
 sched: # Scheduler stats
  thCr: 0 # Threads created
  thFn: 0 # Threads finished
  schedEvs: 0 # Schedule events
  waitEvs: 0 # Wait events
  handoffEvs: 0 # Handoff events
  sleepEvs: 0 # Sleep events
  idlePhases: 0 # Phases with no thread active
  idlePeriods: 0 # Periods with no thread active
  occHist: # Occupancy histogram
   0: 10631
   1: 0
   2: 0
   3: 0
   4: 0
  rqSzHist: # Run queue size histogram
   0: 10631
   1: 0
   2: 0
   3: 0
   4: 0
   5: 0
   6: 0
   7: 0
   8: 0
   9: 0
   10: 0
   11: 0
   12: 0
   13: 0
   14: 0
   15: 0
   16: 0
 procCycles: # Per-process unhalted core cycles
  0: 0
  1: 0
  2: 0
  3: 0
  4: 0
  5: 0
  6: 0
  7: 0
  8: 0
  9: 0
  10: 0
  11: 0
  12: 0
  13: 0
  14: 0
  15: 0
  16: 0
  17: 0
  18: 0
  19: 0
  20: 0
  21: 0
  22: 0
  23: 0
  24: 0
  25: 0
  26: 0
  27: 0
  28: 0
  29: 0
  30: 0
  31: 0
 procInstrs: # Per-process instructions
  0: 0
  1: 0
  2: 0
  3: 0
  4: 0
  5: 0
  6: 0
  7: 0
  8: 0
  9: 0
  10: 0
  11: 0
  12: 0
  13: 0
  14: 0
  15: 0
  16: 0
  17: 0
  18: 0
  19: 0
  20: 0
  21: 0
  22: 0
  23: 0
  24: 0
  25: 0
  26: 0
  27: 0
  28: 0
  29: 0
  30: 0
  31: 0
 heartbeats: # Per-process heartbeats
  0: 0
  1: 0
  2: 0
  3: 0
  4: 0
  5: 0
  6: 0
  7: 0
  8: 0
  9: 0
  10: 0
  11: 0
  12: 0
  13: 0
  14: 0
  15: 0
  16: 0
  17: 0
  18: 0
  19: 0
  20: 0
  21: 0
  22: 0
  23: 0
  24: 0
  25: 0
  26: 0
  27: 0
  28: 0
  29: 0
  30: 0
  31: 0
===
