# zsim stats
===
root: # Stats
 contention: # Contention simulation stats
  domain-0: # Domain stats
   time: 2221553203 # Weave simulation time
 time: # Simulator time breakdown
  init: 10204358600
  bound: 3974912421
  weave: 2224525508
  ff: 1232921531
 trigger: 20000 # Reason for this stats dump
 phase: 40 # Simulated phases
 l: # Logic unit stats
  l-0: # Logic unit stats
   cycles: 374969 # Simulated unhalted cycles
   cCycles: 327449 # Cycles due to contention stalls
   ops: 5377 # Simulated operations
   compOps: 1 # Simulated compute operations
  l-1: # Logic unit stats
   cycles: 377265 # Simulated unhalted cycles
   cCycles: 329745 # Cycles due to contention stalls
   ops: 5377 # Simulated operations
   compOps: 1 # Simulated compute operations
  l-2: # Logic unit stats
   cycles: 396219 # Simulated unhalted cycles
   cCycles: 345627 # Cycles due to contention stalls
   ops: 6145 # Simulated operations
   compOps: 1 # Simulated compute operations
  l-3: # Logic unit stats
   cycles: 372697 # Simulated unhalted cycles
   cCycles: 325177 # Cycles due to contention stalls
   ops: 5377 # Simulated operations
   compOps: 1 # Simulated compute operations
 c: # Core stats
  c-0: # Core stats
   cycles: 0 # Simulated cycles
   instrs: 0 # Simulated instructions
 rdbuf: # Cache stats
  rdbuf-0: # Filter cache stats
   fhGETS: 2880 # Filtered GETS hits
   fhGETX: 0 # Filtered GETX hits
   hGETS: 0 # GETS hits
   hGETX: 0 # GETX hits
   mGETS: 35040 # GETS misses
   mGETXIM: 0 # GETX I->M misses
   mGETXSM: 0 # GETX S->M misses (upgrade misses)
   PUTS: 0 # Clean evictions (from lower level)
   PUTX: 0 # Dirty evictions (from lower level)
   INV: 0 # Invalidates (from upper level)
   INVX: 5 # Downgrades (from upper level)
   FWD: 0 # Forwards (from upper level)
   latGETnl: 1120846 # GET request latency on next level
   latGETnet: 0 # GET request latency on network to next level
  rdbuf-1: # Filter cache stats
   fhGETS: 2880 # Filtered GETS hits
   fhGETX: 0 # Filtered GETX hits
   hGETS: 0 # GETS hits
   hGETX: 0 # GETX hits
   mGETS: 40320 # GETS misses
   mGETXIM: 0 # GETX I->M misses
   mGETXSM: 0 # GETX S->M misses (upgrade misses)
   PUTS: 0 # Clean evictions (from lower level)
   PUTX: 0 # Dirty evictions (from lower level)
   INV: 0 # Invalidates (from upper level)
   INVX: 2 # Downgrades (from upper level)
   FWD: 0 # Forwards (from upper level)
   latGETnl: 1173990 # GET request latency on next level
   latGETnet: 0 # GET request latency on network to next level
  rdbuf-2: # Filter cache stats
   fhGETS: 2880 # Filtered GETS hits
   fhGETX: 0 # Filtered GETX hits
   hGETS: 0 # GETS hits
   hGETX: 0 # GETX hits
   mGETS: 41040 # GETS misses
   mGETXIM: 0 # GETX I->M misses
   mGETXSM: 0 # GETX S->M misses (upgrade misses)
   PUTS: 0 # Clean evictions (from lower level)
   PUTX: 0 # Dirty evictions (from lower level)
   INV: 0 # Invalidates (from upper level)
   INVX: 73 # Downgrades (from upper level)
   FWD: 0 # Forwards (from upper level)
   latGETnl: 1157753 # GET request latency on next level
   latGETnet: 0 # GET request latency on network to next level
  rdbuf-3: # Filter cache stats
   fhGETS: 2880 # Filtered GETS hits
   fhGETX: 0 # Filtered GETX hits
   hGETS: 0 # GETS hits
   hGETX: 0 # GETX hits
   mGETS: 40320 # GETS misses
   mGETXIM: 0 # GETX I->M misses
   mGETXSM: 0 # GETX S->M misses (upgrade misses)
   PUTS: 0 # Clean evictions (from lower level)
   PUTX: 0 # Dirty evictions (from lower level)
   INV: 0 # Invalidates (from upper level)
   INVX: 54 # Downgrades (from upper level)
   FWD: 0 # Forwards (from upper level)
   latGETnl: 1249971 # GET request latency on next level
   latGETnet: 0 # GET request latency on network to next level
 wrbuf: # Cache stats
  wrbuf-0: # Filter cache stats
   fhGETS: 0 # Filtered GETS hits
   fhGETX: 720 # Filtered GETX hits
   hGETS: 0 # GETS hits
   hGETX: 0 # GETX hits
   mGETS: 0 # GETS misses
   mGETXIM: 8496 # GETX I->M misses
   mGETXSM: 0 # GETX S->M misses (upgrade misses)
   PUTS: 0 # Clean evictions (from lower level)
   PUTX: 0 # Dirty evictions (from lower level)
   INV: 6 # Invalidates (from upper level)
   INVX: 0 # Downgrades (from upper level)
   FWD: 0 # Forwards (from upper level)
   latGETnl: 262448 # GET request latency on next level
   latGETnet: 0 # GET request latency on network to next level
  wrbuf-1: # Filter cache stats
   fhGETS: 0 # Filtered GETS hits
   fhGETX: 720 # Filtered GETX hits
   hGETS: 0 # GETS hits
   hGETX: 0 # GETX hits
   mGETS: 0 # GETS misses
   mGETXIM: 9792 # GETX I->M misses
   mGETXSM: 0 # GETX S->M misses (upgrade misses)
   PUTS: 0 # Clean evictions (from lower level)
   PUTX: 0 # Dirty evictions (from lower level)
   INV: 9 # Invalidates (from upper level)
   INVX: 0 # Downgrades (from upper level)
   FWD: 0 # Forwards (from upper level)
   latGETnl: 300448 # GET request latency on next level
   latGETnet: 0 # GET request latency on network to next level
  wrbuf-2: # Filter cache stats
   fhGETS: 0 # Filtered GETS hits
   fhGETX: 720 # Filtered GETX hits
   hGETS: 0 # GETS hits
   hGETX: 0 # GETX hits
   mGETS: 0 # GETS misses
   mGETXIM: 9792 # GETX I->M misses
   mGETXSM: 0 # GETX S->M misses (upgrade misses)
   PUTS: 0 # Clean evictions (from lower level)
   PUTX: 0 # Dirty evictions (from lower level)
   INV: 8 # Invalidates (from upper level)
   INVX: 0 # Downgrades (from upper level)
   FWD: 0 # Forwards (from upper level)
   latGETnl: 304044 # GET request latency on next level
   latGETnet: 0 # GET request latency on network to next level
  wrbuf-3: # Filter cache stats
   fhGETS: 0 # Filtered GETS hits
   fhGETX: 720 # Filtered GETX hits
   hGETS: 0 # GETS hits
   hGETX: 0 # GETX hits
   mGETS: 0 # GETS misses
   mGETXIM: 9792 # GETX I->M misses
   mGETXSM: 0 # GETX S->M misses (upgrade misses)
   PUTS: 0 # Clean evictions (from lower level)
   PUTX: 0 # Dirty evictions (from lower level)
   INV: 3 # Invalidates (from upper level)
   INVX: 0 # Downgrades (from upper level)
   FWD: 0 # Forwards (from upper level)
   latGETnl: 300324 # GET request latency on next level
   latGETnet: 0 # GET request latency on network to next level
 gbuf: # Cache stats
  gbuf-0b0: # Cache stats
   hGETS: 1261 # GETS hits
   hGETX: 180 # GETX hits
   mGETS: 18329 # GETS misses
   mGETXIM: 4554 # GETX I->M misses
   mGETXSM: 0 # GETX S->M misses (upgrade misses)
   PUTS: 19590 # Clean evictions (from lower level)
   PUTX: 4729 # Dirty evictions (from lower level)
   INV: 0 # Invalidates (from upper level)
   INVX: 0 # Downgrades (from upper level)
   FWD: 0 # Forwards (from upper level)
   latGETnl: 709373 # GET request latency on next level
   latGETnet: 0 # GET request latency on network to next level
  gbuf-0b1: # Cache stats
   hGETS: 1261 # GETS hits
   hGETX: 180 # GETX hits
   mGETS: 18331 # GETS misses
   mGETXIM: 4554 # GETX I->M misses
   mGETXSM: 0 # GETX S->M misses (upgrade misses)
   PUTS: 19592 # Clean evictions (from lower level)
   PUTX: 4730 # Dirty evictions (from lower level)
   INV: 0 # Invalidates (from upper level)
   INVX: 0 # Downgrades (from upper level)
   FWD: 0 # Forwards (from upper level)
   latGETnl: 709435 # GET request latency on next level
   latGETnet: 0 # GET request latency on network to next level
  gbuf-0b2: # Cache stats
   hGETS: 1260 # GETS hits
   hGETX: 180 # GETX hits
   mGETS: 18331 # GETS misses
   mGETXIM: 4554 # GETX I->M misses
   mGETXSM: 0 # GETX S->M misses (upgrade misses)
   PUTS: 19591 # Clean evictions (from lower level)
   PUTX: 4733 # Dirty evictions (from lower level)
   INV: 0 # Invalidates (from upper level)
   INVX: 0 # Downgrades (from upper level)
   FWD: 0 # Forwards (from upper level)
   latGETnl: 709435 # GET request latency on next level
   latGETnet: 0 # GET request latency on network to next level
  gbuf-0b3: # Cache stats
   hGETS: 1258 # GETS hits
   hGETX: 180 # GETX hits
   mGETS: 18329 # GETS misses
   mGETXIM: 4554 # GETX I->M misses
   mGETXSM: 0 # GETX S->M misses (upgrade misses)
   PUTS: 19587 # Clean evictions (from lower level)
   PUTX: 4731 # Dirty evictions (from lower level)
   INV: 0 # Invalidates (from upper level)
   INVX: 0 # Downgrades (from upper level)
   FWD: 0 # Forwards (from upper level)
   latGETnl: 709373 # GET request latency on next level
   latGETnet: 0 # GET request latency on network to next level
  gbuf-0b4: # Cache stats
   hGETS: 1261 # GETS hits
   hGETX: 180 # GETX hits
   mGETS: 18330 # GETS misses
   mGETXIM: 4554 # GETX I->M misses
   mGETXSM: 0 # GETX S->M misses (upgrade misses)
   PUTS: 19591 # Clean evictions (from lower level)
   PUTX: 4730 # Dirty evictions (from lower level)
   INV: 0 # Invalidates (from upper level)
   INVX: 0 # Downgrades (from upper level)
   FWD: 0 # Forwards (from upper level)
   latGETnl: 709404 # GET request latency on next level
   latGETnet: 0 # GET request latency on network to next level
  gbuf-0b5: # Cache stats
   hGETS: 1259 # GETS hits
   hGETX: 180 # GETX hits
   mGETS: 18331 # GETS misses
   mGETXIM: 4554 # GETX I->M misses
   mGETXSM: 0 # GETX S->M misses (upgrade misses)
   PUTS: 19586 # Clean evictions (from lower level)
   PUTX: 4730 # Dirty evictions (from lower level)
   INV: 0 # Invalidates (from upper level)
   INVX: 0 # Downgrades (from upper level)
   FWD: 0 # Forwards (from upper level)
   latGETnl: 709435 # GET request latency on next level
   latGETnet: 0 # GET request latency on network to next level
  gbuf-0b6: # Cache stats
   hGETS: 1257 # GETS hits
   hGETX: 180 # GETX hits
   mGETS: 18329 # GETS misses
   mGETXIM: 4554 # GETX I->M misses
   mGETXSM: 0 # GETX S->M misses (upgrade misses)
   PUTS: 19586 # Clean evictions (from lower level)
   PUTX: 4733 # Dirty evictions (from lower level)
   INV: 0 # Invalidates (from upper level)
   INVX: 0 # Downgrades (from upper level)
   FWD: 0 # Forwards (from upper level)
   latGETnl: 709373 # GET request latency on next level
   latGETnet: 0 # GET request latency on network to next level
  gbuf-0b7: # Cache stats
   hGETS: 1263 # GETS hits
   hGETX: 180 # GETX hits
   mGETS: 18330 # GETS misses
   mGETXIM: 4554 # GETX I->M misses
   mGETXSM: 0 # GETX S->M misses (upgrade misses)
   PUTS: 19593 # Clean evictions (from lower level)
   PUTX: 4727 # Dirty evictions (from lower level)
   INV: 0 # Invalidates (from upper level)
   INVX: 0 # Downgrades (from upper level)
   FWD: 0 # Forwards (from upper level)
   latGETnl: 709404 # GET request latency on next level
   latGETnet: 0 # GET request latency on network to next level
 mem: # Memory controller stats
  mem-0: # Memory channel stats
   rd: 45768 # Read requests
   wr: 0 # Write requests
   rdlat: 5820002158 # Total latency experienced by read requests
   wrlat: 0 # Total latency experienced by write requests
   rdmlh: # Latency histogram for read requests
    0: 0
    1: 0
    2: 0
    3: 0
    4: 0
    5: 3
    6: 5
    7: 8
    8: 1
    9: 0
    10: 0
    11: 0
    12: 5
    13: 10
    14: 4
    15: 0
    16: 0
    17: 1
    18: 2
    19: 9
    20: 4
    21: 2
    22: 2
    23: 2
    24: 2
    25: 7
    26: 4
    27: 4
    28: 2
    29: 2
    30: 3
    31: 4
    32: 7
    33: 4
    34: 3
    35: 6
    36: 1
    37: 5
    38: 2
    39: 5
    40: 5
    41: 3
    42: 0
    43: 4
    44: 2
    45: 3
    46: 3
    47: 2
    48: 1
    49: 5
    50: 3
    51: 3
    52: 6
    53: 3
    54: 1
    55: 4
    56: 4
    57: 4
    58: 3
    59: 4
    60: 1
    61: 3
    62: 2
    63: 8
    64: 1
    65: 4
    66: 2
    67: 3
    68: 2
    69: 5
    70: 3
    71: 5
    72: 4
    73: 2
    74: 2
    75: 3
    76: 1
    77: 6
    78: 5
    79: 4
    80: 1
    81: 1
    82: 2
    83: 2
    84: 5
    85: 5
    86: 1
    87: 4
    88: 3
    89: 2
    90: 4
    91: 6
    92: 0
    93: 4
    94: 2
    95: 3
    96: 2
    97: 2
    98: 4
    99: 45467
   wrmlh: # Latency histogram for write requests
    0: 0
    1: 0
    2: 0
    3: 0
    4: 0
    5: 0
    6: 0
    7: 0
    8: 0
    9: 0
    10: 0
    11: 0
    12: 0
    13: 0
    14: 0
    15: 0
    16: 0
    17: 0
    18: 0
    19: 0
    20: 0
    21: 0
    22: 0
    23: 0
    24: 0
    25: 0
    26: 0
    27: 0
    28: 0
    29: 0
    30: 0
    31: 0
    32: 0
    33: 0
    34: 0
    35: 0
    36: 0
    37: 0
    38: 0
    39: 0
    40: 0
    41: 0
    42: 0
    43: 0
    44: 0
    45: 0
    46: 0
    47: 0
    48: 0
    49: 0
    50: 0
    51: 0
    52: 0
    53: 0
    54: 0
    55: 0
    56: 0
    57: 0
    58: 0
    59: 0
    60: 0
    61: 0
    62: 0
    63: 0
    64: 0
    65: 0
    66: 0
    67: 0
    68: 0
    69: 0
    70: 0
    71: 0
    72: 0
    73: 0
    74: 0
    75: 0
    76: 0
    77: 0
    78: 0
    79: 0
    80: 0
    81: 0
    82: 0
    83: 0
    84: 0
    85: 0
    86: 0
    87: 0
    88: 0
    89: 0
    90: 0
    91: 0
    92: 0
    93: 0
    94: 0
    95: 0
    96: 0
    97: 0
    98: 0
    99: 0
   ACT: 45768 # Activate commands
   PRE: 46378 # Precharge commands
   RD: 45768 # Read commands
   WR: 0 # Write commands
   REF: 206 # Refresh commands
   eACTPRE: 13867704 # Activate/precharge energy
   eRDWR: 61695264 # Read/write energy
   eREF: 685362 # Refresh energy
   eBKGD: 15791087 # Background energy
   eWIRE: 7002504 # Channel wire energy
  mem-1: # Memory channel stats
   rd: 45768 # Read requests
   wr: 0 # Write requests
   rdlat: 5821761052 # Total latency experienced by read requests
   wrlat: 0 # Total latency experienced by write requests
   rdmlh: # Latency histogram for read requests
    0: 0
    1: 0
    2: 0
    3: 0
    4: 0
    5: 1
    6: 5
    7: 10
    8: 0
    9: 0
    10: 0
    11: 0
    12: 4
    13: 9
    14: 4
    15: 3
    16: 1
    17: 0
    18: 2
    19: 8
    20: 6
    21: 2
    22: 1
    23: 0
    24: 3
    25: 5
    26: 8
    27: 2
    28: 1
    29: 1
    30: 2
    31: 9
    32: 9
    33: 4
    34: 3
    35: 0
    36: 1
    37: 3
    38: 8
    39: 6
    40: 3
    41: 1
    42: 1
    43: 1
    44: 10
    45: 2
    46: 4
    47: 1
    48: 2
    49: 2
    50: 3
    51: 5
    52: 6
    53: 2
    54: 2
    55: 0
    56: 3
    57: 5
    58: 5
    59: 4
    60: 2
    61: 2
    62: 5
    63: 4
    64: 4
    65: 2
    66: 4
    67: 4
    68: 2
    69: 3
    70: 0
    71: 4
    72: 6
    73: 2
    74: 3
    75: 4
    76: 1
    77: 4
    78: 6
    79: 2
    80: 4
    81: 1
    82: 2
    83: 2
    84: 5
    85: 3
    86: 1
    87: 5
    88: 5
    89: 1
    90: 3
    91: 5
    92: 1
    93: 5
    94: 3
    95: 1
    96: 1
    97: 6
    98: 1
    99: 45466
   wrmlh: # Latency histogram for write requests
    0: 0
    1: 0
    2: 0
    3: 0
    4: 0
    5: 0
    6: 0
    7: 0
    8: 0
    9: 0
    10: 0
    11: 0
    12: 0
    13: 0
    14: 0
    15: 0
    16: 0
    17: 0
    18: 0
    19: 0
    20: 0
    21: 0
    22: 0
    23: 0
    24: 0
    25: 0
    26: 0
    27: 0
    28: 0
    29: 0
    30: 0
    31: 0
    32: 0
    33: 0
    34: 0
    35: 0
    36: 0
    37: 0
    38: 0
    39: 0
    40: 0
    41: 0
    42: 0
    43: 0
    44: 0
    45: 0
    46: 0
    47: 0
    48: 0
    49: 0
    50: 0
    51: 0
    52: 0
    53: 0
    54: 0
    55: 0
    56: 0
    57: 0
    58: 0
    59: 0
    60: 0
    61: 0
    62: 0
    63: 0
    64: 0
    65: 0
    66: 0
    67: 0
    68: 0
    69: 0
    70: 0
    71: 0
    72: 0
    73: 0
    74: 0
    75: 0
    76: 0
    77: 0
    78: 0
    79: 0
    80: 0
    81: 0
    82: 0
    83: 0
    84: 0
    85: 0
    86: 0
    87: 0
    88: 0
    89: 0
    90: 0
    91: 0
    92: 0
    93: 0
    94: 0
    95: 0
    96: 0
    97: 0
    98: 0
    99: 0
   ACT: 45768 # Activate commands
   PRE: 46380 # Precharge commands
   RD: 45768 # Read commands
   WR: 0 # Write commands
   REF: 206 # Refresh commands
   eACTPRE: 13867704 # Activate/precharge energy
   eRDWR: 61695264 # Read/write energy
   eREF: 685362 # Refresh energy
   eBKGD: 15791160 # Background energy
   eWIRE: 7002504 # Channel wire energy
  mem-2: # Memory channel stats
   rd: 45768 # Read requests
   wr: 0 # Write requests
   rdlat: 5821181820 # Total latency experienced by read requests
   wrlat: 0 # Total latency experienced by write requests
   rdmlh: # Latency histogram for read requests
    0: 0
    1: 0
    2: 0
    3: 0
    4: 0
    5: 1
    6: 5
    7: 10
    8: 0
    9: 0
    10: 0
    11: 0
    12: 7
    13: 7
    14: 5
    15: 0
    16: 0
    17: 1
    18: 4
    19: 9
    20: 4
    21: 1
    22: 3
    23: 0
    24: 2
    25: 3
    26: 7
    27: 6
    28: 2
    29: 3
    30: 1
    31: 5
    32: 6
    33: 3
    34: 6
    35: 4
    36: 2
    37: 4
    38: 3
    39: 2
    40: 7
    41: 5
    42: 2
    43: 2
    44: 3
    45: 1
    46: 2
    47: 7
    48: 3
    49: 4
    50: 2
    51: 3
    52: 1
    53: 4
    54: 4
    55: 3
    56: 4
    57: 1
    58: 2
    59: 4
    60: 3
    61: 4
    62: 8
    63: 1
    64: 3
    65: 2
    66: 4
    67: 4
    68: 4
    69: 1
    70: 2
    71: 3
    72: 2
    73: 4
    74: 4
    75: 4
    76: 3
    77: 3
    78: 4
    79: 4
    80: 2
    81: 4
    82: 1
    83: 4
    84: 2
    85: 3
    86: 2
    87: 6
    88: 5
    89: 2
    90: 2
    91: 2
    92: 2
    93: 4
    94: 5
    95: 2
    96: 4
    97: 0
    98: 2
    99: 45467
   wrmlh: # Latency histogram for write requests
    0: 0
    1: 0
    2: 0
    3: 0
    4: 0
    5: 0
    6: 0
    7: 0
    8: 0
    9: 0
    10: 0
    11: 0
    12: 0
    13: 0
    14: 0
    15: 0
    16: 0
    17: 0
    18: 0
    19: 0
    20: 0
    21: 0
    22: 0
    23: 0
    24: 0
    25: 0
    26: 0
    27: 0
    28: 0
    29: 0
    30: 0
    31: 0
    32: 0
    33: 0
    34: 0
    35: 0
    36: 0
    37: 0
    38: 0
    39: 0
    40: 0
    41: 0
    42: 0
    43: 0
    44: 0
    45: 0
    46: 0
    47: 0
    48: 0
    49: 0
    50: 0
    51: 0
    52: 0
    53: 0
    54: 0
    55: 0
    56: 0
    57: 0
    58: 0
    59: 0
    60: 0
    61: 0
    62: 0
    63: 0
    64: 0
    65: 0
    66: 0
    67: 0
    68: 0
    69: 0
    70: 0
    71: 0
    72: 0
    73: 0
    74: 0
    75: 0
    76: 0
    77: 0
    78: 0
    79: 0
    80: 0
    81: 0
    82: 0
    83: 0
    84: 0
    85: 0
    86: 0
    87: 0
    88: 0
    89: 0
    90: 0
    91: 0
    92: 0
    93: 0
    94: 0
    95: 0
    96: 0
    97: 0
    98: 0
    99: 0
   ACT: 45768 # Activate commands
   PRE: 46381 # Precharge commands
   RD: 45768 # Read commands
   WR: 0 # Write commands
   REF: 206 # Refresh commands
   eACTPRE: 13867704 # Activate/precharge energy
   eRDWR: 61695264 # Read/write energy
   eREF: 685362 # Refresh energy
   eBKGD: 15791466 # Background energy
   eWIRE: 7002504 # Channel wire energy
  mem-3: # Memory channel stats
   rd: 45768 # Read requests
   wr: 0 # Write requests
   rdlat: 5803692981 # Total latency experienced by read requests
   wrlat: 0 # Total latency experienced by write requests
   rdmlh: # Latency histogram for read requests
    0: 0
    1: 0
    2: 0
    3: 0
    4: 0
    5: 1
    6: 6
    7: 9
    8: 1
    9: 0
    10: 0
    11: 0
    12: 6
    13: 9
    14: 2
    15: 2
    16: 0
    17: 1
    18: 6
    19: 7
    20: 3
    21: 1
    22: 2
    23: 2
    24: 3
    25: 6
    26: 6
    27: 2
    28: 1
    29: 1
    30: 3
    31: 10
    32: 5
    33: 3
    34: 2
    35: 2
    36: 3
    37: 8
    38: 5
    39: 3
    40: 2
    41: 2
    42: 3
    43: 7
    44: 1
    45: 1
    46: 2
    47: 6
    48: 2
    49: 4
    50: 4
    51: 2
    52: 2
    53: 5
    54: 4
    55: 5
    56: 1
    57: 1
    58: 4
    59: 3
    60: 3
    61: 4
    62: 1
    63: 3
    64: 6
    65: 4
    66: 4
    67: 3
    68: 2
    69: 4
    70: 1
    71: 4
    72: 1
    73: 3
    74: 5
    75: 2
    76: 5
    77: 3
    78: 3
    79: 2
    80: 3
    81: 6
    82: 2
    83: 3
    84: 0
    85: 4
    86: 3
    87: 5
    88: 3
    89: 2
    90: 3
    91: 4
    92: 2
    93: 6
    94: 4
    95: 1
    96: 1
    97: 2
    98: 2
    99: 45467
   wrmlh: # Latency histogram for write requests
    0: 0
    1: 0
    2: 0
    3: 0
    4: 0
    5: 0
    6: 0
    7: 0
    8: 0
    9: 0
    10: 0
    11: 0
    12: 0
    13: 0
    14: 0
    15: 0
    16: 0
    17: 0
    18: 0
    19: 0
    20: 0
    21: 0
    22: 0
    23: 0
    24: 0
    25: 0
    26: 0
    27: 0
    28: 0
    29: 0
    30: 0
    31: 0
    32: 0
    33: 0
    34: 0
    35: 0
    36: 0
    37: 0
    38: 0
    39: 0
    40: 0
    41: 0
    42: 0
    43: 0
    44: 0
    45: 0
    46: 0
    47: 0
    48: 0
    49: 0
    50: 0
    51: 0
    52: 0
    53: 0
    54: 0
    55: 0
    56: 0
    57: 0
    58: 0
    59: 0
    60: 0
    61: 0
    62: 0
    63: 0
    64: 0
    65: 0
    66: 0
    67: 0
    68: 0
    69: 0
    70: 0
    71: 0
    72: 0
    73: 0
    74: 0
    75: 0
    76: 0
    77: 0
    78: 0
    79: 0
    80: 0
    81: 0
    82: 0
    83: 0
    84: 0
    85: 0
    86: 0
    87: 0
    88: 0
    89: 0
    90: 0
    91: 0
    92: 0
    93: 0
    94: 0
    95: 0
    96: 0
    97: 0
    98: 0
    99: 0
   ACT: 45768 # Activate commands
   PRE: 46378 # Precharge commands
   RD: 45768 # Read commands
   WR: 0 # Write commands
   REF: 206 # Refresh commands
   eACTPRE: 13867704 # Activate/precharge energy
   eRDWR: 61695264 # Read/write energy
   eREF: 685362 # Refresh energy
   eBKGD: 15791087 # Background energy
   eWIRE: 7002504 # Channel wire energy
 sched: # Scheduler stats
  thCr: 0 # Threads created
  thFn: 0 # Threads finished
  schedEvs: 0 # Schedule events
  waitEvs: 0 # Wait events
  handoffEvs: 0 # Handoff events
  sleepEvs: 0 # Sleep events
  idlePhases: 0 # Phases with no thread active
  idlePeriods: 0 # Periods with no thread active
  occHist: # Occupancy histogram
   0: 40
   1: 0
  rqSzHist: # Run queue size histogram
   0: 40
   1: 0
   2: 0
   3: 0
   4: 0
   5: 0
   6: 0
   7: 0
   8: 0
   9: 0
   10: 0
   11: 0
   12: 0
   13: 0
   14: 0
   15: 0
   16: 0
 procCycles: # Per-process unhalted core cycles
  0: 0
  1: 0
  2: 0
  3: 0
  4: 0
  5: 0
  6: 0
  7: 0
  8: 0
  9: 0
  10: 0
  11: 0
  12: 0
  13: 0
  14: 0
  15: 0
  16: 0
  17: 0
  18: 0
  19: 0
  20: 0
  21: 0
  22: 0
  23: 0
  24: 0
  25: 0
  26: 0
  27: 0
  28: 0
  29: 0
  30: 0
  31: 0
 procInstrs: # Per-process instructions
  0: 0
  1: 0
  2: 0
  3: 0
  4: 0
  5: 0
  6: 0
  7: 0
  8: 0
  9: 0
  10: 0
  11: 0
  12: 0
  13: 0
  14: 0
  15: 0
  16: 0
  17: 0
  18: 0
  19: 0
  20: 0
  21: 0
  22: 0
  23: 0
  24: 0
  25: 0
  26: 0
  27: 0
  28: 0
  29: 0
  30: 0
  31: 0
 heartbeats: # Per-process heartbeats
  0: 0
  1: 0
  2: 0
  3: 0
  4: 0
  5: 0
  6: 0
  7: 0
  8: 0
  9: 0
  10: 0
  11: 0
  12: 0
  13: 0
  14: 0
  15: 0
  16: 0
  17: 0
  18: 0
  19: 0
  20: 0
  21: 0
  22: 0
  23: 0
  24: 0
  25: 0
  26: 0
  27: 0
  28: 0
  29: 0
  30: 0
  31: 0
===
