# zsim stats
===
root: # Stats
 contention: # Contention simulation stats
  domain-0: # Domain stats
   time: 5253307639 # Weave simulation time
 time: # Simulator time breakdown
  init: 12489179835
  bound: 126465300182
  weave: 5284568856
  ff: 1309933507
 trigger: 20000 # Reason for this stats dump
 phase: 191 # Simulated phases
 l: # Logic unit stats
  l-0: # Logic unit stats
   cycles: 1900697 # Simulated unhalted cycles
   cCycles: 1703033 # Cycles due to contention stalls
   ops: 18240 # Simulated operations
   compOps: 8 # Simulated compute operations
 c: # Core stats
  c-0: # Core stats
   cycles: 0 # Simulated cycles
   instrs: 0 # Simulated instructions
 rdbuf: # Cache stats
  rdbuf-0: # Filter cache stats
   fhGETS: 13200 # Filtered GETS hits
   fhGETX: 0 # Filtered GETX hits
   hGETS: 0 # GETS hits
   hGETX: 0 # GETX hits
   mGETS: 145200 # GETS misses
   mGETXIM: 0 # GETX I->M misses
   mGETXSM: 0 # GETX S->M misses (upgrade misses)
   PUTS: 0 # Clean evictions (from lower level)
   PUTX: 0 # Dirty evictions (from lower level)
   INV: 8 # Invalidates (from upper level)
   INVX: 0 # Downgrades (from upper level)
   FWD: 0 # Forwards (from upper level)
   latGETnl: 4646400 # GET request latency on next level
   latGETnet: 0 # GET request latency on network to next level
 wrbuf: # Cache stats
  wrbuf-0: # Filter cache stats
   fhGETS: 0 # Filtered GETS hits
   fhGETX: 3888 # Filtered GETX hits
   hGETS: 0 # GETS hits
   hGETX: 0 # GETX hits
   mGETS: 0 # GETS misses
   mGETXIM: 34992 # GETX I->M misses
   mGETXSM: 0 # GETX S->M misses (upgrade misses)
   PUTS: 0 # Clean evictions (from lower level)
   PUTX: 0 # Dirty evictions (from lower level)
   INV: 7 # Invalidates (from upper level)
   INVX: 0 # Downgrades (from upper level)
   FWD: 0 # Forwards (from upper level)
   latGETnl: 1119744 # GET request latency on next level
   latGETnet: 0 # GET request latency on network to next level
 gbuf: # Cache stats
  gbuf-0b0: # Cache stats
   hGETS: 0 # GETS hits
   hGETX: 0 # GETX hits
   mGETS: 18150 # GETS misses
   mGETXIM: 4374 # GETX I->M misses
   mGETXSM: 0 # GETX S->M misses (upgrade misses)
   PUTS: 18149 # Clean evictions (from lower level)
   PUTX: 4374 # Dirty evictions (from lower level)
   INV: 0 # Invalidates (from upper level)
   INVX: 0 # Downgrades (from upper level)
   FWD: 0 # Forwards (from upper level)
   latGETnl: 698244 # GET request latency on next level
   latGETnet: 0 # GET request latency on network to next level
  gbuf-0b1: # Cache stats
   hGETS: 0 # GETS hits
   hGETX: 0 # GETX hits
   mGETS: 18150 # GETS misses
   mGETXIM: 4374 # GETX I->M misses
   mGETXSM: 0 # GETX S->M misses (upgrade misses)
   PUTS: 18149 # Clean evictions (from lower level)
   PUTX: 4372 # Dirty evictions (from lower level)
   INV: 0 # Invalidates (from upper level)
   INVX: 0 # Downgrades (from upper level)
   FWD: 0 # Forwards (from upper level)
   latGETnl: 698244 # GET request latency on next level
   latGETnet: 0 # GET request latency on network to next level
  gbuf-0b2: # Cache stats
   hGETS: 0 # GETS hits
   hGETX: 0 # GETX hits
   mGETS: 18150 # GETS misses
   mGETXIM: 4374 # GETX I->M misses
   mGETXSM: 0 # GETX S->M misses (upgrade misses)
   PUTS: 18149 # Clean evictions (from lower level)
   PUTX: 4374 # Dirty evictions (from lower level)
   INV: 0 # Invalidates (from upper level)
   INVX: 0 # Downgrades (from upper level)
   FWD: 0 # Forwards (from upper level)
   latGETnl: 698244 # GET request latency on next level
   latGETnet: 0 # GET request latency on network to next level
  gbuf-0b3: # Cache stats
   hGETS: 0 # GETS hits
   hGETX: 0 # GETX hits
   mGETS: 18150 # GETS misses
   mGETXIM: 4374 # GETX I->M misses
   mGETXSM: 0 # GETX S->M misses (upgrade misses)
   PUTS: 18149 # Clean evictions (from lower level)
   PUTX: 4372 # Dirty evictions (from lower level)
   INV: 0 # Invalidates (from upper level)
   INVX: 0 # Downgrades (from upper level)
   FWD: 0 # Forwards (from upper level)
   latGETnl: 698244 # GET request latency on next level
   latGETnet: 0 # GET request latency on network to next level
  gbuf-0b4: # Cache stats
   hGETS: 0 # GETS hits
   hGETX: 0 # GETX hits
   mGETS: 18150 # GETS misses
   mGETXIM: 4374 # GETX I->M misses
   mGETXSM: 0 # GETX S->M misses (upgrade misses)
   PUTS: 18149 # Clean evictions (from lower level)
   PUTX: 4374 # Dirty evictions (from lower level)
   INV: 0 # Invalidates (from upper level)
   INVX: 0 # Downgrades (from upper level)
   FWD: 0 # Forwards (from upper level)
   latGETnl: 698244 # GET request latency on next level
   latGETnet: 0 # GET request latency on network to next level
  gbuf-0b5: # Cache stats
   hGETS: 0 # GETS hits
   hGETX: 0 # GETX hits
   mGETS: 18150 # GETS misses
   mGETXIM: 4374 # GETX I->M misses
   mGETXSM: 0 # GETX S->M misses (upgrade misses)
   PUTS: 18148 # Clean evictions (from lower level)
   PUTX: 4372 # Dirty evictions (from lower level)
   INV: 0 # Invalidates (from upper level)
   INVX: 0 # Downgrades (from upper level)
   FWD: 0 # Forwards (from upper level)
   latGETnl: 698244 # GET request latency on next level
   latGETnet: 0 # GET request latency on network to next level
  gbuf-0b6: # Cache stats
   hGETS: 0 # GETS hits
   hGETX: 0 # GETX hits
   mGETS: 18150 # GETS misses
   mGETXIM: 4374 # GETX I->M misses
   mGETXSM: 0 # GETX S->M misses (upgrade misses)
   PUTS: 18149 # Clean evictions (from lower level)
   PUTX: 4374 # Dirty evictions (from lower level)
   INV: 0 # Invalidates (from upper level)
   INVX: 0 # Downgrades (from upper level)
   FWD: 0 # Forwards (from upper level)
   latGETnl: 698244 # GET request latency on next level
   latGETnet: 0 # GET request latency on network to next level
  gbuf-0b7: # Cache stats
   hGETS: 0 # GETS hits
   hGETX: 0 # GETX hits
   mGETS: 18150 # GETS misses
   mGETXIM: 4374 # GETX I->M misses
   mGETXSM: 0 # GETX S->M misses (upgrade misses)
   PUTS: 18150 # Clean evictions (from lower level)
   PUTX: 4372 # Dirty evictions (from lower level)
   INV: 0 # Invalidates (from upper level)
   INVX: 0 # Downgrades (from upper level)
   FWD: 0 # Forwards (from upper level)
   latGETnl: 698244 # GET request latency on next level
   latGETnet: 0 # GET request latency on network to next level
 mem: # Memory controller stats
  mem-0: # Memory channel stats
   rd: 180192 # Read requests
   wr: 30896 # Write requests
   rdlat: 20157898949 # Total latency experienced by read requests
   wrlat: 2076678684 # Total latency experienced by write requests
   rdmlh: # Latency histogram for read requests
    0: 0
    1: 0
    2: 0
    3: 0
    4: 0
    5: 9
    6: 13
    7: 22
    8: 15
    9: 17
    10: 0
    11: 0
    12: 10
    13: 16
    14: 17
    15: 19
    16: 6
    17: 2
    18: 0
    19: 16
    20: 13
    21: 20
    22: 11
    23: 6
    24: 0
    25: 5
    26: 13
    27: 21
    28: 12
    29: 9
    30: 5
    31: 6
    32: 10
    33: 16
    34: 10
    35: 21
    36: 9
    37: 4
    38: 6
    39: 15
    40: 15
    41: 16
    42: 12
    43: 6
    44: 2
    45: 12
    46: 15
    47: 20
    48: 13
    49: 14
    50: 4
    51: 4
    52: 12
    53: 19
    54: 16
    55: 16
    56: 15
    57: 19
    58: 15
    59: 9
    60: 1
    61: 15
    62: 11
    63: 16
    64: 12
    65: 19
    66: 1
    67: 8
    68: 14
    69: 14
    70: 10
    71: 18
    72: 9
    73: 5
    74: 7
    75: 15
    76: 10
    77: 17
    78: 12
    79: 6
    80: 7
    81: 13
    82: 12
    83: 19
    84: 17
    85: 11
    86: 4
    87: 10
    88: 7
    89: 18
    90: 14
    91: 22
    92: 7
    93: 5
    94: 7
    95: 13
    96: 12
    97: 18
    98: 18
    99: 179110
   wrmlh: # Latency histogram for write requests
    0: 0
    1: 0
    2: 0
    3: 0
    4: 0
    5: 14
    6: 12
    7: 19
    8: 22
    9: 25
    10: 4
    11: 13
    12: 10
    13: 8
    14: 2
    15: 21
    16: 11
    17: 25
    18: 18
    19: 15
    20: 7
    21: 19
    22: 7
    23: 5
    24: 9
    25: 24
    26: 13
    27: 32
    28: 13
    29: 11
    30: 15
    31: 18
    32: 6
    33: 8
    34: 19
    35: 28
    36: 21
    37: 25
    38: 9
    39: 25
    40: 9
    41: 21
    42: 11
    43: 38
    44: 32
    45: 22
    46: 36
    47: 72
    48: 72
    49: 113
    50: 124
    51: 148
    52: 29
    53: 57
    54: 67
    55: 85
    56: 28
    57: 17
    58: 12
    59: 15
    60: 19
    61: 10
    62: 12
    63: 24
    64: 15
    65: 27
    66: 16
    67: 24
    68: 12
    69: 14
    70: 10
    71: 24
    72: 13
    73: 11
    74: 10
    75: 24
    76: 8
    77: 6
    78: 5
    79: 12
    80: 5
    81: 7
    82: 4
    83: 1
    84: 0
    85: 0
    86: 0
    87: 1
    88: 0
    89: 0
    90: 0
    91: 0
    92: 0
    93: 0
    94: 0
    95: 0
    96: 0
    97: 0
    98: 0
    99: 29041
   ACT: 211088 # Activate commands
   PRE: 213981 # Precharge commands
   RD: 180192 # Read commands
   WR: 30896 # Write commands
   REF: 980 # Refresh commands
   eACTPRE: 63959664 # Activate/precharge energy
   eRDWR: 285566192 # Read/write energy
   eREF: 3260460 # Refresh energy
   eBKGD: 75155996 # Background energy
   eWIRE: 32296464 # Channel wire energy
 sched: # Scheduler stats
  thCr: 0 # Threads created
  thFn: 0 # Threads finished
  schedEvs: 0 # Schedule events
  waitEvs: 0 # Wait events
  handoffEvs: 0 # Handoff events
  sleepEvs: 0 # Sleep events
  idlePhases: 0 # Phases with no thread active
  idlePeriods: 0 # Periods with no thread active
  occHist: # Occupancy histogram
   0: 191
   1: 0
  rqSzHist: # Run queue size histogram
   0: 191
   1: 0
   2: 0
   3: 0
   4: 0
   5: 0
   6: 0
   7: 0
   8: 0
   9: 0
   10: 0
   11: 0
   12: 0
   13: 0
   14: 0
   15: 0
   16: 0
 procCycles: # Per-process unhalted core cycles
  0: 0
  1: 0
  2: 0
  3: 0
  4: 0
  5: 0
  6: 0
  7: 0
  8: 0
  9: 0
  10: 0
  11: 0
  12: 0
  13: 0
  14: 0
  15: 0
  16: 0
  17: 0
  18: 0
  19: 0
  20: 0
  21: 0
  22: 0
  23: 0
  24: 0
  25: 0
  26: 0
  27: 0
  28: 0
  29: 0
  30: 0
  31: 0
 procInstrs: # Per-process instructions
  0: 0
  1: 0
  2: 0
  3: 0
  4: 0
  5: 0
  6: 0
  7: 0
  8: 0
  9: 0
  10: 0
  11: 0
  12: 0
  13: 0
  14: 0
  15: 0
  16: 0
  17: 0
  18: 0
  19: 0
  20: 0
  21: 0
  22: 0
  23: 0
  24: 0
  25: 0
  26: 0
  27: 0
  28: 0
  29: 0
  30: 0
  31: 0
 heartbeats: # Per-process heartbeats
  0: 0
  1: 0
  2: 0
  3: 0
  4: 0
  5: 0
  6: 0
  7: 0
  8: 0
  9: 0
  10: 0
  11: 0
  12: 0
  13: 0
  14: 0
  15: 0
  16: 0
  17: 0
  18: 0
  19: 0
  20: 0
  21: 0
  22: 0
  23: 0
  24: 0
  25: 0
  26: 0
  27: 0
  28: 0
  29: 0
  30: 0
  31: 0
===
