# zsim stats
===
root: # Stats
 contention: # Contention simulation stats
  domain-0: # Domain stats
   time: 135681768 # Weave simulation time
 time: # Simulator time breakdown
  init: 2102063469
  bound: 4212269657
  weave: 137761733
  ff: 1257374847
 trigger: 20000 # Reason for this stats dump
 phase: 31 # Simulated phases
 l: # Logic unit stats
  l-0: # Logic unit stats
   cycles: 303265 # Simulated unhalted cycles
   cCycles: 275265 # Cycles due to contention stalls
   ops: 3226 # Simulated operations
   compOps: 2 # Simulated compute operations
 c: # Core stats
  c-0: # Core stats
   cycles: 0 # Simulated cycles
   instrs: 0 # Simulated instructions
 rdbuf: # Cache stats
  rdbuf-0: # Filter cache stats
   fhGETS: 2330 # Filtered GETS hits
   fhGETX: 0 # Filtered GETX hits
   hGETS: 0 # GETS hits
   hGETX: 0 # GETX hits
   mGETS: 21632 # GETS misses
   mGETXIM: 0 # GETX I->M misses
   mGETXSM: 0 # GETX S->M misses (upgrade misses)
   PUTS: 0 # Clean evictions (from lower level)
   PUTX: 0 # Dirty evictions (from lower level)
   INV: 0 # Invalidates (from upper level)
   INVX: 0 # Downgrades (from upper level)
   FWD: 0 # Forwards (from upper level)
   latGETnl: 692224 # GET request latency on next level
   latGETnet: 0 # GET request latency on network to next level
 wrbuf: # Cache stats
  wrbuf-0: # Filter cache stats
   fhGETS: 0 # Filtered GETS hits
   fhGETX: 420 # Filtered GETX hits
   hGETS: 0 # GETS hits
   hGETX: 0 # GETX hits
   mGETS: 0 # GETS misses
   mGETXIM: 4608 # GETX I->M misses
   mGETXSM: 0 # GETX S->M misses (upgrade misses)
   PUTS: 0 # Clean evictions (from lower level)
   PUTX: 0 # Dirty evictions (from lower level)
   INV: 1 # Invalidates (from upper level)
   INVX: 0 # Downgrades (from upper level)
   FWD: 0 # Forwards (from upper level)
   latGETnl: 147456 # GET request latency on next level
   latGETnet: 0 # GET request latency on network to next level
 gbuf: # Cache stats
  gbuf-0: # Cache stats
   hGETS: 0 # GETS hits
   hGETX: 0 # GETX hits
   mGETS: 21632 # GETS misses
   mGETXIM: 4608 # GETX I->M misses
   mGETXSM: 0 # GETX S->M misses (upgrade misses)
   PUTS: 21631 # Clean evictions (from lower level)
   PUTX: 4606 # Dirty evictions (from lower level)
   INV: 0 # Invalidates (from upper level)
   INVX: 0 # Downgrades (from upper level)
   FWD: 0 # Forwards (from upper level)
   latGETnl: 813440 # GET request latency on next level
   latGETnet: 0 # GET request latency on network to next level
 mem: # Memory controller stats
  mem-0: # Memory channel stats
   rd: 26240 # Read requests
   wr: 2304 # Write requests
   rdlat: 1609476603 # Total latency experienced by read requests
   wrlat: 140588402 # Total latency experienced by write requests
   rdmlh: # Latency histogram for read requests
    0: 0
    1: 0
    2: 0
    3: 0
    4: 0
    5: 3
    6: 3
    7: 6
    8: 1
    9: 4
    10: 4
    11: 7
    12: 1
    13: 7
    14: 4
    15: 3
    16: 0
    17: 6
    18: 3
    19: 3
    20: 1
    21: 5
    22: 3
    23: 3
    24: 3
    25: 3
    26: 3
    27: 3
    28: 3
    29: 6
    30: 4
    31: 0
    32: 3
    33: 6
    34: 3
    35: 1
    36: 5
    37: 4
    38: 3
    39: 3
    40: 3
    41: 3
    42: 3
    43: 3
    44: 3
    45: 6
    46: 0
    47: 3
    48: 3
    49: 6
    50: 0
    51: 4
    52: 5
    53: 3
    54: 0
    55: 6
    56: 3
    57: 3
    58: 1
    59: 5
    60: 3
    61: 3
    62: 3
    63: 3
    64: 3
    65: 3
    66: 3
    67: 6
    68: 3
    69: 0
    70: 3
    71: 6
    72: 3
    73: 1
    74: 4
    75: 4
    76: 3
    77: 3
    78: 3
    79: 3
    80: 3
    81: 3
    82: 3
    83: 5
    84: 1
    85: 2
    86: 3
    87: 7
    88: 0
    89: 5
    90: 3
    91: 3
    92: 0
    93: 7
    94: 3
    95: 3
    96: 1
    97: 5
    98: 2
    99: 25935
   wrmlh: # Latency histogram for write requests
    0: 0
    1: 0
    2: 0
    3: 0
    4: 0
    5: 1
    6: 1
    7: 2
    8: 0
    9: 2
    10: 1
    11: 1
    12: 0
    13: 1
    14: 1
    15: 1
    16: 1
    17: 1
    18: 1
    19: 1
    20: 2
    21: 0
    22: 1
    23: 0
    24: 2
    25: 1
    26: 1
    27: 1
    28: 1
    29: 1
    30: 1
    31: 1
    32: 0
    33: 1
    34: 2
    35: 1
    36: 0
    37: 1
    38: 2
    39: 1
    40: 1
    41: 0
    42: 0
    43: 2
    44: 1
    45: 1
    46: 1
    47: 1
    48: 2
    49: 0
    50: 2
    51: 0
    52: 2
    53: 4
    54: 1
    55: 0
    56: 3
    57: 4
    58: 2
    59: 1
    60: 8
    61: 3
    62: 4
    63: 7
    64: 6
    65: 3
    66: 5
    67: 5
    68: 2
    69: 4
    70: 6
    71: 3
    72: 2
    73: 3
    74: 2
    75: 3
    76: 1
    77: 2
    78: 1
    79: 3
    80: 2
    81: 0
    82: 1
    83: 2
    84: 0
    85: 1
    86: 1
    87: 1
    88: 1
    89: 2
    90: 1
    91: 0
    92: 1
    93: 0
    94: 0
    95: 0
    96: 0
    97: 0
    98: 0
    99: 2155
   ACT: 28544 # Activate commands
   PRE: 28544 # Precharge commands
   RD: 26240 # Read commands
   WR: 2304 # Write commands
   REF: 20 # Refresh commands
   eACTPRE: 8648832 # Activate/precharge energy
   eRDWR: 38553344 # Read/write energy
   eREF: 66540 # Refresh energy
   eBKGD: 1513571 # Background energy
   eWIRE: 4367232 # Channel wire energy
 sched: # Scheduler stats
  thCr: 0 # Threads created
  thFn: 0 # Threads finished
  schedEvs: 0 # Schedule events
  waitEvs: 0 # Wait events
  handoffEvs: 0 # Handoff events
  sleepEvs: 0 # Sleep events
  idlePhases: 0 # Phases with no thread active
  idlePeriods: 0 # Periods with no thread active
  occHist: # Occupancy histogram
   0: 31
   1: 0
  rqSzHist: # Run queue size histogram
   0: 31
   1: 0
   2: 0
   3: 0
   4: 0
   5: 0
   6: 0
   7: 0
   8: 0
   9: 0
   10: 0
   11: 0
   12: 0
   13: 0
   14: 0
   15: 0
   16: 0
 procCycles: # Per-process unhalted core cycles
  0: 0
  1: 0
  2: 0
  3: 0
  4: 0
  5: 0
  6: 0
  7: 0
  8: 0
  9: 0
  10: 0
  11: 0
  12: 0
  13: 0
  14: 0
  15: 0
  16: 0
  17: 0
  18: 0
  19: 0
  20: 0
  21: 0
  22: 0
  23: 0
  24: 0
  25: 0
  26: 0
  27: 0
  28: 0
  29: 0
  30: 0
  31: 0
 procInstrs: # Per-process instructions
  0: 0
  1: 0
  2: 0
  3: 0
  4: 0
  5: 0
  6: 0
  7: 0
  8: 0
  9: 0
  10: 0
  11: 0
  12: 0
  13: 0
  14: 0
  15: 0
  16: 0
  17: 0
  18: 0
  19: 0
  20: 0
  21: 0
  22: 0
  23: 0
  24: 0
  25: 0
  26: 0
  27: 0
  28: 0
  29: 0
  30: 0
  31: 0
 heartbeats: # Per-process heartbeats
  0: 0
  1: 0
  2: 0
  3: 0
  4: 0
  5: 0
  6: 0
  7: 0
  8: 0
  9: 0
  10: 0
  11: 0
  12: 0
  13: 0
  14: 0
  15: 0
  16: 0
  17: 0
  18: 0
  19: 0
  20: 0
  21: 0
  22: 0
  23: 0
  24: 0
  25: 0
  26: 0
  27: 0
  28: 0
  29: 0
  30: 0
  31: 0
===
