# zsim stats
===
root: # Stats
 contention: # Contention simulation stats
  domain-0: # Domain stats
   time: 1194833992 # Weave simulation time
 time: # Simulator time breakdown
  init: 625142928
  bound: 8026729997
  weave: 1369289699
  ff: 1239046039
 trigger: 20000 # Reason for this stats dump
 phase: 947 # Simulated phases
 l: # Logic unit stats
  l-0: # Logic unit stats
   cycles: 9466785 # Simulated unhalted cycles
   cCycles: 269697 # Cycles due to contention stalls
   ops: 18016 # Simulated operations
   compOps: 96 # Simulated compute operations
  l-1: # Logic unit stats
   cycles: 9448219 # Simulated unhalted cycles
   cCycles: 248042 # Cycles due to contention stalls
   ops: 18784 # Simulated operations
   compOps: 96 # Simulated compute operations
  l-2: # Logic unit stats
   cycles: 9464463 # Simulated unhalted cycles
   cCycles: 264382 # Cycles due to contention stalls
   ops: 18784 # Simulated operations
   compOps: 96 # Simulated compute operations
  l-3: # Logic unit stats
   cycles: 9466559 # Simulated unhalted cycles
   cCycles: 269423 # Cycles due to contention stalls
   ops: 18016 # Simulated operations
   compOps: 96 # Simulated compute operations
 c: # Core stats
  c-0: # Core stats
   cycles: 0 # Simulated cycles
   instrs: 0 # Simulated instructions
 rdbuf: # Cache stats
  rdbuf-0: # Filter cache stats
   fhGETS: 720 # Filtered GETS hits
   fhGETX: 0 # Filtered GETX hits
   hGETS: 0 # GETS hits
   hGETX: 0 # GETX hits
   mGETS: 44400 # GETS misses
   mGETXIM: 0 # GETX I->M misses
   mGETXSM: 0 # GETX S->M misses (upgrade misses)
   PUTS: 0 # Clean evictions (from lower level)
   PUTX: 0 # Dirty evictions (from lower level)
   INV: 1 # Invalidates (from upper level)
   INVX: 109 # Downgrades (from upper level)
   FWD: 0 # Forwards (from upper level)
   latGETnl: 284092 # GET request latency on next level
   latGETnet: 0 # GET request latency on network to next level
  rdbuf-1: # Filter cache stats
   fhGETS: 720 # Filtered GETS hits
   fhGETX: 0 # Filtered GETX hits
   hGETS: 0 # GETS hits
   hGETX: 0 # GETX hits
   mGETS: 46416 # GETS misses
   mGETXIM: 0 # GETX I->M misses
   mGETXSM: 0 # GETX S->M misses (upgrade misses)
   PUTS: 0 # Clean evictions (from lower level)
   PUTX: 0 # Dirty evictions (from lower level)
   INV: 1 # Invalidates (from upper level)
   INVX: 165 # Downgrades (from upper level)
   FWD: 0 # Forwards (from upper level)
   latGETnl: 757804 # GET request latency on next level
   latGETnet: 0 # GET request latency on network to next level
  rdbuf-2: # Filter cache stats
   fhGETS: 1434 # Filtered GETS hits
   fhGETX: 0 # Filtered GETX hits
   hGETS: 6 # GETS hits
   hGETX: 0 # GETX hits
   mGETS: 45696 # GETS misses
   mGETXIM: 0 # GETX I->M misses
   mGETXSM: 0 # GETX S->M misses (upgrade misses)
   PUTS: 0 # Clean evictions (from lower level)
   PUTX: 0 # Dirty evictions (from lower level)
   INV: 1 # Invalidates (from upper level)
   INVX: 510 # Downgrades (from upper level)
   FWD: 0 # Forwards (from upper level)
   latGETnl: 446340 # GET request latency on next level
   latGETnet: 0 # GET request latency on network to next level
  rdbuf-3: # Filter cache stats
   fhGETS: 720 # Filtered GETS hits
   fhGETX: 0 # Filtered GETX hits
   hGETS: 0 # GETS hits
   hGETX: 0 # GETX hits
   mGETS: 40512 # GETS misses
   mGETXIM: 0 # GETX I->M misses
   mGETXSM: 0 # GETX S->M misses (upgrade misses)
   PUTS: 0 # Clean evictions (from lower level)
   PUTX: 0 # Dirty evictions (from lower level)
   INV: 1 # Invalidates (from upper level)
   INVX: 444 # Downgrades (from upper level)
   FWD: 0 # Forwards (from upper level)
   latGETnl: 428012 # GET request latency on next level
   latGETnet: 0 # GET request latency on network to next level
 wrbuf: # Cache stats
  wrbuf-0: # Filter cache stats
   fhGETS: 0 # Filtered GETS hits
   fhGETX: 1920 # Filtered GETX hits
   hGETS: 0 # GETS hits
   hGETX: 0 # GETX hits
   mGETS: 0 # GETS misses
   mGETXIM: 22656 # GETX I->M misses
   mGETXSM: 0 # GETX S->M misses (upgrade misses)
   PUTS: 0 # Clean evictions (from lower level)
   PUTX: 0 # Dirty evictions (from lower level)
   INV: 2 # Invalidates (from upper level)
   INVX: 0 # Downgrades (from upper level)
   FWD: 0 # Forwards (from upper level)
   latGETnl: 691636 # GET request latency on next level
   latGETnet: 0 # GET request latency on network to next level
  wrbuf-1: # Filter cache stats
   fhGETS: 0 # Filtered GETS hits
   fhGETX: 1920 # Filtered GETX hits
   hGETS: 0 # GETS hits
   hGETX: 0 # GETX hits
   mGETS: 0 # GETS misses
   mGETXIM: 26112 # GETX I->M misses
   mGETXSM: 0 # GETX S->M misses (upgrade misses)
   PUTS: 0 # Clean evictions (from lower level)
   PUTX: 0 # Dirty evictions (from lower level)
   INV: 0 # Invalidates (from upper level)
   INVX: 0 # Downgrades (from upper level)
   FWD: 0 # Forwards (from upper level)
   latGETnl: 803964 # GET request latency on next level
   latGETnet: 0 # GET request latency on network to next level
  wrbuf-2: # Filter cache stats
   fhGETS: 0 # Filtered GETS hits
   fhGETX: 1920 # Filtered GETX hits
   hGETS: 0 # GETS hits
   hGETX: 0 # GETX hits
   mGETS: 0 # GETS misses
   mGETXIM: 26112 # GETX I->M misses
   mGETXSM: 0 # GETX S->M misses (upgrade misses)
   PUTS: 0 # Clean evictions (from lower level)
   PUTX: 0 # Dirty evictions (from lower level)
   INV: 31 # Invalidates (from upper level)
   INVX: 0 # Downgrades (from upper level)
   FWD: 0 # Forwards (from upper level)
   latGETnl: 814194 # GET request latency on next level
   latGETnet: 0 # GET request latency on network to next level
  wrbuf-3: # Filter cache stats
   fhGETS: 0 # Filtered GETS hits
   fhGETX: 1920 # Filtered GETX hits
   hGETS: 0 # GETS hits
   hGETX: 0 # GETX hits
   mGETS: 0 # GETS misses
   mGETXIM: 26112 # GETX I->M misses
   mGETXSM: 0 # GETX S->M misses (upgrade misses)
   PUTS: 0 # Clean evictions (from lower level)
   PUTX: 0 # Dirty evictions (from lower level)
   INV: 17 # Invalidates (from upper level)
   INVX: 0 # Downgrades (from upper level)
   FWD: 0 # Forwards (from upper level)
   latGETnl: 791254 # GET request latency on next level
   latGETnet: 0 # GET request latency on network to next level
 gbuf: # Cache stats
  gbuf-0b0: # Cache stats
   hGETS: 15115 # GETS hits
   hGETX: 526 # GETX hits
   mGETS: 7013 # GETS misses
   mGETXIM: 12095 # GETX I->M misses
   mGETXSM: 0 # GETX S->M misses (upgrade misses)
   PUTS: 22128 # Clean evictions (from lower level)
   PUTX: 12612 # Dirty evictions (from lower level)
   INV: 0 # Invalidates (from upper level)
   INVX: 0 # Downgrades (from upper level)
   FWD: 0 # Forwards (from upper level)
   latGETnl: 592348 # GET request latency on next level
   latGETnet: 0 # GET request latency on network to next level
  gbuf-0b1: # Cache stats
   hGETS: 15115 # GETS hits
   hGETX: 528 # GETX hits
   mGETS: 7013 # GETS misses
   mGETXIM: 12099 # GETX I->M misses
   mGETXSM: 0 # GETX S->M misses (upgrade misses)
   PUTS: 22127 # Clean evictions (from lower level)
   PUTX: 12621 # Dirty evictions (from lower level)
   INV: 0 # Invalidates (from upper level)
   INVX: 0 # Downgrades (from upper level)
   FWD: 0 # Forwards (from upper level)
   latGETnl: 592472 # GET request latency on next level
   latGETnet: 0 # GET request latency on network to next level
  gbuf-0b2: # Cache stats
   hGETS: 15115 # GETS hits
   hGETX: 528 # GETX hits
   mGETS: 7013 # GETS misses
   mGETXIM: 12094 # GETX I->M misses
   mGETXSM: 0 # GETX S->M misses (upgrade misses)
   PUTS: 22126 # Clean evictions (from lower level)
   PUTX: 12611 # Dirty evictions (from lower level)
   INV: 0 # Invalidates (from upper level)
   INVX: 0 # Downgrades (from upper level)
   FWD: 0 # Forwards (from upper level)
   latGETnl: 592317 # GET request latency on next level
   latGETnet: 0 # GET request latency on network to next level
  gbuf-0b3: # Cache stats
   hGETS: 15115 # GETS hits
   hGETX: 526 # GETX hits
   mGETS: 7013 # GETS misses
   mGETXIM: 12100 # GETX I->M misses
   mGETXSM: 0 # GETX S->M misses (upgrade misses)
   PUTS: 22127 # Clean evictions (from lower level)
   PUTX: 12622 # Dirty evictions (from lower level)
   INV: 0 # Invalidates (from upper level)
   INVX: 0 # Downgrades (from upper level)
   FWD: 0 # Forwards (from upper level)
   latGETnl: 592503 # GET request latency on next level
   latGETnet: 0 # GET request latency on network to next level
  gbuf-0b4: # Cache stats
   hGETS: 15115 # GETS hits
   hGETX: 525 # GETX hits
   mGETS: 7013 # GETS misses
   mGETXIM: 12096 # GETX I->M misses
   mGETXSM: 0 # GETX S->M misses (upgrade misses)
   PUTS: 22128 # Clean evictions (from lower level)
   PUTX: 12614 # Dirty evictions (from lower level)
   INV: 0 # Invalidates (from upper level)
   INVX: 0 # Downgrades (from upper level)
   FWD: 0 # Forwards (from upper level)
   latGETnl: 592379 # GET request latency on next level
   latGETnet: 0 # GET request latency on network to next level
  gbuf-0b5: # Cache stats
   hGETS: 15115 # GETS hits
   hGETX: 529 # GETX hits
   mGETS: 7013 # GETS misses
   mGETXIM: 12098 # GETX I->M misses
   mGETXSM: 0 # GETX S->M misses (upgrade misses)
   PUTS: 22126 # Clean evictions (from lower level)
   PUTX: 12622 # Dirty evictions (from lower level)
   INV: 0 # Invalidates (from upper level)
   INVX: 0 # Downgrades (from upper level)
   FWD: 0 # Forwards (from upper level)
   latGETnl: 592441 # GET request latency on next level
   latGETnet: 0 # GET request latency on network to next level
  gbuf-0b6: # Cache stats
   hGETS: 15115 # GETS hits
   hGETX: 526 # GETX hits
   mGETS: 7013 # GETS misses
   mGETXIM: 12100 # GETX I->M misses
   mGETXSM: 0 # GETX S->M misses (upgrade misses)
   PUTS: 22128 # Clean evictions (from lower level)
   PUTX: 12621 # Dirty evictions (from lower level)
   INV: 0 # Invalidates (from upper level)
   INVX: 0 # Downgrades (from upper level)
   FWD: 0 # Forwards (from upper level)
   latGETnl: 592503 # GET request latency on next level
   latGETnet: 0 # GET request latency on network to next level
  gbuf-0b7: # Cache stats
   hGETS: 15115 # GETS hits
   hGETX: 528 # GETX hits
   mGETS: 7013 # GETS misses
   mGETXIM: 12094 # GETX I->M misses
   mGETXSM: 0 # GETX S->M misses (upgrade misses)
   PUTS: 22126 # Clean evictions (from lower level)
   PUTX: 12616 # Dirty evictions (from lower level)
   INV: 0 # Invalidates (from upper level)
   INVX: 0 # Downgrades (from upper level)
   FWD: 0 # Forwards (from upper level)
   latGETnl: 592317 # GET request latency on next level
   latGETnet: 0 # GET request latency on network to next level
 mem: # Memory controller stats
  mem-0: # Memory channel stats
   rd: 38220 # Read requests
   wr: 14639 # Write requests
   rdlat: 1605835643 # Total latency experienced by read requests
   wrlat: 695341479 # Total latency experienced by write requests
   rdmlh: # Latency histogram for read requests
    0: 0
    1: 0
    2: 0
    3: 0
    4: 0
    5: 4856
    6: 3270
    7: 939
    8: 240
    9: 171
    10: 116
    11: 309
    12: 299
    13: 231
    14: 164
    15: 145
    16: 81
    17: 103
    18: 106
    19: 92
    20: 96
    21: 106
    22: 71
    23: 72
    24: 60
    25: 50
    26: 53
    27: 65
    28: 60
    29: 44
    30: 37
    31: 36
    32: 33
    33: 31
    34: 34
    35: 22
    36: 7
    37: 13
    38: 29
    39: 22
    40: 21
    41: 26
    42: 31
    43: 22
    44: 34
    45: 25
    46: 49
    47: 33
    48: 36
    49: 27
    50: 21
    51: 33
    52: 32
    53: 38
    54: 38
    55: 32
    56: 35
    57: 29
    58: 34
    59: 35
    60: 32
    61: 24
    62: 25
    63: 23
    64: 36
    65: 35
    66: 26
    67: 31
    68: 46
    69: 23
    70: 38
    71: 28
    72: 30
    73: 32
    74: 23
    75: 23
    76: 13
    77: 21
    78: 18
    79: 45
    80: 75
    81: 58
    82: 72
    83: 38
    84: 30
    85: 22
    86: 12
    87: 22
    88: 35
    89: 23
    90: 29
    91: 23
    92: 27
    93: 20
    94: 20
    95: 25
    96: 25
    97: 24
    98: 15
    99: 24359
   wrmlh: # Latency histogram for write requests
    0: 0
    1: 0
    2: 0
    3: 0
    4: 0
    5: 2
    6: 7
    7: 11
    8: 9
    9: 21
    10: 10
    11: 21
    12: 34
    13: 33
    14: 22
    15: 29
    16: 19
    17: 33
    18: 34
    19: 36
    20: 31
    21: 61
    22: 43
    23: 56
    24: 69
    25: 91
    26: 77
    27: 89
    28: 72
    29: 87
    30: 74
    31: 96
    32: 99
    33: 116
    34: 99
    35: 136
    36: 117
    37: 173
    38: 128
    39: 178
    40: 161
    41: 179
    42: 130
    43: 162
    44: 149
    45: 167
    46: 112
    47: 151
    48: 145
    49: 144
    50: 102
    51: 154
    52: 106
    53: 116
    54: 95
    55: 113
    56: 106
    57: 105
    58: 70
    59: 77
    60: 92
    61: 74
    62: 71
    63: 60
    64: 71
    65: 60
    66: 53
    67: 68
    68: 50
    69: 48
    70: 36
    71: 43
    72: 40
    73: 33
    74: 29
    75: 50
    76: 41
    77: 36
    78: 20
    79: 34
    80: 28
    81: 33
    82: 33
    83: 37
    84: 47
    85: 30
    86: 36
    87: 22
    88: 38
    89: 33
    90: 40
    91: 61
    92: 48
    93: 44
    94: 52
    95: 41
    96: 27
    97: 27
    98: 30
    99: 8166
   ACT: 52859 # Activate commands
   PRE: 54982 # Precharge commands
   RD: 38220 # Read commands
   WR: 14639 # Write commands
   REF: 4859 # Refresh commands
   eACTPRE: 16016277 # Activate/precharge energy
   eRDWR: 71737019 # Read/write energy
   eREF: 16165893 # Refresh energy
   eBKGD: 359602823 # Background energy
   eWIRE: 8087427 # Channel wire energy
  mem-1: # Memory channel stats
   rd: 38220 # Read requests
   wr: 14645 # Write requests
   rdlat: 1607645204 # Total latency experienced by read requests
   wrlat: 696336755 # Total latency experienced by write requests
   rdmlh: # Latency histogram for read requests
    0: 0
    1: 0
    2: 0
    3: 0
    4: 0
    5: 4959
    6: 3146
    7: 963
    8: 246
    9: 232
    10: 119
    11: 281
    12: 299
    13: 273
    14: 147
    15: 142
    16: 111
    17: 118
    18: 115
    19: 109
    20: 102
    21: 105
    22: 72
    23: 99
    24: 55
    25: 65
    26: 47
    27: 61
    28: 54
    29: 52
    30: 33
    31: 47
    32: 32
    33: 45
    34: 23
    35: 18
    36: 16
    37: 22
    38: 18
    39: 20
    40: 21
    41: 15
    42: 28
    43: 21
    44: 23
    45: 24
    46: 19
    47: 30
    48: 32
    49: 19
    50: 20
    51: 22
    52: 34
    53: 37
    54: 34
    55: 26
    56: 22
    57: 27
    58: 17
    59: 26
    60: 32
    61: 24
    62: 28
    63: 20
    64: 16
    65: 30
    66: 30
    67: 38
    68: 38
    69: 22
    70: 19
    71: 23
    72: 24
    73: 22
    74: 23
    75: 17
    76: 19
    77: 29
    78: 29
    79: 27
    80: 78
    81: 62
    82: 70
    83: 49
    84: 19
    85: 17
    86: 20
    87: 32
    88: 31
    89: 27
    90: 25
    91: 26
    92: 20
    93: 23
    94: 31
    95: 31
    96: 19
    97: 30
    98: 15
    99: 24342
   wrmlh: # Latency histogram for write requests
    0: 0
    1: 0
    2: 0
    3: 0
    4: 0
    5: 4
    6: 4
    7: 9
    8: 6
    9: 20
    10: 15
    11: 24
    12: 28
    13: 16
    14: 38
    15: 21
    16: 20
    17: 32
    18: 33
    19: 37
    20: 46
    21: 53
    22: 47
    23: 76
    24: 59
    25: 82
    26: 64
    27: 88
    28: 73
    29: 97
    30: 99
    31: 100
    32: 108
    33: 108
    34: 94
    35: 136
    36: 127
    37: 144
    38: 130
    39: 191
    40: 140
    41: 152
    42: 137
    43: 146
    44: 156
    45: 183
    46: 131
    47: 129
    48: 114
    49: 158
    50: 111
    51: 125
    52: 92
    53: 127
    54: 91
    55: 118
    56: 93
    57: 124
    58: 96
    59: 79
    60: 68
    61: 90
    62: 79
    63: 60
    64: 83
    65: 69
    66: 62
    67: 66
    68: 62
    69: 56
    70: 52
    71: 60
    72: 49
    73: 40
    74: 33
    75: 36
    76: 33
    77: 41
    78: 27
    79: 24
    80: 34
    81: 21
    82: 37
    83: 30
    84: 34
    85: 37
    86: 36
    87: 27
    88: 27
    89: 45
    90: 40
    91: 48
    92: 36
    93: 47
    94: 64
    95: 44
    96: 28
    97: 32
    98: 19
    99: 8138
   ACT: 52865 # Activate commands
   PRE: 54818 # Precharge commands
   RD: 38220 # Read commands
   WR: 14645 # Write commands
   REF: 4859 # Refresh commands
   eACTPRE: 16018095 # Activate/precharge energy
   eRDWR: 71745305 # Read/write energy
   eREF: 16165893 # Refresh energy
   eBKGD: 359601997 # Background energy
   eWIRE: 8088345 # Channel wire energy
  mem-2: # Memory channel stats
   rd: 38220 # Read requests
   wr: 14642 # Write requests
   rdlat: 1604690029 # Total latency experienced by read requests
   wrlat: 694469823 # Total latency experienced by write requests
   rdmlh: # Latency histogram for read requests
    0: 0
    1: 0
    2: 0
    3: 0
    4: 0
    5: 4900
    6: 3304
    7: 910
    8: 195
    9: 212
    10: 140
    11: 269
    12: 273
    13: 246
    14: 156
    15: 151
    16: 111
    17: 116
    18: 113
    19: 114
    20: 94
    21: 106
    22: 81
    23: 96
    24: 62
    25: 65
    26: 45
    27: 68
    28: 58
    29: 54
    30: 42
    31: 30
    32: 34
    33: 33
    34: 24
    35: 16
    36: 22
    37: 11
    38: 18
    39: 9
    40: 20
    41: 26
    42: 22
    43: 17
    44: 45
    45: 26
    46: 24
    47: 23
    48: 23
    49: 21
    50: 27
    51: 33
    52: 37
    53: 28
    54: 31
    55: 32
    56: 26
    57: 20
    58: 33
    59: 29
    60: 34
    61: 23
    62: 24
    63: 24
    64: 34
    65: 28
    66: 30
    67: 35
    68: 38
    69: 26
    70: 34
    71: 24
    72: 27
    73: 27
    74: 17
    75: 33
    76: 18
    77: 24
    78: 27
    79: 37
    80: 64
    81: 71
    82: 60
    83: 32
    84: 25
    85: 22
    86: 19
    87: 39
    88: 23
    89: 26
    90: 25
    91: 23
    92: 21
    93: 22
    94: 28
    95: 24
    96: 23
    97: 26
    98: 22
    99: 24340
   wrmlh: # Latency histogram for write requests
    0: 0
    1: 0
    2: 0
    3: 0
    4: 0
    5: 2
    6: 8
    7: 9
    8: 15
    9: 8
    10: 16
    11: 22
    12: 38
    13: 26
    14: 39
    15: 31
    16: 30
    17: 18
    18: 36
    19: 31
    20: 22
    21: 60
    22: 56
    23: 74
    24: 61
    25: 84
    26: 58
    27: 84
    28: 76
    29: 91
    30: 93
    31: 110
    32: 100
    33: 117
    34: 100
    35: 138
    36: 102
    37: 161
    38: 141
    39: 186
    40: 129
    41: 205
    42: 121
    43: 146
    44: 133
    45: 170
    46: 109
    47: 130
    48: 118
    49: 150
    50: 106
    51: 122
    52: 113
    53: 128
    54: 101
    55: 103
    56: 84
    57: 122
    58: 79
    59: 69
    60: 99
    61: 103
    62: 63
    63: 76
    64: 77
    65: 67
    66: 58
    67: 70
    68: 56
    69: 47
    70: 53
    71: 43
    72: 41
    73: 52
    74: 43
    75: 50
    76: 36
    77: 37
    78: 21
    79: 35
    80: 32
    81: 42
    82: 32
    83: 27
    84: 23
    85: 34
    86: 38
    87: 40
    88: 41
    89: 47
    90: 42
    91: 36
    92: 45
    93: 37
    94: 46
    95: 27
    96: 50
    97: 30
    98: 44
    99: 8121
   ACT: 52862 # Activate commands
   PRE: 54853 # Precharge commands
   RD: 38220 # Read commands
   WR: 14642 # Write commands
   REF: 4859 # Refresh commands
   eACTPRE: 16017186 # Activate/precharge energy
   eRDWR: 71741162 # Read/write energy
   eREF: 16165893 # Refresh energy
   eBKGD: 359606202 # Background energy
   eWIRE: 8087886 # Channel wire energy
  mem-3: # Memory channel stats
   rd: 38220 # Read requests
   wr: 14642 # Write requests
   rdlat: 1607797011 # Total latency experienced by read requests
   wrlat: 696747794 # Total latency experienced by write requests
   rdmlh: # Latency histogram for read requests
    0: 0
    1: 0
    2: 0
    3: 0
    4: 0
    5: 4824
    6: 3251
    7: 1017
    8: 235
    9: 180
    10: 131
    11: 325
    12: 254
    13: 246
    14: 154
    15: 156
    16: 121
    17: 119
    18: 102
    19: 108
    20: 90
    21: 117
    22: 88
    23: 80
    24: 51
    25: 55
    26: 48
    27: 70
    28: 51
    29: 52
    30: 25
    31: 43
    32: 41
    33: 28
    34: 28
    35: 13
    36: 21
    37: 19
    38: 13
    39: 23
    40: 24
    41: 23
    42: 19
    43: 24
    44: 42
    45: 29
    46: 22
    47: 22
    48: 25
    49: 16
    50: 31
    51: 20
    52: 31
    53: 37
    54: 38
    55: 21
    56: 29
    57: 39
    58: 29
    59: 19
    60: 35
    61: 24
    62: 27
    63: 29
    64: 33
    65: 31
    66: 28
    67: 18
    68: 30
    69: 49
    70: 35
    71: 28
    72: 20
    73: 15
    74: 26
    75: 19
    76: 28
    77: 28
    78: 24
    79: 28
    80: 62
    81: 73
    82: 71
    83: 35
    84: 28
    85: 17
    86: 13
    87: 28
    88: 28
    89: 35
    90: 25
    91: 17
    92: 29
    93: 19
    94: 31
    95: 31
    96: 24
    97: 22
    98: 17
    99: 24341
   wrmlh: # Latency histogram for write requests
    0: 0
    1: 0
    2: 0
    3: 0
    4: 0
    5: 6
    6: 5
    7: 15
    8: 10
    9: 14
    10: 11
    11: 17
    12: 24
    13: 38
    14: 34
    15: 36
    16: 14
    17: 23
    18: 38
    19: 25
    20: 28
    21: 65
    22: 45
    23: 68
    24: 58
    25: 76
    26: 86
    27: 96
    28: 79
    29: 97
    30: 81
    31: 90
    32: 94
    33: 104
    34: 106
    35: 130
    36: 104
    37: 148
    38: 128
    39: 154
    40: 121
    41: 181
    42: 151
    43: 168
    44: 146
    45: 168
    46: 125
    47: 147
    48: 117
    49: 133
    50: 103
    51: 158
    52: 99
    53: 120
    54: 94
    55: 124
    56: 83
    57: 110
    58: 84
    59: 110
    60: 102
    61: 86
    62: 63
    63: 86
    64: 65
    65: 75
    66: 58
    67: 72
    68: 57
    69: 56
    70: 45
    71: 45
    72: 45
    73: 34
    74: 47
    75: 39
    76: 40
    77: 44
    78: 28
    79: 42
    80: 44
    81: 43
    82: 29
    83: 43
    84: 37
    85: 20
    86: 20
    87: 41
    88: 33
    89: 51
    90: 57
    91: 39
    92: 35
    93: 40
    94: 46
    95: 33
    96: 41
    97: 23
    98: 34
    99: 8115
   ACT: 52862 # Activate commands
   PRE: 54920 # Precharge commands
   RD: 38220 # Read commands
   WR: 14642 # Write commands
   REF: 4859 # Refresh commands
   eACTPRE: 16017186 # Activate/precharge energy
   eRDWR: 71741162 # Read/write energy
   eREF: 16165893 # Refresh energy
   eBKGD: 359609448 # Background energy
   eWIRE: 8087886 # Channel wire energy
 sched: # Scheduler stats
  thCr: 0 # Threads created
  thFn: 0 # Threads finished
  schedEvs: 0 # Schedule events
  waitEvs: 0 # Wait events
  handoffEvs: 0 # Handoff events
  sleepEvs: 0 # Sleep events
  idlePhases: 0 # Phases with no thread active
  idlePeriods: 0 # Periods with no thread active
  occHist: # Occupancy histogram
   0: 947
   1: 0
  rqSzHist: # Run queue size histogram
   0: 947
   1: 0
   2: 0
   3: 0
   4: 0
   5: 0
   6: 0
   7: 0
   8: 0
   9: 0
   10: 0
   11: 0
   12: 0
   13: 0
   14: 0
   15: 0
   16: 0
 procCycles: # Per-process unhalted core cycles
  0: 0
  1: 0
  2: 0
  3: 0
  4: 0
  5: 0
  6: 0
  7: 0
  8: 0
  9: 0
  10: 0
  11: 0
  12: 0
  13: 0
  14: 0
  15: 0
  16: 0
  17: 0
  18: 0
  19: 0
  20: 0
  21: 0
  22: 0
  23: 0
  24: 0
  25: 0
  26: 0
  27: 0
  28: 0
  29: 0
  30: 0
  31: 0
 procInstrs: # Per-process instructions
  0: 0
  1: 0
  2: 0
  3: 0
  4: 0
  5: 0
  6: 0
  7: 0
  8: 0
  9: 0
  10: 0
  11: 0
  12: 0
  13: 0
  14: 0
  15: 0
  16: 0
  17: 0
  18: 0
  19: 0
  20: 0
  21: 0
  22: 0
  23: 0
  24: 0
  25: 0
  26: 0
  27: 0
  28: 0
  29: 0
  30: 0
  31: 0
 heartbeats: # Per-process heartbeats
  0: 0
  1: 0
  2: 0
  3: 0
  4: 0
  5: 0
  6: 0
  7: 0
  8: 0
  9: 0
  10: 0
  11: 0
  12: 0
  13: 0
  14: 0
  15: 0
  16: 0
  17: 0
  18: 0
  19: 0
  20: 0
  21: 0
  22: 0
  23: 0
  24: 0
  25: 0
  26: 0
  27: 0
  28: 0
  29: 0
  30: 0
  31: 0
===
