# zsim stats
===
root: # Stats
 contention: # Contention simulation stats
  domain-0: # Domain stats
   time: 17478608690 # Weave simulation time
 time: # Simulator time breakdown
  init: 3982732514
  bound: 309437372456
  weave: 17552397922
  ff: 1193094140
 trigger: 20000 # Reason for this stats dump
 phase: 1068 # Simulated phases
 l: # Logic unit stats
  l-0: # Logic unit stats
   cycles: 10679369 # Simulated unhalted cycles
   cCycles: 10046153 # Cycles due to contention stalls
   ops: 91872 # Simulated operations
   compOps: 16 # Simulated compute operations
 c: # Core stats
  c-0: # Core stats
   cycles: 0 # Simulated cycles
   instrs: 0 # Simulated instructions
 rdbuf: # Cache stats
  rdbuf-0: # Filter cache stats
   fhGETS: 34464 # Filtered GETS hits
   fhGETX: 0 # Filtered GETX hits
   hGETS: 0 # GETS hits
   hGETX: 0 # GETX hits
   mGETS: 402192 # GETS misses
   mGETXIM: 0 # GETX I->M misses
   mGETXSM: 0 # GETX S->M misses (upgrade misses)
   PUTS: 0 # Clean evictions (from lower level)
   PUTX: 0 # Dirty evictions (from lower level)
   INV: 16 # Invalidates (from upper level)
   INVX: 0 # Downgrades (from upper level)
   FWD: 0 # Forwards (from upper level)
   latGETnl: 12870144 # GET request latency on next level
   latGETnet: 0 # GET request latency on network to next level
 wrbuf: # Cache stats
  wrbuf-0: # Filter cache stats
   fhGETS: 0 # Filtered GETS hits
   fhGETX: 34416 # Filtered GETX hits
   hGETS: 0 # GETS hits
   hGETX: 0 # GETX hits
   mGETS: 0 # GETS misses
   mGETXIM: 401408 # GETX I->M misses
   mGETXSM: 0 # GETX S->M misses (upgrade misses)
   PUTS: 0 # Clean evictions (from lower level)
   PUTX: 0 # Dirty evictions (from lower level)
   INV: 15 # Invalidates (from upper level)
   INVX: 0 # Downgrades (from upper level)
   FWD: 0 # Forwards (from upper level)
   latGETnl: 12845056 # GET request latency on next level
   latGETnet: 0 # GET request latency on network to next level
 gbuf: # Cache stats
  gbuf-0b0: # Cache stats
   hGETS: 0 # GETS hits
   hGETX: 0 # GETX hits
   mGETS: 50274 # GETS misses
   mGETXIM: 50176 # GETX I->M misses
   mGETXSM: 0 # GETX S->M misses (upgrade misses)
   PUTS: 50272 # Clean evictions (from lower level)
   PUTX: 50176 # Dirty evictions (from lower level)
   INV: 0 # Invalidates (from upper level)
   INVX: 0 # Downgrades (from upper level)
   FWD: 0 # Forwards (from upper level)
   latGETnl: 3113950 # GET request latency on next level
   latGETnet: 0 # GET request latency on network to next level
  gbuf-0b1: # Cache stats
   hGETS: 0 # GETS hits
   hGETX: 0 # GETX hits
   mGETS: 50275 # GETS misses
   mGETXIM: 50176 # GETX I->M misses
   mGETXSM: 0 # GETX S->M misses (upgrade misses)
   PUTS: 50272 # Clean evictions (from lower level)
   PUTX: 50175 # Dirty evictions (from lower level)
   INV: 0 # Invalidates (from upper level)
   INVX: 0 # Downgrades (from upper level)
   FWD: 0 # Forwards (from upper level)
   latGETnl: 3113981 # GET request latency on next level
   latGETnet: 0 # GET request latency on network to next level
  gbuf-0b2: # Cache stats
   hGETS: 0 # GETS hits
   hGETX: 0 # GETX hits
   mGETS: 50274 # GETS misses
   mGETXIM: 50176 # GETX I->M misses
   mGETXSM: 0 # GETX S->M misses (upgrade misses)
   PUTS: 50272 # Clean evictions (from lower level)
   PUTX: 50174 # Dirty evictions (from lower level)
   INV: 0 # Invalidates (from upper level)
   INVX: 0 # Downgrades (from upper level)
   FWD: 0 # Forwards (from upper level)
   latGETnl: 3113950 # GET request latency on next level
   latGETnet: 0 # GET request latency on network to next level
  gbuf-0b3: # Cache stats
   hGETS: 0 # GETS hits
   hGETX: 0 # GETX hits
   mGETS: 50275 # GETS misses
   mGETXIM: 50176 # GETX I->M misses
   mGETXSM: 0 # GETX S->M misses (upgrade misses)
   PUTS: 50272 # Clean evictions (from lower level)
   PUTX: 50173 # Dirty evictions (from lower level)
   INV: 0 # Invalidates (from upper level)
   INVX: 0 # Downgrades (from upper level)
   FWD: 0 # Forwards (from upper level)
   latGETnl: 3113981 # GET request latency on next level
   latGETnet: 0 # GET request latency on network to next level
  gbuf-0b4: # Cache stats
   hGETS: 0 # GETS hits
   hGETX: 0 # GETX hits
   mGETS: 50275 # GETS misses
   mGETXIM: 50176 # GETX I->M misses
   mGETXSM: 0 # GETX S->M misses (upgrade misses)
   PUTS: 50272 # Clean evictions (from lower level)
   PUTX: 50173 # Dirty evictions (from lower level)
   INV: 0 # Invalidates (from upper level)
   INVX: 0 # Downgrades (from upper level)
   FWD: 0 # Forwards (from upper level)
   latGETnl: 3113981 # GET request latency on next level
   latGETnet: 0 # GET request latency on network to next level
  gbuf-0b5: # Cache stats
   hGETS: 0 # GETS hits
   hGETX: 0 # GETX hits
   mGETS: 50274 # GETS misses
   mGETXIM: 50176 # GETX I->M misses
   mGETXSM: 0 # GETX S->M misses (upgrade misses)
   PUTS: 50272 # Clean evictions (from lower level)
   PUTX: 50174 # Dirty evictions (from lower level)
   INV: 0 # Invalidates (from upper level)
   INVX: 0 # Downgrades (from upper level)
   FWD: 0 # Forwards (from upper level)
   latGETnl: 3113950 # GET request latency on next level
   latGETnet: 0 # GET request latency on network to next level
  gbuf-0b6: # Cache stats
   hGETS: 0 # GETS hits
   hGETX: 0 # GETX hits
   mGETS: 50273 # GETS misses
   mGETXIM: 50176 # GETX I->M misses
   mGETXSM: 0 # GETX S->M misses (upgrade misses)
   PUTS: 50272 # Clean evictions (from lower level)
   PUTX: 50173 # Dirty evictions (from lower level)
   INV: 0 # Invalidates (from upper level)
   INVX: 0 # Downgrades (from upper level)
   FWD: 0 # Forwards (from upper level)
   latGETnl: 3113919 # GET request latency on next level
   latGETnet: 0 # GET request latency on network to next level
  gbuf-0b7: # Cache stats
   hGETS: 0 # GETS hits
   hGETX: 0 # GETX hits
   mGETS: 50272 # GETS misses
   mGETXIM: 50176 # GETX I->M misses
   mGETXSM: 0 # GETX S->M misses (upgrade misses)
   PUTS: 50272 # Clean evictions (from lower level)
   PUTX: 50174 # Dirty evictions (from lower level)
   INV: 0 # Invalidates (from upper level)
   INVX: 0 # Downgrades (from upper level)
   FWD: 0 # Forwards (from upper level)
   latGETnl: 3113888 # GET request latency on next level
   latGETnet: 0 # GET request latency on network to next level
 mem: # Memory controller stats
  mem-0: # Memory channel stats
   rd: 803600 # Read requests
   wr: 397312 # Write requests
   rdlat: 278632846993 # Total latency experienced by read requests
   wrlat: 95208052704 # Total latency experienced by write requests
   rdmlh: # Latency histogram for read requests
    0: 0
    1: 0
    2: 0
    3: 0
    4: 0
    5: 17
    6: 33
    7: 35
    8: 34
    9: 34
    10: 0
    11: 0
    12: 17
    13: 34
    14: 33
    15: 35
    16: 17
    17: 0
    18: 0
    19: 50
    20: 33
    21: 35
    22: 18
    23: 1
    24: 0
    25: 17
    26: 33
    27: 66
    28: 18
    29: 2
    30: 2
    31: 17
    32: 32
    33: 35
    34: 34
    35: 34
    36: 1
    37: 2
    38: 16
    39: 34
    40: 33
    41: 37
    42: 16
    43: 2
    44: 1
    45: 48
    46: 33
    47: 35
    48: 17
    49: 3
    50: 1
    51: 19
    52: 48
    53: 33
    54: 34
    55: 20
    56: 33
    57: 36
    58: 32
    59: 17
    60: 4
    61: 45
    62: 2
    63: 17
    64: 33
    65: 47
    66: 4
    67: 3
    68: 30
    69: 17
    70: 3
    71: 53
    72: 29
    73: 3
    74: 19
    75: 30
    76: 2
    77: 47
    78: 33
    79: 3
    80: 4
    81: 47
    82: 2
    83: 35
    84: 31
    85: 17
    86: 2
    87: 64
    88: 2
    89: 3
    90: 2
    91: 80
    92: 1
    93: 1
    94: 33
    95: 18
    96: 33
    97: 35
    98: 16
    99: 801483
   wrmlh: # Latency histogram for write requests
    0: 0
    1: 0
    2: 0
    3: 0
    4: 0
    5: 34
    6: 37
    7: 40
    8: 72
    9: 50
    10: 4
    11: 30
    12: 69
    13: 17
    14: 4
    15: 60
    16: 76
    17: 43
    18: 35
    19: 58
    20: 7
    21: 3
    22: 43
    23: 61
    24: 9
    25: 39
    26: 49
    27: 100
    28: 27
    29: 7
    30: 57
    31: 27
    32: 38
    33: 64
    34: 17
    35: 77
    36: 73
    37: 111
    38: 46
    39: 76
    40: 102
    41: 116
    42: 112
    43: 208
    44: 230
    45: 248
    46: 335
    47: 660
    48: 1099
    49: 1107
    50: 2681
    51: 6829
    52: 1552
    53: 1356
    54: 806
    55: 1245
    56: 203
    57: 115
    58: 103
    59: 122
    60: 95
    61: 49
    62: 71
    63: 119
    64: 97
    65: 97
    66: 67
    67: 89
    68: 56
    69: 74
    70: 65
    71: 138
    72: 105
    73: 127
    74: 134
    75: 122
    76: 89
    77: 93
    78: 98
    79: 129
    80: 72
    81: 51
    82: 85
    83: 53
    84: 19
    85: 17
    86: 15
    87: 11
    88: 5
    89: 4
    90: 7
    91: 5
    92: 6
    93: 4
    94: 2
    95: 4
    96: 3
    97: 2
    98: 2
    99: 374242
   ACT: 1200912 # Activate commands
   PRE: 1217169 # Precharge commands
   RD: 803600 # Read commands
   WR: 397312 # Write commands
   REF: 5480 # Refresh commands
   eACTPRE: 363876336 # Activate/precharge energy
   eRDWR: 1631940672 # Read/write energy
   eREF: 18231960 # Refresh energy
   eBKGD: 422333932 # Background energy
   eWIRE: 183739536 # Channel wire energy
 sched: # Scheduler stats
  thCr: 0 # Threads created
  thFn: 0 # Threads finished
  schedEvs: 0 # Schedule events
  waitEvs: 0 # Wait events
  handoffEvs: 0 # Handoff events
  sleepEvs: 0 # Sleep events
  idlePhases: 0 # Phases with no thread active
  idlePeriods: 0 # Periods with no thread active
  occHist: # Occupancy histogram
   0: 1068
   1: 0
  rqSzHist: # Run queue size histogram
   0: 1068
   1: 0
   2: 0
   3: 0
   4: 0
   5: 0
   6: 0
   7: 0
   8: 0
   9: 0
   10: 0
   11: 0
   12: 0
   13: 0
   14: 0
   15: 0
   16: 0
 procCycles: # Per-process unhalted core cycles
  0: 0
  1: 0
  2: 0
  3: 0
  4: 0
  5: 0
  6: 0
  7: 0
  8: 0
  9: 0
  10: 0
  11: 0
  12: 0
  13: 0
  14: 0
  15: 0
  16: 0
  17: 0
  18: 0
  19: 0
  20: 0
  21: 0
  22: 0
  23: 0
  24: 0
  25: 0
  26: 0
  27: 0
  28: 0
  29: 0
  30: 0
  31: 0
 procInstrs: # Per-process instructions
  0: 0
  1: 0
  2: 0
  3: 0
  4: 0
  5: 0
  6: 0
  7: 0
  8: 0
  9: 0
  10: 0
  11: 0
  12: 0
  13: 0
  14: 0
  15: 0
  16: 0
  17: 0
  18: 0
  19: 0
  20: 0
  21: 0
  22: 0
  23: 0
  24: 0
  25: 0
  26: 0
  27: 0
  28: 0
  29: 0
  30: 0
  31: 0
 heartbeats: # Per-process heartbeats
  0: 0
  1: 0
  2: 0
  3: 0
  4: 0
  5: 0
  6: 0
  7: 0
  8: 0
  9: 0
  10: 0
  11: 0
  12: 0
  13: 0
  14: 0
  15: 0
  16: 0
  17: 0
  18: 0
  19: 0
  20: 0
  21: 0
  22: 0
  23: 0
  24: 0
  25: 0
  26: 0
  27: 0
  28: 0
  29: 0
  30: 0
  31: 0
===
