# zsim stats
===
root: # Stats
 contention: # Contention simulation stats
  domain-0: # Domain stats
   time: 8746342499 # Weave simulation time
 time: # Simulator time breakdown
  init: 4027274925
  bound: 97971937247
  weave: 8773369243
  ff: 1232318656
 trigger: 20000 # Reason for this stats dump
 phase: 515 # Simulated phases
 l: # Logic unit stats
  l-0: # Logic unit stats
   cycles: 5149205 # Simulated unhalted cycles
   cCycles: 4786581 # Cycles due to contention stalls
   ops: 57376 # Simulated operations
   compOps: 16 # Simulated compute operations
 c: # Core stats
  c-0: # Core stats
   cycles: 0 # Simulated cycles
   instrs: 0 # Simulated instructions
 rdbuf: # Cache stats
  rdbuf-0: # Filter cache stats
   fhGETS: 34416 # Filtered GETS hits
   fhGETX: 0 # Filtered GETX hits
   hGETS: 0 # GETS hits
   hGETX: 0 # GETX hits
   mGETS: 401408 # GETS misses
   mGETXIM: 0 # GETX I->M misses
   mGETXSM: 0 # GETX S->M misses (upgrade misses)
   PUTS: 0 # Clean evictions (from lower level)
   PUTX: 0 # Dirty evictions (from lower level)
   INV: 16 # Invalidates (from upper level)
   INVX: 0 # Downgrades (from upper level)
   FWD: 0 # Forwards (from upper level)
   latGETnl: 12845056 # GET request latency on next level
   latGETnet: 0 # GET request latency on network to next level
 wrbuf: # Cache stats
  wrbuf-0: # Filter cache stats
   fhGETS: 0 # Filtered GETS hits
   fhGETX: 8592 # Filtered GETX hits
   hGETS: 0 # GETS hits
   hGETX: 0 # GETX hits
   mGETS: 0 # GETS misses
   mGETXIM: 100352 # GETX I->M misses
   mGETXSM: 0 # GETX S->M misses (upgrade misses)
   PUTS: 0 # Clean evictions (from lower level)
   PUTX: 0 # Dirty evictions (from lower level)
   INV: 15 # Invalidates (from upper level)
   INVX: 0 # Downgrades (from upper level)
   FWD: 0 # Forwards (from upper level)
   latGETnl: 3211264 # GET request latency on next level
   latGETnet: 0 # GET request latency on network to next level
 gbuf: # Cache stats
  gbuf-0b0: # Cache stats
   hGETS: 0 # GETS hits
   hGETX: 0 # GETX hits
   mGETS: 50176 # GETS misses
   mGETXIM: 12544 # GETX I->M misses
   mGETXSM: 0 # GETX S->M misses (upgrade misses)
   PUTS: 50176 # Clean evictions (from lower level)
   PUTX: 12544 # Dirty evictions (from lower level)
   INV: 0 # Invalidates (from upper level)
   INVX: 0 # Downgrades (from upper level)
   FWD: 0 # Forwards (from upper level)
   latGETnl: 1944320 # GET request latency on next level
   latGETnet: 0 # GET request latency on network to next level
  gbuf-0b1: # Cache stats
   hGETS: 0 # GETS hits
   hGETX: 0 # GETX hits
   mGETS: 50176 # GETS misses
   mGETXIM: 12544 # GETX I->M misses
   mGETXSM: 0 # GETX S->M misses (upgrade misses)
   PUTS: 50175 # Clean evictions (from lower level)
   PUTX: 12544 # Dirty evictions (from lower level)
   INV: 0 # Invalidates (from upper level)
   INVX: 0 # Downgrades (from upper level)
   FWD: 0 # Forwards (from upper level)
   latGETnl: 1944320 # GET request latency on next level
   latGETnet: 0 # GET request latency on network to next level
  gbuf-0b2: # Cache stats
   hGETS: 0 # GETS hits
   hGETX: 0 # GETX hits
   mGETS: 50176 # GETS misses
   mGETXIM: 12544 # GETX I->M misses
   mGETXSM: 0 # GETX S->M misses (upgrade misses)
   PUTS: 50174 # Clean evictions (from lower level)
   PUTX: 12544 # Dirty evictions (from lower level)
   INV: 0 # Invalidates (from upper level)
   INVX: 0 # Downgrades (from upper level)
   FWD: 0 # Forwards (from upper level)
   latGETnl: 1944320 # GET request latency on next level
   latGETnet: 0 # GET request latency on network to next level
  gbuf-0b3: # Cache stats
   hGETS: 0 # GETS hits
   hGETX: 0 # GETX hits
   mGETS: 50176 # GETS misses
   mGETXIM: 12544 # GETX I->M misses
   mGETXSM: 0 # GETX S->M misses (upgrade misses)
   PUTS: 50173 # Clean evictions (from lower level)
   PUTX: 12544 # Dirty evictions (from lower level)
   INV: 0 # Invalidates (from upper level)
   INVX: 0 # Downgrades (from upper level)
   FWD: 0 # Forwards (from upper level)
   latGETnl: 1944320 # GET request latency on next level
   latGETnet: 0 # GET request latency on network to next level
  gbuf-0b4: # Cache stats
   hGETS: 0 # GETS hits
   hGETX: 0 # GETX hits
   mGETS: 50176 # GETS misses
   mGETXIM: 12544 # GETX I->M misses
   mGETXSM: 0 # GETX S->M misses (upgrade misses)
   PUTS: 50173 # Clean evictions (from lower level)
   PUTX: 12544 # Dirty evictions (from lower level)
   INV: 0 # Invalidates (from upper level)
   INVX: 0 # Downgrades (from upper level)
   FWD: 0 # Forwards (from upper level)
   latGETnl: 1944320 # GET request latency on next level
   latGETnet: 0 # GET request latency on network to next level
  gbuf-0b5: # Cache stats
   hGETS: 0 # GETS hits
   hGETX: 0 # GETX hits
   mGETS: 50176 # GETS misses
   mGETXIM: 12544 # GETX I->M misses
   mGETXSM: 0 # GETX S->M misses (upgrade misses)
   PUTS: 50174 # Clean evictions (from lower level)
   PUTX: 12544 # Dirty evictions (from lower level)
   INV: 0 # Invalidates (from upper level)
   INVX: 0 # Downgrades (from upper level)
   FWD: 0 # Forwards (from upper level)
   latGETnl: 1944320 # GET request latency on next level
   latGETnet: 0 # GET request latency on network to next level
  gbuf-0b6: # Cache stats
   hGETS: 0 # GETS hits
   hGETX: 0 # GETX hits
   mGETS: 50176 # GETS misses
   mGETXIM: 12544 # GETX I->M misses
   mGETXSM: 0 # GETX S->M misses (upgrade misses)
   PUTS: 50173 # Clean evictions (from lower level)
   PUTX: 12538 # Dirty evictions (from lower level)
   INV: 0 # Invalidates (from upper level)
   INVX: 0 # Downgrades (from upper level)
   FWD: 0 # Forwards (from upper level)
   latGETnl: 1944320 # GET request latency on next level
   latGETnet: 0 # GET request latency on network to next level
  gbuf-0b7: # Cache stats
   hGETS: 0 # GETS hits
   hGETX: 0 # GETX hits
   mGETS: 50176 # GETS misses
   mGETXIM: 12544 # GETX I->M misses
   mGETXSM: 0 # GETX S->M misses (upgrade misses)
   PUTS: 50174 # Clean evictions (from lower level)
   PUTX: 12534 # Dirty evictions (from lower level)
   INV: 0 # Invalidates (from upper level)
   INVX: 0 # Downgrades (from upper level)
   FWD: 0 # Forwards (from upper level)
   latGETnl: 1944320 # GET request latency on next level
   latGETnet: 0 # GET request latency on network to next level
 mem: # Memory controller stats
  mem-0: # Memory channel stats
   rd: 501760 # Read requests
   wr: 96256 # Write requests
   rdlat: 81648957477 # Total latency experienced by read requests
   wrlat: 7887996508 # Total latency experienced by write requests
   rdmlh: # Latency histogram for read requests
    0: 0
    1: 0
    2: 0
    3: 0
    4: 0
    5: 17
    6: 33
    7: 35
    8: 35
    9: 33
    10: 0
    11: 0
    12: 17
    13: 34
    14: 33
    15: 36
    16: 16
    17: 0
    18: 0
    19: 50
    20: 33
    21: 36
    22: 17
    23: 1
    24: 1
    25: 19
    26: 33
    27: 63
    28: 18
    29: 3
    30: 2
    31: 17
    32: 33
    33: 33
    34: 34
    35: 34
    36: 1
    37: 2
    38: 17
    39: 35
    40: 34
    41: 36
    42: 14
    43: 4
    44: 1
    45: 46
    46: 33
    47: 32
    48: 15
    49: 9
    50: 3
    51: 16
    52: 41
    53: 37
    54: 36
    55: 19
    56: 29
    57: 24
    58: 24
    59: 15
    60: 7
    61: 28
    62: 9
    63: 21
    64: 24
    65: 37
    66: 9
    67: 11
    68: 29
    69: 20
    70: 10
    71: 39
    72: 24
    73: 13
    74: 19
    75: 27
    76: 6
    77: 43
    78: 26
    79: 15
    80: 11
    81: 34
    82: 6
    83: 32
    84: 24
    85: 27
    86: 9
    87: 48
    88: 6
    89: 13
    90: 10
    91: 58
    92: 10
    93: 14
    94: 21
    95: 18
    96: 24
    97: 29
    98: 25
    99: 499685
   wrmlh: # Latency histogram for write requests
    0: 0
    1: 0
    2: 0
    3: 0
    4: 0
    5: 25
    6: 37
    7: 38
    8: 64
    9: 47
    10: 0
    11: 34
    12: 49
    13: 14
    14: 1
    15: 61
    16: 64
    17: 35
    18: 31
    19: 50
    20: 3
    21: 4
    22: 35
    23: 60
    24: 6
    25: 40
    26: 39
    27: 95
    28: 16
    29: 5
    30: 44
    31: 19
    32: 33
    33: 46
    34: 9
    35: 60
    36: 53
    37: 85
    38: 8
    39: 45
    40: 25
    41: 74
    42: 40
    43: 146
    44: 82
    45: 104
    46: 134
    47: 259
    48: 245
    49: 324
    50: 461
    51: 833
    52: 201
    53: 227
    54: 174
    55: 263
    56: 52
    57: 83
    58: 15
    59: 62
    60: 45
    61: 20
    62: 41
    63: 78
    64: 59
    65: 71
    66: 37
    67: 57
    68: 15
    69: 40
    70: 15
    71: 65
    72: 49
    73: 81
    74: 73
    75: 86
    76: 50
    77: 69
    78: 45
    79: 54
    80: 12
    81: 12
    82: 5
    83: 1
    84: 2
    85: 0
    86: 0
    87: 0
    88: 0
    89: 0
    90: 0
    91: 0
    92: 0
    93: 0
    94: 0
    95: 0
    96: 0
    97: 0
    98: 0
    99: 90115
   ACT: 598016 # Activate commands
   PRE: 605894 # Precharge commands
   RD: 501760 # Read commands
   WR: 96256 # Write commands
   REF: 2643 # Refresh commands
   eACTPRE: 181198848 # Activate/precharge energy
   eRDWR: 809302016 # Read/write energy
   eREF: 8793261 # Refresh energy
   eBKGD: 203716129 # Background energy
   eWIRE: 91496448 # Channel wire energy
 sched: # Scheduler stats
  thCr: 0 # Threads created
  thFn: 0 # Threads finished
  schedEvs: 0 # Schedule events
  waitEvs: 0 # Wait events
  handoffEvs: 0 # Handoff events
  sleepEvs: 0 # Sleep events
  idlePhases: 0 # Phases with no thread active
  idlePeriods: 0 # Periods with no thread active
  occHist: # Occupancy histogram
   0: 515
   1: 0
  rqSzHist: # Run queue size histogram
   0: 515
   1: 0
   2: 0
   3: 0
   4: 0
   5: 0
   6: 0
   7: 0
   8: 0
   9: 0
   10: 0
   11: 0
   12: 0
   13: 0
   14: 0
   15: 0
   16: 0
 procCycles: # Per-process unhalted core cycles
  0: 0
  1: 0
  2: 0
  3: 0
  4: 0
  5: 0
  6: 0
  7: 0
  8: 0
  9: 0
  10: 0
  11: 0
  12: 0
  13: 0
  14: 0
  15: 0
  16: 0
  17: 0
  18: 0
  19: 0
  20: 0
  21: 0
  22: 0
  23: 0
  24: 0
  25: 0
  26: 0
  27: 0
  28: 0
  29: 0
  30: 0
  31: 0
 procInstrs: # Per-process instructions
  0: 0
  1: 0
  2: 0
  3: 0
  4: 0
  5: 0
  6: 0
  7: 0
  8: 0
  9: 0
  10: 0
  11: 0
  12: 0
  13: 0
  14: 0
  15: 0
  16: 0
  17: 0
  18: 0
  19: 0
  20: 0
  21: 0
  22: 0
  23: 0
  24: 0
  25: 0
  26: 0
  27: 0
  28: 0
  29: 0
  30: 0
  31: 0
 heartbeats: # Per-process heartbeats
  0: 0
  1: 0
  2: 0
  3: 0
  4: 0
  5: 0
  6: 0
  7: 0
  8: 0
  9: 0
  10: 0
  11: 0
  12: 0
  13: 0
  14: 0
  15: 0
  16: 0
  17: 0
  18: 0
  19: 0
  20: 0
  21: 0
  22: 0
  23: 0
  24: 0
  25: 0
  26: 0
  27: 0
  28: 0
  29: 0
  30: 0
  31: 0
===
