# zsim stats
===
root: # Stats
 contention: # Contention simulation stats
  domain-0: # Domain stats
   time: 80390891203 # Weave simulation time
 time: # Simulator time breakdown
  init: 808743532
  bound: 215326361104
  weave: 83731878870
  ff: 1181048473
 trigger: 20000 # Reason for this stats dump
 phase: 10538 # Simulated phases
 l: # Logic unit stats
  l-0: # Logic unit stats
   cycles: 105376717 # Simulated unhalted cycles
   cCycles: 19180461 # Cycles due to contention stalls
   ops: 1073152 # Simulated operations
   compOps: 4096 # Simulated compute operations
  l-1: # Logic unit stats
   cycles: 105370937 # Simulated unhalted cycles
   cCycles: 19174681 # Cycles due to contention stalls
   ops: 1073152 # Simulated operations
   compOps: 4096 # Simulated compute operations
  l-2: # Logic unit stats
   cycles: 105282187 # Simulated unhalted cycles
   cCycles: 19085931 # Cycles due to contention stalls
   ops: 1073152 # Simulated operations
   compOps: 4096 # Simulated compute operations
  l-3: # Logic unit stats
   cycles: 105277153 # Simulated unhalted cycles
   cCycles: 19080897 # Cycles due to contention stalls
   ops: 1073152 # Simulated operations
   compOps: 4096 # Simulated compute operations
 c: # Core stats
  c-0: # Core stats
   cycles: 0 # Simulated cycles
   instrs: 0 # Simulated instructions
  c-1: # Core stats
   cycles: 0 # Simulated cycles
   instrs: 0 # Simulated instructions
  c-2: # Core stats
   cycles: 0 # Simulated cycles
   instrs: 0 # Simulated instructions
  c-3: # Core stats
   cycles: 0 # Simulated cycles
   instrs: 0 # Simulated instructions
 rdbuf: # Cache stats
  rdbuf-0: # Filter cache stats
   fhGETS: 0 # Filtered GETS hits
   fhGETX: 0 # Filtered GETX hits
   hGETS: 0 # GETS hits
   hGETX: 0 # GETX hits
   mGETS: 1694720 # GETS misses
   mGETXIM: 0 # GETX I->M misses
   mGETXSM: 0 # GETX S->M misses (upgrade misses)
   PUTS: 0 # Clean evictions (from lower level)
   PUTX: 0 # Dirty evictions (from lower level)
   INV: 8 # Invalidates (from upper level)
   INVX: 0 # Downgrades (from upper level)
   FWD: 0 # Forwards (from upper level)
   latGETnl: 23787707 # GET request latency on next level
   latGETnet: 0 # GET request latency on network to next level
  rdbuf-1: # Filter cache stats
   fhGETS: 0 # Filtered GETS hits
   fhGETX: 0 # Filtered GETX hits
   hGETS: 0 # GETS hits
   hGETX: 0 # GETX hits
   mGETS: 1694720 # GETS misses
   mGETXIM: 0 # GETX I->M misses
   mGETXSM: 0 # GETX S->M misses (upgrade misses)
   PUTS: 0 # Clean evictions (from lower level)
   PUTX: 0 # Dirty evictions (from lower level)
   INV: 8 # Invalidates (from upper level)
   INVX: 0 # Downgrades (from upper level)
   FWD: 0 # Forwards (from upper level)
   latGETnl: 23788544 # GET request latency on next level
   latGETnet: 0 # GET request latency on network to next level
  rdbuf-2: # Filter cache stats
   fhGETS: 0 # Filtered GETS hits
   fhGETX: 0 # Filtered GETX hits
   hGETS: 0 # GETS hits
   hGETX: 0 # GETX hits
   mGETS: 1681408 # GETS misses
   mGETXIM: 0 # GETX I->M misses
   mGETXSM: 0 # GETX S->M misses (upgrade misses)
   PUTS: 0 # Clean evictions (from lower level)
   PUTX: 0 # Dirty evictions (from lower level)
   INV: 8 # Invalidates (from upper level)
   INVX: 0 # Downgrades (from upper level)
   FWD: 0 # Forwards (from upper level)
   latGETnl: 23362560 # GET request latency on next level
   latGETnet: 0 # GET request latency on network to next level
  rdbuf-3: # Filter cache stats
   fhGETS: 0 # Filtered GETS hits
   fhGETX: 0 # Filtered GETX hits
   hGETS: 0 # GETS hits
   hGETX: 0 # GETX hits
   mGETS: 1681408 # GETS misses
   mGETXIM: 0 # GETX I->M misses
   mGETXSM: 0 # GETX S->M misses (upgrade misses)
   PUTS: 0 # Clean evictions (from lower level)
   PUTX: 0 # Dirty evictions (from lower level)
   INV: 8 # Invalidates (from upper level)
   INVX: 0 # Downgrades (from upper level)
   FWD: 0 # Forwards (from upper level)
   latGETnl: 23362560 # GET request latency on next level
   latGETnet: 0 # GET request latency on network to next level
 wrbuf: # Cache stats
  wrbuf-0: # Filter cache stats
   fhGETS: 0 # Filtered GETS hits
   fhGETX: 0 # Filtered GETX hits
   hGETS: 0 # GETS hits
   hGETX: 0 # GETX hits
   mGETS: 0 # GETS misses
   mGETXIM: 23808 # GETX I->M misses
   mGETXSM: 0 # GETX S->M misses (upgrade misses)
   PUTS: 0 # Clean evictions (from lower level)
   PUTX: 0 # Dirty evictions (from lower level)
   INV: 8 # Invalidates (from upper level)
   INVX: 0 # Downgrades (from upper level)
   FWD: 0 # Forwards (from upper level)
   latGETnl: 761546 # GET request latency on next level
   latGETnet: 0 # GET request latency on network to next level
  wrbuf-1: # Filter cache stats
   fhGETS: 0 # Filtered GETS hits
   fhGETX: 0 # Filtered GETX hits
   hGETS: 0 # GETS hits
   hGETX: 0 # GETX hits
   mGETS: 0 # GETS misses
   mGETXIM: 23808 # GETX I->M misses
   mGETXSM: 0 # GETX S->M misses (upgrade misses)
   PUTS: 0 # Clean evictions (from lower level)
   PUTX: 0 # Dirty evictions (from lower level)
   INV: 8 # Invalidates (from upper level)
   INVX: 0 # Downgrades (from upper level)
   FWD: 0 # Forwards (from upper level)
   latGETnl: 761856 # GET request latency on next level
   latGETnet: 0 # GET request latency on network to next level
  wrbuf-2: # Filter cache stats
   fhGETS: 0 # Filtered GETS hits
   fhGETX: 0 # Filtered GETX hits
   hGETS: 0 # GETS hits
   hGETX: 0 # GETX hits
   mGETS: 0 # GETS misses
   mGETXIM: 27136 # GETX I->M misses
   mGETXSM: 0 # GETX S->M misses (upgrade misses)
   PUTS: 0 # Clean evictions (from lower level)
   PUTX: 0 # Dirty evictions (from lower level)
   INV: 8 # Invalidates (from upper level)
   INVX: 0 # Downgrades (from upper level)
   FWD: 0 # Forwards (from upper level)
   latGETnl: 868352 # GET request latency on next level
   latGETnet: 0 # GET request latency on network to next level
  wrbuf-3: # Filter cache stats
   fhGETS: 0 # Filtered GETS hits
   fhGETX: 0 # Filtered GETX hits
   hGETS: 0 # GETS hits
   hGETX: 0 # GETX hits
   mGETS: 0 # GETS misses
   mGETXIM: 27136 # GETX I->M misses
   mGETXSM: 0 # GETX S->M misses (upgrade misses)
   PUTS: 0 # Clean evictions (from lower level)
   PUTX: 0 # Dirty evictions (from lower level)
   INV: 8 # Invalidates (from upper level)
   INVX: 0 # Downgrades (from upper level)
   FWD: 0 # Forwards (from upper level)
   latGETnl: 867050 # GET request latency on next level
   latGETnet: 0 # GET request latency on network to next level
 gbuf: # Cache stats
  gbuf-0b0: # Cache stats
   hGETS: 122420 # GETS hits
   hGETX: 2 # GETX hits
   mGETS: 89415 # GETS misses
   mGETXIM: 2972 # GETX I->M misses
   mGETXSM: 0 # GETX S->M misses (upgrade misses)
   PUTS: 211834 # Clean evictions (from lower level)
   PUTX: 2973 # Dirty evictions (from lower level)
   INV: 0 # Invalidates (from upper level)
   INVX: 0 # Downgrades (from upper level)
   FWD: 0 # Forwards (from upper level)
   latGETnl: 2863997 # GET request latency on next level
   latGETnet: 0 # GET request latency on network to next level
  gbuf-0b1: # Cache stats
   hGETS: 122424 # GETS hits
   hGETX: 2 # GETX hits
   mGETS: 89416 # GETS misses
   mGETXIM: 2976 # GETX I->M misses
   mGETXSM: 0 # GETX S->M misses (upgrade misses)
   PUTS: 211839 # Clean evictions (from lower level)
   PUTX: 2975 # Dirty evictions (from lower level)
   INV: 0 # Invalidates (from upper level)
   INVX: 0 # Downgrades (from upper level)
   FWD: 0 # Forwards (from upper level)
   latGETnl: 2864152 # GET request latency on next level
   latGETnet: 0 # GET request latency on network to next level
  gbuf-0b2: # Cache stats
   hGETS: 122773 # GETS hits
   hGETX: 2 # GETX hits
   mGETS: 89071 # GETS misses
   mGETXIM: 2974 # GETX I->M misses
   mGETXSM: 0 # GETX S->M misses (upgrade misses)
   PUTS: 211844 # Clean evictions (from lower level)
   PUTX: 2973 # Dirty evictions (from lower level)
   INV: 0 # Invalidates (from upper level)
   INVX: 0 # Downgrades (from upper level)
   FWD: 0 # Forwards (from upper level)
   latGETnl: 2853395 # GET request latency on next level
   latGETnet: 0 # GET request latency on network to next level
  gbuf-0b3: # Cache stats
   hGETS: 122881 # GETS hits
   hGETX: 2 # GETX hits
   mGETS: 88960 # GETS misses
   mGETXIM: 2974 # GETX I->M misses
   mGETXSM: 0 # GETX S->M misses (upgrade misses)
   PUTS: 211841 # Clean evictions (from lower level)
   PUTX: 2975 # Dirty evictions (from lower level)
   INV: 0 # Invalidates (from upper level)
   INVX: 0 # Downgrades (from upper level)
   FWD: 0 # Forwards (from upper level)
   latGETnl: 2849954 # GET request latency on next level
   latGETnet: 0 # GET request latency on network to next level
  gbuf-0b4: # Cache stats
   hGETS: 122886 # GETS hits
   hGETX: 2 # GETX hits
   mGETS: 88954 # GETS misses
   mGETXIM: 2977 # GETX I->M misses
   mGETXSM: 0 # GETX S->M misses (upgrade misses)
   PUTS: 211837 # Clean evictions (from lower level)
   PUTX: 2979 # Dirty evictions (from lower level)
   INV: 0 # Invalidates (from upper level)
   INVX: 0 # Downgrades (from upper level)
   FWD: 0 # Forwards (from upper level)
   latGETnl: 2849861 # GET request latency on next level
   latGETnet: 0 # GET request latency on network to next level
  gbuf-0b5: # Cache stats
   hGETS: 122885 # GETS hits
   hGETX: 0 # GETX hits
   mGETS: 88954 # GETS misses
   mGETXIM: 2973 # GETX I->M misses
   mGETXSM: 0 # GETX S->M misses (upgrade misses)
   PUTS: 211838 # Clean evictions (from lower level)
   PUTX: 2973 # Dirty evictions (from lower level)
   INV: 0 # Invalidates (from upper level)
   INVX: 0 # Downgrades (from upper level)
   FWD: 0 # Forwards (from upper level)
   latGETnl: 2849737 # GET request latency on next level
   latGETnet: 0 # GET request latency on network to next level
  gbuf-0b6: # Cache stats
   hGETS: 122886 # GETS hits
   hGETX: 0 # GETX hits
   mGETS: 88954 # GETS misses
   mGETXIM: 2975 # GETX I->M misses
   mGETXSM: 0 # GETX S->M misses (upgrade misses)
   PUTS: 211839 # Clean evictions (from lower level)
   PUTX: 2975 # Dirty evictions (from lower level)
   INV: 0 # Invalidates (from upper level)
   INVX: 0 # Downgrades (from upper level)
   FWD: 0 # Forwards (from upper level)
   latGETnl: 2849799 # GET request latency on next level
   latGETnet: 0 # GET request latency on network to next level
  gbuf-0b7: # Cache stats
   hGETS: 122888 # GETS hits
   hGETX: 0 # GETX hits
   mGETS: 88953 # GETS misses
   mGETXIM: 2977 # GETX I->M misses
   mGETXSM: 0 # GETX S->M misses (upgrade misses)
   PUTS: 211838 # Clean evictions (from lower level)
   PUTX: 2977 # Dirty evictions (from lower level)
   INV: 0 # Invalidates (from upper level)
   INVX: 0 # Downgrades (from upper level)
   FWD: 0 # Forwards (from upper level)
   latGETnl: 2849830 # GET request latency on next level
   latGETnet: 0 # GET request latency on network to next level
  gbuf-1b0: # Cache stats
   hGETS: 122884 # GETS hits
   hGETX: 0 # GETX hits
   mGETS: 88959 # GETS misses
   mGETXIM: 2976 # GETX I->M misses
   mGETXSM: 0 # GETX S->M misses (upgrade misses)
   PUTS: 211842 # Clean evictions (from lower level)
   PUTX: 2975 # Dirty evictions (from lower level)
   INV: 0 # Invalidates (from upper level)
   INVX: 0 # Downgrades (from upper level)
   FWD: 0 # Forwards (from upper level)
   latGETnl: 2849985 # GET request latency on next level
   latGETnet: 0 # GET request latency on network to next level
  gbuf-1b1: # Cache stats
   hGETS: 122880 # GETS hits
   hGETX: 0 # GETX hits
   mGETS: 88960 # GETS misses
   mGETXIM: 2976 # GETX I->M misses
   mGETXSM: 0 # GETX S->M misses (upgrade misses)
   PUTS: 211839 # Clean evictions (from lower level)
   PUTX: 2973 # Dirty evictions (from lower level)
   INV: 0 # Invalidates (from upper level)
   INVX: 0 # Downgrades (from upper level)
   FWD: 0 # Forwards (from upper level)
   latGETnl: 2850016 # GET request latency on next level
   latGETnet: 0 # GET request latency on network to next level
  gbuf-1b2: # Cache stats
   hGETS: 122532 # GETS hits
   hGETX: 0 # GETX hits
   mGETS: 89304 # GETS misses
   mGETXIM: 2976 # GETX I->M misses
   mGETXSM: 0 # GETX S->M misses (upgrade misses)
   PUTS: 211836 # Clean evictions (from lower level)
   PUTX: 2973 # Dirty evictions (from lower level)
   INV: 0 # Invalidates (from upper level)
   INVX: 0 # Downgrades (from upper level)
   FWD: 0 # Forwards (from upper level)
   latGETnl: 2860680 # GET request latency on next level
   latGETnet: 0 # GET request latency on network to next level
  gbuf-1b3: # Cache stats
   hGETS: 122424 # GETS hits
   hGETX: 0 # GETX hits
   mGETS: 89417 # GETS misses
   mGETXIM: 2976 # GETX I->M misses
   mGETXSM: 0 # GETX S->M misses (upgrade misses)
   PUTS: 211841 # Clean evictions (from lower level)
   PUTX: 2975 # Dirty evictions (from lower level)
   INV: 0 # Invalidates (from upper level)
   INVX: 0 # Downgrades (from upper level)
   FWD: 0 # Forwards (from upper level)
   latGETnl: 2864183 # GET request latency on next level
   latGETnet: 0 # GET request latency on network to next level
  gbuf-1b4: # Cache stats
   hGETS: 122660 # GETS hits
   hGETX: 0 # GETX hits
   mGETS: 89184 # GETS misses
   mGETXIM: 2976 # GETX I->M misses
   mGETXSM: 0 # GETX S->M misses (upgrade misses)
   PUTS: 211841 # Clean evictions (from lower level)
   PUTX: 2976 # Dirty evictions (from lower level)
   INV: 0 # Invalidates (from upper level)
   INVX: 0 # Downgrades (from upper level)
   FWD: 0 # Forwards (from upper level)
   latGETnl: 2856960 # GET request latency on next level
   latGETnet: 0 # GET request latency on network to next level
  gbuf-1b5: # Cache stats
   hGETS: 122880 # GETS hits
   hGETX: 0 # GETX hits
   mGETS: 88959 # GETS misses
   mGETXIM: 2976 # GETX I->M misses
   mGETXSM: 0 # GETX S->M misses (upgrade misses)
   PUTS: 211838 # Clean evictions (from lower level)
   PUTX: 2976 # Dirty evictions (from lower level)
   INV: 0 # Invalidates (from upper level)
   INVX: 0 # Downgrades (from upper level)
   FWD: 0 # Forwards (from upper level)
   latGETnl: 2849985 # GET request latency on next level
   latGETnet: 0 # GET request latency on network to next level
  gbuf-1b6: # Cache stats
   hGETS: 122876 # GETS hits
   hGETX: 0 # GETX hits
   mGETS: 88960 # GETS misses
   mGETXIM: 2976 # GETX I->M misses
   mGETXSM: 0 # GETX S->M misses (upgrade misses)
   PUTS: 211835 # Clean evictions (from lower level)
   PUTX: 2976 # Dirty evictions (from lower level)
   INV: 0 # Invalidates (from upper level)
   INVX: 0 # Downgrades (from upper level)
   FWD: 0 # Forwards (from upper level)
   latGETnl: 2850016 # GET request latency on next level
   latGETnet: 0 # GET request latency on network to next level
  gbuf-1b7: # Cache stats
   hGETS: 122880 # GETS hits
   hGETX: 0 # GETX hits
   mGETS: 88961 # GETS misses
   mGETXIM: 2976 # GETX I->M misses
   mGETXSM: 0 # GETX S->M misses (upgrade misses)
   PUTS: 211838 # Clean evictions (from lower level)
   PUTX: 2976 # Dirty evictions (from lower level)
   INV: 0 # Invalidates (from upper level)
   INVX: 0 # Downgrades (from upper level)
   FWD: 0 # Forwards (from upper level)
   latGETnl: 2850047 # GET request latency on next level
   latGETnet: 0 # GET request latency on network to next level
  gbuf-2b0: # Cache stats
   hGETS: 122420 # GETS hits
   hGETX: 0 # GETX hits
   mGETS: 87754 # GETS misses
   mGETXIM: 3391 # GETX I->M misses
   mGETXSM: 0 # GETX S->M misses (upgrade misses)
   PUTS: 210171 # Clean evictions (from lower level)
   PUTX: 3391 # Dirty evictions (from lower level)
   INV: 0 # Invalidates (from upper level)
   INVX: 0 # Downgrades (from upper level)
   FWD: 0 # Forwards (from upper level)
   latGETnl: 2825495 # GET request latency on next level
   latGETnet: 0 # GET request latency on network to next level
  gbuf-2b1: # Cache stats
   hGETS: 122424 # GETS hits
   hGETX: 0 # GETX hits
   mGETS: 87753 # GETS misses
   mGETXIM: 3393 # GETX I->M misses
   mGETXSM: 0 # GETX S->M misses (upgrade misses)
   PUTS: 210176 # Clean evictions (from lower level)
   PUTX: 3393 # Dirty evictions (from lower level)
   INV: 0 # Invalidates (from upper level)
   INVX: 0 # Downgrades (from upper level)
   FWD: 0 # Forwards (from upper level)
   latGETnl: 2825526 # GET request latency on next level
   latGETnet: 0 # GET request latency on network to next level
  gbuf-2b2: # Cache stats
   hGETS: 122772 # GETS hits
   hGETX: 0 # GETX hits
   mGETS: 87410 # GETS misses
   mGETXIM: 3394 # GETX I->M misses
   mGETXSM: 0 # GETX S->M misses (upgrade misses)
   PUTS: 210181 # Clean evictions (from lower level)
   PUTX: 3394 # Dirty evictions (from lower level)
   INV: 0 # Invalidates (from upper level)
   INVX: 0 # Downgrades (from upper level)
   FWD: 0 # Forwards (from upper level)
   latGETnl: 2814924 # GET request latency on next level
   latGETnet: 0 # GET request latency on network to next level
  gbuf-2b3: # Cache stats
   hGETS: 122880 # GETS hits
   hGETX: 0 # GETX hits
   mGETS: 87291 # GETS misses
   mGETXIM: 3390 # GETX I->M misses
   mGETXSM: 0 # GETX S->M misses (upgrade misses)
   PUTS: 210168 # Clean evictions (from lower level)
   PUTX: 3390 # Dirty evictions (from lower level)
   INV: 0 # Invalidates (from upper level)
   INVX: 0 # Downgrades (from upper level)
   FWD: 0 # Forwards (from upper level)
   latGETnl: 2811111 # GET request latency on next level
   latGETnet: 0 # GET request latency on network to next level
  gbuf-2b4: # Cache stats
   hGETS: 122880 # GETS hits
   hGETX: 0 # GETX hits
   mGETS: 87295 # GETS misses
   mGETXIM: 3393 # GETX I->M misses
   mGETXSM: 0 # GETX S->M misses (upgrade misses)
   PUTS: 210174 # Clean evictions (from lower level)
   PUTX: 3393 # Dirty evictions (from lower level)
   INV: 0 # Invalidates (from upper level)
   INVX: 0 # Downgrades (from upper level)
   FWD: 0 # Forwards (from upper level)
   latGETnl: 2811328 # GET request latency on next level
   latGETnet: 0 # GET request latency on network to next level
  gbuf-2b5: # Cache stats
   hGETS: 122880 # GETS hits
   hGETX: 0 # GETX hits
   mGETS: 87296 # GETS misses
   mGETXIM: 3391 # GETX I->M misses
   mGETXSM: 0 # GETX S->M misses (upgrade misses)
   PUTS: 210175 # Clean evictions (from lower level)
   PUTX: 3391 # Dirty evictions (from lower level)
   INV: 0 # Invalidates (from upper level)
   INVX: 0 # Downgrades (from upper level)
   FWD: 0 # Forwards (from upper level)
   latGETnl: 2811297 # GET request latency on next level
   latGETnet: 0 # GET request latency on network to next level
  gbuf-2b6: # Cache stats
   hGETS: 122880 # GETS hits
   hGETX: 0 # GETX hits
   mGETS: 87293 # GETS misses
   mGETXIM: 3390 # GETX I->M misses
   mGETXSM: 0 # GETX S->M misses (upgrade misses)
   PUTS: 210173 # Clean evictions (from lower level)
   PUTX: 3386 # Dirty evictions (from lower level)
   INV: 0 # Invalidates (from upper level)
   INVX: 0 # Downgrades (from upper level)
   FWD: 0 # Forwards (from upper level)
   latGETnl: 2811173 # GET request latency on next level
   latGETnet: 0 # GET request latency on network to next level
  gbuf-2b7: # Cache stats
   hGETS: 122880 # GETS hits
   hGETX: 0 # GETX hits
   mGETS: 87300 # GETS misses
   mGETXIM: 3394 # GETX I->M misses
   mGETXSM: 0 # GETX S->M misses (upgrade misses)
   PUTS: 210180 # Clean evictions (from lower level)
   PUTX: 3390 # Dirty evictions (from lower level)
   INV: 0 # Invalidates (from upper level)
   INVX: 0 # Downgrades (from upper level)
   FWD: 0 # Forwards (from upper level)
   latGETnl: 2811514 # GET request latency on next level
   latGETnet: 0 # GET request latency on network to next level
  gbuf-3b0: # Cache stats
   hGETS: 122884 # GETS hits
   hGETX: 14 # GETX hits
   mGETS: 87298 # GETS misses
   mGETXIM: 3378 # GETX I->M misses
   mGETXSM: 0 # GETX S->M misses (upgrade misses)
   PUTS: 210179 # Clean evictions (from lower level)
   PUTX: 3392 # Dirty evictions (from lower level)
   INV: 0 # Invalidates (from upper level)
   INVX: 0 # Downgrades (from upper level)
   FWD: 0 # Forwards (from upper level)
   latGETnl: 2810956 # GET request latency on next level
   latGETnet: 0 # GET request latency on network to next level
  gbuf-3b1: # Cache stats
   hGETS: 122880 # GETS hits
   hGETX: 10 # GETX hits
   mGETS: 87297 # GETS misses
   mGETXIM: 3382 # GETX I->M misses
   mGETXSM: 0 # GETX S->M misses (upgrade misses)
   PUTS: 210176 # Clean evictions (from lower level)
   PUTX: 3392 # Dirty evictions (from lower level)
   INV: 0 # Invalidates (from upper level)
   INVX: 0 # Downgrades (from upper level)
   FWD: 0 # Forwards (from upper level)
   latGETnl: 2811049 # GET request latency on next level
   latGETnet: 0 # GET request latency on network to next level
  gbuf-3b2: # Cache stats
   hGETS: 122532 # GETS hits
   hGETX: 0 # GETX hits
   mGETS: 87642 # GETS misses
   mGETXIM: 3392 # GETX I->M misses
   mGETXSM: 0 # GETX S->M misses (upgrade misses)
   PUTS: 210173 # Clean evictions (from lower level)
   PUTX: 3392 # Dirty evictions (from lower level)
   INV: 0 # Invalidates (from upper level)
   INVX: 0 # Downgrades (from upper level)
   FWD: 0 # Forwards (from upper level)
   latGETnl: 2822054 # GET request latency on next level
   latGETnet: 0 # GET request latency on network to next level
  gbuf-3b3: # Cache stats
   hGETS: 122424 # GETS hits
   hGETX: 0 # GETX hits
   mGETS: 87747 # GETS misses
   mGETXIM: 3392 # GETX I->M misses
   mGETXSM: 0 # GETX S->M misses (upgrade misses)
   PUTS: 210168 # Clean evictions (from lower level)
   PUTX: 3392 # Dirty evictions (from lower level)
   INV: 0 # Invalidates (from upper level)
   INVX: 0 # Downgrades (from upper level)
   FWD: 0 # Forwards (from upper level)
   latGETnl: 2825309 # GET request latency on next level
   latGETnet: 0 # GET request latency on network to next level
  gbuf-3b4: # Cache stats
   hGETS: 122660 # GETS hits
   hGETX: 2 # GETX hits
   mGETS: 87519 # GETS misses
   mGETXIM: 3390 # GETX I->M misses
   mGETXSM: 0 # GETX S->M misses (upgrade misses)
   PUTS: 210178 # Clean evictions (from lower level)
   PUTX: 3392 # Dirty evictions (from lower level)
   INV: 0 # Invalidates (from upper level)
   INVX: 0 # Downgrades (from upper level)
   FWD: 0 # Forwards (from upper level)
   latGETnl: 2818179 # GET request latency on next level
   latGETnet: 0 # GET request latency on network to next level
  gbuf-3b5: # Cache stats
   hGETS: 122880 # GETS hits
   hGETX: 2 # GETX hits
   mGETS: 87296 # GETS misses
   mGETXIM: 3390 # GETX I->M misses
   mGETXSM: 0 # GETX S->M misses (upgrade misses)
   PUTS: 210175 # Clean evictions (from lower level)
   PUTX: 3392 # Dirty evictions (from lower level)
   INV: 0 # Invalidates (from upper level)
   INVX: 0 # Downgrades (from upper level)
   FWD: 0 # Forwards (from upper level)
   latGETnl: 2811266 # GET request latency on next level
   latGETnet: 0 # GET request latency on network to next level
  gbuf-3b6: # Cache stats
   hGETS: 122876 # GETS hits
   hGETX: 6 # GETX hits
   mGETS: 87293 # GETS misses
   mGETXIM: 3386 # GETX I->M misses
   mGETXSM: 0 # GETX S->M misses (upgrade misses)
   PUTS: 210169 # Clean evictions (from lower level)
   PUTX: 3388 # Dirty evictions (from lower level)
   INV: 0 # Invalidates (from upper level)
   INVX: 0 # Downgrades (from upper level)
   FWD: 0 # Forwards (from upper level)
   latGETnl: 2811049 # GET request latency on next level
   latGETnet: 0 # GET request latency on network to next level
  gbuf-3b7: # Cache stats
   hGETS: 122880 # GETS hits
   hGETX: 8 # GETX hits
   mGETS: 87300 # GETS misses
   mGETXIM: 3384 # GETX I->M misses
   mGETXSM: 0 # GETX S->M misses (upgrade misses)
   PUTS: 210180 # Clean evictions (from lower level)
   PUTX: 3388 # Dirty evictions (from lower level)
   INV: 0 # Invalidates (from upper level)
   INVX: 0 # Downgrades (from upper level)
   FWD: 0 # Forwards (from upper level)
   latGETnl: 2811204 # GET request latency on next level
   latGETnet: 0 # GET request latency on network to next level
 mem: # Memory controller stats
  mem-0: # Memory channel stats
   rd: 736475 # Read requests
   wr: 23808 # Write requests
   rdlat: 3521372456 # Total latency experienced by read requests
   wrlat: 466110248 # Total latency experienced by write requests
   rdmlh: # Latency histogram for read requests
    0: 0
    1: 0
    2: 0
    3: 0
    4: 0
    5: 6316
    6: 2898
    7: 2431
    8: 662
    9: 1090
    10: 435
    11: 4508
    12: 3692
    13: 2004
    14: 2263
    15: 551
    16: 760
    17: 4709
    18: 1887
    19: 3180
    20: 1402
    21: 444
    22: 2593
    23: 2123
    24: 710
    25: 3079
    26: 2636
    27: 678
    28: 2599
    29: 2090
    30: 67
    31: 2845
    32: 1371
    33: 1344
    34: 4406
    35: 66
    36: 69
    37: 1589
    38: 2574
    39: 1180
    40: 4504
    41: 193
    42: 84
    43: 95
    44: 1124
    45: 1088
    46: 4289
    47: 86
    48: 77
    49: 108
    50: 1119
    51: 3314
    52: 2036
    53: 98
    54: 77
    55: 94
    56: 96
    57: 2333
    58: 1942
    59: 89
    60: 67
    61: 78
    62: 94
    63: 4139
    64: 120
    65: 108
    66: 59
    67: 92
    68: 67
    69: 4106
    70: 96
    71: 97
    72: 73
    73: 71
    74: 50
    75: 4087
    76: 94
    77: 95
    78: 84
    79: 69
    80: 2249
    81: 1809
    82: 97
    83: 82
    84: 65
    85: 70
    86: 2337
    87: 1722
    88: 100
    89: 76
    90: 78
    91: 76
    92: 3884
    93: 147
    94: 114
    95: 76
    96: 107
    97: 62
    98: 3860
    99: 611621
   wrmlh: # Latency histogram for write requests
    0: 0
    1: 0
    2: 0
    3: 0
    4: 0
    5: 19
    6: 39
    7: 33
    8: 129
    9: 14
    10: 25
    11: 20
    12: 38
    13: 35
    14: 128
    15: 34
    16: 38
    17: 39
    18: 35
    19: 119
    20: 244
    21: 109
    22: 68
    23: 67
    24: 68
    25: 134
    26: 132
    27: 204
    28: 128
    29: 95
    30: 73
    31: 101
    32: 145
    33: 183
    34: 118
    35: 128
    36: 121
    37: 123
    38: 134
    39: 126
    40: 288
    41: 147
    42: 144
    43: 202
    44: 236
    45: 194
    46: 268
    47: 199
    48: 179
    49: 142
    50: 125
    51: 164
    52: 238
    53: 162
    54: 139
    55: 171
    56: 173
    57: 162
    58: 177
    59: 131
    60: 131
    61: 97
    62: 119
    63: 135
    64: 122
    65: 99
    66: 87
    67: 105
    68: 104
    69: 97
    70: 84
    71: 84
    72: 104
    73: 75
    74: 97
    75: 55
    76: 83
    77: 68
    78: 59
    79: 60
    80: 58
    81: 57
    82: 45
    83: 57
    84: 45
    85: 34
    86: 33
    87: 21
    88: 24
    89: 21
    90: 21
    91: 13
    92: 31
    93: 10
    94: 17
    95: 19
    96: 14
    97: 16
    98: 14
    99: 14506
   ACT: 760283 # Activate commands
   PRE: 853889 # Precharge commands
   RD: 736475 # Read commands
   WR: 23808 # Write commands
   REF: 54069 # Refresh commands
   eACTPRE: 230365749 # Activate/precharge energy
   eRDWR: 1025647148 # Read/write energy
   eREF: 179887563 # Refresh energy
   eBKGD: 4006295184 # Background energy
   eWIRE: 116323299 # Channel wire energy
  mem-1: # Memory channel stats
   rd: 736512 # Read requests
   wr: 23808 # Write requests
   rdlat: 3522011015 # Total latency experienced by read requests
   wrlat: 467547750 # Total latency experienced by write requests
   rdmlh: # Latency histogram for read requests
    0: 0
    1: 0
    2: 0
    3: 0
    4: 0
    5: 6323
    6: 2872
    7: 2402
    8: 658
    9: 1091
    10: 434
    11: 4504
    12: 3695
    13: 1971
    14: 2253
    15: 561
    16: 755
    17: 4691
    18: 1892
    19: 3153
    20: 1402
    21: 449
    22: 2594
    23: 2115
    24: 715
    25: 3069
    26: 2620
    27: 699
    28: 2621
    29: 2093
    30: 61
    31: 2857
    32: 1350
    33: 1391
    34: 4434
    35: 70
    36: 67
    37: 1588
    38: 2568
    39: 1199
    40: 4523
    41: 196
    42: 81
    43: 103
    44: 1122
    45: 1104
    46: 4298
    47: 102
    48: 78
    49: 89
    50: 1124
    51: 3307
    52: 2036
    53: 115
    54: 89
    55: 82
    56: 89
    57: 2336
    58: 1955
    59: 106
    60: 81
    61: 83
    62: 101
    63: 4114
    64: 138
    65: 100
    66: 72
    67: 93
    68: 76
    69: 4089
    70: 107
    71: 93
    72: 90
    73: 64
    74: 59
    75: 4071
    76: 102
    77: 106
    78: 76
    79: 70
    80: 2237
    81: 1833
    82: 97
    83: 89
    84: 68
    85: 76
    86: 2320
    87: 1728
    88: 99
    89: 88
    90: 82
    91: 89
    92: 3864
    93: 154
    94: 107
    95: 93
    96: 106
    97: 69
    98: 3857
    99: 611519
   wrmlh: # Latency histogram for write requests
    0: 0
    1: 0
    2: 0
    3: 0
    4: 0
    5: 10
    6: 8
    7: 30
    8: 67
    9: 26
    10: 47
    11: 42
    12: 17
    13: 28
    14: 39
    15: 100
    16: 29
    17: 30
    18: 40
    19: 85
    20: 196
    21: 110
    22: 125
    23: 59
    24: 60
    25: 103
    26: 121
    27: 148
    28: 182
    29: 96
    30: 49
    31: 122
    32: 75
    33: 94
    34: 120
    35: 231
    36: 86
    37: 124
    38: 114
    39: 246
    40: 172
    41: 261
    42: 144
    43: 305
    44: 156
    45: 219
    46: 214
    47: 394
    48: 162
    49: 169
    50: 125
    51: 250
    52: 152
    53: 211
    54: 159
    55: 219
    56: 158
    57: 178
    58: 145
    59: 163
    60: 111
    61: 116
    62: 113
    63: 168
    64: 84
    65: 121
    66: 73
    67: 82
    68: 76
    69: 99
    70: 50
    71: 75
    72: 75
    73: 64
    74: 68
    75: 57
    76: 45
    77: 54
    78: 45
    79: 54
    80: 36
    81: 53
    82: 25
    83: 40
    84: 42
    85: 41
    86: 21
    87: 25
    88: 19
    89: 27
    90: 8
    91: 12
    92: 14
    93: 8
    94: 12
    95: 5
    96: 6
    97: 15
    98: 9
    99: 14745
   ACT: 760320 # Activate commands
   PRE: 854119 # Precharge commands
   RD: 736512 # Read commands
   WR: 23808 # Write commands
   REF: 54069 # Refresh commands
   eACTPRE: 230376960 # Activate/precharge energy
   eRDWR: 1025697024 # Read/write energy
   eREF: 179887563 # Refresh energy
   eBKGD: 4006309912 # Background energy
   eWIRE: 116328960 # Channel wire energy
  mem-2: # Memory channel stats
   rd: 726528 # Read requests
   wr: 27136 # Write requests
   rdlat: 3749487771 # Total latency experienced by read requests
   wrlat: 707525534 # Total latency experienced by write requests
   rdmlh: # Latency histogram for read requests
    0: 0
    1: 0
    2: 0
    3: 0
    4: 0
    5: 6329
    6: 2969
    7: 2303
    8: 557
    9: 897
    10: 343
    11: 4507
    12: 3790
    13: 1604
    14: 2514
    15: 466
    16: 494
    17: 4779
    18: 1899
    19: 3169
    20: 1397
    21: 192
    22: 2401
    23: 2118
    24: 1659
    25: 3110
    26: 1824
    27: 333
    28: 2406
    29: 2109
    30: 80
    31: 2691
    32: 1412
    33: 1197
    34: 4301
    35: 75
    36: 75
    37: 1524
    38: 2508
    39: 1229
    40: 4317
    41: 91
    42: 81
    43: 96
    44: 242
    45: 213
    46: 4247
    47: 72
    48: 87
    49: 99
    50: 238
    51: 2402
    52: 2000
    53: 88
    54: 59
    55: 74
    56: 101
    57: 2299
    58: 1942
    59: 79
    60: 58
    61: 72
    62: 91
    63: 4123
    64: 106
    65: 100
    66: 69
    67: 77
    68: 60
    69: 4042
    70: 88
    71: 90
    72: 65
    73: 81
    74: 48
    75: 4033
    76: 89
    77: 107
    78: 56
    79: 84
    80: 2225
    81: 1840
    82: 102
    83: 92
    84: 65
    85: 85
    86: 2299
    87: 1742
    88: 84
    89: 106
    90: 84
    91: 86
    92: 3863
    93: 137
    94: 108
    95: 90
    96: 103
    97: 82
    98: 3838
    99: 607870
   wrmlh: # Latency histogram for write requests
    0: 0
    1: 0
    2: 0
    3: 0
    4: 0
    5: 16
    6: 38
    7: 23
    8: 131
    9: 17
    10: 29
    11: 22
    12: 39
    13: 17
    14: 119
    15: 14
    16: 29
    17: 36
    18: 45
    19: 101
    20: 343
    21: 135
    22: 59
    23: 63
    24: 90
    25: 127
    26: 146
    27: 208
    28: 157
    29: 118
    30: 87
    31: 124
    32: 150
    33: 188
    34: 165
    35: 152
    36: 127
    37: 129
    38: 148
    39: 153
    40: 266
    41: 157
    42: 194
    43: 263
    44: 299
    45: 212
    46: 293
    47: 239
    48: 233
    49: 177
    50: 181
    51: 173
    52: 265
    53: 141
    54: 126
    55: 150
    56: 199
    57: 130
    58: 147
    59: 115
    60: 121
    61: 116
    62: 106
    63: 98
    64: 116
    65: 86
    66: 100
    67: 109
    68: 81
    69: 91
    70: 88
    71: 94
    72: 98
    73: 66
    74: 79
    75: 57
    76: 72
    77: 45
    78: 65
    79: 52
    80: 57
    81: 32
    82: 39
    83: 36
    84: 45
    85: 27
    86: 35
    87: 22
    88: 29
    89: 22
    90: 15
    91: 20
    92: 19
    93: 9
    94: 11
    95: 8
    96: 11
    97: 8
    98: 11
    99: 17435
   ACT: 753664 # Activate commands
   PRE: 845134 # Precharge commands
   RD: 726528 # Read commands
   WR: 27136 # Write commands
   REF: 54069 # Refresh commands
   eACTPRE: 228360192 # Activate/precharge energy
   eRDWR: 1016834560 # Read/write energy
   eREF: 179887563 # Refresh energy
   eBKGD: 4006256648 # Background energy
   eWIRE: 115310592 # Channel wire energy
  mem-3: # Memory channel stats
   rd: 726486 # Read requests
   wr: 27136 # Write requests
   rdlat: 3746258979 # Total latency experienced by read requests
   wrlat: 709233060 # Total latency experienced by write requests
   rdmlh: # Latency histogram for read requests
    0: 0
    1: 0
    2: 0
    3: 0
    4: 0
    5: 6322
    6: 2987
    7: 2318
    8: 569
    9: 913
    10: 349
    11: 4502
    12: 3792
    13: 1623
    14: 2543
    15: 460
    16: 486
    17: 4787
    18: 1918
    19: 3170
    20: 1391
    21: 185
    22: 2398
    23: 2114
    24: 1667
    25: 3128
    26: 1815
    27: 324
    28: 2420
    29: 2087
    30: 55
    31: 2697
    32: 1403
    33: 1201
    34: 4295
    35: 61
    36: 64
    37: 1509
    38: 2510
    39: 1252
    40: 4307
    41: 82
    42: 78
    43: 80
    44: 222
    45: 231
    46: 4250
    47: 82
    48: 74
    49: 81
    50: 232
    51: 2407
    52: 2005
    53: 97
    54: 64
    55: 69
    56: 94
    57: 2303
    58: 1943
    59: 92
    60: 72
    61: 69
    62: 89
    63: 4082
    64: 118
    65: 108
    66: 80
    67: 84
    68: 61
    69: 4031
    70: 92
    71: 80
    72: 84
    73: 87
    74: 44
    75: 4029
    76: 96
    77: 85
    78: 70
    79: 91
    80: 2220
    81: 1810
    82: 112
    83: 79
    84: 65
    85: 108
    86: 2298
    87: 1730
    88: 98
    89: 94
    90: 87
    91: 104
    92: 3865
    93: 129
    94: 108
    95: 95
    96: 114
    97: 85
    98: 3830
    99: 607795
   wrmlh: # Latency histogram for write requests
    0: 0
    1: 0
    2: 0
    3: 0
    4: 0
    5: 16
    6: 6
    7: 44
    8: 50
    9: 30
    10: 45
    11: 40
    12: 10
    13: 25
    14: 27
    15: 115
    16: 22
    17: 32
    18: 24
    19: 84
    20: 172
    21: 150
    22: 120
    23: 73
    24: 65
    25: 108
    26: 130
    27: 150
    28: 189
    29: 119
    30: 88
    31: 106
    32: 68
    33: 130
    34: 140
    35: 234
    36: 77
    37: 133
    38: 99
    39: 205
    40: 169
    41: 243
    42: 135
    43: 270
    44: 215
    45: 214
    46: 277
    47: 407
    48: 196
    49: 212
    50: 196
    51: 310
    52: 199
    53: 206
    54: 143
    55: 203
    56: 159
    57: 144
    58: 126
    59: 197
    60: 97
    61: 129
    62: 107
    63: 103
    64: 104
    65: 141
    66: 64
    67: 102
    68: 62
    69: 100
    70: 97
    71: 97
    72: 65
    73: 68
    74: 52
    75: 61
    76: 46
    77: 65
    78: 32
    79: 53
    80: 49
    81: 48
    82: 27
    83: 19
    84: 15
    85: 20
    86: 25
    87: 17
    88: 16
    89: 5
    90: 8
    91: 19
    92: 8
    93: 6
    94: 8
    95: 8
    96: 5
    97: 7
    98: 1
    99: 17833
   ACT: 753622 # Activate commands
   PRE: 845058 # Precharge commands
   RD: 726486 # Read commands
   WR: 27136 # Write commands
   REF: 54069 # Refresh commands
   eACTPRE: 228347466 # Activate/precharge energy
   eRDWR: 1016777944 # Read/write energy
   eREF: 179887563 # Refresh energy
   eBKGD: 4006289683 # Background energy
   eWIRE: 115304166 # Channel wire energy
 itcn: # Interconnect stats
  itcn-r0: # Router stats
   trans: 0 # Transfers
   size: 0 # Total transferred data
  itcn-r1: # Router stats
   trans: 0 # Transfers
   size: 0 # Total transferred data
  itcn-r2: # Router stats
   trans: 0 # Transfers
   size: 0 # Total transferred data
  itcn-r3: # Router stats
   trans: 0 # Transfers
   size: 0 # Total transferred data
 sched: # Scheduler stats
  thCr: 0 # Threads created
  thFn: 0 # Threads finished
  schedEvs: 0 # Schedule events
  waitEvs: 0 # Wait events
  handoffEvs: 0 # Handoff events
  sleepEvs: 0 # Sleep events
  idlePhases: 0 # Phases with no thread active
  idlePeriods: 0 # Periods with no thread active
  occHist: # Occupancy histogram
   0: 10538
   1: 0
   2: 0
   3: 0
   4: 0
  rqSzHist: # Run queue size histogram
   0: 10538
   1: 0
   2: 0
   3: 0
   4: 0
   5: 0
   6: 0
   7: 0
   8: 0
   9: 0
   10: 0
   11: 0
   12: 0
   13: 0
   14: 0
   15: 0
   16: 0
 procCycles: # Per-process unhalted core cycles
  0: 0
  1: 0
  2: 0
  3: 0
  4: 0
  5: 0
  6: 0
  7: 0
  8: 0
  9: 0
  10: 0
  11: 0
  12: 0
  13: 0
  14: 0
  15: 0
  16: 0
  17: 0
  18: 0
  19: 0
  20: 0
  21: 0
  22: 0
  23: 0
  24: 0
  25: 0
  26: 0
  27: 0
  28: 0
  29: 0
  30: 0
  31: 0
 procInstrs: # Per-process instructions
  0: 0
  1: 0
  2: 0
  3: 0
  4: 0
  5: 0
  6: 0
  7: 0
  8: 0
  9: 0
  10: 0
  11: 0
  12: 0
  13: 0
  14: 0
  15: 0
  16: 0
  17: 0
  18: 0
  19: 0
  20: 0
  21: 0
  22: 0
  23: 0
  24: 0
  25: 0
  26: 0
  27: 0
  28: 0
  29: 0
  30: 0
  31: 0
 heartbeats: # Per-process heartbeats
  0: 0
  1: 0
  2: 0
  3: 0
  4: 0
  5: 0
  6: 0
  7: 0
  8: 0
  9: 0
  10: 0
  11: 0
  12: 0
  13: 0
  14: 0
  15: 0
  16: 0
  17: 0
  18: 0
  19: 0
  20: 0
  21: 0
  22: 0
  23: 0
  24: 0
  25: 0
  26: 0
  27: 0
  28: 0
  29: 0
  30: 0
  31: 0
===
