# zsim stats
===
root: # Stats
 contention: # Contention simulation stats
  domain-0: # Domain stats
   time: 80967523 # Weave simulation time
 time: # Simulator time breakdown
  init: 697708620
  bound: 1531833024740
  weave: 81037531
  ff: 1177678584
 trigger: 20000 # Reason for this stats dump
 phase: 11474 # Simulated phases
 l: # Logic unit stats
  l-0: # Logic unit stats
   cycles: 114486087 # Simulated unhalted cycles
   cCycles: 26090490 # Cycles due to contention stalls
   ops: 77056 # Simulated operations
   compOps: 256 # Simulated compute operations
  l-1: # Logic unit stats
   cycles: 114492931 # Simulated unhalted cycles
   cCycles: 26097219 # Cycles due to contention stalls
   ops: 77056 # Simulated operations
   compOps: 256 # Simulated compute operations
  l-2: # Logic unit stats
   cycles: 114730673 # Simulated unhalted cycles
   cCycles: 26335681 # Cycles due to contention stalls
   ops: 77056 # Simulated operations
   compOps: 256 # Simulated compute operations
  l-3: # Logic unit stats
   cycles: 114435371 # Simulated unhalted cycles
   cCycles: 26043690 # Cycles due to contention stalls
   ops: 76032 # Simulated operations
   compOps: 256 # Simulated compute operations
 c: # Core stats
  c-0: # Core stats
   cycles: 0 # Simulated cycles
   instrs: 0 # Simulated instructions
 rdbuf: # Cache stats
  rdbuf-0: # Filter cache stats
   fhGETS: 0 # Filtered GETS hits
   fhGETX: 0 # Filtered GETX hits
   hGETS: 0 # GETS hits
   hGETX: 0 # GETX hits
   mGETS: 264192 # GETS misses
   mGETXIM: 0 # GETX I->M misses
   mGETXSM: 0 # GETX S->M misses (upgrade misses)
   PUTS: 0 # Clean evictions (from lower level)
   PUTX: 0 # Dirty evictions (from lower level)
   INV: 8 # Invalidates (from upper level)
   INVX: 278 # Downgrades (from upper level)
   FWD: 0 # Forwards (from upper level)
   latGETnl: 7368803 # GET request latency on next level
   latGETnet: 0 # GET request latency on network to next level
  rdbuf-1: # Filter cache stats
   fhGETS: 0 # Filtered GETS hits
   fhGETX: 0 # Filtered GETX hits
   hGETS: 0 # GETS hits
   hGETX: 0 # GETX hits
   mGETS: 264192 # GETS misses
   mGETXIM: 0 # GETX I->M misses
   mGETXSM: 0 # GETX S->M misses (upgrade misses)
   PUTS: 0 # Clean evictions (from lower level)
   PUTX: 0 # Dirty evictions (from lower level)
   INV: 7 # Invalidates (from upper level)
   INVX: 335 # Downgrades (from upper level)
   FWD: 0 # Forwards (from upper level)
   latGETnl: 6629267 # GET request latency on next level
   latGETnet: 0 # GET request latency on network to next level
  rdbuf-2: # Filter cache stats
   fhGETS: 0 # Filtered GETS hits
   fhGETX: 0 # Filtered GETX hits
   hGETS: 0 # GETS hits
   hGETX: 0 # GETX hits
   mGETS: 264192 # GETS misses
   mGETXIM: 0 # GETX I->M misses
   mGETXSM: 0 # GETX S->M misses (upgrade misses)
   PUTS: 0 # Clean evictions (from lower level)
   PUTX: 0 # Dirty evictions (from lower level)
   INV: 4 # Invalidates (from upper level)
   INVX: 5 # Downgrades (from upper level)
   FWD: 0 # Forwards (from upper level)
   latGETnl: 6316818 # GET request latency on next level
   latGETnet: 0 # GET request latency on network to next level
  rdbuf-3: # Filter cache stats
   fhGETS: 0 # Filtered GETS hits
   fhGETX: 0 # Filtered GETX hits
   hGETS: 0 # GETS hits
   hGETX: 0 # GETX hits
   mGETS: 249856 # GETS misses
   mGETXIM: 0 # GETX I->M misses
   mGETXSM: 0 # GETX S->M misses (upgrade misses)
   PUTS: 0 # Clean evictions (from lower level)
   PUTX: 0 # Dirty evictions (from lower level)
   INV: 8 # Invalidates (from upper level)
   INVX: 0 # Downgrades (from upper level)
   FWD: 0 # Forwards (from upper level)
   latGETnl: 6864512 # GET request latency on next level
   latGETnet: 0 # GET request latency on network to next level
 wrbuf: # Cache stats
  wrbuf-0: # Filter cache stats
   fhGETS: 0 # Filtered GETS hits
   fhGETX: 0 # Filtered GETX hits
   hGETS: 0 # GETS hits
   hGETX: 0 # GETX hits
   mGETS: 0 # GETS misses
   mGETXIM: 401408 # GETX I->M misses
   mGETXSM: 0 # GETX S->M misses (upgrade misses)
   PUTS: 0 # Clean evictions (from lower level)
   PUTX: 0 # Dirty evictions (from lower level)
   INV: 4 # Invalidates (from upper level)
   INVX: 0 # Downgrades (from upper level)
   FWD: 0 # Forwards (from upper level)
   latGETnl: 12826828 # GET request latency on next level
   latGETnet: 0 # GET request latency on network to next level
  wrbuf-1: # Filter cache stats
   fhGETS: 0 # Filtered GETS hits
   fhGETX: 0 # Filtered GETX hits
   hGETS: 0 # GETS hits
   hGETX: 0 # GETX hits
   mGETS: 0 # GETS misses
   mGETXIM: 401408 # GETX I->M misses
   mGETXSM: 0 # GETX S->M misses (upgrade misses)
   PUTS: 0 # Clean evictions (from lower level)
   PUTX: 0 # Dirty evictions (from lower level)
   INV: 4 # Invalidates (from upper level)
   INVX: 0 # Downgrades (from upper level)
   FWD: 0 # Forwards (from upper level)
   latGETnl: 12845056 # GET request latency on next level
   latGETnet: 0 # GET request latency on network to next level
  wrbuf-2: # Filter cache stats
   fhGETS: 0 # Filtered GETS hits
   fhGETX: 0 # Filtered GETX hits
   hGETS: 0 # GETS hits
   hGETX: 0 # GETX hits
   mGETS: 0 # GETS misses
   mGETXIM: 401408 # GETX I->M misses
   mGETXSM: 0 # GETX S->M misses (upgrade misses)
   PUTS: 0 # Clean evictions (from lower level)
   PUTX: 0 # Dirty evictions (from lower level)
   INV: 4 # Invalidates (from upper level)
   INVX: 0 # Downgrades (from upper level)
   FWD: 0 # Forwards (from upper level)
   latGETnl: 12845056 # GET request latency on next level
   latGETnet: 0 # GET request latency on network to next level
  wrbuf-3: # Filter cache stats
   fhGETS: 0 # Filtered GETS hits
   fhGETX: 0 # Filtered GETX hits
   hGETS: 0 # GETS hits
   hGETX: 0 # GETX hits
   mGETS: 0 # GETS misses
   mGETXIM: 401408 # GETX I->M misses
   mGETXSM: 0 # GETX S->M misses (upgrade misses)
   PUTS: 0 # Clean evictions (from lower level)
   PUTX: 0 # Dirty evictions (from lower level)
   INV: 4 # Invalidates (from upper level)
   INVX: 0 # Downgrades (from upper level)
   FWD: 0 # Forwards (from upper level)
   latGETnl: 12826828 # GET request latency on next level
   latGETnet: 0 # GET request latency on network to next level
 gbuf: # Cache stats
  gbuf-0b0: # Cache stats
   hGETS: 24319 # GETS hits
   hGETX: 147 # GETX hits
   mGETS: 105917 # GETS misses
   mGETXIM: 200557 # GETX I->M misses
   mGETXSM: 0 # GETX S->M misses (upgrade misses)
   PUTS: 130234 # Clean evictions (from lower level)
   PUTX: 200704 # Dirty evictions (from lower level)
   INV: 0 # Invalidates (from upper level)
   INVX: 0 # Downgrades (from upper level)
   FWD: 0 # Forwards (from upper level)
   latGETnl: 9500694 # GET request latency on next level
   latGETnet: 0 # GET request latency on network to next level
  gbuf-0b1: # Cache stats
   hGETS: 24639 # GETS hits
   hGETX: 147 # GETX hits
   mGETS: 105597 # GETS misses
   mGETXIM: 200557 # GETX I->M misses
   mGETXSM: 0 # GETX S->M misses (upgrade misses)
   PUTS: 130232 # Clean evictions (from lower level)
   PUTX: 200700 # Dirty evictions (from lower level)
   INV: 0 # Invalidates (from upper level)
   INVX: 0 # Downgrades (from upper level)
   FWD: 0 # Forwards (from upper level)
   latGETnl: 9490774 # GET request latency on next level
   latGETnet: 0 # GET request latency on network to next level
  gbuf-0b2: # Cache stats
   hGETS: 25193 # GETS hits
   hGETX: 147 # GETX hits
   mGETS: 105021 # GETS misses
   mGETXIM: 200557 # GETX I->M misses
   mGETXSM: 0 # GETX S->M misses (upgrade misses)
   PUTS: 130209 # Clean evictions (from lower level)
   PUTX: 200704 # Dirty evictions (from lower level)
   INV: 0 # Invalidates (from upper level)
   INVX: 0 # Downgrades (from upper level)
   FWD: 0 # Forwards (from upper level)
   latGETnl: 9472918 # GET request latency on next level
   latGETnet: 0 # GET request latency on network to next level
  gbuf-0b3: # Cache stats
   hGETS: 25193 # GETS hits
   hGETX: 147 # GETX hits
   mGETS: 105021 # GETS misses
   mGETXIM: 200557 # GETX I->M misses
   mGETXSM: 0 # GETX S->M misses (upgrade misses)
   PUTS: 130210 # Clean evictions (from lower level)
   PUTX: 200700 # Dirty evictions (from lower level)
   INV: 0 # Invalidates (from upper level)
   INVX: 0 # Downgrades (from upper level)
   FWD: 0 # Forwards (from upper level)
   latGETnl: 9472918 # GET request latency on next level
   latGETnet: 0 # GET request latency on network to next level
  gbuf-0b4: # Cache stats
   hGETS: 24483 # GETS hits
   hGETX: 147 # GETX hits
   mGETS: 105921 # GETS misses
   mGETXIM: 200557 # GETX I->M misses
   mGETXSM: 0 # GETX S->M misses (upgrade misses)
   PUTS: 130399 # Clean evictions (from lower level)
   PUTX: 200704 # Dirty evictions (from lower level)
   INV: 0 # Invalidates (from upper level)
   INVX: 0 # Downgrades (from upper level)
   FWD: 0 # Forwards (from upper level)
   latGETnl: 9500818 # GET request latency on next level
   latGETnet: 0 # GET request latency on network to next level
  gbuf-0b5: # Cache stats
   hGETS: 24803 # GETS hits
   hGETX: 147 # GETX hits
   mGETS: 105601 # GETS misses
   mGETXIM: 200557 # GETX I->M misses
   mGETXSM: 0 # GETX S->M misses (upgrade misses)
   PUTS: 130398 # Clean evictions (from lower level)
   PUTX: 200700 # Dirty evictions (from lower level)
   INV: 0 # Invalidates (from upper level)
   INVX: 0 # Downgrades (from upper level)
   FWD: 0 # Forwards (from upper level)
   latGETnl: 9490898 # GET request latency on next level
   latGETnet: 0 # GET request latency on network to next level
  gbuf-0b6: # Cache stats
   hGETS: 25337 # GETS hits
   hGETX: 147 # GETX hits
   mGETS: 105025 # GETS misses
   mGETXIM: 200557 # GETX I->M misses
   mGETXSM: 0 # GETX S->M misses (upgrade misses)
   PUTS: 130360 # Clean evictions (from lower level)
   PUTX: 200704 # Dirty evictions (from lower level)
   INV: 0 # Invalidates (from upper level)
   INVX: 0 # Downgrades (from upper level)
   FWD: 0 # Forwards (from upper level)
   latGETnl: 9473042 # GET request latency on next level
   latGETnet: 0 # GET request latency on network to next level
  gbuf-0b7: # Cache stats
   hGETS: 25337 # GETS hits
   hGETX: 147 # GETX hits
   mGETS: 105025 # GETS misses
   mGETXIM: 200557 # GETX I->M misses
   mGETXSM: 0 # GETX S->M misses (upgrade misses)
   PUTS: 130359 # Clean evictions (from lower level)
   PUTX: 200700 # Dirty evictions (from lower level)
   INV: 0 # Invalidates (from upper level)
   INVX: 0 # Downgrades (from upper level)
   FWD: 0 # Forwards (from upper level)
   latGETnl: 9473042 # GET request latency on next level
   latGETnet: 0 # GET request latency on network to next level
 mem: # Memory controller stats
  mem-0: # Memory channel stats
   rd: 2447584 # Read requests
   wr: 1605632 # Write requests
   rdlat: 4585138486452 # Total latency experienced by read requests
   wrlat: 4304210346584 # Total latency experienced by write requests
   rdmlh: # Latency histogram for read requests
    0: 0
    1: 0
    2: 0
    3: 0
    4: 0
    5: 1117
    6: 1056
    7: 1805
    8: 490
    9: 1497
    10: 1548
    11: 514
    12: 537
    13: 1251
    14: 780
    15: 1421
    16: 856
    17: 654
    18: 480
    19: 1202
    20: 833
    21: 1192
    22: 955
    23: 782
    24: 795
    25: 653
    26: 876
    27: 1261
    28: 974
    29: 1063
    30: 541
    31: 734
    32: 905
    33: 1001
    34: 804
    35: 1264
    36: 703
    37: 851
    38: 676
    39: 865
    40: 815
    41: 1246
    42: 1114
    43: 975
    44: 519
    45: 649
    46: 1033
    47: 1200
    48: 791
    49: 1140
    50: 615
    51: 977
    52: 802
    53: 994
    54: 776
    55: 1364
    56: 873
    57: 1061
    58: 929
    59: 1224
    60: 694
    61: 895
    62: 499
    63: 916
    64: 801
    65: 1075
    66: 961
    67: 1042
    68: 820
    69: 837
    70: 882
    71: 1064
    72: 994
    73: 1149
    74: 884
    75: 904
    76: 822
    77: 1212
    78: 875
    79: 1229
    80: 1001
    81: 979
    82: 828
    83: 1060
    84: 833
    85: 1301
    86: 1023
    87: 1042
    88: 826
    89: 1007
    90: 856
    91: 1270
    92: 906
    93: 1216
    94: 961
    95: 973
    96: 807
    97: 1174
    98: 960
    99: 2357973
   wrmlh: # Latency histogram for write requests
    0: 0
    1: 0
    2: 0
    3: 0
    4: 0
    5: 193
    6: 231
    7: 453
    8: 254
    9: 324
    10: 310
    11: 489
    12: 340
    13: 446
    14: 302
    15: 385
    16: 388
    17: 418
    18: 376
    19: 617
    20: 634
    21: 548
    22: 437
    23: 635
    24: 460
    25: 600
    26: 596
    27: 855
    28: 841
    29: 874
    30: 690
    31: 1083
    32: 972
    33: 951
    34: 945
    35: 1489
    36: 1287
    37: 1301
    38: 1247
    39: 1886
    40: 1752
    41: 1426
    42: 1423
    43: 2070
    44: 1812
    45: 1453
    46: 1339
    47: 1709
    48: 1461
    49: 1152
    50: 985
    51: 1341
    52: 1123
    53: 917
    54: 854
    55: 1113
    56: 956
    57: 766
    58: 722
    59: 920
    60: 788
    61: 592
    62: 520
    63: 693
    64: 545
    65: 440
    66: 385
    67: 491
    68: 417
    69: 324
    70: 366
    71: 416
    72: 388
    73: 272
    74: 294
    75: 340
    76: 285
    77: 225
    78: 242
    79: 305
    80: 254
    81: 205
    82: 185
    83: 197
    84: 196
    85: 154
    86: 142
    87: 159
    88: 160
    89: 119
    90: 92
    91: 125
    92: 118
    93: 81
    94: 83
    95: 93
    96: 103
    97: 68
    98: 62
    99: 1545557
   ACT: 4053216 # Activate commands
   PRE: 4122368 # Precharge commands
   RD: 2447584 # Read commands
   WR: 1605632 # Write commands
   REF: 58872 # Refresh commands
   eACTPRE: 1228124448 # Activate/precharge energy
   eRDWR: 5516721024 # Read/write energy
   eREF: 195867144 # Refresh energy
   eBKGD: 4417364794 # Background energy
   eWIRE: 620142048 # Channel wire energy
 sched: # Scheduler stats
  thCr: 0 # Threads created
  thFn: 0 # Threads finished
  schedEvs: 0 # Schedule events
  waitEvs: 0 # Wait events
  handoffEvs: 0 # Handoff events
  sleepEvs: 0 # Sleep events
  idlePhases: 0 # Phases with no thread active
  idlePeriods: 0 # Periods with no thread active
  occHist: # Occupancy histogram
   0: 11474
   1: 0
  rqSzHist: # Run queue size histogram
   0: 11474
   1: 0
   2: 0
   3: 0
   4: 0
   5: 0
   6: 0
   7: 0
   8: 0
   9: 0
   10: 0
   11: 0
   12: 0
   13: 0
   14: 0
   15: 0
   16: 0
 procCycles: # Per-process unhalted core cycles
  0: 0
  1: 0
  2: 0
  3: 0
  4: 0
  5: 0
  6: 0
  7: 0
  8: 0
  9: 0
  10: 0
  11: 0
  12: 0
  13: 0
  14: 0
  15: 0
  16: 0
  17: 0
  18: 0
  19: 0
  20: 0
  21: 0
  22: 0
  23: 0
  24: 0
  25: 0
  26: 0
  27: 0
  28: 0
  29: 0
  30: 0
  31: 0
 procInstrs: # Per-process instructions
  0: 0
  1: 0
  2: 0
  3: 0
  4: 0
  5: 0
  6: 0
  7: 0
  8: 0
  9: 0
  10: 0
  11: 0
  12: 0
  13: 0
  14: 0
  15: 0
  16: 0
  17: 0
  18: 0
  19: 0
  20: 0
  21: 0
  22: 0
  23: 0
  24: 0
  25: 0
  26: 0
  27: 0
  28: 0
  29: 0
  30: 0
  31: 0
 heartbeats: # Per-process heartbeats
  0: 0
  1: 0
  2: 0
  3: 0
  4: 0
  5: 0
  6: 0
  7: 0
  8: 0
  9: 0
  10: 0
  11: 0
  12: 0
  13: 0
  14: 0
  15: 0
  16: 0
  17: 0
  18: 0
  19: 0
  20: 0
  21: 0
  22: 0
  23: 0
  24: 0
  25: 0
  26: 0
  27: 0
  28: 0
  29: 0
  30: 0
  31: 0
===
